-3.0471 1.33313 0.1 0.1 -0.0960206 0.0630157 0 0 0 0 0
-3.04958 1.33309 0.1 0.1 -0.15208 -0.0665412 0 0 -0.0146539 -0.0324078 0.02
-3.04649 1.32337 0.1 0.1 0.76729 -1.87533 0 0 0.461384 -0.90931 0.01
-2.76815 0.592718 0.1 0.1 5.34964 -14.177 0 0 0.27006 -0.724055 0.09
-2.56602 -0.978738 0.1 0.1 -0.224021 -24.9656 0 0 -0.33623 -0.772749 0.08
-2.56128 -1.22934 0.1 0.1 1.17004 -25.1544 0 0 0.700575 -0.219517 0.01
-2.41261 -2.51689 0.1 0.1 4.74778 -26.3376 0 0 0.373331 -0.247061 0.05
-1.55196 -2.91908 0.1 0.1 14.2355 8.19243 0 0 0.574998 0.748029 0.09
-0.800646 -2.27159 0.1 0.1 10.8417 13.3395 0 0 -0.220082 0.482875 0.06
-0.599277 -1.97791 0.1 0.1 9.30023 16.0197 0 0 -0.334686 0.743484 0.02
-0.02424 -0.972738 0.1 0.1 13.6633 24.1196 0 0 0.495184 0.910586 0.05
0.67308 0.122902 0.1 0.1 14.227 19.7421 0 0 0.126474 -0.328316 0.05
1.26369 2.46739 0.1 0.1 -0.875025 32.1703 0 0 -0.807512 0.820658 0.09
1.25103 2.78058 0.1 0.1 -1.65518 30.4699 0 0 -0.397 -0.693781 0.01
1.23026 3.08001 0.1 0.1 -2.49781 24.3472 0 0 -0.431852 -0.376395 0.01
0.365186 2.75402 0.1 0.1 -16.5145 -10.8893 0 0 -0.826905 -0.602955 0.09
-0.619865 1.62277 0.1 0.1 -11.684 -21.3108 0 0 0.274178 -0.825159 0.07
-2.49169 -1.15101 0.1 0.1 -25.5347 -33.9513 0 0 -0.787111 -0.771047 0.1
-2.7514 -1.49865 0.1 0.1 -26.4066 -35.574 0 0 -0.563153 -0.986112 0.01
-3.00519 -1.86087 0.1 0.1 -24.3546 -36.8676 0 0 0.903063 -0.828575 0.01
-3.36781 -2.62367 0.1 0.1 -4.5687 -39.4038 0 0 -0.644234 -0.825146 0.02
-2.78705 -2.83315 0.1 0.1 11.4393 11.4182 0 0 0.550714 0.810196 0.09
-2.03091 -1.32145 0.1 0.1 5.45128 22.0163 0 0 -0.290292 0.672794 0.09
-1.5259 -0.249724 0.1 0.1 14.673 20.8624 0 0 0.974167 -0.00801211 0.05
-0.95631 0.53397 0.1 0.1 8.16521 10.571 0 0 -0.594997 -0.95118 0.05
-0.633289 0.852461 0.1 0.1 13.3439 10.6612 0 0 0.917592 0.0685039 0.03
-0.506799 0.968107 0.1 0.1 11.9565 12.4651 0 0 -0.631205 0.959829 0.01
-0.156656 1.35784 0.1 0.1 -0.165306 0.644276 0 0 -0.982205 -0.952963 0.06
-0.156519 1.36241 0.1 0.1 0.1923 0.271046 0 0 0.178969 -0.184321 0.01
-0.15593 1.36789 0.1 0.1 -0.151362 0.094748 0 0 -0.0572296 -0.0284883 0.03
-0.156615 1.368 0.1 0.1 0.0140863 -0.0722134 0 0 0.0824273 -0.0834215 0.01
-0.155821 1.36749 0.1 0.1 0.0652124 0.0210261 0 0 0.0129951 0.0231895 0.02
-0.155819 1.36756 0.1 0.1 -0.064665 -0.00752966 0 0 -0.064991 -0.0142608 0.01
-0.156322 1.36726 0.1 0.1 0.0388034 -0.00719748 0 0 0.0128806 7.52666e-06 0.04
