1.53721 -0.746176 0.1 0.1 -0.0351698 -0.0739532 0 0 0 0 0
1.64232 -0.90018 0.1 0.1 4.20432 -6.03648 0 0 0.434681 -0.611623 0.05
1.69945 -1.2003 0.1 0.1 -1.31137 -8.95004 0 0 -0.683008 -0.401973 0.04
1.83273 -1.70085 0.1 0.1 6.57735 -11.0541 0 0 0.802788 -0.260356 0.05
3.11913 -2.81172 0.1 0.1 21.7825 -13.593 0 0 0.916409 -0.202901 0.09
3.14135 -3.03394 0.1 0.1 -7.58144 4.67501 0 0 -0.856086 0.946953 0.06
2.00748 -3.01735 0.1 0.1 -17.4673 0.353828 0 0 -0.612331 -0.805037 0.09
0.00797407 -2.38428 0.1 0.1 -22.439 12.1129 0 0 -0.348748 0.619562 0.1
-1.68764 -1.05422 0.1 0.1 -19.9843 21.0196 0 0 0.0471918 0.639468 0.08
-2.35717 -0.482443 0.1 0.1 -24.6276 17.1186 0 0 -0.886798 -0.555597 0.03
-3.24789 0.658979 0.1 0.1 3.15346 11.491 0 0 -0.896876 -0.279836 0.08
-2.32856 2.30488 0.1 0.1 15.0402 21.2642 0 0 0.640264 0.571264 0.1
-2.17038 2.52168 0.1 0.1 16.5918 22.0934 0 0 0.854312 0.523225 0.01
-1.8035 2.98866 0.1 0.1 20.0845 24.5965 0 0 0.964559 0.742758 0.02
-0.196381 2.50435 0.1 0.1 12.1899 -16.0457 0 0 -0.314364 -0.969425 0.1
0.312969 1.7759 0.1 0.1 4.86196 -8.31317 0 0 -0.568408 0.583811 0.06
0.495702 1.6 0.1 0.1 1.26514 2.34341 0 0 -0.284556 0.873508 0.06
0.509503 1.62701 0.1 0.1 0.118752 0.364481 0 0 -0.283422 -0.488111 0.02
0.508604 1.62819 0.1 0.1 -0.297999 -0.127904 0 0 -0.209002 -0.245679 0.01
0.509013 1.6275 0.1 0.1 0.378702 -0.0103393 0 0 0.338787 0.0585019 0.01
0.511168 1.62905 0.1 0.1 0.0528281 0.319123 0 0 -0.16194 0.165507 0.01
0.511188 1.63049 0.1 0.1 -0.0486304 -0.0298361 0 0 -0.0507804 -0.173796 0.01
0.510808 1.6295 0.1 0.1 0.0104908 -0.0692619 0 0 0.0146935 -0.0101039 0.02
