2.23547 -0.438433 0.1 0.1 -0.0303236 -0.0632603 0 0 0 0 0
1.44224 -0.345751 0.1 0.1 -15.5754 1.88471 0 0 -0.817731 0.101725 0.1
0.0841132 0.0444756 0.1 0.1 -11.6525 5.85338 0 0 0.128519 0.218015 0.1
-0.717683 0.752106 0.1 0.1 -8.43522 11.7586 0 0 0.151357 0.413474 0.08
-1.78901 2.06173 0.1 0.1 -18.2189 20.8595 0 0 -0.678607 0.650816 0.08
-3.17218 3.22132 0.1 0.1 -22.7801 0.0500067 0 0 -0.912932 0.734654 0.06
-3.06297 2.32934 0.1 0.1 3.5663 -15.7678 0 0 0.0205333 -0.734469 0.1
-1.92693 -0.00380881 0.1 0.1 18.8974 -30.6487 0 0 0.823767 -0.860564 0.1
-1.32001 -0.921629 0.1 0.1 21.5512 -30.5394 0 0 0.543762 -0.134801 0.03
1.67642 -3.22278 0.1 0.1 38.1013 5.36528 0 0 0.97723 -0.743573 0.1
2.87078 -3.05618 0.1 0.1 41.5061 5.72456 0 0 0.766666 0.085015 0.03
2.73601 -1.7207 0.1 0.1 -16.9902 20.737 0 0 -0.973149 0.817495 0.1
2.56838 -1.51935 0.1 0.1 -16.5363 19.5347 0 0 0.142911 -0.500868 0.01
2.22059 -1.0942 0.1 0.1 -18.2372 22.9687 0 0 -0.512619 0.96451 0.02
0.890254 0.764148 0.1 0.1 -8.53239 14.3409 0 0 0.419025 -0.338427 0.1
0.503263 1.46596 0.1 0.1 0.639989 -0.0641522 0 0 0.439481 -0.685153 0.1
0.52549 1.46401 0.1 0.1 0.472512 -0.0335329 0 0 -0.0181705 0.0035806 0.04
0.527741 1.46566 0.1 0.1 -0.0214618 0.36233 0 0 -0.246003 0.198741 0.01
0.528737 1.46824 0.1 0.1 0.220198 0.155248 0 0 0.121395 -0.102242 0.01
0.529797 1.46909 0.1 0.1 -0.00785462 0.0132045 0 0 -0.113593 -0.0706357 0.01
