-2.52643 2.36386 0.1 0.1 0.0406849 0.0907623 0 0 0 0 0
-2.33435 2.1169 0.1 0.1 6.29936 -8.23961 0 0 0.53776 -0.71487 0.06
-2.14154 1.34356 0.1 0.1 -0.707644 -13.7908 0 0 -0.487156 -0.451872 0.07
-2.46944 0.197959 0.1 0.1 -10.1273 -24.2908 0 0 -0.813721 -0.970849 0.06
-2.57101 -0.0464788 0.1 0.1 -10.1867 -24.5963 0 0 -0.0806649 -0.274957 0.01
-2.70922 -2.763 0.1 0.1 6.86079 -35.6044 0 0 0.94074 -0.762394 0.09
-2.58401 -3.19555 0.1 0.1 -1.78084 5.97599 0 0 -0.85201 0.466074 0.05
-2.80395 -2.83365 0.1 0.1 -9.16685 12.0787 0 0 -0.951014 0.808247 0.04
-2.99855 -2.57888 0.1 0.1 -10.289 13.3935 0 0 -0.329314 0.392404 0.02
-3.1456 -1.14244 0.1 0.1 1.00984 18.4516 0 0 -0.0043581 0.360861 0.09
-2.99223 -0.295988 0.1 0.1 6.62112 23.8349 0 0 0.721914 0.77906 0.04
-2.70931 0.427985 0.1 0.1 12.2135 24.4269 0 0 0.980197 0.219718 0.03
-1.73465 2.03081 0.1 0.1 20.1997 28.9552 0 0 0.745883 0.511412 0.06
-1.29613 2.64279 0.1 0.1 23.6406 32.2315 0 0 0.968471 0.972611 0.02
-0.832097 3.19886 0.1 0.1 22.7638 11.6545 0 0 -0.103536 0.15738 0.02
0.702414 2.75039 0.1 0.1 11.5056 -9.70335 0 0 -0.540291 -0.443313 0.09
1.22495 2.11141 0.1 0.1 -0.848605 -3.18443 0 0 -0.591789 0.294067 0.1
1.19351 2.0986 0.1 0.1 -1.24506 2.30333 0 0 -0.0712894 0.912648 0.03
0.720453 2.34389 0.1 0.1 -12.1442 4.67695 0 0 -0.812588 0.187108 0.07
0.350303 2.45011 0.1 0.1 -6.40149 0.660699 0 0 0.671852 -0.488769 0.04
0.20923 2.18922 0.1 0.1 1.61894 -9.25783 0 0 0.656819 -0.848409 0.06
0.291892 1.97856 0.1 0.1 3.88046 -4.80836 0 0 0.390914 0.706629 0.03
0.373231 1.87221 0.1 0.1 0.210957 -0.537365 0 0 -0.448709 0.520633 0.04
0.374072 1.87077 0.1 0.1 -0.0422444 0.246929 0 0 -0.126208 0.391478 0.01
0.372901 1.87214 0.1 0.1 -0.191823 0.0268284 0 0 -0.0754285 -0.109394 0.01
0.371533 1.87186 0.1 0.1 -0.0819014 -0.0817845 0 0 0.0543016 -0.0544477 0.01
0.37095 1.87187 0.1 0.1 -0.0348311 0.0840855 0 0 0.0232655 0.0829583 0.01
0.370389 1.8725 0.1 0.1 -0.0772317 0.041072 0 0 -0.0214946 -0.0212 0.01
