-2.44479 -2.50304 0.1 0.1 -0.0425324 0.0844231 0 0 0 0 0
-2.51562 -2.20394 0.1 0.1 -1.95882 8.36472 0 0 -0.141969 0.612914 0.07
-2.7313 -1.8788 0.1 0.1 -8.77953 7.89563 0 0 -0.879989 -0.0181007 0.04
-2.91948 -1.73674 0.1 0.1 -10.0348 6.31557 0 0 -0.361185 -0.359701 0.02
-3.16957 -1.01153 0.1 0.1 1.51887 14.3113 0 0 0.208996 0.623147 0.07
-2.56928 0.604513 0.1 0.1 13.3332 25.9345 0 0 0.777011 0.827847 0.08
-1.26539 2.65975 0.1 0.1 23.8026 32.7076 0 0 0.839751 0.631133 0.07
-1.02326 2.99417 0.1 0.1 24.6216 34.1752 0 0 0.529729 0.901295 0.01
2.27737 2.97827 0.1 0.1 41.1175 -2.4584 0 0 0.990117 0.228294 0.1
2.69585 2.95467 0.1 0.1 42.575 -2.26244 0 0 0.938222 0.0865017 0.01
3.12657 2.9252 0.1 0.1 43.5688 -3.62851 0 0 0.71244 -0.697503 0.01
2.80341 2.42605 0.1 0.1 -16.4019 -7.40575 0 0 -0.950986 -0.237413 0.09
1.2766 2.0882 0.1 0.1 -27.0965 -2.30752 0 0 -0.873449 0.340487 0.07
0.19263 1.92957 0.1 0.1 -16.3519 -4.02261 0 0 0.966432 -0.186847 0.05
-0.309419 1.88726 0.1 0.1 -8.8011 1.8677 0 0 0.881649 0.731394 0.04
-0.599313 1.94591 0.1 0.1 0.411119 -0.167812 0 0 0.637653 -0.141141 0.07
-0.598372 1.94497 0.1 0.1 -0.222038 -0.020308 0 0 -0.316267 0.0732658 0.01
-0.600879 1.94689 0.1 0.1 0.094616 0.115151 0 0 0.0392907 0.0171783 0.04
-0.599932 1.94733 0.1 0.1 0.094732 -0.0256829 0 0 0.000524865 -0.0702059 0.01
-0.594623 1.94326 0.1 0.1 0.0387261 -0.075435 0 0 -0.0031707 -0.00336482 0.08
-0.594254 1.94193 0.1 0.1 -0.0138528 -0.0135392 0 0 -0.00870524 0.0100953 0.03
