2.76085 -2.6554 0.1 0.1 -0.0237247 -0.0585871 0 0 0 0 0
2.50327 -2.29129 0.1 0.1 -5.61634 8.02866 0 0 -0.325121 0.469592 0.09
2.13868 -2.03232 0.1 0.1 -4.80995 -0.529668 0 0 0.0315289 -0.592939 0.07
1.68971 -2.29039 0.1 0.1 -10.1033 -7.99809 0 0 -0.478676 -0.644061 0.06
0.0592926 -3.12251 0.1 0.1 -25.8906 1.97516 0 0 -0.967777 -0.685034 0.09
-2.08532 -2.6798 0.1 0.1 -35.274 10.5748 0 0 -0.823716 0.645797 0.07
-3.2683 -1.25821 0.1 0.1 5.2616 24.7724 0 0 0.420663 0.976166 0.08
-1.81712 0.629027 0.1 0.1 23.4639 13.1644 0 0 0.983607 -0.485783 0.1
0.258879 1.95815 0.1 0.1 28.3745 19.9718 0 0 0.435883 0.50934 0.08
0.856508 2.39205 0.1 0.1 31.3785 23.4063 0 0 0.899222 0.968076 0.02
1.80984 3.01926 0.1 0.1 32.1715 15.5392 0 0 0.290324 -0.72401 0.03
3.22812 3.01228 0.1 0.1 -6.21187 -0.448998 0 0 -0.5788 0.263587 0.1
1.77463 2.03844 0.1 0.1 -22.5808 -18.7245 0 0 -0.891665 -0.962465 0.1
0.869387 1.27173 0.1 0.1 -13.7045 -11.9998 0 0 0.796944 0.596406 0.05
0.405426 0.857786 0.1 0.1 0.2839 0.0328633 0 0 0.967053 0.830409 0.07
0.408648 0.860328 0.1 0.1 0.0391088 0.220736 0 0 -0.0604369 0.0475925 0.02
0.408946 0.861465 0.1 0.1 0.0206287 0.00706606 0 0 -0.00913343 -0.106288 0.01
0.281134 0.999876 0.1 0.1 -4.23851 4.56104 0 0 -0.365795 0.390994 0.06
0.194248 1.08994 0.1 0.1 -0.133118 -0.0269931 0 0 0.502619 -0.562195 0.04
0.192962 1.08922 0.1 0.1 0.00402269 -0.0456907 0 0 0.0339926 -0.00484768 0.02
0.192965 1.08906 0.1 0.1 -0.00332522 0.0137752 0 0 -0.00366734 0.0296576 0.01
