2.39656 1.23233 0.1 0.1 -0.0560822 -0.0686417 0 0 0 0 0
1.85368 1.19589 0.1 0.1 -10.6255 -0.650777 0 0 -0.556069 -0.0310251 0.1
0.56078 0.841929 0.1 0.1 -21.5502 -8.09963 0 0 -0.764501 -0.487693 0.08
0.33921 0.753911 0.1 0.1 -22.7618 -9.50157 0 0 -0.717801 -0.74491 0.01
-0.125396 0.548498 0.1 0.1 -23.6957 -11.0346 0 0 -0.35037 -0.434408 0.02
-1.5236 -0.443391 0.1 0.1 -22.9211 -21.9184 0 0 -0.0522896 -0.989703 0.06
-3.34898 -2.81303 0.1 0.1 3.13811 -30.6124 0 0 -0.680145 -0.615247 0.09
-2.31409 -3.05207 0.1 0.1 19.5666 1.86131 0 0 0.967764 -0.764389 0.09
-0.550247 -2.5976 0.1 0.1 30.6982 11.0179 0 0 0.921429 0.686381 0.07
1.08457 -1.8977 0.1 0.1 34.6595 16.93 0 0 0.56074 0.660434 0.05
2.92556 -0.952052 0.1 0.1 38.9433 20.8631 0 0 0.6147 0.486611 0.05
2.72751 0.526947 0.1 0.1 -17.0595 8.90448 0 0 -0.957855 -0.525195 0.1
1.99208 0.865642 0.1 0.1 -19.6944 8.0358 0 0 -0.421487 -0.0661391 0.04
1.78779 0.953047 0.1 0.1 -21.1613 9.44288 0 0 -0.835878 0.747499 0.01
1.57913 1.05053 0.1 0.1 -20.5725 10.0522 0 0 0.190721 0.353937 0.01
1.05091 1.32127 0.1 0.1 -14.6713 8.00763 0 0 0.896485 -0.295132 0.03
0.766352 1.47836 0.1 0.1 -13.7874 7.70236 0 0 0.150159 -0.036794 0.02
0.136721 1.80872 0.1 0.1 -0.404283 -0.241027 0 0 0.708984 -0.422845 0.09
0.115145 1.80338 0.1 0.1 -0.458321 0.025162 0 0 -0.0075614 0.0260889 0.05
0.112275 1.80197 0.1 0.1 -0.116097 -0.306429 0 0 0.169756 -0.166508 0.01
0.110514 1.80078 0.1 0.1 -0.235983 0.0668162 0 0 -0.060836 0.18605 0.01
0.109456 1.80153 0.1 0.1 0.0240331 0.0836549 0 0 0.129556 0.00881306 0.01
0.10956 1.80191 0.1 0.1 -0.0135441 -0.0453128 0 0 -0.00937782 -0.0321539 0.02
