-1.61812 0.566689 0.1 0.1 0.0326342 0.00986852 0 0 0 0 0
-1.75102 0.440851 0.1 0.1 -6.63351 -6.26005 0 0 -0.85107 -0.799899 0.04
-2.39426 -0.265614 0.1 0.1 -14.7272 -17.1795 0 0 -0.729191 -0.969232 0.06
-3.26932 -1.57807 0.1 0.1 -3.51733 -26.4783 0 0 -0.313014 -0.884409 0.06
-3.19928 -2.70596 0.1 0.1 3.69858 -29.8929 0 0 0.336948 -0.567792 0.04
-2.47818 -3.02465 0.1 0.1 14.1886 3.85896 0 0 0.700791 0.0969981 0.08
-0.503054 -2.37788 0.1 0.1 29.4721 10.4171 0 0 0.959237 0.40007 0.09
0.843551 -2.0515 0.1 0.1 24.4349 2.70262 0 0 -0.368964 -0.739606 0.05
1.91035 -2.03361 0.1 0.1 28.8756 -1.77831 0 0 0.688684 -0.558636 0.04
2.81778 -2.0886 0.1 0.1 31.606 -1.88688 0 0 0.606425 -0.0281143 0.03
3.13667 -2.11592 0.1 0.1 32.1712 -3.57483 0 0 0.441968 -0.858725 0.01
2.98949 -1.64826 0.1 0.1 -8.75331 13.7061 0 0 -0.388298 0.985967 0.09
2.7818 -1.35396 0.1 0.1 -12.0043 15.7165 0 0 -0.865241 0.575973 0.02
2.42651 -0.825009 0.1 0.1 -5.80185 10.7641 0 0 0.731346 -0.552905 0.04
1.68771 -0.200311 0.1 0.1 -15.197 7.12701 0 0 -0.724706 -0.215506 0.07
0.875536 0.439119 0.1 0.1 -11.9084 14.1172 0 0 0.206911 0.636024 0.06
0.484384 0.932672 0.1 0.1 0.587286 0.147563 0 0 0.865199 -0.962432 0.07
0.485912 0.932169 0.1 0.1 -0.280282 -0.247501 0 0 -0.433489 -0.197949 0.01
0.484695 0.928966 0.1 0.1 0.0364282 -0.392715 0 0 0.157874 -0.0741727 0.01
0.486692 0.924644 0.1 0.1 0.0964251 0.102061 0 0 0.0103669 0.0817595 0.03
0.487294 0.924868 0.1 0.1 0.0239662 -0.0569251 0 0 -0.0359873 -0.0794055 0.01
0.487478 0.924608 0.1 0.1 0.0128852 0.00475575 0 0 -0.00544425 0.0307139 0.01
