-1.31051 2.15735 0.1 0.1 -0.0353337 0.0709104 0 0 0 0 0
-0.715117 2.39359 0.1 0.1 13.0704 5.10311 0 0 0.76144 0.292814 0.09
0.115392 3.07218 0.1 0.1 5.49816 3.50464 0 0 -0.37474 0.343026 0.09
0.378376 3.03639 0.1 0.1 5.02529 -1.14874 0 0 -0.0209787 0.461956 0.05
0.131715 2.65988 0.1 0.1 -10.2768 -7.12868 0 0 -0.864051 -0.353151 0.09
-0.690014 1.78341 0.1 0.1 -10.2652 -14.6824 0 0 -0.0509472 -0.526881 0.08
-0.901943 0.0262224 0.1 0.1 5.31927 -24.2236 0 0 0.854273 -0.627519 0.09
-0.428032 -1.34671 0.1 0.1 13.5686 -30.6397 0 0 0.873052 -0.778805 0.05
0.186682 -2.84252 0.1 0.1 6.98777 -19.3344 0 0 -0.497276 0.81749 0.06
1.50996 -2.76339 0.1 0.1 22.1895 11.2937 0 0 0.918237 0.916051 0.09
2.82885 -1.78849 0.1 0.1 21.7749 21.1056 0 0 0.076159 0.898676 0.06
3.17556 0.805123 0.1 0.1 -1.16899 36.2977 0 0 0.949564 0.987834 0.09
3.14755 2.68371 0.1 0.1 -0.190346 38.8248 0 0 0.74438 0.440632 0.05
2.23123 2.75062 0.1 0.1 -17.841 -11.6987 0 0 -0.92853 -0.63449 0.1
1.40602 2.02632 0.1 0.1 -9.7469 -12.4374 0 0 0.605645 -0.121781 0.06
1.31885 1.90798 0.1 0.1 -7.69159 -11.2328 0 0 0.984297 0.543403 0.01
0.703073 1.44257 0.1 0.1 -12.7836 -4.34981 0 0 -0.476069 0.534945 0.06
0.0770078 1.20978 0.1 0.1 0.0479406 -0.371793 0 0 0.610786 0.187501 0.1
0.0809692 1.20666 0.1 0.1 0.347202 0.058336 0 0 0.0758953 0.10679 0.02
0.084512 1.20997 0.1 0.1 -0.200926 0.0742504 0 0 -0.0545041 0.00190982 0.05
0.0835136 1.21103 0.1 0.1 0.000921558 0.137133 0 0 0.100517 0.0320009 0.01
0.0833856 1.21165 0.1 0.1 -0.0264834 -0.0129695 0 0 -0.0137967 -0.0747581 0.01
