-2.6073 -2.34075 0.1 0.1 0.00936382 0.00392734 0 0 0 0 0
-2.44385 -2.21953 0.1 0.1 5.38505 3.99674 0 0 0.461795 0.342897 0.06
-2.42308 -1.54436 0.1 0.1 -4.67433 15.164 0 0 -0.717254 0.845948 0.07
-3.08768 -0.22177 0.1 0.1 -10.0138 14.2409 0 0 -0.333839 0.0220599 0.09
-3.17057 1.18711 0.1 0.1 0.937897 25.8797 0 0 -0.787964 0.932428 0.07
-3.02184 2.59303 0.1 0.1 4.97846 30.3202 0 0 0.418303 0.584768 0.05
-2.24105 3.04751 0.1 0.1 12.263 -1.63917 0 0 0.448182 0.77944 0.09
-1.42737 2.89385 0.1 0.1 20.2177 -4.48359 0 0 0.877074 -0.299841 0.05
0.638279 2.11336 0.1 0.1 31.2743 -14.8923 0 0 0.820639 -0.699023 0.08
0.956462 1.962 0.1 0.1 32.3606 -15.3789 0 0 0.703208 -0.317976 0.01
1.95673 1.55466 0.1 0.1 34.3139 -11.7952 0 0 0.493297 0.530728 0.03
3.03254 1.12746 0.1 0.1 37.3912 -16.6605 0 0 0.693282 -0.880739 0.03
2.79616 0.181907 0.1 0.1 -12.8986 -2.49352 0 0 -0.728846 0.660509 0.1
1.51326 0.688694 0.1 0.1 -15.5707 13.515 0 0 -0.2195 0.917685 0.09
1.36525 0.815183 0.1 0.1 -14.0335 11.7856 0 0 0.695269 -0.801156 0.01
0.68348 1.30099 0.1 0.1 -13.2439 7.68101 0 0 0.010901 -0.361753 0.05
0.561209 1.38311 0.1 0.1 -11.2136 8.74109 0 0 0.955049 0.571577 0.01
0.216915 1.62847 0.1 0.1 -0.370875 -0.470121 0 0 0.8754 -0.74708 0.06
0.211703 1.62575 0.1 0.1 -0.671075 -0.0749108 0 0 -0.152773 0.196254 0.01
0.209 1.62709 0.1 0.1 0.129167 0.343231 0 0 0.399067 0.209844 0.01
0.209735 1.63108 0.1 0.1 -0.0550497 0.0564043 0 0 -0.0459123 -0.0707298 0.02
0.209555 1.63092 0.1 0.1 0.0189555 -0.088053 0 0 0.0369254 -0.0723149 0.01
0.20986 1.63074 0.1 0.1 0.0419848 0.0521332 0 0 0.0116859 0.0700178 0.01
0.210375 1.63122 0.1 0.1 0.00964611 -0.00434438 0 0 -0.00796342 -0.0140041 0.02
