-0.551294 2.75972 0.1 0.1 -0.0321162 0.0906832 0 0 0 0 0
-0.605548 2.8402 0.1 0.1 -1.75911 2.56725 0 0 -0.148483 0.213128 0.06
-0.623513 2.87 0.1 0.1 -1.83365 3.391 0 0 -0.0462802 0.426845 0.01
-0.512294 2.96206 0.1 0.1 3.96148 -1.46877 0 0 0.295401 -0.238438 0.1
-0.396699 2.89637 0.1 0.1 7.58589 -5.08892 0 0 0.935274 -0.921649 0.02
0.0183671 2.84855 0.1 0.1 13.1305 2.64662 0 0 0.745114 0.961144 0.04
0.492426 2.95779 0.1 0.1 18.4468 4.626 0 0 0.965243 0.34819 0.03
2.21745 2.87679 0.1 0.1 30.6964 -6.51606 0 0 0.998454 -0.764861 0.07
2.85943 2.78466 0.1 0.1 33.4923 -2.70978 0 0 0.859726 0.929032 0.02
2.99164 2.33712 0.1 0.1 -10.1686 -7.16735 0 0 -0.673895 -0.27241 0.09
1.87215 1.65788 0.1 0.1 -21.6805 -12.1819 0 0 -0.903091 -0.406555 0.07
0.706701 0.908794 0.1 0.1 -11.7357 -9.25401 0 0 0.62723 0.156127 0.07
0.169591 0.706434 0.1 0.1 -0.371142 4.55045 0 0 0.602369 0.756054 0.09
0.157211 0.802882 0.1 0.1 -0.126144 -0.64921 0 0 0.0231115 -0.510403 0.05
0.156181 0.800868 0.1 0.1 -0.0798776 0.244921 0 0 0.0227864 0.446143 0.01
0.156417 0.802272 0.1 0.1 0.126797 0.0363096 0 0 0.103523 -0.103588 0.01
0.129304 0.825407 0.1 0.1 -1.9241 1.49866 0 0 -0.346591 0.247514 0.03
0.119809 0.833645 0.1 0.1 0.0217738 0.151204 0 0 0.968923 -0.669414 0.01
0.119453 0.834751 0.1 0.1 -0.0927941 0.0701352 0 0 -0.0575309 -0.0400069 0.01
0.118375 0.834948 0.1 0.1 -0.122637 -0.0304996 0 0 -0.0154909 -0.0502322 0.01
0.117844 0.835454 0.1 0.1 0.0161018 0.131469 0 0 0.0691974 0.0812737 0.01
0.118979 0.837508 0.1 0.1 0.0593716 0.00608788 0 0 0.0074012 -0.0205559 0.03
0.119942 0.837557 0.1 0.1 0.0369475 -0.00114859 0 0 -0.00537146 -0.00179893 0.02
