-2.59304 2.71619 0.1 0.1 -0.045702 -0.0626843 0 0 0 0 0
-2.37082 2.70465 0.1 0.1 8.86043 -0.396356 0 0 0.913091 -0.0345384 0.05
-1.80728 2.87654 0.1 0.1 13.6415 7.20866 0 0 0.534534 0.777859 0.05
-1.52184 3.04337 0.1 0.1 14.898 7.53138 0 0 0.385513 0.606385 0.02
-0.489899 2.60439 0.1 0.1 8.13549 -12.6936 0 0 -0.318404 -0.874502 0.09
1.18819 1.82725 0.1 0.1 25.1415 -3.01288 0 0 0.934773 0.445608 0.1
2.74732 2.00056 0.1 0.1 19.4723 7.83869 0 0 -0.29384 0.788105 0.07
3.27813 2.23559 0.1 0.1 5.25723 7.83061 0 0 0.899494 0.038047 0.03
2.46723 2.61588 0.1 0.1 -17.2838 -0.0935851 0 0 -0.955366 -0.377214 0.1
1.30361 2.85745 0.1 0.1 -15.9778 6.91406 0 0 0.010228 0.518016 0.07
1.02574 2.97882 0.1 0.1 -11.8227 5.22853 0 0 0.969622 -0.391106 0.02
0.56909 3.01099 0.1 0.1 -1.34659 -0.341129 0 0 0.715877 0.289093 0.07
0.557467 3.00826 0.1 0.1 -0.978736 -0.214987 0 0 0.178158 0.907812 0.01
0.542979 2.99925 0.1 0.1 -0.471717 -0.684616 0 0 0.123169 -0.119686 0.02
0.426957 2.56473 0.1 0.1 -2.81555 -11.6029 0 0 -0.175752 -0.811042 0.07
0.3823 1.93909 0.1 0.1 1.48897 -6.33379 0 0 0.304344 0.331757 0.07
0.471278 1.71572 0.1 0.1 1.05818 -0.120896 0 0 -0.0243828 0.427897 0.07
0.474532 1.71153 0.1 0.1 -0.404922 -0.715085 0 0 -0.730418 -0.299342 0.01
0.468567 1.70894 0.1 0.1 -0.787427 0.194524 0 0 -0.194289 0.453559 0.01
0.466621 1.71247 0.1 0.1 0.396231 0.511913 0 0 0.591246 0.160574 0.01
0.469304 1.7183 0.1 0.1 0.140804 0.653962 0 0 -0.126441 0.0739338 0.01
0.469031 1.71982 0.1 0.1 -0.19471 -0.349301 0 0 -0.168067 -0.500985 0.01
0.46761 1.71825 0.1 0.1 -0.0898314 0.0344601 0 0 0.0517877 0.191136 0.01
0.207161 1.78694 0.1 0.1 -6.3382 1.66109 0 0 -0.407018 0.105937 0.08
0.0184463 1.84338 0.1 0.1 -0.0154271 0.234455 0 0 0.511466 -0.114127 0.06
0.0184963 1.84392 0.1 0.1 0.0253541 -0.12441 0 0 0.0204066 -0.179188 0.01
0.0185995 1.84262 0.1 0.1 -0.00466337 -0.137176 0 0 -0.0149664 -0.00703994 0.01
0.0183155 1.84166 0.1 0.1 -0.0520524 -0.0549857 0 0 -0.0238452 0.0406195 0.01
0.0182175 1.84119 0.1 0.1 0.0323093 -0.0379017 0 0 0.0421566 0.00831614 0.01
