0.575806 -2.79628 0.1 0.1 0.0712512 0.0759452 0 0 0 0 0
0.323875 -2.46407 0.1 0.1 -5.58485 7.19967 0 0 -0.32833 0.414288 0.09
0.106301 -2.19322 0.1 0.1 -8.90342 10.8389 0 0 -0.589595 0.651737 0.03
-0.327174 -1.77357 0.1 0.1 -12.7445 10.1485 0 0 -0.534686 -0.0340185 0.04
-1.79152 -0.564101 0.1 0.1 -23.717 19.9583 0 0 -0.778027 0.688323 0.08
-2.03511 -0.357424 0.1 0.1 -24.9976 21.3747 0 0 -0.762787 0.81117 0.01
-2.84078 0.238741 0.1 0.1 -28.6959 18.3841 0 0 -0.751581 -0.399442 0.03
-2.95268 2.36245 0.1 0.1 11.8809 28.6619 0 0 0.908064 0.689857 0.09
-2.71792 2.96243 0.1 0.1 11.5955 31.3266 0 0 -0.0134767 0.816338 0.02
-1.46089 2.80454 0.1 0.1 16.269 -10.1593 0 0 0.329646 -0.578582 0.09
-0.970681 2.44752 0.1 0.1 16.411 -13.625 0 0 0.105519 -0.637091 0.03
-0.263164 1.7527 0.1 0.1 7.26488 -9.57556 0 0 -0.703428 0.27969 0.06
-0.135849 1.35753 0.1 0.1 -0.844616 -10.179 0 0 -0.998521 -0.124997 0.04
-0.150949 1.05339 0.1 0.1 0.23135 -2.05404 0 0 0.106338 0.782249 0.05
-0.152131 1.03589 0.1 0.1 -0.347559 0.295969 0 0 -0.144988 0.583186 0.02
-0.152611 1.03819 0.1 0.1 0.250581 0.164068 0 0 0.299082 -0.0647272 0.01
-0.148331 1.03829 0.1 0.1 0.177606 -0.153447 0 0 -0.017213 -0.0793737 0.02
-0.147889 1.03673 0.1 0.1 -0.0887688 -0.157289 0 0 -0.133087 -0.00273637 0.01
-0.147978 1.03591 0.1 0.1 0.0706995 -0.00674757 0 0 0.0797832 0.0748972 0.01
-0.145741 1.03598 0.1 0.1 0.0413695 0.00974461 0 0 -0.00338929 0.00206861 0.04
-0.145456 1.0361 0.1 0.1 0.0155704 0.013983 0 0 -0.0127684 0.00217525 0.01
