2.40214 1.48902 0.1 0.1 -0.0881933 -0.0440613 0 0 0 0 0
2.76063 0.558756 0.1 0.1 7.13792 -18.2581 0 0 0.379283 -0.957267 0.1
3.04508 -0.0260429 0.1 0.1 11.8018 -20.7162 0 0 0.825407 -0.506902 0.03
3.20499 -0.80662 0.1 0.1 -1.67183 -10.5927 0 0 0.277064 0.933948 0.05
2.58656 -2.00441 0.1 0.1 -13.6332 -19.2368 0 0 -0.786441 -0.615451 0.08
1.02928 -3.06768 0.1 0.1 -17.4454 2.125 0 0 -0.268279 0.430102 0.1
-0.897626 -2.62674 0.1 0.1 -21.0326 6.61975 0 0 -0.275807 0.246722 0.1
-1.79627 -2.35347 0.1 0.1 -23.8804 7.04117 0 0 -0.468603 0.0865101 0.04
-2.91615 -1.76942 0.1 0.1 -20.9393 16.2442 0 0 0.181973 0.978417 0.05
-3.11183 0.252741 0.1 0.1 4.3709 28.5099 0 0 0.185839 0.794111 0.09
-3.05533 0.846545 0.1 0.1 1.28888 30.8627 0 0 -0.75757 0.736484 0.02
-3.01245 1.49255 0.1 0.1 2.99479 33.7278 0 0 0.436574 0.878017 0.02
-2.02492 3.13621 0.1 0.1 16.5245 -5.31943 0 0 0.725649 -0.0579473 0.1
-1.51009 2.8953 0.1 0.1 17.791 -10.7149 0 0 0.296996 -0.93952 0.03
0.431077 1.70591 0.1 0.1 30.5653 -18.9136 0 0 0.920425 -0.58634 0.08
1.37789 1.05783 0.1 0.1 32.5456 -24.265 0 0 0.488863 -0.99895 0.03
1.70529 0.8095 0.1 0.1 32.9347 -25.3985 0 0 0.35919 -0.690016 0.01
3.36611 -0.997853 0.1 0.1 5.65608 -34.7452 0 0 -0.315523 -0.930315 0.06
3.37996 -1.35318 0.1 0.1 -1.64372 -36.317 0 0 0.802927 -0.964663 0.01
3.14989 -3.07131 0.1 0.1 -0.352112 5.31101 0 0 0.375567 0.891689 0.1
2.52015 -1.96651 0.1 0.1 -13.4451 19.0352 0 0 -0.762648 0.823922 0.09
1.56639 0.151616 0.1 0.1 -5.75967 23.2559 0 0 0.336978 0.317002 0.1
0.953757 1.4443 0.1 0.1 -9.50767 9.24757 0 0 -0.273026 -0.7949 0.08
0.644431 1.68057 0.1 0.1 -5.98206 2.61 0 0 0.402254 -0.800165 0.04
0.402381 1.79538 0.1 0.1 -0.146828 0.291364 0 0 0.349784 -0.137703 0.08
0.401416 1.79529 0.1 0.1 -0.0463834 -0.30879 0 0 0.049732 -0.300169 0.01
0.400849 1.79374 0.1 0.1 -0.0669725 -0.0012557 0 0 -0.010565 0.153019 0.01
0.399935 1.79389 0.1 0.1 -0.024522 0.0161805 0 0 0.010391 0.00439858 0.02
0.3992 1.79413 0.1 0.1 -0.0244948 -4.81313e-05 0 0 -0.000118341 -0.00266511 0.03
