-1.97914 -2.26355 0.1 0.1 0.00222907 -0.0537011 0 0 0 0 0
-1.31615 -2.25872 0.1 0.1 13.0405 0.147529 0 0 0.685326 0.0102777 0.1
-0.726838 -2.16398 0.1 0.1 16.4023 4.56001 0 0 0.494161 0.563325 0.04
0.0955846 -1.83696 0.1 0.1 16.4934 8.48815 0 0 0.0916454 0.425319 0.05
1.66186 -1.17791 0.1 0.1 28.1203 10.3216 0 0 0.943525 0.177661 0.07
2.23748 -0.943467 0.1 0.1 29.4378 13.1132 0 0 0.474537 0.755945 0.02
2.53766 -0.803039 0.1 0.1 30.5955 14.9693 0 0 0.730694 0.997821 0.01
2.84668 -0.646759 0.1 0.1 31.2086 16.2846 0 0 0.462471 0.73536 0.01
3.22513 0.437675 0.1 0.1 -2.77312 14.7098 0 0 0.551714 -0.0360684 0.07
2.50591 1.94523 0.1 0.1 -15.0453 22.869 0 0 -0.812473 0.604158 0.08
0.495981 3.10497 0.1 0.1 -29.4045 -2.78618 0 0 -0.909473 -0.337691 0.09
-3.07521 2.10548 0.1 0.1 -41.8068 -16.9725 0 0 -0.799334 -0.758783 0.1
-2.9661 0.180904 0.1 0.1 13.7198 -30.952 0 0 0.963997 -0.993522 0.08
-2.66398 -0.467217 0.1 0.1 16.4834 -33.8503 0 0 0.766916 -0.886516 0.02
-2.11989 -1.44249 0.1 0.1 19.7733 -31.181 0 0 0.639508 0.282291 0.03
-1.25609 -3.0578 0.1 0.1 9.12546 -18.9318 0 0 -0.815769 0.568025 0.06
-0.722713 -2.76236 0.1 0.1 4.27279 12.3492 0 0 -0.2701 0.939871 0.08
-0.542356 -1.69336 0.1 0.1 1.76284 23.176 0 0 -0.193825 0.991455 0.06
-0.340951 -0.834559 0.1 0.1 8.26396 19.7865 0 0 0.839053 -0.316238 0.04
-0.173154 0.695447 0.1 0.1 -4.34433 14.2958 0 0 -0.691914 -0.22036 0.09
-0.330497 1.2894 0.1 0.1 0.770812 -0.869197 0 0 0.275432 -0.809565 0.09
-0.328053 1.28785 0.1 0.1 -0.280271 0.555889 0 0 -0.524575 0.711766 0.01
-0.305766 1.30927 0.1 0.1 0.822755 -0.0127974 0 0 0.0703788 -0.0341942 0.08
-0.298539 1.30845 0.1 0.1 0.622981 -0.150279 0 0 -0.0963685 -0.0691833 0.01
-0.282201 1.30275 0.1 0.1 0.46704 -0.22961 0 0 -0.0232907 -0.0141805 0.03
-0.275615 1.30136 0.1 0.1 0.192428 0.0895607 0 0 -0.0670428 0.0794432 0.02
-0.274486 1.30074 0.1 0.1 0.0337154 -0.212129 0 0 -0.0788901 -0.151197 0.01
-0.182843 1.41792 0.1 0.1 3.60246 4.85706 0 0 0.366411 0.518809 0.05
-0.134437 1.49306 0.1 0.1 -0.355768 0.175355 0 0 -0.652291 -0.768022 0.03
-0.137842 1.49312 0.1 0.1 -0.325133 -0.161711 0 0 0.0135945 -0.168526 0.01
-0.141578 1.49482 0.1 0.1 -0.0494651 0.329633 0 0 0.0680554 0.123294 0.02
-0.142184 1.49903 0.1 0.1 0.00880716 -0.0466787 0 0 0.00960619 -0.062025 0.03
-0.141735 1.49786 0.1 0.1 0.00915841 -0.000736659 0 0 8.09387e-05 0.00447743 0.05
