-0.566452 0.755425 0.1 0.1 -0.0288278 -0.0165732 0 0 0 0 0
-0.409749 0.93324 0.1 0.1 6.24503 7.0701 0 0 0.643863 0.726785 0.05
-0.325154 1.05011 0.1 0.1 2.22771 4.62464 0 0 -0.984363 -0.582531 0.02
-0.381947 0.920734 0.1 0.1 -3.57006 -7.69473 0 0 -0.366475 -0.778277 0.08
-0.713066 0.175628 0.1 0.1 -7.42844 -17.0486 0 0 -0.349888 -0.841809 0.06
-0.540597 -2.37777 0.1 0.1 10.5773 -33.7396 0 0 0.909825 -0.962144 0.1
-0.324025 -3.01066 0.1 0.1 11.0786 -24.919 0 0 0.179573 0.885961 0.02
1.58884 -2.95736 0.1 0.1 26.9137 2.55252 0 0 0.887544 -0.0648223 0.1
3.28247 -2.53369 0.1 0.1 23.9344 11.4813 0 0 0.358023 0.77919 0.06
2.92832 -1.72235 0.1 0.1 -12.6963 8.83803 0 0 -0.793733 -0.114652 0.08
2.33946 -1.20921 0.1 0.1 -10.8735 11.664 0 0 0.123435 0.333841 0.05
1.82047 -0.801406 0.1 0.1 -15.0475 8.74569 0 0 -0.587357 -0.314175 0.04
0.857455 0.245916 0.1 0.1 -9.10772 17.3224 0 0 0.311588 0.601671 0.08
0.759224 0.414243 0.1 0.1 -10.5361 16.3447 0 0 -0.764259 -0.405051 0.01
0.518091 0.705519 0.1 0.1 -13.5673 12.7947 0 0 -0.81911 -0.815013 0.02
0.2384 0.976578 0.1 0.1 -14.3991 14.3061 0 0 -0.277794 0.445778 0.02
-0.379686 1.58855 0.1 0.1 0.442281 -0.484052 0 0 0.790701 -0.787578 0.09
-0.37711 1.58973 0.1 0.1 0.0736255 0.717877 0 0 -0.183063 0.601627 0.01
-0.375406 1.59483 0.1 0.1 0.26672 0.303724 0 0 0.0974284 -0.204544 0.01
-0.376074 1.59673 0.1 0.1 -0.399066 0.0774194 0 0 -0.333469 -0.112276 0.01
-0.382759 1.59608 0.1 0.1 -0.269895 -0.142132 0 0 0.0306338 -0.0550555 0.02
-0.383822 1.59537 0.1 0.1 0.0568412 0.000847636 0 0 0.162958 0.0711771 0.01
-0.383615 1.59545 0.1 0.1 -0.0154838 0.0136089 0 0 -0.0360826 0.00641189 0.01
