-2.93143 1.53402 0.1 0.1 0.0645735 -0.0911005 0 0 0 0 0
-2.75817 1.75246 0.1 0.1 3.7311 4.871 0 0 0.213481 0.287895 0.09
-2.25884 1.44583 0.1 0.1 7.31117 -11.4406 0 0 0.226644 -0.923327 0.09
-0.823234 0.625209 0.1 0.1 21.1692 -5.07898 0 0 0.765538 0.277484 0.1
-0.620915 0.573574 0.1 0.1 19.2977 -5.24764 0 0 -0.835515 -0.110241 0.01
-0.0367895 0.381516 0.1 0.1 19.6423 -7.54466 0 0 0.154819 -0.414699 0.03
1.75081 -0.549336 0.1 0.1 31.2973 -18.9168 0 0 0.960737 -0.878665 0.07
2.98345 -1.17219 0.1 0.1 30.3413 -12.2697 0 0 0.0341317 0.752342 0.04
3.02226 -2.58176 0.1 0.1 -12.2154 -22.8346 0 0 -0.933772 -0.749178 0.08
1.95968 -3.10291 0.1 0.1 -23.0941 2.97091 0 0 -0.995296 0.300729 0.06
-0.215048 -2.71838 0.1 0.1 -31.1661 6.59519 0 0 -0.640621 0.250429 0.08
-2.78139 -2.17088 0.1 0.1 -42.0301 9.02224 0 0 -0.959944 0.21154 0.07
-3.29038 -1.45617 0.1 0.1 5.88513 14.7424 0 0 0.212749 0.536296 0.06
-2.31048 -0.445091 0.1 0.1 18.445 10.59 0 0 0.847272 -0.196262 0.08
-1.14379 0.608415 0.1 0.1 10.8255 15.6791 0 0 -0.403741 0.383775 0.08
-1.03992 0.771549 0.1 0.1 9.94873 16.9457 0 0 -0.387084 0.714889 0.01
-0.482047 1.57645 0.1 0.1 6.0348 6.17694 0 0 -0.240456 -0.71184 0.07
-0.3015 1.80334 0.1 0.1 6.00196 8.93553 0 0 0.0245213 0.497699 0.03
0.0442047 2.13689 0.1 0.1 3.89925 0.690731 0 0 -0.125701 -0.565178 0.07
0.0826874 2.14983 0.1 0.1 -0.037867 0.603296 0 0 -0.9751 -0.0186771 0.02
0.0808417 2.15191 0.1 0.1 -0.330767 -0.186295 0 0 -0.147459 -0.393832 0.01
0.0731559 2.15078 0.1 0.1 -0.437465 0.0724873 0 0 -0.0286042 0.0644232 0.02
0.0708968 2.15201 0.1 0.1 -0.0150571 0.173673 0 0 0.21017 0.0512289 0.01
0.0711188 2.15347 0.1 0.1 0.0296363 -0.0753073 0 0 0.00748702 -0.0412608 0.03
0.0726815 2.15276 0.1 0.1 0.0743161 0.0275154 0 0 0.00771126 0.0170223 0.03
0.0730765 2.15261 0.1 0.1 0.00480775 -0.0571256 0 0 -0.0345742 -0.042404 0.01
0.0731167 2.1522 0.1 0.1 0.00323858 -0.0244677 0 0 -0.000763961 0.0161279 0.01
0.0736181 2.1517 0.1 0.1 0.0109961 0.00963856 0 0 0.000590292 0.00240054 0.07
