1.72678 -0.769362 0.1 0.1 0.0403794 -0.0324376 0 0 0 0 0
1.72155 -0.761756 0.1 0.1 -1.08636 1.55109 0 0 -0.566289 0.795516 0.01
2.1987 -0.341066 0.1 0.1 12.8293 8.86876 0 0 0.900675 0.484007 0.08
2.47799 -0.201383 0.1 0.1 15.092 5.11205 0 0 0.635836 -0.904257 0.02
3.14493 -0.43321 0.1 0.1 -1.53381 -9.50531 0 0 -0.794377 -0.742918 0.1
3.1475 -1.31484 0.1 0.1 -0.138358 -15.6123 0 0 0.677558 -0.499224 0.07
3.14407 -3.08221 0.1 0.1 -0.00538513 -23.0822 0 0 0.988726 -0.909917 0.08
2.36001 -2.56148 0.1 0.1 -15.4196 14.0075 0 0 -0.810215 0.755021 0.1
0.62054 -0.730571 0.1 0.1 -19.3045 22.4706 0 0 -0.281568 0.51446 0.1
-0.346927 1.07167 0.1 0.1 -5.07131 22.5834 0 0 0.829965 0.119984 0.08
-0.394578 2.3372 0.1 0.1 3.09909 27.9932 0 0 0.812276 0.667764 0.05
-0.297552 2.85991 0.1 0.1 6.59158 24.2907 0 0 0.897143 -0.795106 0.02
-0.0282339 3.05856 0.1 0.1 0.226713 -2.0699 0 0 -0.381014 0.428588 0.08
0.0078592 3.0141 0.1 0.1 1.56898 -0.477703 0 0 0.172328 0.637963 0.04
0.0977573 2.33585 0.1 0.1 0.251444 -12.8807 0 0 -0.0614115 -0.654168 0.1
-0.00525551 1.94566 0.1 0.1 -5.36461 -6.66994 0 0 -0.715289 0.727675 0.04
-0.14205 1.7626 0.1 0.1 -0.150877 -0.702175 0 0 0.508018 0.578644 0.05
-0.138217 1.75015 0.1 0.1 0.403599 -0.131037 0 0 0.0931196 0.0931426 0.03
-0.137741 1.74847 0.1 0.1 -0.307219 -0.203435 0 0 -0.355391 -0.0370895 0.01
-0.139366 1.74862 0.1 0.1 -0.018133 0.232007 0 0 0.143848 0.217851 0.01
-0.139678 1.7504 0.1 0.1 -0.0442292 0.124711 0 0 -0.0132192 -0.0527676 0.01
-0.139788 1.75067 0.1 0.1 0.0220748 -0.0707217 0 0 0.0331038 -0.0975946 0.01
