1.31797 -0.462718 0.1 0.1 -0.0952975 0.0691669 0 0 0 0 0
1.40123 -0.475436 0.1 0.1 3.39674 -0.572507 0 0 0.357881 -0.0653235 0.05
1.87898 -0.50871 0.1 0.1 12.4381 -0.536789 0 0 0.79406 0.000443102 0.06
2.20833 0.0606024 0.1 0.1 -5.55146 11.7186 0 0 -0.883744 0.640984 0.1
1.90163 0.60502 0.1 0.1 -9.75541 15.4771 0 0 -0.564215 0.537774 0.04
0.908958 1.67715 0.1 0.1 -18.5062 15.1579 0 0 -0.696304 0.0538182 0.07
-1.33013 3.14199 0.1 0.1 -31.0627 -1.53545 0 0 -0.821868 0.956647 0.09
-1.63443 3.1194 0.1 0.1 -29.7992 -2.81271 0 0 0.479789 -0.539369 0.01
-3.28309 2.11255 0.1 0.1 2.77334 -19.3144 0 0 0.536649 -0.972774 0.09
-3.12752 1.38941 0.1 0.1 4.94236 -16.8589 0 0 0.284552 0.216654 0.04
-2.80932 0.704669 0.1 0.1 10.9275 -17.3749 0 0 0.788541 -0.149835 0.04
-1.49063 -0.703549 0.1 0.1 21.8947 -17.8234 0 0 0.768558 -0.115834 0.08
-0.335802 -2.6733 0.1 0.1 7.16726 -31.2435 0 0 -0.849127 -0.962384 0.08
0.689203 -3.04918 0.1 0.1 15.4853 2.23589 0 0 0.519109 -0.345967 0.09
2.64529 -2.33167 0.1 0.1 27.7963 13.541 0 0 0.793016 0.667795 0.09
2.93096 -2.19757 0.1 0.1 29.3346 13.2788 0 0 0.913054 -0.0647425 0.01
3.03902 -0.580448 0.1 0.1 -10.6332 26.9649 0 0 -0.872031 0.956147 0.08
2.26614 0.975458 0.1 0.1 -15.0854 24.9185 0 0 -0.435854 -0.0409948 0.06
1.26578 2.69499 0.1 0.1 -18.2283 32.3251 0 0 -0.345217 0.760845 0.06
1.0785 3.0177 0.1 0.1 -19.2264 26.7915 0 0 -0.592655 0.108001 0.01
0.064947 3.02948 0.1 0.1 -3.53109 -1.07949 0 0 0.815938 0.425914 0.09
0.0331788 3.01455 0.1 0.1 0.341371 -0.486546 0 0 0.960407 0.754366 0.02
0.0324027 3.01049 0.1 0.1 -0.495204 -0.334131 0 0 -0.418783 0.559231 0.01
0.0115937 3.00134 0.1 0.1 -0.201371 -0.0428047 0 0 0.0227571 0.0763033 0.06
0.011939 3.00084 0.1 0.1 0.222271 -0.00278136 0 0 0.0706818 0.212429 0.03
0.0149533 3.00112 0.1 0.1 0.0796352 0.0199866 0 0 -0.0349146 0.479239 0.02
0.0156793 3.00126 0.1 0.1 0.0655811 0.00930493 0 0 -0.00666557 0.333065 0.01
0.0160551 3.00154 0.1 0.1 0.00968535 0.0405292 0 0 -0.0277676 0.938992 0.01
0.0159061 3.0027 0.1 0.1 -0.0194764 0.0290123 0 0 -0.00488626 0.887737 0.03
0.229577 2.39377 0.1 0.1 4.69713 -13.3602 0 0 0.27399 -0.777805 0.09
0.29835 1.65278 0.1 0.1 -3.05255 -3.25761 0 0 -0.42694 0.520148 0.09
0.260848 1.61034 0.1 0.1 -0.705481 -0.993613 0 0 0.577852 0.555587 0.02
0.257742 1.60673 0.1 0.1 0.0830333 0.268965 0 0 0.393071 0.629657 0.01
0.258505 1.60885 0.1 0.1 0.0694249 0.155374 0 0 -0.00643709 -0.0557461 0.01
0.259373 1.60878 0.1 0.1 -0.0111412 -0.158528 0 0 -0.0133005 -0.05234 0.03
0.259755 1.60802 0.1 0.1 0.087402 0.00585075 0 0 0.0495091 0.0818306 0.01
0.260342 1.60834 0.1 0.1 0.0300329 0.0596401 0 0 -0.0284059 0.0270586 0.01
