0.209767 -1.67503 0.1 0.1 0.0764136 0.0714766 0 0 0 0 0
-0.015047 -1.48529 0.1 0.1 -6.42373 5.28897 0 0 -0.480616 0.386204 0.07
-0.191616 -1.3867 0.1 0.1 -5.35293 1.30388 0 0 0.149005 -0.647866 0.03
-0.885969 -1.02817 0.1 0.1 -10.0071 6.58451 0 0 -0.297329 0.313212 0.09
-1.82731 -0.355132 0.1 0.1 -16.8089 12.5754 0 0 -0.553542 0.475783 0.07
-2.84804 0.435939 0.1 0.1 -23.9613 19.0131 0 0 -0.817825 0.722743 0.05
-3.18588 2.43895 0.1 0.1 2.39724 30.9085 0 0 -0.11582 0.86938 0.08
-2.0605 2.79357 0.1 0.1 19.8188 -11.5489 0 0 0.927584 -0.898475 0.1
-1.41418 2.47926 0.1 0.1 23.2516 -9.41605 0 0 0.680201 0.303401 0.03
0.689842 1.6383 0.1 0.1 29.2676 -11.5809 0 0 0.508091 -0.187202 0.08
1.60941 1.30125 0.1 0.1 32.0231 -10.8927 0 0 0.613475 0.0596502 0.03
2.27462 1.07903 0.1 0.1 34.4891 -11.328 0 0 0.783921 -0.163131 0.02
3.34593 0.479105 0.1 0.1 -4.2212 -8.6908 0 0 -0.777239 0.169196 0.06
2.62694 0.540959 0.1 0.1 -10.0044 9.62256 0 0 -0.322117 0.918831 0.1
1.84204 0.92577 0.1 0.1 -16.0982 3.26761 0 0 -0.573815 -0.497635 0.06
1.23283 1.10374 0.1 0.1 -8.33457 3.84658 0 0 0.716233 0.0760688 0.05
0.878848 1.30849 0.1 0.1 1.09807 0.307831 0 0 0.454294 -0.166595 0.1
0.898108 1.35407 0.1 0.1 -0.594033 0.824673 0 0 -0.104629 0.0351332 0.08
0.741964 1.51461 0.1 0.1 -7.16947 7.16017 0 0 -0.84188 0.811992 0.04
0.214773 1.509 0.1 0.1 -4.58413 -7.07137 0 0 0.114295 -0.791028 0.09
0.128487 1.36477 0.1 0.1 0.237462 -0.186091 0 0 0.592502 0.842912 0.04
0.128098 1.36412 0.1 0.1 -0.31432 0.0565108 0 0 -0.276272 0.120939 0.01
0.119377 1.36908 0.1 0.1 -0.0368298 0.140994 0 0 0.0269002 0.00895139 0.05
0.118916 1.36937 0.1 0.1 -0.0552758 -0.0821836 0 0 -0.00948461 -0.111464 0.01
0.117957 1.36869 0.1 0.1 -0.00892427 0.0360686 0 0 0.00757555 0.0196 0.03
