-1.54788 -1.4384 0.1 0.1 0.0651306 0.0764794 0 0 0 0 0
-1.56461 -1.17049 0.1 0.1 -0.476337 6.53524 0 0 -0.0348113 0.420479 0.08
-1.85848 -0.684841 0.1 0.1 -9.23137 9.62243 0 0 -0.754693 0.297539 0.06
-2.07871 -0.190519 0.1 0.1 -1.82982 15.0573 0 0 0.898908 0.741589 0.04
-1.61078 2.0145 0.1 0.1 10.9831 28.8141 0 0 0.664237 0.798437 0.1
-1.47529 3.05795 0.1 0.1 -7.96201 -1.99882 0 0 -0.940959 0.273989 0.1
-2.1965 2.49345 0.1 0.1 -10.0399 -11.9807 0 0 -0.175037 -0.659226 0.08
-2.41935 2.28588 0.1 0.1 -12.2373 -8.78679 0 0 -0.605495 0.746818 0.02
-2.80055 1.96279 0.1 0.1 -13.1711 -12.7334 0 0 -0.219644 -0.711585 0.03
-3.20056 1.50312 0.1 0.1 -10.9759 -17.8857 0 0 -0.121321 -0.935227 0.03
-2.96322 0.0772344 0.1 0.1 10.7452 -22.7956 0 0 0.985151 -0.452172 0.07
-1.43929 -1.81398 0.1 0.1 22.9406 -19.2815 0 0 0.762617 0.0901297 0.09
0.841093 -3.16036 0.1 0.1 27.6621 3.81421 0 0 0.388754 -0.877904 0.09
1.42816 -3.08795 0.1 0.1 31.0338 3.31703 0 0 0.989916 -0.141321 0.02
2.70981 -2.88224 0.1 0.1 33.0348 6.94488 0 0 0.410437 0.479099 0.04
3.04491 -2.80766 0.1 0.1 33.9838 7.9685 0 0 0.642331 0.548812 0.01
2.83548 -1.73807 0.1 0.1 -13.9745 15.6856 0 0 -0.963856 0.488159 0.09
2.01374 -1.03037 0.1 0.1 -18.8541 12.6482 0 0 -0.570851 -0.233415 0.05
1.51079 -0.697315 0.1 0.1 -14.6971 9.57059 0 0 0.609309 -0.457528 0.03
-0.85393 -0.373314 0.1 0.1 -32.3047 -2.88237 0 0 -0.999846 -0.607127 0.1
-2.25906 -0.584355 0.1 0.1 -37.9147 -7.63741 0 0 -0.877656 -0.621731 0.04
-3.22465 -0.802494 0.1 0.1 2.88497 2.63669 0 0 -0.615154 0.559199 0.09
-2.64744 -0.329122 0.1 0.1 13.4827 10.7932 0 0 0.799292 0.616743 0.07
-1.48916 0.605589 0.1 0.1 19.5421 15.8532 0 0 0.516058 0.428468 0.07
-0.56979 1.22956 0.1 0.1 1.16063 -1.72311 0 0 -0.971531 -0.942139 0.09
-0.557337 1.21724 0.1 0.1 -0.323001 0.888251 0 0 -0.245294 0.433186 0.03
-0.559095 1.22459 0.1 0.1 -0.0291703 0.582156 0 0 0.14612 -0.149362 0.01
-0.558193 1.22944 0.1 0.1 0.209233 0.389387 0 0 0.119728 -0.0939438 0.01
-0.556591 1.23108 0.1 0.1 0.11129 -0.0617444 0 0 -0.0482669 -0.2248 0.01
-0.555003 1.22922 0.1 0.1 -0.00482346 -0.0617426 0 0 -0.0191036 -0.000313174 0.03
-0.555094 1.22873 0.1 0.1 0.000205873 0.0362003 0 0 0.000620743 0.0121829 0.04
