-0.515182 2.31139 0.1 0.1 -0.0562533 -0.00953805 0 0 0 0 0
-0.340231 3.03886 0.1 0.1 3.88545 12.8505 0 0 0.228725 0.926464 0.09
-0.281759 3.12247 0.1 0.1 1.96824 -0.711048 0 0 -0.464653 -0.253032 0.02
0.629993 2.35559 0.1 0.1 18.051 -15.9916 0 0 0.944469 -0.885385 0.09
1.64664 1.53041 0.1 0.1 22.5764 -17.0076 0 0 0.554833 -0.183675 0.05
2.65116 0.721189 0.1 0.1 27.6159 -23.4109 0 0 0.756416 -0.90093 0.04
2.93196 0.487396 0.1 0.1 28.5429 -23.3477 0 0 0.604846 -0.0846278 0.01
2.76471 -2.43704 0.1 0.1 -14.7034 -34.9543 0 0 -0.956152 -0.72741 0.1
2.2824 -3.33915 0.1 0.1 -17.4336 -6.90919 0 0 -0.535216 -0.975168 0.03
1.01568 -2.95265 0.1 0.1 -24.7181 10.9912 0 0 -0.712812 0.629293 0.06
-0.512301 -2.08165 0.1 0.1 -26.1987 17.9734 0 0 -0.251082 0.65415 0.06
-2.75281 -1.21245 0.1 0.1 -23.6302 1.58738 0 0 0.017763 -0.862835 0.09
-3.34504 -1.13226 0.1 0.1 4.14728 1.61749 0 0 -0.779885 0.0114584 0.05
-2.65637 -0.893761 0.1 0.1 15.3974 5.15592 0 0 0.853648 0.269955 0.07
-2.51234 -0.847447 0.1 0.1 13.4122 4.10864 0 0 -0.921558 -0.501058 0.01
-1.85775 -0.623695 0.1 0.1 19.2777 7.05935 0 0 0.816026 0.396919 0.04
-0.431105 0.237546 0.1 0.1 9.4204 10.1137 0 0 -0.42194 0.19555 0.1
-0.0589616 0.752615 0.1 0.1 -1.79161 0.350264 0 0 -0.542794 -0.462692 0.1
-0.067784 0.755393 0.1 0.1 0.0240938 0.205535 0 0 0.904327 -0.0706854 0.01
-0.0674882 0.755473 0.1 0.1 0.0350517 -0.188898 0 0 0.0055668 -0.197209 0.01
-0.0687244 0.748615 0.1 0.1 -0.0835123 -0.0862764 0 0 -0.0119885 0.00957421 0.05
-0.0685359 0.745359 0.1 0.1 0.0880808 -0.0229046 0 0 0.0143312 0.0050153 0.06
-0.0646461 0.745736 0.1 0.1 0.0676822 0.0374973 0 0 -0.00165091 0.0060783 0.05
-0.0638015 0.746125 0.1 0.1 -0.0109807 -0.0112936 0 0 -0.0129856 -0.00807269 0.03
