1.9826 2.73529 0.1 0.1 0.038968 0.0128817 0 0 0 0 0
1.97127 2.72113 0.1 0.1 -1.16753 -1.42383 0 0 -0.304532 -0.362771 0.02
2.26422 2.03669 0.1 0.1 6.89211 -12.0877 0 0 0.417766 -0.567492 0.1
3.23777 0.724692 0.1 0.1 3.52973 -16.9914 0 0 0.592861 -0.345363 0.09
3.15631 -1.19436 0.1 0.1 -0.542653 -30.8026 0 0 0.597023 -0.983382 0.08
3.08429 -2.1749 0.1 0.1 -4.24099 -34.5477 0 0 -0.627603 -0.787809 0.03
2.41245 -3.19093 0.1 0.1 -14.8279 6.31184 0 0 -0.804226 0.517613 0.07
0.175612 -3.00595 0.1 0.1 -29.6616 0.139928 0 0 -0.8537 -0.690389 0.1
-1.76999 -2.90489 0.1 0.1 -35.137 3.19832 0 0 -0.618566 0.263152 0.06
-2.49441 -2.84803 0.1 0.1 -37.2976 2.48999 0 0 -0.721429 -0.163256 0.02
-3.25597 -2.34581 0.1 0.1 6.69786 11.7495 0 0 0.61077 0.697145 0.07
-2.64861 -1.69237 0.1 0.1 13.4792 10.0491 0 0 0.616329 -0.0873333 0.06
-1.98801 -1.35789 0.1 0.1 19.5108 6.69762 0 0 0.837347 -0.377356 0.04
-0.949353 -0.90498 0.1 0.1 22.014 11.3797 0 0 0.354976 0.51322 0.05
-0.537717 -0.642807 0.1 0.1 19.1592 14.8259 0 0 -0.610675 0.926689 0.02
-0.186525 -0.345127 0.1 0.1 15.9708 14.9416 0 0 -0.709744 0.102895 0.02
0.484156 0.280339 0.1 0.1 17.5534 16.3222 0 0 0.28196 0.25085 0.04
1.41375 0.948045 0.1 0.1 9.10395 2.9115 0 0 -0.538286 -0.910469 0.07
1.51087 1.22115 0.1 0.1 -6.89581 2.55642 0 0 -0.795858 -0.00430041 0.1
0.641319 1.3797 0.1 0.1 -12.346 0.990052 0 0 -0.351324 -0.0781947 0.09
0.52808 1.39644 0.1 0.1 -10.3053 2.35476 0 0 0.964649 0.691194 0.01
0.204554 1.46545 0.1 0.1 -0.575943 -0.0303531 0 0 0.784397 -0.19284 0.06
0.199312 1.46004 0.1 0.1 0.0497438 -0.508652 0 0 0.155202 -0.120916 0.02
0.200896 1.45867 0.1 0.1 0.266661 0.232283 0 0 0.109403 0.369865 0.01
0.20135 1.46111 0.1 0.1 -0.175108 0.257081 0 0 -0.220816 0.0135813 0.01
0.19981 1.46146 0.1 0.1 -0.133106 -0.187294 0 0 0.020202 -0.222049 0.01
0.194431 1.45896 0.1 0.1 -0.225014 0.0200215 0 0 -0.0162188 0.0341399 0.03
0.19408 1.45888 0.1 0.1 0.154169 -0.0375378 0 0 0.189549 -0.0287912 0.01
0.194933 1.45786 0.1 0.1 0.0166205 -0.165972 0 0 -0.068411 -0.0647512 0.01
0.194696 1.45719 0.1 0.1 -0.0637211 0.0330413 0 0 -0.0402987 0.0991845 0.01
0.194153 1.45749 0.1 0.1 0.00917915 -0.0038718 0 0 0.0181008 -0.00915366 0.02
