2.85393 0.909655 0.1 0.1 0.00408379 -0.0581227 0 0 0 0 0
2.8279 0.899021 0.1 0.1 -2.5982 -1.00213 0 0 -0.657772 -0.238901 0.02
2.72518 0.916771 0.1 0.1 -4.24127 2.16964 0 0 -0.291059 0.531605 0.03
2.6604 0.973565 0.1 0.1 -2.24396 3.50533 0 0 0.483708 0.348337 0.02
2.41258 1.18812 0.1 0.1 -5.97926 3.64484 0 0 -0.332183 0.0294391 0.06
2.20579 1.36619 0.1 0.1 -7.79787 8.20425 0 0 -0.337583 0.789691 0.03
1.43094 2.35088 0.1 0.1 -14.2654 19.7941 0 0 -0.517367 0.898388 0.07
0.249536 3.09048 0.1 0.1 -19.4288 -1.81477 0 0 -0.453181 -0.837141 0.07
-2.31075 3.00462 0.1 0.1 -31.5745 -0.0999488 0 0 -0.735457 0.56702 0.1
-3.3343 2.7328 0.1 0.1 3.76272 -8.87258 0 0 0.393316 -0.753859 0.06
-3.15283 2.39231 0.1 0.1 8.31265 -13.8017 0 0 0.788821 -0.878388 0.03
-2.83602 1.93693 0.1 0.1 12.7852 -16.5436 0 0 0.798611 -0.532831 0.03
-1.92322 -0.0741806 0.1 0.1 5.59241 -23.5607 0 0 -0.314405 -0.451488 0.1
-1.79263 -0.548951 0.1 0.1 7.46079 -23.9151 0 0 0.500303 -0.207135 0.02
-1.0886 -2.15728 0.1 0.1 12.5957 -22.0584 0 0 0.417434 0.017741 0.07
0.255224 -2.99434 0.1 0.1 14.253 5.61463 0 0 0.149999 0.904278 0.1
0.706955 -2.74627 0.1 0.1 15.8542 10.8971 0 0 0.342295 0.92183 0.03
1.4954 -2.19103 0.1 0.1 15.6845 11.3093 0 0 0.0621861 0.096592 0.05
1.81946 -1.95242 0.1 0.1 16.7186 12.5479 0 0 0.340205 0.369111 0.02
2.55394 -1.03704 0.1 0.1 7.85306 17.9109 0 0 -0.677395 0.522977 0.06
2.82489 0.0364607 0.1 0.1 3.02581 24.9702 0 0 -0.455534 0.813205 0.05
2.49842 2.94376 0.1 0.1 -9.35022 33.0402 0 0 -0.63597 0.548829 0.1
1.73043 3.05194 0.1 0.1 -16.1803 -7.80825 0 0 -0.63316 -0.744679 0.06
0.980965 2.44421 0.1 0.1 -13.8172 -16.4291 0 0 0.161241 -0.922936 0.05
0.313743 1.63532 0.1 0.1 0.235523 -0.0218662 0 0 0.669524 0.780188 0.1
0.315158 1.63538 0.1 0.1 -0.0929822 0.0273117 0 0 -0.0818245 0.0122976 0.02
0.314478 1.63576 0.1 0.1 -0.0429358 0.0483803 0 0 0.0247017 0.0107294 0.01
0.314305 1.63637 0.1 0.1 0.00817183 0.0746049 0 0 0.0254859 0.0134262 0.01
0.313097 1.63853 0.1 0.1 -0.0559465 0.0120867 0 0 -0.00653778 -0.00603849 0.05
