2.8901 2.29452 0.1 0.1 -0.0856636 -0.0991127 0 0 0 0 0
2.13116 2.79123 0.1 0.1 -14.8478 9.86681 0 0 -0.776268 0.523257 0.1
1.97567 2.89522 0.1 0.1 -16.2487 10.9286 0 0 -0.778356 0.5831 0.01
-0.332354 2.69929 0.1 0.1 -29.6866 -10.5216 0 0 -0.787475 -0.773107 0.1
-2.39806 1.89857 0.1 0.1 -39.0736 -16.1151 0 0 -0.955605 -0.531998 0.06
-3.25505 0.0864878 0.1 0.1 3.77737 -29.0066 0 0 -0.707201 -0.918039 0.08
-2.97771 -0.936607 0.1 0.1 10.0482 -22.1933 0 0 0.819749 0.724168 0.04
-2.38645 -2.09929 0.1 0.1 13.573 -24.2961 0 0 0.411808 -0.326664 0.05
-2.10304 -2.54831 0.1 0.1 14.7649 -20.6184 0 0 0.36888 0.807184 0.02
-0.571541 -3.0337 0.1 0.1 23.4068 3.61136 0 0 0.635878 0.34233 0.08
0.883006 -2.75434 0.1 0.1 25.0614 5.68035 0 0 0.259195 0.195568 0.06
1.13686 -2.68831 0.1 0.1 25.7083 7.52178 0 0 0.450594 0.953594 0.01
2.78051 -2.06021 0.1 0.1 29.0452 13.3576 0 0 0.415679 0.5382 0.06
2.98798 0.155911 0.1 0.1 -8.14959 30.6726 0 0 -0.492925 0.976257 0.1
2.5016 1.66272 0.1 0.1 -11.2795 29.6081 0 0 -0.362187 0.0442086 0.05
2.24689 2.28044 0.1 0.1 -14.1815 32.1552 0 0 -0.789665 0.791409 0.02
1.60815 3.18486 0.1 0.1 -17.7328 1.66047 0 0 -0.523721 -0.336979 0.04
0.46671 2.97583 0.1 0.1 -14.9124 -3.44856 0 0 0.119987 -0.0182673 0.07
-0.27205 2.30848 0.1 0.1 -3.70557 -13.1064 0 0 0.654366 -0.645415 0.08
-0.30328 1.91121 0.1 0.1 1.59687 -13.3767 0 0 0.878751 -0.111213 0.03
-0.274962 1.44281 0.1 0.1 -0.760759 -0.160214 0 0 -0.166388 0.910717 0.07
-0.280376 1.43989 0.1 0.1 -0.322904 -0.423577 0 0 0.216355 -0.133121 0.01
-0.281637 1.4379 0.1 0.1 0.0700421 0.0245618 0 0 0.196033 0.223152 0.01
-0.280141 1.43805 0.1 0.1 0.0795169 -0.00970294 0 0 0.00274271 -0.00853033 0.02
-0.279729 1.43776 0.1 0.1 0.00302736 -0.0484702 0 0 -0.038071 -0.0195403 0.01
-0.279689 1.43739 0.1 0.1 0.0050701 -0.0247719 0 0 0.00104477 0.0116684 0.01
