-2.09911 -2.19431 0.1 0.1 0.0546971 -0.0575155 0 0 0 0 0
-2.06458 -2.20303 0.1 0.1 3.38758 -0.811444 0 0 0.842199 -0.19066 0.02
-1.1421 -2.88898 0.1 0.1 14.8711 -12.709 0 0 0.620446 -0.629326 0.1
0.332669 -2.95582 0.1 0.1 17.8563 3.36726 0 0 0.247781 0.210811 0.09
1.4087 -2.55784 0.1 0.1 25.1235 12.4765 0 0 0.834665 0.950675 0.05
1.92563 -2.27189 0.1 0.1 26.5646 16.1074 0 0 0.490331 0.978893 0.02
3.31171 -0.440028 0.1 0.1 -4.00948 29.5103 0 0 0.701716 0.951294 0.08
2.18997 1.4375 0.1 0.1 -20.6712 12.466 0 0 -0.989047 -0.842914 0.09
1.98033 1.5627 0.1 0.1 -21.2557 12.5739 0 0 -0.39685 0.117026 0.01
1.02743 1.93048 0.1 0.1 -26.3557 5.85954 0 0 -0.756743 -0.79295 0.04
-0.188249 1.95167 0.1 0.1 -14.2866 -5.04307 0 0 0.904913 -0.906437 0.06
-0.721007 1.68334 0.1 0.1 2.19949 -0.980234 0 0 0.886802 0.211021 0.09
-0.632389 1.67152 0.1 0.1 0.768752 0.570502 0 0 -0.1119 0.128249 0.06
-0.634647 1.67395 0.1 0.1 -1.21698 -0.0820831 0 0 -0.994679 -0.32528 0.01
-0.547926 1.69213 0.1 0.1 5.50825 0.983651 0 0 0.852044 0.135646 0.04
-0.46899 1.70871 0.1 0.1 -0.217239 0.126204 0 0 -0.941713 -0.140296 0.03
-0.469842 1.70954 0.1 0.1 0.0463909 0.0398643 0 0 0.131465 -0.0427437 0.01
-0.469626 1.7101 0.1 0.1 -0.00314464 0.0710003 0 0 -0.024673 0.0158445 0.01
-0.214294 1.76496 0.1 0.1 6.30251 1.28426 0 0 0.410307 0.0793397 0.08
-0.0301025 1.86303 0.1 0.1 1.10837 2.62737 0 0 -0.501298 0.144095 0.05
-0.0160578 1.90418 0.1 0.1 -0.16571 0.129011 0 0 -0.21017 -0.409628 0.03
-0.016223 1.90529 0.1 0.1 0.132167 0.0914416 0 0 0.148935 -0.0182218 0.01
-0.0154487 1.90617 0.1 0.1 0.0228678 0.0847948 0 0 -0.0542925 -0.00288892 0.01
-0.0157939 1.90656 0.1 0.1 -0.0917095 -0.00538769 0 0 -0.0574966 -0.0449067 0.01
-0.0170803 1.90719 0.1 0.1 0.057561 0.0206998 0 0 0.00925419 0.00167084 0.08
-0.0163149 1.90743 0.1 0.1 0.0191063 0.00307008 0 0 -0.00942794 -0.00434989 0.02
