2.57249 2.57738 0.1 0.1 -0.0448751 0.0372086 0 0 0 0 0
2.58345 1.96114 0.1 0.1 0.259554 -12.1589 0 0 0.0157221 -0.640722 0.1
1.7121 0.746283 0.1 0.1 -17.3901 -12.1388 0 0 -0.927077 -0.0598325 0.1
1.11271 0.359344 0.1 0.1 -22.5438 -13.6496 0 0 -0.960228 -0.316422 0.03
0.647624 0.0749037 0.1 0.1 -23.9599 -14.7905 0 0 -0.470998 -0.356395 0.02
-2.10791 -0.629739 0.1 0.1 -37.0778 -1.07122 0 0 -0.882203 0.72247 0.09
-3.08773 0.176528 0.1 0.1 8.43005 16.897 0 0 0.700495 0.939461 0.1
-2.88437 0.484824 0.1 0.1 11.8952 13.9424 0 0 0.91759 -0.661334 0.02
-1.66976 1.42925 0.1 0.1 22.684 13.0507 0 0 0.857509 0.00426897 0.07
-1.45159 1.56816 0.1 0.1 20.9543 14.728 0 0 -0.7571 0.90857 0.01
-1.24834 1.71368 0.1 0.1 19.6964 14.3767 0 0 -0.528643 -0.102529 0.01
-0.209464 2.55807 0.1 0.1 10.0957 9.80274 0 0 -0.612353 -0.266282 0.07
0.0823239 3.07909 0.1 0.1 -0.266691 -0.0364875 0 0 -0.839481 0.392648 0.06
-0.0437509 3.01643 0.1 0.1 -3.89942 -0.578594 0 0 -0.313307 0.244814 0.06
-0.00956631 2.08948 0.1 0.1 4.4446 -17.6756 0 0 0.419004 -0.901351 0.1
-0.113334 1.31466 0.1 0.1 -7.27263 -4.61424 0 0 -0.844911 0.877654 0.07
-0.179552 1.27528 0.1 0.1 -5.97307 -3.26475 0 0 0.617279 0.655363 0.01
-0.2673 1.23765 0.1 0.1 0.0928285 0.736334 0 0 0.997336 0.66095 0.03
-0.281827 1.25306 0.1 0.1 -0.667591 -0.113014 0 0 -0.0775777 -0.0834271 0.05
-0.286402 1.25361 0.1 0.1 -0.248024 0.221738 0 0 0.207709 0.167729 0.01
-0.291157 1.24895 0.1 0.1 0.00853282 -0.450235 0 0 0.0314811 -0.0845859 0.04
-0.290852 1.24653 0.1 0.1 0.0219655 0.206316 0 0 0.00347707 0.163563 0.02
-0.29127 1.24809 0.1 0.1 -0.105415 0.106106 0 0 -0.0639637 -0.0493488 0.01
-0.291632 1.2483 0.1 0.1 0.0327486 -0.0633861 0 0 0.0689367 -0.0846377 0.01
-0.291624 1.24777 0.1 0.1 -0.0309419 -0.0433261 0 0 -0.0318647 0.00975732 0.01
