-1.35046 2.13797 0.1 0.1 -0.0380432 0.0869169 0 0 0 0 0
-1.00029 1.97867 0.1 0.1 8.67608 -4.01499 0 0 0.566774 -0.26631 0.08
-0.796519 1.87932 0.1 0.1 11.6906 -5.91461 0 0 0.805004 -0.499647 0.02
0.733138 1.32433 0.1 0.1 22.1442 -6.41223 0 0 0.666306 -0.0580652 0.09
1.98964 0.667945 0.1 0.1 19.7631 -15.3772 0 0 -0.0938048 -0.80155 0.06
3.0723 -0.117664 0.1 0.1 23.5126 -16.0411 0 0 0.483713 -0.144701 0.05
2.75397 -1.12747 0.1 0.1 -12.9491 -4.35612 0 0 -0.822176 0.533153 0.1
1.78756 -0.743693 0.1 0.1 -8.59162 12.6295 0 0 0.188836 0.965083 0.09
1.36105 -0.10574 0.1 0.1 -12.7066 19.2242 0 0 -0.567977 0.903996 0.04
0.834945 1.07209 0.1 0.1 -8.37284 27.8172 0 0 0.381465 0.977425 0.05
0.631778 2.88397 0.1 0.1 1.50358 32.5324 0 0 0.806011 0.544099 0.06
0.193455 2.81211 0.1 0.1 -10.0759 -7.76147 0 0 -0.600969 -0.376367 0.1
-0.0767273 2.00182 0.1 0.1 3.14476 -12.4337 0 0 0.809593 -0.342689 0.08
-0.0397454 1.87377 0.1 0.1 4.24976 -13.1749 0 0 0.571172 -0.434609 0.01
0.142032 1.35332 0.1 0.1 -0.144648 1.39111 0 0 -0.234076 0.780409 0.09
0.143999 1.39841 0.1 0.1 0.220267 0.420471 0 0 0.0366943 -0.0925641 0.05
0.14536 1.40127 0.1 0.1 0.05232 0.152344 0 0 -0.0833847 -0.132674 0.01
0.145611 1.40217 0.1 0.1 -0.00214133 0.0281197 0 0 -0.0271391 -0.0616779 0.01
0.136686 1.40374 0.1 0.1 -1.7799 0.284427 0 0 -0.893986 0.128773 0.01
0.127693 1.40522 0.1 0.1 -0.0215467 0.0124056 0 0 0.875316 -0.135108 0.01
