2.68168 2.81972 0.1 0.1 -0.0497476 0.0158911 0 0 0 0 0
2.88487 2.86618 0.1 0.1 6.75491 1.51774 0 0 0.584132 0.129032 0.06
2.93018 2.9163 0.1 0.1 -5.12568 0.166521 0 0 -0.986526 -0.108402 0.06
1.92187 2.82967 0.1 0.1 -17.1016 -2.05857 0 0 -0.721524 -0.128385 0.09
0.870659 2.43032 0.1 0.1 -17.9297 -11.1624 0 0 -0.156763 -0.791914 0.06
-0.628086 1.55593 0.1 0.1 -24.8095 -13.7902 0 0 -0.599409 -0.249775 0.07
-2.23057 -0.681601 0.1 0.1 -7.53505 -30.677 0 0 0.783665 -0.955869 0.1
-2.7783 -2.28358 0.1 0.1 -14.3204 -33.3796 0 0 -0.73215 -0.430757 0.05
-3.14784 -2.94685 0.1 0.1 3.46528 8.9038 0 0 0.29856 0.839388 0.09
-2.48529 -2.04661 0.1 0.1 12.97 13.5405 0 0 0.635875 0.346049 0.08
-1.82584 -1.58366 0.1 0.1 19.9557 9.63371 0 0 0.956627 -0.430746 0.04
-1.61842 -1.48362 0.1 0.1 21.5252 10.3723 0 0 0.889652 0.419047 0.01
-1.4088 -1.38773 0.1 0.1 20.4018 8.80819 0 0 -0.456923 -0.734834 0.01
-0.62398 -0.752512 0.1 0.1 11.0689 16.5357 0 0 -0.85489 0.835907 0.05
-0.265333 -0.301465 0.1 0.1 12.8323 13.549 0 0 0.354133 -0.422677 0.03
0.0810429 0.169842 0.1 0.1 4.54195 10.0397 0 0 -0.994295 -0.380236 0.04
0.145526 0.387714 0.1 0.1 1.91509 11.7419 0 0 -0.641211 0.479845 0.02
0.198228 0.586457 0.1 0.1 3.35041 8.14438 0 0 0.371982 -0.849714 0.02
0.22601 0.758299 0.1 0.1 -1.47435 3.33576 0 0 -0.800624 -0.773208 0.03
0.166952 0.943775 0.1 0.1 0.137788 0.823629 0 0 0.0863237 -0.129254 0.09
0.163198 0.947485 0.1 0.1 -0.886873 -0.0802223 0 0 -0.514824 -0.450303 0.01
0.159206 0.948682 0.1 0.1 0.0868118 0.318946 0 0 0.485363 0.200364 0.01
0.159759 0.951949 0.1 0.1 0.0239482 0.334354 0 0 -0.0311824 0.00932926 0.01
0.160818 0.958654 0.1 0.1 0.0465122 0.113795 0 0 0.00392956 -0.0356474 0.03
0.163388 0.960522 0.1 0.1 0.124481 0.0112519 0 0 0.0134303 -0.0167783 0.03
0.206292 1.19821 0.1 0.1 1.57984 9.41782 0 0 0.150186 0.96463 0.05
0.260171 1.52036 0.1 0.1 -0.0222052 -0.102397 0 0 -0.110851 -0.657145 0.07
0.259054 1.51905 0.1 0.1 -0.0892749 -0.0294005 0 0 -0.0170552 0.0179204 0.02
0.258724 1.51842 0.1 0.1 0.0229783 -0.0950013 0 0 0.0559949 -0.033107 0.01
0.25852 1.51822 0.1 0.1 -0.0635598 0.0530075 0 0 -0.0433878 0.0739048 0.01
