-2.23278 1.83135 0.1 0.1 0.0101766 0.00141953 0 0 0 0 0
-1.66306 2.24251 0.1 0.1 14.0471 10.142 0 0 0.913297 0.659737 0.08
-0.544908 2.74465 0.1 0.1 23.1337 6.63105 0 0 0.850409 -0.250575 0.06
0.971945 3.08388 0.1 0.1 27.3848 -1.50997 0 0 0.480709 0.996806 0.06
3.31757 2.09897 0.1 0.1 0.928075 -17.9149 0 0 0.0130384 -0.869461 0.1
3.21815 1.2392 0.1 0.1 -2.49512 -25.027 0 0 0.467858 -0.996656 0.04
2.48172 -0.640025 0.1 0.1 -15.7433 -21.9934 0 0 -0.875021 0.0718753 0.08
2.15137 -1.07171 0.1 0.1 -17.2872 -21.178 0 0 -0.467915 0.0956077 0.02
1.97432 -1.2788 0.1 0.1 -18.12 -20.2403 0 0 -0.50396 0.36497 0.01
0.322641 -2.73737 0.1 0.1 -28.9448 -21.4198 0 0 -0.89033 -0.189006 0.07
0.0422367 -2.955 0.1 0.1 -27.1389 -22.1044 0 0 0.763527 -0.451439 0.01
-2.23199 -2.95149 0.1 0.1 -37.7159 7.39099 0 0 -0.91822 0.675858 0.07
-3.2227 -1.59222 0.1 0.1 2.78239 22.5855 0 0 -0.76964 0.919589 0.09
-2.70995 1.13442 0.1 0.1 8.53389 37.7782 0 0 0.348667 0.995774 0.09
-2.17763 2.97674 0.1 0.1 12.7211 35.9305 0 0 0.470378 -0.000447162 0.05
-0.742393 2.74715 0.1 0.1 15.9312 -10.0199 0 0 0.23242 -0.413862 0.1
0.0201237 2.29094 0.1 0.1 1.2345 -0.26376 0 0 -0.774356 0.516805 0.09
0.0270728 2.28775 0.1 0.1 0.157122 -0.375069 0 0 -0.535428 -0.0572771 0.01
0.0301177 2.28562 0.1 0.1 0.451366 -0.0498835 0 0 0.148708 0.161564 0.01
0.0332312 2.2857 0.1 0.1 0.171805 0.0650125 0 0 -0.138277 0.0574922 0.01
0.033166 2.28585 0.1 0.1 -0.184254 -0.0356359 0 0 -0.178134 -0.0502651 0.01
0.0321707 2.28589 0.1 0.1 -0.0150815 0.0432175 0 0 0.0841232 0.0394553 0.01
0.0320584 2.28609 0.1 0.1 -0.00740218 -0.00292048 0 0 0.00378432 -0.0229723 0.01
