-0.282984 -2.905 0.1 0.1 -0.0400951 -0.0541385 0 0 0 0 0
-0.272964 -2.94438 0.1 0.1 1.03849 -3.87103 0 0 0.272259 -0.964244 0.02
-0.0601991 -3.00981 0.1 0.1 3.18101 0.236899 0 0 0.117782 -0.918848 0.1
0.851065 -2.50761 0.1 0.1 16.8631 10.7656 0 0 0.811005 0.612854 0.09
1.41144 -2.22526 0.1 0.1 11.1937 3.40115 0 0 -0.638726 -0.885591 0.04
3.08297 -1.33176 0.1 0.1 22.0524 14.2886 0 0 0.627304 0.5889 0.1
3.0137 0.0974035 0.1 0.1 -6.6837 17.4191 0 0 -0.408213 0.252867 0.09
2.94194 0.268238 0.1 0.1 -7.66736 16.7489 0 0 -0.528399 -0.249901 0.01
2.6286 0.711772 0.1 0.1 -13.194 12.8394 0 0 -0.974496 -0.578042 0.03
2.19915 1.12396 0.1 0.1 -15.4253 14.6306 0 0 -0.443545 0.367336 0.03
2.03857 1.27891 0.1 0.1 -16.6882 16.3571 0 0 -0.711791 0.940976 0.01
0.208897 2.98621 0.1 0.1 -28.8916 26.1937 0 0 -0.876984 0.721955 0.08
-1.81174 3.07697 0.1 0.1 -38.3672 -4.21354 0 0 -0.958093 -0.079183 0.06
-3.44012 3.00673 0.1 0.1 -6.63507 -0.215144 0 0 0.233441 0.899314 0.05
-2.78488 2.1256 0.1 0.1 9.9171 -17.1265 0 0 0.3074 -0.889771 0.1
-2.6823 1.94606 0.1 0.1 10.5968 -18.7776 0 0 0.391305 -0.915355 0.01
-2.34252 1.34553 0.1 0.1 12.0482 -21.2455 0 0 0.298678 -0.511285 0.03
-1.12627 0.139826 0.1 0.1 14.9361 -5.77957 0 0 0.228548 0.792539 0.09
-0.403666 0.227487 0.1 0.1 -0.231504 7.31459 0 0 -0.722843 0.658913 0.1
-0.405028 0.523522 0.1 0.1 0.138967 12.3957 0 0 0.0618636 0.896357 0.03
-0.392364 1.03303 0.1 0.1 0.17665 0.500577 0 0 0.00287553 -0.711728 0.08
-0.389535 1.03499 0.1 0.1 0.388751 -0.10786 0 0 0.107474 -0.303262 0.01
-0.382807 1.03688 0.1 0.1 0.0614507 0.232142 0 0 -0.053462 0.0569763 0.03
-0.380571 1.04191 0.1 0.1 -0.00468089 -0.101941 0 0 -0.00400317 -0.0205706 0.08
-0.398217 1.15633 0.1 0.1 -0.871765 5.78399 0 0 -0.110492 0.750142 0.04
-0.431184 1.37792 0.1 0.1 0.0353955 -0.165122 0 0 0.054589 -0.358021 0.08
-0.429806 1.37726 0.1 0.1 0.102119 0.0989892 0 0 0.0170523 0.0658797 0.02
-0.426679 1.38021 0.1 0.1 0.106352 0.0972706 0 0 0.00122716 0.000204317 0.03
-0.426831 1.38072 0.1 0.1 -0.136311 0.00556903 0 0 -0.12151 -0.045628 0.01
-0.42751 1.38051 0.1 0.1 0.000176323 -0.0482366 0 0 0.0679503 -0.0269997 0.01
