-0.319446 -2.51661 0.1 0.1 -0.0666992 0.0680005 0 0 0 0 0
-0.329585 -2.52331 0.1 0.1 -1.95796 -1.40608 0 0 -0.951006 -0.740514 0.01
-0.247005 -2.24097 0.1 0.1 4.24461 9.34763 0 0 0.449134 0.788421 0.07
-0.159383 -1.87782 0.1 0.1 1.60992 14.835 0 0 -0.424447 0.975201 0.03
0.470523 -0.801178 0.1 0.1 12.2284 9.17529 0 0 0.62561 -0.254588 0.09
1.75035 -0.0819375 0.1 0.1 16.1541 6.8425 0 0 0.289509 -0.089667 0.09
3.25944 1.14647 0.1 0.1 6.51741 20.2565 0 0 0.216673 0.813577 0.09
3.10345 2.50447 0.1 0.1 -6.29896 24.9615 0 0 -0.527995 0.505137 0.06
2.24507 2.9403 0.1 0.1 -12.6803 -7.98044 0 0 -0.402247 -0.72808 0.09
1.79992 2.70325 0.1 0.1 -16.9748 -7.8239 0 0 -0.79023 -0.0133102 0.03
0.302771 1.7915 0.1 0.1 -20.406 -14.8765 0 0 -0.308595 -0.49757 0.08
-0.38104 1.26823 0.1 0.1 -25.1568 -19.9829 0 0 -0.907672 -0.938 0.03
-0.628842 1.0611 0.1 0.1 -24.4049 -21.4417 0 0 0.250745 -0.832388 0.01
-1.14929 0.673345 0.1 0.1 -27.6297 -17.347 0 0 -0.937921 0.927206 0.02
-2.26981 -0.13968 0.1 0.1 -28.3928 -23.2639 0 0 -0.236262 -0.841169 0.04
-2.83363 -0.624314 0.1 0.1 -27.9908 -25.1928 0 0 -0.0397439 -0.60374 0.02
-3.28382 -2.09581 0.1 0.1 4.4052 -33.5963 0 0 0.782304 -0.987024 0.05
-3.23263 -2.42972 0.1 0.1 5.83049 -33.1849 0 0 0.739187 0.0387941 0.01
-3.17545 -2.76957 0.1 0.1 5.60705 -34.7824 0 0 -0.0827267 -0.968816 0.01
-2.82363 -3.241 0.1 0.1 11.9415 4.95035 0 0 0.835799 0.750434 0.04
-2.06669 -2.4567 0.1 0.1 9.71049 17.3142 0 0 -0.105243 0.939284 0.07
-1.28892 -1.08416 0.1 0.1 12.4772 21.8484 0 0 0.254153 0.421871 0.07
-1.03897 -0.628021 0.1 0.1 12.5184 23.7592 0 0 0.0738394 0.591699 0.02
-0.3646 1.20403 0.1 0.1 2.61865 17.0532 0 0 -0.513342 -0.271037 0.09
-0.236882 2.05397 0.1 0.1 -0.0223452 0.225817 0 0 -0.125988 -0.799032 0.1
-0.236715 2.05504 0.1 0.1 0.0554594 -0.0123812 0 0 0.0389956 -0.118584 0.01
-0.0292338 1.89243 0.1 0.1 8.176 -6.4386 0 0 0.833178 -0.658905 0.05
0.335614 1.60256 0.1 0.1 0.0537804 -0.0976698 0 0 -0.431174 0.336189 0.09
0.33618 1.60236 0.1 0.1 0.059431 0.0578148 0 0 0.00312318 0.0776572 0.01
0.335802 1.60452 0.1 0.1 -0.0734445 0.0286837 0 0 -0.0133347 -0.00270017 0.05
0.335618 1.60464 0.1 0.1 0.0364248 -0.00430524 0 0 0.0548765 -0.0164274 0.01
0.338118 1.60401 0.1 0.1 0.0262112 -0.0114243 0 0 -0.000482605 -0.000484681 0.08
