2.93507 -2.86677 0.1 0.1 -0.0140986 -0.0254963 0 0 0 0 0
3.18499 -2.7246 0.1 0.1 0.48609 4.03992 0 0 0.734803 0.300582 0.07
3.16982 -2.57681 0.1 0.1 -0.747137 5.80334 0 0 0.851362 0.31859 0.03
3.1448 -2.70426 0.1 0.1 -0.0356722 -8.42216 0 0 0.990939 -0.797523 0.09
2.57215 -3.04613 0.1 0.1 -14.093 1.29441 0 0 -0.914607 0.0363008 0.08
1.93421 -3.0123 0.1 0.1 -17.7795 0.435574 0 0 -0.54067 -0.239857 0.04
0.828759 -3.00322 0.1 0.1 -26.3669 0.0513896 0 0 -0.969499 -0.516706 0.05
-2.10547 -2.70913 0.1 0.1 -38.6533 6.39053 0 0 -0.845849 0.368303 0.09
-3.23283 -1.89012 0.1 0.1 5.74287 11.7266 0 0 0.0695022 0.341712 0.09
-3.1672 0.055331 0.1 0.1 -0.0855959 26.928 0 0 -0.554189 0.857425 0.1
-3.12812 1.26835 0.1 0.1 1.98206 33.6778 0 0 0.25747 0.995585 0.04
-2.55084 3.23308 0.1 0.1 10.7096 -4.9081 0 0 0.51656 -0.25903 0.09
-1.94602 3.04927 0.1 0.1 13.4603 -1.74999 0 0 0.335598 0.84924 0.05
-1.8188 3.02387 0.1 0.1 11.9853 -3.32624 0 0 -0.673995 -0.800906 0.01
-1.08967 2.46448 0.1 0.1 8.88327 -12.5489 0 0 -0.169503 -0.698785 0.07
-1.01197 0.975179 0.1 0.1 -7.05995 -17.1596 0 0 -0.794008 -0.305128 0.1
-1.08501 0.809289 0.1 0.1 -7.54642 -16.0203 0 0 -0.280247 0.486766 0.01
-1.65272 -0.055709 0.1 0.1 -3.87021 -1.5211 0 0 0.155809 0.681917 0.1
-1.93868 -0.111961 0.1 0.1 -7.53799 -0.735537 0 0 -0.395752 0.0727977 0.05
-2.07155 -0.162467 0.1 0.1 -5.75495 -4.30311 0 0 0.412698 -0.904506 0.02
-2.27116 -0.443084 0.1 0.1 -4.23559 -9.69185 0 0 0.16496 -0.708721 0.04
-2.34437 -0.643822 0.1 0.1 -0.662864 -3.72049 0 0 0.584282 0.962153 0.03
-2.3687 -0.706953 0.1 0.1 -1.76625 -2.59634 0 0 -0.282102 0.265207 0.02
-2.02576 -0.338325 0.1 0.1 8.45436 9.76307 0 0 0.52896 0.636676 0.1
-1.15166 0.327994 0.1 0.1 16.4274 9.28 0 0 0.632554 0.0133157 0.07
-0.279399 1.00365 0.1 0.1 3.15432 5.7869 0 0 -0.689879 -0.156747 0.09
-0.2206 1.14566 0.1 0.1 -0.76987 -0.057628 0 0 -0.387065 -0.570456 0.05
-0.220516 1.14556 0.1 0.1 0.784041 0.0373329 0 0 0.77768 0.047643 0.01
-0.214834 1.14583 0.1 0.1 0.353129 0.0158501 0 0 -0.212803 -0.0106667 0.01
-0.213653 1.14715 0.1 0.1 -0.116171 0.247816 0 0 -0.234232 0.116601 0.01
-0.215663 1.14869 0.1 0.1 -0.285493 0.0604201 0 0 -0.0857632 -0.0929666 0.01
-0.220942 1.14869 0.1 0.1 -0.242613 -0.0593759 0 0 0.00940137 -0.0299497 0.02
-0.224804 1.14882 0.1 0.1 -0.143883 0.0719335 0 0 0.0237469 0.032872 0.02
-0.225376 1.14993 0.1 0.1 0.029191 0.149994 0 0 0.086336 0.0396151 0.01
-0.225065 1.15134 0.1 0.1 0.0330366 0.132145 0 0 0.00207768 -0.00822068 0.01
-0.225437 1.15227 0.1 0.1 -0.107262 0.0532655 0 0 -0.0704059 -0.0390016 0.01
-0.226183 1.15312 0.1 0.1 -0.0419737 0.117496 0 0 0.0323076 0.0325565 0.01
-0.227265 1.1548 0.1 0.1 -0.0661137 0.050197 0 0 -0.00631499 -0.0164105 0.02
-0.227984 1.1549 0.1 0.1 0.0177477 -0.0429879 0 0 0.013865 -0.015513 0.03
-0.227739 1.15462 0.1 0.1 0.0311257 -0.0129027 0 0 0.00682087 0.0149074 0.01
