0.35511 -0.649201 0.1 0.1 0.0852946 -0.0826128 0 0 0 0 0
0.55443 -0.85586 0.1 0.1 7.82318 -8.11668 0 0 0.794217 -0.823966 0.05
0.731835 -1.04121 0.1 0.1 9.91046 -10.411 0 0 0.566418 -0.619923 0.02
0.946119 -1.24477 0.1 0.1 11.5126 -9.94579 0 0 0.454365 0.0654166 0.02
2.79239 -2.25287 0.1 0.1 25.1868 -10.21 0 0 0.776165 -0.0638811 0.1
2.86347 -3.08621 0.1 0.1 -11.6715 2.43228 0 0 -0.898971 -0.921279 0.1
1.93138 -2.67155 0.1 0.1 -19.3212 11.3015 0 0 -0.715388 0.773745 0.06
0.307211 -1.68732 0.1 0.1 -21.2565 13.2786 0 0 -0.222814 0.18474 0.08
-2.39092 0.044609 0.1 0.1 -32.5193 21.2266 0 0 -0.698881 0.483406 0.1
-3.07183 0.483247 0.1 0.1 -35.5615 22.6321 0 0 -0.931176 0.461145 0.02
-2.70159 2.59633 0.1 0.1 15.4572 19.6893 0 0 0.893104 -0.0406744 0.1
-1.42039 3.02823 0.1 0.1 21.0817 -4.87403 0 0 0.493332 -0.88751 0.07
-0.441195 2.66346 0.1 0.1 11.6526 -7.26093 0 0 -0.704314 -0.229238 0.06
-0.325063 2.59778 0.1 0.1 11.574 -5.87744 0 0 0.018817 0.659102 0.01
0.052897 2.46466 0.1 0.1 -0.632602 1.98251 0 0 -0.845179 0.552039 0.07
0.0468555 2.47487 0.1 0.1 -0.575797 0.0621088 0 0 0.02539 -0.955261 0.01
0.0444122 2.47435 0.1 0.1 0.0860388 -0.164481 0 0 0.329808 -0.113571 0.01
0.0456426 2.47393 0.1 0.1 0.159912 0.0788286 0 0 0.0375642 0.121463 0.01
0.0459416 2.47473 0.1 0.1 -0.129048 0.00163975 0 0 -0.0721896 -0.0191001 0.02
0.0440914 2.47472 0.1 0.1 -0.0562151 -0.0026176 0 0 0.0177518 -0.00106698 0.02
0.0438188 2.47443 0.1 0.1 0.00159805 -0.0551289 0 0 0.02878 -0.0264047 0.01
