-0.310276 1.00866 0.1 0.1 0.0551945 0.0327665 0 0 0 0 0
-0.49267 1.74575 0.1 0.1 -4.04626 16.1059 0 0 -0.23801 0.934007 0.09
-0.606128 2.28887 0.1 0.1 -3.52004 20.0821 0 0 0.0687048 0.753362 0.03
-1.43147 3.08227 0.1 0.1 -16.9355 -2.28345 0 0 -0.890255 0.419831 0.08
-2.14008 2.8385 0.1 0.1 -18.4845 -9.85466 0 0 -0.282254 -0.976974 0.04
-2.64651 2.47716 0.1 0.1 -15.2933 -14.2128 0 0 0.447352 -0.786585 0.03
-2.79717 2.32581 0.1 0.1 -14.8385 -16.0558 0 0 0.151647 -0.997147 0.01
-3.19139 0.578483 0.1 0.1 1.62691 -27.4738 0 0 -0.426658 -0.822736 0.08
-2.33235 -1.90746 0.1 0.1 17.2303 -27.7632 0 0 0.91539 -0.154022 0.09
-1.75784 -2.77636 0.1 0.1 21.051 -30.1516 0 0 0.73257 -0.543208 0.03
-0.636304 -3.15203 0.1 0.1 23.7871 5.07207 0 0 0.385654 0.614698 0.05
0.372892 -2.81026 0.1 0.1 26.6532 11.9708 0 0 0.484548 0.905097 0.04
0.635887 -2.68613 0.1 0.1 25.9471 12.8526 0 0 -0.221298 0.502746 0.01
2.48543 -1.81048 0.1 0.1 35.6051 16.3033 0 0 0.960241 0.359805 0.06
3.02284 0.642593 0.1 0.1 -8.93711 32.4811 0 0 -0.568034 0.930849 0.1
1.72251 3.16369 0.1 0.1 -19.8007 6.45596 0 0 -0.676173 -0.177303 0.09
1.5237 3.18777 0.1 0.1 -19.9595 -0.505013 0 0 -0.178684 0.0136337 0.01
-1.12081 2.54636 0.1 0.1 -32.7165 -10.6178 0 0 -0.770351 -0.453505 0.1
-1.80586 2.30656 0.1 0.1 -35.7779 -13.3539 0 0 -0.937591 -0.74327 0.02
-2.5266 2.01829 0.1 0.1 -36.2936 -15.4653 0 0 -0.310304 -0.598821 0.02
-2.89657 1.87299 0.1 0.1 -37.6989 -13.5988 0 0 -0.889242 0.862048 0.01
-2.74607 1.21353 0.1 0.1 16.2805 0.185211 0 0 0.955259 0.657064 0.1
-2.38703 1.25395 0.1 0.1 19.6126 3.8454 0 0 0.92362 0.92585 0.02
-0.83956 1.45425 0.1 0.1 11.4716 0.221712 0 0 -0.3301 -0.171026 0.1
-0.644034 1.47338 0.1 0.1 8.0922 1.68602 0 0 -0.796546 0.370861 0.02
-0.369716 1.52985 0.1 0.1 -0.158481 -0.052189 0 0 -0.570191 -0.120232 0.07
-0.370465 1.52949 0.1 0.1 0.00845849 -0.0203362 0 0 0.083157 0.0157631 0.01
