-1.13721 1.69493 0.1 0.1 -0.0214699 0.0311154 0 0 0 0 0
-0.518198 0.976836 0.1 0.1 13.5727 -15.7529 0 0 0.790064 -0.916723 0.09
0.0779628 0.203317 0.1 0.1 16.2179 -22.8755 0 0 0.405317 -0.986916 0.04
0.729098 -0.756296 0.1 0.1 16.3383 -25.0901 0 0 0.0963089 -0.396899 0.04
1.07863 -1.25691 0.1 0.1 18.6071 -24.9719 0 0 0.654872 -0.0957279 0.02
1.91462 -2.26096 0.1 0.1 23.1627 -25.2283 0 0 0.673861 -0.157932 0.04
2.66531 -2.99971 0.1 0.1 26.8647 -24.028 0 0 0.741981 0.0766478 0.03
3.05482 -2.94414 0.1 0.1 -8.66146 4.43677 0 0 -0.764988 0.0810454 0.09
2.13087 -2.31041 0.1 0.1 -9.79836 8.17575 0 0 -0.103103 0.218625 0.1
1.62272 -2.06541 0.1 0.1 -15.5707 4.10167 0 0 -0.785501 -0.478907 0.04
0.343826 -1.57112 0.1 0.1 -20.9062 9.95308 0 0 -0.472845 0.452941 0.07
-1.00998 -1.03747 0.1 0.1 -24.1879 7.85655 0 0 -0.386887 -0.130862 0.06
-3.09327 -0.419276 0.1 0.1 -35.2059 9.78381 0 0 -0.936863 0.180958 0.07
-3.26888 0.248202 0.1 0.1 7.55835 16.8636 0 0 0.940186 0.77642 0.05
-2.32148 1.70013 0.1 0.1 19.3774 24.5303 0 0 0.911951 0.651854 0.07
0.483099 3.10062 0.1 0.1 36.4237 -2.86036 0 0 0.992213 -0.432979 0.1
1.9922 2.94094 0.1 0.1 39.0139 -5.10864 0 0 0.512544 -0.300878 0.04
2.38988 2.89304 0.1 0.1 40.5193 -4.47249 0 0 0.951787 0.294535 0.01
2.79593 2.83933 0.1 0.1 40.6901 -6.26799 0 0 0.288605 -0.92428 0.01
3.02458 1.52095 0.1 0.1 -9.81613 -22.7798 0 0 -0.552535 -0.990569 0.09
1.61824 -1.13596 0.1 0.1 -21.2757 -36.0616 0 0 -0.715709 -0.885827 0.09
0.63377 -2.69453 0.1 0.1 -27.9039 -41.8288 0 0 -0.948963 -0.916492 0.04
-2.91669 -2.63574 0.1 0.1 -42.8541 15.7212 0 0 -0.925337 0.90671 0.1
-3.04896 -1.47478 0.1 0.1 13.8661 13.3327 0 0 0.897981 -0.0768718 0.08
-2.58634 -1.14222 0.1 0.1 16.96 8.86061 0 0 0.59349 -0.690184 0.03
-1.60645 -0.565332 0.1 0.1 22.1917 14.1706 0 0 0.622299 0.588628 0.05
-0.390507 0.92754 0.1 0.1 2.45788 15.6609 0 0 -0.926962 0.148778 0.1
-0.306459 1.46143 0.1 0.1 1.749 11.0643 0 0 -0.0785584 -0.507964 0.04
-0.213973 1.99635 0.1 0.1 0.126857 -0.178562 0 0 -0.076653 -0.535502 0.1
-0.204418 1.98922 0.1 0.1 0.086088 0.0170437 0 0 -0.00173435 0.0104722 0.09
-0.204147 1.98951 0.1 0.1 -0.0316323 0.0424024 0 0 -0.0587531 0.0128253 0.01
-0.20437 1.98966 0.1 0.1 -0.0130318 -0.0138353 0 0 0.00919101 -0.0280518 0.01
