0.251946 -2.14803 0.1 0.1 -0.0781212 -0.000163361 0 0 0 0 0
0.554984 -1.92285 0.1 0.1 10.0773 7.43199 0 0 0.872044 0.638242 0.06
1.43484 -1.37524 0.1 0.1 19.1592 10.7887 0 0 0.831064 0.325282 0.06
2.19515 -0.805023 0.1 0.1 18.8582 17.6761 0 0 0.0583205 0.931987 0.04
3.21872 1.47699 0.1 0.1 -2.44637 27.796 0 0 0.914953 0.619695 0.1
3.18842 1.76342 0.1 0.1 -3.61252 29.4856 0 0 -0.59918 0.988102 0.01
3.08718 2.38634 0.1 0.1 -6.50121 32.7955 0 0 -0.748387 0.983322 0.02
3.01894 2.71829 0.1 0.1 -7.14749 33.5935 0 0 -0.35776 0.565062 0.01
1.8563 3.07077 0.1 0.1 -21.7234 -2.44257 0 0 -0.983805 0.721841 0.08
0.442795 2.66514 0.1 0.1 -25.3565 -10.9936 0 0 -0.420711 -0.746354 0.06
-0.666142 2.17196 0.1 0.1 -30.0582 -13.648 0 0 -0.727147 -0.392955 0.04
-1.29961 1.91512 0.1 0.1 -33.2782 -12.042 0 0 -0.964691 0.338271 0.02
-2.33463 1.56361 0.1 0.1 -35.7109 -11.3955 0 0 -0.579198 0.0504045 0.03
-3.20952 0.287379 0.1 0.1 5.27931 -20.384 0 0 0.402427 -0.640547 0.08
-2.58613 -1.93589 0.1 0.1 7.15614 -24.0205 0 0 0.125185 -0.293017 0.1
-1.36742 -3.10183 0.1 0.1 19.739 3.03366 0 0 0.766932 0.29746 0.09
-0.445347 -3.02279 0.1 0.1 26.3207 0.95339 0 0 0.9382 -0.254171 0.04
1.68903 -2.67829 0.1 0.1 34.5645 8.79906 0 0 0.741535 0.584824 0.07
2.67544 -2.33124 0.1 0.1 31.2126 14.3099 0 0 -0.393851 0.975797 0.03
2.99337 -2.1813 0.1 0.1 32.3707 15.6761 0 0 0.739276 0.757359 0.01
2.90226 -0.35107 0.1 0.1 -11.4079 24.8562 0 0 -0.82857 0.611374 0.09
2.79264 -0.104869 0.1 0.1 -10.5169 24.3847 0 0 0.391105 -0.112542 0.01
1.25451 1.61217 0.1 0.1 -23.4731 13.926 0 0 -0.805856 -0.485705 0.09
0.822077 1.87509 0.1 0.1 -19.7826 12.3709 0 0 0.815442 -0.322489 0.02
0.447571 2.10694 0.1 0.1 -17.675 10.82 0 0 0.433816 -0.329439 0.02
-0.370363 2.57917 0.1 0.1 1.00616 -1.17451 0 0 0.893549 -0.576133 0.1
-0.359967 2.57445 0.1 0.1 1.0729 0.228952 0 0 0.0385713 0.699496 0.01
-0.332249 2.28855 0.1 0.1 -0.13667 -9.66026 0 0 -0.0985433 -0.848069 0.06
-0.282904 2.04093 0.1 0.1 3.40852 -6.86176 0 0 0.599335 0.425261 0.03
-0.200288 1.87356 0.1 0.1 -0.0748748 0.108894 0 0 -0.340195 0.680419 0.05
-0.201323 1.87453 0.1 0.1 0.0325647 -0.0687206 0 0 0.0106444 -0.0176666 0.05
-0.201097 1.87455 0.1 0.1 0.0127411 0.0734786 0 0 -0.00979642 0.0711233 0.01
-0.200937 1.87917 0.1 0.1 -0.00793384 0.0587251 0 0 -0.0014663 -0.000724079 0.07
-0.201071 1.87939 0.1 0.1 -0.0188418 -0.0145811 0 0 -0.00552787 -0.03655 0.01
-0.201174 1.87911 0.1 0.1 0.00842691 -0.0140867 0 0 0.00679513 5.26701e-05 0.02
