-0.515001 -0.671211 0.1 0.1 0.00604279 0.0615655 0 0 0 0 0
-0.489612 -0.663141 0.1 0.1 2.52449 0.743151 0 0 0.636664 0.172659 0.02
-0.243281 -0.504595 0.1 0.1 5.65516 4.50416 0 0 0.281818 0.326765 0.06
-0.132024 -0.441653 0.1 0.1 5.47123 1.79897 0 0 -0.0184422 -0.660712 0.02
0.154367 -0.355095 0.1 0.1 8.82594 2.52414 0 0 0.455641 0.101617 0.04
1.39781 -0.113452 0.1 0.1 22.0834 3.50402 0 0 0.907273 0.0766172 0.08
2.34282 -0.100869 0.1 0.1 25.1467 -2.83263 0 0 0.501155 -0.790549 0.04
3.06237 -0.2324 0.1 0.1 22.8351 -5.92063 0 0 -0.266009 -0.536926 0.03
2.94798 -0.90739 0.1 0.1 -11.0032 -10.8935 0 0 -0.957165 -0.353865 0.08
1.24267 -2.53137 0.1 0.1 -26.6643 -24.9832 0 0 -0.964507 -0.873625 0.09
0.970605 -2.78678 0.1 0.1 -27.7461 -26.0972 0 0 -0.67602 -0.685192 0.01
-2.62647 -2.82229 0.1 0.1 -43.9251 8.19085 0 0 -0.989071 0.456041 0.1
-3.06726 -2.73565 0.1 0.1 -44.2315 9.13407 0 0 -0.373886 0.514258 0.01
-2.69728 -1.05991 0.1 0.1 16.2792 24.1295 0 0 0.875716 0.83357 0.1
-2.52665 -0.817433 0.1 0.1 17.8446 24.3647 0 0 0.870034 0.238845 0.01
-1.84304 0.0596466 0.1 0.1 16.3474 19.5212 0 0 -0.101632 -0.496087 0.04
-0.815502 1.20017 0.1 0.1 13.05 13.1392 0 0 -0.162966 -0.374421 0.07
-0.174754 1.77073 0.1 0.1 -0.0200314 -1.48406 0 0 -0.622187 -0.702809 0.1
-0.178791 1.76069 0.1 0.1 -0.785968 -0.524401 0 0 -0.385155 0.474846 0.01
-0.227969 1.76942 0.1 0.1 -0.447987 0.725979 0 0 0.0180731 0.0787111 0.08
-0.231832 1.77682 0.1 0.1 -0.324831 0.753408 0 0 0.059685 0.0174239 0.01
-0.235499 1.78009 0.1 0.1 -0.408553 -0.09768 0 0 -0.0437738 -0.423987 0.01
-0.247166 1.76387 0.1 0.1 0.165649 -0.224614 0 0 0.028143 -0.00715508 0.1
-0.247039 1.76265 0.1 0.1 -0.139747 -0.0195176 0 0 -0.152713 0.101936 0.01
-0.247491 1.76287 0.1 0.1 0.0490636 0.0634827 0 0 0.0942414 0.04163 0.01
-0.246477 1.76319 0.1 0.1 0.0523934 -0.0313604 0 0 0.00108351 -0.0236353 0.02
-0.223847 1.7498 0.1 0.1 2.20343 -1.30383 0 0 0.5437 -0.321447 0.02
-0.201463 1.73684 0.1 0.1 0.0420867 0.00349677 0 0 -0.535024 0.323575 0.02
-0.201343 1.73688 0.1 0.1 -0.01782 0.00386667 0 0 -0.0299112 0.000199295 0.01
