-0.466513 -1.75523 0.1 0.1 -0.0445147 -0.0711188 0 0 0 0 0
-1.21474 -1.33265 0.1 0.1 -14.6753 8.38268 0 0 -0.769433 0.443693 0.1
-3.10425 -0.628662 0.1 0.1 -22.9766 5.74167 0 0 -0.510146 -0.0973034 0.1
-3.17152 -0.0126684 0.1 0.1 5.81233 14.7067 0 0 0.577141 0.799383 0.06
-2.56574 0.521286 0.1 0.1 14.2957 3.20656 0 0 0.757772 -0.913706 0.06
-1.87159 0.796929 0.1 0.1 20.3718 10.5266 0 0 0.847178 0.950084 0.04
-0.729974 1.10425 0.1 0.1 17.7077 -0.175422 0 0 -0.127546 -0.866111 0.06
0.0220247 1.09223 0.1 0.1 19.8778 -0.42411 0 0 0.365505 -0.0321754 0.04
0.996648 1.06284 0.1 0.1 -0.0533816 -0.166869 0 0 -0.948704 0.0112425 0.1
0.920404 1.38916 0.1 0.1 -2.46376 10.9333 0 0 -0.207173 0.952319 0.06
0.839257 1.76769 0.1 0.1 0.11494 0.00913674 0 0 0.178369 -0.753365 0.07
0.843572 1.77071 0.1 0.1 0.00956218 0.0765518 0 0 -0.0072227 0.00503141 0.07
0.450838 1.6646 0.1 0.1 -9.69831 -2.6927 0 0 -0.631703 -0.179788 0.08
0.140672 1.57849 0.1 0.1 -0.730374 -0.202321 0 0 0.721989 0.200551 0.06
0.13437 1.57854 0.1 0.1 -0.530346 0.210776 0 0 0.0969664 0.206624 0.01
0.113112 1.60717 0.1 0.1 -0.00804819 0.50115 0 0 0.0313401 0.0199466 0.08
0.114016 1.60871 0.1 0.1 0.18859 -0.191523 0 0 0.0987796 -0.345609 0.01
0.11502 1.6094 0.1 0.1 0.0123339 0.328269 0 0 -0.0876424 0.260271 0.01
0.115539 1.61314 0.1 0.1 0.0395344 0.0468125 0 0 0.00692296 -0.0694398 0.02
0.117048 1.61523 0.1 0.1 0.0209921 0.0366747 0 0 -0.0017047 -0.000805759 0.05
0.117604 1.61556 0.1 0.1 0.0345606 -0.00292562 0 0 0.00353176 -0.00981718 0.02
