1.54597 1.26959 0.1 0.1 0.0176281 -0.0601673 0 0 0 0 0
1.54092 1.27336 0.1 0.1 -0.159868 0.165244 0 0 -0.0130455 0.0163699 0.07
1.53339 1.27693 0.1 0.1 -1.34353 0.548165 0 0 -0.596027 0.193139 0.01
1.48737 1.19882 0.1 0.1 0.172758 -2.46093 0 0 0.0919215 -0.19296 0.08
0.678792 0.316567 0.1 0.1 -16.0717 -14.9757 0 0 -0.853798 -0.670156 0.1
0.0143275 -0.781816 0.1 0.1 -6.17748 -21.5708 0 0 0.769995 -0.640909 0.06
0.0166334 -2.04264 0.1 0.1 6.10302 -14.5342 0 0 0.878422 0.412804 0.07
0.138584 -2.35198 0.1 0.1 6.09207 -16.3941 0 0 0.0277716 -0.54243 0.02
0.662535 -3.12213 0.1 0.1 14.7943 -1.52792 0 0 0.922787 -0.900939 0.05
1.34179 -2.99664 0.1 0.1 19.1394 6.70348 0 0 0.628147 0.889859 0.04
1.75587 -2.89153 0.1 0.1 22.2584 3.81721 0 0 0.88354 -0.695541 0.02
3.27441 -2.32185 0.1 0.1 22.8666 15.061 0 0 0.630272 0.984262 0.06
2.65066 -0.246 0.1 0.1 -15.3511 26.2695 0 0 -0.793371 0.664034 0.1
0.270365 3.20229 0.1 0.1 -31.9812 34.2672 0 0 -0.950648 0.980486 0.1
-0.0538672 3.39062 0.1 0.1 -32.8636 7.34461 0 0 -0.603009 -0.59755 0.01
-2.68133 2.79396 0.1 0.1 -42.0975 -14.4945 0 0 -0.847388 -0.775023 0.07
-3.09843 2.64033 0.1 0.1 -41.3247 -16.2294 0 0 0.17726 -0.94363 0.01
-2.81955 0.562205 0.1 0.1 15.5196 -29.7489 0 0 0.93893 -0.866388 0.09
-2.52129 -0.0639792 0.1 0.1 14.3106 -32.8591 0 0 -0.228299 -0.93427 0.02
-2.3793 -0.399603 0.1 0.1 14.0883 -34.2634 0 0 -0.0405117 -0.870202 0.01
-2.0241 -1.45705 0.1 0.1 9.61334 -36.2234 0 0 -0.68706 -0.503299 0.03
-1.93188 -1.82393 0.1 0.1 8.83124 -37.1516 0 0 -0.344544 -0.647754 0.01
-1.83931 -2.20108 0.1 0.1 9.68194 -38.276 0 0 0.472515 -0.750957 0.01
-1.68439 -2.97338 0.1 0.1 5.82265 -38.9522 0 0 -0.925919 -0.362166 0.02
-1.34534 -2.73216 0.1 0.1 1.77105 13.517 0 0 -0.206422 0.769363 0.09
-1.37143 -1.61409 0.1 0.1 -2.5981 23.6507 0 0 -0.366102 0.937777 0.06
-0.9488 -0.0580668 0.1 0.1 12.9572 15.3601 0 0 0.999769 -0.420715 0.08
-0.202149 1.1716 0.1 0.1 5.80526 15.381 0 0 -0.401054 0.0780468 0.08
0.0664609 1.78 0.1 0.1 0.972634 0.0334613 0 0 -0.285772 -0.921403 0.08
0.0927071 1.79346 0.1 0.1 -0.0871696 0.411602 0 0 -0.086178 0.0326285 0.06
0.0921767 1.79524 0.1 0.1 -0.0190211 -0.0548314 0 0 0.0338 -0.232363 0.01
0.0917682 1.79492 0.1 0.1 -0.0626215 -0.0104286 0 0 -0.0220145 0.0220396 0.01
0.0912301 1.79484 0.1 0.1 -0.0450128 -0.00607945 0 0 0.00854076 0.00213478 0.01
