0.071143 -1.32172 0.1 0.1 -0.0146313 -0.0132213 0 0 0 0 0
0.313915 -1.47093 0.1 0.1 6.00387 -3.66811 0 0 0.391558 -0.237727 0.08
1.22626 -1.40436 0.1 0.1 16.6621 5.21465 0 0 0.723789 0.559403 0.08
1.56391 -1.33904 0.1 0.1 17.101 1.3305 0 0 0.194128 -0.955157 0.02
2.60252 -1.05827 0.1 0.1 24.382 9.82956 0 0 0.833064 0.877861 0.05
3.04978 0.105704 0.1 0.1 -8.33031 15.9416 0 0 -0.916499 0.403539 0.09
1.76248 0.926851 0.1 0.1 -17.2676 0.733605 0 0 -0.511881 -0.719506 0.1
1.59938 0.931144 0.1 0.1 -15.3568 0.125874 0 0 0.874665 -0.301248 0.01
1.06662 0.878204 0.1 0.1 -20.1365 -3.6365 0 0 -0.886408 -0.635963 0.03
0.876117 0.84252 0.1 0.1 -17.9671 -3.50063 0 0 0.990371 0.0507461 0.01
-0.0198305 0.684269 0.1 0.1 -0.247315 0.273607 0 0 0.842116 0.181211 0.1
-0.0250667 0.680697 0.1 0.1 -0.0160354 -0.447409 0 0 0.028254 -0.0905792 0.04
-0.0252317 0.67959 0.1 0.1 -0.0169707 0.224963 0 0 -0.000435302 0.335691 0.01
-0.0258091 0.679901 0.1 0.1 -0.0214954 -0.202081 0 0 -0.000875531 -0.0711348 0.03
-0.0190714 1.00049 0.1 0.1 0.243784 10.7787 0 0 0.0229558 0.941947 0.06
-0.0119189 1.2983 0.1 0.1 0.114495 4.15594 0 0 -0.0155554 -0.790767 0.04
-0.000644494 1.40787 0.1 0.1 0.334596 0.259133 0 0 0.0230627 -0.378787 0.05
0.000110539 1.40991 0.1 0.1 -0.182729 0.149819 0 0 -0.258491 -0.0536984 0.01
-0.000879318 1.41144 0.1 0.1 0.0828583 0.00336575 0 0 0.0661916 -0.0362241 0.02
-0.000220962 1.41129 0.1 0.1 0.0488695 -0.0341276 0 0 -0.0166819 -0.0188305 0.01
1.34195e-05 1.41136 0.1 0.1 -0.00190851 0.0481686 0 0 -0.0252823 0.0411854 0.01
