-1.6679 1.44631 0.1 0.1 -0.0672449 -0.058661 0 0 0 0 0
-0.914497 2.05181 0.1 0.1 16.5632 13.3133 0 0 0.96627 0.7769 0.09
1.48419 3.10278 0.1 0.1 31.1651 -0.822309 0 0 0.849964 -0.047713 0.1
2.45829 3.05165 0.1 0.1 33.7621 -1.70129 0 0 0.595315 0.0842984 0.03
2.99887 3.00303 0.1 0.1 -10.541 -0.0376544 0 0 -0.758498 0.541686 0.1
2.53076 3.00167 0.1 0.1 -12.8491 -0.021104 0 0 -0.347094 0.271906 0.04
1.35245 3.00141 0.1 0.1 -16.5591 0.000249204 0 0 -0.305575 0.355885 0.08
0.986569 3.00164 0.1 0.1 -20.0178 0.0151055 0 0 -0.956375 0.560012 0.02
-1.16131 2.45441 0.1 0.1 -33.4974 -13.5172 0 0 -0.977129 -0.879802 0.08
-1.84169 2.18798 0.1 0.1 -34.5369 -13.1268 0 0 -0.430919 0.031933 0.02
-2.93053 1.87915 0.1 0.1 -38.0356 -7.49032 0 0 -0.765639 0.88935 0.03
-2.71607 1.45644 0.1 0.1 17.321 -1.06621 0 0 0.991315 0.300796 0.1
-2.53495 1.43679 0.1 0.1 18.9004 -2.86057 0 0 0.880704 -0.906645 0.01
-1.90087 1.42219 0.1 0.1 23.349 1.86375 0 0 0.847852 0.785729 0.03
-1.4345 1.44158 0.1 0.1 23.2881 0.0810256 0 0 0.101229 -0.440325 0.02
-1.0035 1.47963 0.1 0.1 19.8238 3.71211 0 0 -0.758889 0.917775 0.02
-0.173343 1.73858 0.1 0.1 7.96632 4.90823 0 0 -0.919734 0.121331 0.06
-0.00751982 1.83777 0.1 0.1 0.375217 0.0832559 0 0 -0.928823 -0.590921 0.04
-0.00434974 1.83724 0.1 0.1 0.258992 -0.188846 0 0 -0.0565761 -0.136346 0.01
-0.00397451 1.82706 0.1 0.1 -0.239828 -0.217955 0 0 -0.0498732 -0.00393475 0.05
-0.0076873 1.82508 0.1 0.1 -0.131811 0.0184866 0 0 0.0260985 0.058627 0.02
