3.01396 2.51527 0.1 0.1 -0.0136334 -0.0834996 0 0 0 0 0
3.08997 2.44532 0.1 0.1 5.05567 -4.55742 0 0 0.857841 -0.757435 0.03
3.15444 1.9839 0.1 0.1 -0.452985 -8.57916 0 0 0.212848 -0.320279 0.07
3.0715 1.49855 0.1 0.1 -3.67183 -15.6413 0 0 -0.4133 -0.943635 0.04
2.26773 -0.232134 0.1 0.1 -14.0353 -22.7119 0 0 -0.621447 -0.489177 0.09
1.79353 -0.93939 0.1 0.1 -17.5615 -24.4298 0 0 -0.666658 -0.404606 0.03
0.954858 -1.90493 0.1 0.1 -24.3282 -23.8508 0 0 -0.949619 -0.048942 0.04
0.715282 -2.15197 0.1 0.1 -23.5882 -25.5548 0 0 0.252086 -0.976242 0.01
0.00348798 -2.96843 0.1 0.1 -23.8622 -28.8597 0 0 -0.163131 -0.68731 0.03
-2.3391 -2.8134 0.1 0.1 -34.5602 12.2085 0 0 -0.815345 0.929124 0.08
-3.3298 -2.17865 0.1 0.1 -2.16957 19.4793 0 0 0.182366 0.987997 0.04
-3.29601 -1.82294 0.1 0.1 3.42994 16.1029 0 0 -0.607968 -0.755231 0.02
-2.31373 -0.38201 0.1 0.1 18.1764 15.9205 0 0 0.875034 0.0700293 0.09
-2.13065 -0.222637 0.1 0.1 18.4405 15.954 0 0 0.224048 0.0963702 0.01
-1.61549 0.32277 0.1 0.1 15.9165 20.3842 0 0 -0.335044 0.829244 0.03
-1.27673 0.689744 0.1 0.1 17.9523 16.3267 0 0 0.593309 -0.922456 0.02
0.115602 1.66874 0.1 0.1 13.0597 5.58966 0 0 -0.195278 -0.542046 0.09
0.541854 1.87241 0.1 0.1 -0.721029 0.291786 0 0 -0.954571 -0.364001 0.07
0.538148 1.87276 0.1 0.1 -0.0213949 -0.221158 0 0 0.34813 -0.256304 0.01
0.537342 1.86374 0.1 0.1 -0.0189117 -0.230151 0 0 0.000209653 -0.00225278 0.04
0.531783 1.85945 0.1 0.1 -0.201925 0.0565183 0 0 -0.0188643 0.0282418 0.05
0.529811 1.86146 0.1 0.1 0.00399283 0.143678 0 0 0.0510176 0.0223007 0.02
0.530219 1.86237 0.1 0.1 0.0775945 0.0384149 0 0 0.0370198 -0.052182 0.01
0.530723 1.86232 0.1 0.1 0.0232213 -0.0472539 0 0 -0.0269546 -0.0428673 0.01
0.530768 1.86163 0.1 0.1 -0.0185715 -0.0219823 0 0 -0.0104421 0.00614497 0.02
0.529906 1.86155 0.1 0.1 -0.0159424 0.0181927 0 0 0.000177277 0.00400958 0.05
0.529741 1.86158 0.1 0.1 -0.0170197 -0.0110645 0 0 -0.000622972 -0.0146135 0.01
