2.65994 2.32902 0.1 0.1 0.0275212 0.0500105 0 0 0 0 0
2.63924 2.28487 0.1 0.1 -1.40035 -2.97831 0 0 -0.241537 -0.512172 0.03
2.05529 2.66564 0.1 0.1 -13.0436 12.2936 0 0 -0.764416 0.978488 0.08
1.6047 3.02181 0.1 0.1 -16.9761 9.49922 0 0 -0.730601 -0.0801831 0.03
-0.84987 2.43026 0.1 0.1 -31.8641 -15.6344 0 0 -0.867464 -0.985164 0.1
-1.82084 1.92175 0.1 0.1 -32.8613 -18.2539 0 0 -0.329347 -0.520487 0.03
-3.25823 0.618119 0.1 0.1 3.53715 -10.8226 0 0 -0.263269 0.3416 0.09
-2.63177 -0.468099 0.1 0.1 14.237 -20.1037 0 0 0.809594 -0.740356 0.07
-0.638203 -2.9029 0.1 0.1 29.8331 -33.7953 0 0 0.977267 -0.896309 0.09
2.25944 -2.92033 0.1 0.1 42.4383 8.25449 0 0 0.96902 0.543487 0.08
2.68787 -2.83552 0.1 0.1 43.2461 8.70632 0 0 0.618422 0.267818 0.01
3.12799 -2.74618 0.1 0.1 44.775 9.16045 0 0 0.985051 0.271022 0.01
3.05822 -1.27177 0.1 0.1 -7.38836 23.3909 0 0 -0.0794154 0.872579 0.09
1.46461 0.319661 0.1 0.1 -24.2031 8.68205 0 0 -0.921559 -0.656327 0.1
0.651887 0.693896 0.1 0.1 -16.4846 10.0209 0 0 0.864459 0.214721 0.04
-0.00125607 1.0657 0.1 0.1 -0.0620556 -0.583597 0 0 0.98641 -0.639275 0.08
-0.00632784 1.06075 0.1 0.1 -0.274998 0.249525 0 0 -0.0363288 0.138043 0.03
-0.00629756 1.06141 0.1 0.1 0.280131 -0.117784 0 0 0.277777 -0.183281 0.01
-0.00358898 1.06056 0.1 0.1 0.261614 -0.0512417 0 0 -0.007903 0.0328521 0.01
-0.00245337 1.0599 0.1 0.1 -0.0340008 -0.0813845 0 0 -0.147377 -0.015447 0.01
-0.00266452 1.05936 0.1 0.1 -0.00827148 -0.0272367 0 0 0.0127782 0.0268108 0.01
