-1.58124 2.94305 0.1 0.1 0.0730683 0.0207441 0 0 0 0 0
-0.954325 3.00998 0.1 0.1 13.6547 -0.25445 0 0 0.78955 0.500553 0.09
0.283443 2.93264 0.1 0.1 21.6172 -1.93602 0 0 0.65732 -0.125624 0.07
1.89307 2.75256 0.1 0.1 31.9337 -4.04606 0 0 0.994128 -0.19067 0.06
2.91564 2.66781 0.1 0.1 36.2164 -1.61637 0 0 0.884481 0.391417 0.03
3.07755 2.98375 0.1 0.1 -10.7016 9.3701 0 0 -0.702294 0.706697 0.08
1.11905 3.01011 0.1 0.1 -28.1769 -0.266095 0 0 -0.971888 0.853732 0.1
0.212697 3.00391 0.1 0.1 -32.2261 -0.137287 0 0 -0.826103 0.0303303 0.03
-2.94838 3.00267 0.1 0.1 -37.9344 0.00238571 0 0 -0.492821 0.684604 0.09
-2.78666 2.07252 0.1 0.1 15.1287 -18.302 0 0 0.782167 -0.961902 0.1
-2.06496 1.24389 0.1 0.1 20.9174 -23.0981 0 0 0.814513 -0.702731 0.04
-1.16004 0.325393 0.1 0.1 24.3059 -22.8281 0 0 0.537477 -0.0805487 0.04
-0.911835 0.0913891 0.1 0.1 25.3343 -23.9707 0 0 0.638776 -0.688043 0.01
-0.660902 -0.153349 0.1 0.1 24.8532 -24.9752 0 0 -0.115558 -0.624834 0.01
-0.417571 -0.410421 0.1 0.1 23.8147 -26.4368 0 0 -0.398632 -0.859823 0.01
1.3041 -1.99996 0.1 0.1 33.4805 -26.5443 0 0 0.948844 -0.142018 0.06
2.35461 -2.76403 0.1 0.1 36.5383 -24.4049 0 0 0.684086 0.228409 0.03
3.11385 -3.14193 0.1 0.1 39.3754 -6.27974 0 0 0.898863 -0.810917 0.02
2.63887 -2.57689 0.1 0.1 -17.5581 11.5338 0 0 -0.964648 0.589966 0.1
0.108079 -0.856255 0.1 0.1 -32.8002 22.6967 0 0 -0.889591 0.643538 0.1
-1.66238 0.0221421 0.1 0.1 -37.9762 12.5225 0 0 -0.695955 -0.93041 0.05
-2.8625 0.391731 0.1 0.1 -42.0122 12.1181 0 0 -0.87326 -0.00569693 0.03
-3.05592 0.775341 0.1 0.1 9.18805 -3.34966 0 0 0.339842 -0.836999 0.09
-2.54297 0.796243 0.1 0.1 16.4113 4.3433 0 0 0.968222 0.964827 0.04
-1.98894 0.942704 0.1 0.1 20.5038 5.41528 0 0 0.77496 0.203605 0.03
-1.77654 0.988488 0.1 0.1 21.9734 3.74425 0 0 0.841287 -0.812143 0.01
-1.36159 1.08704 0.1 0.1 19.5304 6.10327 0 0 -0.50763 0.614725 0.02
-0.695175 1.2422 0.1 0.1 13.8279 1.6845 0 0 -0.63041 -0.532946 0.04
-0.233369 1.31717 0.1 0.1 -0.466973 0.471879 0 0 -0.988935 -0.0814523 0.07
-0.240023 1.31535 0.1 0.1 -0.199323 -0.649709 0 0 0.065238 -0.280884 0.02
-0.244083 1.31216 0.1 0.1 -0.612096 0.00956191 0 0 -0.208506 0.328048 0.01
-0.251757 1.31678 0.1 0.1 -0.156827 0.451291 0 0 0.112014 0.111633 0.02
-0.250849 1.31786 0.1 0.1 0.246269 -0.340709 0 0 0.101036 -0.197741 0.02
-0.248281 1.3147 0.1 0.1 0.267315 -0.291084 0 0 0.0118209 0.0232401 0.01
-0.248728 1.31366 0.1 0.1 -0.355676 0.0826209 0 0 -0.311923 0.186294 0.01
-0.251142 1.31384 0.1 0.1 -0.127439 -0.0478516 0 0 0.112987 -0.065135 0.01
-0.253213 1.31267 0.1 0.1 -0.0798671 -0.0684418 0 0 0.0113833 -0.00543662 0.02
-0.254622 1.31126 0.1 0.1 -0.0143895 -0.025724 0 0 0.0106884 0.0068885 0.03
