0.795643 -2.7867 0.1 0.1 -0.0531203 0.0554656 0 0 0 0 0
0.889355 -2.42666 0.1 0.1 2.10301 7.82882 0 0 0.125036 0.451926 0.09
0.928614 -2.23229 0.1 0.1 1.82371 11.5958 0 0 -0.0599087 0.990501 0.02
1.09824 -1.35357 0.1 0.1 3.80984 17.6343 0 0 0.180116 0.576532 0.06
1.19143 -0.985102 0.1 0.1 5.50267 19.2074 0 0 0.447475 0.485553 0.02
2.47284 0.339496 0.1 0.1 19.8882 7.47928 0 0 0.784042 -0.520013 0.1
3.20377 0.217255 0.1 0.1 -1.99712 -9.93441 0 0 0.909344 -0.974745 0.09
3.06999 -0.15031 0.1 0.1 -6.8977 -14.5468 0 0 -0.840277 -0.83045 0.03
2.94497 -0.463536 0.1 0.1 -5.60824 -16.7684 0 0 0.291397 -0.633675 0.02
2.65457 -1.23431 0.1 0.1 -8.89092 -21.7373 0 0 -0.446694 -0.717748 0.04
1.78808 -2.16339 0.1 0.1 -19.8816 -9.35547 0 0 -0.987803 0.954232 0.06
0.8564 -2.63913 0.1 0.1 -26.6577 -14.3982 0 0 -0.963292 -0.690323 0.04
-2.59822 -2.90894 0.1 0.1 -42.1747 6.17582 0 0 -0.948747 0.603741 0.1
-3.02705 -2.84786 0.1 0.1 -43.589 6.03936 0 0 -0.921912 -0.0382017 0.01
-3.03224 -1.82886 0.1 0.1 10.953 19.2578 0 0 0.716827 0.889823 0.08
-2.71292 -1.28473 0.1 0.1 10.3384 17.0284 0 0 -0.0485721 -0.281085 0.03
-1.76501 -0.261795 0.1 0.1 21.1507 17.0689 0 0 0.981483 0.0887443 0.06
-1.54537 -0.0860266 0.1 0.1 22.776 18.0829 0 0 0.923812 0.595185 0.01
-0.340118 1.00075 0.1 0.1 4.28348 6.24484 0 0 -0.961894 -0.5977 0.09
-0.259731 1.08542 0.1 0.1 3.75691 2.23514 0 0 -0.111998 -0.981452 0.02
-0.160764 1.16412 0.1 0.1 -0.875367 0.0389712 0 0 -0.324143 -0.151359 0.07
-0.163251 1.1633 0.1 0.1 0.375901 -0.201708 0 0 0.624895 -0.120605 0.01
-0.162337 1.16361 0.1 0.1 -0.192324 0.261822 0 0 -0.283839 0.231883 0.01
0.139479 1.08016 0.1 0.1 10.1494 -3.01092 0 0 0.887651 -0.279468 0.06
0.275692 1.28362 0.1 0.1 -6.86753 7.37658 0 0 -0.938483 0.588256 0.09
0.108027 1.46019 0.1 0.1 0.102998 -0.250245 0 0 0.68067 -0.744995 0.05
0.1084 1.45969 0.1 0.1 -0.0282963 0.149361 0 0 -0.0654693 0.199574 0.01
0.110198 1.46906 0.1 0.1 0.0719088 0.0858019 0 0 0.00637895 -0.00338612 0.08
0.111375 1.47182 0.1 0.1 0.00690056 0.0982641 0 0 -0.010646 0.00253562 0.03
0.111764 1.47239 0.1 0.1 0.0709031 0.0147677 0 0 0.0322111 -0.041467 0.01
