0.911414 2.53833 0.1 0.1 0.0960631 -0.0268158 0 0 0 0 0
-0.0388055 2.97603 0.1 0.1 -18.7863 8.63597 0 0 -0.991885 0.455163 0.1
-2.59391 2.67658 0.1 0.1 -32.0927 -9.58943 0 0 -0.793278 -0.641035 0.1
-3.1139 0.948884 0.1 0.1 5.23675 -24.7104 0 0 0.0904995 -0.84237 0.1
-2.50928 -0.812765 0.1 0.1 14.8204 -33.9188 0 0 0.84953 -0.914033 0.06
-2.20781 -1.51153 0.1 0.1 15.3251 -35.9507 0 0 0.201692 -0.682943 0.02
-0.511302 -3.19264 0.1 0.1 26.9344 4.58603 0 0 0.831753 -0.0717219 0.08
0.351862 -3.05427 0.1 0.1 30.5915 4.59936 0 0 0.753526 0.0186155 0.03
2.54784 -1.66927 0.1 0.1 13.607 22.7986 0 0 -0.739185 0.979133 0.1
3.20999 -0.0289531 0.1 0.1 -2.07331 13.7877 0 0 0.580697 -0.409993 0.09
2.593 0.687479 0.1 0.1 -13.2038 4.24975 0 0 -0.735162 -0.551667 0.08
1.47561 0.970809 0.1 0.1 -23.9356 5.18434 0 0 -0.988159 0.101512 0.06
1.01757 1.04248 0.1 0.1 -21.8748 1.99308 0 0 0.401091 -0.779401 0.02
0.0737301 1.02272 0.1 0.1 -9.70797 -2.60488 0 0 0.936047 -0.384344 0.06
-0.18069 1.00922 0.1 0.1 -3.0574 1.90004 0 0 0.800435 0.561808 0.04
-0.214397 1.02544 0.1 0.1 -0.322425 -0.27109 0 0 0.675787 -0.538624 0.02
-0.21921 1.01341 0.1 0.1 0.126179 -0.210478 0 0 0.0444216 0.00487252 0.05
-0.217054 1.01232 0.1 0.1 0.0894731 0.100031 0 0 -0.00862361 0.0773646 0.02
-0.216323 1.01228 0.1 0.1 0.0568736 -0.107142 0 0 -0.0159789 -0.103628 0.01
-0.216383 1.01147 0.1 0.1 -0.068672 -0.0547874 0 0 -0.0628527 0.0257589 0.01
-0.21787 1.01197 0.1 0.1 -0.0306176 0.0875284 0 0 0.00610732 0.0238089 0.03
-0.217742 1.01247 0.1 0.1 0.0431743 -0.037593 0 0 0.0184878 -0.0311566 0.02
-0.216751 1.01353 0.1 0.1 -0.00318344 0.0791472 0 0 -0.00453763 0.011781 0.05
-0.216653 1.01395 0.1 0.1 0.0129637 -0.0368385 0 0 0.00405669 -0.0288955 0.02
