-2.62476 1.47253 0.1 0.1 -0.0217759 0.0586409 0 0 0 0 0
-2.45237 1.82681 0.1 0.1 5.71178 11.635 0 0 0.492549 0.994475 0.06
-2.32145 2.03426 0.1 0.1 7.37445 9.11868 0 0 0.448306 -0.57723 0.02
-2.01763 2.3391 0.1 0.1 12.853 11.1936 0 0 0.963858 0.396824 0.03
-0.691064 3.13442 0.1 0.1 24.9071 -0.747357 0 0 0.955839 0.648949 0.07
0.131147 3.0702 0.1 0.1 29.8822 -2.16646 0 0 0.966433 0.167983 0.03
1.77845 3.01295 0.1 0.1 35.9593 -0.429524 0 0 0.772598 0.581085 0.05
3.31992 2.6286 0.1 0.1 -4.69632 -9.06346 0 0 0.0590279 -0.563513 0.08
3.06588 2.03996 0.1 0.1 -5.45848 -14.4375 0 0 -0.101866 -0.596341 0.05
2.09657 1.09767 0.1 0.1 -13.7894 -4.57295 0 0 -0.465498 0.446223 0.1
1.21769 1.15762 0.1 0.1 -11.3503 6.16064 0 0 0.11182 0.771299 0.07
0.631608 1.27275 0.1 0.1 -1.81628 -3.45751 0 0 0.497435 -0.527862 0.09
0.587977 1.22976 0.1 0.1 -1.09611 0.571358 0 0 0.11301 0.66446 0.03
0.577554 1.23978 0.1 0.1 0.0500861 0.431637 0 0 0.284173 -0.0323592 0.02
0.580538 1.24326 0.1 0.1 0.247622 -0.0825067 0 0 0.0501391 -0.127678 0.02
0.582048 1.2439 0.1 0.1 0.0547556 0.210542 0 0 -0.0957217 0.146848 0.01
0.582428 1.25781 0.1 0.1 -0.0455001 0.0699599 0 0 -0.00499965 -0.00633613 0.1
0.581105 1.25866 0.1 0.1 -0.0866691 0.0154158 0 0 -0.0106347 -0.0134279 0.02
0.58035 1.25862 0.1 0.1 -0.0642506 -0.0224097 0 0 0.0108367 -0.0189309 0.01
0.57958 1.25794 0.1 0.1 -0.0129222 -0.0457156 0 0 0.0126487 -0.0059949 0.02
0.579631 1.2576 0.1 0.1 0.0230106 -0.021718 0 0 0.0180094 0.0118367 0.01
