-0.131641 0.178883 0.1 0.1 -0.0117485 0.0485696 0 0 0 0 0
-0.163233 0.223935 0.1 0.1 -2.084 2.94041 0 0 -0.350837 0.489431 0.03
-0.106003 0.655093 0.1 0.1 3.93199 11.3475 0 0 0.506865 0.736833 0.06
-0.228024 1.13949 0.1 0.1 -7.28845 2.59435 0 0 -0.811148 -0.590962 0.07
-0.48833 1.47637 0.1 0.1 -3.1578 10.8123 0 0 0.387578 0.85575 0.05
-1.71301 2.81877 0.1 0.1 -21.04 15.9487 0 0 -0.955643 0.324046 0.1
-2.41967 3.13925 0.1 0.1 -26.0459 0.276069 0 0 -0.952134 0.728076 0.03
-2.68873 3.12842 0.1 0.1 -27.7637 -1.9866 0 0 -0.993597 0.532088 0.01
-3.24052 3.01535 0.1 0.1 5.06781 -0.515722 0 0 0.321809 0.60193 0.07
-1.86954 2.39035 0.1 0.1 22.0677 -11.7976 0 0 0.91887 -0.595365 0.1
-1.64083 2.28033 0.1 0.1 23.6711 -10.2091 0 0 0.916703 0.73982 0.01
0.549318 1.36104 0.1 0.1 30.9838 -12.7413 0 0 0.59468 -0.21492 0.08
1.80399 0.82384 0.1 0.1 31.7451 -14.1091 0 0 0.252675 -0.237181 0.04
3.05793 0.21566 0.1 0.1 30.9578 -16.2846 0 0 0.0585147 -0.347503 0.04
2.89093 -0.591318 0.1 0.1 -11.7939 -1.8729 0 0 -0.789271 0.755028 0.09
2.46327 -0.730269 0.1 0.1 -16.6925 -7.36291 0 0 -0.888751 -0.938739 0.03
0.387003 -1.16663 0.1 0.1 -29.2585 -2.40651 0 0 -0.813812 0.25045 0.09
0.103298 -1.19941 0.1 0.1 -27.4856 -4.1461 0 0 0.745298 -0.88692 0.01
-2.52244 -0.953563 0.1 0.1 -38.0151 10.1037 0 0 -0.822726 0.90488 0.08
-3.06074 0.34693 0.1 0.1 11.1573 18.669 0 0 0.813289 0.548875 0.09
-1.53498 1.37083 0.1 0.1 22.5772 4.29881 0 0 0.719148 -0.741133 0.09
-0.711764 1.47038 0.1 0.1 18.6096 0.702427 0 0 -0.393628 -0.436823 0.04
0.138661 1.52825 0.1 0.1 0.55911 0.586365 0 0 -0.95629 -0.003296 0.09
0.142428 1.53238 0.1 0.1 0.1949 0.240943 0 0 -0.180381 -0.170707 0.01
0.151247 1.54706 0.1 0.1 0.0586481 0.179132 0 0 -0.00911007 -0.00336916 0.07
0.146004 1.58392 0.1 0.1 -0.580768 3.4964 0 0 -0.161132 0.83865 0.02
0.140241 1.62031 0.1 0.1 0.00245411 0.153235 0 0 0.144321 -0.826816 0.02
0.140674 1.6213 0.1 0.1 0.0840886 0.0448756 0 0 0.0410521 -0.0536878 0.01
0.141144 1.62128 0.1 0.1 0.0100144 -0.0484055 0 0 -0.0368342 -0.0466638 0.01
0.141638 1.62077 0.1 0.1 0.0392674 -0.00270227 0 0 0.00744339 0.0113016 0.02
