0.656884 2.55882 0.1 0.1 0.0538469 -0.000525436 0 0 0 0 0
0.66333 3.08466 0.1 0.1 0.0886075 2.43046 0 0 0.00228332 0.75727 0.09
1.1064 2.60838 0.1 0.1 10.8447 -13.0172 0 0 0.700171 -0.919044 0.08
1.34348 2.33046 0.1 0.1 12.8564 -14.7695 0 0 0.562456 -0.50752 0.02
1.73981 1.84459 0.1 0.1 13.5623 -17.6076 0 0 0.183898 -0.55391 0.03
2.30764 0.0829084 0.1 0.1 0.806045 -26.3172 0 0 -0.762719 -0.654702 0.08
2.30739 -0.451114 0.1 0.1 -0.825743 -27.0825 0 0 -0.408388 -0.325012 0.02
2.46757 -2.37602 0.1 0.1 6.09528 -36.9815 0 0 0.591149 -0.985352 0.06
2.53234 -2.75213 0.1 0.1 6.8576 -38.2379 0 0 0.414222 -0.816408 0.01
3.18339 -2.64289 0.1 0.1 2.3266 15.1818 0 0 0.0169643 0.855957 0.1
2.91538 -1.44855 0.1 0.1 -7.8243 14.6838 0 0 -0.577225 0.0434584 0.08
1.98482 -0.765267 0.1 0.1 -15.339 2.56021 0 0 -0.528557 -0.715409 0.08
0.183101 -0.415417 0.1 0.1 -29.5146 6.13897 0 0 -0.999535 0.244954 0.08
-2.74721 0.654091 0.1 0.1 -35.5157 17.4544 0 0 -0.496236 0.68811 0.09
-3.08543 1.65414 0.1 0.1 10.4788 7.68445 0 0 0.889194 -0.547206 0.08
-1.38456 2.00485 0.1 0.1 23.324 -0.534571 0 0 0.727484 -0.393112 0.1
-0.613145 1.92118 0.1 0.1 15.3003 -3.62805 0 0 -0.907015 -0.396919 0.04
0.119102 1.75671 0.1 0.1 -0.393442 0.274564 0 0 -0.748472 0.186924 0.1
0.116962 1.75584 0.1 0.1 -0.0352673 -0.446654 0 0 0.178077 -0.361081 0.01
0.118625 1.75277 0.1 0.1 0.200778 0.137079 0 0 0.059482 0.145197 0.02
0.120322 1.75266 0.1 0.1 0.138836 -0.157983 0 0 -0.0301603 -0.147614 0.01
0.119861 1.75215 0.1 0.1 -0.230374 0.0556935 0 0 -0.184933 0.106577 0.01
0.118334 1.75281 0.1 0.1 -0.0753794 0.0759605 0 0 0.0767816 0.0104749 0.01
0.118158 1.75268 0.1 0.1 0.04009 -0.102231 0 0 0.0576699 -0.0891698 0.01
0.118054 1.75199 0.1 0.1 -0.0607747 -0.0358929 0 0 -0.0505105 0.032823 0.01
0.11756 1.75225 0.1 0.1 0.0111011 0.0615854 0 0 0.0178595 0.0244412 0.02
