-0.030905 -0.535391 0.1 0.1 0.0867827 0.0563919 0 0 0 0 0
-0.0982407 -0.495907 0.1 0.1 -4.55264 2.5633 0 0 -0.785132 0.424188 0.03
-0.477004 -0.332678 0.1 0.1 -10.5479 3.95433 0 0 -0.638021 0.155201 0.05
-1.27534 -0.446923 0.1 0.1 -12.2423 -7.08961 0 0 -0.17846 -0.797242 0.07
-2.70828 -0.429778 0.1 0.1 -23.4314 7.32656 0 0 -0.789298 0.901802 0.08
-3.2999 -0.000804619 0.1 0.1 0.519019 14.0741 0 0 0.0663308 0.898265 0.04
-3.24726 0.315687 0.1 0.1 4.19822 17.5636 0 0 0.752222 0.952016 0.02
-3.16401 0.63653 0.1 0.1 4.12717 14.5307 0 0 0.00255969 -0.678154 0.02
-2.46334 1.31354 0.1 0.1 15.7567 4.92426 0 0 0.881036 -0.637589 0.07
-1.98341 1.47849 0.1 0.1 16.2361 6.06632 0 0 0.159759 0.218159 0.03
-1.08125 1.55386 0.1 0.1 19.82 -2.97619 0 0 0.448637 -0.896449 0.05
-0.0154012 1.41524 0.1 0.1 1.79758 0.153037 0 0 -0.848418 0.149533 0.1
-0.00536326 1.42287 0.1 0.1 0.212639 1.37089 0 0 -0.787922 0.612686 0.01
-0.00335832 1.4463 0.1 0.1 -0.0114007 0.973167 0 0 -0.055572 -0.0936033 0.02
0.00680227 1.47032 0.1 0.1 0.515916 0.232682 0 0 0.0672139 -0.0895612 0.04
0.00942815 1.47021 0.1 0.1 0.0101013 -0.252331 0 0 -0.251825 -0.242649 0.01
0.00568211 1.46547 0.1 0.1 -0.133533 0.0908504 0 0 -0.0122848 0.0282059 0.06
0.00503588 1.46483 0.1 0.1 0.00405666 -0.218784 0 0 0.0684916 -0.155151 0.01
0.00496308 1.46345 0.1 0.1 -0.0185787 -0.0574472 0 0 -0.0113465 0.0799901 0.01
0.00438363 1.46296 0.1 0.1 -0.0392968 0.00832185 0 0 -0.00532493 0.0163218 0.02
