-2.32518 1.58192 0.1 0.1 -0.0341151 -0.0779531 0 0 0 0 0
-3.18145 0.784746 0.1 0.1 -13.582 -15.6084 0 0 -0.882618 -0.816558 0.1
-3.05275 -0.43075 0.1 0.1 7.54968 -19.0763 0 0 0.669689 -0.334028 0.07
-1.93732 -2.16885 0.1 0.1 17.0967 -19.5399 0 0 0.59266 -0.122357 0.09
-1.36202 -2.73379 0.1 0.1 21.236 -18.13 0 0 0.785759 0.140609 0.03
0.180033 -3.06247 0.1 0.1 30.0769 1.71451 0 0 0.865318 -0.170727 0.06
1.88357 -2.74517 0.1 0.1 37.9979 10.9016 0 0 0.962745 0.950299 0.05
2.26117 -2.62769 0.1 0.1 37.5224 12.5921 0 0 -0.0485059 0.903433 0.01
2.64397 -2.49362 0.1 0.1 39.0358 14.2193 0 0 0.949043 0.879932 0.01
3.26029 -1.31449 0.1 0.1 -3.83213 19.4058 0 0 0.663962 0.454308 0.07
2.71653 0.347826 0.1 0.1 -11.6123 27.9889 0 0 -0.594819 0.731715 0.07
2.35843 1.25406 0.1 0.1 -12.2575 32.4048 0 0 -0.167235 0.887217 0.03
0.9799 3.22992 0.1 0.1 -22.0773 -3.2979 0 0 -0.700083 0.385005 0.08
-0.169016 2.02844 0.1 0.1 -1.24669 -20.3235 0 0 0.98424 -0.905155 0.1
0.346155 -0.325573 0.1 0.1 12.4863 -31.8163 0 0 0.791772 -0.769157 0.09
1.00845 -2.04618 0.1 0.1 13.9922 -36.9646 0 0 0.217066 -0.687096 0.05
1.2651 -2.81459 0.1 0.1 11.6805 -39.8677 0 0 -0.513641 -0.918149 0.02
1.95737 -3.06495 0.1 0.1 11.3971 6.53023 0 0 0.0338986 0.69383 0.06
2.0917 -1.83069 0.1 0.1 -8.38037 17.9651 0 0 -0.982415 0.633541 0.1
1.75926 -1.302 0.1 0.1 -13.755 17.284 0 0 -0.951901 -0.0257202 0.03
1.62055 -1.13767 0.1 0.1 -13.988 15.5847 0 0 -0.186362 -0.767881 0.01
0.954304 -0.548435 0.1 0.1 -8.27741 4.1704 0 0 0.420428 -0.902196 0.06
0.771133 -0.489002 0.1 0.1 -10.0339 1.78084 0 0 -0.485635 -0.582839 0.02
0.0736412 0.541356 0.1 0.1 -4.01594 18.5468 0 0 0.266651 0.890062 0.1
-0.0417002 1.42606 0.1 0.1 1.37144 1.37111 0 0 0.292828 -0.905136 0.09
-0.0361081 1.43384 0.1 0.1 -0.250328 0.185947 0 0 -0.808813 -0.588963 0.01
-0.0367506 1.43613 0.1 0.1 0.12121 0.271164 0 0 0.185594 0.0437964 0.01
-0.0377801 1.43743 0.1 0.1 -0.326358 -0.00912579 0 0 -0.224493 -0.13956 0.01
-0.0389189 1.4371 0.1 0.1 0.0978951 -0.0579016 0 0 0.211709 -0.024517 0.01
-0.0386114 1.43683 0.1 0.1 -0.0361662 0.00350355 0 0 -0.0669203 0.0305586 0.01
