2.31286 -1.9248 0.1 0.1 0.0823477 0.0280073 0 0 0 0 0
2.88448 -2.07293 0.1 0.1 14.0228 -3.68126 0 0 0.907401 -0.241118 0.08
3.08838 -3.09837 0.1 0.1 -3.7378 -6.02692 0 0 -0.244694 -0.749024 0.1
3.06606 -2.77313 0.1 0.1 3.13838 7.86101 0 0 0.38084 0.45285 0.09
3.12354 -1.93038 0.1 0.1 -1.44309 16.1212 0 0 -0.32313 0.650302 0.07
3.05515 -1.20495 0.1 0.1 -1.97305 20.1237 0 0 -0.0744667 0.591072 0.04
3.08364 0.513651 0.1 0.1 2.73379 28.877 0 0 0.338952 0.748216 0.07
3.146 3.28334 0.1 0.1 -0.187903 0.00460218 0 0 0.254902 0.420215 0.1
2.73919 2.23698 0.1 0.1 -7.81907 -18.042 0 0 -0.402091 -0.813206 0.1
2.59372 1.84015 0.1 0.1 -6.73198 -21.6287 0 0 0.234806 -0.995961 0.02
2.32691 1.22674 0.1 0.1 -11.0337 -19.2771 0 0 -0.762695 0.289726 0.03
1.9152 0.42822 0.1 0.1 -9.56222 -20.6398 0 0 0.131961 -0.270049 0.04
1.31034 -0.799215 0.1 0.1 -14.5933 -28.3926 0 0 -0.564158 -0.898382 0.05
-0.0402796 -2.95144 0.1 0.1 -23.8877 -33.0459 0 0 -0.758999 -0.486558 0.07
-3.16467 -2.55428 0.1 0.1 -31.6446 15.4619 0 0 -0.880146 0.895612 0.1
-2.78263 -0.530524 0.1 0.1 15.1821 29.3019 0 0 0.97775 0.881517 0.09
-2.32835 0.384164 0.1 0.1 15.1055 31.6653 0 0 0.0632174 0.546384 0.03
-1.54827 2.06454 0.1 0.1 16.0928 35.5176 0 0 0.174914 0.553586 0.05
-1.24415 2.80532 0.1 0.1 14.3243 38.5503 0 0 -0.367969 0.943657 0.02
-0.962749 3.35578 0.1 0.1 13.816 6.54739 0 0 -0.0565807 -0.210221 0.02
-0.302496 2.78542 0.1 0.1 2.83712 -10.789 0 0 -0.645044 -0.390901 0.08
-0.139886 2.45592 0.1 0.1 7.97772 -11.1757 0 0 0.884131 -0.119374 0.03
0.147105 2.0476 0.1 0.1 0.311567 -0.613631 0 0 -0.527268 0.725393 0.07
0.149502 2.04262 0.1 0.1 0.168046 -0.383595 0 0 -0.0705879 0.112541 0.01
0.150975 2.0407 0.1 0.1 0.12672 -0.000347263 0 0 -0.0199224 0.190697 0.01
0.151703 2.04069 0.1 0.1 0.0189841 -0.00184092 0 0 -0.0535302 -0.000756405 0.01
0.151802 2.04068 0.1 0.1 0.000934124 0.000347485 0 0 -0.00897953 0.00109 0.01
