0.316687 -1.15263 0.1 0.1 -0.029794 0.0486679 0 0 0 0 0
0.230361 -0.549203 0.1 0.1 -1.66974 11.8237 0 0 -0.0861887 0.619 0.1
0.261723 0.794459 0.1 0.1 2.30829 17.9437 0 0 0.223058 0.414789 0.09
0.297181 1.17117 0.1 0.1 1.24116 19.7216 0 0 -0.258416 0.538647 0.02
0.536979 3.07104 0.1 0.1 3.51548 14.975 0 0 0.125408 0.0238923 0.1
1.26128 2.54858 0.1 0.1 10.8487 -13.5882 0 0 0.403046 -0.789598 0.1
1.74145 1.86633 0.1 0.1 13.1445 -20.4786 0 0 0.347181 -0.9466 0.04
2.30844 -0.736835 0.1 0.1 -1.55965 -31.4015 0 0 -0.707716 -0.676567 0.1
2.2836 -1.04756 0.1 0.1 -3.40434 -30.7454 0 0 -0.934588 0.172452 0.01
2.07078 -2.39218 0.1 0.1 -7.21268 -36.4477 0 0 -0.501562 -0.88109 0.04
1.75478 -3.28302 0.1 0.1 -8.57585 1.84027 0 0 -0.209787 0.310439 0.04
0.238675 -2.15071 0.1 0.1 -21.529 19.1348 0 0 -0.723777 0.846693 0.1
0.0343852 -1.95317 0.1 0.1 -19.3326 20.3705 0 0 0.996212 0.716388 0.01
-1.64057 -0.1201 0.1 0.1 -28.4173 31.869 0 0 -0.769339 0.951773 0.07
-2.2402 0.508235 0.1 0.1 -31.5362 30.9671 0 0 -0.930379 -0.0685208 0.02
-2.89061 1.13063 0.1 0.1 -33.499 31.2707 0 0 -0.652931 0.232184 0.02
-3.30671 2.85931 0.1 0.1 5.76737 37.8266 0 0 0.752322 0.829425 0.05
-2.01833 2.59882 0.1 0.1 19.7673 -14.5806 0 0 0.764727 -0.890509 0.1
-0.851603 1.62888 0.1 0.1 6.36204 -7.08497 0 0 -0.6801 0.36271 0.09
-0.454933 1.53118 0.1 0.1 6.85557 3.72018 0 0 0.0743857 0.892499 0.06
-0.378542 1.56284 0.1 0.1 8.42005 2.61396 0 0 0.820812 -0.537173 0.01
0.310144 1.74583 0.1 0.1 11.2241 2.61406 0 0 0.249544 0.0132146 0.07
0.573568 1.81413 0.1 0.1 6.36178 1.94291 0 0 -0.767017 -0.100512 0.03
0.692753 1.84764 0.1 0.1 -0.357794 -0.252678 0 0 -0.825566 -0.270391 0.04
0.692029 1.84565 0.1 0.1 0.212051 -0.145437 0 0 0.284727 0.0526672 0.01
0.694254 1.83904 0.1 0.1 -0.0623524 -0.29468 0 0 -0.0453918 -0.0259855 0.03
0.693951 1.83607 0.1 0.1 0.00172538 -0.297761 0 0 0.0319055 -0.00301796 0.01
0.69314 1.8348 0.1 0.1 -0.163765 0.0413978 0 0 -0.0831783 0.16896 0.01
0.692689 1.83439 0.1 0.1 0.0731178 -0.122029 0 0 0.118274 -0.0819163 0.01
0.388702 1.63153 0.1 0.1 -10.1037 -6.57581 0 0 -0.874046 -0.554887 0.06
0.128134 1.45904 0.1 0.1 -0.400246 -0.375059 0 0 0.945024 0.603151 0.05
0.125738 1.45752 0.1 0.1 -0.0793634 0.0694009 0 0 0.159405 0.221538 0.01
0.125357 1.45804 0.1 0.1 0.00291924 0.0345326 0 0 0.0409772 -0.0171694 0.01
