1.77284 -2.28984 0.1 0.1 -0.000606574 -0.0145989 0 0 0 0 0
1.8633 -2.07804 0.1 0.1 1.78004 4.1806 0 0 0.093611 0.220389 0.1
1.96794 -1.88532 0.1 0.1 5.17862 8.64542 0 0 0.584309 0.77642 0.03
2.01339 -1.79166 0.1 0.1 3.91433 10.0829 0 0 -0.609515 0.765604 0.01
1.93319 -0.300772 0.1 0.1 -5.36298 19.5772 0 0 -0.467974 0.549214 0.1
1.66112 0.442739 0.1 0.1 -8.22145 17.6115 0 0 -0.391807 -0.152948 0.04
0.655904 2.86029 0.1 0.1 -11.822 30.524 0 0 -0.230382 0.766672 0.1
-0.16638 3.03302 0.1 0.1 -15.5494 -6.25908 0 0 -0.379085 -0.772894 0.06
-1.33844 2.36471 0.1 0.1 -23.4386 -15.9223 0 0 -0.755556 -0.860904 0.06
-3.30821 -0.0841001 0.1 0.1 2.86863 -32.7771 0 0 -0.493068 -0.964333 0.1
-2.79187 -2.21837 0.1 0.1 14.2296 -38.3087 0 0 0.990946 -0.63875 0.06
-2.30046 -3.27161 0.1 0.1 18.511 -13.6389 0 0 0.79559 -0.349169 0.03
-0.907747 -3.04861 0.1 0.1 27.8192 6.77734 0 0 0.891854 0.142456 0.06
-0.382161 -2.89553 0.1 0.1 24.7496 8.52529 0 0 -0.636117 0.475245 0.02
1.67732 -1.96156 0.1 0.1 33.981 18.0508 0 0 0.807427 0.746631 0.07
2.00773 -1.77415 0.1 0.1 32.1035 19.4283 0 0 -0.772326 0.781306 0.01
3.13201 1.00001 0.1 0.1 -8.41806 35.7786 0 0 -0.992401 0.955375 0.1
2.80798 2.13816 0.1 0.1 -13.1606 40.0761 0 0 -0.845488 0.906047 0.03
2.66996 2.54548 0.1 0.1 -14.441 41.3857 0 0 -0.709862 0.858677 0.01
2.52146 2.96515 0.1 0.1 -15.2572 42.5465 0 0 -0.482702 0.790455 0.01
0.816118 2.66483 0.1 0.1 -18.7883 -12.9671 0 0 -0.261799 -0.588267 0.1
-0.0292865 2.1188 0.1 0.1 -0.277875 0.629793 0 0 0.981677 0.725291 0.09
-0.0279973 2.12146 0.1 0.1 0.53437 -0.0977166 0 0 0.40693 -0.362466 0.01
-0.0168903 2.11203 0.1 0.1 1.68511 -1.78531 0 0 0.581134 -0.848624 0.01
0.0377955 2.03939 0.1 0.1 -0.291606 -0.0537794 0 0 -0.120177 0.103692 0.08
0.0375438 2.03885 0.1 0.1 0.240378 -0.0543357 0 0 0.265995 -0.000528701 0.01
0.0455903 1.98035 0.1 0.1 0.162484 -2.85179 0 0 -0.0087653 -0.357055 0.04
0.05259 1.92408 0.1 0.1 0.187319 0.0190573 0 0 0.00401229 0.351884 0.04
0.0539694 1.9242 0.1 0.1 -0.0485912 -0.00705531 0 0 -0.0586648 -0.00650521 0.02
0.0536549 1.92411 0.1 0.1 -0.0143633 -0.0119019 0 0 0.0169656 -0.00246946 0.01
0.0535237 1.92405 0.1 0.1 -0.0118862 0.000355553 0 0 0.00117418 0.00610109 0.01
