1.86597 2.40889 0.1 0.1 0.0866457 -0.0949889 0 0 0 0 0
1.55508 2.56709 0.1 0.1 -10.3456 5.31393 0 0 -0.895537 0.464025 0.06
-0.383679 2.39941 0.1 0.1 -28.1318 -8.43975 0 0 -0.986596 -0.695937 0.1
-1.52458 2.15806 0.1 0.1 -28.9086 -3.66027 0 0 -0.240046 0.56805 0.04
-2.75619 2.15934 0.1 0.1 -32.6471 3.67524 0 0 -0.62142 0.918109 0.04
-2.91882 1.58633 0.1 0.1 10.9015 -14.8246 0 0 0.687928 -0.953502 0.1
-1.47409 0.610071 0.1 0.1 25.0273 -9.65198 0 0 0.974272 0.262864 0.08
-0.769185 0.238608 0.1 0.1 21.9815 -15.0848 0 0 -0.390836 -0.967463 0.03
1.00239 -1.05279 0.1 0.1 28.5604 -21.7323 0 0 0.596536 -0.56725 0.07
2.60523 -2.97358 0.1 0.1 17.3616 -33.0184 0 0 -0.686411 -0.944065 0.07
3.17369 -3.02694 0.1 0.1 -1.16178 0.988758 0 0 0.274958 -0.530826 0.1
2.37094 -2.5479 0.1 0.1 -16.4475 9.52896 0 0 -0.894085 0.501138 0.09
1.83064 -2.20778 0.1 0.1 -19.5564 13.1282 0 0 -0.608582 0.65642 0.03
0.465469 -1.41194 0.1 0.1 -25.8853 13.3978 0 0 -0.641924 0.0881785 0.06
-1.6577 -0.703077 0.1 0.1 -34.6744 6.9314 0 0 -0.780601 -0.412339 0.07
-3.12821 -0.34228 0.1 0.1 -38.8235 11.0804 0 0 -0.703138 0.562889 0.04
-2.80214 0.35161 0.1 0.1 15.8883 4.44949 0 0 0.959757 -0.32874 0.09
-2.44791 0.475881 0.1 0.1 19.5231 7.96585 0 0 0.998468 0.910786 0.02
-2.0311 0.658997 0.1 0.1 22.1488 10.3377 0 0 0.761251 0.639347 0.02
-1.18034 1.15618 0.1 0.1 11.9657 9.5561 0 0 -0.934595 -0.0285265 0.05
-0.627058 1.50489 0.1 0.1 15.674 7.89078 0 0 0.532679 -0.164303 0.04
0.0581974 1.84994 0.1 0.1 -0.209547 -0.10269 0 0 -0.845059 -0.425025 0.09
0.0574783 1.84977 0.1 0.1 0.0652639 0.0684724 0 0 0.137133 0.0855266 0.01
0.0576898 1.85029 0.1 0.1 -0.0228253 0.0363238 0 0 -0.0439654 -0.0158202 0.01
0.0566456 1.85076 0.1 0.1 -0.0466677 -0.00469596 0 0 -0.00415076 -0.00675969 0.03
