1.65289 0.253147 0.1 0.1 0.0751145 0.0867264 0 0 0 0 0
1.34063 -0.267714 0.1 0.1 -6.21573 -10.3304 0 0 -0.330703 -0.547113 0.1
0.154769 -1.43932 0.1 0.1 -17.3196 -13.0557 0 0 -0.614716 -0.195175 0.1
-2.07425 -2.45675 0.1 0.1 -27.0972 -7.38711 0 0 -0.600027 0.232097 0.1
-2.62159 -2.59146 0.1 0.1 -27.6344 -6.08834 0 0 -0.27091 0.290599 0.02
-3.18892 -2.50169 0.1 0.1 2.40445 7.87238 0 0 -0.19373 0.780571 0.09
-3.03354 -2.22118 0.1 0.1 7.92618 10.8135 0 0 0.94668 0.537007 0.03
-2.71046 -1.96517 0.1 0.1 13.5846 6.27655 0 0 0.997552 -0.713665 0.03
-1.94443 -1.45174 0.1 0.1 17.0267 14.1949 0 0 0.42159 0.843109 0.05
-0.940558 -0.731527 0.1 0.1 23.0776 14.6102 0 0 0.706766 0.113344 0.05
0.369932 0.0946285 0.1 0.1 29.2914 18.4036 0 0 0.753599 0.462036 0.05
3.42469 2.60926 0.1 0.1 -0.784273 31.6694 0 0 0.909812 0.790072 0.1
2.43839 2.87371 0.1 0.1 -19.0279 -9.64907 0 0 -0.957754 -0.733854 0.09
2.0517 2.65208 0.1 0.1 -19.6384 -12.5053 0 0 -0.249532 -0.769425 0.02
1.48793 2.26387 0.1 0.1 -17.9549 -13.3708 0 0 0.186257 -0.208733 0.03
0.624541 1.57561 0.1 0.1 0.378722 -0.606672 0 0 0.873905 0.604112 0.1
0.626547 1.57065 0.1 0.1 0.0231953 -0.384178 0 0 -0.176862 0.10876 0.01
0.628028 1.56846 0.1 0.1 0.272437 -0.054752 0 0 0.125475 0.163667 0.01
0.628673 1.56766 0.1 0.1 -0.142578 -0.106056 0 0 -0.207331 -0.0260945 0.01
0.628775 1.56736 0.1 0.1 0.162418 0.0472117 0 0 0.152666 0.0765269 0.01
0.630649 1.56809 0.1 0.1 0.0254564 0.0253975 0 0 -0.0337963 -0.00527909 0.02
0.630786 1.56844 0.1 0.1 0.00199214 0.0454766 0 0 -0.0116699 0.0102166 0.01
0.631295 1.56901 0.1 0.1 0.0232955 -0.0169786 0 0 0.00272696 -0.00773759 0.04
