1.32618 2.16339 0.1 0.1 -0.042095 -0.0439281 0 0 0 0 0
1.45676 1.82959 0.1 0.1 4.35081 -10.9735 0 0 0.377058 -0.938741 0.06
1.50474 1.47474 0.1 0.1 -1.12423 -12.675 0 0 -0.905254 -0.342901 0.03
1.3647 0.450461 0.1 0.1 -2.36062 -12.9285 0 0 -0.0862804 -0.0798871 0.08
0.418878 -0.608805 0.1 0.1 -16.3245 -8.33297 0 0 -0.746118 0.176551 0.1
-0.117336 -0.910504 0.1 0.1 -19.408 -11.763 0 0 -0.603633 -0.622473 0.03
-2.21206 -1.19342 0.1 0.1 -27.0249 5.22259 0 0 -0.5395 0.92743 0.09
-3.30946 -0.870251 0.1 0.1 -11.6262 10.8925 0 0 -0.797979 0.749121 0.04
-3.36444 -0.761769 0.1 0.1 -1.01351 10.8044 0 0 -0.531131 0.0118603 0.01
-2.88241 0.207014 0.1 0.1 12.2549 16.8058 0 0 0.791602 0.498284 0.07
-1.98056 1.75905 0.1 0.1 13.5021 27.4141 0 0 0.152902 0.868885 0.07
-1.30138 2.94858 0.1 0.1 20.4098 32.0317 0 0 0.947379 0.726214 0.04
-0.179735 2.68076 0.1 0.1 2.32542 -11.753 0 0 -0.848281 -0.628996 0.1
-0.141486 2.13425 0.1 0.1 -0.769489 -10.1208 0 0 -0.305852 0.108587 0.05
-0.237202 1.48098 0.1 0.1 -3.03957 -15.9613 0 0 -0.237015 -0.649496 0.05
-0.3378 0.857617 0.1 0.1 0.476402 0.162246 0 0 0.213822 0.968999 0.08
-0.331704 0.851511 0.1 0.1 -0.0673003 -0.565692 0 0 -0.0897274 -0.12239 0.03
-0.332499 0.842315 0.1 0.1 -0.0123593 -0.354631 0 0 0.0135665 0.0504798 0.02
-0.333085 0.8405 0.1 0.1 -0.104731 -0.00886569 0 0 -0.046469 0.17199 0.01
-0.337345 0.840048 0.1 0.1 -0.0379224 -0.00622243 0 0 0.00521793 0.000184435 0.06
-0.337564 0.839925 0.1 0.1 -0.00601002 -0.018365 0 0 0.0158601 -0.00612878 0.01
