3.09003 0.947797 0.1 0.1 0.0531972 0.090733 0 0 0 0 0
3.14786 0.736112 0.1 0.1 0.693029 -7.0749 0 0 0.171291 -0.614864 0.06
3.14383 0.122883 0.1 0.1 -0.125435 -13.304 0 0 0.0620334 -0.570309 0.06
3.14305 -0.0188042 0.1 0.1 -0.0415471 -15.0306 0 0 0.90323 -0.934268 0.01
2.28136 -0.640082 0.1 0.1 -16.9113 2.31643 0 0 -0.887107 0.836069 0.1
0.0791357 -0.832626 0.1 0.1 -31.8054 -6.46187 0 0 -0.950713 -0.499179 0.09
-2.05409 -1.00412 0.1 0.1 -29.1734 1.46936 0 0 0.0361155 0.553587 0.07
-2.3382 -0.979676 0.1 0.1 -27.6519 3.4169 0 0 0.619528 0.985642 0.01
-3.17516 -0.165345 0.1 0.1 5.81157 14.5115 0 0 0.559196 0.662114 0.09
-3.121 -0.0110474 0.1 0.1 5.02157 16.345 0 0 -0.367967 0.993905 0.01
-3.07083 0.157835 0.1 0.1 5.01293 17.4297 0 0 0.0209385 0.626918 0.01
-1.90942 0.945329 0.1 0.1 20.563 0.325787 0 0 0.928806 -0.906194 0.09
0.0562164 1.08828 0.1 0.1 28.473 3.20851 0 0 0.617647 0.189842 0.08
3.1804 0.736703 0.1 0.1 33.5971 -10.8102 0 0 0.857162 -0.797312 0.09
2.81777 -0.915489 0.1 0.1 -14.3296 -25.6904 0 0 -0.86849 -0.91954 0.09
2.67175 -1.1615 0.1 0.1 -14.8723 -23.5154 0 0 -0.343019 0.964406 0.01
1.96887 -2.20772 0.1 0.1 -20.2376 -28.7605 0 0 -0.757388 -0.78696 0.04
1.76148 -2.5006 0.1 0.1 -21.2392 -29.8142 0 0 -0.603117 -0.673711 0.01
0.431192 -2.90544 0.1 0.1 -8.51133 9.91183 0 0 0.633446 0.829541 0.09
0.13864 -1.77118 0.1 0.1 1.85307 15.214 0 0 0.559861 0.357634 0.09
0.28236 -1.35533 0.1 0.1 7.69879 12.5226 0 0 0.999183 -0.379199 0.03
0.569628 -1.01994 0.1 0.1 11.4338 9.85044 0 0 0.671132 -0.389467 0.03
0.913109 -0.655775 0.1 0.1 2.38145 4.75833 0 0 -0.871801 -0.47322 0.05
0.732612 0.109585 0.1 0.1 -7.42402 16.9667 0 0 -0.713696 0.926585 0.07
0.359727 0.98262 0.1 0.1 -7.49073 17.9464 0 0 -0.0439568 0.185318 0.05
0.0463354 1.78438 0.1 0.1 0.407818 0.137833 0 0 0.421503 -0.944896 0.09
0.0496701 1.785 0.1 0.1 0.259374 -0.0120655 0 0 -0.0726079 -0.0746578 0.01
0.0515327 1.78564 0.1 0.1 0.113395 0.138687 0 0 -0.0720921 0.0756974 0.01
0.0524579 1.7874 0.1 0.1 -0.0204316 0.0381491 0 0 -0.0332482 -0.0247019 0.02
