1.63816 2.34901 0.1 0.1 0.030455 0.0765613 0 0 0 0 0
1.17658 2.78521 0.1 0.1 -11.4175 10.6867 0 0 -0.744563 0.690532 0.08
-0.185026 3.01426 0.1 0.1 -15.7422 -0.51129 0 0 -0.284339 0.15101 0.1
-1.90659 3.00375 0.1 0.1 -27.1449 -0.0113412 0 0 -0.820442 0.878473 0.08
-2.1776 2.99657 0.1 0.1 -27.0575 -1.42258 0 0 -0.0917643 -0.709222 0.01
-3.06564 2.94987 0.1 0.1 -32.1198 -1.68934 0 0 -0.991946 -0.0520532 0.03
-2.8603 1.98966 0.1 0.1 10.6045 -17.2569 0 0 0.566622 -0.826548 0.1
-2.46984 1.20085 0.1 0.1 8.92979 -22.1506 0 0 -0.160774 -0.710361 0.04
-1.41926 -1.80834 0.1 0.1 12.0275 -37.7719 0 0 0.207436 -0.931635 0.1
-1.05901 -2.9639 0.1 0.1 11.9898 -39.2584 0 0 0.0541512 -0.440482 0.03
0.307361 -2.84634 0.1 0.1 22.0338 12.659 0 0 0.713187 0.839364 0.08
2.34613 -1.0099 0.1 0.1 23.2467 27.923 0 0 0.181983 0.94974 0.09
3.07576 -0.124058 0.1 0.1 25.3864 31.117 0 0 0.480072 0.679855 0.03
2.95314 2.77696 0.1 0.1 -11.37 41.2653 0 0 -0.942311 0.814988 0.08
1.86387 3.1336 0.1 0.1 -19.6547 -5.58677 0 0 -0.669581 0.354506 0.07
1.66531 3.0749 0.1 0.1 -20.0569 -6.15109 0 0 -0.300416 -0.311531 0.01
1.06563 2.90385 0.1 0.1 -19.9222 -5.25666 0 0 -0.0775461 0.120656 0.03
0.258082 2.2911 0.1 0.1 -7.12372 -15.0702 0 0 0.999384 -0.868938 0.06
0.0720787 1.8073 0.1 0.1 -2.20974 -9.15919 0 0 0.591102 0.678605 0.04
-0.00888192 1.48148 0.1 0.1 -0.128136 -0.253851 0 0 0.143064 0.612959 0.07
-0.0148783 1.47594 0.1 0.1 -0.0723008 0.0659526 0 0 0.00416169 0.0261941 0.06
-0.0147582 1.47628 0.1 0.1 0.096029 0.00115867 0 0 0.0842796 -0.0322188 0.01
-0.0142688 1.47581 0.1 0.1 0.00200689 -0.0933938 0 0 -0.0468095 -0.0475245 0.01
