2.30075 -1.35236 0.1 0.1 0.0921705 0.0703511 0 0 0 0 0
2.31199 -1.36506 0.1 0.1 0.654164 -0.911991 0 0 0.0955749 -0.165848 0.03
1.74077 -1.72993 0.1 0.1 -14.731 -8.1133 0 0 -0.997927 -0.473222 0.08
0.921107 -2.06682 0.1 0.1 -18.028 -5.38516 0 0 -0.411543 0.238863 0.05
-0.787173 -2.2221 0.1 0.1 -24.5908 1.41305 0 0 -0.517025 0.414831 0.08
-1.04102 -2.20688 0.1 0.1 -26.1754 1.63196 0 0 -0.919614 0.116486 0.01
-2.73365 -1.64328 0.1 0.1 -22.2309 14.3226 0 0 0.160761 0.946342 0.07
-3.02358 0.130685 0.1 0.1 7.15787 21.0448 0 0 0.527234 0.425139 0.1
-2.6366 1.55571 0.1 0.1 5.75796 26.4025 0 0 -0.085041 0.565303 0.06
-2.2837 2.6543 0.1 0.1 11.8461 28.5128 0 0 0.804414 0.401267 0.04
-1.00605 3.00685 0.1 0.1 24.51 -7.87704 0 0 0.996075 -0.955975 0.07
1.11095 2.16652 0.1 0.1 35.8417 -16.0399 0 0 0.961222 -0.642677 0.07
1.4706 1.99838 0.1 0.1 36.0874 -17.5854 0 0 0.303603 -0.855683 0.01
3.25623 0.936578 0.1 0.1 15.8877 -24.8201 0 0 0.513462 -0.82901 0.05
3.08918 -1.20501 0.1 0.1 -7.21525 -36.239 0 0 -0.45406 -0.969306 0.07
2.68259 -2.77434 0.1 0.1 -13.0755 -42.1883 0 0 -0.781737 -0.940117 0.04
1.17077 -2.91889 0.1 0.1 -24.5671 13.2116 0 0 -0.812998 0.839617 0.08
-0.511052 -1.91135 0.1 0.1 -31.4234 20.3041 0 0 -0.712178 0.674549 0.06
-1.49118 -1.2805 0.1 0.1 -33.9059 21.7461 0 0 -0.578354 0.344297 0.03
-3.28595 -0.0536822 0.1 0.1 -30.8143 27.2758 0 0 -0.575168 0.675074 0.05
-3.05831 2.07068 0.1 0.1 12.32 33.3592 0 0 0.835754 0.587497 0.07
-2.6067 3.11597 0.1 0.1 17.7584 29.6233 0 0 0.980818 0.666559 0.03
-1.059 2.75274 0.1 0.1 20.8932 -14.8122 0 0 0.292861 -0.990225 0.08
-0.0328557 2.02644 0.1 0.1 -0.0207341 0.0398264 0 0 -0.994703 0.706471 0.1
