-1.79008 0.141563 0.1 0.1 0.0071843 0.086054 0 0 0 0 0
-1.56001 -0.107069 0.1 0.1 7.58608 -8.29003 0 0 0.65118 -0.7186 0.06
-1.26743 -1.57121 0.1 0.1 -1.58472 -20.7849 0 0 -0.444406 -0.698214 0.1
-1.23485 -2.69432 0.1 0.1 2.85187 -24.1116 0 0 0.447525 -0.445004 0.05
-0.592141 -3.03453 0.1 0.1 15.365 4.79459 0 0 0.93986 0.498906 0.07
0.583888 -2.81691 0.1 0.1 23.752 2.48289 0 0 0.797142 -0.17467 0.06
2.44492 -1.63791 0.1 0.1 13.6335 20.7925 0 0 -0.412576 0.974352 0.1
2.75275 -1.19063 0.1 0.1 17.1375 23.9249 0 0 0.955052 0.894985 0.02
3.23587 0.141547 0.1 0.1 -1.2301 29.3179 0 0 -0.12262 0.671822 0.05
2.32513 3.13412 0.1 0.1 -16.731 24.8498 0 0 -0.821345 0.209269 0.1
0.923601 3.05078 0.1 0.1 -18.2854 -1.844 0 0 -0.184698 0.571797 0.08
-0.761506 3.00477 0.1 0.1 -29.7271 -0.118579 0 0 -0.937838 0.5096 0.07
-2.4494 2.65412 0.1 0.1 -26.567 -11.4571 0 0 0.122659 -0.974061 0.06
-3.0091 2.44134 0.1 0.1 -29.3934 -9.82626 0 0 -0.847177 0.35508 0.02
-2.69961 1.59183 0.1 0.1 15.0086 -7.20778 0 0 0.99548 0.0886835 0.1
-1.5154 1.24091 0.1 0.1 18.782 -2.86925 0 0 0.354536 0.285248 0.07
-0.32834 1.25887 0.1 0.1 7.76272 3.17849 0 0 -0.546663 0.337075 0.09
-0.0317647 1.26934 0.1 0.1 11.9878 -2.45233 0 0 0.753944 -0.936617 0.03
0.444913 1.25699 0.1 0.1 7.12004 1.92176 0 0 -0.439391 0.436226 0.05
0.622518 1.16127 0.1 0.1 0.0431176 -5.68708 0 0 -0.690705 -0.770743 0.05
0.473828 1.29551 0.1 0.1 -3.29724 8.45817 0 0 -0.193793 0.793396 0.09
0.349925 1.59273 0.1 0.1 -0.278127 0.131006 0 0 0.206837 -0.573625 0.07
0.34892 1.59425 0.1 0.1 0.176142 0.0214247 0 0 0.113388 -0.0270007 0.02
0.349755 1.59384 0.1 0.1 -0.0917193 -0.0625503 0 0 -0.066805 -0.0211121 0.02
0.348911 1.59389 0.1 0.1 -0.077084 0.0731332 0 0 0.00691202 0.0678818 0.01
0.348222 1.59405 0.1 0.1 -0.0609004 -0.0414663 0 0 0.00774274 -0.0572296 0.01
