-1.09255 -2.30385 0.1 0.1 -0.00338362 -0.00223505 0 0 0 0 0
-0.856924 -2.07616 0.1 0.1 7.77932 7.51697 0 0 0.668541 0.645691 0.06
-0.386628 -1.47021 0.1 0.1 11.0045 16.6447 0 0 0.37025 0.973468 0.05
0.555794 0.34628 0.1 0.1 12.5383 28.6077 0 0 0.155601 0.861302 0.08
0.897151 1.26339 0.1 0.1 10.2316 32.5135 0 0 -0.328975 0.803918 0.03
1.83443 3.08991 0.1 0.1 20.9008 12.817 0 0 0.966246 0.031482 0.06
3.31082 2.65688 0.1 0.1 -4.61928 -10.4616 0 0 0.61609 -0.560001 0.1
3.05167 1.98628 0.1 0.1 -5.73694 -16.314 0 0 -0.137995 -0.652388 0.05
3.07648 0.309542 0.1 0.1 6.1964 -25.4827 0 0 0.74747 -0.67775 0.08
3.14712 0.0462181 0.1 0.1 6.30587 -27.1787 0 0 0.902892 -0.97979 0.01
3.18605 -0.838711 0.1 0.1 -0.813355 -31.7947 0 0 0.00727203 -0.917403 0.03
3.16901 -1.16329 0.1 0.1 -2.5902 -33.1179 0 0 -0.896876 -0.824269 0.01
2.83259 -2.87404 0.1 0.1 -10.7983 -35.2946 0 0 -0.853521 -0.388895 0.05
0.856171 -3.00707 0.1 0.1 -28.4372 1.27053 0 0 -0.981046 -0.232155 0.1
-1.11665 -2.63128 0.1 0.1 -37.2347 11.1583 0 0 -0.897888 0.855126 0.06
-2.30225 -2.25261 0.1 0.1 -41.782 14.0727 0 0 -0.956325 0.54784 0.03
-2.72642 -2.10372 0.1 0.1 -43.0515 15.7017 0 0 -0.84801 0.887438 0.01
-3.16794 -1.37867 0.1 0.1 9.46357 5.13566 0 0 0.948169 -0.702961 0.07
-2.89503 -1.21451 0.1 0.1 8.73404 5.80533 0 0 -0.0760398 0.138876 0.03
-2.03559 -0.85271 0.1 0.1 19.8027 6.25062 0 0 0.995047 0.0673294 0.06
-0.57467 0.351772 0.1 0.1 9.58758 17.648 0 0 -0.437912 0.629896 0.1
-0.102491 1.25422 0.1 0.1 0.0132317 0.683553 0 0 -0.455958 -0.803367 0.1
-0.10242 1.25895 0.1 0.1 0.00103604 0.262035 0 0 -0.00611815 -0.208435 0.01
-0.00904871 1.34329 0.1 0.1 3.08064 2.52667 0 0 0.264656 0.195844 0.06
0.021928 1.36738 0.1 0.1 0.0271821 -0.10876 0 0 -0.756362 -0.653113 0.02
0.0233175 1.36654 0.1 0.1 0.0652624 0.0519312 0 0 0.00658901 0.0266478 0.03
0.0239667 1.36679 0.1 0.1 0.0645767 -0.00147517 0 0 -2.42928e-05 -0.026582 0.01
