0.790111 -1.97316 0.1 0.1 0.0534756 0.00241317 0 0 0 0 0
0.862635 -1.93297 0.1 0.1 3.54942 1.99429 0 0 0.446313 0.254088 0.04
1.51886 -2.2765 0.1 0.1 15.0661 -11.6499 0 0 0.869751 -0.999318 0.07
2.89587 -3.1641 0.1 0.1 24.1711 1.06565 0 0 0.74873 -0.888421 0.07
3.06715 -2.47478 0.1 0.1 -9.00654 15.7676 0 0 -0.804365 0.94923 0.08
2.72556 -1.72391 0.1 0.1 -8.07991 21.7363 0 0 0.0732654 0.840015 0.04
2.39811 -1.03969 0.1 0.1 -13.7214 23.8676 0 0 -0.995438 0.469003 0.03
2.25475 -0.805135 0.1 0.1 -14.9486 23.0454 0 0 -0.686071 -0.294301 0.01
2.10159 -0.582311 0.1 0.1 -15.6815 21.5219 0 0 -0.443826 -0.650744 0.01
1.54562 0.263862 0.1 0.1 -12.1408 20.7914 0 0 0.373508 0.014572 0.04
0.605402 1.33548 0.1 0.1 -14.6937 9.95207 0 0 -0.24978 -0.697735 0.07
0.00707724 1.61058 0.1 0.1 -0.453458 -2.90239 0 0 0.853151 -0.786113 0.08
-0.0226089 1.48537 0.1 0.1 -0.395426 -0.700682 0 0 0.00205039 0.14835 0.07
-0.0253778 1.48577 0.1 0.1 -0.15874 0.778126 0 0 0.117185 0.739755 0.01
-0.0279695 1.4917 0.1 0.1 -0.359261 0.40879 0 0 -0.101663 -0.181753 0.01
-0.0310305 1.49174 0.1 0.1 0.152636 -0.402364 0 0 0.0848415 -0.135194 0.03
-0.0224054 1.48128 0.1 0.1 0.277784 -0.122488 0 0 0.0167396 0.0336862 0.04
-0.0195522 1.4804 0.1 0.1 0.292838 -0.0530169 0 0 0.00896561 0.0343045 0.01
-0.0184965 1.47916 0.1 0.1 -0.0810737 -0.194692 0 0 -0.186577 -0.0715057 0.01
-0.0189187 1.47931 0.1 0.1 -0.00349563 0.224312 0 0 0.0386464 0.209622 0.01
-0.0189326 1.48075 0.1 0.1 0.000702065 0.0636363 0 0 0.00207789 -0.0796323 0.01
-0.0188454 1.4822 0.1 0.1 0.00509129 0.0333725 0 0 0.00074563 -0.00480256 0.03
