-0.871026 0.954518 0.1 0.1 0.00933968 0.0117668 0 0 0 0 0
-0.660264 0.982412 0.1 0.1 6.9468 0.908989 0 0 0.596242 0.0772929 0.06
-0.262126 0.886751 0.1 0.1 12.9201 -5.6485 0 0 0.796927 -0.831471 0.04
0.0213025 0.787008 0.1 0.1 15.4144 -4.33014 0 0 0.695238 0.305073 0.02
0.821068 0.856995 0.1 0.1 11.2862 6.55433 0 0 -0.277445 0.91305 0.06
0.937351 0.92977 0.1 0.1 11.9693 7.99823 0 0 0.400082 0.758682 0.01
1.06385 1.0114 0.1 0.1 13.3281 8.32675 0 0 0.743087 0.205452 0.01
1.46889 1.31001 0.1 0.1 13.6728 11.5646 0 0 0.12477 0.589705 0.03
2.28259 2.32525 0.1 0.1 13.4542 22.1706 0 0 0.0489396 0.968777 0.06
3.30788 3.08596 0.1 0.1 -1.48208 -4.5273 0 0 0.446746 -0.764715 0.08
3.15619 2.14903 0.1 0.1 -0.52156 -18.7069 0 0 0.813667 -0.944932 0.08
2.65169 0.223935 0.1 0.1 -10.5377 -23.9933 0 0 -0.585575 -0.400792 0.09
0.776952 -2.32051 0.1 0.1 -26.6987 -26.8465 0 0 -0.901286 -0.270439 0.1
0.513106 -2.59436 0.1 0.1 -26.0715 -27.9213 0 0 0.183311 -0.674859 0.01
0.25426 -2.87868 0.1 0.1 -25.698 -28.9428 0 0 0.0583461 -0.653334 0.01
-2.66054 -2.69817 0.1 0.1 -38.8771 13.2062 0 0 -0.894432 0.990374 0.09
-3.16636 -0.513842 0.1 0.1 2.08169 30.1956 0 0 -0.303946 0.958676 0.1
-3.0521 0.454997 0.1 0.1 5.51983 34.3727 0 0 0.592973 0.858001 0.03
-2.84902 1.42704 0.1 0.1 8.00736 30.4499 0 0 0.44736 -0.491751 0.03
-2.28728 3.0949 0.1 0.1 14.4071 29.607 0 0 0.695146 0.743676 0.05
-1.01301 2.61968 0.1 0.1 11.1338 -12.9561 0 0 -0.0998823 -0.617696 0.1
-0.626748 2.19275 0.1 0.1 14.5998 -15.4939 0 0 0.642373 -0.494066 0.03
-0.341409 1.91653 0.1 0.1 13.9363 -12.1388 0 0 -0.0943529 0.770047 0.02
0.342187 1.29842 0.1 0.1 -0.030786 -0.417754 0 0 -0.664495 0.555187 0.1
0.342675 1.29505 0.1 0.1 0.128056 -0.256998 0 0 0.079747 0.0787241 0.01
0.344208 1.29403 0.1 0.1 0.178561 0.0528139 0 0 0.0260756 0.154429 0.01
0.344869 1.29473 0.1 0.1 -0.0459749 0.0867976 0 0 -0.112024 0.0173179 0.01
0.344343 1.29515 0.1 0.1 -0.0591611 -0.00244845 0 0 -0.00687164 -0.0444218 0.01
0.184325 1.41314 0.1 0.1 -7.88971 5.86274 0 0 -0.999404 0.747827 0.04
0.0996267 1.45836 0.1 0.1 5.80239 -4.69934 0 0 0.756413 -0.584213 0.09
0.18464 1.38995 0.1 0.1 -0.105274 0.115117 0 0 -0.971004 0.790956 0.03
0.179889 1.39149 0.1 0.1 -0.210957 -0.0120162 0 0 -0.0184236 -0.0209401 0.03
0.172901 1.38971 0.1 0.1 -0.138919 -0.0766097 0 0 0.00813635 -0.00829627 0.04
0.171097 1.39053 0.1 0.1 -0.0418136 0.15815 0 0 0.0238562 0.058911 0.02
