-0.384162 2.41161 0.1 0.1 -0.0164816 0.0166604 0 0 0 0 0
0.003316 2.24314 0.1 0.1 9.57539 -4.17291 0 0 0.623946 -0.272387 0.08
0.492757 1.91253 0.1 0.1 4.46838 -5.26029 0 0 -0.329962 -0.101275 0.07
1.6464 1.54702 0.1 0.1 18.3723 -2.10382 0 0 0.753404 0.139837 0.1
2.03668 1.52371 0.1 0.1 20.6481 -0.233656 0 0 0.667055 0.462315 0.02
3.321 1.7229 0.1 0.1 -2.97138 5.14556 0 0 0.375355 0.348856 0.08
2.78098 2.52696 0.1 0.1 -10.3234 14.8266 0 0 -0.486542 0.65543 0.08
2.67041 2.68297 0.1 0.1 -11.7867 16.3743 0 0 -0.787124 0.852105 0.01
1.463 3.06323 0.1 0.1 -22.5846 -1.88716 0 0 -0.857642 0.2488 0.07
0.397245 2.47036 0.1 0.1 -8.03447 -14.9002 0 0 0.963367 -0.971992 0.07
0.312906 2.32379 0.1 0.1 -8.83212 -14.4149 0 0 -0.441477 0.16948 0.01
-0.113988 1.69363 0.1 0.1 -0.776994 0.192309 0 0 0.423972 0.776715 0.09
-0.117567 1.69723 0.1 0.1 0.0598295 0.527851 0 0 0.41691 0.169663 0.01
-0.11983 1.69999 0.1 0.1 -0.511564 0.0239401 0 0 -0.287044 -0.250663 0.01
-0.121729 1.70057 0.1 0.1 0.130736 0.0931421 0 0 0.320407 0.0349465 0.01
-0.120479 1.70319 0.1 0.1 -0.00527892 0.167804 0 0 -0.0337099 0.0193168 0.02
-0.120395 1.70348 0.1 0.1 0.021927 -0.10772 0 0 0.0136333 -0.137635 0.01
-0.12042 1.70254 0.1 0.1 -0.0268655 -0.0804735 0 0 -0.0244221 0.0131517 0.01
-0.120924 1.70142 0.1 0.1 -0.0234624 -0.0315118 0 0 0.000727288 0.0119631 0.02
-0.120991 1.70112 0.1 0.1 0.00989691 -0.0295143 0 0 0.0166564 0.000848786 0.01
