2.44588 -2.0018 0.1 0.1 0.0752919 -0.0106044 0 0 0 0 0
2.78482 -1.94849 0.1 0.1 8.28859 1.32556 0 0 0.53479 0.0868759 0.08
3.09321 -1.60805 0.1 0.1 2.05321 9.93648 0 0 -0.494036 0.745979 0.06
3.15724 -1.29245 0.1 0.1 0.901253 11.0976 0 0 0.125696 0.246107 0.03
2.88377 0.730777 0.1 0.1 -6.02896 29.0676 0 0 -0.348094 0.999701 0.1
2.76037 1.27618 0.1 0.1 -6.31059 25.4851 0 0 -0.101952 -0.759421 0.02
1.78947 3.13744 0.1 0.1 -12.9986 -2.32342 0 0 -0.383147 0.0169473 0.1
0.198891 3.01139 0.1 0.1 -26.5847 -0.367182 0 0 -0.948761 0.600065 0.08
-2.43626 2.81216 0.1 0.1 -31.8942 -4.00637 0 0 -0.44147 -0.213074 0.09
-3.16494 2.66792 0.1 0.1 6.66831 0.343443 0 0 0.802182 0.262952 0.08
-2.26256 2.34542 0.1 0.1 15.7694 -8.29138 0 0 0.625456 -0.559847 0.08
-1.40358 2.11226 0.1 0.1 18.5666 -1.09515 0 0 0.365884 0.696706 0.05
-0.151736 2.71166 0.1 0.1 9.39061 14.1868 0 0 -0.44057 0.8826 0.09
0.254814 3.0513 0.1 0.1 0.886204 -1.60344 0 0 -0.506242 0.925016 0.08
0.230318 3.00651 0.1 0.1 -1.55762 -0.132339 0 0 -0.176357 0.84551 0.07
0.219876 3.003 0.1 0.1 -0.532475 -0.569236 0 0 0.507488 -0.220264 0.01
0.203011 2.99978 0.1 0.1 -0.59155 0.349487 0 0 -0.0126658 0.15261 0.03
0.166324 3.00709 0.1 0.1 -0.873611 -0.0938097 0 0 -0.03188 0.865739 0.05
0.00414452 2.69634 0.1 0.1 -3.72662 -8.68462 0 0 -0.215417 -0.635922 0.07
-0.00765929 1.91936 0.1 0.1 3.30723 -13.4591 0 0 0.501668 -0.396579 0.07
0.0333418 1.66636 0.1 0.1 0.801285 -11.8462 0 0 -0.616668 0.339985 0.02
0.0678472 1.15485 0.1 0.1 -0.0226898 0.297096 0 0 -0.0437846 0.646316 0.09
0.068304 1.15542 0.1 0.1 0.113821 -0.18291 0 0 0.0684797 -0.239743 0.01
0.0698466 1.15215 0.1 0.1 0.0406769 -0.143312 0 0 -0.0179135 0.00908109 0.02
0.07025 1.15098 0.1 0.1 0.0400146 -0.09213 0 0 -0.000123013 0.0250071 0.01
0.0707404 1.15088 0.1 0.1 0.058026 0.0716721 0 0 0.00928009 0.0818671 0.01
0.0710864 1.15126 0.1 0.1 0.0112559 0.00531948 0 0 -0.0232409 -0.032996 0.01
