-0.511303 2.99346 0.1 0.1 -0.0981 0.0900449 0 0 0 0 0
-0.527207 2.95927 0.1 0.1 -1.48766 -3.49703 0 0 -0.351416 -0.905456 0.02
-0.4982 2.87163 0.1 0.1 3.39701 -2.3517 0 0 0.819146 0.176282 0.03
0.118906 2.9402 0.1 0.1 14.1098 4.23418 0 0 0.80945 0.475395 0.07
0.744473 2.94915 0.1 0.1 17.1482 -3.73379 0 0 0.458139 -0.995021 0.04
1.04889 2.88509 0.1 0.1 13.3061 -2.67538 0 0 -0.884664 0.24873 0.02
2.9248 3.03316 0.1 0.1 28.1579 -0.650109 0 0 0.929508 0.903 0.09
2.99393 2.29088 0.1 0.1 -9.44904 -15.6197 0 0 -0.624891 -0.872916 0.09
1.87811 0.200943 0.1 0.1 -15.2569 -30.5984 0 0 -0.38602 -0.948333 0.09
0.85046 -1.88083 0.1 0.1 -18.9698 -38.7123 0 0 -0.393854 -0.850058 0.06
0.65372 -2.26991 0.1 0.1 -20.3757 -39.1026 0 0 -0.798745 -0.39012 0.01
0.449316 -2.66768 0.1 0.1 -20.5046 -40.4496 0 0 -0.164518 -0.872786 0.01
-2.40741 -2.63048 0.1 0.1 -36.3638 15.6768 0 0 -0.936101 0.966859 0.1
-2.77173 -2.48277 0.1 0.1 -36.5004 13.8686 0 0 -0.250989 -0.831208 0.01
-3.34133 -1.69643 0.1 0.1 6.23127 17.5523 0 0 0.991071 0.44697 0.05
-1.949 0.245376 0.1 0.1 21.3649 21.2218 0 0 0.827565 0.280741 0.1
-0.843706 1.31249 0.1 0.1 6.46342 5.6634 0 0 -0.863848 -0.906014 0.08
-0.380343 1.46912 0.1 0.1 2.86327 -2.3965 0 0 -0.15708 -0.395245 0.1
-0.349889 1.45724 0.1 0.1 0.191065 1.19726 0 0 -0.660747 0.895498 0.02
-0.343113 1.46386 0.1 0.1 1.16252 0.127759 0 0 0.489366 -0.531438 0.01
-0.336867 1.46921 0.1 0.1 0.0883823 0.941542 0 0 -0.534261 0.409534 0.01
-0.332317 1.47582 0.1 0.1 0.13879 -0.601113 0 0 0.00683677 -0.192039 0.04
-0.329506 1.4722 0.1 0.1 0.422877 -0.123157 0 0 0.143598 0.237238 0.01
-0.317031 1.47977 0.1 0.1 0.0790167 0.42155 0 0 -0.0331529 0.0552309 0.05
-0.317164 1.48303 0.1 0.1 -0.105403 0.229547 0 0 -0.0923615 -0.0944088 0.01
-0.319926 1.48677 0.1 0.1 -0.17053 0.145223 0 0 -0.0169879 -0.0201516 0.02
-0.319996 1.48812 0.1 0.1 0.155862 0.12435 0 0 0.163276 -0.00973346 0.01
-0.318399 1.48842 0.1 0.1 0.163502 -0.0642071 0 0 0.00460361 -0.0941443 0.01
-0.317923 1.48731 0.1 0.1 -0.0679156 -0.156515 0 0 -0.115563 -0.0467363 0.01
-0.317844 1.48594 0.1 0.1 0.0754076 0.0181269 0 0 0.0358849 0.0433304 0.02
-0.317365 1.48629 0.1 0.1 0.0203598 0.0516998 0 0 -0.0273013 0.0169588 0.01
-0.316974 1.48668 0.1 0.1 0.0188231 -0.0118958 0 0 -0.000289554 -0.0158027 0.02
