0.658829 1.49493 0.1 0.1 -0.000356942 -0.0266707 0 0 0 0 0
0.661325 1.50154 0.1 0.1 0.498695 1.34792 0 0 0.251081 0.690772 0.01
0.665635 1.5655 0.1 0.1 -0.0657753 5.0356 0 0 -0.139984 0.938044 0.02
0.665299 1.6183 0.1 0.1 -0.00162852 5.52296 0 0 0.0319377 0.270122 0.01
0.245977 2.4141 0.1 0.1 -11.8415 17.0789 0 0 -0.876013 0.882375 0.07
0.126525 2.59108 0.1 0.1 -12.0486 18.3148 0 0 -0.163211 0.706602 0.01
-0.117673 2.98132 0.1 0.1 -12.3701 20.7008 0 0 -0.141418 0.69424 0.02
-0.664526 2.76677 0.1 0.1 0.032582 -10.1884 0 0 0.658894 -0.677502 0.09
-1.12492 1.72601 0.1 0.1 -13.0311 -19.4398 0 0 -0.966797 -0.735242 0.07
-2.01908 0.506857 0.1 0.1 -16.7375 -21.1811 0 0 -0.384608 -0.246612 0.06
-3.30992 -1.54047 0.1 0.1 3.32753 -24.2727 0 0 -0.635366 -0.285304 0.09
-2.97268 -2.70373 0.1 0.1 10.1069 -22.2741 0 0 0.712215 0.083572 0.05
-2.0432 -2.70556 0.1 0.1 8.50838 11.8969 0 0 -0.0335203 0.914792 0.1
-0.901871 -1.71223 0.1 0.1 14.2224 8.03444 0 0 0.343159 -0.143599 0.1
0.474186 -0.290717 0.1 0.1 13.3132 20.1928 0 0 0.0239644 0.678917 0.1
2.45699 2.26769 0.1 0.1 26.1423 30.7968 0 0 0.740053 0.658705 0.1
2.71998 2.58304 0.1 0.1 26.4547 32.2694 0 0 0.285836 0.894607 0.01
3.00568 3.04836 0.1 0.1 -11.0537 -1.73202 0 0 -0.986101 0.382669 0.09
1.86013 3.00226 0.1 0.1 -17.4991 -0.0665019 0 0 -0.474538 0.197687 0.08
1.67925 3.00179 0.1 0.1 -18.6757 -0.0311352 0 0 -0.678894 0.385431 0.01
1.04824 2.85705 0.1 0.1 -12.9132 -7.15865 0 0 0.641627 -0.909168 0.04
0.7541 2.55825 0.1 0.1 -6.727 -12.7336 0 0 0.982191 -0.979103 0.03
0.50765 2.16368 0.1 0.1 -9.68792 -13.567 0 0 -0.535048 -0.204641 0.03
0.00902382 1.49844 0.1 0.1 -4.61883 -5.53346 0 0 0.326504 0.526506 0.07
-0.0553075 1.41801 0.1 0.1 0.305344 0.143392 0 0 0.81074 0.933074 0.03
-0.0536345 1.42069 0.1 0.1 -0.136575 0.124502 0 0 -0.110145 -0.00407669 0.02
-0.0543733 1.42072 0.1 0.1 -0.0113799 -0.118144 0 0 0.0622502 -0.121316 0.01
-0.0555783 1.41875 0.1 0.1 -0.0686677 -0.0138844 0 0 -0.00975237 0.0170488 0.03
