-0.955138 0.0557262 0.1 0.1 -0.0143963 0.0617828 0 0 0 0 0
-0.970715 0.0211152 0.1 0.1 -1.53823 -3.51098 0 0 -0.385628 -0.902146 0.02
-0.980825 -0.0144034 0.1 0.1 -0.485416 -3.59261 0 0 0.521924 -0.0583747 0.01
-1.04424 0.0151402 0.1 0.1 -2.03835 4.70521 0 0 -0.161484 0.832819 0.05
-2.03605 1.34044 0.1 0.1 -17.5409 21.5191 0 0 -0.825144 0.906928 0.1
-3.22148 2.87181 0.1 0.1 -17.8225 29.4476 0 0 -0.46432 0.788724 0.06
-2.82087 2.83293 0.1 0.1 10.2732 -6.92313 0 0 0.523255 -0.358878 0.1
-2.1218 2.13704 0.1 0.1 13.0017 -16.1809 0 0 0.285791 -0.829519 0.06
-1.08316 1.462 0.1 0.1 16.631 -3.25696 0 0 0.333895 0.875353 0.07
-0.422297 1.3577 0.1 0.1 0.111055 0.598784 0 0 -0.991899 0.234385 0.08
-0.421967 1.36391 0.1 0.1 -0.0448525 0.642656 0 0 -0.0778448 0.0250264 0.01
-0.422042 1.37041 0.1 0.1 0.0298044 0.658659 0 0 0.0373212 0.0112645 0.01
-0.423664 1.37335 0.1 0.1 -0.353476 -0.069792 0 0 -0.192677 -0.362861 0.01
-0.426501 1.36753 0.1 0.1 0.23507 -0.162106 0 0 0.0586141 -0.00980191 0.05
-0.425814 1.36533 0.1 0.1 -0.0971167 -0.279652 0 0 -0.165891 -0.0599238 0.01
-0.427636 1.3637 0.1 0.1 -0.266934 -0.0454252 0 0 -0.0858594 0.116303 0.01
-0.445935 1.35606 0.1 0.1 -0.141595 -0.123259 0 0 0.00595102 -0.00474793 0.09
-0.450314 1.34922 0.1 0.1 -0.0344485 -0.149996 0 0 0.0102845 -0.00335547 0.05
-0.449799 1.34824 0.1 0.1 0.137157 -0.0456415 0 0 0.0861384 0.0517167 0.01
-0.447209 1.34822 0.1 0.1 0.121899 0.0426652 0 0 -0.00316496 0.022073 0.02
-0.446398 1.34827 0.1 0.1 0.0405136 -0.0312801 0 0 -0.0403269 -0.0369599 0.01
