0.342148 -2.35216 0.1 0.1 0.0659879 -0.00512363 0 0 0 0 0
0.451388 -2.17793 0.1 0.1 2.32753 3.81945 0 0 0.131775 0.222194 0.09
0.613305 -1.27154 0.1 0.1 1.72687 18.6428 0 0 -0.0271314 0.983261 0.08
0.63661 -1.08547 0.1 0.1 2.93207 18.5718 0 0 0.615191 0.057659 0.01
0.46066 0.99771 0.1 0.1 -6.69508 27.5858 0 0 -0.54494 0.616413 0.09
0.318573 1.56104 0.1 0.1 -7.51086 28.7438 0 0 -0.239968 0.430408 0.02
0.135825 2.10228 0.1 0.1 -10.7536 25.3908 0 0 -0.857178 -0.703095 0.02
-0.10234 2.63409 0.1 0.1 -13.0553 27.7825 0 0 -0.63524 0.731062 0.02
-1.93186 2.69513 0.1 0.1 -23.3618 -12.9213 0 0 -0.606901 -0.970306 0.1
-2.99859 2.10446 0.1 0.1 -29.9295 -16.5884 0 0 -0.955344 -0.53178 0.04
-3.16138 0.615589 0.1 0.1 4.26663 -25.8402 0 0 0.267583 -0.766941 0.07
-2.12574 -2.32738 0.1 0.1 18.5336 -39.3545 0 0 0.850746 -0.914315 0.09
-1.9366 -2.72087 0.1 0.1 19.293 -39.3423 0 0 0.474462 -0.190872 0.01
-0.0831124 -2.80506 0.1 0.1 21.8555 12.981 0 0 0.245271 0.815381 0.09
1.16788 -1.3532 0.1 0.1 9.58105 23.1796 0 0 -0.688522 0.728024 0.08
1.25977 -1.12589 0.1 0.1 8.79821 22.2843 0 0 -0.344943 -0.334263 0.01
1.50397 -0.0270371 0.1 0.1 -2.53924 5.41196 0 0 -0.694224 -0.986294 0.08
1.15014 0.473301 0.1 0.1 -11.5392 14.5255 0 0 -0.936014 0.961214 0.05
0.52159 1.31669 0.1 0.1 -2.56268 4.36935 0 0 0.464111 -0.517283 0.09
0.447102 1.48572 0.1 0.1 0.399949 0.504998 0 0 0.206398 -0.263955 0.07
0.445686 1.48791 0.1 0.1 -0.681346 -0.0663258 0 0 -0.541799 -0.28472 0.01
0.444523 1.488 0.1 0.1 0.446751 0.0850171 0 0 0.563887 0.0758398 0.01
0.447134 1.48886 0.1 0.1 0.0761462 0.0864285 0 0 -0.18413 0.00109912 0.01
0.447535 1.48985 0.1 0.1 0.0041234 0.111186 0 0 -0.0358345 0.0128683 0.01
0.44785 1.49068 0.1 0.1 0.0589066 0.0549463 0 0 0.0275637 -0.0277045 0.01
0.447641 1.49176 0.1 0.1 -0.0721994 0.0177714 0 0 -0.0219027 -0.00601971 0.03
0.44732 1.49207 0.1 0.1 0.0396652 0.0128163 0 0 0.0279055 -0.00115725 0.02
0.447323 1.4922 0.1 0.1 -0.0387754 0.0126575 0 0 -0.0392465 -2.31637e-05 0.01
