-2.9369 0.559876 0.1 0.1 0.0262334 -0.0695284 0 0 0 0 0
-2.94029 0.560254 0.1 0.1 -0.70235 0.144849 0 0 -0.366331 0.107266 0.01
-2.67595 0.9962 0.1 0.1 7.20649 10.6142 0 0 0.511475 0.681877 0.08
-1.79184 1.88574 0.1 0.1 17.9308 14.7525 0 0 0.829286 0.359518 0.07
-1.18183 2.34925 0.1 0.1 22.7131 16.1413 0 0 0.898302 0.309195 0.03
0.170533 3.00257 0.1 0.1 31.3086 8.54645 0 0 0.994643 -0.544345 0.05
2.62624 2.43999 0.1 0.1 18.0264 -15.1935 0 0 -0.541386 -0.976406 0.1
3.28466 1.22311 0.1 0.1 -2.79763 -25.2664 0 0 0.466591 -0.941025 0.06
2.38054 -1.24766 0.1 0.1 -17.0889 -29.5743 0 0 -0.844892 -0.376954 0.09
1.30616 -2.90873 0.1 0.1 -25.8134 -36.8086 0 0 -0.978274 -0.890115 0.05
-1.57567 -2.55483 0.1 0.1 -31.7243 15.7549 0 0 -0.439897 0.930794 0.1
-3.25953 -1.30245 0.1 0.1 -10.6596 25.8866 0 0 0.266674 0.948388 0.06
-3.30674 -0.762707 0.1 0.1 2.12025 28.0808 0 0 -0.733635 0.684422 0.02
-3.16635 0.851014 0.1 0.1 2.30551 36.3991 0 0 -0.11653 0.993353 0.05
-3.11572 2.01327 0.1 0.1 1.07666 41.0612 0 0 -0.198037 0.970822 0.03
-3.071 2.8586 0.1 0.1 3.3875 43.4634 0 0 0.587761 0.811973 0.02
-1.83615 2.71155 0.1 0.1 21.0166 -11.5621 0 0 0.943548 -0.586805 0.1
-1.02719 2.2981 0.1 0.1 19.442 -9.12675 0 0 -0.0955705 0.253053 0.04
-0.06786 1.84775 0.1 0.1 0.068514 -0.0304833 0 0 -0.921072 0.432409 0.1
-0.0676427 1.84761 0.1 0.1 -0.0248877 0.00276983 0 0 -0.0466166 0.016555 0.01
