1.58355 2.96723 0.1 0.1 -0.0168565 0.0236002 0 0 0 0 0
1.53128 2.93068 0.1 0.1 -3.45055 -2.44792 0 0 -0.581123 -0.418058 0.03
1.03483 2.2416 0.1 0.1 -7.51961 -12.711 0 0 -0.253794 -0.60853 0.09
0.30945 0.942931 0.1 0.1 -6.9966 -13.2534 0 0 -0.0104687 -0.0920001 0.1
0.0236516 -0.376197 0.1 0.1 -1.2376 -24.307 0 0 0.390948 -0.883743 0.07
0.0248246 -1.70867 0.1 0.1 1.2627 -28.953 0 0 0.250862 -0.597857 0.05
-0.537107 -3.16711 0.1 0.1 -13.5253 4.87685 0 0 -0.852785 -0.911641 0.09
-0.66745 -3.10902 0.1 0.1 -12.5449 6.73935 0 0 0.42508 0.960439 0.01
-0.792067 -3.03766 0.1 0.1 -12.3788 7.53157 0 0 0.0207476 0.43184 0.01
-0.919369 -2.95282 0.1 0.1 -13.0803 9.43294 0 0 -0.414551 0.993258 0.01
-1.36639 -2.61197 0.1 0.1 -16.7027 13.2709 0 0 -0.678508 0.696509 0.03
-2.12339 -1.32109 0.1 0.1 -5.06428 23.4915 0 0 0.777719 0.82234 0.07
-1.8731 1.43731 0.1 0.1 10.4034 37.5945 0 0 0.874 0.93718 0.09
-1.53338 2.58321 0.1 0.1 12.2348 38.7928 0 0 0.359856 0.390878 0.03
-1.40745 2.97872 0.1 0.1 12.9491 40.3076 0 0 0.419188 0.955303 0.01
-0.218514 2.70551 0.1 0.1 13.4652 -14.5848 0 0 0.0948764 -0.840006 0.09
0.360385 2.13469 0.1 0.1 1.17155 0.118656 0 0 -0.732401 0.883475 0.08
0.369627 2.13375 0.1 0.1 -0.242641 -0.211376 0 0 -0.351401 -0.0827762 0.02
0.366893 2.13284 0.1 0.1 -0.304054 0.0289366 0 0 -0.0320806 0.11972 0.01
0.364651 2.13298 0.1 0.1 -0.144492 -0.00191624 0 0 0.0786951 -0.0153571 0.01
0.363786 2.13312 0.1 0.1 -0.028738 0.0305889 0 0 0.0574713 0.0163305 0.01
0.363822 2.13338 0.1 0.1 0.0357492 0.0215749 0 0 0.0322757 -0.00437557 0.01
0.363966 2.13366 0.1 0.1 -0.00685757 0.0342273 0 0 -0.0212406 0.00646563 0.01
0.36382 2.13381 0.1 0.1 -0.02222 -0.00482423 0 0 -0.0077585 -0.0194562 0.01
0.363417 2.13381 0.1 0.1 -0.0181113 0.00476354 0 0 0.000926959 0.00239734 0.02
