-1.08838 1.82813 0.1 0.1 -0.0282881 -0.0212789 0 0 0 0 0
-1.2201 1.86908 0.1 0.1 -4.31961 1.37207 0 0 -0.368773 0.11951 0.06
-1.56215 2.44124 0.1 0.1 -2.55055 9.92875 0 0 0.0714209 0.456534 0.1
-1.60269 2.96241 0.1 0.1 0.503554 16.0887 0 0 0.376731 0.835263 0.04
-1.16761 2.94815 0.1 0.1 11.796 -6.10932 0 0 0.83795 -0.593648 0.07
-0.0365653 1.90094 0.1 0.1 16.4179 -19.888 0 0 0.359788 -0.926634 0.08
0.723003 0.977937 0.1 0.1 21.5261 -26.2205 0 0 0.734141 -0.90657 0.04
1.71317 -0.126269 0.1 0.1 27.9401 -28.9709 0 0 0.926476 -0.48135 0.04
2.86531 -1.31731 0.1 0.1 29.6566 -30.5696 0 0 0.358166 -0.349254 0.04
3.2406 -3.13013 0.1 0.1 -3.87744 -12.7702 0 0 -0.160619 -0.335132 0.06
2.35284 -2.62754 0.1 0.1 -15.6737 13.3456 0 0 -0.704922 0.811136 0.09
1.74576 -1.0446 0.1 0.1 0.279242 26.0575 0 0 0.959901 0.893609 0.08
1.73416 0.362109 0.1 0.1 -0.73296 30.1763 0 0 -0.102082 0.55259 0.05
1.73103 0.658417 0.1 0.1 0.106609 29.0872 0 0 0.418012 -0.396358 0.01
1.59308 2.62799 0.1 0.1 -4.65773 36.4907 0 0 -0.409544 0.781136 0.06
1.54003 2.99859 0.1 0.1 -5.95038 37.6281 0 0 -0.673387 0.754142 0.01
0.90765 3.10356 0.1 0.1 -15.0368 -7.12712 0 0 -0.809915 -0.302273 0.06
0.290092 2.29267 0.1 0.1 -2.75055 -15.9386 0 0 0.833607 -0.68742 0.07
0.111031 1.61944 0.1 0.1 -4.39827 -11.0313 0 0 -0.182995 0.423485 0.05
-0.0162992 1.2387 0.1 0.1 -0.726046 -4.25472 0 0 0.354795 0.639792 0.05
-0.0208202 1.20553 0.1 0.1 -0.179086 -2.38309 0 0 0.271664 0.919458 0.01
-0.0226242 1.18134 0.1 0.1 -0.001904 -0.0432543 0 0 0.0440286 0.579024 0.02
-0.0233173 1.18038 0.1 0.1 -0.0325496 -0.00496253 0 0 -0.00391937 0.00466641 0.04
