0.664899 -0.705603 0.1 0.1 0.0199442 0.0842617 0 0 0 0 0
1.07034 0.111564 0.1 0.1 7.95648 15.994 0 0 0.417854 0.836622 0.1
1.67183 1.31902 0.1 0.1 12.055 24.1725 0 0 0.391659 0.782467 0.06
1.79676 1.56363 0.1 0.1 12.931 24.7486 0 0 0.499517 0.410656 0.01
2.99902 3.20282 0.1 0.1 17.0648 -2.8879 0 0 0.332955 0.684719 0.08
3.055 2.2934 0.1 0.1 -5.53999 -17.0051 0 0 -0.376884 -0.829007 0.09
2.96743 1.56321 0.1 0.1 1.1168 -19.4881 0 0 0.821155 -0.40162 0.04
2.88795 0.719775 0.1 0.1 -5.04898 -22.6622 0 0 -0.781922 -0.502456 0.04
2.25863 -0.360367 0.1 0.1 -15.8222 -13.4345 0 0 -0.951015 0.678748 0.06
1.04082 -1.90522 0.1 0.1 -11.3101 -20.7849 0 0 0.183804 -0.494333 0.09
0.44772 -2.84759 0.1 0.1 -18.2981 -26.2972 0 0 -0.947086 -0.807134 0.04
0.272045 -3.11752 0.1 0.1 -16.8391 -22.3642 0 0 0.642012 -0.830316 0.01
-1.71353 -2.64959 0.1 0.1 -27.1306 14.0538 0 0 -0.682348 0.83154 0.09
-2.92471 -1.95467 0.1 0.1 -33.3854 20.6494 0 0 -0.934141 0.910696 0.04
-3.33529 -0.705773 0.1 0.1 5.29051 29.2347 0 0 -0.11673 0.983939 0.05
-2.38908 2.59607 0.1 0.1 15.5974 43.9193 0 0 0.624552 0.999631 0.09
-0.88018 2.85481 0.1 0.1 17.8982 -11.2288 0 0 0.2117 -0.717332 0.09
-0.698576 2.7439 0.1 0.1 18.4218 -10.9547 0 0 0.352778 0.081721 0.01
0.205499 2.25692 0.1 0.1 -0.0320926 1.01641 0 0 -0.877761 0.574368 0.1
0.204046 2.25932 0.1 0.1 -0.257995 -0.533706 0 0 -0.11375 -0.773995 0.01
0.199395 2.25657 0.1 0.1 -0.207298 0.256565 0 0 0.0115234 0.196916 0.02
0.198619 2.25838 0.1 0.1 0.0517573 0.104787 0 0 0.129189 -0.0749952 0.01
0.198763 2.25824 0.1 0.1 -0.0229848 -0.130819 0 0 -0.0373185 -0.11789 0.01
0.197441 2.25649 0.1 0.1 -0.0649136 0.0130936 0 0 -0.00721043 0.0236968 0.03
0.194351 2.25642 0.1 0.1 -0.058739 -0.0156442 0 0 0.00030861 -0.00288123 0.05
