2.76137 -2.79109 0.1 0.1 -0.0708372 0.0333172 0 0 0 0 0
2.73658 -2.80588 0.1 0.1 -0.630808 -0.450258 0 0 -0.0417779 -0.0356023 0.07
2.00555 -2.73671 0.1 0.1 -13.7707 1.79659 0 0 -0.693734 0.115815 0.1
0.0950791 -3.0729 0.1 0.1 -28.4638 0.532341 0 0 -0.922591 -0.913489 0.09
-1.0481 -3.02893 0.1 0.1 -28.6937 0.861599 0 0 -0.171653 -0.936637 0.04
-2.6644 -2.66934 0.1 0.1 -25.2172 11.0235 0 0 0.15498 0.876744 0.06
-3.01777 -1.15047 0.1 0.1 7.68868 19.2159 0 0 0.576418 0.485614 0.1
-2.44579 0.185415 0.1 0.1 11.3423 25.2531 0 0 0.353032 0.614572 0.06
-2.3257 0.432159 0.1 0.1 12.6741 24.0977 0 0 0.726047 -0.454133 0.01
-1.03939 2.52381 0.1 0.1 23.9527 35.5303 0 0 0.896423 0.966644 0.07
-0.808722 2.87215 0.1 0.1 22.1843 34.1394 0 0 -0.770461 -0.521131 0.01
0.377664 3.00704 0.1 0.1 1.88252 -1.21106 0 0 -0.955965 0.220118 0.1
0.403611 2.99905 0.1 0.1 3.30436 -0.387135 0 0 0.724056 0.450578 0.01
0.736559 3.00253 0.1 0.1 7.74947 0.0307876 0 0 0.398262 0.0939153 0.06
1.02018 3.00202 0.1 0.1 0.439343 -0.00581885 0 0 -0.502023 0.465667 0.07
1.02166 3.00203 0.1 0.1 -0.143558 0.0056861 0 0 -0.290787 0.627981 0.01
1.01287 3.00306 0.1 0.1 -0.076935 0.00382429 0 0 0.00361598 0.789378 0.08
0.807158 2.4081 0.1 0.1 -3.97184 -11.7079 0 0 -0.205107 -0.615429 0.1
0.330883 1.83884 0.1 0.1 -9.57076 -4.6393 0 0 -0.434258 0.46435 0.07
0.0101438 1.62999 0.1 0.1 1.40553 -0.635054 0 0 0.666396 0.237381 0.08
0.0347833 1.62758 0.1 0.1 0.242913 0.468726 0 0 -0.18976 0.183563 0.03
0.0351865 1.63202 0.1 0.1 -0.161591 0.419468 0 0 -0.202188 -0.0224454 0.01
0.0340401 1.6366 0.1 0.1 -0.0678553 0.496085 0 0 0.0463315 0.0406117 0.01
0.0384186 1.64119 0.1 0.1 0.284432 -0.261454 0 0 0.0445969 -0.0941278 0.04
0.0437034 1.63721 0.1 0.1 0.244191 -0.136316 0 0 -0.00874058 0.0302952 0.02
0.0443275 1.63589 0.1 0.1 -0.118781 -0.127772 0 0 -0.181292 0.00358366 0.01
0.0439462 1.63428 0.1 0.1 0.0422643 -0.193811 0 0 0.0803793 -0.0338164 0.01
0.0442157 1.63301 0.1 0.1 0.0116867 -0.0622101 0 0 -0.0151536 0.0651696 0.01
0.044284 1.63263 0.1 0.1 0.00198517 -0.012257 0 0 -0.00481582 0.0247942 0.01
