-1.97261 -2.97595 0.1 0.1 0.0575097 -0.0481305 0 0 0 0 0
-1.96886 -2.50436 0.1 0.1 0.0363256 11.6815 0 0 -0.00109185 0.762705 0.08
-1.76588 -2.17949 0.1 0.1 5.69727 -2.23735 0 0 0.419021 -0.97117 0.07
-1.57703 -2.80016 0.1 0.1 -0.888996 -13.1344 0 0 -0.399974 -0.719987 0.08
-1.07009 -3.02882 0.1 0.1 13.3725 0.906714 0 0 0.923217 -0.654001 0.08
0.171403 -3.00545 0.1 0.1 21.9981 0.0628834 0 0 0.70495 -0.996928 0.07
2.16484 -2.40757 0.1 0.1 22.2944 13.0298 0 0 0.127357 0.753546 0.09
3.214 -2.01487 0.1 0.1 -2.09394 -4.04855 0 0 0.0275918 -0.927476 0.09
2.82586 -2.71408 0.1 0.1 -8.91731 -15.792 0 0 -0.515163 -0.888944 0.07
1.66476 -3.04908 0.1 0.1 -19.9625 1.62414 0 0 -0.763074 -0.283584 0.08
0.729292 -2.98399 0.1 0.1 -26.7658 1.63037 0 0 -0.967558 0.00887529 0.04
-2.08 -2.18315 0.1 0.1 -35.5291 15.9545 0 0 -0.643359 0.839935 0.09
-2.79968 -1.86154 0.1 0.1 -36.4365 16.2058 0 0 -0.407758 0.141952 0.02
-2.86386 0.325874 0.1 0.1 12.2612 27.3567 0 0 0.768015 0.667331 0.1
-2.45806 1.1206 0.1 0.1 14.7804 25.6337 0 0 0.486823 -0.154495 0.03
-1.56866 2.4669 0.1 0.1 20.7466 28.1969 0 0 0.684293 0.391391 0.05
-1.35633 2.74961 0.1 0.1 21.7182 28.3447 0 0 0.590988 0.215486 0.01
-0.209134 2.96911 0.1 0.1 7.15542 -6.76054 0 0 -0.838669 -0.492534 0.08
-0.0846645 2.86491 0.1 0.1 5.29771 -3.66951 0 0 -0.433452 0.74687 0.02
0.0284908 2.70524 0.1 0.1 2.26119 -6.95878 0 0 -0.487343 -0.574896 0.03
0.112867 2.49669 0.1 0.1 0.173867 0.908441 0 0 -0.143123 0.547147 0.07
0.107593 2.50572 0.1 0.1 -0.52197 -0.30049 0 0 -0.11689 -0.200018 0.03
-0.0101781 2.34036 0.1 0.1 -5.33431 -7.9167 0 0 -0.616515 -0.972856 0.04
-0.0629556 2.26723 0.1 0.1 -5.2214 -6.71181 0 0 0.0300013 0.566007 0.01
-0.506519 1.72651 0.1 0.1 -5.85905 -6.80483 0 0 -0.0677154 -0.0395817 0.08
-0.622473 1.41646 0.1 0.1 2.44865 -2.10851 0 0 0.585549 0.313478 0.07
-0.555268 1.35027 0.1 0.1 -0.182169 -0.117928 0 0 -0.213765 0.160349 0.06
-0.562989 1.34904 0.1 0.1 -0.0762312 0.0749319 0 0 0.00819518 0.0159738 0.06
-0.563612 1.34948 0.1 0.1 0.0135908 -0.0304951 0 0 0.0223113 -0.0262461 0.02
-0.563528 1.34938 0.1 0.1 0.00317332 0.0118223 0 0 -0.00516625 0.0211147 0.01
