2.63905 -0.321349 0.1 0.1 0.0193826 0.0100406 0 0 0 0 0
2.63557 -0.320428 0.1 0.1 -0.713534 0.173862 0 0 -0.368568 0.0822457 0.01
2.92219 -0.321932 0.1 0.1 8.792 -0.21224 0 0 0.700174 -0.0274408 0.07
3.18217 -0.668886 0.1 0.1 -1.28402 -8.35362 0 0 0.816056 -0.53086 0.08
3.14303 -1.68269 0.1 0.1 -0.0798977 -16.8776 0 0 0.286494 -0.596184 0.08
3.14254 -2.0005 0.1 0.1 0.0063936 -14.9099 0 0 0.8472 0.412581 0.02
2.74885 -2.93231 0.1 0.1 -9.71885 -8.47153 0 0 -0.63249 0.344211 0.08
1.58594 -2.9364 0.1 0.1 -13.4768 2.85259 0 0 -0.246115 0.163088 0.1
-0.0242624 -3.04075 0.1 0.1 -26.603 0.701438 0 0 -0.921215 -0.886295 0.08
-1.53111 -2.67148 0.1 0.1 -16.5668 9.74378 0 0 0.609352 0.672237 0.07
-1.88479 -2.48443 0.1 0.1 -18.7931 8.96387 0 0 -0.645325 -0.148427 0.02
-3.24242 -1.48455 0.1 0.1 2.30341 10.9972 0 0 -0.261491 0.151582 0.1
-3.011 -1.11454 0.1 0.1 9.22129 7.5268 0 0 0.894453 -0.387461 0.04
-2.32855 -0.748625 0.1 0.1 18.0036 7.11329 0 0 0.947514 -0.00466471 0.05
-1.57144 -0.386775 0.1 0.1 19.8395 10.9535 0 0 0.324776 0.525212 0.04
-0.428826 0.0900987 0.1 0.1 25.8158 8.14447 0 0 0.712528 -0.2331 0.05
2.46555 1.09139 0.1 0.1 38.3206 14.0145 0 0 0.855827 0.382671 0.09
2.85104 1.2295 0.1 0.1 38.7759 13.6099 0 0 0.419273 -0.131709 0.01
2.95119 1.67521 0.1 0.1 -12.5975 -3.4521 0 0 -0.806553 -0.923587 0.09
2.33047 1.5464 0.1 0.1 -12.2343 -1.71472 0 0 -0.0257711 0.161061 0.05
1.37643 1.64737 0.1 0.1 -19.4949 5.01278 0 0 -0.684812 0.569312 0.06
0.999812 1.72436 0.1 0.1 -18.1716 2.69367 0 0 0.236933 -0.560197 0.02
0.0784805 1.85622 0.1 0.1 -0.548072 -0.0100381 0 0 0.835635 -0.128391 0.1
0.0751861 1.85627 0.1 0.1 -0.111529 0.0194995 0 0 0.216748 0.0148196 0.01
0.0732911 1.85601 0.1 0.1 -0.0780839 -0.0452668 0 0 0.00789031 -0.0162584 0.02
0.0702257 1.85272 0.1 0.1 -0.0246285 -0.0641868 0 0 0.00420148 -0.00185055 0.06
0.0700064 1.85259 0.1 0.1 -0.0192564 0.0375443 0 0 0.00258355 0.0508084 0.01
