-0.534907 2.7255 0.1 0.1 0.01545 -0.0771699 0 0 0 0 0
-0.48577 2.71953 0.1 0.1 3.2442 -0.319279 0 0 0.546467 -0.0413656 0.03
0.556261 1.97009 0.1 0.1 19.6645 -16.0998 0 0 0.970559 -0.918353 0.09
0.759615 1.80088 0.1 0.1 21.0039 -17.7387 0 0 0.772072 -0.903671 0.01
2.76884 -0.0816759 0.1 0.1 29.1195 -29.172 0 0 0.633496 -0.831782 0.08
3.27799 -0.629501 0.1 0.1 11.3086 -25.6184 0 0 0.285317 0.749739 0.02
3.25178 -1.74405 0.1 0.1 -4.31776 -30.0824 0 0 -0.345407 -0.698027 0.04
3.20829 -2.05151 0.1 0.1 -4.38202 -31.4072 0 0 -0.0527112 -0.816255 0.01
2.33713 -3.14179 0.1 0.1 -17.2225 4.51996 0 0 -0.856982 -0.0540017 0.08
0.533905 -2.47022 0.1 0.1 -18.815 8.84032 0 0 -0.169882 0.249531 0.1
-0.594612 -2.10984 0.1 0.1 -26.2634 5.60255 0 0 -0.858226 -0.288252 0.05
-0.865325 -2.05125 0.1 0.1 -27.8765 6.11423 0 0 -0.942539 0.284426 0.01
-2.7143 -1.40166 0.1 0.1 -33.6967 15.4467 0 0 -0.639872 0.830906 0.06
-3.11165 0.324633 0.1 0.1 8.17902 27.5502 0 0 0.717167 0.865028 0.08
-2.12509 2.55204 0.1 0.1 19.8782 35.9916 0 0 0.905166 0.76253 0.07
-1.92432 2.9175 0.1 0.1 20.2739 37.0984 0 0 0.297034 0.73638 0.01
-0.650759 2.69641 0.1 0.1 5.44554 -11.6486 0 0 -0.677828 -0.601534 0.1
-0.419895 1.9179 0.1 0.1 2.28202 -14.2754 0 0 -0.244558 -0.283805 0.06
-0.321353 1.35734 0.1 0.1 0.208595 0.0702491 0 0 -0.123407 0.8617 0.08
-0.319586 1.35768 0.1 0.1 0.144981 -0.00345592 0 0 -0.0309559 -0.0366992 0.01
-0.317826 1.3594 0.1 0.1 -0.0268227 0.11808 0 0 -0.0283585 0.0205413 0.03
-0.317864 1.35941 0.1 0.1 0.0191377 -0.116693 0 0 0.0229533 -0.117399 0.01
-0.317495 1.35919 0.1 0.1 0.0546689 0.0723315 0 0 0.0179847 0.0944223 0.01
-0.316436 1.36043 0.1 0.1 0.0512384 0.0520097 0 0 -0.00059467 -0.00477084 0.02
