-1.04351 1.40008 0.1 0.1 -0.00426647 -0.0367739 0 0 0 0 0
-0.483906 1.77132 0.1 0.1 13.8117 9.19455 0 0 0.899064 0.600489 0.08
-0.0333896 2.08773 0.1 0.1 16.2109 11.8861 0 0 0.474764 0.501671 0.03
1.26931 2.37261 0.1 0.1 12.7876 -5.29755 0 0 -0.118016 -0.938825 0.09
2.77888 2.31982 0.1 0.1 24.7923 3.85483 0 0 0.844954 0.569151 0.08
3.2019 2.4293 0.1 0.1 9.97506 7.08303 0 0 -0.298048 0.834882 0.02
2.7453 2.8375 0.1 0.1 -13.2792 2.06308 0 0 -0.898298 -0.256217 0.09
0.854456 2.3034 0.1 0.1 -28.5086 -13.6972 0 0 -0.951562 -0.905131 0.09
-0.375781 1.74248 0.1 0.1 -32.9727 -14.3453 0 0 -0.713104 -0.150265 0.04
-0.704134 1.5923 0.1 0.1 -32.6983 -15.6872 0 0 -0.0283178 -0.744936 0.01
-1.35911 1.24967 0.1 0.1 -32.7983 -18.5663 0 0 -0.190425 -0.804419 0.02
-3.20288 0.112552 0.1 0.1 -33.5601 -26.8506 0 0 -0.995678 -0.941379 0.05
-3.14649 -2.13576 0.1 0.1 7.6257 -37.2544 0 0 0.367549 -0.902778 0.07
-2.97223 -2.90368 0.1 0.1 9.79322 -39.5296 0 0 0.58613 -0.760917 0.02
-1.82116 -2.7617 0.1 0.1 13.1702 9.76201 0 0 0.226362 0.43348 0.1
-1.23448 -1.42314 0.1 0.1 1.64906 23.519 0 0 -0.683232 0.943537 0.08
-1.12312 0.965172 0.1 0.1 1.14692 36.0221 0 0 -0.0240649 0.930841 0.08
-1.13909 2.097 0.1 0.1 -2.19505 39.4156 0 0 -0.561377 0.754217 0.03
-1.16326 2.91493 0.1 0.1 -0.229152 42.3682 0 0 0.484622 0.942767 0.02
-1.04662 2.82337 0.1 0.1 3.10201 -13.7939 0 0 0.215683 -0.997817 0.08
-1.00529 2.57961 0.1 0.1 1.03823 -10.5923 0 0 -0.505826 0.739609 0.02
-0.709993 1.94759 0.1 0.1 6.2739 -5.27925 0 0 0.345831 0.292651 0.08
-0.444174 1.73433 0.1 0.1 0.44935 -0.120876 0 0 -0.347579 0.309096 0.08
-0.438508 1.73637 0.1 0.1 0.118355 0.322908 0 0 -0.0813675 0.111463 0.02
-0.44255 1.74768 0.1 0.1 -0.229788 0.00404758 0 0 -0.0251744 -0.0219749 0.07
-0.443496 1.74824 0.1 0.1 0.133967 0.051887 0 0 0.090759 0.0121144 0.02
-0.442352 1.74875 0.1 0.1 0.0948327 0.0502673 0 0 -0.0190072 -0.000557231 0.01
-0.441636 1.74842 0.1 0.1 -0.0228437 -0.0829818 0 0 -0.0292624 -0.0334049 0.02
-0.441856 1.74775 0.1 0.1 -0.0211144 -0.0514181 0 0 0.000757364 0.0154488 0.01
-0.442061 1.74726 0.1 0.1 -0.0199093 -0.0454957 0 0 0.000500776 0.0027195 0.01
-0.441988 1.74707 0.1 0.1 0.0344119 0.00644405 0 0 0.027217 0.0258806 0.01
