-0.707169 0.866786 0.1 0.1 -0.0683194 -0.00238641 0 0 0 0 0
-0.858048 0.919848 0.1 0.1 -7.42667 2.63777 0 0 -0.939424 0.336439 0.04
-1.18848 1.14695 0.1 0.1 -9.08386 8.67692 0 0 -0.248368 0.783416 0.04
-1.73839 1.96733 0.1 0.1 -9.24438 18.5704 0 0 -0.0589989 0.893048 0.06
-2.80396 3.16326 0.1 0.1 -17.2884 -2.99767 0 0 -0.569409 0.717524 0.08
-3.18834 2.68034 0.1 0.1 1.58558 -8.93786 0 0 -0.255185 -0.397845 0.08
-2.69839 1.38885 0.1 0.1 10.5437 -23.1603 0 0 0.590657 -0.969694 0.08
-1.2735 -0.55055 0.1 0.1 24.8876 -25.2955 0 0 0.986432 -0.254323 0.08
-1.02756 -0.808367 0.1 0.1 24.3014 -26.2664 0 0 -0.171027 -0.614986 0.01
0.594649 -2.609 0.1 0.1 29.7184 -33.6802 0 0 0.586111 -0.768592 0.06
3.40492 -2.68795 0.1 0.1 0.447094 13.9997 0 0 0.372066 0.953674 0.1
3.28495 -2.24537 0.1 0.1 -5.54644 15.4978 0 0 -0.30574 0.323478 0.03
2.37277 0.131358 0.1 0.1 -12.5799 31.7662 0 0 -0.397278 0.932256 0.1
1.55807 1.92329 0.1 0.1 -19.9475 39.8427 0 0 -0.818734 0.987015 0.05
1.2002 2.74048 0.1 0.1 -15.852 41.8702 0 0 0.934664 0.71155 0.02
0.376243 2.67256 0.1 0.1 -0.875331 -14.6526 0 0 0.707922 -0.753341 0.1
0.335018 1.98072 0.1 0.1 -0.502783 -8.47066 0 0 0.0275226 0.457597 0.06
0.304759 1.60293 0.1 0.1 -0.17491 -0.0508315 0 0 0.0165816 0.446864 0.09
0.301619 1.60339 0.1 0.1 0.0166194 0.0728056 0 0 0.0235673 0.0155183 0.04
0.301899 1.60371 0.1 0.1 0.0394795 -0.00727062 0 0 0.0115714 -0.0398796 0.01
