-2.92459 -2.40844 0.1 0.1 0.039404 -0.0251677 0 0 0 0 0
-2.58612 -2.27857 0.1 0.1 11.1317 4.31099 0 0 0.952945 0.372214 0.06
-1.55338 -1.55623 0.1 0.1 18.2889 16.189 0 0 0.58577 0.899994 0.07
-0.215544 -0.88619 0.1 0.1 15.2011 0.767166 0 0 -0.109409 -0.92248 0.08
1.2484 -1.29185 0.1 0.1 26.4956 -12.2046 0 0 0.911572 -0.95588 0.07
2.622 -2.55989 0.1 0.1 12.9055 -23.891 0 0 -0.87361 -0.925982 0.07
3.18695 -2.9802 0.1 0.1 -1.11738 8.33912 0 0 -0.214743 0.978339 0.08
3.01859 -1.9396 0.1 0.1 -3.66397 21.242 0 0 -0.193874 0.996119 0.07
2.96446 -1.47932 0.1 0.1 -1.75593 24.7737 0 0 0.464337 0.998205 0.02
2.84432 -0.665219 0.1 0.1 -6.23028 29.4765 0 0 -0.765704 0.919397 0.03
1.67629 2.26277 0.1 0.1 -19.5276 35.4973 0 0 -0.804211 0.497146 0.09
1.05181 3.15802 0.1 0.1 -22.0921 11.6851 0 0 -0.531377 -0.871443 0.03
-0.170216 2.96596 0.1 0.1 -2.67128 -1.66751 0 0 0.910208 0.159139 0.1
-0.25997 3.01382 0.1 0.1 0.627173 -0.312932 0 0 0.178304 0.551138 0.09
0.0440537 2.3478 0.1 0.1 6.04774 -14.2781 0 0 0.318134 -0.812977 0.09
0.23327 1.92467 0.1 0.1 3.43046 -6.92745 0 0 -0.303613 0.866096 0.04
0.293297 1.77196 0.1 0.1 -0.403529 -0.74934 0 0 -0.471931 0.753256 0.04
0.3007 1.75818 0.1 0.1 0.765842 0.0551586 0 0 0.147197 0.098877 0.04
0.304434 1.75893 0.1 0.1 -0.0177276 0.0954147 0 0 -0.390151 0.0204566 0.01
0.304632 1.75967 0.1 0.1 0.0573194 0.0511392 0 0 0.0376424 -0.0217704 0.01
0.305431 1.76045 0.1 0.1 -0.00374722 0.00162141 0 0 -0.0100518 -0.00812444 0.03
