-2.68389 -2.74345 0.1 0.1 -0.00309307 -0.0205569 0 0 0 0 0
-2.11658 -2.95711 0.1 0.1 13.9994 -5.25115 0 0 0.91085 -0.340372 0.08
-1.44414 -2.79587 0.1 0.1 2.95851 8.30803 0 0 -0.648233 0.786192 0.08
-1.94649 -1.75169 0.1 0.1 -13.8681 14.7997 0 0 -0.963103 0.418642 0.09
-3.08482 -0.677396 0.1 0.1 -23.9743 20.9494 0 0 -0.937955 0.601535 0.06
-2.68079 0.878816 0.1 0.1 14.9948 10.3567 0 0 0.951301 -0.451188 0.1
-2.52524 0.989235 0.1 0.1 16.1141 11.7248 0 0 0.637782 0.739771 0.01
-2.17571 1.24287 0.1 0.1 18.8302 13.6323 0 0 0.766536 0.540862 0.02
-0.929092 2.40682 0.1 0.1 16.8112 19.5547 0 0 -0.0560722 0.506543 0.07
-0.752498 2.61018 0.1 0.1 18.5047 21.1139 0 0 0.934587 0.881584 0.01
-0.561404 2.82357 0.1 0.1 19.712 21.5626 0 0 0.698792 0.331236 0.01
0.452395 3.06876 0.1 0.1 9.37428 -2.19719 0 0 -0.666144 0.93671 0.07
0.717261 2.79091 0.1 0.1 1.2878 -8.86102 0 0 -0.782338 -0.694244 0.05
0.81489 2.392 0.1 0.1 0.887588 -0.134548 0 0 -0.016828 0.462727 0.09
0.819446 2.39241 0.1 0.1 0.0251266 0.214587 0 0 -0.429106 0.174794 0.01
0.819756 2.3928 0.1 0.1 0.0367287 -0.134197 0 0 0.00595562 -0.174223 0.01
0.821005 2.39191 0.1 0.1 0.0880159 0.0442646 0 0 0.0131393 0.0443999 0.02
0.219669 1.95688 0.1 0.1 -11.9135 -8.60115 0 0 -0.630491 -0.454075 0.1
-0.240871 1.6586 0.1 0.1 0.236986 1.01628 0 0 0.731075 0.582702 0.08
-0.239079 1.66844 0.1 0.1 -0.0567662 -0.0290011 0 0 -0.0730773 -0.258918 0.02
-0.239351 1.66825 0.1 0.1 0.00232452 -0.00847267 0 0 0.02943 0.0101769 0.01
