2.18725 -2.74968 0.1 0.1 -0.088944 -0.0771918 0 0 0 0 0
2.14076 -2.28313 0.1 0.1 -0.931716 10.2897 0 0 -0.0494054 0.601959 0.09
2.34565 -0.96642 0.1 0.1 5.38767 18.842 0 0 0.363053 0.548401 0.09
2.40617 -0.781766 0.1 0.1 6.71409 18.0902 0 0 0.694464 -0.283477 0.01
2.82467 0.453705 0.1 0.1 7.23257 23.0426 0 0 0.0783895 0.515735 0.06
3.13632 1.42852 0.1 0.1 8.34323 25.6808 0 0 0.177182 0.451779 0.04
3.0934 2.87392 0.1 0.1 -4.27549 15.7312 0 0 -0.410513 -0.607655 0.07
2.17213 3.0003 0.1 0.1 -18.5653 -3.0508 0 0 -0.950867 -0.15017 0.08
0.832209 3.01351 0.1 0.1 -8.40263 -0.345743 0 0 0.441259 0.840739 0.1
0.484526 3.0024 0.1 0.1 0.542216 -0.0152625 0 0 0.477743 0.511314 0.09
0.486092 3.00187 0.1 0.1 -0.382508 -0.0291817 0 0 -0.230847 0.202677 0.02
0.482131 3.00209 0.1 0.1 -0.0148387 0.0298844 0 0 0.0909494 0.875497 0.02
0.262524 3.00202 0.1 0.1 -7.23322 -0.00441337 0 0 -0.619982 0.473237 0.06
0.0852729 3.00225 0.1 0.1 0.082228 0.00408927 0 0 0.714002 0.591861 0.05
0.0865007 3.00205 0.1 0.1 0.040686 -0.0155894 0 0 -0.0100809 0.34965 0.02
0.087541 3.00205 0.1 0.1 -0.0103669 0.0013719 0 0 -0.00357329 0.522985 0.07
0.087275 3.00227 0.1 0.1 0.00479365 0.000337035 0 0 0.000744919 0.568907 0.1
-0.269095 2.17353 0.1 0.1 -7.01354 -16.3035 0 0 -0.368928 -0.856752 0.1
-0.61759 1.35555 0.1 0.1 -0.074347 -0.32244 0 0 0.329721 0.758364 0.1
-0.618545 1.35081 0.1 0.1 0.0102473 0.00509414 0 0 0.0139628 0.0538123 0.03
