1.38815 -1.90009 0.1 0.1 0.000475253 -0.0622656 0 0 0 0 0
1.36297 -1.89223 0.1 0.1 -1.67106 0.58321 0 0 -0.282928 0.108879 0.03
1.45091 -1.59067 0.1 0.1 4.53976 9.38093 0 0 0.525355 0.75846 0.06
2.06391 -0.987485 0.1 0.1 15.7802 10.712 0 0 0.988872 0.161312 0.06
3.07231 -0.339195 0.1 0.1 24.4833 15.1822 0 0 0.972636 0.511954 0.05
2.74837 1.41449 0.1 0.1 -13.1938 19.8064 0 0 -0.831579 0.31827 0.1
2.32591 2.00817 0.1 0.1 -14.961 19.7725 0 0 -0.364948 0.0934772 0.03
0.133234 3.04052 0.1 0.1 -28.6642 -0.50779 0 0 -0.794854 -0.832255 0.1
-2.8013 2.45314 0.1 0.1 -36.4289 -12.3698 0 0 -0.594709 -0.691361 0.09
-3.39216 2.04977 0.1 0.1 0.478138 -14.5094 0 0 -0.821954 -0.423204 0.03
-2.53931 1.06666 0.1 0.1 14.1385 -5.30702 0 0 0.605216 0.411248 0.1
-2.01741 0.999364 0.1 0.1 6.79904 2.55013 0 0 -0.682175 0.779013 0.05
-1.19244 1.23339 0.1 0.1 13.7332 3.29027 0 0 0.485268 0.0611195 0.08
-0.715514 1.35636 0.1 0.1 10.1369 2.86132 0 0 -0.390382 -0.0382102 0.04
-0.545257 1.37667 0.1 0.1 6.89953 -0.817984 0 0 -0.767617 -0.915003 0.02
-0.41529 1.35673 0.1 0.1 -0.352844 -0.183363 0 0 -0.890979 0.0766669 0.04
-0.418488 1.35563 0.1 0.1 -0.286771 -0.036461 0 0 0.0314793 0.0729223 0.01
-0.418835 1.35517 0.1 0.1 0.260882 0.00545033 0 0 0.0912901 0.00692952 0.03
-0.417854 1.35474 0.1 0.1 -0.0641013 -0.0898849 0 0 -0.162138 -0.047923 0.01
-0.418323 1.35438 0.1 0.1 -0.0296361 0.0164609 0 0 0.0170235 0.0530028 0.01
-0.419453 1.35459 0.1 0.1 -0.0269084 -0.00551231 0 0 0.000199302 -0.00272005 0.04
