-2.51387 2.44772 0.1 0.1 0.0990935 -0.040588 0 0 0 0 0
-2.07915 2.6141 0.1 0.1 10.6287 4.1442 0 0 0.685468 0.272016 0.08
-1.96696 2.65517 0.1 0.1 11.8065 4.06901 0 0 0.645109 -0.0170153 0.01
-0.233277 2.17653 0.1 0.1 22.6846 -13.3528 0 0 0.630877 -0.89498 0.1
1.33661 0.961301 0.1 0.1 16.6442 -16.9787 0 0 -0.279327 -0.302276 0.08
2.79446 -0.367442 0.1 0.1 24.913 -20.9381 0 0 0.695392 -0.377453 0.07
3.05634 -3.08319 0.1 0.1 -5.17872 -27.1181 0 0 -0.291766 -0.748436 0.1
2.25323 -2.43725 0.1 0.1 -10.7909 17.7651 0 0 -0.320943 0.996637 0.1
1.51013 -0.746966 0.1 0.1 -5.79852 19.7662 0 0 0.236314 0.205074 0.09
1.31636 -0.227193 0.1 0.1 -7.11263 14.9095 0 0 -0.251796 -0.723057 0.03
1.19634 0.0805863 0.1 0.1 -4.89666 15.8652 0 0 0.524702 0.316118 0.02
0.603278 0.763871 0.1 0.1 -11.9662 3.79759 0 0 -0.548146 -0.813455 0.07
0.0441343 0.696478 0.1 0.1 -4.10075 -5.6131 0 0 0.52221 -0.676884 0.07
-0.01036 0.605042 0.1 0.1 0.445014 -0.508171 0 0 0.749607 0.835996 0.03
0.102028 0.690916 0.1 0.1 3.27306 3.33224 0 0 0.245386 0.327331 0.06
0.152936 0.743808 0.1 0.1 0.136487 0.20955 0 0 -0.51499 -0.511896 0.03
0.154292 0.745906 0.1 0.1 0.134592 0.210031 0 0 -0.00027057 0.0012892 0.01
0.154407 0.74714 0.1 0.1 -0.111068 0.0369671 0 0 -0.122924 -0.0859711 0.01
0.153164 0.748863 0.1 0.1 -0.0135595 0.135001 0 0 0.024099 0.0249515 0.02
0.294752 0.939903 0.1 0.1 4.68647 6.17265 0 0 0.403988 0.519277 0.06
0.287924 1.3393 0.1 0.1 -4.88028 9.77316 0 0 -0.958148 0.399805 0.05
0.183231 1.58266 0.1 0.1 0.646513 0.0423192 0 0 0.542418 -0.948805 0.05
0.184649 1.58412 0.1 0.1 -0.361144 0.250055 0 0 -0.503442 0.104532 0.01
0.181722 1.58414 0.1 0.1 -0.224471 -0.246044 0 0 0.0668771 -0.248073 0.01
0.180673 1.5827 0.1 0.1 0.0143036 -0.0419212 0 0 0.118961 0.10138 0.01
0.180792 1.58221 0.1 0.1 -0.00241918 -0.00713408 0 0 -0.00415248 0.00857523 0.02
