0.269436 -0.0825407 0.1 0.1 -0.0788501 0.0191877 0 0 0 0 0
0.271638 -0.172633 0.1 0.1 0.187157 -4.49371 0 0 0.033344 -0.575459 0.04
0.138036 -0.364564 0.1 0.1 -6.82063 -5.09881 0 0 -0.893652 -0.0999826 0.04
-1.00815 -1.52641 0.1 0.1 -18.4806 -20.4886 0 0 -0.711862 -0.920038 0.09
-1.73994 -2.72809 0.1 0.1 -10.853 -27.5204 0 0 0.691021 -0.823619 0.05
-2.92813 -2.94286 0.1 0.1 -18.7462 9.20479 0 0 -0.567766 0.765192 0.08
-3.10719 -1.70273 0.1 0.1 5.65679 21.6322 0 0 0.498068 0.85431 0.08
-2.97238 -0.991529 0.1 0.1 3.34202 25.7607 0 0 -0.362664 0.806632 0.03
-2.79266 -0.103916 0.1 0.1 5.62995 18.6672 0 0 0.308827 -0.775802 0.04
-1.81231 2.46205 0.1 0.1 13.849 32.4229 0 0 0.459534 0.816396 0.1
-0.717908 3.17047 0.1 0.1 22.5422 -5.02468 0 0 0.815705 -0.339894 0.06
0.546117 2.78052 0.1 0.1 27.9732 -10.528 0 0 0.669731 -0.589336 0.05
2.50685 2.2135 0.1 0.1 37.2906 -8.39608 0 0 0.940453 0.131172 0.06
2.87711 2.13672 0.1 0.1 36.7622 -6.96249 0 0 -0.0786874 0.679748 0.01
3.15802 1.77336 0.1 0.1 -10.0466 -3.45889 0 0 -0.89281 0.224324 0.07
2.94015 1.72129 0.1 0.1 -11.7344 -1.75418 0 0 -0.476691 0.413306 0.02
2.41959 1.60749 0.1 0.1 -14.2769 -3.9217 0 0 -0.383211 -0.285075 0.04
1.61155 1.45047 0.1 0.1 -18.0136 -2.37223 0 0 -0.454836 0.139489 0.05
0.401673 1.42248 0.1 0.1 -12.3095 1.61987 0 0 0.281192 0.248124 0.08
-0.0230081 1.48264 0.1 0.1 0.0320605 0.116938 0 0 0.851845 -0.102846 0.07
-0.0231199 1.48295 0.1 0.1 -0.0542817 -0.0542286 0 0 -0.0432746 -0.0854502 0.01
