1.04429 -2.0765 0.1 0.1 0.0182397 0.0888856 0 0 0 0 0
0.561039 -2.77743 0.1 0.1 -9.52563 -13.8748 0 0 -0.501465 -0.733386 0.1
0.457646 -2.9158 0.1 0.1 -11.1502 -13.7999 0 0 -0.86404 -0.0317145 0.01
-0.518635 -3.04031 0.1 0.1 -21.2912 3.64538 0 0 -0.926703 0.401998 0.06
-3.18446 -1.84725 0.1 0.1 -26.1944 19.9473 0 0 -0.66155 0.874484 0.1
-3.06314 -0.187348 0.1 0.1 9.93934 27.3935 0 0 0.807574 0.65094 0.07
-2.57697 1.01089 0.1 0.1 14.3427 32.4841 0 0 0.611295 0.786478 0.04
-2.43172 1.34285 0.1 0.1 14.7072 33.9064 0 0 0.253155 0.877538 0.01
-2.11709 2.04925 0.1 0.1 16.7488 36.7238 0 0 0.586975 0.881403 0.02
-1.74786 2.77786 0.1 0.1 20.1626 36.1397 0 0 0.944175 0.0363471 0.02
-0.561258 2.65823 0.1 0.1 3.84151 -14.5039 0 0 -0.756875 -0.805874 0.1
-0.468196 2.21071 0.1 0.1 0.831632 -7.9161 0 0 -0.364779 0.76768 0.04
-0.453079 2.12527 0.1 0.1 2.18947 -9.16813 0 0 0.6867 -0.668799 0.01
-0.424036 1.96447 0.1 0.1 0.719759 -6.9198 0 0 -0.360344 0.521952 0.02
-0.36861 1.66411 0.1 0.1 0.51483 0.139406 0 0 -0.00827253 0.375559 0.09
-0.367071 1.66664 0.1 0.1 -0.20586 0.365152 0 0 -0.359789 0.1141 0.01
-0.36349 1.67069 0.1 0.1 0.44137 -0.092748 0 0 0.108526 -0.0756382 0.03
-0.358274 1.66063 0.1 0.1 -0.283892 -0.193603 0 0 -0.0514662 -0.00793183 0.07
-0.358238 1.66054 0.1 0.1 0.28999 0.174607 0 0 0.287172 0.184135 0.01
-0.357196 1.66045 0.1 0.1 -0.0808682 -0.191745 0 0 -0.185055 -0.18328 0.01
-0.356997 1.65968 0.1 0.1 0.120399 0.0388199 0 0 0.100816 0.114936 0.01
-0.251187 1.53265 0.1 0.1 5.13661 -6.34805 0 0 0.640547 -0.814264 0.04
-0.148921 1.40718 0.1 0.1 0.0108935 0.0318748 0 0 -0.628234 0.781826 0.04
