-2.64492 1.17498 0.1 0.1 0.0609354 -0.00310494 0 0 0 0 0
-2.6884 1.22956 0.1 0.1 -2.21944 2.71382 0 0 -0.290634 0.346426 0.04
-2.72894 1.37892 0.1 0.1 -0.492031 7.22092 0 0 0.281535 0.776275 0.03
-3.16328 1.87284 0.1 0.1 -9.47856 6.89404 0 0 -0.838283 0.0118677 0.07
-3.12166 1.94817 0.1 0.1 4.60645 -4.27079 0 0 0.51529 -0.924162 0.06
-3.03335 1.84504 0.1 0.1 4.22556 -6.03625 0 0 -0.0732231 -0.467213 0.02
-2.42046 1.13295 0.1 0.1 11.0059 -11.691 0 0 0.462376 -0.397846 0.08
-2.08799 0.212992 0.1 0.1 -4.10403 -6.78924 0 0 -0.739556 0.1989 0.1
-2.13636 0.154988 0.1 0.1 -5.56699 -4.81478 0 0 -0.75611 0.958119 0.01
-2.48331 -0.0235001 0.1 0.1 -11.7394 -4.1143 0 0 -0.815761 0.0649663 0.04
-3.19264 -1.3046 0.1 0.1 1.58568 -21.2243 0 0 -0.849441 -0.91949 0.1
-2.86549 -3.12699 0.1 0.1 7.6914 -24.874 0 0 0.459966 -0.809457 0.07
-1.49447 -2.49681 0.1 0.1 19.529 15.9138 0 0 0.660605 0.828238 0.1
-0.664044 -1.85382 0.1 0.1 21.9755 16.2336 0 0 0.410567 0.11999 0.04
1.618 -0.909629 0.1 0.1 34.9044 7.48887 0 0 0.952019 -0.48828 0.08
3.2998 0.397974 0.1 0.1 -4.60978 21.3592 0 0 0.517459 0.842051 0.09
2.16673 3.06503 0.1 0.1 -17.8338 26.0771 0 0 -0.718281 0.655799 0.1
1.98247 3.21664 0.1 0.1 -19.0156 6.96315 0 0 -0.682759 0.0642028 0.01
1.14233 2.93241 0.1 0.1 -5.1496 -6.97618 0 0 0.930703 -0.315519 0.07
0.524591 2.38138 0.1 0.1 -15.339 -11.3479 0 0 -0.900993 -0.410211 0.06
-0.0990482 1.91406 0.1 0.1 -2.62879 -2.11159 0 0 0.863625 0.626612 0.07
-0.12473 1.88745 0.1 0.1 0.0516344 -0.55493 0 0 0.664083 0.38265 0.02
-0.122534 1.88299 0.1 0.1 0.167618 0.10705 0 0 0.0295783 0.164412 0.02
-0.12084 1.88365 0.1 0.1 0.171182 0.0249258 0 0 0.00262554 -0.0407392 0.01
-0.120453 1.88418 0.1 0.1 -0.0932767 0.0805134 0 0 -0.132105 0.0280485 0.01
-0.120825 1.88383 0.1 0.1 0.0186655 -0.149709 0 0 0.0558036 -0.115299 0.01
-0.121325 1.88332 0.1 0.1 -0.118502 0.0478036 0 0 -0.0688609 0.0985122 0.01
-0.124654 1.8867 0.1 0.1 -0.0155189 0.0868956 0 0 0.00997141 0.00424853 0.05
-0.12542 1.88761 0.1 0.1 -0.060936 0.00453721 0 0 -0.0115542 -0.0203665 0.02
-0.125608 1.88744 0.1 0.1 0.0232954 -0.0374682 0 0 0.0420427 -0.0210844 0.01
