-2.51413 0.393472 0.1 0.1 -0.017114 -0.0318703 0 0 0 0 0
-2.48865 0.396117 0.1 0.1 2.5566 0.295231 0 0 0.650529 0.0826929 0.02
-2.23472 0.363791 0.1 0.1 7.55902 -1.57272 0 0 0.526112 -0.189861 0.05
-1.93834 0.368953 0.1 0.1 4.32327 1.75152 0 0 -0.294165 0.332889 0.05
-1.45439 0.558975 0.1 0.1 11.7344 4.55444 0 0 0.658639 0.249716 0.06
-0.79262 0.896282 0.1 0.1 14.7121 8.90145 0 0 0.364236 0.468733 0.05
0.405767 1.5115 0.1 0.1 25.1315 11.5781 0 0 0.968408 0.274999 0.06
1.51777 1.9986 0.1 0.1 30.4338 12.7689 0 0 0.80133 0.210675 0.04
1.82592 2.12411 0.1 0.1 31.1949 12.334 0 0 0.533911 -0.153774 0.01
2.1454 2.25606 0.1 0.1 32.6981 14.0534 0 0 0.910763 0.926731 0.01
2.83208 2.55611 0.1 0.1 35.9596 15.9456 0 0 0.986429 0.549028 0.02
3.37674 2.93885 0.1 0.1 -0.772175 9.60302 0 0 -0.906545 -0.993039 0.03
2.32724 2.6989 0.1 0.1 -18.5628 -9.90789 0 0 -0.868896 -0.692363 0.1
1.94835 2.48909 0.1 0.1 -19.3234 -11.0696 0 0 -0.285204 -0.342736 0.02
1.38512 2.19151 0.1 0.1 -18.2303 -8.78002 0 0 0.0880263 0.332355 0.03
0.23162 1.49879 0.1 0.1 -7.56421 -6.64541 0 0 0.528562 0.0803703 0.09
0.0702659 1.37612 0.1 0.1 -0.550506 0.464621 0 0 0.857335 0.873778 0.04
0.0702342 1.37858 0.1 0.1 0.542364 0.0289979 0 0 0.546791 -0.2165 0.01
0.0725579 1.37638 0.1 0.1 -0.076593 -0.469235 0 0 -0.308608 -0.250329 0.01
0.0730495 1.36436 0.1 0.1 0.10844 -0.332291 0 0 0.0309493 0.0208325 0.03
0.0748027 1.36351 0.1 0.1 0.24198 0.160821 0 0 0.067752 0.246187 0.01
0.0744165 1.36508 0.1 0.1 -0.265195 -0.0548706 0 0 -0.0846667 -0.035711 0.03
0.0715402 1.36337 0.1 0.1 -0.0232474 -0.116017 0 0 0.0598111 -0.0157038 0.02
0.0709182 1.35928 0.1 0.1 -0.00180971 -0.0484243 0 0 0.0020847 0.00635122 0.05
0.0709012 1.35922 0.1 0.1 -0.00158046 0.0370931 0 0 0.000115602 0.0427382 0.01
