0.581689 2.36361 0.1 0.1 -0.0229841 0.0818305 0 0 0 0 0
0.343332 2.25388 0.1 0.1 -6.70911 -3.17878 0 0 -0.494808 -0.240776 0.07
-0.87436 0.989632 0.1 0.1 -17.4598 -21.7965 0 0 -0.599403 -0.994169 0.1
-2.58477 -1.22469 0.1 0.1 -25.2089 -33.4041 0 0 -0.591635 -0.864237 0.08
-3.29758 -3.04138 0.1 0.1 2.22172 -32.3285 0 0 0.0455793 -0.763248 0.05
-3.02648 -3.06108 0.1 0.1 6.50166 7.35974 0 0 0.354988 0.52189 0.06
-2.66388 -2.6777 0.1 0.1 11.5942 11.78 0 0 0.682121 0.600501 0.04
-2.42111 -0.810691 0.1 0.1 -6.43732 25.3352 0 0 -0.889498 0.771097 0.1
-2.72488 0.332099 0.1 0.1 -3.71508 12.8823 0 0 0.201452 -0.942611 0.06
-3.21358 1.33125 0.1 0.1 1.34118 9.37119 0 0 -0.634563 -0.139502 0.09
-2.98722 1.57558 0.1 0.1 5.08225 -2.25479 0 0 0.283381 -0.813057 0.07
-2.04357 1.53037 0.1 0.1 13.6484 1.29111 0 0 0.475824 0.175248 0.1
-1.71679 1.56024 0.1 0.1 8.16416 0.703088 0 0 -0.860247 -0.0930731 0.03
-0.969367 1.82741 0.1 0.1 16.666 8.12813 0 0 0.771166 0.641409 0.06
-0.233327 2.1638 0.1 0.1 -0.0602884 -0.522467 0 0 -0.888931 -0.461959 0.09
-0.234119 2.15998 0.1 0.1 -0.0981745 -0.242129 0 0 -0.0193407 0.138282 0.01
-0.23553 2.15907 0.1 0.1 -0.183777 0.0586991 0 0 -0.0435174 0.149981 0.01
-0.235995 2.15894 0.1 0.1 0.0902745 -0.0832478 0 0 0.13685 -0.0710406 0.01
-0.233949 2.1561 0.1 0.1 0.0463692 -0.106089 0 0 -0.00697991 -0.00428159 0.03
-0.234196 2.15585 0.1 0.1 -0.0956542 0.0554501 0 0 -0.0711626 0.0806541 0.01
-0.0568671 2.12161 0.1 0.1 5.10157 -1.02112 0 0 0.38406 -0.0793287 0.07
0.0995364 2.09532 0.1 0.1 0.161286 0.13321 0 0 -0.398837 0.0940028 0.06
0.100931 2.0958 0.1 0.1 0.117667 -0.0375118 0 0 -0.021128 -0.0851383 0.01
0.101702 2.0959 0.1 0.1 0.036723 0.0583057 0 0 -0.040102 0.0479669 0.01
0.101559 2.09633 0.1 0.1 -0.0650834 0.0269479 0 0 -0.0509991 -0.0154718 0.01
0.100989 2.09658 0.1 0.1 -0.0489967 0.0233202 0 0 0.00776183 -0.001688 0.01
