0.909257 2.32936 0.1 0.1 -0.0782011 -0.0485352 0 0 0 0 0
1.43344 1.71996 0.1 0.1 13.0078 -14.9882 0 0 0.851007 -0.971872 0.08
2.65274 0.197852 0.1 0.1 14.0723 -18.7792 0 0 0.127016 -0.295042 0.09
2.96002 -0.199526 0.1 0.1 16.647 -20.9514 0 0 0.721001 -0.642243 0.02
3.12428 -0.413111 0.1 0.1 16.2048 -21.7642 0 0 -0.139446 -0.513464 0.01
3.07215 -2.29602 0.1 0.1 -7.14768 -31.919 0 0 -0.672709 -0.860487 0.07
1.97481 -3.02166 0.1 0.1 -20.1107 6.8235 0 0 -0.878871 0.835554 0.08
0.781487 -2.537 0.1 0.1 -9.85913 5.31319 0 0 0.566268 -0.0642159 0.08
0.546201 -1.96085 0.1 0.1 1.8977 13.8063 0 0 0.960582 0.755906 0.06
0.598672 -1.71461 0.1 0.1 3.34458 10.8275 0 0 0.375184 -0.683233 0.02
0.678463 -1.53413 0.1 0.1 4.63029 7.23256 0 0 0.341609 -0.853743 0.02
0.868065 -0.411698 0.1 0.1 0.168827 20.6495 0 0 -0.266782 0.908775 0.08
0.580216 1.02974 0.1 0.1 -6.46616 11.519 0 0 -0.385184 -0.427385 0.09
0.278825 1.37054 0.1 0.1 -5.59681 2.19078 0 0 0.0566712 -0.898841 0.05
-0.0271217 1.45576 0.1 0.1 -1.26683 -0.260117 0 0 0.223716 -0.131387 0.09
-0.0350631 1.45002 0.1 0.1 -0.323025 -0.886221 0 0 0.468213 -0.31588 0.01
-0.0378957 1.44347 0.1 0.1 -0.243628 -0.424891 0 0 0.0383567 0.227437 0.01
-0.0377514 1.44009 0.1 0.1 0.271631 -0.25165 0 0 0.25791 0.0849967 0.01
-0.0326177 1.43132 0.1 0.1 0.0716165 -0.332165 0 0 -0.0325076 -0.0148887 0.03
-0.0263245 1.41436 0.1 0.1 0.0855274 -0.0949695 0 0 0.00126644 0.0137675 0.08
-0.0251002 1.4143 0.1 0.1 0.0370691 0.0878932 0 0 -0.0118081 0.0457049 0.02
-0.034996 1.50212 0.1 0.1 -0.693094 5.7387 0 0 -0.123253 0.956578 0.03
-0.0499585 1.61422 0.1 0.1 -0.0593187 -0.094745 0 0 0.0772716 -0.715281 0.04
-0.0499743 1.61327 0.1 0.1 0.0559797 -0.096752 0 0 0.0576794 -0.00147298 0.01
-0.0496866 1.61242 0.1 0.1 0.00165082 -0.0723061 0 0 -0.0270366 0.0117981 0.01
