3.02725 -0.240058 0.1 0.1 -0.0473457 -0.0570193 0 0 0 0 0
3.07843 -0.336991 0.1 0.1 2.58888 -4.75825 0 0 0.336064 -0.599746 0.04
3.09847 -0.623515 0.1 0.1 -1.75122 -6.68667 0 0 -0.432525 -0.221688 0.05
2.99071 -0.819186 0.1 0.1 -5.41447 -6.35972 0 0 -0.629036 0.0216739 0.03
2.45781 -0.89314 0.1 0.1 -12.2801 3.79326 0 0 -0.616809 0.839817 0.06
1.21797 -0.079613 0.1 0.1 -18.6312 16.377 0 0 -0.474679 0.8372 0.08
1.02894 0.0924863 0.1 0.1 -19.1752 18.04 0 0 -0.366459 0.917596 0.01
0.686114 0.414381 0.1 0.1 -15.1206 14.1623 0 0 0.928764 -0.888665 0.02
-0.0302435 0.99835 0.1 0.1 -8.82081 5.39124 0 0 0.465663 -0.682108 0.06
-0.204927 1.11229 0.1 0.1 -2.85446 2.22058 0 0 0.966051 -0.509232 0.03
-0.235701 1.12517 0.1 0.1 -3.29973 0.357907 0 0 -0.238462 -0.92511 0.01
-0.345177 1.24913 0.1 0.1 -2.18143 5.80381 0 0 0.126403 0.696395 0.04
-0.378894 1.36544 0.1 0.1 -0.0769028 1.96941 0 0 0.345261 -0.619712 0.03
-0.311149 1.42697 0.1 0.1 1.98838 -0.186117 0 0 0.152436 -0.149565 0.07
-0.300501 1.427 0.1 0.1 0.144293 0.190871 0 0 -0.91737 0.188353 0.01
-0.299689 1.42952 0.1 0.1 0.0183875 0.312642 0 0 -0.062581 0.0621426 0.01
-0.29881 1.43122 0.1 0.1 0.157198 0.0277455 0 0 0.0698673 -0.141609 0.01
-0.29778 1.43082 0.1 0.1 0.048954 -0.106104 0 0 -0.0536609 -0.067144 0.01
-0.297697 1.43005 0.1 0.1 -0.0321998 -0.0482584 0 0 -0.0405597 0.0285341 0.01
-0.297812 1.42962 0.1 0.1 0.00898513 -0.0388835 0 0 0.0205509 0.00447465 0.01
