-2.38303 0.449085 0.1 0.1 -0.0915911 0.0918779 0 0 0 0 0
-2.31637 0.297222 0.1 0.1 3.40145 -7.63352 0 0 0.445075 -0.984659 0.04
-1.63864 -0.161775 0.1 0.1 10.0427 -1.64606 0 0 0.366436 0.276601 0.1
-1.19472 -0.308336 0.1 0.1 12.139 -5.65521 0 0 0.317601 -0.51948 0.04
-0.252891 -1.07401 0.1 0.1 8.83995 -11.2756 0 0 -0.131313 -0.354965 0.09
1.18035 -1.32496 0.1 0.1 19.6442 5.9706 0 0 0.612477 0.849801 0.1
1.37125 -1.26557 0.1 0.1 18.5373 5.90836 0 0 -0.45817 -0.00193902 0.01
2.7599 -1.14422 0.1 0.1 27.6607 -1.7857 0 0 0.876585 -0.631517 0.06
2.87309 -0.488563 0.1 0.1 -11.6642 14.6205 0 0 -0.883746 0.852554 0.1
1.57281 1.25746 0.1 0.1 -20.7235 28.8387 0 0 -0.647656 0.997829 0.08
1.3667 1.55368 0.1 0.1 -20.4984 30.4041 0 0 0.0101156 0.931399 0.01
0.63587 2.89954 0.1 0.1 -16.0713 36.8466 0 0 0.46244 0.973997 0.04
0.00391161 3.05537 0.1 0.1 0.0586881 -1.96416 0 0 0.968982 0.570155 0.08
-0.00388111 3.02717 0.1 0.1 -0.834986 -0.956205 0 0 -0.225434 0.836011 0.02
-0.00503383 3.01679 0.1 0.1 0.602047 -1.12022 0 0 0.718122 -0.0872455 0.01
-0.00577674 3.00346 0.1 0.1 -0.645353 -0.0971673 0 0 -0.208083 0.890331 0.03
-0.0126373 3.00239 0.1 0.1 -0.0427131 -0.0248789 0 0 0.148982 0.527582 0.02
-0.0127481 3.00215 0.1 0.1 0.0204576 -0.0222308 0 0 0.0315378 0.354851 0.01
-0.0114777 3.00223 0.1 0.1 0.0158923 0.00244802 0 0 -0.000235504 0.57459 0.07
-0.0110776 3.00093 0.1 0.1 0.000241785 -0.0190519 0 0 -0.00152534 0.0993217 0.05
-0.0110881 3.00075 0.1 0.1 -0.00233678 -0.0170486 0 0 -0.00129489 0.0435779 0.01
-0.367219 2.17975 0.1 0.1 -7.00198 -16.1346 0 0 -0.367978 -0.847047 0.1
-0.644158 1.5216 0.1 0.1 -0.0164824 -0.527094 0 0 0.419515 0.934576 0.08
-0.645287 1.51848 0.1 0.1 -0.208864 -0.0969473 0 0 -0.0967831 0.213535 0.01
-0.645883 1.51715 0.1 0.1 0.0891403 -0.169665 0 0 0.148802 -0.0370047 0.01
-0.645419 1.51544 0.1 0.1 0.00370927 -0.173214 0 0 -0.0425143 -0.00263946 0.01
-0.645697 1.51421 0.1 0.1 -0.0313293 0.0497489 0 0 -0.00882487 0.0554418 0.02
-0.64621 1.51441 0.1 0.1 -0.07118 -0.00948295 0 0 -0.0202014 -0.0295243 0.01
-0.647166 1.51471 0.1 0.1 0.00702329 0.0293505 0 0 0.0128849 0.00652593 0.03
-0.647072 1.51478 0.1 0.1 0.011808 -0.0165116 0 0 0.00243692 -0.0229027 0.01
-0.646842 1.51475 0.1 0.1 0.0112229 0.0139848 0 0 -8.74072e-05 0.00761932 0.02
