2.58271 0.856981 0.1 0.1 -0.0197132 -0.0291618 0 0 0 0 0
2.44911 0.700259 0.1 0.1 -6.6159 -7.75549 0 0 -0.84239 -0.985804 0.04
1.90177 0.18494 0.1 0.1 -8.99486 -6.97694 0 0 -0.209261 0.0187755 0.07
1.11287 -0.30797 0.1 0.1 -10.7052 -5.36713 0 0 -0.156268 0.069773 0.08
0.0208403 -0.108998 0.1 0.1 -16.5178 10.1348 0 0 -0.431587 0.981275 0.08
-0.785074 0.526956 0.1 0.1 -3.79938 5.82159 0 0 0.74532 -0.229556 0.08
-0.886255 0.789784 0.1 0.1 1.47195 0.104846 0 0 0.28742 -0.302949 0.09
-0.877664 0.783885 0.1 0.1 0.248396 -1.28234 0 0 -0.608315 -0.696864 0.01
-0.876314 0.756546 0.1 0.1 -0.112215 -1.45107 0 0 -0.0899203 -0.0490524 0.02
-0.8721 0.733034 0.1 0.1 0.531508 -0.901923 0 0 0.162191 0.131485 0.02
-0.870018 0.731516 0.1 0.1 -0.114151 0.59589 0 0 -0.321863 0.748169 0.01
-0.500552 1.16004 0.1 0.1 10.5474 11.5201 0 0 0.788781 0.811319 0.07
-0.210974 1.76236 0.1 0.1 -3.12759 3.64271 0 0 -0.837426 -0.454909 0.08
-0.255516 1.83677 0.1 0.1 -1.3326 3.79848 0 0 0.43788 0.057615 0.02
-0.283715 1.89027 0.1 0.1 -0.5512 -0.212311 0 0 0.125533 -0.659651 0.03
-0.286496 1.89278 0.1 0.1 -0.0059498 0.713712 0 0 0.271431 0.464377 0.01
-0.287109 1.8943 0.1 0.1 -0.116485 -0.408579 0 0 -0.0556623 -0.56049 0.01
-0.28437 1.89061 0.1 0.1 0.388731 0.0387856 0 0 0.127069 0.110953 0.02
-0.279433 1.88999 0.1 0.1 0.105852 -0.100265 0 0 -0.0695278 -0.0349308 0.02
-0.279186 1.89004 0.1 0.1 -0.0562001 0.109833 0 0 -0.0809361 0.105083 0.01
-0.279438 1.89033 0.1 0.1 0.00585324 -0.0529821 0 0 0.0309095 -0.0812768 0.01
-0.213286 1.80321 0.1 0.1 2.61845 -3.40373 0 0 0.267985 -0.343813 0.05
-0.196783 1.77304 0.1 0.1 0.685328 -2.63192 0 0 -0.958826 0.370766 0.01
-0.191358 1.74769 0.1 0.1 -0.140118 0.0883642 0 0 -0.205041 0.673825 0.02
-0.199748 1.75634 0.1 0.1 -0.0705593 0.127214 0 0 0.003826 0.00296938 0.08
-0.200703 1.75696 0.1 0.1 -0.120294 -0.00357694 0 0 -0.0253684 -0.0651016 0.01
-0.201175 1.75655 0.1 0.1 0.0256188 -0.0780271 0 0 0.0727593 -0.0374262 0.01
-0.197095 1.75324 0.1 0.1 0.0901982 -0.0171389 0 0 0.0049076 0.00411438 0.07
-0.196554 1.75297 0.1 0.1 0.0181698 -0.0362965 0 0 -0.0357666 -0.00971888 0.01
-0.196648 1.75261 0.1 0.1 -0.0274493 5.55333e-06 0 0 -0.011434 0.00898513 0.02
