3.13591 -2.88437 0.1 0.1 0.0430429 0.0522841 0 0 0 0 0
3.09778 -2.8893 0.1 0.1 -2.5717 -0.379074 0 0 -0.442254 -0.0727115 0.03
2.49891 -2.55421 0.1 0.1 -14.4007 9.83438 0 0 -0.88799 0.753581 0.07
0.981084 -1.50962 0.1 0.1 -19.255 13.3272 0 0 -0.354372 0.251822 0.09
-0.285986 -0.539552 0.1 0.1 -22.9439 18.9521 0 0 -0.413513 0.549177 0.06
-1.9606 0.568506 0.1 0.1 -24.8809 12.7771 0 0 -0.258275 -0.362017 0.07
-3.2591 2.06503 0.1 0.1 3.74965 17.0831 0 0 -0.286709 0.290771 0.1
-3.03113 2.86553 0.1 0.1 7.62308 22.903 0 0 0.512447 0.827704 0.04
-1.33859 3.02593 0.1 0.1 25.9233 -0.97063 0 0 0.999905 0.334296 0.1
0.147991 3.00394 0.1 0.1 33.477 -0.139849 0 0 0.904213 0.164553 0.05
3.1992 2.4223 0.1 0.1 35.1438 -14.2166 0 0 0.766216 -0.915775 0.08
2.64335 0.872517 0.1 0.1 -16.6729 -16.737 0 0 -0.891343 -0.203571 0.1
1.81909 -0.52746 0.1 0.1 -6.99298 -23.1866 0 0 0.632939 -0.560447 0.07
1.74183 -0.763605 0.1 0.1 -8.45689 -24.0409 0 0 -0.770879 -0.545617 0.01
1.31094 -2.12461 0.1 0.1 -8.77777 -30.3469 0 0 -0.0741099 -0.766887 0.05
1.11457 -2.72793 0.1 0.1 -10.8518 -29.9863 0 0 -0.566728 -0.0607464 0.02
0.509606 -2.77452 0.1 0.1 -1.40489 10.0473 0 0 0.442175 0.616507 0.1
0.940145 -1.14373 0.1 0.1 10.7836 25.9537 0 0 0.701996 0.974452 0.09
1.2498 0.672712 0.1 0.1 -0.346123 34.509 0 0 -0.902063 0.864082 0.06
1.24505 1.00932 0.1 0.1 -0.603039 32.8164 0 0 -0.132119 -0.678163 0.01
1.23169 1.33103 0.1 0.1 -2.06591 31.5263 0 0 -0.739853 -0.484494 0.01
0.765105 3.29522 0.1 0.1 -13.3781 8.22373 0 0 -0.982331 0.981886 0.06
0.270969 3.04718 0.1 0.1 -6.44473 -9.75616 0 0 0.64418 -0.746883 0.05
0.116388 2.78582 0.1 0.1 1.21533 0.937256 0 0 0.625578 0.869471 0.06
0.180613 2.79565 0.1 0.1 1.35252 -0.531927 0 0 0.020149 -0.145961 0.05
0.185038 2.78976 0.1 0.1 -0.902505 -0.0584354 0 0 -0.562806 0.11694 0.02
0.182419 2.78871 0.1 0.1 0.37645 -0.150643 0 0 0.638343 -0.0466557 0.01
0.185348 2.78803 0.1 0.1 0.20972 0.0130726 0 0 -0.0819255 0.0815316 0.01
0.282881 2.0709 0.1 0.1 1.71646 -14.1201 0 0 0.0802032 -0.742637 0.1
0.368082 1.54766 0.1 0.1 0.430121 0.839748 0 0 -0.0750336 0.90244 0.08
0.17114 1.60306 0.1 0.1 -6.92146 1.00494 0 0 -0.629453 0.0182956 0.06
0.0107003 1.63964 0.1 0.1 0.442585 0.463001 0 0 0.720843 -0.0504096 0.05
0.0102455 1.64095 0.1 0.1 -0.531923 -0.199204 0 0 -0.487851 -0.33058 0.01
-0.0183795 1.63683 0.1 0.1 -0.612406 0.0323255 0 0 -0.0109125 0.0227437 0.05
-0.0235714 1.636 0.1 0.1 -0.426276 -0.197887 0 0 0.0905115 -0.115526 0.01
-0.0245637 1.63624 0.1 0.1 0.226722 0.245936 0 0 0.326251 0.222124 0.01
-0.0231771 1.63925 0.1 0.1 0.0508837 0.354716 0 0 -0.0872748 0.0558873 0.01
-0.022785 1.64136 0.1 0.1 0.0275817 0.0674913 0 0 -0.0114852 -0.142585 0.01
-0.0225011 1.64182 0.1 0.1 0.0291851 0.0251896 0 0 0.00094082 -0.0209229 0.01
-0.022373 1.64191 0.1 0.1 -0.00350787 -0.00757506 0 0 -0.0162957 -0.0163438 0.01
