1.04483 -1.61608 0.1 0.1 -0.0275473 0.0927248 0 0 0 0 0
0.533997 -2.28193 0.1 0.1 -11.1597 -14.668 0 0 -0.647103 -0.857288 0.09
-0.492231 -3.16386 0.1 0.1 -18.0786 2.62908 0 0 -0.567483 -0.872762 0.07
-1.72312 -2.49554 0.1 0.1 -9.40462 12.0097 0 0 0.413581 0.55424 0.09
-2.79356 -1.48623 0.1 0.1 -21.042 16.7737 0 0 -0.908332 0.412127 0.07
-3.25284 -0.2811 0.1 0.1 3.4343 17.6482 0 0 -0.906023 0.148888 0.07
-3.00856 0.556462 0.1 0.1 8.74501 24.1863 0 0 0.695291 0.922363 0.04
-2.67912 1.54126 0.1 0.1 7.73465 25.0479 0 0 -0.0861174 0.230851 0.04
-2.30029 2.93883 0.1 0.1 7.42003 30.8067 0 0 0.0054936 0.715781 0.05
-1.43929 2.95875 0.1 0.1 14.0179 -6.29403 0 0 0.466378 -0.30133 0.08
-1.29797 2.89572 0.1 0.1 14.2459 -6.31209 0 0 0.184751 -0.0405063 0.01
-0.461499 2.05663 0.1 0.1 9.70656 -17.531 0 0 -0.264529 -0.861345 0.07
-0.373544 1.89093 0.1 0.1 7.88732 -15.6124 0 0 -0.866007 0.876612 0.01
-0.0978931 1.15748 0.1 0.1 -0.879055 -2.89293 0 0 -0.530932 0.749176 0.08
-0.0813545 1.12722 0.1 0.1 2.52157 -0.142444 0 0 0.855208 0.680401 0.02
0.08262 1.12148 0.1 0.1 2.16754 -0.0229713 0 0 -0.0135947 0.00812387 0.07
0.108473 1.11094 0.1 0.1 0.423581 -1.02761 0 0 -0.429975 -0.253954 0.02
0.135379 1.10821 0.1 0.1 0.346063 0.926946 0 0 -0.00358225 0.139439 0.07
0.13703 1.11303 0.1 0.1 -0.0151285 0.0387314 0 0 -0.180049 -0.441822 0.01
0.136782 1.11315 0.1 0.1 -0.0345084 -0.0142923 0 0 -0.00982977 -0.0264582 0.01
0.136564 1.11317 0.1 0.1 -0.00903958 0.0174902 0 0 0.0126411 0.0159056 0.01
