-0.178084 2.77208 0.1 0.1 -0.074522 0.0244115 0 0 0 0 0
-0.13169 2.7421 0.1 0.1 3.15133 -2.01318 0 0 0.545534 -0.344669 0.03
-0.0818854 2.56 0.1 0.1 -0.635747 -7.05811 0 0 -0.467292 -0.653477 0.04
-0.0624688 1.62592 0.1 0.1 1.17047 -19.4851 0 0 0.130243 -0.954509 0.07
0.325096 -0.545014 0.1 0.1 7.34747 -28.621 0 0 0.364688 -0.62813 0.09
0.585734 -2.07627 0.1 0.1 1.39924 -22.4825 0 0 -0.473824 0.383891 0.06
1.02207 -3.21754 0.1 0.1 10.958 4.29995 0 0 0.714177 -0.942222 0.07
2.3188 -2.90679 0.1 0.1 17.7562 2.05218 0 0 0.449825 -0.143207 0.09
3.1803 -2.34265 0.1 0.1 3.32148 13.9276 0 0 -0.66981 0.888639 0.07
3.19377 -2.02752 0.1 0.1 -0.746332 17.5726 0 0 -0.176032 0.990137 0.02
3.16552 -1.44257 0.1 0.1 -0.794344 21.4051 0 0 0.302265 0.736348 0.03
3.14379 0.086875 0.1 0.1 -0.0627263 22.2831 0 0 0.578189 0.171992 0.07
3.06574 0.966825 0.1 0.1 -3.81445 21.718 0 0 -0.479439 0.03918 0.04
2.74067 2.77094 0.1 0.1 -5.4538 29.7345 0 0 -0.140696 0.701575 0.07
2.69247 3.06434 0.1 0.1 -4.18984 23.9784 0 0 0.608028 -0.247222 0.01
1.41492 2.48603 0.1 0.1 -21.077 -16.1616 0 0 -0.908484 -0.924399 0.1
0.842057 1.94204 0.1 0.1 -17.1331 -20.0847 0 0 0.561206 -0.744285 0.03
-0.260943 0.637999 0.1 0.1 -19.6087 -23.3506 0 0 -0.299677 -0.380596 0.06
-1.61976 -0.958328 0.1 0.1 -25.6317 -29.7942 0 0 -0.615518 -0.670372 0.06
-3.03995 -2.61751 0.1 0.1 -31.1311 -36.5176 0 0 -0.689564 -0.839218 0.05
-2.84609 -2.76381 0.1 0.1 10.9579 11.9665 0 0 0.635559 0.680644 0.1
-2.4835 -2.37433 0.1 0.1 13.2036 13.9887 0 0 0.435121 0.401921 0.03
-1.67862 -1.76827 0.1 0.1 18.9436 10.2847 0 0 0.655249 -0.310071 0.05
-0.955143 -1.22579 0.1 0.1 10.0697 11.4049 0 0 -0.815187 0.165886 0.05
-0.672352 -0.839624 0.1 0.1 8.78941 14.325 0 0 -0.165931 0.550984 0.03
-0.353522 -0.122135 0.1 0.1 7.16324 21.5015 0 0 -0.163012 0.986801 0.04
0.150026 0.963212 0.1 0.1 9.59838 14.7441 0 0 0.244637 -0.47266 0.06
0.497561 1.60856 0.1 0.1 -0.773893 1.56513 0 0 -0.627396 -0.783608 0.08
0.484539 1.66651 0.1 0.1 -0.529085 4.22139 0 0 0.0580868 0.678676 0.02
0.499783 1.71091 0.1 0.1 2.04487 0.232189 0 0 0.64755 -0.986276 0.02
0.525263 1.70918 0.1 0.1 -0.334322 -0.344606 0 0 -0.392546 -0.0964925 0.03
0.521972 1.70598 0.1 0.1 -0.323924 -0.295441 0 0 0.00355964 0.0229878 0.01
0.521633 1.70625 0.1 0.1 0.255292 0.346884 0 0 0.289666 0.321391 0.01
0.526864 1.71243 0.1 0.1 0.267761 0.271762 0 0 0.00442384 -0.0172372 0.02
0.528152 1.72165 0.1 0.1 -0.179682 0.34281 0 0 -0.0744037 0.0133701 0.03
0.520588 1.72775 0.1 0.1 -0.123342 -0.0952541 0 0 0.00487497 -0.0432034 0.05
0.519476 1.7277 0.1 0.1 -0.0991658 0.0847845 0 0 0.0115518 0.0900111 0.01
0.517259 1.72845 0.1 0.1 -0.122426 -0.00969895 0 0 -0.00637608 -0.0234388 0.02
0.516318 1.728 0.1 0.1 0.0277684 -0.0346618 0 0 0.0373354 -0.00634768 0.02
0.516339 1.72767 0.1 0.1 -0.0234398 -0.0328345 0 0 -0.0256091 0.000741522 0.01
