-2.88914 1.83344 0.1 0.1 2.5514e-05 0.0737964 0 0 0 0 0
-2.38697 2.24826 0.1 0.1 10.9958 9.01029 0 0 0.639044 0.519696 0.09
-2.07499 2.59953 0.1 0.1 -1.93217 1.11832 0 0 -0.901532 -0.538695 0.07
-1.30843 2.33766 0.1 0.1 16.9482 -6.23412 0 0 0.982692 -0.380723 0.1
-0.325651 1.98157 0.1 0.1 22.3178 -7.9951 0 0 0.635672 -0.211356 0.05
0.136677 1.82488 0.1 0.1 23.9097 -7.6756 0 0 0.514085 0.0413088 0.02
1.07517 1.41074 0.1 0.1 23.021 -12.9958 0 0 0.00646294 -0.71633 0.04
1.30232 1.28397 0.1 0.1 22.41 -12.3592 0 0 -0.191656 0.255479 0.01
2.03133 0.9137 0.1 0.1 26.1716 -12.3259 0 0 0.749407 -0.055419 0.03
2.88172 0.478685 0.1 0.1 30.4994 -16.6534 0 0 0.863948 -0.793076 0.03
2.80456 -1.75243 0.1 0.1 -13.5906 -27.7897 0 0 -0.890163 -0.669274 0.1
2.32363 -2.6338 0.1 0.1 -18.447 -30.9526 0 0 -0.888406 -0.674389 0.03
1.22066 -3.15791 0.1 0.1 -25.6108 3.99132 0 0 -0.826823 0.483165 0.05
-1.36589 -3.01082 0.1 0.1 -38.8762 0.35076 0 0 -0.99095 -0.600312 0.08
-3.01762 -3.00269 0.1 0.1 -43.6784 0.0945523 0 0 -0.806886 -0.0812712 0.04
-2.72537 -2.04053 0.1 0.1 15.4355 18.8351 0 0 0.875425 0.98512 0.1
-2.06134 -1.23197 0.1 0.1 17.7502 21.5747 0 0 0.373736 0.443334 0.04
-1.49712 -0.626702 0.1 0.1 19.854 18.7899 0 0 0.445858 -0.36353 0.03
-0.562407 0.232689 0.1 0.1 17.5554 15.6117 0 0 -0.136557 -0.232105 0.05
0.968789 1.2682 0.1 0.1 13.1411 5.27051 0 0 -0.144831 -0.465266 0.1
1.26658 1.25295 0.1 0.1 -6.85259 -5.39746 0 0 -0.985738 -0.53443 0.1
1.20275 1.20058 0.1 0.1 -5.91565 -5.07825 0 0 0.436882 0.133603 0.01
0.982474 1.05185 0.1 0.1 -8.75491 -4.83787 0 0 -0.510418 0.0152099 0.03
0.139137 1.07055 0.1 0.1 -8.1228 5.04705 0 0 -0.010392 0.49534 0.1
-0.10846 1.22426 0.1 0.1 -0.209359 0.126166 0 0 0.639296 -0.397143 0.06
-0.109695 1.22503 0.1 0.1 -0.0379731 0.0286616 0 0 0.0851344 -0.0483528 0.01
