2.58421 -1.84219 0.1 0.1 0.0367884 -0.0381623 0 0 0 0 0
2.39955 -1.61061 0.1 0.1 -7.36136 9.22454 0 0 -0.75862 0.949473 0.05
1.72482 -0.290034 0.1 0.1 -7.62923 19.9604 0 0 -0.0522217 0.669853 0.09
1.45464 0.525854 0.1 0.1 -5.89104 20.8282 0 0 0.18376 0.210561 0.04
0.881302 1.4414 0.1 0.1 -13.1492 9.79962 0 0 -0.653375 -0.842986 0.06
0.410706 1.81082 0.1 0.1 2.45827 -1.42114 0 0 0.841435 -0.602783 0.09
0.406118 1.70403 0.1 0.1 -2.50673 -1.25102 0 0 -0.310787 0.00392012 0.08
0.3901 1.69842 0.1 0.1 0.893549 0.684326 0 0 0.846667 0.482646 0.02
0.402111 1.71753 0.1 0.1 0.309574 1.225 0 0 -0.143065 0.13995 0.02
0.407974 1.72584 0.1 0.1 0.861963 0.438276 0 0 0.279239 -0.389238 0.01
0.409086 1.72998 0.1 0.1 -0.636998 0.389078 0 0 -0.749389 -0.0226388 0.01
0.406229 1.72804 0.1 0.1 0.0643288 -0.774652 0 0 0.349369 -0.582885 0.01
0.408255 1.71487 0.1 0.1 0.138066 -0.543045 0 0 0.0189601 0.0546221 0.02
0.410496 1.71277 0.1 0.1 0.309791 0.121715 0 0 0.087083 0.331399 0.01
0.414287 1.7096 0.1 0.1 -0.195575 -0.208383 0 0 -0.0358525 -0.0238138 0.07
0.414487 1.70848 0.1 0.1 0.234783 -0.0166254 0 0 0.215427 0.0953643 0.01
0.415588 1.70804 0.1 0.1 -0.123437 -0.0277149 0 0 -0.0893358 -0.00289658 0.02
0.415095 1.70828 0.1 0.1 0.0245148 0.0769438 0 0 0.0737828 0.0524725 0.01
0.41302 1.71155 0.1 0.1 -0.0692262 -0.003115 0 0 -0.005327 -0.00426765 0.09
0.411752 1.71032 0.1 0.1 0.017813 -0.0457289 0 0 0.008582 -0.00438388 0.05
0.412226 1.71013 0.1 0.1 0.029561 0.0257756 0 0 0.0030599 0.0178303 0.02
0.412739 1.71062 0.1 0.1 0.0217008 0.0236743 0 0 -0.00183825 -0.000402081 0.02
