-2.90241 -2.53115 0.1 0.1 -0.0234586 -0.0380324 0 0 0 0 0
-2.79967 -2.25969 0.1 0.1 3.41328 8.9966 0 0 0.295097 0.775637 0.06
-2.28698 -1.29412 0.1 0.1 9.32366 15.0617 0 0 0.402024 0.43948 0.08
-2.10767 0.858526 0.1 0.1 -5.48708 27.7793 0 0 -0.731948 0.743359 0.1
-2.15055 1.97048 0.1 0.1 3.69563 16.7906 0 0 0.913973 -0.987686 0.05
-1.1626 3.1062 0.1 0.1 18.0419 -2.34986 0 0 0.851965 0.560291 0.09
-0.229309 3.00354 0.1 0.1 0.909452 -0.114021 0 0 -0.810172 0.214559 0.1
-0.222952 3.00283 0.1 0.1 0.362927 -0.0370197 0 0 -0.270153 0.846281 0.01
-0.219018 3.00231 0.1 0.1 0.031597 -0.0178225 0 0 -0.0818699 0.466189 0.02
-0.218434 3.00127 0.1 0.1 0.00740917 -0.0327132 0 0 -0.00393498 0.0565429 0.03
-0.217075 3.00046 0.1 0.1 0.0311373 -3.75496e-05 0 0 0.00179224 0.0727387 0.07
-0.213784 2.36511 0.1 0.1 0.0423466 -13.9104 0 0 0.000793019 -0.808227 0.09
-0.205351 2.21741 0.1 0.1 1.64172 -15.626 0 0 0.804037 -0.931807 0.01
-0.132773 1.4354 0.1 0.1 -0.161037 -0.26992 0 0 -0.0865201 0.728825 0.1
-0.13316 1.4339 0.1 0.1 0.083135 -0.030789 0 0 0.122007 0.11886 0.01
-0.132644 1.43328 0.1 0.1 0.0200729 -0.092597 0 0 -0.031303 -0.0312245 0.01
-0.1321 1.4322 0.1 0.1 0.0343712 -0.0158624 0 0 0.00371737 0.0189172 0.02
-0.130504 1.4318 0.1 0.1 0.029502 -0.000447714 0 0 -0.000327393 0.00150118 0.05
-0.1294 1.43185 0.1 0.1 0.0256887 0.00282809 0 0 -0.000339021 0.000415456 0.04
-0.129347 1.43187 0.1 0.1 -0.0149996 0.00276669 0 0 -0.0203327 -2.08519e-05 0.01
