3.08918 -2.13353 0.1 0.1 0.0797658 -0.0954847 0 0 0 0 0
2.99632 -2.14086 0.1 0.1 -3.7622 -0.196876 0 0 -0.393654 -0.0108997 0.05
2.78255 -2.02938 0.1 0.1 -6.90529 5.73111 0 0 -0.419765 0.755008 0.04
2.55299 -1.81499 0.1 0.1 -8.39089 8.54754 0 0 -0.286004 0.505134 0.03
2.47571 -1.04903 0.1 0.1 6.44961 8.47447 0 0 0.820846 0.0386396 0.09
2.97241 -0.587952 0.1 0.1 13.3604 9.95648 0 0 0.741682 0.194477 0.05
3.22801 -0.397981 0.1 0.1 5.73288 9.04603 0 0 0.979089 -0.180965 0.02
2.54605 0.138595 0.1 0.1 -15.4781 1.8046 0 0 -0.897777 -0.33571 0.1
1.25997 0.470977 0.1 0.1 -21.2007 7.62369 0 0 -0.500857 0.439411 0.07
0.582292 0.912723 0.1 0.1 -12.7393 14.4185 0 0 0.974493 0.905266 0.04
0.461277 1.05973 0.1 0.1 -11.4658 14.9812 0 0 0.577055 0.355204 0.01
-0.0748162 1.82979 0.1 0.1 0.544541 0.659573 0 0 0.574035 -0.677552 0.1
-0.0687316 1.83549 0.1 0.1 0.672166 0.479691 0 0 0.0668794 -0.0871013 0.01
-0.0614696 1.83917 0.1 0.1 0.780058 0.257385 0 0 0.0575943 -0.109324 0.01
-0.0557241 1.83747 0.1 0.1 0.369726 -0.595044 0 0 -0.202458 -0.427159 0.01
-0.0549579 1.83536 0.1 0.1 -0.215515 0.171228 0 0 -0.292359 0.382112 0.01
-0.0550474 1.83568 0.1 0.1 0.196935 -0.106197 0 0 0.206282 -0.138551 0.01
-0.0514258 1.83557 0.1 0.1 0.165334 0.0937023 0 0 -0.00699376 0.049953 0.02
-0.0505082 1.83633 0.1 0.1 0.0184249 0.0596129 0 0 -0.0730393 -0.016673 0.01
-0.0506351 1.83662 0.1 0.1 -0.0437087 -0.0012703 0 0 -0.0311514 -0.0303049 0.01
-0.0511228 1.83634 0.1 0.1 0.0109258 -0.0176901 0 0 0.00902933 -0.00278365 0.03
-0.051065 1.83632 0.1 0.1 0.000651981 0.0140965 0 0 -0.00510911 0.0158866 0.01
