-1.12929 1.90115 0.1 0.1 -0.0155511 -0.093334 0 0 0 0 0
-0.915314 1.83632 0.1 0.1 8.50354 -2.48031 0 0 0.873762 -0.245106 0.05
0.196374 1.2516 0.1 0.1 16.0862 -10.3955 0 0 0.483361 -0.472054 0.09
1.21504 0.306202 0.1 0.1 17.8522 -21.0114 0 0 0.232132 -0.963325 0.06
2.80318 -1.16313 0.1 0.1 27.4143 -20.9677 0 0 0.796903 -0.101853 0.07
3.34846 -1.78032 0.1 0.1 0.991551 -20.1822 0 0 0.844664 0.0268239 0.03
3.18408 -2.63024 0.1 0.1 -7.05118 -22.3001 0 0 -0.699602 -0.371105 0.04
2.18378 -3.01845 0.1 0.1 -17.8123 5.33548 0 0 -0.735274 0.439986 0.08
-0.301685 -2.83796 0.1 0.1 -31.6663 -1.60888 0 0 -0.817153 -0.338424 0.1
-3.10444 -2.5845 0.1 0.1 -38.3131 7.82107 0 0 -0.590832 0.604836 0.08
-2.79387 -1.18729 0.1 0.1 13.0288 19.9204 0 0 0.644806 0.674863 0.1
-1.7766 0.756471 0.1 0.1 9.63333 23.2241 0 0 -0.132055 0.291447 0.09
-0.540651 2.07325 0.1 0.1 14.9934 3.44104 0 0 0.329296 -0.923278 0.1
0.0613095 2.27509 0.1 0.1 5.16991 3.28856 0 0 -0.768885 0.00417065 0.06
0.0037878 2.07757 0.1 0.1 -6.67473 -8.791 0 0 -0.850575 -0.877103 0.07
-0.245477 1.66392 0.1 0.1 -0.519544 -3.09389 0 0 0.42206 0.377528 0.07
-0.253646 1.6371 0.1 0.1 -0.298101 0.399976 0 0 0.053487 0.86692 0.02
-0.254559 1.64053 0.1 0.1 0.114711 0.285523 0 0 0.206075 -0.0554904 0.01
-0.255088 1.64242 0.1 0.1 -0.219815 0.0930997 0 0 -0.167651 -0.095309 0.01
-0.255327 1.64322 0.1 0.1 0.171252 0.0674995 0 0 0.195539 -0.0123702 0.01
-0.252602 1.64679 0.1 0.1 -0.033646 0.110448 0 0 -0.0252875 0.00581111 0.04
-0.253197 1.64731 0.1 0.1 -0.0851374 -0.00622254 0 0 -0.0260687 -0.0580894 0.01
-0.254351 1.64758 0.1 0.1 -0.0304374 0.0329149 0 0 0.0133969 0.00985525 0.02
-0.254385 1.64788 0.1 0.1 0.0235188 0.0288311 0 0 0.0269782 -0.00188372 0.01
