-1.2993 -2.03174 0.1 0.1 0.022732 -0.0381415 0 0 0 0 0
-1.22006 -2.37565 0.1 0.1 2.21574 -9.67547 0 0 0.162351 -0.713058 0.07
-0.599185 -3.07376 0.1 0.1 15.3707 -0.966601 0 0 0.984217 -0.403836 0.07
0.830142 -3.01 0.1 0.1 20.2967 0.315693 0 0 0.39728 -0.500999 0.08
3.1355 -2.02109 0.1 0.1 25.7154 19.1506 0 0 0.386659 0.99108 0.1
3.00542 0.319055 0.1 0.1 -5.71837 27.5099 0 0 -0.161939 0.534781 0.1
2.55957 2.2598 0.1 0.1 -9.10807 37.0855 0 0 -0.320181 0.959822 0.06
1.97234 3.23096 0.1 0.1 -14.3386 -3.66127 0 0 -0.581873 -0.849455 0.05
1.50725 3.07682 0.1 0.1 -16.6558 -6.2779 0 0 -0.463772 -0.399748 0.03
0.939019 2.91707 0.1 0.1 -21.2038 -4.3815 0 0 -0.852957 0.289591 0.03
0.480743 2.79956 0.1 0.1 -24.6123 -7.35987 0 0 -0.966989 -0.773908 0.02
-0.427677 2.37764 0.1 0.1 -20.8332 -13.694 0 0 0.358656 -0.84437 0.04
-0.639606 2.24436 0.1 0.1 -21.5514 -12.9619 0 0 -0.465776 0.299804 0.01
-0.863301 2.11224 0.1 0.1 -23.1848 -13.4622 0 0 -0.929584 -0.315801 0.01
-3.21967 0.586814 0.1 0.1 -12.4999 -20.3385 0 0 -0.559945 -0.465882 0.09
-2.59931 -1.36306 0.1 0.1 15.4717 -18.682 0 0 0.911467 -0.0142182 0.1
-1.11611 -2.91714 0.1 0.1 26.7745 -25.6385 0 0 0.913285 -0.608281 0.07
1.87705 -2.82601 0.1 0.1 39.547 8.64661 0 0 0.876004 0.5752 0.09
3.13007 -2.5435 0.1 0.1 43.9653 10.18 0 0 0.945854 0.301842 0.03
2.79104 -1.54676 0.1 0.1 -16.8721 11.9434 0 0 -0.983118 0.153084 0.09
1.98114 -1.17587 0.1 0.1 -23.5784 6.6369 0 0 -0.940623 -0.617683 0.04
-1.11835 -0.177769 0.1 0.1 -38.1682 13.2151 0 0 -0.885417 0.378006 0.1
-2.23392 0.283721 0.1 0.1 -36.2129 17.5287 0 0 0.140649 0.79616 0.03
-3.39197 0.815044 0.1 0.1 -6.24243 9.08909 0 0 0.658176 -0.986954 0.04
-2.8543 1.26847 0.1 0.1 9.98469 1.10899 0 0 0.414394 -0.417911 0.09
-2.41733 1.39047 0.1 0.1 11.8513 4.96524 0 0 0.288157 0.497545 0.04
-1.51266 1.61685 0.1 0.1 18.2407 2.60405 0 0 0.608042 -0.177584 0.06
-0.824432 1.66682 0.1 0.1 9.36201 -0.578356 0 0 -0.819705 -0.313222 0.05
-0.517003 1.63773 0.1 0.1 -0.463729 -0.256212 0 0 -0.680326 0.0208574 0.07
-0.519582 1.63752 0.1 0.1 -0.0526946 0.213803 0 0 0.204399 0.234976 0.01
-0.519731 1.63861 0.1 0.1 0.0227381 0.00388578 0 0 0.0376497 -0.104427 0.01
-0.519592 1.63855 0.1 0.1 0.00522621 -0.0149017 0 0 -0.00869329 -0.00942437 0.01
