-1.72281 1.45357 0.1 0.1 -0.020045 -0.0572365 0 0 0 0 0
-1.69711 1.39514 0.1 0.1 1.72484 -3.81892 0 0 0.295186 -0.636733 0.03
-1.2324 1.74921 0.1 0.1 7.47495 10.659 0 0 0.311013 0.741808 0.1
-0.0236563 3.16602 0.1 0.1 16.5477 0.22006 0 0 0.513978 0.671449 0.1
0.136868 3.15212 0.1 0.1 15.5589 -2.4565 0 0 -0.414168 -0.272344 0.01
1.186 2.56345 0.1 0.1 14.4292 -14.2256 0 0 -0.00569973 -0.882792 0.07
2.04146 1.34414 0.1 0.1 7.05666 -16.2301 0 0 -0.407494 -0.201443 0.08
2.38901 0.59138 0.1 0.1 10.299 -21.3736 0 0 0.448898 -0.736965 0.04
2.80502 -0.683828 0.1 0.1 6.37341 -29.5663 0 0 -0.35164 -0.947077 0.05
2.91655 -2.24202 0.1 0.1 -1.84597 -32.7354 0 0 -0.810619 -0.47295 0.05
1.99938 -3.00466 0.1 0.1 -16.2555 3.88719 0 0 -0.76645 0.0694863 0.1
0.174594 -2.55686 0.1 0.1 -29.1911 7.26416 0 0 -0.922844 0.238895 0.08
-2.92985 -2.52488 0.1 0.1 -39.6417 -6.34778 0 0 -0.753253 -0.755425 0.09
-3.31662 -2.59353 0.1 0.1 -30.9968 -7.38113 0 0 0.770363 -0.552047 0.01
-2.90814 -3.02807 0.1 0.1 11.3637 0.311433 0 0 0.453285 0.132105 0.09
-1.20563 -2.56498 0.1 0.1 26.2455 9.83769 0 0 0.921644 0.554892 0.09
0.696238 -1.44519 0.1 0.1 21.364 18.048 0 0 -0.185522 0.58269 0.08
1.40425 -0.604846 0.1 0.1 14.0857 23.9298 0 0 -0.820817 0.839842 0.04
2.41778 2.40967 0.1 0.1 6.32322 36.1558 0 0 -0.338474 0.762052 0.1
2.09957 2.79627 0.1 0.1 -12.3769 -12.5579 0 0 -0.951197 -0.83357 0.1
1.19435 1.95008 0.1 0.1 -17.7421 -15.6182 0 0 -0.523172 -0.325416 0.06
0.882409 1.64511 0.1 0.1 -13.4662 -14.8816 0 0 0.990872 0.108333 0.02
0.654537 1.34581 0.1 0.1 -9.33494 -15.0476 0 0 0.975967 -0.116 0.02
0.186942 0.620077 0.1 0.1 -0.171802 0.277857 0 0 0.435304 0.730291 0.1
0.184945 0.621452 0.1 0.1 -0.227455 -0.0023581 0 0 -0.0289028 -0.139454 0.01
0.184133 0.62226 0.1 0.1 0.064573 0.163535 0 0 0.145789 0.0834159 0.01
0.184329 0.62399 0.1 0.1 -0.0253072 0.182555 0 0 -0.0448857 0.0103609 0.01
0.183961 0.624513 0.1 0.1 -0.0483125 -0.0775882 0 0 -0.0117443 -0.129837 0.01
0.0251782 0.794939 0.1 0.1 -6.2514 6.83692 0 0 -0.636575 0.70841 0.05
-0.195152 1.03687 0.1 0.1 -0.115182 0.153368 0 0 0.422842 -0.460057 0.07
-0.0446998 1.28361 0.1 0.1 5.07885 7.99318 0 0 0.445877 0.674117 0.06
0.150927 1.59937 0.1 0.1 -0.119573 0.00714134 0 0 -0.313053 -0.479532 0.08
0.149024 1.60014 0.1 0.1 -0.00785422 0.044411 0 0 0.0183161 0.00634514 0.03
0.149601 1.60077 0.1 0.1 0.0461018 -0.00262099 0 0 0.00909368 -0.00773464 0.03
