-0.884769 -0.121005 0.1 0.1 -0.0998083 -0.00276911 0 0 0 0 0
-0.830001 -0.54301 0.1 0.1 1.64408 -11.9155 0 0 0.128301 -0.881155 0.07
-0.80767 -0.657239 0.1 0.1 2.82028 -10.9319 0 0 0.600102 0.434979 0.01
-0.716663 -0.860456 0.1 0.1 6.26896 -9.39484 0 0 0.885918 0.333803 0.02
-0.323064 -1.24427 0.1 0.1 13.3641 -9.79316 0 0 0.936786 -0.0976235 0.04
0.841639 -1.8125 0.1 0.1 19.8381 -6.47972 0 0 0.545765 0.195908 0.07
1.76874 -2.02595 0.1 0.1 26.473 -4.20747 0 0 0.945502 0.256928 0.04
3.2255 -1.53948 0.1 0.1 -2.61745 13.637 0 0 -0.0782868 0.916211 0.1
2.72684 -0.486202 0.1 0.1 -13.891 21.3951 0 0 -0.981657 0.734064 0.06
1.34773 1.55719 0.1 0.1 -20.5002 29.5788 0 0 -0.499388 0.639304 0.08
0.404915 2.76027 0.1 0.1 -26.6 30.5684 0 0 -0.880244 0.274523 0.04
-0.145103 3.22368 0.1 0.1 -28.396 6.89069 0 0 -0.586262 0.81648 0.02
-2.14217 2.90435 0.1 0.1 -38.0755 -11.1522 0 0 -0.973217 -0.897645 0.06
-2.91903 2.6498 0.1 0.1 -39.6053 -14.2925 0 0 -0.577198 -0.848265 0.02
-2.73873 1.49695 0.1 0.1 16.7711 -8.85475 0 0 0.928199 0.214587 0.1
-2.16768 1.15216 0.1 0.1 21.2763 -14.1051 0 0 0.846769 -0.932126 0.03
-1.95816 1.00734 0.1 0.1 20.6289 -14.8572 0 0 -0.218954 -0.448178 0.01
-0.651337 0.362368 0.1 0.1 5.75653 1.68337 0 0 -0.678661 0.794783 0.1
-0.4831 1.06977 0.1 0.1 -1.90278 13.8541 0 0 -0.416436 0.715426 0.09
-0.580013 1.60995 0.1 0.1 -0.538839 -0.162675 0 0 0.0790303 -0.84242 0.08
-0.582894 1.6114 0.1 0.1 -0.0383048 0.451278 0 0 0.249043 0.307795 0.01
-0.580919 1.61531 0.1 0.1 0.168962 -0.1879 0 0 0.0348791 -0.105892 0.03
-0.579783 1.61369 0.1 0.1 0.05849 -0.136075 0 0 -0.0547 0.0250979 0.01
-0.579302 1.61257 0.1 0.1 -0.0260136 0.0606945 0 0 -0.0140078 0.0326123 0.03
-0.579545 1.61322 0.1 0.1 0.00165767 0.00426624 0 0 0.00685944 -0.0139464 0.02
-0.579583 1.61331 0.1 0.1 -0.0041992 0.00157151 0 0 -0.000983293 -0.000434799 0.03
