1.40377 -2.47467 0.1 0.1 -0.0251452 0.0159545 0 0 0 0 0
1.56172 -2.33248 0.1 0.1 3.9212 3.49237 0 0 0.256617 0.226198 0.08
1.60519 -2.03864 0.1 0.1 -2.13194 8.22204 0 0 -0.601166 0.502404 0.05
1.46555 -1.44074 0.1 0.1 -2.51885 11.6734 0 0 -0.0438023 0.337479 0.06
0.971984 -0.512926 0.1 0.1 -11.478 14.7995 0 0 -0.675714 0.289377 0.07
0.534733 1.10975 0.1 0.1 0.390673 25.6232 0 0 0.715342 0.778276 0.08
0.400438 2.53008 0.1 0.1 -5.71246 31.1437 0 0 -0.624674 0.694114 0.05
-0.445884 3.10042 0.1 0.1 -18.3214 -7.21018 0 0 -0.961241 -0.660235 0.07
-1.06222 2.8051 0.1 0.1 -22.7452 -12.4516 0 0 -0.840285 -0.922822 0.03
-1.75089 2.38784 0.1 0.1 -23.1633 -15.3515 0 0 -0.184948 -0.552653 0.03
-3.08872 0.641052 0.1 0.1 -10.4518 -28.1474 0 0 0.710106 -0.908647 0.08
-3.09272 -1.26527 0.1 0.1 6.01422 -35.323 0 0 0.870327 -0.756431 0.06
-2.22422 -3.31576 0.1 0.1 18.6573 2.00159 0 0 0.965697 -0.512153 0.07
-1.50121 -3.08001 0.1 0.1 17.5006 7.43229 0 0 -0.0542913 0.347521 0.04
-0.507875 -2.58186 0.1 0.1 22.193 12.4522 0 0 0.568852 0.551744 0.05
0.477883 -1.96073 0.1 0.1 27.0609 18.5639 0 0 0.732809 0.841256 0.04
2.08354 -0.657398 0.1 0.1 26.4666 24.8176 0 0 0.0859695 0.629119 0.06
3.24986 1.44782 0.1 0.1 -1.17689 35.2115 0 0 -0.492767 0.892241 0.07
3.09749 2.95003 0.1 0.1 -6.35448 39.8678 0 0 -0.660571 0.769886 0.04
1.99176 2.81832 0.1 0.1 -21.0907 -13.8011 0 0 -0.990235 -0.974869 0.08
1.01002 2.22847 0.1 0.1 -27.9495 -15.6797 0 0 -0.980953 -0.308196 0.04
0.437732 1.9368 0.1 0.1 -29.2744 -13.4945 0 0 -0.475422 0.474222 0.02
-0.821543 1.32254 0.1 0.1 -33.6591 -17.1944 0 0 -0.707218 -0.538359 0.04
-1.48685 1.00672 0.1 0.1 -32.8747 -14.3968 0 0 0.0288314 0.621706 0.02
-2.92386 0.588191 0.1 0.1 -38.9363 -6.58133 0 0 -0.93843 0.925509 0.04
-2.97499 0.728861 0.1 0.1 12.1352 9.47731 0 0 0.638102 0.901294 0.09
-1.42417 1.17627 0.1 0.1 26.4445 1.80886 0 0 0.99173 -0.450767 0.08
-0.368987 1.33806 0.1 0.1 15.8512 4.63966 0 0 -0.954759 0.299519 0.05
0.294486 1.52606 0.1 0.1 0.933607 0.121214 0 0 -0.891684 -0.270791 0.08
0.301824 1.52907 0.1 0.1 0.534662 0.480245 0 0 -0.195912 0.181016 0.01
0.300755 1.53263 0.1 0.1 -0.746379 0.231902 0 0 -0.641526 -0.12253 0.01
0.263749 1.53676 0.1 0.1 -0.733972 -0.064133 0 0 -0.00246431 -0.0291945 0.05
0.260198 1.53911 0.1 0.1 0.0225942 0.532212 0 0 0.376825 0.299465 0.01
0.260701 1.54356 0.1 0.1 0.0778987 0.357219 0 0 0.0279069 -0.0852836 0.01
0.261689 1.54986 0.1 0.1 0.0210701 0.273702 0 0 -0.0139739 -0.0193088 0.02
0.262054 1.5533 0.1 0.1 0.0154308 0.0708291 0 0 -0.00132861 -0.0498676 0.02
0.26196 1.55452 0.1 0.1 -0.0247221 0.0509843 0 0 -0.0100696 -0.00465946 0.02
0.261644 1.55469 0.1 0.1 -0.0384652 -0.0164109 0 0 -0.00704026 -0.0336185 0.01
