2.65087 -0.616595 0.1 0.1 -0.0854115 -0.0162689 0 0 0 0 0
2.29729 -1.55756 0.1 0.1 -6.87625 -18.4953 0 0 -0.357615 -0.971276 0.1
2.1272 -2.3782 0.1 0.1 -1.66269 -22.5097 0 0 0.631313 -0.604427 0.04
1.20191 -3.03827 0.1 0.1 -18.6436 3.57031 0 0 -0.995001 0.209448 0.09
0.58992 -2.90488 0.1 0.1 -22.1384 5.31352 0 0 -0.684652 0.312765 0.03
-1.63448 -2.53958 0.1 0.1 -33.3222 3.84042 0 0 -0.838314 -0.0696088 0.08
-3.31605 -1.55941 0.1 0.1 5.0777 17.7285 0 0 -0.933675 0.825747 0.09
-2.41285 0.0862894 0.1 0.1 17.3392 23.3388 0 0 0.824164 0.453733 0.08
-1.51596 1.77844 0.1 0.1 12.609 32.9696 0 0 -0.320848 0.943754 0.06
-1.29127 2.41904 0.1 0.1 9.86814 31.0968 0 0 -0.631014 -0.308057 0.02
-0.195927 2.79993 0.1 0.1 12.0013 -12.5211 0 0 0.161419 -0.936259 0.1
0.291412 2.36827 0.1 0.1 0.337904 1.54255 0 0 -0.698721 0.852176 0.08
0.312125 2.40276 0.1 0.1 0.352366 -0.37392 0 0 0.00292892 -0.156859 0.06
0.317998 2.39646 0.1 0.1 0.235382 -0.256511 0 0 -0.0277879 0.0277819 0.02
0.321262 2.39495 0.1 0.1 0.417056 -0.0457318 0 0 0.0925031 0.104654 0.01
0.322408 2.39366 0.1 0.1 -0.186829 -0.211235 0 0 -0.30148 -0.0834125 0.01
0.32143 2.3935 0.1 0.1 -0.00905891 0.178943 0 0 0.0884309 0.195045 0.01
0.321755 2.39486 0.1 0.1 0.0739624 0.0923147 0 0 0.0416877 -0.0426435 0.01
0.226672 1.99079 0.1 0.1 -2.75696 -11.5018 0 0 -0.209171 -0.857161 0.07
-0.0268504 1.684 0.1 0.1 -9.87182 -3.88845 0 0 -0.921607 0.913425 0.04
-0.27093 1.6006 0.1 0.1 0.0259723 0.515875 0 0 0.966064 0.432363 0.05
-0.270808 1.60451 0.1 0.1 -0.00139554 0.265557 0 0 -0.0136527 -0.12323 0.01
-0.271989 1.6057 0.1 0.1 -0.23444 -0.0271794 0 0 -0.117215 -0.145818 0.01
-0.273713 1.60344 0.1 0.1 0.061045 -0.198145 0 0 0.0734825 -0.0433013 0.02
-0.273525 1.60174 0.1 0.1 -0.0233524 -0.142107 0 0 -0.0421284 0.0271666 0.01
-0.273727 1.6011 0.1 0.1 -0.0169718 0.0141985 0 0 0.00310462 0.0778475 0.01
-0.274204 1.60139 0.1 0.1 -0.0148421 0.00500108 0 0 0.00027543 -0.00148522 0.03
