2.29039 0.552999 0.1 0.1 -0.0521958 0.0947284 0 0 0 0 0
2.19767 0.389341 0.1 0.1 -2.23659 -4.12989 0 0 -0.142567 -0.274362 0.08
1.75037 0.310555 0.1 0.1 -10.4478 1.80949 0 0 -0.618953 0.418479 0.07
1.3541 0.927959 0.1 0.1 0.397378 13.4705 0 0 0.654012 0.767781 0.08
1.28358 1.27046 0.1 0.1 -5.07158 9.38338 0 0 -0.924306 -0.624452 0.03
1.129 1.65224 0.1 0.1 1.12448 0.282619 0 0 0.377759 -0.544956 0.08
1.13563 1.65767 0.1 0.1 0.20388 0.803134 0 0 -0.457242 0.262948 0.01
1.14631 1.66127 0.1 0.1 0.329242 -0.614156 0 0 0.016988 -0.176741 0.04
1.14983 1.65606 0.1 0.1 0.374377 -0.426363 0 0 0.0243559 0.0913159 0.01
1.15195 1.65213 0.1 0.1 0.0508537 -0.361547 0 0 -0.1608 0.0304189 0.01
0.634906 1.37947 0.1 0.1 -12.8048 -6.37503 0 0 -0.836492 -0.39303 0.08
0.184766 1.15702 0.1 0.1 -0.203905 -0.0540458 0 0 0.868697 0.435966 0.07
0.183336 1.15753 0.1 0.1 -0.0823476 0.154962 0 0 0.0601428 0.104791 0.01
0.182525 1.1584 0.1 0.1 -0.0798935 0.0187165 0 0 0.000804742 -0.0677004 0.01
0.0665586 1.37678 0.1 0.1 -2.78324 5.3696 0 0 -0.176264 0.348099 0.08
-0.0555413 1.59662 0.1 0.1 -0.302323 0.195366 0 0 0.147477 -0.309674 0.08
-0.057276 1.59906 0.1 0.1 -0.0450516 0.291754 0 0 0.127863 0.0494423 0.01
-0.0567903 1.60022 0.1 0.1 0.14188 -0.0589249 0 0 0.0937418 -0.174774 0.01
-0.0558205 1.60001 0.1 0.1 -0.0442712 0.0381118 0 0 -0.0463224 0.0242044 0.02
-0.0562383 1.60067 0.1 0.1 0.0338154 -0.0225928 0 0 0.00431728 -0.00333581 0.09
-0.0560916 1.60045 0.1 0.1 -0.0044087 -0.0223908 0 0 -0.0190515 -1.46568e-05 0.01
