-0.0156492 -2.64401 0.1 0.1 -0.0644961 -0.0943135 0 0 0 0 0
0.181753 -2.43973 0.1 0.1 7.89397 8.1966 0 0 0.815868 0.849641 0.05
0.340964 -2.1163 0.1 0.1 2.74579 13.3395 0 0 -0.831621 0.911155 0.03
0.0499236 -0.948716 0.1 0.1 -10.9006 19.9438 0 0 -0.99598 0.555018 0.07
-1.13841 0.984871 0.1 0.1 -18.7045 28.2835 0 0 -0.562312 0.642022 0.08
-2.45508 2.9105 0.1 0.1 -25.1205 35.8285 0 0 -0.644291 0.789683 0.06
-3.16398 3.22549 0.1 0.1 -18.5158 -3.16435 0 0 0.376691 -0.44983 0.03
-2.8806 2.49782 0.1 0.1 10.5047 -12.5012 0 0 0.693188 -0.537814 0.09
-2.46976 1.11303 0.1 0.1 -0.0896228 -21.9913 0 0 -0.637063 -0.679826 0.08
-2.47727 0.641748 0.1 0.1 -0.659635 -25.1262 0 0 -0.145237 -0.901722 0.02
-2.48463 0.123267 0.1 0.1 -0.0787562 -26.7166 0 0 0.143109 -0.527223 0.02
-2.48827 -0.135291 0.1 0.1 -0.647264 -24.998 0 0 -0.286049 0.730033 0.01
-2.62468 -2.25143 0.1 0.1 -3.2245 -35.3426 0 0 -0.193267 -0.89023 0.07
-2.06348 -2.99865 0.1 0.1 14.161 5.05831 0 0 0.897627 0.0651694 0.1
-1.36971 -1.70425 0.1 0.1 -0.0501361 20.5713 0 0 -0.675887 0.840475 0.1
-1.36321 -0.824786 0.1 0.1 0.372033 23.3833 0 0 0.0542025 0.461497 0.04
-0.555924 0.902669 0.1 0.1 15.5247 11.3656 0 0 0.798517 -0.514294 0.1
-0.0974243 1.35786 0.1 0.1 7.45372 11.394 0 0 -0.952809 0.0603145 0.04
-0.0164741 1.84584 0.1 0.1 -5.61872 -1.42119 0 0 -0.650154 -0.616549 0.1
-0.0949974 1.75773 0.1 0.1 0.353962 -4.43772 0 0 0.982852 -0.517396 0.03
-0.0959945 1.64376 0.1 0.1 -0.416585 -3.16664 0 0 -0.128656 0.192871 0.03
-0.0974844 1.61045 0.1 0.1 0.265303 -0.174087 0 0 0.170329 0.739967 0.02
-0.0940215 1.61041 0.1 0.1 -0.0329535 0.169907 0 0 -0.049156 0.057328 0.03
-0.0933107 1.61439 0.1 0.1 0.0797807 0.0953784 0 0 0.0189179 -0.0117583 0.03
-0.0945549 1.61573 0.1 0.1 -0.16152 -0.00544337 0 0 -0.0404536 -0.0165895 0.03
-0.0970397 1.61562 0.1 0.1 -0.0872152 -0.00501446 0 0 0.0179674 8.41521e-05 0.02
-0.0997682 1.61651 0.1 0.1 -0.0224601 0.0400735 0 0 0.0062077 0.00459922 0.05
-0.0998758 1.61679 0.1 0.1 0.000894012 0.0158215 0 0 0.011629 -0.0119866 0.01
