2.45582 2.05031 0.1 0.1 0.0842896 0.0952675 0 0 0 0 0
2.7383 1.76478 0.1 0.1 9.24012 -9.51685 0 0 0.786879 -0.824842 0.06
2.91032 1.57078 0.1 0.1 7.96581 -9.88249 0 0 -0.275711 -0.139894 0.02
3.13253 0.073702 0.1 0.1 -2.22375 -23.1862 0 0 -0.300822 -0.822533 0.09
2.19441 -2.32732 0.1 0.1 -18.3903 -30.0668 0 0 -0.950047 -0.516066 0.09
1.81916 -2.96148 0.1 0.1 -19.1318 -33.3386 0 0 -0.278101 -0.976824 0.02
-0.861638 -2.66053 0.1 0.1 -34.2326 12.4391 0 0 -0.889428 0.652412 0.1
-1.55299 -2.37986 0.1 0.1 -34.9005 15.6175 0 0 -0.340374 0.864163 0.02
-2.23931 -2.03344 0.1 0.1 -33.7346 19.0131 0 0 0.119289 0.934629 0.02
-2.91517 -1.63191 0.1 0.1 -33.8517 21.1325 0 0 -0.199194 0.629126 0.02
-2.96243 0.0792597 0.1 0.1 11.6142 16.958 0 0 0.72277 -0.136428 0.09
-1.62024 1.16078 0.1 0.1 18.1154 7.221 0 0 0.43562 -0.480666 0.09
-1.3002 1.30578 0.1 0.1 13.9026 7.27853 0 0 -0.974347 0.0506392 0.02
-1.1683 1.37094 0.1 0.1 12.4801 5.75685 0 0 -0.646277 -0.728364 0.01
-0.619498 1.64739 0.1 0.1 -0.0968609 0.466125 0 0 -0.668832 -0.278691 0.09
-0.626319 1.65265 0.1 0.1 -0.356575 -0.112217 0 0 -0.0444655 -0.095536 0.03
-0.633099 1.65463 0.1 0.1 0.0150528 0.208712 0 0 0.0456421 0.0403768 0.04
-0.632387 1.65572 0.1 0.1 0.127179 0.00970117 0 0 0.0564399 -0.0989685 0.01
-0.631122 1.65529 0.1 0.1 -0.000192727 -0.0520883 0 0 -0.0315494 -0.0155614 0.02
-0.630959 1.65507 0.1 0.1 0.0327714 0.00733466 0 0 0.0165789 0.0296075 0.01
