1.27742 -1.42152 0.1 0.1 0.0328688 -0.0211524 0 0 0 0 0
1.18891 -1.67123 0.1 0.1 -2.53224 -7.03162 0 0 -0.189737 -0.518707 0.07
0.718564 -1.69187 0.1 0.1 -6.80307 6.3953 0 0 -0.237092 0.670378 0.1
0.483673 -1.37459 0.1 0.1 -4.95397 9.44828 0 0 0.201973 0.421352 0.04
0.637525 0.0792836 0.1 0.1 7.81713 19.462 0 0 0.647154 0.573663 0.1
1.15678 1.32418 0.1 0.1 9.47695 22.009 0 0 0.181265 0.316129 0.06
1.6438 2.80782 0.1 0.1 6.78289 27.392 0 0 -0.184884 0.57234 0.06
2.06663 3.19921 0.1 0.1 14.3081 -3.88428 0 0 0.993851 0.350617 0.04
2.21373 3.15792 0.1 0.1 15.1115 -4.13628 0 0 0.475353 0.906735 0.01
3.20994 2.20589 0.1 0.1 -1.24271 -14.7277 0 0 -0.179694 -0.577227 0.1
3.15648 1.8818 0.1 0.1 -4.09389 -17.6715 0 0 -0.7269 -0.817145 0.02
2.90238 -0.352747 0.1 0.1 -1.59223 -31.7738 0 0 0.124329 -0.907689 0.09
2.71251 -2.96197 0.1 0.1 -3.80893 -42.6488 0 0 -0.170854 -0.963331 0.07
2.16353 -2.86508 0.1 0.1 -9.83662 12.4698 0 0 -0.411289 0.774305 0.08
0.863276 -2.30546 0.1 0.1 -22.5004 1.66597 0 0 -0.873106 -0.640568 0.08
-0.786804 -1.2278 0.1 0.1 -10.6992 19.5873 0 0 0.507787 0.949899 0.1
-0.895368 0.303828 0.1 0.1 8.21284 11.1845 0 0 0.941044 -0.343312 0.1
-0.491429 0.729483 0.1 0.1 11.9594 10.1053 0 0 0.519088 -0.0814916 0.04
0.0573214 1.20732 0.1 0.1 -0.773938 -0.373879 0 0 -0.610042 -0.5003 0.1
0.0559652 1.20854 0.1 0.1 0.500577 0.616853 0 0 0.637237 0.496223 0.01
0.0393843 1.2257 0.1 0.1 -1.03791 -0.0383946 0 0 -0.129709 -0.0532151 0.06
0.0290789 1.23254 0.1 0.1 0.00390166 0.720188 0 0 0.258139 0.191454 0.02
0.0375993 1.28729 0.1 0.1 0.182759 0.499743 0 0 0.0104145 -0.00920507 0.09
0.0392857 1.28887 0.1 0.1 0.154584 -0.182396 0 0 -0.0133352 -0.340341 0.01
0.0408315 1.28709 0.1 0.1 0.154561 -0.174403 0 0 0.000762313 0.00310503 0.01
0.0405681 1.28567 0.1 0.1 -0.206638 -0.109838 0 0 -0.180869 0.0315357 0.01
0.0388942 1.28467 0.1 0.1 -0.128276 -0.0887527 0 0 0.038378 0.0100572 0.01
0.0377653 1.2839 0.1 0.1 -0.0975513 -0.0663588 0 0 0.0148128 0.0108148 0.01
0.0366737 1.28503 0.1 0.1 0.0241718 0.140692 0 0 0.0201297 0.0347077 0.03
0.0366316 1.28613 0.1 0.1 -0.0325001 0.079584 0 0 -0.028387 -0.0300156 0.01
0.0364564 1.28699 0.1 0.1 -0.00258006 0.0921246 0 0 0.014886 0.00670418 0.01
0.0375833 1.2886 0.1 0.1 0.0773042 0.0154938 0 0 0.0135096 -0.0125028 0.03
0.0378072 1.28885 0.1 0.1 -0.032335 0.0344373 0 0 -0.0547495 0.0095855 0.01
0.0377055 1.28911 0.1 0.1 0.0119211 0.0190579 0 0 0.0220932 -0.00755218 0.01
