1.42934 -1.15122 0.1 0.1 -0.0140776 -0.0718078 0 0 0 0 0
1.04224 -1.06332 0.1 0.1 -9.53628 2.23874 0 0 -0.619823 0.149739 0.08
0.170442 -0.394891 0.1 0.1 -7.92674 10.984 0 0 0.0370578 0.470724 0.1
0.252134 1.3718 0.1 0.1 9.279 24.131 0 0 0.865214 0.746114 0.1
0.343447 1.60928 0.1 0.1 8.98401 23.3667 0 0 -0.103106 -0.263403 0.01
0.740629 2.64325 0.1 0.1 10.8625 28.2992 0 0 0.283563 0.746022 0.04
1.17539 3.13364 0.1 0.1 6.56319 -3.32919 0 0 -0.386542 -0.503548 0.05
1.57652 2.96437 0.1 0.1 13.4471 -5.12212 0 0 0.910863 -0.245339 0.04
2.1637 2.63526 0.1 0.1 15.8954 -11.2923 0 0 0.379598 -0.812482 0.04
2.90013 2.04119 0.1 0.1 20.8925 -18.3645 0 0 0.717173 -0.958161 0.04
3.10833 1.8678 0.1 0.1 20.7472 -16.3185 0 0 0.0319279 0.936946 0.01
2.71972 -0.211573 0.1 0.1 -13.5987 -25.123 0 0 -0.849858 -0.544585 0.1
1.32778 -2.11564 0.1 0.1 -26.0328 -29.2302 0 0 -0.986776 -0.43003 0.07
-1.05688 -3.13598 0.1 0.1 -33.4788 4.21547 0 0 -0.61409 -0.119762 0.08
-2.08069 -2.93544 0.1 0.1 -34.7683 9.1294 0 0 -0.385692 0.852442 0.03
-2.42131 -2.83483 0.1 0.1 -33.3576 10.9895 0 0 0.535026 0.980173 0.01
-2.75709 -2.71577 0.1 0.1 -33.7987 12.8194 0 0 -0.388797 0.974197 0.01
-2.84921 -0.776007 0.1 0.1 13.3492 25.7583 0 0 0.881406 0.744016 0.1
-2.21133 0.241074 0.1 0.1 18.5123 25.0998 0 0 0.726172 0.0449875 0.04
-2.02274 0.498486 0.1 0.1 19.2046 26.3803 0 0 0.440397 0.769337 0.01
-1.22349 2.32254 0.1 0.1 7.55377 34.3414 0 0 -0.906496 0.815506 0.06
-1.06307 3.2211 0.1 0.1 0.511535 -0.173828 0 0 -0.860676 0.2616 0.04
-0.676063 2.25984 0.1 0.1 7.11874 -17.1937 0 0 0.349819 -0.813963 0.1
-0.399795 1.2814 0.1 0.1 -0.115449 -7.39759 0 0 -0.435128 0.551163 0.08
-0.375734 1.14278 0.1 0.1 1.0679 1.77648 0 0 0.121064 0.903735 0.05
-0.356127 1.17158 0.1 0.1 0.893358 1.10591 0 0 -0.0388207 -0.160482 0.02
-0.351931 1.18661 0.1 0.1 -0.0524418 1.89737 0 0 -0.471106 0.403189 0.01
-0.353192 1.20168 0.1 0.1 -0.199503 1.11889 0 0 -0.0743238 -0.381784 0.01
-0.35146 1.20538 0.1 0.1 0.544583 -0.37676 0 0 0.373033 -0.746014 0.01
-0.339274 1.19985 0.1 0.1 0.67364 -0.176941 0 0 0.0353509 0.0485892 0.02
-0.339208 1.19731 0.1 0.1 -0.662637 -0.0772504 0 0 -0.334328 0.0242081 0.02
-0.3438 1.19554 0.1 0.1 -0.256522 -0.276889 0 0 0.200907 -0.100671 0.01
-0.343547 1.19352 0.1 0.1 0.306355 -0.126416 0 0 0.281822 0.0743136 0.01
-0.339239 1.19114 0.1 0.1 0.125002 -0.1116 0 0 -0.0442986 0.00309813 0.02
-0.337012 1.1906 0.1 0.1 0.0977813 0.0567607 0 0 -0.00624355 0.0419601 0.02
-0.335499 1.19074 0.1 0.1 0.0536927 -0.0423092 0 0 -0.0106594 -0.0247393 0.02
-0.335176 1.19013 0.1 0.1 0.0109664 -0.0811159 0 0 -0.0212247 -0.0197209 0.01
-0.335277 1.18958 0.1 0.1 -0.0310183 -0.0280091 0 0 -0.0210537 0.0262801 0.01
