-1.29701 2.71205 0.1 0.1 0.0720283 -0.0238621 0 0 0 0 0
-1.28207 2.67861 0.1 0.1 1.41784 -3.30859 0 0 0.340306 -0.829692 0.02
-1.53356 2.67071 0.1 0.1 -9.69 2.98208 0 0 -0.946894 0.523687 0.06
-2.34345 2.1738 0.1 0.1 -6.5588 -12.6596 0 0 0.116037 -0.807026 0.1
-2.54631 1.40723 0.1 0.1 -1.59684 -17.9593 0 0 0.475762 -0.60664 0.05
-2.62942 0.569964 0.1 0.1 -2.55221 -23.8646 0 0 -0.130593 -0.842984 0.04
-2.65822 -0.999621 0.1 0.1 1.54906 -28.4094 0 0 0.339736 -0.509471 0.06
-2.64498 -1.28797 0.1 0.1 1.09912 -29.2588 0 0 -0.217909 -0.568998 0.01
-2.66412 -2.74533 0.1 0.1 -1.83956 -29.0376 0 0 -0.295152 -0.12364 0.05
-1.96633 -2.6337 0.1 0.1 15.5052 14.3899 0 0 0.902328 0.98296 0.1
-1.21765 -1.99002 0.1 0.1 21.8849 17.7722 0 0 0.892076 0.503044 0.04
-0.419902 -1.34364 0.1 0.1 18.0288 14.5678 0 0 -0.381698 -0.320321 0.04
2.22266 0.974063 0.1 0.1 34.5582 31.4993 0 0 0.959803 0.962832 0.1
2.57125 1.2912 0.1 0.1 35.1585 31.9271 0 0 0.471593 0.373773 0.01
3.48009 2.69153 0.1 0.1 -2.79615 38.0518 0 0 0.771268 0.941344 0.04
2.33365 2.91657 0.1 0.1 -18.1218 -5.94462 0 0 -0.72881 -0.102634 0.1
0.718294 2.20287 0.1 0.1 -14.2491 -8.29075 0 0 0.112768 -0.152871 0.1
0.364166 1.93186 0.1 0.1 -9.38379 -9.7691 0 0 0.751955 -0.291412 0.03
0.0996086 1.68819 0.1 0.1 -1.26679 -0.0585135 0 0 0.785752 0.947 0.05
0.0961818 1.68508 0.1 0.1 0.578351 -0.56305 0 0 0.921402 -0.253731 0.01
0.100558 1.68582 0.1 0.1 -0.282312 0.606861 0 0 -0.142776 0.195122 0.03
0.0986601 1.69123 0.1 0.1 -0.0975519 0.475671 0 0 0.0914797 -0.0628871 0.01
0.0955738 1.69684 0.1 0.1 -0.210698 0.086401 0 0 -0.0290902 -0.0959364 0.02
0.0943717 1.69843 0.1 0.1 -0.0300295 0.230992 0 0 0.0898006 0.073115 0.01
0.0943784 1.70035 0.1 0.1 0.030499 -0.0382328 0 0 0.0151335 -0.0668359 0.02
0.0947082 1.70023 0.1 0.1 0.0354562 0.0146357 0 0 0.00264889 0.0263804 0.01
