2.46138 -2.71909 0.1 0.1 0.00477902 -0.0196605 0 0 0 0 0
2.45981 -2.67019 0.1 0.1 -0.108881 3.26369 0 0 -0.0192227 0.555471 0.03
2.42567 -2.57036 0.1 0.1 -3.29481 6.70787 0 0 -0.80527 0.886165 0.02
1.97491 -1.86736 0.1 0.1 -9.51115 13.3011 0 0 -0.476415 0.521184 0.07
1.02931 -0.406752 0.1 0.1 -14.0684 23.084 0 0 -0.344102 0.702631 0.08
-0.598139 1.61163 0.1 0.1 -26.456 27.3162 0 0 -0.876345 0.390729 0.08
-2.95138 3.0721 0.1 0.1 -20.7021 -2.69669 0 0 0.170439 -0.754756 0.1
-2.78442 2.47514 0.1 0.1 13.0961 -9.13615 0 0 0.943772 -0.351913 0.1
-2.20586 2.23556 0.1 0.1 10.0716 -0.518721 0 0 -0.244625 0.838034 0.05
-0.854698 2.32505 0.1 0.1 16.8391 2.26178 0 0 0.406052 0.143692 0.1
-0.0339331 2.09543 0.1 0.1 6.72913 -8.69395 0 0 -0.663799 -0.798993 0.07
0.037448 2.01568 0.1 0.1 7.54573 -7.25811 0 0 0.444285 0.678248 0.01
0.268996 1.80682 0.1 0.1 0.245656 0.221464 0 0 -0.589293 0.605955 0.06
0.271098 1.80661 0.1 0.1 0.174904 -0.263826 0 0 -0.034375 -0.242799 0.01
0.271511 1.80359 0.1 0.1 -0.0917499 -0.339647 0 0 -0.133202 -0.0394423 0.01
0.270671 1.80308 0.1 0.1 -0.0764544 0.235962 0 0 0.00726701 0.287598 0.01
0.269154 1.80386 0.1 0.1 -0.226626 -0.0783941 0 0 -0.0759068 -0.156822 0.01
0.26814 1.80275 0.1 0.1 0.0234208 -0.142979 0 0 0.124585 -0.0328365 0.01
0.272247 1.7933 0.1 0.1 0.0672022 -0.0682188 0 0 0.00266243 0.00362919 0.09
0.272742 1.7921 0.1 0.1 -0.0174718 -0.0521583 0 0 -0.0210568 0.00371237 0.02
0.271248 1.79044 0.1 0.1 -0.0321781 -0.00368026 0 0 -0.00135024 0.003902 0.06
