1.53228 0.984836 0.1 0.1 0.0368477 -0.0349514 0 0 0 0 0
1.53738 0.98133 0.1 0.1 0.98217 -0.66515 0 0 0.475558 -0.316767 0.01
1.51377 0.941873 0.1 0.1 -1.74198 -0.650237 0 0 -0.229192 -0.00211211 0.06
1.66014 1.04261 0.1 0.1 4.56451 2.61067 0 0 0.322977 0.16821 0.1
2.35226 0.982573 0.1 0.1 12.6308 -4.02353 0 0 0.547754 -0.418245 0.08
3.22107 -0.0498871 0.1 0.1 -1.62651 -16.4161 0 0 -0.0597893 -0.671556 0.1
3.17925 -0.408214 0.1 0.1 -2.55188 -19.4066 0 0 -0.242239 -0.837418 0.02
3.16059 -0.603017 0.1 0.1 -1.31497 -19.5536 0 0 0.910275 -0.170663 0.01
2.94651 -1.64995 0.1 0.1 -7.20111 -22.3008 0 0 -0.610009 -0.379647 0.05
2.73188 -2.59329 0.1 0.1 -3.55357 -24.8495 0 0 0.430038 -0.436561 0.04
2.14256 -3.04185 0.1 0.1 -13.1715 6.74651 0 0 -0.729291 0.952978 0.07
1.12058 -2.455 0.1 0.1 -20.8174 12.7557 0 0 -0.722617 0.54965 0.06
0.574181 -2.09175 0.1 0.1 -15.6354 11.4674 0 0 0.77269 -0.154456 0.03
-0.0344655 -1.0941 0.1 0.1 -4.76354 21.6845 0 0 0.855958 0.934733 0.06
-0.18954 0.0835411 0.1 0.1 -0.448221 17.611 0 0 0.347076 -0.241262 0.06
-0.196544 0.252544 0.1 0.1 -0.951842 16.1919 0 0 -0.255916 -0.625235 0.01
-0.235982 0.571226 0.1 0.1 -2.98517 15.6781 0 0 -0.518871 -0.0490071 0.02
-0.211063 1.04724 0.1 0.1 4.18349 8.17262 0 0 0.899649 -0.87855 0.04
0.16562 1.64473 0.1 0.1 5.21981 6.78314 0 0 0.0882113 -0.0494768 0.08
0.264409 1.78587 0.1 0.1 -0.244247 0.317236 0 0 -0.671228 -0.790818 0.04
0.262826 1.78599 0.1 0.1 -0.0725913 -0.292213 0 0 0.0850483 -0.304706 0.01
0.261356 1.78473 0.1 0.1 -0.221263 0.0384055 0 0 -0.0750939 0.164696 0.01
0.259847 1.78432 0.1 0.1 -0.0807197 -0.119903 0 0 0.0695485 -0.0793635 0.01
0.25876 1.78136 0.1 0.1 -0.0281291 -0.175329 0 0 0.0128819 -0.0145958 0.02
0.261804 1.77808 0.1 0.1 0.178967 0.0100161 0 0 0.0262858 0.0227653 0.04
0.26244 1.77783 0.1 0.1 -0.0515737 -0.0594545 0 0 -0.115025 -0.0348799 0.01
0.261925 1.77772 0.1 0.1 -0.0513992 0.0361857 0 0 -0.000163987 0.0477706 0.01
