-0.371229 1.30618 0.1 0.1 -0.0605951 -0.0123886 0 0 0 0 0
-0.373776 1.29829 0.1 0.1 -0.448084 -1.56206 0 0 -0.195353 -0.778956 0.01
-0.300791 1.13988 0.1 0.1 4.06718 -6.32684 0 0 0.573852 -0.615359 0.04
1.03355 -0.0371898 0.1 0.1 22.315 -17.0366 0 0 0.979932 -0.594043 0.1
2.01987 -0.853592 0.1 0.1 26.971 -23.738 0 0 0.705327 -0.939937 0.04
2.85995 -1.56887 0.1 0.1 29.0243 -23.9456 0 0 0.481734 -0.154516 0.03
3.30192 -2.6383 0.1 0.1 -2.74465 -29.4916 0 0 -0.171954 -0.827669 0.04
2.50097 -2.74919 0.1 0.1 -13.0569 11.4733 0 0 -0.553536 0.791686 0.1
1.707 -1.87924 0.1 0.1 -13.4052 17.4652 0 0 -0.0953148 0.571766 0.06
1.1056 -0.859795 0.1 0.1 -10.6744 23.2642 0 0 0.213189 0.681858 0.05
0.156984 0.669971 0.1 0.1 -20.8448 27.6831 0 0 -0.927325 0.49548 0.06
-0.536069 1.53495 0.1 0.1 -25.3369 29.9703 0 0 -0.864255 0.52574 0.03
-1.99743 3.1134 0.1 0.1 -33.0528 27.0477 0 0 -0.917435 0.47561 0.05
-2.33089 3.26667 0.1 0.1 -33.6387 6.56218 0 0 -0.459331 0.623995 0.01
-3.1005 2.25752 0.1 0.1 8.83613 -19.3456 0 0 0.501688 -0.951968 0.1
-2.66366 -0.548488 0.1 0.1 0.047961 -36.4881 0 0 -0.418366 -0.99766 0.1
-2.68252 -2.54069 0.1 0.1 -0.796852 -43.1445 0 0 -0.0850527 -0.864982 0.05
-2.6912 -2.97923 0.1 0.1 -0.937863 -44.562 0 0 -0.0740372 -0.928157 0.01
-2.90639 -3.00761 0.1 0.1 -5.16266 10.392 0 0 -0.317391 0.603644 0.07
-3.18433 -1.86602 0.1 0.1 0.949 22.0885 0 0 -0.596845 0.917157 0.07
-2.50819 0.166212 0.1 0.1 15.7572 28.6294 0 0 0.969383 0.536123 0.08
-1.8339 2.15941 0.1 0.1 6.81138 37.7191 0 0 -0.691277 0.923602 0.06
-0.730417 2.84205 0.1 0.1 15.1164 -11.1923 0 0 0.470401 -0.929181 0.1
-0.364246 2.42259 0.1 0.1 9.32412 -16.7441 0 0 -0.904563 -0.995283 0.03
0.0416575 1.67373 0.1 0.1 -0.161687 -0.145644 0 0 -0.504621 0.880668 0.09
0.0402308 1.67275 0.1 0.1 -0.12373 -0.0496176 0 0 0.0182848 0.0475366 0.01
0.0399858 1.67222 0.1 0.1 0.0744017 -0.0573873 0 0 0.0990057 -0.00413811 0.01
0.0407207 1.67179 0.1 0.1 0.0725922 -0.0279239 0 0 -0.000535606 0.0145209 0.01
0.0411755 1.67144 0.1 0.1 -0.0267877 -0.00685444 0 0 -0.0247464 0.00517777 0.02
