-2.03488 2.11134 0.1 0.1 0.0247658 -0.0235263 0 0 0 0 0
-1.47121 2.57896 0.1 0.1 13.8837 11.5594 0 0 0.901675 0.753364 0.08
0.691046 2.96979 0.1 0.1 29.107 -3.56097 0 0 0.869439 -0.724601 0.1
0.978544 2.93393 0.1 0.1 28.3939 -3.61217 0 0 -0.212845 -0.0433542 0.01
2.51796 2.55957 0.1 0.1 33.1428 -11.2988 0 0 0.629162 -0.805871 0.05
2.85325 2.44303 0.1 0.1 33.9123 -12.0081 0 0 0.552942 -0.412218 0.01
2.90705 1.94461 0.1 0.1 -13.3405 0.741727 0 0 -0.996347 0.680802 0.09
2.026 2.06406 0.1 0.1 -6.34309 1.89575 0 0 0.34002 0.0708919 0.09
1.91883 2.08096 0.1 0.1 -4.38103 -0.198535 0 0 0.463925 -0.519376 0.02
1.54439 1.81608 0.1 0.1 -6.29443 -7.28688 0 0 -0.163591 -0.525301 0.07
0.92247 1.58549 0.1 0.1 -9.2151 1.40616 0 0 -0.221505 0.529035 0.08
0.471355 1.55928 0.1 0.1 -8.83257 -2.42237 0 0 -0.00690944 -0.385444 0.05
0.375547 1.53434 0.1 0.1 -10.3264 -2.56684 0 0 -0.795429 -0.0847524 0.01
0.111189 1.44382 0.1 0.1 -0.331305 -1.06624 0 0 0.9738 0.141265 0.05
0.107509 1.4412 0.1 0.1 -0.404522 0.539486 0 0 -0.0383148 0.801684 0.01
0.105444 1.4421 0.1 0.1 -0.00913429 -0.357331 0 0 0.196717 -0.447995 0.01
0.104092 1.4401 0.1 0.1 -0.260812 -0.0438108 0 0 -0.126576 0.15576 0.01
0.102907 1.44033 0.1 0.1 0.023301 0.0899932 0 0 0.141582 0.0670582 0.01
0.104924 1.44249 0.1 0.1 0.0437313 -0.0168494 0 0 0.00187007 -0.00872456 0.06
0.105084 1.44228 0.1 0.1 -0.011585 -0.0264011 0 0 -0.0275994 -0.00489043 0.01
0.104896 1.44203 0.1 0.1 0.00750178 0.0206384 0 0 0.000946105 0.00234013 0.1
