3.02756 -0.226689 0.1 0.1 0.0536765 -0.0236535 0 0 0 0 0
3.08577 -0.290605 0.1 0.1 3.80791 -4.21646 0 0 0.635828 -0.709335 0.03
3.13018 -0.326902 0.1 0.1 5.07251 -3.04487 0 0 0.65542 0.567981 0.01
3.15246 -0.926256 0.1 0.1 -0.391174 -13.9538 0 0 0.340851 -0.822305 0.07
3.14582 -1.42201 0.1 0.1 -0.108971 -19.071 0 0 0.836901 -0.935631 0.03
3.03283 -2.24596 0.1 0.1 -5.50524 -22.1061 0 0 -0.688539 -0.482528 0.04
1.61186 -2.98623 0.1 0.1 -22.627 6.4201 0 0 -0.927283 0.750673 0.1
0.283686 -2.47588 0.1 0.1 -30.4341 13.9323 0 0 -0.913953 0.802105 0.05
-0.0231089 -2.33333 0.1 0.1 -30.9241 14.5767 0 0 -0.398986 0.392819 0.01
-0.659353 -2.02709 0.1 0.1 -32.6943 16.043 0 0 -0.602441 0.442294 0.02
-1.33848 -1.67326 0.1 0.1 -35.2094 19.3292 0 0 -0.799755 0.908872 0.02
-3.27647 1.12301 0.1 0.1 4.06438 36.304 0 0 -0.443044 0.988828 0.1
-3.05105 2.68345 0.1 0.1 7.18605 41.6822 0 0 0.416867 0.867524 0.04
-1.41504 2.79187 0.1 0.1 25.2331 -10.6305 0 0 0.984456 -0.476556 0.1
-0.562157 2.31602 0.1 0.1 17.4631 -13.1449 0 0 -0.864733 -0.373569 0.04
0.202045 1.72296 0.1 0.1 -0.214662 -0.226755 0 0 -0.940009 0.68485 0.09
0.201205 1.72007 0.1 0.1 0.0463588 -0.351462 0 0 0.130162 -0.0637921 0.01
0.202545 1.71904 0.1 0.1 0.221216 0.143924 0 0 0.088187 0.247232 0.01
0.205771 1.71724 0.1 0.1 -0.005021 -0.261611 0 0 -0.0372013 -0.0679055 0.03
0.206854 1.71581 0.1 0.1 0.221366 -0.0252792 0 0 0.113822 0.117486 0.01
0.207472 1.71522 0.1 0.1 -0.097353 -0.0924659 0 0 -0.159154 -0.0339163 0.01
0.206946 1.71516 0.1 0.1 -0.00786505 0.0810753 0 0 0.0445213 0.0867642 0.01
0.20696 1.71532 0.1 0.1 0.010492 -0.0494771 0 0 0.00918162 -0.0652078 0.01
