0.0186656 2.43638 0.1 0.1 -0.0159598 0.0648689 0 0 0 0 0
-0.114101 2.51744 0.1 0.1 -6.57867 3.96228 0 0 -0.837206 0.497401 0.04
-0.424362 2.80805 0.1 0.1 -8.91881 10.5244 0 0 -0.331372 0.856765 0.04
-0.620588 3.03829 0.1 0.1 -10.6979 10.0975 0 0 -0.493926 0.550013 0.02
-1.37356 3.04582 0.1 0.1 -19.3484 -2.46994 0 0 -0.940499 -0.182352 0.05
-3.12689 2.48281 0.1 0.1 -30.6136 -13.4887 0 0 -0.930301 -0.827139 0.07
-2.98686 0.838712 0.1 0.1 8.66204 -22.905 0 0 0.4152 -0.61439 0.09
-2.07168 -1.00311 0.1 0.1 14.1446 -23.1368 0 0 0.400181 -0.129509 0.08
-1.79141 -1.47118 0.1 0.1 13.8831 -23.6682 0 0 0.00450112 -0.250115 0.02
-0.407417 -2.97985 0.1 0.1 25.5249 -19.4851 0 0 0.930534 0.190857 0.07
2.06796 -2.81406 0.1 0.1 36.2157 10.5176 0 0 0.823019 0.850967 0.08
2.8091 -2.57397 0.1 0.1 37.8921 13.4817 0 0 0.604972 0.800503 0.02
3.21684 -0.952655 0.1 0.1 -2.66728 26.8699 0 0 0.6418 0.938029 0.08
3.09879 2.41232 0.1 0.1 0.267138 40.2075 0 0 0.140565 0.835285 0.1
2.38412 2.78014 0.1 0.1 -14.3183 -14.1266 0 0 -0.765206 -0.825526 0.1
2.23402 2.64179 0.1 0.1 -15.6977 -13.5449 0 0 -0.765217 0.221817 0.01
2.07137 2.49797 0.1 0.1 -16.8314 -15.2164 0 0 -0.648747 -0.907644 0.01
0.878891 1.73974 0.1 0.1 -17.2354 -6.54853 0 0 -0.114445 0.565354 0.07
-0.0637038 1.75704 0.1 0.1 -3.9117 6.73462 0 0 0.688389 0.739292 0.09
-0.161098 1.91698 0.1 0.1 -0.0164999 -0.278304 0 0 0.379923 -0.685371 0.05
-0.16076 1.91558 0.1 0.1 0.0839392 -0.00325937 0 0 0.050429 0.136848 0.01
-0.160341 1.91539 0.1 0.1 2.09416e-05 -0.0340084 0 0 -0.0417736 -0.0154746 0.01
