2.52135 -1.16618 0.1 0.1 -0.0440742 -0.026507 0 0 0 0 0
2.33135 -1.10632 0.1 0.1 -7.49371 2.40064 0 0 -0.764552 0.248528 0.05
2.11159 -1.48179 0.1 0.1 1.87446 -11.6007 0 0 0.572091 -0.898568 0.08
2.12012 -1.73229 0.1 0.1 -1.01148 -13.4437 0 0 -0.719748 -0.523592 0.02
1.80278 -2.40777 0.1 0.1 -9.4821 -9.11549 0 0 -0.732414 0.304384 0.06
0.0241276 -2.63609 0.1 0.1 -25.818 4.32592 0 0 -0.905942 0.660615 0.1
-0.731842 -2.58866 0.1 0.1 -24.5863 -1.13639 0 0 0.0793202 -0.902998 0.03
-2.54272 -2.19809 0.1 0.1 -27.1225 12.1414 0 0 -0.31075 0.976018 0.07
-3.32452 -1.38098 0.1 0.1 4.4352 15.0635 0 0 -0.927498 0.311619 0.06
-3.14978 0.335831 0.1 0.1 0.281571 22.9691 0 0 -0.776285 0.534571 0.09
-2.98767 1.28801 0.1 0.1 7.77585 24.629 0 0 0.957424 0.32687 0.04
-2.54037 2.32344 0.1 0.1 14.5448 27.1257 0 0 0.901309 0.4418 0.04
-2.22525 2.89871 0.1 0.1 16.9585 30.3909 0 0 0.68144 0.960396 0.02
-1.34951 2.82825 0.1 0.1 2.71663 -9.06076 0 0 -0.742681 -0.57933 0.09
-1.26291 2.58641 0.1 0.1 0.195052 0.9001 0 0 -0.202998 0.810068 0.06
-1.25885 2.59239 0.1 0.1 0.616515 0.295469 0 0 0.212831 -0.299384 0.01
-1.24802 2.59559 0.1 0.1 -0.296309 -0.198092 0 0 -0.0644475 -0.0350304 0.07
-1.24993 2.5946 0.1 0.1 -0.0858213 -0.000954547 0 0 0.104321 0.0980875 0.01
-0.6327 2.36718 0.1 0.1 13.5965 -4.97866 0 0 0.794696 -0.289182 0.09
-0.0740981 2.16759 0.1 0.1 0.542839 -0.0760671 0 0 -0.781236 0.294011 0.08
-0.0734583 2.17042 0.1 0.1 -0.413286 0.641697 0 0 -0.477933 0.360337 0.01
-0.0746725 2.17387 0.1 0.1 0.169471 0.05017 0 0 0.290883 -0.294073 0.01
-0.0740893 2.17458 0.1 0.1 -0.0524567 0.0910163 0 0 -0.110719 0.0207744 0.01
-0.0742374 2.17559 0.1 0.1 0.0373447 0.0103448 0 0 0.0224221 -0.0199175 0.02
-0.0741339 2.1755 0.1 0.1 -0.0165595 -0.0293328 0 0 -0.026913 -0.0198912 0.01
-0.0743739 2.17529 0.1 0.1 -0.0314098 -0.0109288 0 0 -0.00754789 0.00910265 0.01
