-1.70491 -0.902566 0.1 0.1 -0.0448347 0.00903614 0 0 0 0 0
-1.54714 -1.16816 0.1 0.1 5.25104 -8.77415 0 0 0.454658 -0.754071 0.06
-0.536555 -2.53437 0.1 0.1 17.0309 -21.3957 0 0 0.710773 -0.777258 0.09
1.07811 -2.98271 0.1 0.1 23.2521 6.03478 0 0 0.489737 0.835426 0.08
2.89054 -2.3681 0.1 0.1 28.4694 11.4636 0 0 0.502486 0.431411 0.07
3.16251 -1.17506 0.1 0.1 -6.47098 22.4931 0 0 -0.597136 0.872882 0.07
2.99659 -0.728908 0.1 0.1 -10.1091 22.1231 0 0 -0.951782 0.0186721 0.02
1.51057 1.93365 0.1 0.1 -19.457 30.9783 0 0 -0.541919 0.575955 0.1
-0.750424 3.07166 0.1 0.1 -30.6193 -5.68384 0 0 -0.74574 -0.666856 0.09
-2.35153 2.50383 0.1 0.1 -22.8277 -13.1695 0 0 0.515857 -0.671031 0.06
-3.14049 0.308498 0.1 0.1 5.21432 -30.4482 0 0 0.534178 -0.973483 0.1
-2.70666 -1.65881 0.1 0.1 9.20505 -35.0819 0 0 0.369248 -0.550081 0.06
-2.50273 -2.37854 0.1 0.1 11.1815 -36.8857 0 0 0.545841 -0.631022 0.02
-2.38723 -2.74528 0.1 0.1 11.9178 -36.4621 0 0 0.426344 0.0283888 0.01
-0.431863 -2.61761 0.1 0.1 26.9369 15.7564 0 0 0.8489 0.949758 0.1
2.64218 -0.520724 0.1 0.1 41.1528 30.6199 0 0 0.963159 0.941437 0.09
3.05677 -0.213234 0.1 0.1 41.7642 30.8775 0 0 0.514725 0.281985 0.01
3.18133 2.34381 0.1 0.1 -6.8505 42.0382 0 0 -0.25862 0.978685 0.07
2.39021 3.20561 0.1 0.1 -15.6516 -6.40597 0 0 -0.685292 0.664565 0.07
1.85974 3.04055 0.1 0.1 -19.6926 -4.6069 0 0 -0.762085 0.272427 0.03
0.439969 2.08736 0.1 0.1 -15.8504 -19.0311 0 0 0.151155 -0.961104 0.08
-0.246245 1.22017 0.1 0.1 0.353834 -0.517216 0 0 0.862598 0.980801 0.09
-0.246993 1.21891 0.1 0.1 -0.502143 0.265142 0 0 -0.428622 0.390513 0.01
-0.250352 1.21678 0.1 0.1 0.164104 -0.476033 0 0 0.165815 -0.185818 0.02
-0.250915 1.21443 0.1 0.1 -0.18992 0.353051 0 0 -0.0443346 0.103349 0.04
-0.24962 1.21572 0.1 0.1 0.447888 -0.0955393 0 0 0.319762 -0.223613 0.01
-0.246499 1.21403 0.1 0.1 0.176778 -0.242329 0 0 -0.134126 -0.0742864 0.01
-0.244846 1.21187 0.1 0.1 0.15381 -0.189412 0 0 -0.0106605 0.0253811 0.01
-0.244068 1.21164 0.1 0.1 0.00214714 0.142659 0 0 -0.0754643 0.16593 0.01
-0.243755 1.21267 0.1 0.1 0.0602879 0.0648919 0 0 0.0292413 -0.0383644 0.01
-0.243477 1.21321 0.1 0.1 -0.0046773 0.0431494 0 0 -0.0323737 -0.0106112 0.01
-0.243459 1.21347 0.1 0.1 0.00832906 0.00835351 0 0 0.00651346 -0.0172707 0.01
