-0.294653 -2.39136 0.1 0.1 -0.095797 -0.0119513 0 0 0 0 0
0.0439363 -2.90736 0.1 0.1 6.75357 -10.1391 0 0 0.359506 -0.532253 0.1
1.384 -2.8466 0.1 0.1 22.7848 6.82462 0 0 0.965272 0.576376 0.09
3.10204 -1.32405 0.1 0.1 11.7558 23.3515 0 0 -0.465106 0.902377 0.1
3.18153 -0.28566 0.1 0.1 -3.22705 28.5323 0 0 -0.942838 0.776941 0.04
3.10229 0.286378 0.1 0.1 -4.69203 28.671 0 0 -0.386444 0.177555 0.02
2.89771 1.09091 0.1 0.1 -8.92587 24.9827 0 0 -0.740879 -0.480937 0.03
2.4583 2.10112 0.1 0.1 -13.0177 25.524 0 0 -0.566821 0.193987 0.04
2.19116 2.63797 0.1 0.1 -13.6946 28.152 0 0 -0.236077 0.791462 0.02
1.90009 3.12345 0.1 0.1 -15.4066 10.7952 0 0 -0.50066 0.0097975 0.02
-0.20448 3.01353 0.1 0.1 -26.4995 -0.496646 0 0 -0.65999 0.322293 0.1
-1.14011 3.00341 0.1 0.1 -20.3233 -0.102232 0 0 0.655255 0.252358 0.04
-2.17003 2.2465 0.1 0.1 -0.603145 -14.7911 0 0 0.934727 -0.772409 0.1
-1.80676 0.332724 0.1 0.1 7.72878 -23.3426 0 0 0.434779 -0.523236 0.1
-0.450605 -1.41626 0.1 0.1 22.1942 -15.6369 0 0 0.879744 0.331085 0.09
0.268827 -1.80576 0.1 0.1 25.7503 -10.3558 0 0 0.71263 0.814887 0.03
2.07079 -2.71583 0.1 0.1 34.2306 -19.8846 0 0 0.856573 -0.870754 0.06
3.13448 -3.09107 0.1 0.1 36.6697 -1.58651 0 0 0.583604 0.433682 0.03
3.09334 -2.83762 0.1 0.1 -11.429 7.44055 0 0 -0.864563 0.559777 0.07
1.11991 -1.83051 0.1 0.1 -27.765 12.6183 0 0 -0.916028 0.308929 0.1
0.220514 -1.4979 0.1 0.1 -32.1723 9.57174 0 0 -0.885585 -0.453495 0.03
-1.55134 -0.977314 0.1 0.1 -38.6476 11.2382 0 0 -0.825847 0.21729 0.05
-3.13391 -0.658605 0.1 0.1 -40.4694 4.74025 0 0 -0.426486 -0.773833 0.04
-3.3939 -0.5935 0.1 0.1 6.29587 -1.43745 0 0 -0.336301 -0.762333 0.04
-2.20812 0.097285 0.1 0.1 17.2373 14.9795 0 0 0.607315 0.855688 0.1
-1.46089 0.688235 0.1 0.1 1.64986 -0.00606507 0 0 -0.928981 -0.900141 0.08
-1.45225 0.696122 0.1 0.1 0.0813892 1.58073 0 0 -0.780445 0.797211 0.01
-1.4439 0.705338 0.1 0.1 0.750989 -0.651662 0 0 0.169466 -0.555834 0.02
-1.44331 0.705321 0.1 0.1 -0.630143 0.645966 0 0 -0.690751 0.648683 0.01
-1.05043 0.959782 0.1 0.1 11.7121 6.5553 0 0 0.910599 0.440668 0.07
-0.622227 1.1879 0.1 0.1 0.650681 0.0384625 0 0 -0.760393 -0.449443 0.07
-0.616852 1.1883 0.1 0.1 0.42453 0.0411357 0 0 -0.110483 0.00150734 0.01
-0.380542 1.44027 0.1 0.1 6.25972 7.07611 0 0 0.434085 0.520697 0.07
-0.214988 1.60845 0.1 0.1 0.410757 -0.287745 0 0 -0.568924 -0.719783 0.05
-0.21307 1.60549 0.1 0.1 -0.02639 -0.304462 0 0 -0.217761 -0.00987655 0.01
-0.21425 1.60348 0.1 0.1 -0.209404 -0.096967 0 0 -0.0921415 0.102747 0.01
-0.215343 1.60327 0.1 0.1 -0.00953822 0.054115 0 0 0.0994658 0.0754642 0.01
