2.74675 2.17272 0.1 0.1 0.00359259 0.026819 0 0 0 0 0
3.19375 1.45575 0.1 0.1 2.04846 -14.1296 0 0 0.514232 -0.743785 0.1
2.98186 0.469543 0.1 0.1 -8.3843 -18.6984 0 0 -0.830522 -0.463219 0.06
2.55511 -0.902099 0.1 0.1 -5.86855 -26.9404 0 0 0.174247 -0.801182 0.06
1.44124 -3.21709 0.1 0.1 -18.6884 0.254207 0 0 -0.773576 -0.616896 0.09
1.07426 -3.15488 0.1 0.1 -18.0118 4.68362 0 0 0.0774046 0.639125 0.02
0.0641665 -3.02755 0.1 0.1 -22.3557 0.979635 0 0 -0.5355 -0.787158 0.05
-0.159363 -3.00962 0.1 0.1 -22.3502 2.60318 0 0 -0.109035 0.820812 0.01
-2.13383 -2.4243 0.1 0.1 -26.9494 11.9071 0 0 -0.411092 0.617943 0.08
-3.30908 -1.41856 0.1 0.1 1.77388 21.518 0 0 -0.858705 0.884696 0.06
-3.03039 -0.550017 0.1 0.1 9.13886 13.2921 0 0 0.7477 -0.735685 0.05
-2.93278 -0.42317 0.1 0.1 10.3829 12.0794 0 0 0.671506 -0.542849 0.01
-2.35431 0.404368 0.1 0.1 12.7372 20.948 0 0 0.293862 0.96985 0.05
-1.93624 1.054 0.1 0.1 15.1226 22.3534 0 0 0.466959 0.34282 0.03
-1.04284 2.66468 0.1 0.1 14.6625 31.2475 0 0 0.0347527 0.875737 0.06
-0.132642 3.1162 0.1 0.1 15.6666 -5.97234 0 0 0.159563 -0.644764 0.06
0.540816 2.74192 0.1 0.1 11.308 -8.974 0 0 -0.368581 -0.337594 0.05
0.815573 2.16884 0.1 0.1 -5.53164 -2.59352 0 0 -0.828542 0.290433 0.1
0.758949 2.14555 0.1 0.1 -5.79285 -2.06496 0 0 -0.158987 0.252706 0.01
0.621226 2.07462 0.1 0.1 -7.97209 -5.01859 0 0 -0.579593 -0.756257 0.02
-0.435173 2.02534 0.1 0.1 -13.0716 3.88429 0 0 -0.307896 0.44285 0.1
-0.84834 2.14085 0.1 0.1 1.10184 -0.532078 0 0 0.983345 -0.307148 0.07
-0.846316 2.13603 0.1 0.1 -0.694207 -0.430814 0 0 -0.897412 0.0481847 0.01
-0.851606 2.13237 0.1 0.1 -0.364239 -0.300802 0 0 0.162416 0.0631983 0.01
-0.392793 1.80723 0.1 0.1 9.37781 -6.10582 0 0 0.510287 -0.306491 0.1
-0.174589 1.64451 0.1 0.1 -0.566608 -0.44979 0 0 -0.973135 0.549315 0.05
-0.177343 1.64566 0.1 0.1 0.014752 0.678312 0 0 0.28958 0.56477 0.01
-0.177867 1.64802 0.1 0.1 -0.119294 -0.20548 0 0 -0.0673974 -0.440805 0.01
-0.175437 1.64449 0.1 0.1 0.238425 0.0273895 0 0 0.0450522 0.0286794 0.04
-0.173263 1.64336 0.1 0.1 -0.0202271 -0.140071 0 0 -0.0641682 -0.0421655 0.02
-0.173753 1.6425 0.1 0.1 -0.0286698 0.0534295 0 0 -0.00222674 0.0481681 0.02
-0.173996 1.64299 0.1 0.1 -0.0199821 0.0454499 0 0 0.00422444 -0.00374267 0.01
-0.174375 1.6432 0.1 0.1 -0.0557773 -0.00452125 0 0 -0.0181027 -0.0248906 0.01
-0.175155 1.64304 0.1 0.1 -0.0223145 -0.0114432 0 0 0.00817593 -0.00176945 0.02
-0.175136 1.64299 0.1 0.1 0.026017 0.00229448 0 0 0.024192 0.00685103 0.01
