0.811977 -0.218107 0.1 0.1 0.0976012 -0.0377917 0 0 0 0 0
0.86586 -0.246593 0.1 0.1 1.42644 -0.767591 0 0 0.098851 -0.0541358 0.07
0.911656 -0.242673 0.1 0.1 3.14733 1.15325 0 0 0.442334 0.481439 0.02
0.94895 -0.182314 0.1 0.1 0.590622 4.87028 0 0 -0.6302 0.944258 0.02
1.23925 0.55524 0.1 0.1 7.62247 16.072 0 0 0.523815 0.853145 0.07
2.34765 2.01729 0.1 0.1 19.9278 20.4209 0 0 0.83821 0.363616 0.08
2.86437 2.64974 0.1 0.1 14.5459 21.736 0 0 -0.812116 0.324849 0.03
3.08197 2.99612 0.1 0.1 -6.70733 -6.40004 0 0 -0.88702 -0.621926 0.08
1.9182 2.20891 0.1 0.1 -16.405 -9.29653 0 0 -0.543368 -0.184115 0.1
0.275454 1.21989 0.1 0.1 -24.5525 -15.3492 0 0 -0.612952 -0.43979 0.08
-2.52043 -0.391943 0.1 0.1 -31.2587 -16.8587 0 0 -0.475904 -0.155925 0.1
-3.1392 -0.742667 0.1 0.1 -30.6201 -18.2091 0 0 0.00581424 -0.42584 0.02
-3.26377 -1.75612 0.1 0.1 7.07474 -22.2898 0 0 0.774865 -0.508495 0.05
-2.69997 -2.96116 0.1 0.1 15.4086 -25.8814 0 0 0.890128 -0.479786 0.05
-0.314821 -2.81982 0.1 0.1 32.0162 7.15469 0 0 0.949808 0.318611 0.1
2.15137 -2.16232 0.1 0.1 38.3703 11.5817 0 0 0.630671 0.362431 0.07
2.92514 -1.96879 0.1 0.1 39.0049 7.78338 0 0 0.352892 -0.9028 0.02
2.9191 -0.520616 0.1 0.1 -14.2178 24.148 0 0 -0.845599 0.989068 0.09
1.97411 1.23665 0.1 0.1 -17.2516 34.3248 0 0 -0.331519 0.994644 0.06
1.67098 1.9424 0.1 0.1 -13.0747 36.2444 0 0 0.969023 0.656848 0.02
0.505684 3.12372 0.1 0.1 -16.0195 -5.96039 0 0 -0.256888 -0.619301 0.08
-0.290818 3.00396 0.1 0.1 -0.174739 -0.0164189 0 0 0.752592 0.940571 0.1
-0.292863 3.00239 0.1 0.1 0.037366 -0.0534197 0 0 0.0350191 0.162568 0.03
-0.292149 3.00144 0.1 0.1 0.0340244 -0.0381698 0 0 -0.000657326 0.0768189 0.02
-0.292109 3.00117 0.1 0.1 -0.0259876 -0.0183568 0 0 -0.0299941 0.249369 0.01
-0.292273 3.00152 0.1 0.1 0.00952127 0.0332908 0 0 0.00883799 0.747718 0.02
-0.292144 3.00247 0.1 0.1 -0.00566043 0.00288427 0 0 -0.00107537 0.635212 0.07
-0.0974115 2.73911 0.1 0.1 4.26893 -5.76896 0 0 0.248371 -0.335352 0.09
-0.00658364 2.61784 0.1 0.1 0.298934 -0.33076 0 0 -0.485054 0.664747 0.04
-0.00868294 2.61515 0.1 0.1 -0.506182 0.0612169 0 0 -0.201867 0.0973439 0.02
-0.010287 2.61375 0.1 0.1 0.184226 -0.341598 0 0 0.34451 -0.20215 0.01
-0.00984309 2.61066 0.1 0.1 -0.0949849 -0.276924 0 0 -0.139426 0.0307984 0.01
-0.108617 2.14792 0.1 0.1 -2.69612 -12.798 0 0 -0.192984 -0.927569 0.07
-0.174474 1.64895 0.1 0.1 0.999513 0.151116 0 0 0.227021 0.778304 0.08
-0.169646 1.6547 0.1 0.1 -0.032135 0.996918 0 0 -0.513679 0.425768 0.01
-0.159596 1.69819 0.1 0.1 0.279247 0.102305 0 0 0.0200931 -0.0532018 0.08
-0.150754 1.69678 0.1 0.1 0.163612 -0.171035 0 0 -0.0133633 -0.0343519 0.04
-0.151189 1.69625 0.1 0.1 -0.249949 0.0641095 0 0 -0.20711 0.117296 0.01
-0.151683 1.69618 0.1 0.1 0.150417 -0.0776216 0 0 0.200051 -0.070883 0.01
-0.150664 1.69508 0.1 0.1 0.0535816 -0.141071 0 0 -0.0479432 -0.0322842 0.01
-0.148268 1.68954 0.1 0.1 0.00695208 0.000630284 0 0 -0.0027651 0.00851105 0.08
