-0.729092 -2.4724 0.1 0.1 0.07796 0.0946412 0 0 0 0 0
-1.15603 -2.06414 0.1 0.1 -12.1333 11.438 0 0 -0.903082 0.83948 0.07
-1.9433 -1.68888 0.1 0.1 -19.2976 3.6378 0 0 -0.795828 -0.742978 0.05
-3.35773 -0.990485 0.1 0.1 1.80276 13.6826 0 0 -0.49594 0.671521 0.08
-2.62503 0.273496 0.1 0.1 13.4408 14.3952 0 0 0.636078 0.110037 0.09
-1.86732 1.84754 0.1 0.1 5.60832 24.8166 0 0 -0.443072 0.749757 0.08
-0.726234 3.05897 0.1 0.1 19.5373 -1.19199 0 0 0.837168 -0.973652 0.09
0.432204 3.01346 0.1 0.1 26.7402 -0.437443 0 0 0.836306 0.492611 0.05
0.704669 3.00279 0.1 0.1 27.7511 -1.69521 0 0 0.641879 -0.634242 0.01
2.90832 3.00625 0.1 0.1 35.1242 -0.0889964 0 0 0.684176 0.776732 0.07
2.74469 3.00296 0.1 0.1 -16.0462 -0.00327012 0 0 -0.970663 0.722048 0.1
2.57974 3.00286 0.1 0.1 -16.9439 -0.0141441 0 0 -0.531454 0.5234 0.01
1.78229 2.93577 0.1 0.1 -22.8889 -3.31871 0 0 -0.842985 -0.421426 0.04
0.824388 2.88724 0.1 0.1 -24.9921 0.864528 0 0 -0.382744 0.517093 0.04
0.0386624 2.82883 0.1 0.1 -27.3776 -4.7311 0 0 -0.528635 -0.942286 0.03
-0.730089 2.61678 0.1 0.1 -23.8898 -9.38218 0 0 0.453179 -0.81039 0.03
-2.74131 2.21696 0.1 0.1 -33.4623 -2.12728 0 0 -0.827908 0.49037 0.07
-3.07656 1.31671 0.1 0.1 7.47567 -17.6425 0 0 0.432357 -0.911779 0.09
-1.8868 -0.0452698 0.1 0.1 22.0731 -16.4235 0 0 0.987722 -0.00851705 0.08
-1.65978 -0.199654 0.1 0.1 23.3277 -14.4565 0 0 0.741854 0.906664 0.01
0.107358 -1.42649 0.1 0.1 27.1195 -20.5235 0 0 0.396755 -0.521453 0.07
1.57875 -2.61852 0.1 0.1 31.6979 -27.1031 0 0 0.604385 -0.778034 0.05
3.28817 -2.73495 0.1 0.1 -4.54027 12.0374 0 0 0.485925 0.901567 0.1
2.3583 -1.44186 0.1 0.1 -18.5184 20.1826 0 0 -0.932249 0.589781 0.08
1.10729 0.112959 0.1 0.1 -9.41977 14.4535 0 0 0.436241 -0.231936 0.09
0.751511 0.713251 0.1 0.1 -8.37591 15.5538 0 0 0.0862186 0.21268 0.04
0.482318 1.18452 0.1 0.1 -5.10556 8.05946 0 0 0.375264 -0.877883 0.04
0.199692 1.45281 0.1 0.1 -2.00142 -1.22815 0 0 0.176379 -0.563752 0.08
0.188983 1.44796 0.1 0.1 -0.143552 0.255425 0 0 0.924407 0.739678 0.01
0.185416 1.45058 0.1 0.1 -0.212898 0.00714224 0 0 -0.0182535 -0.0614304 0.02
0.184273 1.45062 0.1 0.1 -0.0159981 0.00225041 0 0 0.0979506 -0.00240325 0.01
