-2.36932 -1.67267 0.1 0.1 -0.0570721 0.0886734 0 0 0 0 0
-2.97506 -1.92707 0.1 0.1 -14.8899 -6.36227 0 0 -0.965444 -0.419357 0.08
-3.12339 -1.99601 0.1 0.1 -14.7747 -7.42344 0 0 -0.0163221 -0.565363 0.01
-2.74063 -2.14974 0.1 0.1 12.4149 4.15699 0 0 0.794483 0.571465 0.1
-2.60871 -2.10999 0.1 0.1 13.9669 3.79191 0 0 0.842399 -0.162818 0.01
-1.99358 -1.81839 0.1 0.1 16.7701 10.7422 0 0 0.427831 0.905179 0.04
-1.5755 -1.41209 0.1 0.1 11.1302 16.3163 0 0 -0.870173 0.996538 0.03
-1.00117 -0.0474051 0.1 0.1 5.34835 22.6012 0 0 -0.371743 0.546286 0.07
0.0167462 2.16104 0.1 0.1 17.1028 26.4179 0 0 0.709246 0.335067 0.09
1.04005 3.16413 0.1 0.1 23.7706 1.15021 0 0 0.768799 -0.0972446 0.05
1.53788 3.13001 0.1 0.1 26.0043 -2.93819 0 0 0.683055 0.919103 0.02
1.80531 3.10061 0.1 0.1 27.4802 -2.82547 0 0 0.87186 0.538417 0.01
2.70584 2.93596 0.1 0.1 32.5298 -8.12463 0 0 0.991977 -0.91071 0.03
3.03188 2.84617 0.1 0.1 32.6775 -9.83039 0 0 0.237052 -0.897638 0.01
3.12696 2.06922 0.1 0.1 -7.43805 -12.3378 0 0 -0.623893 -0.234516 0.07
2.70427 1.63283 0.1 0.1 -13.6548 -9.50116 0 0 -0.830693 0.300123 0.04
2.03481 1.33464 0.1 0.1 -19.7773 -5.43559 0 0 -0.849781 0.471168 0.04
0.488444 1.36504 0.1 0.1 -11.2924 5.85642 0 0 0.347394 0.566575 0.1
0.264678 1.46345 0.1 0.1 -11.0849 3.99151 0 0 -0.00404815 -0.441558 0.02
-0.228654 1.65959 0.1 0.1 -0.0431395 0.420985 0 0 0.586433 -0.187353 0.09
-0.22906 1.66176 0.1 0.1 -0.0381213 0.0145656 0 0 0.00227637 -0.202157 0.01
-0.229058 1.66182 0.1 0.1 0.0384195 -0.00239133 0 0 0.0382948 -0.00844372 0.01
