2.7454 1.03266 0.1 0.1 -0.0300884 0.0243566 0 0 0 0 0
2.17123 1.93306 0.1 0.1 -11.2667 17.6885 0 0 -0.590749 0.928301 0.1
1.93989 2.31159 0.1 0.1 -11.8655 20.1561 0 0 -0.207511 0.711749 0.02
0.503245 3.09617 0.1 0.1 -23.8902 -2.74287 0 0 -0.841433 0.520281 0.08
-0.273226 2.99517 0.1 0.1 -27.8547 -3.98414 0 0 -0.790341 -0.223646 0.03
-1.50548 2.71975 0.1 0.1 -33.7186 -9.74906 0 0 -0.887337 -0.75486 0.04
-1.84525 2.62546 0.1 0.1 -34.2346 -9.10937 0 0 -0.428288 0.273334 0.01
-2.90575 2.38415 0.1 0.1 -36.4538 -6.98933 0 0 -0.547157 0.314003 0.03
-3.1303 2.01098 0.1 0.1 8.20109 -2.39858 0 0 0.383393 0.263927 0.08
-2.39104 1.96304 0.1 0.1 16.3593 0.768475 0 0 0.741843 0.26019 0.06
-1.76416 1.88007 0.1 0.1 14.9937 -4.87922 0 0 -0.0924452 -0.716221 0.04
-1.47801 1.75882 0.1 0.1 13.6262 -7.2381 0 0 -0.270461 -0.619959 0.02
-0.779578 1.31766 0.1 0.1 6.41356 -5.38762 0 0 -0.465538 0.100708 0.07
-0.722165 1.27353 0.1 0.1 5.07138 -3.44004 0 0 -0.642663 0.951778 0.01
-0.527429 1.14464 0.1 0.1 7.89687 -5.14449 0 0 0.503732 -0.305445 0.03
-0.221474 0.928559 0.1 0.1 -0.964823 0.261831 0 0 -0.475668 0.288272 0.09
-0.237 0.93253 0.1 0.1 -0.589022 0.135643 0 0 0.0901481 -0.0305309 0.02
-0.204521 0.920361 0.1 0.1 2.73766 -0.94149 0 0 0.56033 -0.181411 0.03
-0.178724 0.915852 0.1 0.1 -0.14833 0.485787 0 0 -0.715622 0.355535 0.02
-0.180366 0.920558 0.1 0.1 -0.180059 0.455581 0 0 -0.0167052 -0.0127574 0.01
-0.182861 0.921266 0.1 0.1 -0.318678 -0.312784 0 0 -0.0707401 -0.383916 0.01
-0.185626 0.920973 0.1 0.1 -0.234525 0.25336 0 0 0.0408205 0.282988 0.01
-0.184442 0.924169 0.1 0.1 0.310768 -0.0388434 0 0 0.0911508 -0.0481486 0.03
-0.183081 0.922634 0.1 0.1 -0.173075 -0.114462 0 0 -0.120741 -0.0193288 0.02
-0.184233 0.922189 0.1 0.1 -0.0576503 0.0252254 0 0 0.0572118 0.0696511 0.01
-0.185225 0.922298 0.1 0.1 -0.0415241 -0.0141222 0 0 0.00378456 -0.00980994 0.02
-0.185704 0.922265 0.1 0.1 -0.00657594 0.0107506 0 0 0.00862725 0.00621373 0.02
