2.36412 1.13885 0.1 0.1 -0.0263918 -0.0767887 0 0 0 0 0
2.30851 1.17172 0.1 0.1 -2.73602 1.70822 0 0 -0.345886 0.227187 0.04
2.20393 0.875934 0.1 0.1 -0.280376 -10.0223 0 0 0.167825 -0.859119 0.07
2.24208 0.498678 0.1 0.1 2.8086 -15.1027 0 0 0.521337 -0.909578 0.03
2.26691 0.339402 0.1 0.1 2.15825 -16.7497 0 0 -0.313496 -0.903377 0.01
2.85167 -1.51942 0.1 0.1 12.3248 -29.5494 0 0 0.672409 -0.916131 0.08
3.08411 -2.08317 0.1 0.1 10.9236 -26.8347 0 0 -0.29216 0.537681 0.02
2.95554 -3.13783 0.1 0.1 -9.8297 3.94829 0 0 -0.915113 -0.858882 0.08
2.4816 -2.83914 0.1 0.1 -13.8406 10.9401 0 0 -0.560786 0.911466 0.04
1.20024 -1.62506 0.1 0.1 -22.6654 23.6017 0 0 -0.722376 0.990974 0.07
-0.422967 0.804226 0.1 0.1 -17.9798 36.9498 0 0 0.191737 0.986123 0.08
-0.603526 1.1803 0.1 0.1 -18.1317 38.2637 0 0 -0.166176 0.845332 0.01
-0.77599 1.56103 0.1 0.1 -16.3638 37.883 0 0 0.798222 0.000493068 0.01
-1.08457 2.34965 0.1 0.1 -14.5004 40.9684 0 0 0.388698 0.968937 0.02
-1.23538 2.76237 0.1 0.1 -15.659 41.5742 0 0 -0.65518 0.509454 0.01
-1.39179 3.1752 0.1 0.1 -15.6237 33.5219 0 0 -0.0604235 -0.084567 0.01
-2.18879 2.45281 0.1 0.1 -0.565254 -17.8599 0 0 0.713326 -0.853528 0.1
-1.82165 1.47798 0.1 0.1 9.60625 -6.66078 0 0 0.659036 0.639236 0.08
-1.32555 1.20551 0.1 0.1 15.1613 -6.96071 0 0 0.757058 -0.0712367 0.04
-0.405606 1.25696 0.1 0.1 3.43387 7.74536 0 0 -0.540689 0.737939 0.1
-0.229712 1.60705 0.1 0.1 0.51804 0.148294 0 0 -0.152458 -0.402709 0.09
-0.227653 1.60818 0.1 0.1 -0.30946 -0.0353936 0 0 -0.206506 -0.0456832 0.02
-0.234686 1.61125 0.1 0.1 0.103703 0.121438 0 0 0.0290308 0.0114288 0.07
-0.234044 1.6115 0.1 0.1 0.0249717 -0.0716894 0 0 -0.0390864 -0.0964634 0.01
-0.233812 1.61014 0.1 0.1 -0.00171279 -0.0640007 0 0 -0.00661732 0.00158225 0.02
