1.70639 -0.444146 0.1 0.1 -0.0984907 -0.0825819 0 0 0 0 0
2.55127 -0.337826 0.1 0.1 16.7162 2.17186 0 0 0.883941 0.118333 0.1
3.21514 0.28141 0.1 0.1 -2.71147 11.4497 0 0 0.0516932 0.549468 0.09
2.94901 1.12414 0.1 0.1 -6.12526 16.5897 0 0 -0.306852 0.498555 0.06
2.45612 2.06027 0.1 0.1 -13.5294 20.8199 0 0 -0.790108 0.516688 0.05
0.63815 3.0955 0.1 0.1 -26.673 -2.69244 0 0 -0.831278 -0.356639 0.09
-0.99023 2.14958 0.1 0.1 -9.76511 -18.0973 0 0 0.848922 -0.908446 0.09
-2.78202 -0.33602 0.1 0.1 -25.8044 -31.3917 0 0 -0.893299 -0.789142 0.1
-3.24683 -2.44531 0.1 0.1 2.9361 -38.8422 0 0 -0.934361 -0.796226 0.06
-3.20959 -2.83564 0.1 0.1 4.50866 -39.222 0 0 0.805785 -0.385096 0.01
-1.88973 -2.60935 0.1 0.1 21.6014 14.3943 0 0 0.920817 0.890436 0.1
-0.0873501 -1.42812 0.1 0.1 29.796 19.2994 0 0 0.715482 0.434211 0.07
1.13572 -0.78852 0.1 0.1 31.3482 12.7243 0 0 0.348051 -0.742905 0.04
2.49882 -0.158589 0.1 0.1 36.7712 18.7314 0 0 0.849884 0.82943 0.04
2.98702 2.53399 0.1 0.1 -10.6168 34.8443 0 0 -0.684527 0.939655 0.1
2.87341 2.89016 0.1 0.1 -12.1029 36.3879 0 0 -0.800294 0.950095 0.01
1.46967 2.74618 0.1 0.1 -15.9067 -10.0658 0 0 -0.260358 -0.513052 0.1
0.595895 1.7609 0.1 0.1 -1.80466 -9.64671 0 0 0.661505 -0.0282144 0.1
0.480012 1.41143 0.1 0.1 -1.51013 -0.445609 0 0 0.0128413 0.63238 0.07
0.473528 1.4126 0.1 0.1 0.210479 0.677758 0 0 0.857824 0.562545 0.01
0.482858 1.4331 0.1 0.1 0.101598 0.0122595 0 0 -0.00831437 -0.0537612 0.06
0.483804 1.43313 0.1 0.1 0.0875066 -0.00595169 0 0 -0.00658007 -0.00909292 0.01
0.484495 1.43298 0.1 0.1 0.0508435 -0.0230617 0 0 -0.0180012 -0.00863283 0.01
0.484648 1.4327 0.1 0.1 -0.0353157 -0.00544106 0 0 -0.0215168 0.00433045 0.02
