-0.428153 -0.551581 0.1 0.1 0.0523634 0.0115931 0 0 0 0 0
0.175635 -0.0360275 0.1 0.1 11.8271 10.1309 0 0 0.619783 0.53204 0.1
0.427095 0.157197 0.1 0.1 13.3141 9.19466 0 0 0.434927 -0.185648 0.02
1.79996 1.45502 0.1 0.1 20.9117 23.0649 0 0 0.560745 0.948532 0.08
2.23254 1.93634 0.1 0.1 22.342 25.0612 0 0 0.464271 0.620048 0.02
2.67154 2.44343 0.1 0.1 21.5598 25.6452 0 0 -0.0874208 0.273202 0.02
3.3242 3.18545 0.1 0.1 0.359993 0.758048 0 0 0.500437 0.0946211 0.04
2.58787 2.37119 0.1 0.1 -13.1036 -14.9589 0 0 -0.614253 -0.72721 0.1
1.04663 1.51344 0.1 0.1 -25.2652 -6.59743 0 0 -0.857308 0.469392 0.08
-0.411504 1.38128 0.1 0.1 -32.9964 1.24503 0 0 -0.919513 0.771928 0.05
-1.72595 1.47427 0.1 0.1 -32.7281 3.38995 0 0 -0.130528 0.28096 0.04
-2.06023 1.50447 0.1 0.1 -34.1241 2.65104 0 0 -0.865528 -0.353333 0.01
-3.42114 1.6083 0.1 0.1 -0.552982 1.51071 0 0 -0.412918 -0.102129 0.05
-3.35013 1.6108 0.1 0.1 5.34239 -1.25079 0 0 0.41525 -0.689609 0.02
-2.70753 1.57678 0.1 0.1 12.9292 0.260693 0 0 0.58821 0.105741 0.07
-2.02425 1.59181 0.1 0.1 14.3896 0.339929 0 0 0.214451 0.00965772 0.05
-1.38935 1.66885 0.1 0.1 11.0344 2.72189 0 0 -0.272256 0.246064 0.05
-1.08341 1.6517 0.1 0.1 4.30759 -3.5372 0 0 -0.803261 -0.784722 0.04
-0.995801 1.49905 0.1 0.1 1.54674 -6.62423 0 0 -0.445938 -0.540104 0.03
-0.501237 1.42915 0.1 0.1 12.4567 4.49688 0 0 0.815348 0.789738 0.07
0.118651 1.65961 0.1 0.1 0.145325 0.184583 0 0 -0.585079 -0.204179 0.1
0.1203 1.65983 0.1 0.1 0.184453 -0.139755 0 0 0.0203763 -0.162083 0.01
0.121871 1.65899 0.1 0.1 0.129678 -0.0278233 0 0 -0.0266116 0.0555529 0.01
0.122279 1.65932 0.1 0.1 -0.0477218 0.0926218 0 0 -0.0885434 0.0603819 0.01
0.123078 1.66015 0.1 0.1 0.100274 -0.0361572 0 0 0.0248118 -0.0213235 0.03
0.123479 1.66033 0.1 0.1 -0.0199663 0.0707485 0 0 -0.0599503 0.0535398 0.01
0.123387 1.66083 0.1 0.1 0.00154466 0.0294701 0 0 0.0107132 -0.0203907 0.01
