3.02501 2.50024 0.1 0.1 0.0884896 0.0338082 0 0 0 0 0
3.16535 2.01407 0.1 0.1 -0.745472 -9.59662 0 0 0.896964 -0.505911 0.1
3.14846 1.91923 0.1 0.1 -2.62882 -9.37341 0 0 -0.950714 0.0641191 0.01
2.97861 1.40925 0.1 0.1 -4.15223 -11.0119 0 0 -0.169636 -0.214883 0.05
2.25306 0.709064 0.1 0.1 -11.8559 -4.64346 0 0 -0.468744 0.3149 0.09
1.6494 0.222873 0.1 0.1 -8.30179 -11.4942 0 0 0.245865 -0.61135 0.06
1.29709 -0.464666 0.1 0.1 -3.49011 -11.4243 0 0 0.372089 -0.0513153 0.06
1.12951 -1.26668 0.1 0.1 -3.21652 -20.5801 0 0 0.0106443 -0.995932 0.05
0.850887 -2.06194 0.1 0.1 -10.6657 -19.1922 0 0 -0.965837 0.0739097 0.04
-0.788687 -3.06821 0.1 0.1 -21.9352 2.15999 0 0 -0.645406 -0.065605 0.1
-2.13816 -3.00454 0.1 0.1 -11.9348 0.125569 0 0 0.540836 -0.398256 0.08
-3.19884 -2.93766 0.1 0.1 -7.69253 1.76659 0 0 -0.637679 0.121959 0.07
-2.82944 -2.26274 0.1 0.1 12.2808 14.9309 0 0 0.9541 0.865035 0.08
-2.2535 -1.62563 0.1 0.1 16.4875 16.9118 0 0 0.598843 0.327125 0.04
-1.46603 -0.629889 0.1 0.1 15.0237 22.8679 0 0 -0.0666343 0.695015 0.05
-1.20792 -0.164062 0.1 0.1 10.8014 23.7119 0 0 -0.99162 0.327009 0.02
-0.566698 0.872555 0.1 0.1 10.5755 10.9692 0 0 0.0339761 -0.975645 0.06
-0.119555 1.36275 0.1 0.1 -0.474971 0.0871641 0 0 -0.589853 -0.577552 0.09
-0.11921 1.36313 0.1 0.1 0.542353 -0.00952772 0 0 0.509217 -0.0480495 0.01
-0.116754 1.36447 0.1 0.1 -0.0502479 0.27562 0 0 -0.295271 0.1432 0.01
-0.117835 1.37012 0.1 0.1 -0.0219324 0.101978 0 0 0.0045365 -0.0280025 0.03
-0.118035 1.37106 0.1 0.1 -0.0182213 0.0871201 0 0 0.00175498 -0.00695689 0.01
-0.118138 1.37218 0.1 0.1 0.00785959 0.0252133 0 0 0.0064962 -0.0151977 0.02
