-0.859847 -0.460003 0.1 0.1 0.0708919 -0.00402746 0 0 0 0 0
-0.865797 -0.524027 0.1 0.1 -0.464876 -4.24306 0 0 -0.0906372 -0.717332 0.03
-0.884648 -0.631484 0.1 0.1 -1.41713 -6.49509 0 0 -0.243203 -0.590053 0.02
-0.560625 -1.02283 0.1 0.1 10.5362 -4.70669 0 0 0.877808 0.100055 0.07
0.0869802 -0.856997 0.1 0.1 3.95317 8.19807 0 0 -0.329845 0.726111 0.09
0.16985 -0.575852 0.1 0.1 1.58337 10.5332 0 0 -0.381324 0.43598 0.03
-0.179207 0.729309 0.1 0.1 -10.1531 21.9435 0 0 -0.755863 0.794572 0.08
-0.275543 0.952065 0.1 0.1 -9.11572 22.6066 0 0 0.471078 0.443247 0.01
-0.45656 1.42435 0.1 0.1 -8.98627 24.6154 0 0 -0.0128698 0.620448 0.02
-0.986839 2.70035 0.1 0.1 -12.1986 26.4095 0 0 -0.374508 0.30711 0.05
-1.11321 2.97229 0.1 0.1 -13.0733 27.9763 0 0 -0.500704 0.919593 0.01
-2.40935 3.03865 0.1 0.1 -23.833 -4.31817 0 0 -0.86122 -0.0651826 0.07
-3.15972 2.07039 0.1 0.1 4.57252 -17.0084 0 0 0.54356 -0.758918 0.09
-2.22436 1.35526 0.1 0.1 16.04 0.847973 0 0 0.689694 0.952699 0.09
-1.04807 1.64131 0.1 0.1 10.1879 5.44025 0 0 -0.260053 0.271186 0.09
-0.768058 1.72948 0.1 0.1 -3.75689 -3.34891 0 0 -0.759725 -0.483548 0.09
-0.822191 1.6944 0.1 0.1 -1.66346 -0.170499 0 0 0.510249 0.78605 0.02
-0.832191 1.69563 0.1 0.1 -0.338679 0.415884 0 0 0.65785 0.293956 0.01
-0.833448 1.70008 0.1 0.1 0.086535 0.473977 0 0 0.212116 0.0313075 0.01
-0.831554 1.70225 0.1 0.1 0.291928 -0.0393077 0 0 0.103671 -0.255587 0.01
-0.831929 1.70188 0.1 0.1 -0.327378 0.0026466 0 0 -0.155016 0.0103768 0.02
-0.834768 1.70019 0.1 0.1 0.0422384 -0.171704 0 0 0.0917459 -0.044006 0.02
-0.835788 1.69762 0.1 0.1 -0.109447 -0.000241058 0 0 -0.0254626 0.0281508 0.03
-0.836979 1.69747 0.1 0.1 -0.00998061 -0.0145608 0 0 0.024584 -0.00361405 0.02
