2.21982 -2.90462 0.1 0.1 0.015611 0.0253304 0 0 0 0 0
2.24051 -2.92284 0.1 0.1 1.01265 -0.930153 0 0 0.127254 -0.121739 0.04
2.25629 -2.91775 0.1 0.1 0.566815 1.43117 0 0 -0.107567 0.59171 0.02
1.72979 -1.90302 0.1 0.1 -10.9055 18.5784 0 0 -0.600144 0.908217 0.1
1.22195 -0.880764 0.1 0.1 -3.68898 10.72 0 0 0.479461 -0.488341 0.07
1.15422 -0.641294 0.1 0.1 -3.08518 13.2187 0 0 0.134425 0.684676 0.02
1.09774 -0.103617 0.1 0.1 0.238827 13.6622 0 0 0.408963 0.122817 0.04
1.07701 0.345307 0.1 0.1 -1.61178 16.2531 0 0 -0.312093 0.506589 0.03
1.29438 2.2734 0.1 0.1 5.83869 22.21 0 0 0.383324 0.394396 0.1
1.89822 3.07588 0.1 0.1 9.21067 -3.6283 0 0 0.24845 -0.707399 0.08
3.22883 2.1488 0.1 0.1 16.2724 -16.7773 0 0 0.68434 -0.782028 0.09
3.31912 1.97274 0.1 0.1 3.63049 -18.4324 0 0 0.274754 -0.916076 0.01
2.46601 1.13425 0.1 0.1 -16.9734 1.33245 0 0 -0.886962 0.946394 0.1
1.64792 1.20072 0.1 0.1 0.323746 0.0200305 0 0 0.824683 -0.0619944 0.1
1.65274 1.19873 0.1 0.1 -0.000876437 -0.151859 0 0 -0.0533534 -0.0289985 0.03
1.32777 1.45958 0.1 0.1 -10.7246 8.75732 0 0 -0.921233 0.764129 0.06
0.971111 1.76458 0.1 0.1 0.405076 0.0588199 0 0 0.769958 -0.599482 0.07
0.972754 1.76531 0.1 0.1 -0.0755938 0.0869809 0 0 -0.239655 0.0144162 0.01
0.972551 1.76568 0.1 0.1 0.0347389 -0.0120346 0 0 0.0550912 -0.0493221 0.01
0.32778 1.52545 0.1 0.1 -14.1495 -5.24846 0 0 -0.824441 -0.304351 0.09
-0.158486 1.34244 0.1 0.1 0.0895432 -0.0408331 0 0 0.983125 0.359249 0.07
-0.156419 1.34021 0.1 0.1 0.0143204 -0.0702503 0 0 -0.00915263 -0.00395808 0.04
-0.156333 1.33965 0.1 0.1 0.00282296 -0.0424615 0 0 -0.00570729 0.0136139 0.01
