-1.23245 0.795343 0.1 0.1 -0.0223036 -0.028217 0 0 0 0 0
-1.23867 0.77157 0.1 0.1 -0.598183 -2.34134 0 0 -0.14586 -0.584372 0.02
-1.11496 0.137947 0.1 0.1 4.07842 -15.6075 0 0 0.342868 -0.992882 0.07
-1.05346 -0.170552 0.1 0.1 2.07849 -15.2437 0 0 -0.485126 0.0136499 0.02
-0.993921 -0.505838 0.1 0.1 3.86909 -18.2748 0 0 0.462802 -0.841571 0.02
-0.920593 -0.886903 0.1 0.1 3.46501 -19.8266 0 0 -0.0827665 -0.483329 0.02
0.220815 -2.86036 0.1 0.1 19.1061 -19.644 0 0 0.839552 -0.0895577 0.1
2.57472 -2.87382 0.1 0.1 32.9936 7.54543 0 0 0.902442 0.515489 0.09
2.89551 -2.7904 0.1 0.1 31.1676 9.13695 0 0 -0.75263 0.837301 0.01
2.94184 -1.18831 0.1 0.1 -9.34228 22.6794 0 0 -0.492398 0.757251 0.1
2.27223 -0.120295 0.1 0.1 -9.78379 8.00636 0 0 -0.079771 -0.972028 0.07
1.32812 0.90849 0.1 0.1 -9.10983 12.4943 0 0 -0.0133589 0.275919 0.1
1.12364 1.13549 0.1 0.1 -11.3301 10.2137 0 0 -0.606756 -0.513561 0.02
0.372795 1.52241 0.1 0.1 -5.44323 -1.44037 0 0 0.285502 -0.625919 0.09
0.229795 1.50481 0.1 0.1 -0.319471 0.718567 0 0 0.498476 0.214279 0.05
0.232638 1.50785 0.1 0.1 0.885926 -0.110265 0 0 0.60447 -0.412857 0.01
0.242172 1.50211 0.1 0.1 0.0702611 -0.462188 0 0 -0.201694 -0.0894678 0.02
0.244519 1.50018 0.1 0.1 0.0860802 0.329468 0 0 0.00305428 0.131644 0.03
0.242066 1.50542 0.1 0.1 -0.247908 0.0212887 0 0 -0.0561227 -0.0505095 0.03
0.239687 1.50484 0.1 0.1 0.00908669 -0.0792008 0 0 0.0636946 -0.0252603 0.02
0.240029 1.50427 0.1 0.1 0.00463001 0.0552713 0 0 -0.000409266 0.0133924 0.05
0.240123 1.50477 0.1 0.1 0.0142803 0.0445206 0 0 0.00487491 -0.00512594 0.01
0.240391 1.50662 0.1 0.1 -0.000809709 0.0483675 0 0 -0.00185409 0.000712878 0.04
