-0.416091 -1.8429 0.1 0.1 0.0167519 0.078566 0 0 0 0 0
-0.84188 -1.88911 0.1 0.1 -12.0417 -1.38157 0 0 -0.892211 -0.107762 0.07
-1.33937 -1.14701 0.1 0.1 1.85822 15.9342 0 0 0.670746 0.903105 0.1
-0.796038 -0.350399 0.1 0.1 8.89229 0.25927 0 0 0.379072 -0.743946 0.1
-0.588151 -0.649261 0.1 0.1 -1.8557 -10.1177 0 0 -0.879613 -0.890145 0.06
-0.506603 -1.56805 0.1 0.1 4.11608 -16.0638 0 0 0.43277 -0.490311 0.07
0.022336 -2.97329 0.1 0.1 10.9177 -23.9931 0 0 0.523877 -0.666862 0.07
1.97272 -2.64 0.1 0.1 27.8064 12.2558 0 0 0.942171 0.717182 0.1
3.27856 -1.9701 0.1 0.1 10.3769 14.5224 0 0 0.0926466 0.293025 0.05
3.23295 -1.43051 0.1 0.1 -5.75697 12.47 0 0 -0.800855 -0.189413 0.04
3.13643 -1.1543 0.1 0.1 -3.90117 15.1423 0 0 0.440408 0.737313 0.02
2.46417 -0.0341249 0.1 0.1 -15.1741 16.8431 0 0 -0.854016 0.201204 0.07
2.13008 0.331621 0.1 0.1 -18.2253 19.7218 0 0 -0.846839 0.810992 0.02
1.74768 0.685575 0.1 0.1 -20.0087 15.6869 0 0 -0.542101 -0.92039 0.02
1.55078 0.838121 0.1 0.1 -19.3725 14.8237 0 0 0.220126 -0.355011 0.01
1.3541 0.982455 0.1 0.1 -19.9619 14.0445 0 0 -0.393148 -0.317253 0.01
0.361613 1.63024 0.1 0.1 -0.214942 -0.839063 0 0 0.938428 -0.711581 0.1
0.357774 1.62914 0.1 0.1 -0.16915 0.724574 0 0 0.0105582 0.390706 0.02
0.35496 1.63389 0.1 0.1 -0.393158 0.225369 0 0 -0.113524 -0.24729 0.01
0.353018 1.64454 0.1 0.1 0.291473 0.30671 0 0 0.0853935 0.0115145 0.04
0.353685 1.65092 0.1 0.1 -0.223003 0.331472 0 0 -0.128535 0.00776701 0.02
0.351351 1.65273 0.1 0.1 -0.243811 0.0311771 0 0 -0.0116014 -0.149269 0.01
0.348265 1.65461 0.1 0.1 -0.0654154 0.15641 0 0 0.0438611 0.0317906 0.02
0.347007 1.65529 0.1 0.1 -0.186021 -0.020251 0 0 -0.0609842 -0.0880155 0.01
0.345348 1.65534 0.1 0.1 -0.145746 0.029872 0 0 0.0193247 0.0250933 0.01
0.344551 1.65623 0.1 0.1 -0.0140014 0.148179 0 0 0.0655253 0.0596195 0.01
0.343906 1.65674 0.1 0.1 -0.11471 -0.0469439 0 0 -0.0507238 -0.0973338 0.01
0.343493 1.65629 0.1 0.1 0.0728031 0.00235807 0 0 0.0468071 0.0122238 0.02
