0.696428 2.5595 0.1 0.1 0.0709069 -0.0822443 0 0 0 0 0
0.291391 2.5857 0.1 0.1 -11.5084 0.819877 0 0 -0.856283 0.0663544 0.07
0.168101 2.58529 0.1 0.1 -13.1467 -0.898051 0 0 -0.881045 -0.859216 0.01
-0.929411 2.31197 0.1 0.1 -23.3343 -8.14077 0 0 -0.940858 -0.626205 0.06
-2.12176 1.70513 0.1 0.1 -24.3495 -16.0672 0 0 -0.221579 -0.852929 0.05
-2.35905 1.53777 0.1 0.1 -23.1121 -17.4025 0 0 0.499191 -0.750706 0.01
-2.81831 1.18147 0.1 0.1 -22.814 -18.2245 0 0 -0.0414853 -0.294035 0.02
-3.05233 0.994829 0.1 0.1 -23.9888 -19.1025 0 0 -0.706244 -0.532022 0.01
-3.16336 -0.21498 0.1 0.1 0.851806 -7.94223 0 0 -0.285393 0.553392 0.09
-2.23944 -0.633059 0.1 0.1 17.3524 -0.541781 0 0 0.87222 0.34942 0.1
-1.8723 -0.623173 0.1 0.1 19.3548 1.5236 0 0 0.593109 0.518863 0.02
-0.986572 -0.20102 0.1 0.1 6.1063 10.4335 0 0 -0.883757 0.666239 0.07
-0.474248 0.707949 0.1 0.1 6.69476 12.2662 0 0 0.068807 0.171403 0.08
-0.209045 1.17807 0.1 0.1 2.18964 3.49212 0 0 -0.35401 -0.692218 0.06
-0.104578 1.27984 0.1 0.1 1.30138 -0.0643281 0 0 -0.065459 -0.287956 0.06
-0.100876 1.28079 0.1 0.1 -0.557767 0.254945 0 0 -0.928438 0.159923 0.01
-0.103495 1.2824 0.1 0.1 0.0329054 0.0676297 0 0 0.294243 -0.0927985 0.01
-0.103689 1.2841 0.1 0.1 -0.0454442 0.045501 0 0 -0.013102 -0.00340928 0.03
-0.10324 1.28632 0.1 0.1 0.059364 0.0286055 0 0 0.00877814 -0.00122131 0.06
-0.100195 1.28714 0.1 0.1 0.00906255 -0.00962456 0 0 -0.00262809 -0.00207889 0.09
