0.437306 -2.13356 0.1 0.1 0.0569673 0.0858149 0 0 0 0 0
0.665664 -2.20265 0.1 0.1 7.48085 -2.36396 0 0 0.63794 -0.209925 0.06
0.965287 -2.66712 0.1 0.1 2.55539 -13.0122 0 0 -0.385656 -0.92624 0.06
1.0455 -2.91643 0.1 0.1 5.45614 -11.9225 0 0 0.745453 0.210113 0.02
2.3415 -2.56839 0.1 0.1 20.2164 13.8274 0 0 0.803028 0.980113 0.1
2.54353 -2.42549 0.1 0.1 20.1907 14.7521 0 0 0.088685 0.533601 0.01
2.74759 -2.2817 0.1 0.1 20.6199 14.007 0 0 0.317319 -0.301062 0.01
2.99595 -0.0290067 0.1 0.1 -8.63454 30.7665 0 0 -0.671332 0.950418 0.1
2.803 0.590788 0.1 0.1 -10.653 31.2114 0 0 -0.553473 0.266053 0.02
2.43255 1.4336 0.1 0.1 -14.028 25.0068 0 0 -0.625108 -0.893826 0.03
1.54877 2.88576 0.1 0.1 -21.2631 33.0126 0 0 -0.812033 0.946135 0.05
-0.0839363 2.5944 0.1 0.1 -11.5509 -14.3139 0 0 0.404146 -0.887174 0.1
-0.28728 2.28917 0.1 0.1 -8.79263 -16.2024 0 0 0.63858 -0.548457 0.02
-0.54083 1.57948 0.1 0.1 2.9793 0.185769 0 0 0.640243 0.871284 0.09
-0.502072 1.56355 0.1 0.1 0.903422 -1.773 0 0 -0.509717 -0.493846 0.02
-0.491301 1.55519 0.1 0.1 1.2501 0.0987891 0 0 0.179008 0.931911 0.01
-0.485963 1.55401 0.1 0.1 -0.180028 -0.334295 0 0 -0.712925 -0.217296 0.01
-0.485189 1.54954 0.1 0.1 0.229604 0.0343678 0 0 0.0684591 0.0607214 0.03
-0.483826 1.55072 0.1 0.1 0.0431547 0.200961 0 0 -0.0925935 0.0838833 0.01
-0.482931 1.55195 0.1 0.1 0.0463776 -0.0765347 0 0 0.00101784 -0.0690769 0.02
-0.482575 1.55119 0.1 0.1 0.0248841 -0.0760958 0 0 -0.0105761 -0.000163996 0.01
-0.48154 1.55051 0.1 0.1 0.0783916 0.00775966 0 0 0.0136485 0.0207997 0.02
-0.481375 1.55064 0.1 0.1 -0.045096 0.0182526 0 0 -0.0617028 0.0053015 0.01
