-1.8073 2.85968 0.1 0.1 -0.056228 0.0908629 0 0 0 0 0
-1.83755 2.98101 0.1 0.1 -0.943346 3.91539 0 0 -0.0764798 0.32888 0.06
-2.0991 3.01147 0.1 0.1 -9.44749 -0.584544 0 0 -0.87676 -0.0951829 0.05
-3.05234 2.97217 0.1 0.1 -14.3185 -0.40068 0 0 -0.364097 0.00907408 0.08
-2.78067 3.00722 0.1 0.1 12.3423 -0.152695 0 0 0.848324 0.772434 0.1
-1.84457 2.31306 0.1 0.1 8.51729 -15.0497 0 0 -0.160502 -0.866274 0.09
-1.35341 1.37846 0.1 0.1 7.86163 -16.0933 0 0 -0.0137366 -0.16481 0.06
-1.42305 -0.745028 0.1 0.1 -9.15574 -30.873 0 0 -0.950504 -0.939519 0.09
-1.7221 -2.79622 0.1 0.1 -0.893416 -37.434 0 0 0.665314 -0.717705 0.06
-1.33437 -2.70201 0.1 0.1 8.49051 13.3151 0 0 0.488638 0.653846 0.1
-0.821932 -1.85202 0.1 0.1 11.9762 20.6238 0 0 0.40051 0.81592 0.05
-0.406686 -1.16147 0.1 0.1 15.6875 25.3888 0 0 0.689579 0.909298 0.03
0.137595 0.85675 0.1 0.1 -4.46118 15.1457 0 0 -0.981197 -0.411733 0.1
-0.0830681 1.45181 0.1 0.1 -1.1006 -0.0663915 0 0 0.196165 -0.91367 0.08
-0.0901957 1.45013 0.1 0.1 -0.32623 -0.268754 0 0 0.383884 -0.10196 0.01
-0.0929274 1.45014 0.1 0.1 -0.220285 0.270988 0 0 0.0516995 0.269936 0.01
-0.0922713 1.451 0.1 0.1 0.350563 -0.0989845 0 0 0.285925 -0.184533 0.01
-0.0847799 1.44532 0.1 0.1 0.149867 -0.278688 0 0 -0.0322312 -0.0309088 0.03
-0.0824543 1.44341 0.1 0.1 0.314983 -0.105005 0 0 0.0837991 0.0859148 0.01
-0.0813906 1.44076 0.1 0.1 -0.241295 -0.071449 0 0 -0.0926032 0.00513431 0.03
-0.08275 1.44101 0.1 0.1 -0.0309182 0.121664 0 0 0.104606 0.0967209 0.01
-0.0824134 1.44269 0.1 0.1 0.0437565 -0.0532465 0 0 0.00750312 -0.0173252 0.05
-0.0821567 1.4427 0.1 0.1 0.00764545 0.0559941 0 0 -0.0179295 0.0546334 0.01
-0.0821793 1.44343 0.1 0.1 -0.00983995 0.0164761 0 0 -0.0043822 -0.00970122 0.02
-0.0821807 1.44449 0.1 0.1 0.00957218 0.013849 0 0 0.00138746 -0.000111674 0.07
