2.95783 2.11717 0.1 0.1 -0.0993512 -0.00181339 0 0 0 0 0
3.16869 1.47973 0.1 0.1 -0.548291 -12.5376 0 0 0.462482 -0.658781 0.1
3.05502 0.516371 0.1 0.1 -3.21341 -19.5048 0 0 -0.232206 -0.661034 0.06
3.13579 -0.511222 0.1 0.1 6.36382 -21.5816 0 0 0.966742 -0.310116 0.05
2.74187 -2.83314 0.1 0.1 -12.5028 -29.8937 0 0 -0.916647 -0.591096 0.09
1.73697 -2.8748 0.1 0.1 -9.86821 9.25472 0 0 0.0905003 0.484248 0.09
1.41279 -2.056 0.1 0.1 -1.02748 17.9514 0 0 0.710021 0.793063 0.06
0.877367 0.0281571 0.1 0.1 -10.7239 28.21 0 0 -0.568531 0.685649 0.09
0.514412 2.45221 0.1 0.1 2.46443 25.6965 0 0 0.712626 -0.00481082 0.09
0.560063 3.19903 0.1 0.1 -0.165725 0.520981 0 0 -0.323189 0.177145 0.04
0.54733 3.01461 0.1 0.1 -0.117754 -0.512821 0 0 0.00196089 0.505809 0.09
0.543531 3.00171 0.1 0.1 0.020905 -0.0208839 0 0 0.00842952 0.30958 0.08
0.279383 3.00156 0.1 0.1 -7.4805 0.000905143 0 0 -0.554816 0.397178 0.07
0.0360607 3.00208 0.1 0.1 0.436104 0.00309035 0 0 0.548232 0.54001 0.07
0.051331 3.00381 0.1 0.1 -0.121409 0.00295235 0 0 -0.0271191 0.970154 0.1
0.0483594 3.00349 0.1 0.1 -0.076923 -0.0129633 0 0 0.00692108 0.762921 0.03
0.0478701 3.00325 0.1 0.1 -0.0210327 -0.0319389 0 0 0.0277079 0.409938 0.01
0.0477344 3.00275 0.1 0.1 0.0118229 -0.00721335 0 0 0.0054545 0.65067 0.03
0.0477179 3.00271 0.1 0.1 -0.0150851 -0.00181763 0 0 -0.0134658 0.693345 0.01
0.047604 3.00251 0.1 0.1 0.0103193 -0.00245324 0 0 0.00252969 0.611376 0.05
0.0476643 3.0024 0.1 0.1 -0.00424209 -0.00674855 0 0 -0.00362614 0.536248 0.02
-0.0494585 2.08547 0.1 0.1 -1.90508 -18.0314 0 0 -0.100001 -0.947232 0.1
-0.0858654 1.28671 0.1 0.1 1.04992 0.0105212 0 0 0.162306 0.958156 0.09
-0.0674848 1.27646 0.1 0.1 -0.422518 -0.348611 0 0 -0.121277 -0.0308156 0.06
-0.068382 1.27668 0.1 0.1 0.241983 0.391584 0 0 0.332159 0.37035 0.01
-0.0677723 1.27836 0.1 0.1 -0.119443 -0.0543644 0 0 -0.180608 -0.222214 0.01
-0.067979 1.27772 0.1 0.1 0.077773 -0.0747327 0 0 0.0985821 -0.0104855 0.01
-0.0662461 1.2768 0.1 0.1 0.0954582 -0.0170254 0 0 0.00486152 0.0142015 0.02
-0.0658021 1.27702 0.1 0.1 -0.00648542 0.0612668 0 0 -0.0507818 0.0392517 0.01
-0.0659854 1.27729 0.1 0.1 -0.0301357 -0.00912142 0 0 -0.0119347 -0.0350729 0.01
