1.83809 -0.659675 0.1 0.1 0.0551248 -0.0795927 0 0 0 0 0
1.83695 -0.66206 0.1 0.1 -0.283958 -0.397045 0 0 -0.170344 -0.160005 0.01
1.86497 -0.138182 0.1 0.1 0.967742 13.3113 0 0 0.0804015 0.889688 0.08
1.77331 1.03404 0.1 0.1 -3.53359 20.1016 0 0 -0.328338 0.56872 0.07
1.72569 1.87432 0.1 0.1 1.12227 21.9006 0 0 0.576086 0.330075 0.04
1.88399 3.02839 0.1 0.1 5.1756 20.0118 0 0 0.420905 0.349687 0.05
1.99254 2.52843 0.1 0.1 -2.8694 -14.6671 0 0 -0.396885 -0.885574 0.1
1.86024 1.79954 0.1 0.1 -3.73919 -21.7304 0 0 -0.125763 -0.974181 0.04
2.06887 -0.126376 0.1 0.1 8.78506 -26.3564 0 0 0.79608 -0.409306 0.08
2.94947 -2.61089 0.1 0.1 13.1709 -35.6322 0 0 0.329471 -0.735164 0.08
3.07245 -2.9709 0.1 0.1 11.4276 -36.3687 0 0 -0.810273 -0.548344 0.01
3.17628 -3.06368 0.1 0.1 -2.88147 8.89028 0 0 -0.290249 0.77706 0.06
2.65446 -1.81206 0.1 0.1 -10.0682 22.223 0 0 -0.481912 0.911628 0.08
2.25511 -0.90081 0.1 0.1 -9.9003 23.3319 0 0 -0.0288156 0.252445 0.04
1.4015 0.240078 0.1 0.1 -18.4678 14.7829 0 0 -0.786139 -0.617771 0.06
1.03565 0.553101 0.1 0.1 -18.1179 16.5136 0 0 -0.00359581 0.511187 0.02
0.229756 1.25348 0.1 0.1 -0.0604403 -0.69056 0 0 0.959143 -0.916673 0.09
0.22897 1.22743 0.1 0.1 0.0206441 -0.612318 0 0 0.0100477 0.00652856 0.04
0.230253 1.22616 0.1 0.1 0.235469 0.357072 0 0 0.108262 0.484171 0.01
0.241715 1.23165 0.1 0.1 0.336952 -0.0795894 0 0 0.014115 -0.0539025 0.04
0.243516 1.22973 0.1 0.1 0.0238859 -0.305419 0 0 -0.155789 -0.113936 0.01
0.24407 1.22879 0.1 0.1 0.0314113 0.209517 0 0 0.00205293 0.128521 0.02
0.244312 1.23037 0.1 0.1 0.0170045 0.108509 0 0 -0.00710085 -0.0497199 0.01
0.244089 1.23103 0.1 0.1 -0.0612855 0.0222231 0 0 -0.0392991 -0.0428335 0.01
0.243702 1.23132 0.1 0.1 0.0349902 -0.0028781 0 0 0.0159937 -0.00413226 0.03
