2.83059 -2.04261 0.1 0.1 -0.00324278 0.0227098 0 0 0 0 0
3.0748 -2.01899 0.1 0.1 9.69065 0.91467 0 0 0.994295 0.0916147 0.05
2.73598 -2.47177 0.1 0.1 -12.6706 -9.79213 0 0 -0.897446 -0.558179 0.1
2.45051 -2.64904 0.1 0.1 -15.8661 -7.94138 0 0 -0.870309 0.418335 0.02
1.17467 -3.04434 0.1 0.1 -20.5313 0.1318 0 0 -0.424399 0.118616 0.07
-0.883899 -3.00505 0.1 0.1 -25.1456 0.0991905 0 0 -0.370781 -0.656321 0.09
-1.95376 -3.00169 0.1 0.1 -28.3264 0.0508567 0 0 -0.531428 -0.0730983 0.04
-3.30567 -2.40306 0.1 0.1 4.18175 14.7189 0 0 -0.746258 0.954149 0.08
-3.1482 -1.93403 0.1 0.1 6.30506 16.5406 0 0 0.380669 0.381838 0.03
-2.4146 -0.549304 0.1 0.1 9.94321 14.2651 0 0 0.243471 -0.0495224 0.09
-1.84185 0.269713 0.1 0.1 12.9426 18.4604 0 0 0.357792 0.501601 0.05
-1.59845 0.669333 0.1 0.1 11.4026 21.4915 0 0 -0.324716 0.857743 0.02
-1.33472 1.12615 0.1 0.1 14.9591 24.1813 0 0 0.955145 0.787183 0.02
-0.967943 1.888 0.1 0.1 9.51957 26.5968 0 0 -0.847378 0.529621 0.03
-0.676815 2.73857 0.1 0.1 9.88661 30.0899 0 0 0.108683 0.724126 0.03
-0.18665 3.03104 0.1 0.1 0.0803275 -1.09994 0 0 -0.465899 0.704402 0.1
-0.140485 3.00224 0.1 0.1 1.06071 -0.0493476 0 0 0.0641717 0.27585 0.08
-0.0908211 3.00152 0.1 0.1 0.05797 0.00014222 0 0 -0.0529628 0.382551 0.09
-0.0896974 3.0022 0.1 0.1 0.0171459 0.025513 0 0 -0.00661861 0.76384 0.03
-0.0892817 3.00224 0.1 0.1 0.0244027 -0.0102126 0 0 0.00191896 0.410911 0.02
-0.0543195 2.40543 0.1 0.1 0.742162 -13.0567 0 0 0.0418245 -0.75809 0.09
-0.028268 1.81543 0.1 0.1 -0.150421 -0.246286 0 0 -0.0481541 0.679034 0.09
-0.0320941 1.81417 0.1 0.1 -0.231921 0.118949 0 0 -0.0213323 0.0910068 0.02
-0.0381748 1.81267 0.1 0.1 -0.0731694 -0.191707 0 0 0.0190906 -0.0390234 0.04
-0.0388299 1.81249 0.1 0.1 -0.057889 0.15351 0 0 0.00733785 0.172545 0.01
-0.0387436 1.81392 0.1 0.1 0.0749427 0.132988 0 0 0.0664961 -0.00953864 0.01
-0.0378237 1.81491 0.1 0.1 0.108971 0.0659914 0 0 0.0174797 -0.0330048 0.01
-0.0367914 1.81543 0.1 0.1 0.0975026 0.0370518 0 0 -0.00522298 -0.0142155 0.01
-0.036383 1.81509 0.1 0.1 -0.0156278 -0.104171 0 0 -0.0564021 -0.0707987 0.01
-0.0376488 1.80806 0.1 0.1 -0.0160115 -0.0719899 0 0 -0.000102876 0.00157232 0.08
-0.0376517 1.80748 0.1 0.1 0.0153814 -0.044325 0 0 0.0157058 0.0135461 0.01
