-0.621114 -0.129214 0.1 0.1 0.0574727 0.0326908 0 0 0 0 0
-0.742924 -0.0668253 0.1 0.1 -6.1069 3.0665 0 0 -0.786487 0.386788 0.04
-1.23814 0.065142 0.1 0.1 -10.3577 1.34954 0 0 -0.395954 -0.132244 0.06
-2.57813 0.802927 0.1 0.1 -19.2869 14.8424 0 0 -0.570684 0.79063 0.09
-3.22182 2.4787 0.1 0.1 3.07353 26.8929 0 0 0.127069 0.858427 0.08
-3.18676 2.75078 0.1 0.1 3.93683 27.5222 0 0 0.448799 0.450745 0.01
-2.38471 2.73466 0.1 0.1 11.9704 -11.0603 0 0 0.441952 -0.722551 0.1
-1.23702 1.74066 0.1 0.1 20.7174 -17.2683 0 0 0.707229 -0.514246 0.07
-1.0295 1.56692 0.1 0.1 20.7863 -17.4809 0 0 0.138711 -0.192748 0.01
-0.61608 1.19964 0.1 0.1 20.5568 -19.2411 0 0 0.0462782 -0.531487 0.02
0.0515183 0.551213 0.1 0.1 23.9329 -23.9634 0 0 0.67466 -0.894683 0.03
1.27993 -1.87295 0.1 0.1 6.99904 -36.4739 0 0 -0.982638 -0.93392 0.08
1.4026 -2.58638 0.1 0.1 5.27409 -34.8746 0 0 -0.400028 0.221485 0.02
1.20671 -2.93387 0.1 0.1 -8.95512 5.60362 0 0 -0.721486 0.137414 0.1
0.592876 -1.50636 0.1 0.1 -3.41615 22.6621 0 0 0.246472 0.92443 0.1
0.53208 -0.78426 0.1 0.1 -0.651047 25.464 0 0 0.4517 0.587531 0.03
0.0720704 0.834708 0.1 0.1 -9.4391 10.7337 0 0 -0.51453 -0.72871 0.09
-0.125406 1.13958 0.1 0.1 -3.75422 9.59695 0 0 0.915413 -0.13836 0.03
-0.284642 1.54156 0.1 0.1 -0.273152 0.572975 0 0 0.207653 -0.538921 0.08
-0.285608 1.54386 0.1 0.1 0.07934 -0.113311 0 0 0.175824 -0.342025 0.01
-0.284883 1.54316 0.1 0.1 0.0656959 -0.0254702 0 0 -0.0064564 0.0435804 0.01
-0.284993 1.54282 0.1 0.1 -0.0762996 -0.00870689 0 0 -0.0355505 0.00409989 0.02
-0.286065 1.54176 0.1 0.1 0.00448434 -0.0616501 0 0 0.0132932 -0.00899954 0.03
