2.64851 -2.25288 0.1 0.1 0.0896404 0.0878396 0 0 0 0 0
2.8442 -2.13353 0.1 0.1 6.37038 3.85294 0 0 0.539955 0.323768 0.06
3.20444 -2.306 0.1 0.1 -1.68621 -8.00644 0 0 0.564877 -0.752185 0.08
2.53503 -3.08733 0.1 0.1 -11.5375 0.627222 0 0 -0.526133 -0.183092 0.1
2.41432 -3.07571 0.1 0.1 -12.6019 1.48863 0 0 -0.5927 -0.350822 0.01
1.82419 -3.01953 0.1 0.1 -16.8761 1.08672 0 0 -0.608186 -0.0794476 0.04
0.708605 -2.05266 0.1 0.1 -5.62392 17.9693 0 0 0.506973 0.892567 0.1
0.190523 -1.21727 0.1 0.1 -15.0199 15.4677 0 0 -0.99213 -0.166945 0.05
-0.717387 -0.244287 0.1 0.1 -15.2419 16.9499 0 0 -0.094302 0.204458 0.06
-2.87298 2.09698 0.1 0.1 -27.6669 29.6597 0 0 -0.729059 0.752841 0.1
-3.07468 3.06948 0.1 0.1 7.96665 -5.22402 0 0 0.704187 -0.948436 0.08
-2.99534 3.01175 0.1 0.1 7.90135 -6.31909 0 0 0.00704377 -0.576485 0.01
-2.81273 1.89577 0.1 0.1 -4.04803 -15.8416 0 0 -0.588642 -0.532004 0.1
-2.88199 1.16 0.1 0.1 0.554334 -20.9132 0 0 0.566496 -0.725919 0.04
-2.40353 -1.00503 0.1 0.1 9.93558 -27.1054 0 0 0.548107 -0.464182 0.09
-1.90889 -2.21758 0.1 0.1 14.7644 -33.4794 0 0 0.665872 -0.948517 0.04
-1.6148 -2.90011 0.1 0.1 14.6445 -34.7696 0 0 0.0436547 -0.493359 0.02
0.588986 -2.56154 0.1 0.1 29.1859 15.3976 0 0 0.837453 0.93437 0.1
0.885221 -2.41018 0.1 0.1 30.0596 14.8748 0 0 0.585857 -0.186373 0.01
3.13232 -1.02427 0.1 0.1 34.092 24.6102 0 0 0.450478 0.793512 0.07
3.19009 0.289105 0.1 0.1 -9.4121 19.2147 0 0 -0.864647 -0.341563 0.06
1.6712 1.47298 0.1 0.1 -20.7785 4.70257 0 0 -0.644822 -0.666472 0.1
0.527578 1.60663 0.1 0.1 -7.98194 -1.28034 0 0 0.728848 -0.365268 0.08
0.249079 1.57067 0.1 0.1 -0.0675127 0.235399 0 0 0.545818 0.105837 0.07
0.249023 1.57174 0.1 0.1 0.056027 -0.0214359 0 0 0.0617616 -0.127895 0.01
0.250036 1.57172 0.1 0.1 0.0453467 0.0198666 0 0 -0.00241675 0.0103234 0.02
0.250071 1.57195 0.1 0.1 -0.0383159 0.0258407 0 0 -0.0418421 0.00309465 0.01
0.249886 1.57236 0.1 0.1 0.00137554 0.054578 0 0 0.0197695 0.0145757 0.01
0.249991 1.57292 0.1 0.1 0.00278857 -0.0313984 0 0 0.000150356 -0.00854295 0.05
0.250026 1.57271 0.1 0.1 0.00420355 -0.0103957 0 0 0.000727268 0.0103989 0.01
