2.11124 1.98243 0.1 0.1 -0.00190641 0.0238735 0 0 0 0 0
2.08863 1.77448 0.1 0.1 -0.894685 -8.27277 0 0 -0.0916982 -0.850612 0.05
1.77278 0.87414 0.1 0.1 -6.04623 -11.6836 0 0 -0.304183 -0.239591 0.09
1.50426 0.396929 0.1 0.1 -7.37116 -12.1736 0 0 -0.199566 -0.120939 0.04
0.628472 -0.0850228 0.1 0.1 -17.5331 -1.71829 0 0 -0.78896 0.712236 0.07
-1.38661 0.486387 0.1 0.1 -27.1037 14.1767 0 0 -0.643846 0.914814 0.09
-3.33876 1.96542 0.1 0.1 2.89255 18.6223 0 0 -0.337857 0.32997 0.09
-3.30026 2.15962 0.1 0.1 4.7454 20.2151 0 0 0.915212 0.893743 0.01
-3.22358 2.53659 0.1 0.1 2.90235 17.491 0 0 -0.563959 -0.58689 0.02
-2.65853 3.07566 0.1 0.1 13.1222 -3.03475 0 0 0.770529 -0.625616 0.07
-1.5746 3.00709 0.1 0.1 22.9107 -0.236493 0 0 0.906237 0.459778 0.06
-0.609476 2.96332 0.1 0.1 25.3294 -1.94084 0 0 0.423067 -0.218468 0.04
1.13124 2.55367 0.1 0.1 32.6208 -11.6185 0 0 0.753009 -0.840455 0.06
2.62601 1.78265 0.1 0.1 27.2152 -19.1594 0 0 -0.390762 -0.830579 0.05
3.24114 0.0812964 0.1 0.1 -3.16169 -29.3312 0 0 0.134644 -0.848497 0.07
2.1899 -2.371 0.1 0.1 -19.9544 -25.2259 0 0 -0.990925 0.0914998 0.09
1.82491 -2.89175 0.1 0.1 -16.5551 -26.8437 0 0 0.759705 -0.534908 0.02
0.864271 -2.57371 0.1 0.1 -2.88624 14.3826 0 0 0.635517 0.945356 0.1
0.706224 -1.48895 0.1 0.1 -2.38793 21.7031 0 0 0.0286464 0.700543 0.06
0.547726 -0.816083 0.1 0.1 -8.14931 23.1474 0 0 -0.987139 0.352625 0.03
0.368975 0.198943 0.1 0.1 0.923966 17.5005 0 0 0.890287 -0.46296 0.05
0.199082 1.32072 0.1 0.1 -4.61738 7.57656 0 0 -0.317832 -0.489194 0.09
0.0519196 1.54173 0.1 0.1 -0.330856 -0.132564 0 0 0.345086 -0.624043 0.06
0.0482723 1.5367 0.1 0.1 -0.0348625 -0.369745 0 0 0.0731273 -0.0605499 0.02
0.0491059 1.53403 0.1 0.1 0.201186 -0.163504 0 0 0.118542 0.101827 0.01
0.0532769 1.53011 0.1 0.1 -0.0324011 0.0049834 0 0 -0.0229549 0.0164547 0.05
