0.0718987 -0.247407 0.1 0.1 0.0513518 -0.0631403 0 0 0 0 0
-0.307295 -0.432441 0.1 0.1 -7.50953 -3.57895 0 0 -0.397477 -0.185224 0.1
-1.44058 -0.0439278 0.1 0.1 -17.5242 11.9793 0 0 -0.619633 0.885817 0.09
-2.95293 0.564104 0.1 0.1 -25.5925 5.46796 0 0 -0.685056 -0.421796 0.07
-3.06009 1.47588 0.1 0.1 4.91194 12.6551 0 0 0.132783 0.40559 0.1
-2.0359 2.47808 0.1 0.1 15.3972 7.47494 0 0 0.575433 -0.2088 0.1
-1.28941 2.95769 0.1 0.1 14.4703 11.6748 0 0 -0.0182507 0.468124 0.05
0.677225 2.57914 0.1 0.1 24.6915 -12.548 0 0 0.609629 -0.850531 0.1
2.10447 1.53693 0.1 0.1 22.9011 -22.0973 0 0 -0.0299224 -0.882265 0.06
2.52478 1.08986 0.1 0.1 19.1421 -22.6075 0 0 -0.834985 -0.239076 0.02
3.23706 -1.12656 0.1 0.1 -2.83777 -32.6674 0 0 0.39343 -0.767805 0.08
2.97536 -2.49261 0.1 0.1 -10.1993 -35.6159 0 0 -0.951921 -0.53955 0.04
2.86446 -2.83787 0.1 0.1 -11.9789 -33.4387 0 0 -0.944593 0.916119 0.01
1.26797 -3.03132 0.1 0.1 -23.329 1.08187 0 0 -0.719467 -0.732571 0.09
0.776952 -3.01589 0.1 0.1 -25.7651 0.520052 0 0 -0.731934 -0.757188 0.02
-2.02295 -2.54546 0.1 0.1 -36.296 9.79707 0 0 -0.740892 0.541304 0.09
-3.04171 -2.30429 0.1 0.1 -31.6449 6.29825 0 0 0.605316 -0.543866 0.03
-3.27253 -2.23507 0.1 0.1 -12.1921 7.54354 0 0 0.936877 0.657185 0.01
-3.09019 -1.44996 0.1 0.1 4.59289 12.0249 0 0 0.121176 0.329245 0.08
-2.40542 -0.279743 0.1 0.1 14.8511 21.3014 0 0 0.782979 0.746453 0.07
-2.2533 -0.058425 0.1 0.1 15.5719 22.9594 0 0 0.43744 0.939888 0.01
-1.18233 1.29702 0.1 0.1 6.00525 4.45728 0 0 -0.425814 -0.857579 0.1
-1.05959 1.38631 0.1 0.1 0.170395 0.0367421 0 0 -0.714728 -0.541649 0.04
-0.661941 1.47849 0.1 0.1 11.0642 2.56744 0 0 0.807128 0.187587 0.07
-0.454131 1.51399 0.1 0.1 9.72127 0.987669 0 0 -0.284136 -0.386082 0.02
0.0559027 1.5817 0.1 0.1 0.63066 0.376851 0 0 -0.429357 -0.0272056 0.1
0.0585407 1.58421 0.1 0.1 -0.101838 0.126117 0 0 -0.3652 -0.124194 0.01
0.0567676 1.58576 0.1 0.1 -0.0755564 0.0290617 0 0 0.00612756 -0.0238798 0.02
0.0563353 1.58602 0.1 0.1 -0.0110127 0.0230538 0 0 0.032077 -0.00286872 0.01
0.0562223 1.58605 0.1 0.1 -0.0116022 -0.0170088 0 0 -0.000354904 -0.0200199 0.01
