1.76237 2.77873 0.1 0.1 0.0535579 -0.0517595 0 0 0 0 0
1.73137 2.811 0.1 0.1 -3.14264 3.26702 0 0 -0.80704 0.837931 0.02
1.70487 2.84996 0.1 0.1 -2.1595 4.52277 0 0 0.478428 0.647451 0.01
1.16901 3.01657 0.1 0.1 -9.6364 -0.471653 0 0 -0.445244 0.735321 0.09
1.03174 3.00169 0.1 0.1 6.6202 -0.012912 0 0 0.806167 0.347591 0.1
1.52714 3.00187 0.1 0.1 13.1413 0.00491597 0 0 0.701816 0.503618 0.05
2.56215 2.82085 0.1 0.1 21.2774 -5.97929 0 0 0.764475 -0.513812 0.06
3.0292 1.3459 0.1 0.1 -8.71471 -23.231 0 0 -0.904494 -0.936459 0.1
2.56086 0.303952 0.1 0.1 -14.663 -28.8291 0 0 -0.803979 -0.830254 0.04
2.12932 -0.592932 0.1 0.1 -14.1108 -30.9524 0 0 0.0203482 -0.503426 0.03
1.11281 -2.64067 0.1 0.1 -19.7192 -37.2429 0 0 -0.550361 -0.695286 0.06
-1.05519 -2.79988 0.1 0.1 -28.3283 12.358 0 0 -0.598888 0.932767 0.09
-2.54016 -1.9876 0.1 0.1 -31.0469 20.0702 0 0 -0.420955 0.851948 0.05
-2.99736 0.812447 0.1 0.1 10.365 35.669 0 0 0.72727 0.92036 0.1
-1.89289 2.80411 0.1 0.1 21.0634 21.4026 0 0 0.841863 -0.876648 0.07
-0.39174 2.64738 0.1 0.1 9.15779 -13.1147 0 0 -0.520322 -0.944098 0.1
-0.202423 2.35878 0.1 0.1 9.7718 -15.7366 0 0 0.200926 -0.727677 0.02
0.19579 1.74086 0.1 0.1 0.309827 0.0780245 0 0 -0.566682 0.949937 0.08
0.196762 1.74245 0.1 0.1 -0.11461 0.240045 0 0 -0.211851 0.0817912 0.01
0.19773 1.74351 0.1 0.1 0.307426 -0.0275898 0 0 0.211612 -0.133282 0.01
0.200184 1.74275 0.1 0.1 0.183686 -0.125123 0 0 -0.0606869 -0.0491655 0.01
0.200865 1.74249 0.1 0.1 -0.0471848 0.073325 0 0 -0.115152 0.0990969 0.01
0.200282 1.7429 0.1 0.1 -0.0693215 0.00916972 0 0 -0.0113708 -0.0318787 0.01
0.199713 1.74285 0.1 0.1 -0.044662 -0.0186269 0 0 0.0120505 -0.0139228 0.01
0.199373 1.74295 0.1 0.1 -0.023393 0.0387497 0 0 0.0104748 0.0287453 0.01
