-0.713193 -0.923079 0.1 0.1 -0.0283123 -0.0135084 0 0 0 0 0
-1.07436 -0.988404 0.1 0.1 -8.88304 -1.59836 0 0 -0.576533 -0.103344 0.08
-1.39124 -0.937957 0.1 0.1 -6.97381 4.08281 0 0 0.19946 0.716588 0.04
-1.52227 -0.706877 0.1 0.1 0.373594 7.44865 0 0 0.903078 0.449968 0.04
-1.33881 -0.14004 0.1 0.1 6.9098 15.1606 0 0 0.673037 0.828242 0.05
-1.10304 0.348163 0.1 0.1 8.79912 17.3752 0 0 0.354613 0.450675 0.03
-0.405624 1.65481 0.1 0.1 14.3959 26.0922 0 0 0.52428 0.835683 0.06
-0.253393 1.90855 0.1 0.1 16.0474 24.658 0 0 0.900712 -0.589969 0.01
1.01273 3.23818 0.1 0.1 26.0525 0.286025 0 0 0.938887 0.67581 0.06
3.15123 2.73431 0.1 0.1 28.8783 -12.4011 0 0 0.788069 -0.77096 0.07
2.7116 0.766375 0.1 0.1 -14.2763 -26.718 0 0 -0.817751 -0.814353 0.1
1.51732 -2.21319 0.1 0.1 -12.3063 -39.3046 0 0 0.0439975 -0.86494 0.09
0.261127 -3.14898 0.1 0.1 -23.4512 4.39402 0 0 -0.885726 -0.75926 0.07
-2.09238 -2.17065 0.1 0.1 -28.7674 17.1577 0 0 -0.426415 0.76328 0.09
-2.38436 -1.99163 0.1 0.1 -29.6273 18.6445 0 0 -0.576799 0.832215 0.01
-2.68747 -1.79859 0.1 0.1 -30.9911 19.9606 0 0 -0.834564 0.753642 0.01
-2.95733 0.808487 0.1 0.1 11.3599 31.9802 0 0 0.687514 0.731798 0.1
-2.2691 2.59368 0.1 0.1 16.1314 39.3662 0 0 0.544261 0.917498 0.05
-2.09887 2.99348 0.1 0.1 17.912 40.5911 0 0 0.974558 0.812518 0.01
-0.673164 2.76897 0.1 0.1 10.7233 -9.61857 0 0 -0.28812 -0.304667 0.1
-0.344039 2.03235 0.1 0.1 0.352193 -14.8825 0 0 -0.837179 -0.500109 0.06
-0.338856 1.41903 0.1 0.1 -0.215876 -0.640437 0 0 -0.0351392 0.851944 0.08
-0.337844 1.41598 0.1 0.1 0.417213 0.0288203 0 0 0.317357 0.333226 0.01
-0.333289 1.41181 0.1 0.1 -0.229648 -0.19383 0 0 -0.0642838 -0.0226994 0.05
-0.337893 1.40862 0.1 0.1 -0.0780411 -0.0192702 0 0 0.0245254 0.0285731 0.03
-0.338098 1.40844 0.1 0.1 0.0368516 -0.0177252 0 0 0.0573872 0.000692105 0.01
-0.337874 1.40841 0.1 0.1 0.00800155 0.0114899 0 0 -0.0143208 0.0145916 0.01
