-1.90617 -2.30682 0.1 0.1 0.0170277 0.0688853 0 0 0 0 0
-1.82653 -1.50966 0.1 0.1 1.54876 15.6152 0 0 0.0807686 0.817313 0.1
-1.63563 0.541138 0.1 0.1 2.25943 25.2404 0 0 0.0454527 0.583896 0.1
-1.86578 2.50801 0.1 0.1 -8.70857 30.8892 0 0 -0.800901 0.543914 0.07
-2.05029 3.23667 0.1 0.1 -0.572124 -1.73495 0 0 0.994356 -0.645497 0.04
-1.45875 2.63051 0.1 0.1 13.5061 -10.0998 0 0 0.815226 -0.406536 0.09
-0.970066 2.20627 0.1 0.1 10.9453 -11.1057 0 0 -0.259023 -0.178679 0.04
-0.541294 1.74269 0.1 0.1 1.41682 -2.24224 0 0 -0.650237 0.600077 0.07
-0.531289 1.72259 0.1 0.1 0.585525 -1.77933 0 0 -0.410869 0.221384 0.01
-0.515696 1.71225 0.1 0.1 0.97255 0.737166 0 0 0.100804 0.626663 0.02
-0.512004 1.72279 0.1 0.1 -0.232283 1.36923 0 0 -0.600901 0.321272 0.01
-0.541035 1.74223 0.1 0.1 -0.730434 -0.700427 0 0 -0.0439807 -0.170887 0.06
-0.541934 1.74141 0.1 0.1 0.548454 0.53271 0 0 0.639467 0.616348 0.01
-0.530648 1.749 0.1 0.1 0.580039 0.228196 0 0 0.0107117 -0.0742405 0.02
-0.528887 1.7479 0.1 0.1 -0.226474 -0.448044 0 0 -0.402665 -0.338785 0.01
-0.540085 1.73478 0.1 0.1 -0.332681 -0.209317 0 0 -0.0146799 0.0282048 0.04
-0.542932 1.73333 0.1 0.1 -0.236991 -0.0825977 0 0 0.0464593 0.0626481 0.01
-0.546621 1.73095 0.1 0.1 -0.13221 -0.155156 0 0 0.0252866 -0.0187341 0.02
-0.547129 1.73045 0.1 0.1 0.0301742 0.054914 0 0 0.0810019 0.104815 0.01
-0.547335 1.73107 0.1 0.1 -0.0504911 0.00804395 0 0 -0.0202318 -0.0115653 0.02
-0.547608 1.73095 0.1 0.1 0.0230081 -0.0200195 0 0 0.018317 -0.00704471 0.02
