1.96007 -2.41796 0.1 0.1 0.0916887 0.0547556 0 0 0 0 0
1.55707 -2.29756 0.1 0.1 -8.91216 2.58297 0 0 -0.522795 0.147141 0.09
0.451191 -1.46292 0.1 0.1 -15.5625 15.7678 0 0 -0.431169 0.778799 0.09
0.135423 -1.14287 0.1 0.1 -16.0128 16.235 0 0 -0.191847 0.196546 0.02
-1.186 1.13081 0.1 0.1 -10.5078 29.0242 0 0 0.209589 0.753306 0.1
-1.51916 2.97204 0.1 0.1 -0.694334 32.318 0 0 0.790009 0.428073 0.06
-1.42554 3.14051 0.1 0.1 4.39788 -5.24548 0 0 0.518874 -0.247938 0.05
-1.00362 3.01483 0.1 0.1 9.61369 -0.50089 0 0 0.469901 0.800165 0.06
-0.690597 2.98222 0.1 0.1 11.2464 -1.66707 0 0 0.324376 -0.199827 0.03
0.264982 2.41391 0.1 0.1 12.6244 -12.3979 0 0 0.14594 -0.70626 0.08
0.393101 2.28199 0.1 0.1 12.9988 -13.9842 0 0 0.251452 -0.859098 0.01
0.847619 1.81622 0.1 0.1 17.2807 -17.052 0 0 0.789918 -0.588748 0.03
1.61254 1.16365 0.1 0.1 13.3492 -9.11656 0 0 -0.316539 0.728603 0.05
2.14475 -0.467363 0.1 0.1 -2.44121 -23.2671 0 0 -0.763923 -0.789431 0.1
1.72837 -2.15191 0.1 0.1 -11.3535 -32.7896 0 0 -0.777017 -0.934289 0.06
1.4989 -2.83855 0.1 0.1 -11.5926 -35.864 0 0 -0.115914 -0.940461 0.02
0.651261 -2.97895 0.1 0.1 -12.6142 7.97539 0 0 -0.133639 0.751788 0.07
-0.543609 -1.92807 0.1 0.1 -13.9185 15.2686 0 0 -0.138976 0.46352 0.09
-0.67615 -1.778 0.1 0.1 -12.5919 14.7475 0 0 0.597195 -0.1857 0.01
-1.14482 -0.786683 0.1 0.1 -3.12649 18.2606 0 0 0.750432 0.375528 0.06
-0.983047 0.630807 0.1 0.1 6.57729 13.3133 0 0 0.548564 -0.19594 0.09
-0.642108 1.02428 0.1 0.1 10.4438 6.40636 0 0 0.525915 -0.814121 0.04
-0.179287 1.34349 0.1 0.1 -0.997789 0.0833321 0 0 -0.549544 -0.300354 0.1
-0.184071 1.34229 0.1 0.1 0.514347 -0.201865 0 0 0.377118 -0.0715261 0.02
-0.181296 1.34377 0.1 0.1 0.0414423 0.494765 0 0 -0.235172 0.349058 0.01
-0.181704 1.34505 0.1 0.1 -0.122603 -0.237168 0 0 -0.0823716 -0.365407 0.01
-0.18235 1.34285 0.1 0.1 0.0573743 0.0167617 0 0 0.044882 0.0629545 0.02
-0.18104 1.3427 0.1 0.1 -0.0129908 -0.0213133 0 0 -0.00575985 -0.00318709 0.06
