1.97487 -0.886335 0.1 0.1 0.0767312 -0.086289 0 0 0 0 0
1.76994 -1.11839 0.1 0.1 -5.86286 -6.46926 0 0 -0.439387 -0.472718 0.07
1.17075 -1.3786 0.1 0.1 -9.07398 -0.120557 0 0 -0.238152 0.380493 0.08
0.828539 -1.44009 0.1 0.1 -13.7168 -3.95963 0 0 -0.831505 -0.65051 0.03
0.213052 -1.58923 0.1 0.1 -17.0354 -3.50039 0 0 -0.491904 0.0384366 0.04
0.0487114 -1.61448 0.1 0.1 -15.8347 -1.55261 0 0 0.518888 0.961238 0.01
-0.399619 -1.61918 0.1 0.1 -14.0628 1.22559 0 0 0.220862 0.462134 0.03
-0.88949 -1.50127 0.1 0.1 -18.5725 6.60785 0 0 -0.833749 0.916425 0.03
-1.08346 -1.43188 0.1 0.1 -20.2177 7.27037 0 0 -0.920363 0.365448 0.01
-1.28566 -1.35709 0.1 0.1 -20.2227 7.68609 0 0 -0.103801 0.244844 0.01
-1.93376 -1.05586 0.1 0.1 -22.9702 12.3729 0 0 -0.566469 0.83089 0.03
-2.40227 -0.799186 0.1 0.1 -23.8775 13.291 0 0 -0.344468 0.293177 0.02
-3.31912 -0.113253 0.1 0.1 3.19885 9.60535 0 0 -0.841638 -0.24939 0.06
-2.68832 0.643602 0.1 0.1 14.691 11.9911 0 0 0.866786 0.22485 0.07
-1.10237 1.0211 0.1 0.1 24.8214 -2.36324 0 0 0.732431 -0.873156 0.08
0.608062 0.689172 0.1 0.1 13.3604 -4.97248 0 0 -0.542255 -0.163303 0.09
1.13852 0.509317 0.1 0.1 0.0781781 0.404725 0 0 -0.797715 0.324632 0.08
1.1376 0.514083 0.1 0.1 -0.169224 0.0729255 0 0 -0.0621762 -0.0817953 0.02
0.477301 0.903293 0.1 0.1 -12.8265 7.58548 0 0 -0.666365 0.394976 0.1
0.116006 1.48225 0.1 0.1 4.53873 5.31511 0 0 0.945451 -0.0937095 0.09
0.175376 1.56662 0.1 0.1 -0.555456 0.334141 0 0 -0.839906 -0.81639 0.03
0.168566 1.57663 0.1 0.1 -0.126922 0.666408 0 0 0.105519 0.0856039 0.02
0.164969 1.57948 0.1 0.1 -0.591791 -0.0959271 0 0 -0.234456 -0.37985 0.01
0.137243 1.56603 0.1 0.1 -0.032716 -0.201393 0 0 0.0295394 -0.00660198 0.09
0.136042 1.56499 0.1 0.1 -0.207161 -0.00607983 0 0 -0.0878657 0.0971402 0.01
0.135243 1.56428 0.1 0.1 0.0469129 -0.13715 0 0 0.126713 -0.0658828 0.01
0.135686 1.56403 0.1 0.1 0.041713 0.0880074 0 0 -0.00236055 0.112476 0.01
0.135239 1.56489 0.1 0.1 -0.0860046 -0.00152698 0 0 -0.032067 -0.0221776 0.02
0.135007 1.56495 0.1 0.1 0.0392725 0.0120671 0 0 0.0625664 0.00683553 0.01
0.13522 1.56506 0.1 0.1 0.00352471 0.0113026 0 0 -0.0177794 -0.000327013 0.01
