2.24881 1.84757 0.1 0.1 -0.0112482 -0.0631608 0 0 0 0 0
2.07843 1.59845 0.1 0.1 -3.71904 -5.39283 0 0 -0.215641 -0.310005 0.09
2.05076 0.929737 0.1 0.1 2.85184 -13.6175 0 0 0.467511 -0.635235 0.07
2.40095 0.0346471 0.1 0.1 8.7616 -16.1931 0 0 0.522072 -0.28907 0.06
2.49501 -0.125513 0.1 0.1 10.0482 -15.8395 0 0 0.691105 0.0969979 0.01
3.26259 -1.41331 0.1 0.1 -1.97851 -16.3455 0 0 0.619502 -0.11237 0.08
3.00185 -2.211 0.1 0.1 -8.39801 -15.5689 0 0 -0.667955 -0.00221273 0.05
2.52834 -2.93196 0.1 0.1 -15.2324 -20.4467 0 0 -0.913342 -0.700012 0.04
0.500584 -2.67523 0.1 0.1 -29.6128 12.9298 0 0 -0.911893 0.976969 0.09
-0.762125 -2.15385 0.1 0.1 -33.4962 13.1387 0 0 -0.643911 0.0905624 0.04
-1.44519 -1.86196 0.1 0.1 -34.8054 16.0408 0 0 -0.498939 0.797454 0.02
-2.53193 -1.39263 0.1 0.1 -37.6297 15.2525 0 0 -0.653139 -0.054686 0.03
-2.90098 -1.23101 0.1 0.1 -36.1842 17.0666 0 0 0.538028 0.986763 0.01
-2.75403 1.1666 0.1 0.1 15.869 30.6626 0 0 0.944487 0.800504 0.1
-2.40137 1.8105 0.1 0.1 19.3868 33.7176 0 0 0.966062 0.925375 0.02
-1.76234 2.84704 0.1 0.1 23.1944 35.3769 0 0 0.739365 0.449703 0.03
-0.631962 3.05521 0.1 0.1 14.5715 -6.26974 0 0 -0.624457 -0.681065 0.06
0.0816365 2.79988 0.1 0.1 -0.0556863 1.04149 0 0 -0.695873 0.3529 0.1
0.0857572 2.80832 0.1 0.1 0.466024 -0.194104 0 0 0.131503 -0.306847 0.02
0.0868964 2.80893 0.1 0.1 -0.237017 0.314878 0 0 -0.351054 0.254851 0.01
-0.151117 2.286 0.1 0.1 -4.98026 -11.7545 0 0 -0.276861 -0.699679 0.09
-0.408288 1.71064 0.1 0.1 -0.243212 0.0506116 0 0 0.224103 0.561622 0.1
-0.416998 1.71248 0.1 0.1 -0.10631 0.0230956 0 0 0.0128274 -0.0025664 0.05
-0.419314 1.7122 0.1 0.1 0.038454 -0.0303396 0 0 0.0101807 -0.00383566 0.07
-0.418557 1.71198 0.1 0.1 0.0371974 0.00775834 0 0 -0.000123879 0.00946996 0.02
-0.418475 1.71202 0.1 0.1 -0.020549 0.00117719 0 0 -0.0288502 -0.00327293 0.01
-0.418536 1.712 0.1 0.1 0.00812391 -0.00578518 0 0 0.0143139 -0.0034913 0.01
