1.82307 0.542586 0.1 0.1 -0.0635868 0.0112479 0 0 0 0 0
1.81277 0.545955 0.1 0.1 -1.99447 0.661364 0 0 -0.971497 0.326451 0.01
1.15819 1.30047 0.1 0.1 -10.9484 14.2027 0 0 -0.480604 0.714809 0.1
0.853711 1.80308 0.1 0.1 -4.31933 10.9498 0 0 0.791108 -0.343648 0.04
0.752063 2.94939 0.1 0.1 1.34996 21.6771 0 0 0.397732 0.848267 0.07
1.35946 2.61882 0.1 0.1 10.6436 -12.6275 0 0 0.495253 -0.793462 0.1
1.58733 2.334 0.1 0.1 12.1378 -15.8437 0 0 0.430721 -0.875299 0.02
2.52688 0.954594 0.1 0.1 14.6771 -23.4791 0 0 0.248663 -0.643801 0.07
3.15836 -0.0874324 0.1 0.1 13.9066 -28.5868 0 0 0.354733 -0.768762 0.04
2.90357 -2.64888 0.1 0.1 -11.0859 -35.3635 0 0 -0.910056 -0.584188 0.08
0.89322 -2.67203 0.1 0.1 -28.8244 14.8851 0 0 -0.987753 0.931936 0.1
0.613618 -2.51576 0.1 0.1 -27.099 16.366 0 0 0.722795 0.818256 0.01
0.337637 -2.35015 0.1 0.1 -28.0954 16.7565 0 0 -0.636812 0.277529 0.01
0.0567813 -2.18448 0.1 0.1 -28.0759 16.3787 0 0 -0.131224 -0.106752 0.01
-0.849504 -1.73078 0.1 0.1 -32.3216 13.8805 0 0 -0.859768 -0.341812 0.03
-2.84476 -0.598287 0.1 0.1 -34.1688 23.7699 0 0 -0.320983 0.917524 0.06
-3.17981 -0.351991 0.1 0.1 -27.4131 25.4843 0 0 0.495046 0.981242 0.01
-2.60621 2.92035 0.1 0.1 17.0256 39.7341 0 0 0.990371 0.877001 0.1
-1.15779 2.67833 0.1 0.1 15.19 -15.2727 0 0 -0.021391 -0.988694 0.09
-0.430984 1.92619 0.1 0.1 -0.393603 -0.0232909 0 0 -0.743091 0.72501 0.1
-0.434469 1.928 0.1 0.1 0.158493 0.142683 0 0 0.0914865 0.0279766 0.03
-0.432503 1.92899 0.1 0.1 0.234648 0.0570103 0 0 0.0390766 -0.0423411 0.01
-0.429675 1.92943 0.1 0.1 0.0487576 -0.0133444 0 0 -0.0457918 -0.0174876 0.02
-0.197949 1.72973 0.1 0.1 7.59978 -6.57764 0 0 0.648873 -0.563671 0.06
0.0570072 1.50639 0.1 0.1 -0.223878 0.118462 0 0 -0.5409 0.462347 0.07
0.0563597 1.50784 0.1 0.1 0.0938483 0.17205 0 0 0.158657 0.0275549 0.01
0.0568594 1.50897 0.1 0.1 0.00622988 0.0528852 0 0 -0.0436016 -0.0590391 0.01
