-1.08943 -2.45942 0.1 0.1 -0.0227823 -0.0861399 0 0 0 0 0
-0.981011 -2.34218 0.1 0.1 5.40731 5.90815 0 0 0.692585 0.764069 0.04
-0.657722 -1.74181 0.1 0.1 5.36863 14.023 0 0 0.0239677 0.726358 0.06
-0.546956 -1.29593 0.1 0.1 2.03257 15.6945 0 0 -0.537531 0.352836 0.03
-0.256239 -0.765377 0.1 0.1 9.53391 5.61141 0 0 0.779816 -0.955247 0.05
0.727574 0.521304 0.1 0.1 10.1339 19.884 0 0 0.07952 0.778075 0.1
2.33588 3.13569 0.1 0.1 21.8404 26.0818 0 0 0.665049 0.746875 0.1
3.222 3.18791 0.1 0.1 18.3526 -6.76027 0 0 0.188712 -0.759144 0.04
2.70279 2.36983 0.1 0.1 -13.5512 -9.55452 0 0 -0.755098 -0.180547 0.1
0.924772 1.02036 0.1 0.1 -25.7717 -20.274 0 0 -0.779036 -0.67028 0.09
-0.191224 0.251555 0.1 0.1 -30.0012 -18.1796 0 0 -0.669546 0.166037 0.04
-2.35267 -1.05189 0.1 0.1 -31.7387 -19.0488 0 0 -0.278052 -0.155626 0.07
-3.19322 -2.94777 0.1 0.1 6.64038 -23.0246 0 0 0.35857 -0.326329 0.09
-1.6379 -2.65915 0.1 0.1 24.1721 11.6352 0 0 0.954563 0.710542 0.1
-0.101763 -1.15877 0.1 0.1 14.3591 25.6872 0 0 -0.516547 0.971802 0.08
0.821483 0.164013 0.1 0.1 22.5055 27.2107 0 0 0.908633 0.284798 0.05
1.04978 0.444368 0.1 0.1 23.1539 28.8575 0 0 0.438325 0.964006 0.01
1.28534 0.741406 0.1 0.1 23.9556 30.5473 0 0 0.51796 0.994046 0.01
1.52204 1.05447 0.1 0.1 23.3867 32.0639 0 0 -0.168229 0.91539 0.01
3.35973 3.06119 0.1 0.1 -4.0695 5.95628 0 0 0.92358 -0.915036 0.09
2.79986 2.68775 0.1 0.1 -9.72976 -11.8806 0 0 -0.381147 -0.911727 0.08
1.88378 2.19407 0.1 0.1 -20.6966 -4.64819 0 0 -0.990783 0.561843 0.06
0.724506 1.78159 0.1 0.1 -5.29664 -4.51924 0 0 0.791444 -0.0155001 0.09
0.680042 1.72939 0.1 0.1 -3.59891 -5.91707 0 0 0.826973 -0.725001 0.01
0.626501 1.64346 0.1 0.1 0.0113803 0.157425 0 0 0.593301 0.998364 0.03
0.626255 1.64476 0.1 0.1 -0.0604792 0.104272 0 0 -0.0360803 -0.0259331 0.01
0.626407 1.64504 0.1 0.1 0.0905136 -0.0491188 0 0 0.0756091 -0.0765595 0.01
0.626884 1.64476 0.1 0.1 0.0050893 -0.00638702 0 0 -0.0424979 0.0212243 0.01
