2.81089 -2.84751 0.1 0.1 -0.090191 -0.0734575 0 0 0 0 0
2.87016 -3.04049 0.1 0.1 2.04473 -0.447921 0 0 0.182895 -0.804958 0.06
2.90146 -3.03213 0.1 0.1 1.08871 0.956007 0 0 -0.231253 0.231416 0.02
3.02401 -2.09795 0.1 0.1 1.35655 17.4528 0 0 0.0195943 0.87169 0.1
3.11506 -1.56444 0.1 0.1 4.69606 18.1114 0 0 0.572534 0.198755 0.03
3.18683 -0.942888 0.1 0.1 -0.41156 23.2997 0 0 0.170213 0.96824 0.03
3.02017 0.348176 0.1 0.1 -6.20523 28.3013 0 0 -0.596304 0.62914 0.05
2.96129 0.63058 0.1 0.1 -5.572 28.1798 0 0 0.28725 0.0805717 0.01
2.13269 2.99308 0.1 0.1 -17.9599 39.1906 0 0 -0.944771 0.955363 0.07
-0.434413 2.56933 0.1 0.1 -33.1259 -15.5246 0 0 -0.886855 -0.789656 0.1
-3.13562 1.25049 0.1 0.1 -43.9199 -22.0829 0 0 -0.966168 -0.561363 0.07
-2.89667 -1.36626 0.1 0.1 13.3316 -35.848 0 0 0.663032 -0.909193 0.09
-0.681273 -3.16724 0.1 0.1 30.6895 5.74958 0 0 0.978899 -0.21339 0.1
1.83137 -2.36377 0.1 0.1 40.977 17.0774 0 0 0.914883 0.866166 0.07
3.12176 -1.92336 0.1 0.1 45.0291 12.3085 0 0 0.892026 -0.723216 0.03
2.97111 -0.713445 0.1 0.1 -14.3742 17.8599 0 0 -0.908843 0.421871 0.08
1.39108 0.777682 0.1 0.1 -20.6449 15.313 0 0 -0.436538 -0.0587635 0.09
1.00721 1.09612 0.1 0.1 -17.7515 16.527 0 0 0.628475 0.383721 0.02
0.255551 1.75091 0.1 0.1 -1.25857 0.0634472 0 0 0.984479 -0.987923 0.08
0.250137 1.74822 0.1 0.1 0.173408 -0.600183 0 0 0.713671 -0.333121 0.01
0.248847 1.73791 0.1 0.1 -0.300853 -0.431338 0 0 -0.118955 0.039625 0.02
0.24789 1.73656 0.1 0.1 0.108753 0.159168 0 0 0.20449 0.294654 0.01
0.248909 1.73742 0.1 0.1 0.0951114 0.0133235 0 0 -0.00632534 -0.0725051 0.01
0.249424 1.73773 0.1 0.1 0.00794017 0.0487315 0 0 -0.0433525 0.0178564 0.01
0.249612 1.73797 0.1 0.1 0.0296404 0.00028648 0 0 0.0109474 -0.0241029 0.01
0.24995 1.73797 0.1 0.1 0.00423579 -0.000470955 0 0 -0.00627056 -0.000190726 0.02
