-1.04359 -1.95922 0.1 0.1 -0.0851768 -0.0398886 0 0 0 0 0
-1.03681 -1.92615 0.1 0.1 0.534337 2.23346 0 0 0.104474 0.384479 0.03
-0.54857 -1.74879 0.1 0.1 10.1708 1.71581 0 0 0.562809 -0.0188878 0.09
1.1978 -2.05614 0.1 0.1 24.5191 -7.70399 0 0 0.804974 -0.486689 0.1
2.91026 -3.07531 0.1 0.1 18.3731 -14.2009 0 0 -0.277471 -0.685397 0.08
3.22918 -3.10067 0.1 0.1 -1.36734 4.03867 0 0 -0.994363 0.553103 0.04
2.97265 -2.48073 0.1 0.1 -5.8711 13.5629 0 0 -0.337333 0.724703 0.07
2.14248 -0.780257 0.1 0.1 -10.6523 20.3343 0 0 -0.280663 0.42355 0.1
1.20142 0.364919 0.1 0.1 -20.617 17.8625 0 0 -0.9098 -0.11092 0.06
-0.189574 1.42293 0.1 0.1 -14.2428 8.70996 0 0 0.311877 -0.505641 0.08
-0.901203 1.86968 0.1 0.1 -0.222319 0.364989 0 0 0.665883 -0.394811 0.1
-0.906963 1.87354 0.1 0.1 -0.161974 -0.105281 0 0 0.00909453 -0.0777474 0.03
-0.907297 1.87233 0.1 0.1 0.0947856 -0.136795 0 0 0.128282 -0.0163514 0.01
-0.908022 1.86966 0.1 0.1 -0.129541 0.00220447 0 0 -0.0281451 0.0170408 0.04
-0.449087 1.68879 0.1 0.1 13.0874 -5.11054 0 0 0.977393 -0.378002 0.07
0.193727 1.39613 0.1 0.1 -0.0123764 -0.81358 0 0 -0.623235 0.200191 0.1
0.192009 1.39337 0.1 0.1 -0.159018 0.532447 0 0 -0.037047 0.335866 0.02
0.2019 1.40388 0.1 0.1 0.648194 -0.00311984 0 0 0.1022 -0.0656217 0.04
0.204388 1.40615 0.1 0.1 -0.14925 0.455834 0 0 -0.397731 0.230567 0.01
0.202406 1.40773 0.1 0.1 -0.0492199 -0.294714 0 0 0.0244918 -0.187268 0.02
0.204488 1.40421 0.1 0.1 0.256361 -0.0581139 0 0 0.0769856 0.0582963 0.02
0.215305 1.39797 0.1 0.1 0.017247 -0.0974237 0 0 -0.0142804 -0.00285056 0.08
0.215686 1.39766 0.1 0.1 0.0588887 0.0351447 0 0 0.0210411 0.0661449 0.01
0.21631 1.39787 0.1 0.1 0.0658736 0.00691646 0 0 0.00380403 -0.0140108 0.01
0.216487 1.39787 0.1 0.1 -0.0302674 -0.00645526 0 0 -0.0480197 -0.00669604 0.01
