-0.880422 -0.103759 0.1 0.1 0.0707342 -0.017042 0 0 0 0 0
-0.79021 -0.228542 0.1 0.1 3.50912 -4.93328 0 0 0.353051 -0.504054 0.05
-0.749313 -0.279461 0.1 0.1 4.66826 -5.25015 0 0 0.600594 -0.183702 0.01
-0.694185 -0.331226 0.1 0.1 6.35458 -5.10307 0 0 0.871667 0.047983 0.01
-0.175462 -1.30578 0.1 0.1 5.18935 -16.3845 0 0 -0.0361761 -0.681041 0.09
0.971926 -2.5974 0.1 0.1 17.5546 -9.56055 0 0 0.675891 0.27661 0.1
1.99199 -2.97168 0.1 0.1 23.2007 -5.44496 0 0 0.66667 0.374039 0.05
3.0225 -3.03827 0.1 0.1 28.2908 0.726576 0 0 0.765183 -0.551464 0.04
3.15939 -2.07311 0.1 0.1 -0.676701 18.285 0 0 0.559784 0.926393 0.1
3.04496 -0.995829 0.1 0.1 -3.87378 24.7525 0 0 -0.330876 0.754529 0.05
2.89665 0.338246 0.1 0.1 -2.0728 28.5785 0 0 0.165758 0.516135 0.05
2.45269 1.87515 0.1 0.1 -12.6225 22.7095 0 0 -0.917225 -0.361254 0.06
1.98845 2.85476 0.1 0.1 -10.6026 26.2476 0 0 0.194547 0.564896 0.04
1.43923 3.20168 0.1 0.1 -16.8172 -4.20418 0 0 -0.845494 -0.276214 0.04
1.12206 3.11399 0.1 0.1 -14.9056 -4.36085 0 0 0.398727 0.00348276 0.02
0.0463058 2.42299 0.1 0.1 -12.0258 -12.802 0 0 0.112692 -0.570798 0.08
-0.0732484 2.29524 0.1 0.1 -11.8852 -12.7481 0 0 0.010202 -0.0368078 0.01
-0.480408 1.84945 0.1 0.1 0.110751 -0.135982 0 0 0.828134 0.869289 0.07
-0.48008 1.84914 0.1 0.1 -0.0448922 0.0743219 0 0 -0.0776895 0.105008 0.01
-0.480222 1.84904 0.1 0.1 0.0163279 -0.0934143 0 0 0.0305466 -0.0839276 0.01
-0.479969 1.84859 0.1 0.1 0.0342708 0.00207301 0 0 0.00910845 0.047525 0.01
