-1.60909 0.584157 0.1 0.1 0.0534188 -0.00103356 0 0 0 0 0
-1.53338 0.571448 0.1 0.1 4.96907 -0.842055 0 0 0.832703 -0.142016 0.03
-1.17801 0.619245 0.1 0.1 6.85804 2.40283 0 0 0.187284 0.274514 0.06
0.3048 0.121718 0.1 0.1 22.5365 -12.1118 0 0 0.858686 -0.750348 0.1
1.87507 -0.367095 0.1 0.1 29.7344 -4.25954 0 0 0.731548 0.613833 0.06
3.08813 -0.688474 0.1 0.1 30.911 -11.759 0 0 0.298291 -0.9782 0.04
3.21028 -1.90515 0.1 0.1 -2.42333 -22.8821 0 0 0.424875 -0.882406 0.07
2.34848 -3.08667 0.1 0.1 -16.5142 2.33812 0 0 -0.830736 -0.466392 0.09
2.18066 -3.05518 0.1 0.1 -17.0489 3.95696 0 0 -0.351356 0.825296 0.01
0.632902 -2.37342 0.1 0.1 -21.5839 12.968 0 0 -0.38038 0.605754 0.08
-0.198855 -1.97827 0.1 0.1 -20.0145 6.83016 0 0 0.0919649 -0.718356 0.04
-1.99449 -1.27684 0.1 0.1 -31.1579 13.139 0 0 -0.925106 0.499972 0.07
-3.28667 -0.571842 0.1 0.1 -6.61708 15.0385 0 0 0.40354 0.260666 0.05
-2.92024 0.509746 0.1 0.1 12.0326 15.8561 0 0 0.952398 0.136174 0.07
-2.79582 0.668854 0.1 0.1 12.8502 15.9654 0 0 0.471064 0.134462 0.01
-2.35695 1.07537 0.1 0.1 16.3902 11.1594 0 0 0.662982 -0.733014 0.03
-1.25927 1.47952 0.1 0.1 11.1202 -0.894708 0 0 -0.261384 -0.728126 0.08
-0.906112 1.50718 0.1 0.1 12.4174 2.72086 0 0 0.275301 0.607503 0.03
-0.396047 1.61715 0.1 0.1 0.492801 0.0640427 0 0 -0.713969 -0.159277 0.08
-0.390908 1.62096 0.1 0.1 -0.147009 0.189427 0 0 -0.105846 0.021519 0.03
-0.391297 1.62192 0.1 0.1 0.0687219 0.00249302 0 0 0.107727 -0.0929868 0.01
-0.390236 1.62214 0.1 0.1 0.00234864 0.0123416 0 0 -0.0108924 0.00167713 0.03
