-3.13241 -2.02093 0.1 0.1 -0.0550659 0.0759965 0 0 0 0 0
-3.1427 -1.52675 0.1 0.1 0.0506404 9.64813 0 0 -0.339953 0.503399 0.1
-3.13075 -1.30377 0.1 0.1 1.14055 12.6399 0 0 0.275973 0.803861 0.02
-3.14852 -0.12978 0.1 0.1 -0.0993676 20.8069 0 0 -0.244694 0.667297 0.07
-2.61969 1.13512 0.1 0.1 10.5002 4.75853 0 0 0.556537 -0.739101 0.1
-2.39804 1.24087 0.1 0.1 4.30716 2.30318 0 0 -0.996271 -0.391875 0.03
-2.32881 1.2609 0.1 0.1 2.62169 -0.291211 0 0 -0.40457 -0.643791 0.02
-2.24105 1.24329 0.1 0.1 6.14181 -1.46596 0 0 0.902626 -0.297908 0.02
-1.77409 0.972702 0.1 0.1 4.26345 -4.50147 0 0 -0.0785259 -0.183702 0.09
-1.66887 0.898756 0.1 0.1 2.75821 -0.448503 0 0 -0.23336 0.663222 0.03
-1.15775 0.758044 0.1 0.1 9.92428 -3.03501 0 0 0.480226 -0.1703 0.08
-0.387036 0.940375 0.1 0.1 5.56312 6.52249 0 0 -0.179608 0.487048 0.1
-0.111707 1.06076 0.1 0.1 5.45072 -1.63898 0 0 0.0160154 -0.804224 0.05
-0.0182251 1.03626 0.1 0.1 3.90263 -0.814472 0 0 -0.363933 0.199946 0.02
0.0442501 1.03281 0.1 0.1 2.35006 0.465262 0 0 -0.372783 0.319025 0.02
0.0579703 1.03345 0.1 0.1 0.397244 -0.334254 0 0 -0.970548 -0.399779 0.01
0.0694093 1.02571 0.1 0.1 0.176177 -0.0547316 0 0 -0.0262185 0.0339707 0.04
0.0714573 1.02121 0.1 0.1 -0.105102 -0.0949734 0 0 -0.0232916 -0.00373604 0.06
0.0711501 1.01998 0.1 0.1 0.0737883 -0.0281328 0 0 0.0446914 0.0164187 0.02
0.0710763 1.01985 0.1 0.1 -0.0882772 0.00223934 0 0 -0.0811392 0.0151008 0.01
0.0695164 1.02009 0.1 0.1 -0.0160739 0.0138652 0 0 0.0117854 0.00198185 0.03
