1.84923 1.81297 0.1 0.1 0.00945916 -0.0548713 0 0 0 0 0
1.86152 1.81867 0.1 0.1 1.21535 0.622466 0 0 0.304739 0.170825 0.02
1.99436 1.10122 0.1 0.1 1.73005 -16.312 0 0 0.03577 -0.980817 0.09
2.11325 0.678612 0.1 0.1 6.17366 -11.8838 0 0 0.761275 0.667976 0.03
2.33757 0.31258 0.1 0.1 8.76782 -12.5152 0 0 0.470184 -0.166087 0.03
2.59471 -0.0680925 0.1 0.1 8.37683 -12.8612 0 0 -0.0223942 -0.121126 0.03
3.20135 -2.19727 0.1 0.1 -1.80483 -29.4445 0 0 0.701722 -0.935927 0.1
2.66655 -3.07467 0.1 0.1 -11.4349 6.48336 0 0 -0.63537 0.91854 0.08
0.717084 -1.89976 0.1 0.1 -27.2876 16.8452 0 0 -0.890605 0.576654 0.1
-0.484152 -1.2322 0.1 0.1 -32.7374 16.5353 0 0 -0.832622 0.0436168 0.04
-2.25077 -0.217099 0.1 0.1 -37.8851 24.0053 0 0 -0.692409 0.847599 0.05
-3.11635 2.9772 0.1 0.1 5.64615 39.6266 0 0 0.276327 0.941694 0.1
-1.92905 2.48915 0.1 0.1 17.8965 -17.8581 0 0 0.6722 -0.980662 0.1
-0.615636 1.48005 0.1 0.1 8.52869 -2.57754 0 0 -0.402737 0.713827 0.1
-0.367882 1.41103 0.1 0.1 3.88999 -0.884722 0 0 -0.549233 0.202938 0.04
-0.278444 1.39336 0.1 0.1 -0.277733 0.169051 0 0 -0.40812 0.103545 0.05
-0.280027 1.39471 0.1 0.1 0.118121 -0.0336808 0 0 0.0986323 -0.050334 0.02
-0.279026 1.39459 0.1 0.1 0.0821272 0.0104607 0 0 -0.0175057 0.0220129 0.01
-0.278832 1.39448 0.1 0.1 -0.0432213 -0.0318885 0 0 -0.0626296 -0.0212452 0.01
-0.279352 1.39438 0.1 0.1 -0.00888255 0.0216981 0 0 0.00846407 0.0133757 0.02
