2.71257 0.957859 0.1 0.1 -0.0502459 -0.0326435 0 0 0 0 0
3.23827 0.335857 0.1 0.1 2.20499 -13.5832 0 0 0.765747 -0.78745 0.09
3.15393 -1.17417 0.1 0.1 -0.473865 -24.0297 0 0 0.463945 -0.747463 0.08
3.14397 -1.4085 0.1 0.1 -1.51732 -22.838 0 0 -0.526366 0.478661 0.01
2.83134 -2.71057 0.1 0.1 -10.9107 -29.1922 0 0 -0.970245 -0.765852 0.05
1.52388 -2.96236 0.1 0.1 -21.6326 8.70472 0 0 -0.752056 0.667876 0.08
0.410514 -2.23318 0.1 0.1 -10.31 12.0893 0 0 0.729375 0.29375 0.07
-0.449718 -1.54828 0.1 0.1 -18.2838 10.7549 0 0 -0.736747 -0.0544352 0.06
-1.14253 -1.0694 0.1 0.1 -16.3696 13.1728 0 0 0.152651 0.361886 0.04
-2.15189 -0.220299 0.1 0.1 -23.942 20.7283 0 0 -0.858932 0.840087 0.05
-3.24449 1.89667 0.1 0.1 2.41127 32.0438 0 0 0.160509 0.840218 0.08
-2.47958 3.07756 0.1 0.1 14.4035 -2.75522 0 0 0.70868 0.0867157 0.09
-1.77228 2.93538 0.1 0.1 20.9181 -4.34343 0 0 0.902959 -0.216321 0.04
-0.728565 2.5211 0.1 0.1 13.942 -9.41523 0 0 -0.494437 -0.457112 0.06
-0.265969 2.24623 0.1 0.1 1.60158 0.157595 0 0 -0.990148 0.774998 0.06
-0.241292 2.25424 0.1 0.1 0.0512639 0.375104 0 0 -0.254377 0.0375839 0.03
-0.241245 2.25779 0.1 0.1 -0.0415888 0.335698 0 0 -0.0464222 -0.0179312 0.01
-0.243037 2.25923 0.1 0.1 -0.316416 -0.047707 0 0 -0.138372 -0.191022 0.01
-0.253279 2.25775 0.1 0.1 -0.196462 -0.0263885 0 0 0.0137203 0.00248096 0.04
-0.254014 2.25681 0.1 0.1 0.0489103 -0.160761 0 0 0.122365 -0.0676619 0.01
-0.254191 2.25546 0.1 0.1 -0.0840763 -0.109861 0 0 -0.0666079 0.0247756 0.01
-0.255461 2.25498 0.1 0.1 -0.169732 0.0145051 0 0 -0.0434778 0.0619545 0.01
-0.259889 2.2586 0.1 0.1 0.0202212 0.10526 0 0 0.0154671 0.00786644 0.06
-0.262119 2.26424 0.1 0.1 -0.068437 0.021221 0 0 -0.00505147 -0.00435674 0.09
-0.262391 2.26427 0.1 0.1 0.0138345 -0.0140638 0 0 0.0410156 -0.0176264 0.01
