-2.66041 1.08092 0.1 0.1 0.0652618 0.0362642 0 0 0 0 0
-2.80278 1.2209 0.1 0.1 -5.71228 5.51698 0 0 -0.592337 0.562021 0.05
-2.96078 1.26882 0.1 0.1 0.384854 -3.82613 0 0 0.49516 -0.774605 0.06
-3.19278 0.348794 0.1 0.1 1.31853 -16.4318 0 0 -0.939533 -0.751487 0.09
-3.16997 0.178567 0.1 0.1 3.23906 -17.6115 0 0 0.972444 -0.674734 0.01
-3.04477 -0.757607 0.1 0.1 -0.0650104 -5.94833 0 0 -0.198605 0.670488 0.08
-2.55837 -1.49732 0.1 0.1 12.0644 -12.4569 0 0 0.789009 -0.45293 0.08
-0.892263 -2.6666 0.1 0.1 24.7708 -13.5104 0 0 0.798545 -0.123746 0.09
1.31684 -2.92201 0.1 0.1 24.3262 6.75822 0 0 0.0979371 0.873349 0.09
3.31013 -1.89448 0.1 0.1 3.65969 18.7718 0 0 0.715029 0.814675 0.08
3.15273 0.228399 0.1 0.1 -0.379562 23.6044 0 0 0.874936 0.347812 0.1
3.14736 0.657764 0.1 0.1 -0.178996 19.3463 0 0 0.74756 -0.957328 0.02
2.78985 2.28381 0.1 0.1 -7.65547 16.8253 0 0 -0.435724 -0.049806 0.09
2.59865 2.58669 0.1 0.1 -11.4518 13.4731 0 0 -0.997171 -0.762409 0.02
1.99229 3.02969 0.1 0.1 -18.8174 4.37167 0 0 -0.996636 -0.388706 0.04
1.6009 3.05226 0.1 0.1 -20.3164 -0.897339 0 0 -0.472638 -0.815749 0.02
0.608254 3.00463 0.1 0.1 0.122884 -0.0585062 0 0 0.972582 0.812571 0.1
0.640351 2.49491 0.1 0.1 0.583711 -11.1032 0 0 0.0273946 -0.642017 0.09
0.69993 2.07288 0.1 0.1 2.38321 -10.0053 0 0 0.232414 0.0845087 0.04
0.781608 1.64349 0.1 0.1 -0.305626 -0.851583 0 0 -0.162996 0.545351 0.08
0.779575 1.6368 0.1 0.1 -0.101211 -0.486905 0 0 0.101286 0.179042 0.01
0.779375 1.63342 0.1 0.1 0.0609473 -0.189038 0 0 0.0810555 0.147284 0.01
0.780946 1.62789 0.1 0.1 0.043861 -0.179896 0 0 -0.00258754 0.000601154 0.03
0.782158 1.62689 0.1 0.1 -0.0160249 0.152691 0 0 -0.00325887 0.0184242 0.09
0.782018 1.62823 0.1 0.1 -0.0119625 0.116615 0 0 0.00195967 -0.0173678 0.01
0.782744 1.63013 0.1 0.1 0.0405393 -0.0395467 0 0 0.00532366 -0.0154286 0.05
0.782705 1.62983 0.1 0.1 -0.0481012 -0.020448 0 0 -0.0443671 0.009394 0.01
0.782434 1.6299 0.1 0.1 0.0207518 0.0271803 0 0 0.0171587 0.0119291 0.02
0.782547 1.62982 0.1 0.1 0.00181771 -0.0426225 0 0 -0.00942248 -0.0349479 0.01
