0.0919206 -2.83941 0.1 0.1 -0.000729603 -0.0823793 0 0 0 0 0
0.146542 -2.87522 0.1 0.1 2.71372 -1.69735 0 0 0.34623 -0.206395 0.04
0.448769 -3.02864 0.1 0.1 5.88449 0.468258 0 0 0.248119 -0.396991 0.07
0.735415 -2.86726 0.1 0.1 8.43077 7.55313 0 0 0.354176 0.90591 0.04
0.831203 -2.6422 0.1 0.1 -6.26982 -2.87806 0 0 -0.730427 -0.51039 0.1
0.586805 -2.76525 0.1 0.1 -10.0048 -5.31321 0 0 -0.663359 -0.426452 0.03
-1.00235 -2.42678 0.1 0.1 -21.5845 11.7985 0 0 -0.658688 0.87255 0.1
-2.44453 -1.53466 0.1 0.1 -26.4386 17.8791 0 0 -0.525338 0.580553 0.06
-2.95993 -1.14831 0.1 0.1 -25.1059 20.7459 0 0 0.204098 0.812775 0.02
-2.77588 1.37766 0.1 0.1 13.9734 29.6287 0 0 0.924304 0.571133 0.1
-1.42905 3.26611 0.1 0.1 24.3796 -0.885944 0 0 0.838715 0.944038 0.07
-0.333853 2.91094 0.1 0.1 12.2484 -8.53474 0 0 -0.919889 -0.441264 0.06
0.186521 2.25626 0.1 0.1 0.912576 -7.84123 0 0 -0.676174 0.00246437 0.08
0.104465 1.89248 0.1 0.1 -3.60257 -4.32008 0 0 -0.383309 0.263141 0.06
0.0689677 1.77705 0.1 0.1 1.21192 -3.37996 0 0 0.796947 0.137572 0.03
0.0826199 1.73726 0.1 0.1 0.156815 -0.608248 0 0 -0.260431 0.683067 0.02
0.0806379 1.73349 0.1 0.1 -0.552034 -0.146022 0 0 -0.355601 0.22922 0.01
0.0710764 1.73422 0.1 0.1 -0.0877178 0.193442 0 0 0.0758476 0.0567206 0.03
0.0707069 1.73535 0.1 0.1 0.0136572 0.031227 0 0 0.0505226 -0.0805533 0.01
0.070759 1.73576 0.1 0.1 -0.00838172 0.00994514 0 0 -0.00550081 -0.00521938 0.02
