2.55512 -0.0471422 0.1 0.1 0.0263622 0.0383277 0 0 0 0 0
2.79932 0.0216687 0.1 0.1 5.99899 1.66035 0 0 0.389009 0.105841 0.08
2.74974 -0.294225 0.1 0.1 -7.26116 -10.5436 0 0 -0.95208 -0.894798 0.07
1.51202 -1.86447 0.1 0.1 -17.3312 -20.6916 0 0 -0.565383 -0.586294 0.1
1.33745 -2.07812 0.1 0.1 -17.5819 -22.0366 0 0 -0.211547 -0.779741 0.01
0.972135 -2.53737 0.1 0.1 -18.9451 -23.8817 0 0 -0.431166 -0.576442 0.02
-1.33013 -3.05006 0.1 0.1 -32.0188 1.72325 0 0 -0.854335 -0.505454 0.09
-1.65456 -3.03027 0.1 0.1 -32.8673 2.2326 0 0 -0.586577 0.264517 0.01
-3.07904 -2.84306 0.1 0.1 -38.3202 7.09619 0 0 -0.859943 0.631216 0.04
-3.12968 -1.8169 0.1 0.1 6.02878 18.4056 0 0 0.128873 0.770959 0.08
-1.63234 0.843962 0.1 0.1 23.6315 34.5409 0 0 0.956418 0.940185 0.1
-1.19759 1.5283 0.1 0.1 19.8566 33.8948 0 0 -0.838501 0.00977888 0.02
-0.843303 2.22841 0.1 0.1 15.5854 36.1088 0 0 -0.982299 0.72882 0.02
-0.385577 3.25181 0.1 0.1 14.9296 13.7422 0 0 -0.033793 0.746533 0.03
0.330546 2.50699 0.1 0.1 1.19129 -17.297 0 0 -0.723603 -0.949848 0.09
0.318706 2.17729 0.1 0.1 -2.36329 -15.6784 0 0 -0.892163 0.322261 0.02
0.107834 1.51491 0.1 0.1 -3.64745 -3.39021 0 0 -0.10689 0.830566 0.07
0.0555066 1.45623 0.1 0.1 0.139942 -0.535921 0 0 0.623045 0.466144 0.03
0.0575282 1.45474 0.1 0.1 0.264188 0.237552 0 0 0.063256 0.386073 0.01
0.0600074 1.45601 0.1 0.1 0.231704 0.0159845 0 0 -0.015036 -0.110173 0.01
0.0607811 1.45597 0.1 0.1 -0.0764633 -0.023158 0 0 -0.153814 -0.0196232 0.01
0.05929 1.45531 0.1 0.1 0.00138863 -0.010027 0 0 0.00955256 0.00156085 0.04
