2.95829 0.256586 0.1 0.1 0.034519 -0.0980962 0 0 0 0 0
2.85054 0.215984 0.1 0.1 -4.30863 -1.51419 0 0 -0.445628 -0.14586 0.05
2.26188 0.290731 0.1 0.1 -15.2044 3.95095 0 0 -0.957861 0.461413 0.06
0.503652 0.520506 0.1 0.1 -28.5734 1.82071 0 0 -0.946353 -0.11888 0.08
-0.669956 0.558694 0.1 0.1 -30.0968 0.100034 0 0 -0.337369 -0.209928 0.04
-1.60708 0.547799 0.1 0.1 -32.3671 -0.821813 0 0 -0.535044 -0.155056 0.03
-3.28413 0.920381 0.1 0.1 3.07721 8.95433 0 0 0.843998 0.564876 0.09
-3.19915 1.10529 0.1 0.1 5.41338 9.53448 0 0 0.60571 0.191476 0.02
-2.11321 2.50707 0.1 0.1 16.1301 18.3542 0 0 0.59003 0.511351 0.1
-1.11166 3.09125 0.1 0.1 23.866 -0.0252072 0 0 0.873806 -0.555302 0.05
1.28582 2.62164 0.1 0.1 29.3287 -9.90714 0 0 0.43685 -0.553816 0.09
2.30729 2.08319 0.1 0.1 21.7953 -16.9685 0 0 -0.813981 -0.949673 0.04
2.74609 1.74085 0.1 0.1 22.0835 -17.2641 0 0 0.182263 -0.15899 0.02
2.96457 -0.847472 0.1 0.1 -9.27501 -34.2195 0 0 -0.741215 -0.977664 0.1
2.75784 -1.52434 0.1 0.1 -11.3914 -33.4694 0 0 -0.579336 0.0181007 0.02
2.33267 -2.56955 0.1 0.1 -16.9258 -36.1979 0 0 -0.991736 -0.629289 0.03
2.16279 -2.93755 0.1 0.1 -17.048 -37.3993 0 0 -0.144937 -0.784904 0.01
-0.0170795 -2.88895 0.1 0.1 -31.1826 7.62317 0 0 -0.906674 0.282999 0.09
-2.89467 -2.03407 0.1 0.1 -40.6288 13.6722 0 0 -0.770883 0.430693 0.08
-3.02039 -0.126806 0.1 0.1 10.5229 28.4888 0 0 0.470619 0.929406 0.09
-2.40074 2.61495 0.1 0.1 5.04638 39.9023 0 0 -0.304925 0.884781 0.08
-2.34467 3.01681 0.1 0.1 6.16506 33.565 0 0 0.586954 0.484373 0.01
-1.14148 2.66444 0.1 0.1 20.3603 -14.7044 0 0 0.855811 -0.931455 0.09
-0.584116 2.2658 0.1 0.1 16.8152 -11.8858 0 0 -0.497938 0.403643 0.03
0.0935977 1.79964 0.1 0.1 0.348029 0.0734137 0 0 -0.987225 0.718441 0.08
0.0939326 1.8006 0.1 0.1 -0.280018 0.118523 0 0 -0.314036 0.0229997 0.01
0.0921671 1.80138 0.1 0.1 -0.0734092 0.0379557 0 0 0.102477 -0.0398867 0.01
0.0913095 1.80159 0.1 0.1 -0.0980867 0.00335445 0 0 -0.0127769 -0.017202 0.01
0.0905171 1.80156 0.1 0.1 -0.0604398 -0.00900933 0 0 0.0184375 -0.00619483 0.01
0.0893687 1.80196 0.1 0.1 -0.0163404 0.0356249 0 0 0.0071637 0.00750833 0.03
