-2.23617 -0.881518 0.1 0.1 0.0781568 0.0397051 0 0 0 0 0
-2.52813 -1.42368 0.1 0.1 -5.82052 -10.704 0 0 -0.309863 -0.564481 0.1
-2.58146 -1.53592 0.1 0.1 -4.8474 -11.7407 0 0 0.460413 -0.574462 0.01
-2.49341 -2.4529 0.1 0.1 7.22366 -14.4271 0 0 0.869074 -0.257356 0.07
-1.657 -2.98877 0.1 0.1 9.46719 3.82245 0 0 0.153986 0.633036 0.1
-0.247862 -2.27225 0.1 0.1 21.6622 11.9788 0 0 0.756169 0.492859 0.09
0.899828 -0.988137 0.1 0.1 11.2493 24.5631 0 0 -0.661195 0.990377 0.07
1.19311 0.0847995 0.1 0.1 3.46821 29.0537 0 0 -0.936268 0.695148 0.04
1.14343 1.39102 0.1 0.1 -5.38219 23.243 0 0 -0.891449 -0.450825 0.05
0.756466 2.57213 0.1 0.1 -10.0581 23.9952 0 0 -0.506711 0.193354 0.05
0.490776 3.14854 0.1 0.1 -3.27194 -0.470441 0 0 0.815386 -0.562854 0.04
0.441428 3.01157 0.1 0.1 2.09494 -0.345344 0 0 0.295492 0.783287 0.09
0.444709 3.00102 0.1 0.1 -1.96122 -0.0137888 0 0 -0.225217 0.174679 0.09
0.361174 3.00267 0.1 0.1 0.0743757 0.00495172 0 0 0.108476 0.697096 0.09
-0.0559559 2.52296 0.1 0.1 -9.20414 -10.5076 0 0 -0.538812 -0.610752 0.09
-0.356268 2.21601 0.1 0.1 -5.83419 -4.87708 0 0 0.383742 0.665622 0.04
-0.47855 2.15474 0.1 0.1 2.24604 3.03433 0 0 0.568696 0.560862 0.07
-0.22427 2.03295 0.1 0.1 6.19044 -6.99404 0 0 0.350002 -0.845956 0.06
-0.0725331 1.891 0.1 0.1 3.93662 -2.49186 0 0 -0.350448 0.726826 0.03
0.00112803 1.81447 0.1 0.1 -0.22579 -1.34213 0 0 -0.511366 0.134123 0.04
0.00141215 1.8032 0.1 0.1 0.281766 -0.913146 0 0 0.254092 0.208921 0.01
0.0158948 1.79114 0.1 0.1 0.681743 0.104419 0 0 0.0691367 0.167623 0.03
0.0170806 1.79248 0.1 0.1 -0.442708 0.163483 0 0 -0.561959 0.0301374 0.01
0.0147807 1.7946 0.1 0.1 -0.0179769 0.26073 0 0 0.211346 0.0497193 0.01
0.0156135 1.79612 0.1 0.1 0.184193 0.0431602 0 0 0.101547 -0.108032 0.01
0.0196401 1.79664 0.1 0.1 -0.0476551 -0.0252889 0 0 -0.0189971 -0.00566449 0.06
0.0195894 1.79642 0.1 0.1 0.0373674 -0.01803 0 0 0.0425112 0.00352704 0.01
0.0199325 1.79644 0.1 0.1 0.0312683 0.022126 0 0 -0.00287729 0.0200916 0.01
