2.63562 -0.863259 0.1 0.1 0.0949122 -0.0769184 0 0 0 0 0
2.52217 -0.535378 0.1 0.1 -3.8373 10.8966 0 0 -0.337155 0.941829 0.06
2.41541 0.839334 0.1 0.1 1.10393 23.3058 0 0 0.302695 0.861747 0.08
2.40938 2.62578 0.1 0.1 -1.24907 27.6842 0 0 -0.169172 0.440375 0.07
1.8191 3.05665 0.1 0.1 -13.3466 -1.93092 0 0 -0.793136 0.336383 0.08
0.222884 2.50092 0.1 0.1 -21.994 -10.294 0 0 -0.569313 -0.495436 0.09
-1.61643 1.60911 0.1 0.1 -30.4563 -15.1312 0 0 -0.736935 -0.408656 0.07
-3.2837 0.0302559 0.1 0.1 4.45258 -16.4222 0 0 -0.139093 -0.142399 0.1
-3.16001 -0.295201 0.1 0.1 7.90462 -16.1245 0 0 0.89493 -0.00657829 0.02
-2.96842 -0.621201 0.1 0.1 11.2438 -16.4743 0 0 0.883526 -0.168705 0.02
-2.38835 -1.58636 0.1 0.1 11.9529 -22.0853 0 0 0.12876 -0.657825 0.05
-1.79595 -2.59528 0.1 0.1 17.6294 -28.319 0 0 0.78381 -0.905599 0.04
0.370224 -2.86131 0.1 0.1 30.3164 12.1158 0 0 0.825267 0.995725 0.09
0.966878 -2.58538 0.1 0.1 29.352 15.466 0 0 -0.091591 0.906285 0.02
1.26752 -2.43459 0.1 0.1 30.7742 14.6932 0 0 0.862412 -0.311659 0.01
2.33292 -1.73568 0.1 0.1 22.5499 20.2154 0 0 -0.894158 0.777047 0.04
3.2624 -0.539054 0.1 0.1 -0.237826 19.6793 0 0 -0.407387 0.0541498 0.06
2.67951 0.708411 0.1 0.1 -13.9394 11.6143 0 0 -0.88014 -0.426471 0.08
1.47714 1.31022 0.1 0.1 -20.34 5.64889 0 0 -0.5434 -0.383035 0.07
0.478937 1.57782 0.1 0.1 -2.11455 0.378266 0 0 0.957817 -0.277639 0.09
0.426303 1.57721 0.1 0.1 -1.39794 -0.414576 0 0 0.11072 -0.13224 0.03
0.413156 1.57589 0.1 0.1 -1.23177 0.149283 0 0 0.0766167 0.281334 0.01
0.409392 1.57899 0.1 0.1 0.476185 0.470462 0 0 0.852705 0.162315 0.01
0.413047 1.58419 0.1 0.1 0.255187 0.570125 0 0 -0.108738 0.0524232 0.01
0.415162 1.58517 0.1 0.1 0.167863 -0.372913 0 0 -0.0427148 -0.471119 0.01
0.41158 1.56327 0.1 0.1 -0.232827 -0.0700947 0 0 -0.0202247 0.0140452 0.1
0.410879 1.56197 0.1 0.1 0.0921164 -0.190816 0 0 0.162222 -0.0609956 0.01
0.410852 1.55771 0.1 0.1 -0.0930194 -0.0937509 0 0 -0.0308789 0.0154647 0.03
0.410239 1.5572 0.1 0.1 -0.0295613 -0.00703424 0 0 0.0314523 0.0431198 0.01
