2.77436 0.373223 0.1 0.1 -0.0663987 -0.0797432 0 0 0 0 0
2.49835 -0.0384812 0.1 0.1 -6.74487 -10.0796 0 0 -0.435367 -0.650987 0.08
2.07765 -0.60858 0.1 0.1 -10.0561 -12.7025 0 0 -0.373539 -0.319496 0.05
1.24186 -1.71491 0.1 0.1 -13.7824 -18.8352 0 0 -0.325597 -0.517363 0.07
0.944679 -2.07144 0.1 0.1 -15.928 -16.8244 0 0 -0.610063 0.41338 0.02
0.175734 -2.74963 0.1 0.1 -22.4753 -17.0834 0 0 -0.914165 -0.117417 0.04
-0.52346 -3.11105 0.1 0.1 -24.1286 -1.3105 0 0 -0.3921 -0.957962 0.03
-2.9557 -2.7525 0.1 0.1 -36.5118 8.71803 0 0 -0.92625 0.549995 0.08
-2.97599 -1.41507 0.1 0.1 11.8176 20.8196 0 0 0.613459 0.7466 0.09
-2.45372 -0.475276 0.1 0.1 14.2797 26.1343 0 0 0.37451 0.781869 0.04
-0.787963 1.58664 0.1 0.1 27.2015 25.4209 0 0 0.911586 0.0848325 0.08
1.081 2.94455 0.1 0.1 35.0156 19.8995 0 0 0.805696 -0.346309 0.06
3.02686 3.08095 0.1 0.1 42.7547 -2.25317 0 0 0.968761 0.666906 0.05
2.92962 2.23436 0.1 0.1 -11.6906 -16.3472 0 0 -0.672992 -0.830009 0.09
1.68073 1.53566 0.1 0.1 -19.4301 -1.32104 0 0 -0.562298 0.895832 0.08
0.680363 1.48879 0.1 0.1 -20.5749 -0.560267 0 0 -0.214623 0.0718196 0.05
-0.329274 1.4638 0.1 0.1 0.0387826 0.0517648 0 0 0.980948 0.0297075 0.1
-0.327617 1.46741 0.1 0.1 0.0166759 0.068455 0 0 -0.0017052 0.0016917 0.06
-0.327632 1.46765 0.1 0.1 -0.0196813 -0.0205417 0 0 -0.0182082 -0.0443902 0.01
-0.327654 1.46757 0.1 0.1 0.0152717 0.00514775 0 0 0.0174809 0.012812 0.01
