-0.464813 -2.00023 0.1 0.1 0.00988304 0.042468 0 0 0 0 0
-0.710664 -2.56846 0.1 0.1 -5.39324 -12.482 0 0 -0.313919 -0.727517 0.09
-0.960571 -3.09179 0.1 0.1 -7.09025 -5.52928 0 0 -0.243355 -0.495038 0.04
-1.4895 -3.05017 0.1 0.1 -14.0094 1.59939 0 0 -0.745007 -0.410623 0.05
-1.96463 -2.64353 0.1 0.1 -1.94923 11.8528 0 0 0.965643 0.888431 0.06
-2.54264 -1.13675 0.1 0.1 -12.3618 25.634 0 0 -0.687106 0.955529 0.08
-3.20363 1.20093 0.1 0.1 1.97192 21.192 0 0 -0.216812 -0.105017 0.1
-2.77566 2.61539 0.1 0.1 12.1932 25.9096 0 0 0.887125 0.511217 0.06
-0.982125 3.03965 0.1 0.1 27.4341 -1.31035 0 0 0.946555 0.980338 0.09
0.939622 2.7229 0.1 0.1 36.5327 -9.17048 0 0 0.918677 -0.681287 0.06
1.67835 2.52033 0.1 0.1 37.3373 -11.0809 0 0 0.38625 -0.527601 0.02
2.0585 2.41182 0.1 0.1 38.691 -10.62 0 0 0.867654 0.177256 0.01
3.06698 1.30548 0.1 0.1 -11.2816 -11.488 0 0 -0.971191 -0.0985578 0.1
1.6893 0.923301 0.1 0.1 -16.192 3.59292 0 0 -0.314537 0.735166 0.1
1.17944 0.978928 0.1 0.1 -9.34613 -0.782211 0 0 0.792673 -0.53963 0.04
1.09328 0.970008 0.1 0.1 -7.88923 -1.00149 0 0 0.686 -0.113835 0.01
0.805617 0.97998 0.1 0.1 -11.2712 1.65301 0 0 -0.611994 0.444071 0.03
0.524871 1.06188 0.1 0.1 -7.46419 3.79612 0 0 0.588434 0.371163 0.03
0.273676 1.19392 0.1 0.1 0.198023 0.0208489 0 0 0.529772 -0.260116 0.07
0.274188 1.19379 0.1 0.1 -0.0951752 -0.0464369 0 0 -0.146475 -0.0337501 0.01
0.273194 1.19346 0.1 0.1 -0.103551 -0.0196495 0 0 -0.00468492 0.0132298 0.01
0.272834 1.19344 0.1 0.1 0.0313091 0.0147346 0 0 0.0673113 0.0172 0.01
