-0.372924 1.88997 0.1 0.1 0.0706288 0.0369316 0 0 0 0 0
0.0645017 1.12084 0.1 0.1 9.50828 -16.8756 0 0 0.548823 -0.98236 0.09
0.256339 -0.374201 0.1 0.1 -3.87114 -25.7361 0 0 -0.943234 -0.740111 0.07
0.0106337 -1.4798 0.1 0.1 -8.38603 -29.5187 0 0 -0.594804 -0.611322 0.04
-0.0795453 -1.77877 0.1 0.1 -9.64774 -30.2734 0 0 -0.674859 -0.527079 0.01
-0.28614 -3.18878 0.1 0.1 4.30283 4.89204 0 0 0.85965 -0.733977 0.08
-0.446099 -2.45885 0.1 0.1 -8.7211 15.8357 0 0 -0.941976 0.833987 0.07
-0.541638 -2.30547 0.1 0.1 -10.3838 14.842 0 0 -0.879481 -0.420356 0.01
-0.585726 -0.1235 0.1 0.1 9.17071 28.5673 0 0 0.976774 0.795668 0.1
-0.396072 0.463861 0.1 0.1 9.79317 30.1634 0 0 0.203091 0.546014 0.02
-0.291323 0.77361 0.1 0.1 11.1546 31.7837 0 0 0.733079 0.96543 0.01
-0.172517 1.08863 0.1 0.1 12.6043 31.2222 0 0 0.7833 -0.122897 0.01
0.237295 2.4375 0.1 0.1 7.91686 36.1876 0 0 -0.536794 0.789412 0.04
0.314706 2.80598 0.1 0.1 7.56588 37.508 0 0 -0.137893 0.844602 0.01
0.423828 2.80546 0.1 0.1 -4.95248 -13.08 0 0 -0.689495 -0.732241 0.09
0.341747 2.52266 0.1 0.1 -3.26117 -15.1924 0 0 0.402286 -0.598909 0.02
0.258963 2.25112 0.1 0.1 -5.01138 -11.9724 0 0 -0.458621 0.737271 0.02
0.069887 1.7761 0.1 0.1 0.213873 -0.0619124 0 0 0.314923 0.714884 0.08
0.0706497 1.77454 0.1 0.1 -0.13644 -0.0934411 0 0 -0.0874407 -0.00828343 0.02
0.0696517 1.77447 0.1 0.1 -0.0632738 0.0783631 0 0 0.0361169 0.0858847 0.01
0.0700854 1.77599 0.1 0.1 0.091413 0.0234721 0 0 0.0258675 -0.00889287 0.03
0.0707221 1.77584 0.1 0.1 0.0360266 -0.0531279 0 0 -0.0273962 -0.0383846 0.01
0.070981 1.77531 0.1 0.1 -0.00998392 -0.00023845 0 0 -0.011443 0.0130902 0.02
