-0.781358 -1.5304 0.1 0.1 -0.0559147 0.0826498 0 0 0 0 0
-0.879897 -1.58379 0.1 0.1 -3.85408 -2.19934 0 0 -0.389966 -0.233651 0.05
-1.62533 -1.18215 0.1 0.1 -10.936 10.0289 0 0 -0.391555 0.631467 0.1
-1.88149 -0.94513 0.1 0.1 -14.6675 13.6614 0 0 -0.997655 0.967119 0.02
-2.93151 0.0468518 0.1 0.1 -20.2775 19.3475 0 0 -0.555452 0.556289 0.06
-3.26171 1.16769 0.1 0.1 3.07411 25.437 0 0 0.0946583 0.722028 0.05
-3.2321 1.42527 0.1 0.1 2.78866 26.0788 0 0 -0.185379 0.449699 0.01
-3.11912 2.25362 0.1 0.1 4.73419 29.1288 0 0 0.342339 0.646527 0.03
-3.07034 2.54765 0.1 0.1 5.02044 29.6766 0 0 0.166719 0.421012 0.01
-3.12214 2.89941 0.1 0.1 -6.00679 -10.6174 0 0 -0.61564 -0.830022 0.09
-3.02848 2.04808 0.1 0.1 7.34013 -17.6901 0 0 0.946881 -0.660432 0.06
-2.8589 1.59306 0.1 0.1 3.9817 -12.6693 0 0 -0.531759 0.761077 0.03
-1.79224 1.13923 0.1 0.1 19.4889 2.35757 0 0 0.921711 0.810128 0.09
-1.15932 1.3319 0.1 0.1 12.2061 7.244 0 0 -0.832015 0.635028 0.04
-0.763872 1.54383 0.1 0.1 -0.757439 -1.09154 0 0 -0.898576 -0.580489 0.07
-0.770811 1.53563 0.1 0.1 -0.630644 -0.54868 0 0 0.0600189 0.26739 0.01
-0.772964 1.53217 0.1 0.1 0.198661 -0.14502 0 0 0.413902 0.200208 0.01
-0.772292 1.53158 0.1 0.1 -0.0638662 0.0262168 0 0 -0.131004 0.085313 0.01
-0.772303 1.53174 0.1 0.1 0.0614418 0.00609413 0 0 0.0626904 -0.00997102 0.01
-0.771964 1.5319 0.1 0.1 0.00642756 0.0264392 0 0 -0.0273551 0.0102507 0.01
-0.771883 1.53197 0.1 0.1 0.00985885 -0.011291 0 0 0.00175415 -0.0188303 0.01
