-2.53377 0.616952 0.1 0.1 0.0357446 -0.0268093 0 0 0 0 0
-3.11172 1.19648 0.1 0.1 -14.2943 14.3229 0 0 -0.932278 0.933003 0.08
-3.17841 1.88169 0.1 0.1 2.06265 8.57749 0 0 0.0573702 -0.421439 0.06
-2.66888 2.5938 0.1 0.1 10.5626 9.21686 0 0 0.56316 0.0845318 0.08
-2.37569 2.92694 0.1 0.1 8.99162 12.9732 0 0 -0.213193 0.68174 0.03
-1.74122 3.08925 0.1 0.1 16.3262 -2.35288 0 0 0.797138 0.736645 0.05
-0.165199 2.12021 0.1 0.1 18.6606 -18.9337 0 0 0.217427 -0.975019 0.09
0.47147 1.53084 0.1 0.1 23.758 -20.3511 0 0 0.956608 -0.333934 0.03
2.35994 -0.694678 0.1 0.1 18.2932 -28.9726 0 0 -0.198917 -0.602572 0.09
3.27372 -2.97472 0.1 0.1 -2.33023 -36.089 0 0 0.544161 -0.671542 0.07
2.0864 -2.68209 0.1 0.1 -21.104 12.0362 0 0 -0.998424 0.578438 0.1
1.442 -2.29574 0.1 0.1 -21.8522 13.7124 0 0 -0.232394 0.343493 0.03
0.0861565 -0.69086 0.1 0.1 -8.48147 21.8281 0 0 0.667881 0.540003 0.09
-0.231749 0.60963 0.1 0.1 -4.26907 30.1223 0 0 0.390185 0.959759 0.05
-0.296793 2.21862 0.1 0.1 1.62052 34.2039 0 0 0.582046 0.569254 0.05
-0.226843 2.93352 0.1 0.1 5.36168 37.2752 0 0 0.952215 0.946695 0.02
-0.0544122 2.72319 0.1 0.1 -1.42674 -13.5128 0 0 -0.367545 -0.844272 0.09
-0.272488 2.08691 0.1 0.1 -5.79861 -7.75399 0 0 -0.38276 0.426967 0.06
-0.476079 1.81433 0.1 0.1 -0.0854015 -0.122981 0 0 0.393769 0.525749 0.07
-0.475796 1.81385 0.1 0.1 0.141525 0.0260197 0 0 0.113679 0.074285 0.01
-0.474443 1.8154 0.1 0.1 -0.00567091 0.128793 0 0 -0.0364787 0.0260812 0.02
-0.474478 1.81595 0.1 0.1 -0.00137302 -0.0184577 0 0 0.00212376 -0.0733626 0.01
