-2.11345 1.91479 0.1 0.1 0.0773181 0.0322082 0 0 0 0 0
-2.10665 1.41212 0.1 0.1 0.0594584 -9.91989 0 0 -0.000656011 -0.522825 0.1
-2.08721 1.23171 0.1 0.1 1.87883 -8.12672 0 0 0.460097 0.403372 0.02
-2.68954 0.720393 0.1 0.1 -15.0103 -3.3085 0 0 -0.972628 0.239091 0.09
-3.21079 0.568614 0.1 0.1 -15.8908 -6.79414 0 0 -0.872376 -0.606181 0.03
-3.01941 -0.761949 0.1 0.1 4.5568 -19.5982 0 0 0.128724 -0.706463 0.1
-2.26006 -2.55166 0.1 0.1 16.9951 -31.3976 0 0 0.943233 -0.970765 0.07
-0.0358224 -2.89192 0.1 0.1 32.2033 9.30117 0 0 0.968595 0.7536 0.09
2.18393 -2.19522 0.1 0.1 41.6913 13.8787 0 0 0.976517 0.438743 0.06
3.20319 -0.404653 0.1 0.1 -4.54513 25.7261 0 0 0.00125519 0.756899 0.09
2.81807 2.95972 0.1 0.1 -3.17434 41.3019 0 0 0.0489218 0.947166 0.1
1.95123 2.90203 0.1 0.1 -18.2937 -10.6633 0 0 -0.999246 -0.597263 0.08
1.27482 2.40954 0.1 0.1 -15.5445 -13.9395 0 0 0.25893 -0.471027 0.04
0.624608 1.89302 0.1 0.1 -16.9566 -11.8999 0 0 -0.258384 0.190657 0.04
-0.202694 1.26948 0.1 0.1 0.123228 -0.755788 0 0 0.813144 0.526389 0.1
-0.205347 1.26669 0.1 0.1 -0.652693 0.195492 0 0 -0.38949 0.474234 0.01
-0.210417 1.26668 0.1 0.1 -0.361624 -0.197112 0 0 0.143072 -0.196307 0.01
-0.28772 1.20472 0.1 0.1 -4.76985 -3.91501 0 0 -0.748363 -0.630254 0.03
-0.360144 1.14332 0.1 0.1 -0.0818906 -0.196531 0 0 0.770067 0.609832 0.03
-0.36168 1.14233 0.1 0.1 -0.225164 -0.00341348 0 0 -0.0724413 0.0960576 0.01
-0.363107 1.14197 0.1 0.1 -0.0605051 -0.06691 0 0 0.0816786 -0.0319081 0.01
-0.363114 1.14132 0.1 0.1 0.0589397 -0.0638238 0 0 0.059771 0.00123233 0.01
-0.313749 1.37453 0.1 0.1 1.90066 9.31416 0 0 0.189452 0.961329 0.05
-0.224523 1.73646 0.1 0.1 0.350119 -0.139887 0 0 -0.0915366 -0.568374 0.08
-0.217948 1.73594 0.1 0.1 0.307538 0.0872565 0 0 -0.00900014 0.0566646 0.02
-0.216066 1.73603 0.1 0.1 0.0692378 -0.069157 0 0 -0.118293 -0.0781919 0.01
-0.215119 1.73565 0.1 0.1 0.120045 -0.00677219 0 0 0.0258967 0.0310117 0.01
-0.214062 1.7357 0.1 0.1 0.0914266 0.0154549 0 0 -0.0137878 0.0111353 0.01
-0.213328 1.73582 0.1 0.1 -0.0176659 -0.00330793 0 0 -0.0271069 -0.00466505 0.02
