2.68404 2.3937 0.1 0.1 -0.0635547 0.0450249 0 0 0 0 0
3.23331 3.00759 0.1 0.1 -0.465259 9.81512 0 0 0.786703 0.630219 0.1
3.15832 2.9644 0.1 0.1 -0.638981 -5.32945 0 0 0.350437 -0.648085 0.06
3.04924 2.47403 0.1 0.1 -2.97337 -10.9597 0 0 -0.203713 -0.510126 0.06
2.87016 1.96336 0.1 0.1 -5.96058 -14.5501 0 0 -0.396205 -0.512711 0.04
2.71446 0.723713 0.1 0.1 1.42526 -20.7957 0 0 0.516353 -0.534613 0.07
2.49857 -0.624556 0.1 0.1 -8.52374 -24.1134 0 0 -0.848051 -0.389197 0.06
2.41372 -0.873219 0.1 0.1 -8.44679 -25.6166 0 0 -0.00338953 -0.876083 0.01
1.65485 -2.55386 0.1 0.1 -16.7679 -30.3575 0 0 -0.755739 -0.535461 0.06
1.487 -2.86565 0.1 0.1 -16.8021 -31.998 0 0 -0.100075 -0.976414 0.01
-1.0142 -2.94345 0.1 0.1 -32.9534 3.45943 0 0 -0.932893 0.0363086 0.1
-2.3857 -2.95794 0.1 0.1 -35.6039 -4.13365 0 0 -0.502789 -0.951373 0.04
-2.97731 -2.51299 0.1 0.1 11.3506 12.7504 0 0 0.896581 0.866437 0.1
-1.42581 -0.875855 0.1 0.1 19.5391 19.8741 0 0 0.488069 0.437919 0.1
-0.573665 0.0400389 0.1 0.1 23.0459 25.8801 0 0 0.546233 0.865327 0.04
1.45443 2.24236 0.1 0.1 34.7747 36.9124 0 0 0.981181 0.946403 0.07
1.80167 2.61734 0.1 0.1 34.6734 38.0827 0 0 0.120106 0.773611 0.01
2.15663 2.99175 0.1 0.1 36.3143 36.8011 0 0 0.996715 -0.453285 0.01
3.14516 2.65714 0.1 0.1 -8.15048 -15.8251 0 0 -0.858273 -0.972277 0.09
2.1891 1.42231 0.1 0.1 -10.9243 -8.98571 0 0 -0.186892 0.280365 0.1
1.64312 1.01153 0.1 0.1 -7.31167 -4.74897 0 0 0.255721 0.319054 0.06
0.967264 1.10914 0.1 0.1 -9.55532 7.03188 0 0 -0.182371 0.742555 0.08
0.44574 1.3537 0.1 0.1 -11.2912 2.78601 0 0 -0.22591 -0.400133 0.05
0.0512465 1.44911 0.1 0.1 -0.110159 -0.026976 0 0 0.771046 -0.193937 0.07
