-3.0686 -1.70489 0.1 0.1 -0.0222388 0.0106588 0 0 0 0 0
-3.00009 -1.68249 0.1 0.1 4.56699 1.4755 0 0 0.776812 0.248019 0.03
-2.91688 -1.61438 0.1 0.1 3.75622 5.3226 0 0 -0.18183 0.978918 0.02
-2.88148 -1.55431 0.1 0.1 3.32572 6.68906 0 0 -0.19749 0.713335 0.01
-2.81587 -1.08635 0.1 0.1 -0.668083 11.985 0 0 -0.392897 0.576386 0.05
-2.82608 -0.0441272 0.1 0.1 0.317786 22.6493 0 0 0.0818485 0.975724 0.06
-3.14312 1.77375 0.1 0.1 -7.49779 29.2126 0 0 -0.707848 0.598579 0.07
-3.15198 3.17349 0.1 0.1 0.41923 -4.1778 0 0 -0.197599 0.257361 0.08
-3.14076 3.01266 0.1 0.1 0.0195129 -0.39482 0 0 -0.0765043 0.78834 0.08
-2.76348 2.62095 0.1 0.1 10.636 -10.6772 0 0 0.785509 -0.762578 0.07
-0.797991 1.25271 0.1 0.1 28.3748 -16.5926 0 0 0.986008 -0.363742 0.1
0.914806 -0.0434678 0.1 0.1 28.7167 -26.5122 0 0 0.171434 -0.934276 0.06
2.25988 -1.38219 0.1 0.1 25.117 -27.0314 0 0 -0.226293 -0.186379 0.05
3.37572 -2.72249 0.1 0.1 -2.14358 -17.7398 0 0 0.0899228 0.662293 0.06
2.73637 -3.07068 0.1 0.1 -15.51 3.21157 0 0 -0.965985 0.134779 0.07
2.08118 -2.69635 0.1 0.1 -10.7374 11.691 0 0 0.411799 0.88547 0.05
0.98958 -2.00948 0.1 0.1 -20.3382 7.97807 0 0 -0.764175 -0.21642 0.07
-0.100464 -1.1621 0.1 0.1 -10.917 16.1365 0 0 0.595392 0.643219 0.07
-0.213246 -0.993919 0.1 0.1 -11.6382 17.4982 0 0 -0.417214 0.764841 0.01
-0.466077 0.562658 0.1 0.1 5.75924 17.098 0 0 0.953464 0.0645684 0.09
-0.269458 1.14936 0.1 0.1 4.08263 12.2695 0 0 -0.18568 -0.53037 0.04
-0.234008 1.50956 0.1 0.1 -2.98829 -1.81398 0 0 -0.503191 -0.980509 0.07
-0.306479 1.48209 0.1 0.1 -0.65084 0.425571 0 0 0.283381 0.276619 0.04
-0.306258 1.48356 0.1 0.1 0.692791 -0.131637 0 0 0.672357 -0.277791 0.01
-0.271585 1.48821 0.1 0.1 0.302409 0.260012 0 0 -0.0254226 0.0283071 0.07
-0.271127 1.48826 0.1 0.1 -0.209964 -0.249673 0 0 -0.25619 -0.254912 0.01
-0.270518 1.48687 0.1 0.1 0.330899 -0.0275718 0 0 0.270951 0.11043 0.01
-0.269968 1.48606 0.1 0.1 -0.219989 -0.135504 0 0 -0.275377 -0.0544361 0.01
-0.272576 1.48521 0.1 0.1 -0.301425 -0.0332377 0 0 -0.0420411 0.0507127 0.01
-0.275583 1.48502 0.1 0.1 -0.300086 -0.00570866 0 0 -0.000831293 0.0136699 0.01
-0.277577 1.48494 0.1 0.1 -0.0989289 -0.0101555 0 0 0.0996538 -0.00224414 0.01
-0.277982 1.48475 0.1 0.1 0.0176339 -0.0272453 0 0 0.0581189 -0.00862879 0.01
