-1.7704 0.197021 0.1 0.1 0.0203103 -0.0926611 0 0 0 0 0
-2.1988 0.200775 0.1 0.1 -12.119 0.196431 0 0 -0.898647 0.0205958 0.07
-3.10766 0.315887 0.1 0.1 -10.6224 2.64868 0 0 0.0369026 0.160556 0.08
-3.05847 0.655237 0.1 0.1 6.116 6.99855 0 0 0.659472 0.335454 0.07
-2.17946 0.68598 0.1 0.1 18.8497 -5.96942 0 0 0.972946 -0.923817 0.07
-0.556222 -0.0916235 0.1 0.1 21.6937 -13.3712 0 0 0.279315 -0.511085 0.08
0.425783 -0.459398 0.1 0.1 27.369 -5.07236 0 0 0.833221 0.991632 0.04
0.98031 -0.540135 0.1 0.1 28.0814 -3.00816 0 0 0.317003 0.495613 0.02
1.26591 -0.563353 0.1 0.1 29.0379 -1.63773 0 0 0.621763 0.673427 0.01
3.16744 -0.221968 0.1 0.1 21.0782 11.2422 0 0 -0.128572 0.943958 0.07
3.19615 0.522863 0.1 0.1 -3.58386 13.5558 0 0 -0.0966083 0.254099 0.06
2.70182 1.7718 0.1 0.1 -10.4599 22.0288 0 0 -0.526777 0.694446 0.07
1.57043 3.05959 0.1 0.1 -21.7352 12.2824 0 0 -0.88637 -0.420835 0.07
-0.196782 2.45144 0.1 0.1 -13.7403 -15.6341 0 0 0.311437 -0.944311 0.1
-0.557371 2.01 0.1 0.1 -10.3162 -13.8046 0 0 0.510362 0.231546 0.03
-0.86212 1.66935 0.1 0.1 -10.0023 -8.92991 0 0 0.00126758 0.755922 0.03
-1.11152 1.46768 0.1 0.1 -0.0573249 0.782273 0 0 0.970341 0.951437 0.05
-1.11181 1.47254 0.1 0.1 -0.000427053 0.191172 0 0 0.0282676 -0.293165 0.01
-1.1119 1.47293 0.1 0.1 -0.0173605 -0.11233 0 0 -0.00854689 -0.151583 0.01
-1.1124 1.4724 0.1 0.1 -0.0823016 0.00633213 0 0 -0.032732 0.0590704 0.01
-1.11267 1.47259 0.1 0.1 0.0288242 0.0314691 0 0 0.0554724 0.0126761 0.01
-1.11229 1.47224 0.1 0.1 -0.0157504 -0.0425737 0 0 -0.00368687 -0.00620164 0.06
-1.11248 1.47194 0.1 0.1 -0.0219457 -0.0177877 0 0 -0.00319179 0.0122438 0.01
