0.309301 -0.740974 0.1 0.1 -0.0635485 0.056391 0 0 0 0 0
0.823134 -0.656698 0.1 0.1 12.7387 2.02459 0 0 0.833124 0.128533 0.08
1.08965 -0.580763 0.1 0.1 13.909 5.55713 0 0 0.359885 0.90226 0.02
3.01553 0.344551 0.1 0.1 28.6682 14.8647 0 0 0.928086 0.568854 0.09
3.16845 2.03624 0.1 0.1 -0.966546 22.6042 0 0 0.788415 0.523446 0.09
2.78283 3.06751 0.1 0.1 -6.65283 -2.17669 0 0 -0.303734 0.544459 0.1
1.67582 2.88808 0.1 0.1 -20.8333 -2.3076 0 0 -0.955701 -0.0193166 0.08
0.22101 2.40172 0.1 0.1 -20.733 -11.4819 0 0 -0.0969122 -0.689964 0.07
-0.585312 1.85311 0.1 0.1 -19.5901 -15.9187 0 0 0.0414206 -0.622891 0.04
-1.2736 1.13964 0.1 0.1 -14.8557 -19.7293 0 0 0.505095 -0.565154 0.04
-2.98096 -0.938398 0.1 0.1 -27.6668 -32.055 0 0 -0.908503 -0.900666 0.08
-3.34281 -2.32861 0.1 0.1 4.35504 -37.4192 0 0 0.70743 -0.843876 0.04
-2.96993 -3.1908 0.1 0.1 8.01857 5.05071 0 0 0.334744 0.0331962 0.06
-1.28802 -2.29846 0.1 0.1 25.3287 12.6708 0 0 0.950029 0.425513 0.1
0.496132 -1.47396 0.1 0.1 34.0539 14.7926 0 0 0.877218 0.244724 0.06
0.839258 -1.33494 0.1 0.1 34.5705 13.0139 0 0 0.431124 -0.821198 0.01
2.3349 -0.786429 0.1 0.1 40.1741 14.4022 0 0 0.889217 0.241013 0.04
3.13653 -0.467137 0.1 0.1 39.9897 17.5162 0 0 0.155515 0.85741 0.02
2.62061 0.806624 0.1 0.1 -18.1309 8.10199 0 0 -0.975701 -0.408183 0.1
2.03797 0.995527 0.1 0.1 -20.6988 4.5094 0 0 -0.525515 -0.567188 0.03
1.49212 1.1731 0.1 0.1 -15.7164 7.31465 0 0 0.740474 0.497766 0.03
0.690092 1.63198 0.1 0.1 -7.29624 5.81431 0 0 0.544697 -0.0741381 0.07
0.433431 1.83665 0.1 0.1 -9.80202 7.82056 0 0 -0.460541 0.368566 0.03
0.232382 2.07174 0.1 0.1 -3.6319 7.85241 0 0 0.995426 0.0446352 0.03
0.0584188 2.41359 0.1 0.1 -0.284172 -0.135968 0 0 0.17638 -0.424875 0.09
0.0558266 2.40996 0.1 0.1 0.0239191 -0.226367 0 0 0.0764018 -0.0235093 0.02
0.0552885 2.40345 0.1 0.1 -0.0448679 -0.0358987 0 0 -0.00693478 0.0183983 0.05
0.054782 2.40284 0.1 0.1 -0.00591058 -0.0252425 0 0 0.00961623 0.00251186 0.02
0.0551124 2.40246 0.1 0.1 0.0277675 -0.0002963 0 0 0.00567015 0.00409495 0.03
