2.60686 -1.98971 0.1 0.1 -0.0049543 -0.0244047 0 0 0 0 0
2.63768 -2.00895 0.1 0.1 3.07637 -1.89321 0 0 0.778381 -0.472031 0.02
2.63381 -2.19855 0.1 0.1 -3.05188 -1.89871 0 0 -0.306744 -0.00977671 0.1
2.41151 -2.18841 0.1 0.1 -8.02987 2.37728 0 0 -0.65028 0.535802 0.04
1.24233 -1.95968 0.1 0.1 -21.0258 3.32926 0 0 -0.885771 0.0735301 0.08
-0.965073 -2.22004 0.1 0.1 -33.9891 -9.66343 0 0 -0.948423 -0.829282 0.08
-3.28758 -2.34417 0.1 0.1 3.17533 6.90078 0 0 -0.129021 0.821599 0.1
-2.99833 -1.80222 0.1 0.1 6.43327 11.1219 0 0 0.295914 0.396981 0.06
-2.81339 -1.44003 0.1 0.1 5.89845 13.0145 0 0 -0.0580025 0.375796 0.03
-2.01075 -0.473531 0.1 0.1 16.9052 14.5815 0 0 0.844706 0.181098 0.07
-0.709948 0.77795 0.1 0.1 20.2251 21.0981 0 0 0.330307 0.555087 0.07
0.504157 2.34888 0.1 0.1 20.2473 31.1654 0 0 0.10145 0.970401 0.06
0.698038 2.65923 0.1 0.1 18.5316 30.9063 0 0 -0.762582 0.0258782 0.01
1.18317 3.22775 0.1 0.1 13.8327 0.564534 0 0 -0.702533 -0.360124 0.03
2.61769 2.5577 0.1 0.1 21.9218 -15.1286 0 0 0.595462 -0.886246 0.08
3.08186 2.24245 0.1 0.1 24.4868 -16.3925 0 0 0.757861 -0.394441 0.02
2.94594 0.251203 0.1 0.1 -9.24707 -27.6881 0 0 -0.608693 -0.738423 0.09
2.72979 -0.31826 0.1 0.1 -12.3583 -29.2529 0 0 -0.832804 -0.533947 0.02
0.952861 -3.15328 0.1 0.1 -26.9128 -27.3551 0 0 -0.906226 -0.40402 0.09
-0.605028 -3.13768 0.1 0.1 -35.3337 7.28214 0 0 -0.998239 0.439432 0.05
-2.90358 -2.44212 0.1 0.1 -41.2244 15.8204 0 0 -0.682871 0.769116 0.06
-3.04797 -1.19246 0.1 0.1 13.3126 15.4247 0 0 0.904553 0.0533408 0.08
-2.79757 -0.848895 0.1 0.1 11.7324 18.9202 0 0 -0.331891 0.959649 0.02
-1.7824 0.347736 0.1 0.1 22.0061 20.9466 0 0 0.941952 0.268892 0.06
-1.33053 0.739435 0.1 0.1 23.1773 18.2322 0 0 0.405121 -0.5804 0.02
-0.721508 1.27836 0.1 0.1 17.4528 17.6986 0 0 -0.854432 0.000969962 0.03
0.0563857 2.07838 0.1 0.1 4.91565 5.30409 0 0 -0.841063 -0.828305 0.07
0.20517 2.21478 0.1 0.1 0.0918329 -0.697266 0 0 -0.389807 -0.488845 0.06
0.198232 2.20442 0.1 0.1 -0.319017 0.341352 0 0 -0.0348265 0.0857012 0.06
0.19849 2.20694 0.1 0.1 0.369494 0.163761 0 0 0.344526 -0.087534 0.01
0.201366 2.20727 0.1 0.1 0.205997 -0.0980941 0 0 -0.0803506 -0.13079 0.01
0.202174 2.20634 0.1 0.1 -0.0439087 -0.0877933 0 0 -0.124601 0.00468122 0.01
0.202459 2.20432 0.1 0.1 0.0544686 0.00638075 0 0 0.00987074 0.00921789 0.05
