-1.74108 2.6407 0.1 0.1 -0.0594239 -0.0902923 0 0 0 0 0
-1.32813 2.70379 0.1 0.1 9.09889 1.46881 0 0 0.53188 0.0901398 0.09
-0.636854 2.53359 0.1 0.1 13.8954 -7.05689 0 0 0.457482 -0.724719 0.06
0.402754 1.20654 0.1 0.1 9.27774 -22.2057 0 0 -0.198911 -0.915375 0.09
0.560542 -0.556428 0.1 0.1 -5.14179 -21.8725 0 0 -0.892326 -0.0896591 0.08
0.275212 -1.50248 0.1 0.1 -9.09981 -25.4065 0 0 -0.530168 -0.560275 0.04
-0.945976 -3.27752 0.1 0.1 -21.2631 2.51979 0 0 -0.836164 -0.451516 0.08
-3.01836 -2.5891 0.1 0.1 -30.4234 13.3256 0 0 -0.702307 0.63486 0.08
-3.1595 -0.941879 0.1 0.1 0.731177 19.5154 0 0 -0.269669 0.391851 0.1
-2.652 0.425872 0.1 0.1 11.8102 14.7418 0 0 0.724887 -0.212657 0.08
-2.07089 1.02854 0.1 0.1 17.2103 15.3873 0 0 0.747869 0.156421 0.04
0.374709 1.5965 0.1 0.1 31.4611 -3.7123 0 0 0.834847 -0.925943 0.1
2.15088 1.23545 0.1 0.1 39.5174 -10.6727 0 0 0.984201 -0.730734 0.05
3.31755 0.856258 0.1 0.1 -6.63183 1.0412 0 0 0.0570633 0.70829 0.08
2.33466 0.861008 0.1 0.1 -17.7917 -0.897263 0 0 -0.759635 -0.120962 0.08
1.9431 0.865827 0.1 0.1 -21.3531 1.37149 0 0 -0.988927 0.568528 0.02
1.02432 0.981205 0.1 0.1 -15.4469 3.22849 0 0 0.499435 0.197745 0.05
0.260203 1.14744 0.1 0.1 -0.0908206 0.148336 0 0 0.730262 -0.145438 0.1
0.260628 1.14795 0.1 0.1 0.175382 -0.0455125 0 0 0.133403 -0.09665 0.01
0.264391 1.14421 0.1 0.1 -0.095622 -0.0296309 0 0 -0.0133736 0.000603466 0.1
0.264121 1.14443 0.1 0.1 0.0414419 0.0736521 0 0 0.0684699 0.051779 0.01
0.264445 1.14498 0.1 0.1 0.0234057 0.0371071 0 0 -0.00886864 -0.0180013 0.01
