1.27161 1.97007 0.1 0.1 0.0176961 -0.0350528 0 0 0 0 0
0.920066 1.35824 0.1 0.1 -6.9312 -12.0022 0 0 -0.365423 -0.62908 0.1
-0.191031 0.222932 0.1 0.1 -17.5998 -13.2087 0 0 -0.655353 -0.1302 0.09
-1.29358 -0.596699 0.1 0.1 -26.4304 -19.5231 0 0 -0.994299 -0.713962 0.05
-1.56597 -0.79684 0.1 0.1 -28.0454 -20.5034 0 0 -0.943635 -0.591116 0.01
-3.42355 -2.60938 0.1 0.1 -0.265501 -31.1618 0 0 -0.766793 -0.891725 0.07
-2.47329 -3.00168 0.1 0.1 18.6169 4.11065 0 0 0.950694 0.0669632 0.09
-1.6669 -2.87674 0.1 0.1 21.682 2.1496 0 0 0.484073 -0.229666 0.04
-1.20247 -2.86952 0.1 0.1 24.7512 -1.41571 0 0 0.883643 -0.889866 0.02
0.0599175 -3.06181 0.1 0.1 25.7362 -0.0957967 0 0 0.224722 -0.961377 0.05
2.94861 -2.50539 0.1 0.1 38.2669 12.2315 0 0 0.856978 0.712876 0.09
2.97243 -1.04319 0.1 0.1 -12.2368 20.1415 0 0 -0.624235 0.520421 0.09
2.13758 -0.0218518 0.1 0.1 -21.0837 20.7071 0 0 -0.969194 0.158267 0.05
1.68561 0.390067 0.1 0.1 -24.1026 20.4853 0 0 -0.868467 0.0473162 0.02
1.24555 0.7716 0.1 0.1 -19.9179 17.6774 0 0 0.93729 -0.606045 0.02
1.04898 0.943187 0.1 0.1 -19.3971 16.6417 0 0 0.162498 -0.431768 0.01
0.0770107 1.72901 0.1 0.1 -0.357604 -0.6356 0 0 0.904022 -0.82441 0.1
0.0720375 1.72581 0.1 0.1 -0.636568 -0.00418479 0 0 -0.142011 0.314146 0.01
0.0686397 1.72546 0.1 0.1 -0.043975 -0.0657562 0 0 0.294776 -0.0309247 0.01
0.0681915 1.72538 0.1 0.1 -0.0456619 0.0481399 0 0 -0.00106016 0.0569142 0.01
0.0679954 1.72579 0.1 0.1 0.0063633 0.0355597 0 0 0.0259297 -0.00607836 0.01
0.0681256 1.72588 0.1 0.1 0.0196483 -0.0175072 0 0 0.00670799 -0.0264922 0.01
