2.16914 0.893081 0.1 0.1 0.0727141 0.0126534 0 0 0 0 0
1.52481 0.16365 0.1 0.1 -14.1764 -15.9825 0 0 -0.828638 -0.929534 0.09
0.880075 -1.4241 0.1 0.1 -2.10482 -23.6093 0 0 0.71515 -0.575756 0.08
0.991371 -2.76971 0.1 0.1 4.79827 -10.2093 0 0 0.438902 0.753566 0.08
1.70034 -2.90077 0.1 0.1 9.30579 5.75972 0 0 0.260851 0.543884 0.1
2.04538 -2.65078 0.1 0.1 13.6747 10.8809 0 0 0.785931 0.895259 0.03
2.48207 -2.24643 0.1 0.1 15.4289 16.0503 0 0 0.365665 0.928967 0.03
3.19591 -1.00678 0.1 0.1 0.541508 19.331 0 0 -0.517361 0.322593 0.07
2.75949 1.05317 0.1 0.1 -11.2119 31.9984 0 0 -0.757148 0.920351 0.08
2.64566 1.37778 0.1 0.1 -11.5527 32.923 0 0 -0.227629 0.624809 0.01
2.52185 1.70444 0.1 0.1 -13.2073 32.4102 0 0 -0.8901 -0.0931036 0.01
2.25873 2.38361 0.1 0.1 -13.1053 35.4959 0 0 -0.0404651 0.941525 0.02
2.1359 2.74151 0.1 0.1 -11.4625 36.0833 0 0 0.759997 0.472761 0.01
0.819547 2.8904 0.1 0.1 -17.6953 -9.2526 0 0 -0.419393 -0.472769 0.09
-0.157699 2.31589 0.1 0.1 -14.9071 -9.89158 0 0 0.15076 -0.100993 0.06
-0.749118 1.66616 0.1 0.1 -2.14046 -8.68605 0 0 0.869896 0.0398713 0.07
-0.767412 1.28198 0.1 0.1 1.67617 0.0180736 0 0 0.211244 0.462348 0.09
-0.755331 1.28157 0.1 0.1 0.741533 -0.100327 0 0 -0.461669 -0.0595253 0.01
-0.751122 1.27921 0.1 0.1 -0.317101 -0.135016 0 0 -0.263822 -0.00932453 0.02
-0.433463 1.46792 0.1 0.1 10.7953 6.36017 0 0 0.953286 0.557333 0.06
0.0381032 1.67394 0.1 0.1 1.12202 -1.10995 0 0 -0.575641 -0.454139 0.08
0.0443327 1.66849 0.1 0.1 0.125556 0.0186176 0 0 -0.495348 0.561583 0.01
0.0453424 1.66838 0.1 0.1 0.0764575 -0.0411041 0 0 -0.0240646 -0.0299262 0.01
0.0460965 1.66713 0.1 0.1 -0.000786644 -0.0837194 0 0 -0.0191365 -0.010971 0.02
0.0462604 1.66681 0.1 0.1 0.0335082 0.0197353 0 0 0.0172482 0.0515794 0.01
0.0464663 1.66705 0.1 0.1 0.00771195 0.0279193 0 0 -0.0128028 0.0042099 0.01
0.0477351 1.66854 0.1 0.1 0.0202956 0.00559411 0 0 0.000769843 -0.00115745 0.09
