1.36555 -1.90006 0.1 0.1 -0.0655188 0.0988063 0 0 0 0 0
0.827412 -2.49778 0.1 0.1 -10.5246 -11.854 0 0 -0.550031 -0.627698 0.1
0.288094 -3.04822 0.1 0.1 -16.4019 -12.6877 0 0 -0.802079 -0.542514 0.04
-0.455952 -2.58899 0.1 0.1 -0.373542 14.2273 0 0 0.849303 0.983303 0.09
0.127034 -0.916054 0.1 0.1 13.1215 22.82 0 0 0.783209 0.570431 0.09
1.23778 0.49303 0.1 0.1 23.8002 24.1354 0 0 0.983688 0.227359 0.06
2.609 2.05247 0.1 0.1 21.9281 27.8088 0 0 -0.0435491 0.436577 0.06
3.16104 2.97267 0.1 0.1 -1.55051 -7.24358 0 0 0.0894736 -0.860781 0.1
3.14215 1.36927 0.1 0.1 0.0103905 -24.5364 0 0 0.609643 -0.944964 0.1
2.50179 -0.869621 0.1 0.1 -14.0352 -25.206 0 0 -0.816782 -0.161876 0.09
0.550763 -2.40295 0.1 0.1 -29.0934 -9.10875 0 0 -0.944352 0.808685 0.09
-0.676901 -2.71346 0.1 0.1 -32.2683 -6.4346 0 0 -0.55013 0.294964 0.04
-2.78863 -2.79224 0.1 0.1 -38.0643 3.70728 0 0 -0.659092 0.838306 0.06
-2.82283 -1.55957 0.1 0.1 13.7203 20.6619 0 0 0.874839 0.909373 0.1
-2.33571 -0.93904 0.1 0.1 18.729 20.7062 0 0 0.917767 0.110736 0.03
-1.70049 -0.274682 0.1 0.1 23.5952 23.5698 0 0 0.91878 0.58809 0.03
0.934139 2.48021 0.1 0.1 34.8005 37.4386 0 0 0.767583 0.924465 0.09
1.28168 2.85994 0.1 0.1 34.7079 38.5056 0 0 0.125447 0.724046 0.01
3.2802 2.73203 0.1 0.1 -4.11723 -10.6286 0 0 0.711829 -0.568709 0.1
2.72186 2.28133 0.1 0.1 -14.391 -4.45641 0 0 -0.903093 0.476946 0.06
2.57491 2.24683 0.1 0.1 -14.9994 -2.44823 0 0 -0.377836 0.987182 0.01
1.47622 1.85936 0.1 0.1 -9.49819 -6.10708 0 0 0.244596 -0.224668 0.09
1.00761 1.72263 0.1 0.1 -13.9028 -0.764918 0 0 -0.609484 0.650873 0.04
0.721536 1.70467 0.1 0.1 -14.7025 -1.03097 0 0 -0.271613 -0.0708242 0.02
0.074779 1.62682 0.1 0.1 0.107944 -0.703262 0 0 0.787386 0.014086 0.09
0.0778488 1.61513 0.1 0.1 0.198736 -0.466636 0 0 0.0234899 0.0562476 0.02
0.0787645 1.61182 0.1 0.1 -0.0152436 -0.194156 0 0 -0.106581 0.134595 0.01
0.0786707 1.6105 0.1 0.1 -0.00352646 -0.070091 0 0 0.00582573 0.0613841 0.01
