-2.94561 0.728827 0.1 0.1 -0.0167677 0.0252383 0 0 0 0 0
-2.55112 0.266714 0.1 0.1 11.1575 -13.0758 0 0 0.82686 -0.968657 0.07
-2.1866 -0.144118 0.1 0.1 13.1336 -14.3068 0 0 0.390408 -0.273527 0.03
-1.64669 -0.778398 0.1 0.1 13.8571 -17.3865 0 0 0.157792 -0.464374 0.04
-0.5509 -1.77188 0.1 0.1 22.5836 -15.7448 0 0 0.818806 0.0538663 0.06
2.5264 -3.14285 0.1 0.1 38.6934 1.0716 0 0 0.959256 -0.125238 0.1
3.32621 -3.02003 0.1 0.1 -5.79103 0.655888 0 0 0.595189 -0.829014 0.07
2.95994 -2.84523 0.1 0.1 -12.4779 8.03498 0 0 -0.881903 0.944412 0.04
2.34496 -1.53909 0.1 0.1 -0.0317105 17.9225 0 0 0.591898 0.559767 0.1
2.34249 -0.953868 0.1 0.1 -0.132681 21.0764 0 0 -0.0167424 0.623266 0.03
1.68493 1.15035 0.1 0.1 -14.267 25.6152 0 0 -0.822422 0.368863 0.09
0.0377431 3.16108 0.1 0.1 -18.6054 -0.71668 0 0 -0.299231 -0.127625 0.1
-0.787755 3.01231 0.1 0.1 -0.0175994 -0.366555 0 0 0.987048 0.841129 0.09
-0.126613 2.46684 0.1 0.1 13.0228 -10.3765 0 0 0.685295 -0.52785 0.1
0.200671 2.14959 0.1 0.1 8.81736 -10.7717 0 0 -0.646533 -0.118679 0.03
0.412108 1.69132 0.1 0.1 -0.283653 -7.58515 0 0 -0.88942 0.272816 0.05
0.230425 1.57487 0.1 0.1 -5.71832 3.59149 0 0 -0.468194 0.921779 0.06
0.145103 1.64575 0.1 0.1 0.00165171 1.14639 0 0 0.939683 -0.395607 0.03
0.145627 1.65973 0.1 0.1 0.0505849 0.254509 0 0 0.0123371 -0.219512 0.02
0.144468 1.66238 0.1 0.1 -0.165736 0.0109902 0 0 -0.0544139 -0.0602368 0.02
0.143425 1.66235 0.1 0.1 -0.0430227 -0.0157308 0 0 0.0608724 -0.0133654 0.01
0.141975 1.65971 0.1 0.1 0.00107334 -0.0593436 0 0 0.00304768 -0.00330421 0.07
