-2.2997 0.37077 0.1 0.1 -0.0783995 0.0452011 0 0 0 0 0
-2.12429 0.449514 0.1 0.1 7.03562 3.07926 0 0 0.729821 0.311606 0.05
-1.74382 0.7154 0.1 0.1 11.9554 10.1677 0 0 0.663384 0.919725 0.04
-1.52552 0.898039 0.1 0.1 9.88177 8.10307 0 0 -0.46473 -0.470672 0.02
-0.292645 1.86023 0.1 0.1 17.4049 13.2019 0 0 0.486401 0.337068 0.09
2.10822 2.15151 0.1 0.1 30.393 -7.04041 0 0 0.769543 -0.997175 0.1
3.26522 1.62577 0.1 0.1 -3.54531 -6.11172 0 0 0.420216 0.0254075 0.08
3.08212 1.40494 0.1 0.1 -8.63569 -8.59818 0 0 -0.879747 -0.4514 0.03
2.31774 1.04683 0.1 0.1 -13.1515 -1.71376 0 0 -0.377441 0.466289 0.07
2.04245 1.04911 0.1 0.1 -14.3732 1.92915 0 0 -0.374259 0.911546 0.02
0.93647 1.25346 0.1 0.1 -13.2908 3.16312 0 0 -0.00133653 0.090116 0.08
0.703311 1.34368 0.1 0.1 -10.0359 5.85032 0 0 0.756338 0.694805 0.02
0.096532 1.58972 0.1 0.1 -7.33199 1.23342 0 0 0.149925 -0.312142 0.07
-0.120757 1.63507 0.1 0.1 0.0156655 0.287759 0 0 0.594596 -0.0749208 0.06
-0.12191 1.63657 0.1 0.1 -0.2459 0.0135994 0 0 -0.131467 -0.136372 0.01
-0.122684 1.636 0.1 0.1 0.0906303 -0.12765 0 0 0.167977 -0.0708959 0.01
-0.123557 1.63514 0.1 0.1 -0.177104 0.0407214 0 0 -0.0671891 0.0418736 0.02
-0.130441 1.63346 0.1 0.1 -0.0988836 -0.106652 0 0 0.00713646 -0.0149066 0.05
-0.131208 1.63257 0.1 0.1 -0.0545852 -0.0721961 0 0 0.0217829 0.0167876 0.01
-0.131389 1.63197 0.1 0.1 0.0182209 -0.0471599 0 0 0.0363383 0.0122278 0.01
