1.88176 0.600206 0.1 0.1 0.075893 0.0255837 0 0 0 0 0
1.86686 0.59257 0.1 0.1 -1.56065 -0.786485 0 0 -0.413362 -0.205106 0.02
1.02409 -0.222323 0.1 0.1 -16.9371 -17.0778 0 0 -0.902373 -0.950811 0.09
0.297083 -0.751292 0.1 0.1 -19.397 -9.42135 0 0 -0.39801 0.890816 0.04
-1.07734 -1.13608 0.1 0.1 -26.3475 -3.46372 0 0 -0.693843 0.463837 0.06
-3.44551 -2.25258 0.1 0.1 6.31239 -18.62 0 0 -0.967554 -0.814463 0.1
-3.37963 -2.44057 0.1 0.1 6.5486 -18.9776 0 0 -0.260971 -0.272878 0.01
-3.11286 -3.08701 0.1 0.1 11.2137 -19.449 0 0 0.822226 -0.960496 0.03
-2.40346 -3.07298 0.1 0.1 17.1122 6.60678 0 0 0.660819 0.733301 0.05
-1.60773 -2.73779 0.1 0.1 22.6375 10.1294 0 0 0.790388 0.482178 0.04
-1.12862 -2.56122 0.1 0.1 25.2647 7.53607 0 0 0.777061 -0.604628 0.02
-0.36357 -2.2996 0.1 0.1 25.7357 9.89371 0 0 0.206408 0.436151 0.03
2.27568 -0.931836 0.1 0.1 32.8036 20.3455 0 0 0.540775 0.655927 0.09
3.24986 1.59953 0.1 0.1 -4.05776 35.6716 0 0 0.379649 0.991203 0.09
3.07145 2.71252 0.1 0.1 -7.81782 38.513 0 0 -0.657487 0.659133 0.03
1.99114 3.06089 0.1 0.1 -16.0646 -2.16027 0 0 -0.518209 0.939938 0.09
1.13061 2.72228 0.1 0.1 -8.60875 -7.4526 0 0 0.471212 -0.402265 0.07
0.331313 2.0666 0.1 0.1 -14.1625 -11.2374 0 0 -0.454165 -0.317129 0.07
-0.161442 1.64312 0.1 0.1 1.63141 0.49433 0 0 0.956862 0.707079 0.08
-0.128057 1.64357 0.1 0.1 0.599373 -0.459008 0 0 -0.166579 -0.158866 0.03
-0.116225 1.63265 0.1 0.1 -0.00376926 -0.0898321 0 0 -0.0739557 0.0447772 0.04
-0.115932 1.63222 0.1 0.1 0.0623706 0.00468375 0 0 0.033246 0.0470589 0.01
