0.489116 0.550047 0.1 0.1 -0.00863836 0.031286 0 0 0 0 0
1.159 0.156591 0.1 0.1 14.6746 -8.64482 0 0 0.853671 -0.50362 0.09
1.31427 0.0624063 0.1 0.1 16.3782 -10.1896 0 0 0.930146 -0.819242 0.01
3.18704 -0.120805 0.1 0.1 24.7536 5.40417 0 0 0.985755 0.963439 0.08
2.77951 0.848657 0.1 0.1 -14.5117 15.9728 0 0 -0.945919 0.640301 0.09
2.10064 1.49301 0.1 0.1 -19.3996 16.2426 0 0 -0.696067 0.114414 0.04
1.30032 2.44965 0.1 0.1 -12.6682 21.9759 0 0 0.59376 0.669416 0.05
-0.0970138 3.02855 0.1 0.1 -22.1386 -5.46042 0 0 -0.679295 -0.810174 0.08
-2.12933 2.081 0.1 0.1 -28.5796 -18.0621 0 0 -0.530168 -0.846608 0.08
-2.96971 1.46762 0.1 0.1 -27.4504 -22.8066 0 0 0.0465102 -0.892259 0.03
-3.27064 -0.12225 0.1 0.1 3.97615 -30.1107 0 0 -0.904651 -0.740356 0.06
-2.56699 -2.52288 0.1 0.1 15.9892 -38.381 0 0 0.909246 -0.762219 0.07
-2.39913 -2.913 0.1 0.1 17.581 -39.6406 0 0 0.880149 -0.825116 0.01
-1.36507 -3.1664 0.1 0.1 23.729 4.74124 0 0 0.718152 -0.850173 0.05
-0.128235 -2.80104 0.1 0.1 25.7274 9.83148 0 0 0.32363 0.545547 0.05
3.13977 -1.10984 0.1 0.1 39.3945 23.7646 0 0 0.848475 0.780419 0.1
3.00836 1.68348 0.1 0.1 -8.78612 38.0822 0 0 -0.282896 0.949819 0.09
2.93004 2.05703 0.1 0.1 -6.88189 36.6305 0 0 0.912562 -0.539023 0.01
2.65012 3.05522 0.1 0.1 -11.7561 25.0745 0 0 -0.859575 -0.947419 0.03
1.36371 2.80493 0.1 0.1 -20.2892 -11.7533 0 0 -0.613788 -0.829951 0.08
0.940392 2.54421 0.1 0.1 -22.0362 -14.3097 0 0 -0.543031 -0.704137 0.02
0.17792 2.12944 0.1 0.1 -16.1274 -6.48129 0 0 0.643202 0.927176 0.04
0.0265283 2.06666 0.1 0.1 -14.1543 -6.07526 0 0 0.911121 0.171935 0.01
-0.2277 1.97309 0.1 0.1 -11.2782 -3.29049 0 0 0.655726 0.673139 0.02
-0.76365 1.80587 0.1 0.1 0.364881 -0.106736 0 0 0.55567 0.150959 0.1
-0.762454 1.80611 0.1 0.1 -0.124946 0.15444 0 0 -0.244442 0.130701 0.01
-0.765383 1.80816 0.1 0.1 -0.0705815 -0.0169544 0 0 0.00857447 -0.028228 0.03
-0.765724 1.80775 0.1 0.1 0.00236643 -0.0639095 0 0 0.036322 -0.0236796 0.01
