1.53458 2.78738 0.1 0.1 0.0507889 0.0787787 0 0 0 0 0
1.50679 2.77226 0.1 0.1 -1.43055 -0.828778 0 0 -0.188689 -0.115348 0.04
0.529509 1.73007 0.1 0.1 -17.8367 -19.7013 0 0 -0.869834 -0.995809 0.1
0.177706 1.3208 0.1 0.1 -17.3452 -21.2207 0 0 0.0336876 -0.481865 0.02
-0.608869 -0.801183 0.1 0.1 -2.52331 -31.6887 0 0 0.877568 -0.786594 0.08
-0.761325 -1.73861 0.1 0.1 -7.61586 -30.811 0 0 -0.873508 -0.0101606 0.03
-0.973899 -2.87453 0.1 0.1 -3.04116 -26.0166 0 0 0.546397 0.457414 0.04
-1.05794 -2.62255 0.1 0.1 1.28733 13.34 0 0 0.212221 0.867774 0.1
-1.68178 -0.622105 0.1 0.1 -13.5159 26.452 0 0 -0.7716 0.755583 0.1
-1.97656 -0.121207 0.1 0.1 -15.9545 23.647 0 0 -0.684316 -0.57647 0.02
-3.15267 1.59381 0.1 0.1 -19.0771 33.4203 0 0 -0.700075 0.957629 0.06
-3.27342 2.60889 0.1 0.1 2.37004 34.2494 0 0 0.500553 0.307827 0.03
-2.55388 2.85313 0.1 0.1 11.8598 -8.5603 0 0 0.510486 -0.428353 0.1
-2.25181 2.52667 0.1 0.1 8.29563 -13.1806 0 0 -0.543789 -0.82454 0.03
-1.63575 2.09847 0.1 0.1 16.2802 -4.02404 0 0 0.860513 0.87316 0.05
-1.14455 1.89566 0.1 0.1 16.4651 -9.46932 0 0 0.112799 -0.941238 0.03
-0.697621 1.65604 0.1 0.1 13.3459 -6.51958 0 0 -0.445436 0.451944 0.03
0.0258508 1.57107 0.1 0.1 2.88861 4.46709 0 0 -0.541038 0.60573 0.09
0.0543241 1.63191 0.1 0.1 -0.031608 1.62628 0 0 -0.723563 -0.695233 0.02
0.053201 1.64072 0.1 0.1 -0.080536 -0.737646 0 0 -0.0126147 -0.588883 0.02
0.0504861 1.62484 0.1 0.1 -0.0553807 -0.0609555 0 0 0.00282035 0.0826162 0.04
0.0499692 1.62464 0.1 0.1 -0.0480058 0.0208655 0 0 0.003438 0.0408183 0.01
0.0496585 1.62487 0.1 0.1 -0.0141913 0.0266896 0 0 0.0167635 0.00303418 0.01
0.0496335 1.62492 0.1 0.1 0.00915248 -0.0181388 0 0 0.0116635 -0.022395 0.01
