-2.34835 1.06446 0.1 0.1 0.00561177 -0.0251311 0 0 0 0 0
-2.24973 1.57261 0.1 0.1 2.1545 11.1498 0 0 0.12505 0.649197 0.09
-1.3285 1.8114 0.1 0.1 18.0778 -5.59311 0 0 0.93616 -0.916817 0.09
-0.968874 1.68365 0.1 0.1 17.8851 -7.17687 0 0 0.0418682 -0.427606 0.02
0.696811 1.71588 0.1 0.1 23.6817 7.78243 0 0 0.466736 0.937669 0.08
0.941314 1.79825 0.1 0.1 25.2163 8.68997 0 0 0.889584 0.495775 0.01
2.70245 2.13258 0.1 0.1 33.4058 2.51565 0 0 0.829167 -0.485843 0.06
2.89676 3.03537 0.1 0.1 -11.5759 12.4331 0 0 -0.807203 0.68597 0.1
1.65016 2.72324 0.1 0.1 -19.4825 -12.2235 0 0 -0.572184 -0.988408 0.08
0.401395 1.60512 0.1 0.1 -8.43389 -12.6178 0 0 0.544296 -0.0838369 0.09
0.31155 1.48346 0.1 0.1 -9.53321 -11.7161 0 0 -0.595283 0.390079 0.01
0.0974077 1.2014 0.1 0.1 -4.76717 -7.11084 0 0 0.759203 0.720898 0.03
0.0513832 1.13379 0.1 0.1 -4.43829 -6.4121 0 0 0.141549 0.315688 0.01
-0.116225 0.862182 0.1 0.1 0.637226 0.27605 0 0 0.273009 0.356629 0.09
-0.105289 0.862048 0.1 0.1 0.456961 -0.287556 0 0 -0.0424201 -0.140973 0.02
-0.103836 0.856436 0.1 0.1 -0.309119 -0.273651 0 0 -0.191341 0.00201337 0.02
-0.103668 0.854335 0.1 0.1 0.341671 -0.146748 0 0 0.325815 0.0625153 0.01
-0.10231 0.854784 0.1 0.1 -0.0692399 0.23583 0 0 -0.204915 0.191481 0.01
-0.100487 0.861604 0.1 0.1 0.128033 -0.00608269 0 0 0.0166008 -0.0195894 0.06
-0.0999267 0.861141 0.1 0.1 -0.0158091 -0.0863704 0 0 -0.0717232 -0.040405 0.01
-0.0993014 0.858261 0.1 0.1 0.0403543 -0.0292914 0 0 0.00568611 0.0054227 0.05
-0.0991848 0.858365 0.1 0.1 -0.0169469 0.049889 0 0 -0.0286076 0.0396398 0.01
