-2.22319 0.608611 0.1 0.1 -0.0412485 -0.00033911 0 0 0 0 0
-2.19641 0.498986 0.1 0.1 1.10304 -4.34843 0 0 0.11707 -0.445806 0.05
-2.19866 0.397467 0.1 0.1 -1.15556 0.911856 0 0 -0.188446 0.429903 0.06
-2.58093 1.04757 0.1 0.1 -8.30595 15.1506 0 0 -0.470935 0.93057 0.08
-2.65795 1.92456 0.1 0.1 6.37516 4.49846 0 0 0.811728 -0.543003 0.09
-2.20132 2.04944 0.1 0.1 11.8447 0.529546 0 0 0.592813 -0.384343 0.05
-1.94358 2.07934 0.1 0.1 13.9221 2.4545 0 0 0.584008 0.488996 0.02
-0.992313 1.93922 0.1 0.1 17.748 -7.03083 0 0 0.398266 -0.801991 0.06
0.64019 1.07423 0.1 0.1 22.9939 -14.4949 0 0 0.430385 -0.520146 0.08
1.52492 0.431798 0.1 0.1 21.2544 -17.6058 0 0 -0.106846 -0.468932 0.04
2.44505 -0.258463 0.1 0.1 24.7294 -16.9114 0 0 0.549941 0.000735798 0.04
3.25705 -0.802358 0.1 0.1 23.7547 -19.3338 0 0 0.910931 -0.494887 0.03
3.0151 -2.85933 0.1 0.1 -9.22591 -31.9295 0 0 -0.492258 -0.916519 0.08
1.59813 -2.86244 0.1 0.1 -18.9521 6.12206 0 0 -0.557355 0.275356 0.1
0.761066 -2.17536 0.1 0.1 -9.04948 16.675 0 0 0.755633 0.936708 0.06
0.427129 -1.38006 0.1 0.1 -7.65719 23.0474 0 0 0.132568 0.896057 0.04
0.174809 -0.288657 0.1 0.1 -0.82159 13.4287 0 0 0.549037 -0.710589 0.06
0.111445 0.427139 0.1 0.1 -0.451878 1.09277 0 0 0.0151016 -0.581104 0.1
0.101481 0.435557 0.1 0.1 -0.54422 -0.246461 0 0 -0.0257258 -0.33277 0.02
0.0981562 0.431742 0.1 0.1 -0.121384 -0.516093 0 0 0.209934 -0.136668 0.01
0.0978356 0.428072 0.1 0.1 0.0569768 -0.218373 0 0 0.0891719 0.147084 0.01
0.0983332 0.426273 0.1 0.1 -0.0234019 0.0968433 0 0 -0.0133084 0.0522403 0.03
-0.0185633 1.05803 0.1 0.1 -2.53614 13.7377 0 0 -0.146004 0.793005 0.09
-0.150084 1.72875 0.1 0.1 -0.134925 -0.0928541 0 0 0.113401 -0.658084 0.1
-0.151121 1.72902 0.1 0.1 -0.0724867 0.148035 0 0 0.0307367 0.120608 0.01
-0.151574 1.72955 0.1 0.1 -0.0183147 -0.0424989 0 0 0.0268627 -0.0950164 0.01
