2.49455 -2.95111 0.1 0.1 -0.00511756 -0.0680103 0 0 0 0 0
2.8309 -2.8421 0.1 0.1 11.1057 3.66439 0 0 0.954162 0.320122 0.06
3.17024 -2.26243 0.1 0.1 -2.26454 10.7331 0 0 -0.312035 0.478098 0.08
2.49389 -1.65346 0.1 0.1 -12.6093 2.91736 0 0 -0.61268 -0.400582 0.09
0.950536 -1.71299 0.1 0.1 -25.7998 -4.30778 0 0 -0.921426 -0.455923 0.08
-0.601088 -2.20454 0.1 0.1 -25.9208 -12.0006 0 0 -0.13895 -0.682821 0.06
-1.76625 -2.67214 0.1 0.1 -32.2946 -11.384 0 0 -0.942086 0.0180414 0.04
-2.7957 -3.0536 0.1 0.1 -36.3147 -11.3338 0 0 -0.841473 -0.505627 0.03
-3.09755 -3.01151 0.1 0.1 8.54357 1.33746 0 0 0.663809 -0.105303 0.08
-2.31777 -2.209 0.1 0.1 8.77979 16.2723 0 0 0.0565739 0.874407 0.09
-2.16483 -1.89422 0.1 0.1 6.52167 15.2092 0 0 -0.526117 -0.18721 0.02
-1.63794 -0.992963 0.1 0.1 14.4861 20.7947 0 0 0.850564 0.648805 0.05
-0.713202 0.0802571 0.1 0.1 16.3224 15.0364 0 0 0.230476 -0.390553 0.06
0.484845 1.26494 0.1 0.1 7.78046 8.76148 0 0 -0.367979 -0.254619 0.1
0.711994 1.53169 0.1 0.1 -0.130484 0.215745 0 0 -0.641023 -0.69015 0.06
0.711771 1.53364 0.1 0.1 0.0856584 0.17409 0 0 0.108032 -0.0198368 0.01
0.714843 1.53503 0.1 0.1 0.221032 -0.03432 0 0 0.0346255 -0.0517577 0.02
0.71718 1.53487 0.1 0.1 0.246262 0.00277618 0 0 0.0137956 0.018475 0.01
0.718579 1.53547 0.1 0.1 0.0339086 0.11631 0 0 -0.105541 0.0570557 0.01
0.718738 1.53558 0.1 0.1 -0.00196515 -0.0942659 0 0 -0.0178887 -0.105255 0.01
0.718841 1.53535 0.1 0.1 0.0224572 0.048249 0 0 0.0122839 0.0711575 0.01
