-1.06745 -2.87508 0.1 0.1 0.0299585 0.019876 0 0 0 0 0
-0.880816 -2.84908 0.1 0.1 6.13033 0.838528 0 0 0.524049 0.0703761 0.06
-0.209593 -3.03086 0.1 0.1 7.27526 0.497003 0 0 0.0908177 -0.441971 0.1
-0.186398 -2.68197 0.1 0.1 -6.55239 7.15646 0 0 -0.767128 0.389443 0.09
-0.158429 -1.82582 0.1 0.1 6.96944 11.7991 0 0 0.75318 0.305543 0.09
0.0333118 -0.718686 0.1 0.1 -1.39311 19.741 0 0 -0.583638 0.64631 0.07
0.103844 0.664508 0.1 0.1 3.69505 26.2999 0 0 0.430526 0.662103 0.06
1.14104 2.60292 0.1 0.1 19.1233 16.9168 0 0 0.914341 -0.413427 0.09
3.17791 2.94848 0.1 0.1 21.422 -6.7106 0 0 0.497248 -0.766425 0.09
3.17661 1.81981 0.1 0.1 -1.30509 -21.3106 0 0 0.486038 -0.983128 0.08
2.97415 0.889613 0.1 0.1 -8.76706 -25.1735 0 0 -0.959671 -0.599385 0.04
1.95751 -0.408101 0.1 0.1 -20.1501 -12.0564 0 0 -0.886418 0.844098 0.07
0.130261 -1.58193 0.1 0.1 -31.925 -21.3709 0 0 -0.971505 -0.750144 0.07
-0.87646 -2.25111 0.1 0.1 -35.1735 -23.2322 0 0 -0.70751 -0.422984 0.03
-2.39675 -3.15339 0.1 0.1 -40.8001 -6.7593 0 0 -0.89268 -0.886121 0.04
-2.7996 -3.18001 0.1 0.1 -39.7725 0.29594 0 0 0.312356 0.630864 0.01
-2.98534 -2.4347 0.1 0.1 8.60979 13.1186 0 0 0.367887 0.609186 0.1
-2.57209 -1.80731 0.1 0.1 12.029 18.2173 0 0 0.479821 0.715796 0.04
-1.6639 -0.594121 0.1 0.1 18.1816 22.1826 0 0 0.589872 0.431506 0.06
-1.3084 -0.174951 0.1 0.1 17.3721 19.7425 0 0 -0.113478 -0.505532 0.02
-0.458699 0.878277 0.1 0.1 -0.0884129 1.62359 0 0 -0.831868 -0.85373 0.1
-0.458809 0.887273 0.1 0.1 0.0661612 0.178029 0 0 0.0770802 -0.718382 0.01
-0.456523 0.902627 0.1 0.1 -0.0141582 0.163374 0 0 -0.00433974 3.72813e-05 0.09
-0.456448 0.903279 0.1 0.1 0.0290937 -0.0326527 0 0 0.0216538 -0.0976976 0.01
-0.456379 0.902915 0.1 0.1 -0.015328 -0.0401409 0 0 -0.022199 -0.00393362 0.01
