1.07336 -2.45564 0.1 0.1 0.0137978 0.0954681 0 0 0 0 0
0.54431 -1.90926 0.1 0.1 -13.0651 13.3874 0 0 -0.850851 0.864954 0.08
0.417648 -1.76884 0.1 0.1 -12.2687 14.6953 0 0 0.334977 0.724155 0.01
-0.886804 -1.01722 0.1 0.1 -24.8535 6.87217 0 0 -0.993179 -0.505768 0.07
-2.24281 -0.945049 0.1 0.1 -20.3921 -4.3547 0 0 0.258805 -0.930056 0.06
-2.44966 -0.994782 0.1 0.1 -20.9778 -5.5898 0 0 -0.396558 -0.642993 0.01
-3.06692 -1.19184 0.1 0.1 -20.1768 -7.53749 0 0 0.0309722 -0.357886 0.03
-2.90053 -2.7569 0.1 0.1 8.50728 -23.4942 0 0 0.528094 -0.875986 0.1
-2.81121 -2.99106 0.1 0.1 9.35572 -23.3378 0 0 0.469027 -0.0389057 0.01
-1.54819 -2.79899 0.1 0.1 22.0492 11.875 0 0 0.872417 0.922586 0.08
-0.330387 -2.00566 0.1 0.1 26.6227 19.7929 0 0 0.58006 0.870833 0.05
2.17833 -0.545445 0.1 0.1 29.0929 12.761 0 0 0.277745 -0.310297 0.09
2.99717 -0.0814766 0.1 0.1 25.5147 18.143 0 0 -0.459833 0.973993 0.03
2.82803 1.19045 0.1 0.1 -12.4808 7.46623 0 0 -0.741732 -0.470988 0.1
1.37315 1.25649 0.1 0.1 -16.548 -5.92267 0 0 -0.276419 -0.666077 0.1
0.709449 1.29849 0.1 0.1 -2.57817 6.97282 0 0 0.951472 0.924625 0.07
0.636357 1.4614 0.1 0.1 -4.72392 9.31023 0 0 -0.555004 0.625079 0.02
0.33542 1.68382 0.1 0.1 -7.29228 -0.333054 0 0 -0.287234 -0.942255 0.05
0.0512188 1.69161 0.1 0.1 0.854572 0.493865 0 0 0.437107 0.0464646 0.09
0.0586751 1.69277 0.1 0.1 0.637045 -0.26085 0 0 -0.105159 -0.376858 0.01
0.0604289 1.69143 0.1 0.1 -0.284741 -0.0076411 0 0 -0.460288 0.125889 0.01
0.0587573 1.69197 0.1 0.1 -0.0499812 0.116914 0 0 0.116627 0.0625795 0.01
0.0574717 1.69281 0.1 0.1 -0.0784848 -0.0329317 0 0 -0.00745729 -0.0372604 0.02
0.0563371 1.69135 0.1 0.1 0.0210913 -0.0398312 0 0 0.0123129 -0.00104278 0.04
0.0565678 1.69129 0.1 0.1 0.00204569 0.0332736 0 0 -0.00470404 0.0182629 0.02
0.0566177 1.69143 0.1 0.1 0.00792238 -0.00462458 0 0 0.00296236 -0.0188804 0.01
