-0.0578224 2.21919 0.1 0.1 0.074162 0.0928438 0 0 0 0 0
-0.604034 1.69131 0.1 0.1 -12.0288 -11.6478 0 0 -0.70325 -0.681695 0.09
-1.07214 1.28256 0.1 0.1 -11.3809 -8.80856 0 0 0.0222281 0.304033 0.04
-1.47666 1.01038 0.1 0.1 -15.5661 -9.33457 0 0 -0.765905 -0.133049 0.03
-3.10413 0.588837 0.1 0.1 -20.5265 -0.17047 0 0 -0.366246 0.485927 0.09
-2.98884 1.22281 0.1 0.1 7.40175 14.0513 0 0 0.460828 0.826023 0.09
-2.10215 2.45559 0.1 0.1 17.813 21.089 0 0 0.806753 0.591093 0.07
-0.561876 3.09467 0.1 0.1 26.0963 -2.57229 0 0 0.701705 0.982259 0.07
0.434026 2.87916 0.1 0.1 23.7146 -8.16623 0 0 -0.173235 -0.7262 0.04
1.50406 2.50068 0.1 0.1 29.7468 -10.7414 0 0 0.888204 -0.368936 0.04
2.11774 2.2613 0.1 0.1 31.6148 -13.1886 0 0 0.621029 -0.671043 0.02
3.02193 1.88095 0.1 0.1 28.6789 -12.1728 0 0 -0.338253 0.106783 0.03
2.70268 -0.142652 0.1 0.1 -14.8576 -28.0358 0 0 -0.976695 -0.894806 0.1
2.00142 -1.30375 0.1 0.1 -20.1733 -30.0057 0 0 -0.751558 -0.391869 0.04
0.789673 -2.93896 0.1 0.1 -28.2281 -35.3588 0 0 -0.924926 -0.699455 0.05
-2.42303 -2.76044 0.1 0.1 -42.9447 12.0535 0 0 -0.996433 0.730539 0.09
-2.85959 -2.63154 0.1 0.1 -44.3656 13.7241 0 0 -0.929437 0.899035 0.01
-3.20706 -1.53242 0.1 0.1 10.2412 17.6317 0 0 0.656766 0.357505 0.07
-2.52417 -0.606499 0.1 0.1 17.0174 19.3904 0 0 0.747331 0.268505 0.05
-1.97833 -0.0166142 0.1 0.1 19.3608 19.9324 0 0 0.482349 0.188704 0.03
-1.59181 0.344054 0.1 0.1 19.292 16.147 0 0 0.0788697 -0.856286 0.02
-0.624798 1.03585 0.1 0.1 13.0039 7.00421 0 0 -0.444546 -0.704371 0.06
-0.217269 1.29121 0.1 0.1 7.40956 5.77179 0 0 -0.64916 -0.122235 0.04
-0.0720412 1.40688 0.1 0.1 -0.0984102 0.0499837 0 0 -0.921263 -0.701075 0.04
-0.0730347 1.40704 0.1 0.1 -0.100287 -0.016543 0 0 -0.00144297 -0.033186 0.01
-0.0734189 1.40703 0.1 0.1 0.0232458 0.0140708 0 0 0.0616242 0.0153164 0.01
