-0.764735 2.98791 0.1 0.1 -0.0123254 0.0891641 0 0 0 0 0
-0.774132 2.9903 0.1 0.1 -1.86395 0.387742 0 0 -0.930748 0.150548 0.01
-1.87614 2.08095 0.1 0.1 -19.8723 -18.2649 0 0 -0.956019 -0.978148 0.1
-2.91163 1.02317 0.1 0.1 -21.5323 -23.9986 0 0 -0.271151 -0.678824 0.05
-2.92438 -2.03487 0.1 0.1 9.5271 -36.9407 0 0 0.630811 -0.799566 0.1
-2.48396 -3.34029 0.1 0.1 12.4759 -7.04561 0 0 0.423855 -0.444895 0.04
-1.44681 -3.06001 0.1 0.1 22 5.30299 0 0 0.880246 -0.169367 0.06
0.472056 -2.95784 0.1 0.1 32.7001 -2.29477 0 0 0.90158 -0.535677 0.07
1.14248 -3.01009 0.1 0.1 34.3368 -1.80092 0 0 0.576834 -0.455345 0.02
2.20538 -2.9979 0.1 0.1 36.5122 2.43127 0 0 0.539779 0.677225 0.03
3.37978 -2.8617 0.1 0.1 6.63853 4.36465 0 0 -0.622356 0.258691 0.04
2.7706 -1.915 0.1 0.1 -15.0755 19.1076 0 0 -0.923199 0.980705 0.08
0.889138 0.820044 0.1 0.1 -22.4329 35.3214 0 0 -0.462164 0.947342 0.1
0.66179 1.18026 0.1 0.1 -23.0357 36.7184 0 0 -0.414866 0.879096 0.01
-0.0937199 2.31907 0.1 0.1 -27.3106 39.1903 0 0 -0.838306 0.602405 0.03
-0.373656 2.71834 0.1 0.1 -28.6742 40.6608 0 0 -0.821577 0.935518 0.01
-3.42479 2.70768 0.1 0.1 -1.15966 -13.3533 0 0 -0.794439 -0.695139 0.1
-2.29539 0.727815 0.1 0.1 20.2776 -26.0353 0 0 0.958386 -0.732945 0.1
-1.4039 -0.414186 0.1 0.1 24.271 -31.0307 0 0 0.61099 -0.76703 0.04
-0.118984 -2.0715 0.1 0.1 27.103 -35.2258 0 0 0.411262 -0.585854 0.05
2.53098 -3.07212 0.1 0.1 38.9862 6.97692 0 0 0.908251 0.934275 0.08
2.91537 -1.61269 0.1 0.1 -13.8741 21.9631 0 0 -0.887692 0.822355 0.1
2.78016 -1.38549 0.1 0.1 -13.1684 23.4752 0 0 0.285536 0.86966 0.01
1.6426 0.381675 0.1 0.1 -15.2432 20.7396 0 0 -0.201008 -0.0606829 0.08
0.930257 1.193 0.1 0.1 -13.2672 11.7879 0 0 0.126423 -0.813976 0.05
0.352035 1.69191 0.1 0.1 0.216521 -0.515726 0 0 0.717433 -0.655738 0.09
0.351501 1.68497 0.1 0.1 -0.249799 0.0503364 0 0 -0.0778443 0.0931922 0.03
0.350696 1.68434 0.1 0.1 0.0882165 -0.17574 0 0 0.168696 -0.113347 0.01
0.352513 1.68504 0.1 0.1 0.0331929 0.22031 0 0 -0.0088638 0.0661347 0.03
0.353136 1.68682 0.1 0.1 0.0912701 0.135728 0 0 0.029362 -0.0414041 0.01
0.353899 1.68746 0.1 0.1 0.0614786 -0.00708468 0 0 -0.0145339 -0.0711001 0.01
0.354011 1.6874 0.1 0.1 -0.0389773 -0.00448257 0 0 -0.0502037 0.00126496 0.01
0.353659 1.68733 0.1 0.1 0.00371289 -0.00217958 0 0 0.0105916 0.000560786 0.02
