-3.06263 0.809041 0.1 0.1 0.0692626 0.0398117 0 0 0 0 0
-3.06906 0.809099 0.1 0.1 -1.35371 -0.0281285 0 0 -0.715415 -0.0341771 0.01
-2.91907 0.682504 0.1 0.1 6.27712 -4.15052 0 0 0.64893 -0.353924 0.06
-2.64679 0.582516 0.1 0.1 11.8471 -2.52356 0 0 0.974793 0.254921 0.03
-2.11096 0.473696 0.1 0.1 14.924 -2.91487 0 0 0.452023 -0.0622868 0.04
-0.311106 0.474587 0.1 0.1 24.9233 2.84774 0 0 0.656219 0.320643 0.09
-0.0582667 0.504241 0.1 0.1 25.6435 3.08284 0 0 0.486854 0.132859 0.01
0.204925 0.531355 0.1 0.1 26.9927 2.34105 0 0 0.806736 -0.356784 0.01
1.72591 0.754301 0.1 0.1 23.7396 5.0632 0 0 -0.144678 0.24578 0.06
2.44221 0.965157 0.1 0.1 24.0123 8.97424 0 0 0.164757 0.687578 0.03
2.68902 1.05687 0.1 0.1 25.3474 9.36835 0 0 0.791126 0.243702 0.01
3.23844 1.6147 0.1 0.1 -4.0768 9.22803 0 0 -0.793625 0.0344398 0.06
3.00182 2.1342 0.1 0.1 -7.73023 16.6969 0 0 -0.486424 0.998698 0.04
2.83366 2.46406 0.1 0.1 -9.08133 16.2905 0 0 -0.379947 -0.0191078 0.02
2.48591 3.02222 0.1 0.1 -14.0769 17.082 0 0 -0.890758 0.860947 0.03
1.04743 2.90261 0.1 0.1 -17.8321 -5.07414 0 0 -0.288542 -0.246321 0.09
-0.316405 2.70029 0.1 0.1 -27.5322 -1.70406 0 0 -0.922283 0.264262 0.06
-3.02756 2.11558 0.1 0.1 -40.0762 -12.769 0 0 -0.954149 -0.727425 0.08
-3.00067 0.593507 0.1 0.1 11.7183 -25.115 0 0 0.857544 -0.866351 0.08
-1.73602 -1.47714 0.1 0.1 24.2699 -33.9412 0 0 0.987417 -0.778338 0.07
-1.25925 -2.1886 0.1 0.1 23.4102 -37.1935 0 0 -0.0963836 -0.991674 0.02
-1.02136 -2.56515 0.1 0.1 24.1662 -38.1162 0 0 0.496776 -0.650167 0.01
-0.0388431 -3.26299 0.1 0.1 24.9541 4.00076 0 0 0.221052 -0.037949 0.04
2.79554 -2.19274 0.1 0.1 37.8336 19.4096 0 0 0.873604 0.90702 0.09
3.24239 -0.820126 0.1 0.1 -3.44704 19.7982 0 0 0.375435 0.125216 0.07
3.09219 -0.27558 0.1 0.1 -6.5509 16.5213 0 0 -0.542993 -0.455682 0.03
1.83265 0.693466 0.1 0.1 -21.22 5.18189 0 0 -0.885976 -0.576447 0.09
0.713288 0.955385 0.1 0.1 -10.8819 2.33532 0 0 0.659218 -0.184208 0.07
0.43567 1.04389 0.1 0.1 -7.64206 3.55876 0 0 0.494309 0.218929 0.03
0.24222 1.27541 0.1 0.1 -0.157986 5.68473 0 0 0.729774 0.236002 0.05
0.231431 1.4144 0.1 0.1 -0.380072 1.29374 0 0 -0.0292637 -0.531602 0.04
0.207787 1.42794 0.1 0.1 -0.799354 -0.604024 0 0 -0.0554535 -0.235579 0.04
0.206518 1.42091 0.1 0.1 0.667574 -0.100563 0 0 0.366714 0.124205 0.02
0.213493 1.42596 0.1 0.1 0.0321151 0.60307 0 0 -0.157204 0.177168 0.02
0.213576 1.43092 0.1 0.1 -0.0155851 0.390594 0 0 -0.0238487 -0.103778 0.01
0.214052 1.43405 0.1 0.1 0.110569 0.235211 0 0 0.0633459 -0.076128 0.01
0.217811 1.43591 0.1 0.1 0.264832 -0.0487477 0 0 0.0395197 -0.0705303 0.02
0.22398 1.43244 0.1 0.1 0.0451045 -0.12417 0 0 -0.026717 -0.00986854 0.04
0.224876 1.43095 0.1 0.1 0.0444447 -0.0254286 0 0 6.38102e-05 0.0243165 0.02
0.224988 1.4306 0.1 0.1 -0.0219832 -0.0446345 0 0 -0.0331847 -0.0097866 0.01
