2.90182 -1.48185 0.1 0.1 0.0271769 -0.012402 0 0 0 0 0
2.6009 -0.836329 0.1 0.1 -6.61489 14.1452 0 0 -0.38583 0.82243 0.09
1.83252 0.201764 0.1 0.1 -12.5159 11.8377 0 0 -0.417297 -0.0795181 0.08
0.815908 2.16128 0.1 0.1 -7.89068 27.0985 0 0 0.180792 0.861286 0.1
0.495203 2.95556 0.1 0.1 -13.4623 25.8595 0 0 -0.982448 -0.0740971 0.03
0.0432336 3.05972 0.1 0.1 0.388254 -2.02218 0 0 0.957373 0.616039 0.07
0.0257219 3.02073 0.1 0.1 -1.54604 -0.737505 0 0 -0.32539 0.533647 0.03
-0.000429664 3.01021 0.1 0.1 -1.07071 -0.354547 0 0 0.11232 0.361085 0.02
-0.083381 3.00396 0.1 0.1 -1.29671 -0.00697874 0 0 -0.0220731 0.959756 0.07
-0.0910846 3.00374 0.1 0.1 -0.245763 -0.0315842 0 0 0.521751 0.501565 0.01
-0.0953617 3.00273 0.1 0.1 -0.18216 -0.0538696 0 0 0.0148358 0.199922 0.02
-0.0975389 3.00167 0.1 0.1 0.0359284 -0.0204651 0 0 0.035994 0.285865 0.03
-0.0974701 3.00146 0.1 0.1 -0.0288395 -0.00399262 0 0 -0.016179 0.362528 0.02
-0.0979232 3.00162 0.1 0.1 0.00595547 0.00477953 0 0 0.00429378 0.443384 0.04
-0.0978861 3.00161 0.1 0.1 0.00146288 -0.00572768 0 0 -0.0022281 0.287154 0.01
0.000864152 2.52274 0.1 0.1 2.43502 -11.8088 0 0 0.158323 -0.76775 0.08
0.137114 1.98999 0.1 0.1 3.01009 -9.52041 0 0 0.0711179 0.175607 0.05
0.223979 1.76066 0.1 0.1 0.485451 0.265761 0 0 -0.243817 0.955828 0.05
0.224284 1.76223 0.1 0.1 -0.422917 0.0494984 0 0 -0.454318 -0.107422 0.01
0.221201 1.76353 0.1 0.1 -0.194056 0.209876 0 0 0.112968 0.080867 0.01
0.219727 1.76352 0.1 0.1 -0.100915 -0.210597 0 0 0.0458342 -0.210271 0.01
0.220215 1.76292 0.1 0.1 0.1323 0.168616 0 0 0.038982 0.063118 0.03
0.219413 1.76387 0.1 0.1 -0.184174 -0.103786 0 0 -0.0529168 -0.0452563 0.03
0.217775 1.76294 0.1 0.1 -0.143586 -0.082983 0 0 0.0194881 0.00993914 0.01
0.217798 1.76247 0.1 0.1 0.147754 -0.0110846 0 0 0.145774 0.0357397 0.01
0.219397 1.76097 0.1 0.1 0.0125947 -0.138255 0 0 -0.0334145 -0.0321768 0.02
0.21978 1.76035 0.1 0.1 0.0638902 0.0139695 0 0 0.0258646 0.0758185 0.01
0.220175 1.76021 0.1 0.1 0.0151501 -0.0428046 0 0 -0.024191 -0.0284675 0.01
0.220071 1.76005 0.1 0.1 -0.0359011 0.0116767 0 0 -0.0255894 0.0271644 0.01
0.219935 1.76013 0.1 0.1 0.026577 -0.00630769 0 0 0.0103963 -0.00298335 0.03
