1.74642 2.5019 0.1 0.1 -0.00677398 -0.0217206 0 0 0 0 0
1.96655 2.61083 0.1 0.1 8.73926 4.34258 0 0 0.896876 0.447408 0.05
2.7193 2.51838 0.1 0.1 16.2767 -7.30813 0 0 0.691077 -0.978686 0.06
3.17786 2.288 0.1 0.1 11.8645 -8.04671 0 0 -0.252388 -0.16136 0.03
2.58528 0.659143 0.1 0.1 -15.7193 -24.2602 0 0 -0.976404 -0.892355 0.1
2.30202 0.142357 0.1 0.1 -12.6171 -27.4079 0 0 0.704675 -0.915879 0.02
1.91763 -0.750191 0.1 0.1 -13.0087 -32.0718 0 0 -0.129167 -0.926292 0.03
0.141789 -3.07491 0.1 0.1 -22.3459 -6.48712 0 0 -0.554725 0.711261 0.1
-1.69412 -2.52961 0.1 0.1 -18.5093 14.5965 0 0 0.1111 0.969746 0.09
-2.05209 -2.21952 0.1 0.1 -17.2915 16.4058 0 0 0.214844 0.529697 0.02
-3.29687 -0.56983 0.1 0.1 0.783815 24.7205 0 0 -0.358991 0.622951 0.08
-2.72027 1.41452 0.1 0.1 11.1135 19.4553 0 0 0.559914 -0.182086 0.09
-1.77033 2.6911 0.1 0.1 20.4583 23.0613 0 0 0.857312 0.40722 0.06
-1.56326 2.92613 0.1 0.1 20.9559 23.9445 0 0 0.351818 0.559331 0.01
-0.541229 3.05376 0.1 0.1 13.1898 -3.66079 0 0 -0.562084 -0.232824 0.06
0.104411 3.00326 0.1 0.1 -0.056362 -0.0218849 0 0 -0.630195 0.639846 0.1
0.105224 3.00348 0.1 0.1 0.0704971 0.000986879 0 0 0.00638511 0.875227 0.1
0.106976 3.00349 0.1 0.1 -0.0337244 -7.65576e-08 0 0 -0.00512478 0.873069 0.1
0.106722 3.00339 0.1 0.1 -0.0170437 -0.0165133 0 0 0.00821591 0.599644 0.01
0.39616 2.34362 0.1 0.1 6.35355 -14.429 0 0 0.370119 -0.837491 0.09
0.676018 1.69559 0.1 0.1 -0.0387289 -0.184988 0 0 -0.339699 0.755448 0.09
0.675857 1.69422 0.1 0.1 0.00636733 -0.0897556 0 0 0.0224885 0.0469413 0.01
0.674078 1.69007 0.1 0.1 -0.0500814 -0.0149086 0 0 -0.00364076 0.00441906 0.08
0.673861 1.6901 0.1 0.1 0.00651762 0.019358 0 0 0.0282112 0.0171517 0.01
0.673844 1.69021 0.1 0.1 -0.00997119 0.00419928 0 0 -0.00825942 -0.00752307 0.01
