1.3438 -2.19576 0.1 0.1 -0.00778606 -0.00230407 0 0 0 0 0
1.20472 -2.1339 0.1 0.1 -6.90035 3.07461 0 0 -0.879321 0.392356 0.04
0.677184 -1.99104 0.1 0.1 -14.1406 2.64368 0 0 -0.77718 -0.0289771 0.05
0.187274 -1.22891 0.1 0.1 4.03732 12.4347 0 0 0.885068 0.527821 0.1
0.398877 -0.735281 0.1 0.1 6.52625 12.2482 0 0 0.338101 0.0384555 0.04
0.0713557 1.15296 0.1 0.1 -12.7548 25.2985 0 0 -0.981182 0.746715 0.1
-0.0499505 1.40946 0.1 0.1 -11.5084 26.0006 0 0 0.56311 0.479671 0.01
-0.174406 1.67809 0.1 0.1 -13.3797 27.7225 0 0 -0.99842 0.995431 0.01
-0.316767 1.96027 0.1 0.1 -15.0897 28.7109 0 0 -0.926632 0.63548 0.01
-1.35394 3.05746 0.1 0.1 -8.06385 -5.33923 0 0 0.332899 -0.855457 0.09
-2.28179 1.84953 0.1 0.1 -12.4851 -21.2652 0 0 -0.297596 -0.95197 0.09
-2.40674 1.63044 0.1 0.1 -12.5046 -22.5509 0 0 -0.0734536 -0.752306 0.01
-3.24462 -0.366484 0.1 0.1 1.0039 -34.3698 0 0 -0.973735 -0.986409 0.07
-3.17028 -1.30146 0.1 0.1 3.78829 -27.9936 0 0 0.450844 0.907188 0.03
-1.84751 -3.14641 0.1 0.1 22.3619 4.11127 0 0 0.995255 -0.960776 0.1
0.707956 -2.24913 0.1 0.1 34.2443 15.6579 0 0 0.802617 0.69107 0.09
2.44368 -1.32435 0.1 0.1 35.1751 21.2869 0 0 0.268461 0.65425 0.05
3.16174 -0.88348 0.1 0.1 30.3171 22.7973 0 0 0.544576 0.48623 0.02
3.17503 1.8497 0.1 0.1 -1.22151 37.7064 0 0 0.900789 0.97963 0.09
2.09918 2.99427 0.1 0.1 -19.9869 -7.4604 0 0 -0.992474 -0.564206 0.1
0.343887 2.16627 0.1 0.1 -30.044 -16.0974 0 0 -0.844407 -0.675807 0.07
-0.970413 1.55559 0.1 0.1 -35.6332 -14.4484 0 0 -0.864575 0.130881 0.04
-1.33047 1.41798 0.1 0.1 -36.3763 -13.0748 0 0 -0.552991 0.619423 0.01
-2.05275 1.17959 0.1 0.1 -35.8545 -10.7718 0 0 -0.0509409 0.517658 0.02
-2.77559 1.00333 0.1 0.1 -36.4278 -6.86787 0 0 -0.324597 0.933308 0.02
-3.00238 1.19349 0.1 0.1 11.3979 10.8369 0 0 0.727425 0.995378 0.09
-1.56235 1.82412 0.1 0.1 17.3033 1.92377 0 0 0.367161 -0.413926 0.1
-0.729753 1.73897 0.1 0.1 16.0108 -5.26975 0 0 -0.0461001 -0.727713 0.05
-0.577815 1.69227 0.1 0.1 14.3795 -4.07191 0 0 -0.740011 0.575808 0.01
-0.075744 1.60407 0.1 0.1 2.47548 1.08069 0 0 -0.950711 0.422037 0.06
-0.0441738 1.61744 0.1 0.1 3.83629 1.59287 0 0 0.696674 0.26294 0.01
0.01793 1.63963 0.1 0.1 0.321504 -0.10535 0 0 -0.575882 -0.279475 0.03
0.0288036 1.62679 0.1 0.1 0.0437245 -0.320452 0 0 -0.0222602 -0.0190017 0.06
0.0269422 1.6243 0.1 0.1 -0.228953 0.0698651 0 0 -0.068664 0.0969619 0.02
0.0267249 1.62427 0.1 0.1 0.184803 -0.0748807 0 0 0.206894 -0.0723652 0.01
0.0281008 1.62383 0.1 0.1 0.0905334 -0.0129473 0 0 -0.0464728 0.0307452 0.01
0.0283185 1.6235 0.1 0.1 -0.0467789 -0.0527121 0 0 -0.0685958 -0.0200612 0.01
0.0281169 1.62286 0.1 0.1 0.0063685 -0.0764006 0 0 0.0264885 -0.0121649 0.01
