-2.73575 -0.150066 0.1 0.1 0.0912694 0.0268018 0 0 0 0 0
-2.75398 -0.139026 0.1 0.1 -1.90729 1.07377 0 0 -0.504651 0.264353 0.02
-3.0636 -0.431825 0.1 0.1 -4.92821 -7.45258 0 0 -0.185385 -0.490103 0.09
-2.67218 -1.76045 0.1 0.1 12.4685 -18.9275 0 0 0.89006 -0.640073 0.1
-1.67138 -2.5224 0.1 0.1 20.8087 -6.59358 0 0 0.778573 0.964311 0.06
-0.70982 -2.92834 0.1 0.1 27.2267 -13.6562 0 0 0.922528 -0.934001 0.04
2.18599 -2.71346 0.1 0.1 36.9767 12.0379 0 0 0.702697 0.94398 0.09
3.14135 -0.619778 0.1 0.1 -7.2752 29.5407 0 0 -0.302369 0.979553 0.1
2.09483 2.1035 0.1 0.1 -15.8524 30.9538 0 0 -0.535109 0.229776 0.09
1.2361 3.13 0.1 0.1 -5.75026 -5.00801 0 0 0.57798 -0.242855 0.08
0.90797 2.584 0.1 0.1 -5.19271 -13.111 0 0 0.0190959 -0.720862 0.06
0.798735 2.0281 0.1 0.1 2.36022 -0.94873 0 0 0.465389 0.725555 0.08
0.82496 2.02358 0.1 0.1 2.88384 0.0429009 0 0 0.27509 0.493668 0.01
0.854077 2.03332 0.1 0.1 -1.39942 0.441345 0 0 -0.532025 0.0509925 0.04
0.830182 2.05339 0.1 0.1 -0.199599 0.894468 0 0 0.19609 0.0788941 0.03
0.828829 2.05622 0.1 0.1 -0.0712106 -0.325051 0 0 0.063505 -0.608442 0.01
0.828975 2.05589 0.1 0.1 0.10019 0.256813 0 0 0.0858353 0.29082 0.01
0.833192 2.05827 0.1 0.1 0.180515 -0.095924 0 0 0.0140924 -0.0584008 0.03
0.834348 2.05748 0.1 0.1 0.0508946 -0.0629889 0 0 -0.0642621 0.0160687 0.01
0.835607 2.05429 0.1 0.1 0.0122969 -0.0964128 0 0 -0.00466998 -0.00457811 0.04
0.83601 2.05392 0.1 0.1 0.0682196 0.023473 0 0 0.0281806 0.0597734 0.01
0.481647 1.46237 0.1 0.1 -8.80699 -14.6173 0 0 -0.577432 -0.952215 0.08
0.0716375 0.816645 0.1 0.1 -0.431897 0.0481939 0 0 0.442999 0.779178 0.09
0.0661708 0.816043 0.1 0.1 -0.115827 -0.107905 0 0 0.0777157 -0.0391565 0.02
0.0658284 0.814709 0.1 0.1 0.0470726 -0.158839 0 0 0.0813506 -0.0261122 0.01
0.0661365 0.814634 0.1 0.1 0.0146052 0.143468 0 0 -0.0160468 0.151137 0.01
0.0712369 0.819539 0.1 0.1 0.086211 -0.0422868 0 0 0.00383583 -0.00904298 0.1
0.0737594 0.815559 0.1 0.1 -0.00125628 -0.0898866 0 0 -0.00708717 -0.0043013 0.06
0.0735354 0.814505 0.1 0.1 -0.0210766 -0.0158201 0 0 -0.00500997 0.0182546 0.02
