1.39915 2.04092 0.1 0.1 -0.0977762 -0.00850054 0 0 0 0 0
1.58645 1.69952 0.1 0.1 4.71621 -8.41455 0 0 0.312692 -0.546769 0.08
1.64542 1.25046 0.1 0.1 -1.72441 -14.0008 0 0 -0.798525 -0.754684 0.04
1.58606 0.951316 0.1 0.1 -4.203 -15.9076 0 0 -0.635463 -0.551731 0.02
1.3971 0.0937063 0.1 0.1 -3.36292 -18.3762 0 0 0.0648889 -0.33262 0.05
1.36374 -0.0987609 0.1 0.1 -3.30862 -20.1144 0 0 0.0101632 -0.965469 0.01
0.642191 -1.90889 0.1 0.1 -10.997 -16.1541 0 0 -0.420295 0.10738 0.1
-0.528235 -2.85873 0.1 0.1 -22.3111 -11.0441 0 0 -0.891605 0.297028 0.07
-1.2733 -3.05314 0.1 0.1 -27.3348 -0.620112 0 0 -0.961664 0.598335 0.03
-1.81768 -3.03712 0.1 0.1 -27.1035 2.09509 0 0 -0.0783016 0.652774 0.02
-2.63202 -2.90386 0.1 0.1 -27.1857 6.76553 0 0 -0.149494 0.800624 0.03
-2.90297 -2.83365 0.1 0.1 -27.0036 7.275 0 0 -0.0445422 0.289662 0.01
-3.05673 -1.85018 0.1 0.1 8.89089 17.1788 0 0 0.780518 0.680477 0.08
-2.70159 -0.804399 0.1 0.1 5.34403 24.5907 0 0 -0.31854 0.845766 0.05
-2.28583 0.569749 0.1 0.1 11.2401 30.3272 0 0 0.632118 0.711391 0.05
-2.0706 1.20204 0.1 0.1 10.2864 32.8931 0 0 -0.186034 0.799661 0.02
-1.57673 2.60334 0.1 0.1 14.3801 37.1438 0 0 0.57181 0.706796 0.04
-1.42479 2.97322 0.1 0.1 16.0051 36.8333 0 0 0.887782 0.0297441 0.01
0.382228 2.82049 0.1 0.1 28.9979 -13.3483 0 0 0.925349 -0.931129 0.08
3.21716 0.61403 0.1 0.1 22.799 -30.4946 0 0 0.078435 -0.967204 0.1
2.93573 -2.32454 0.1 0.1 -11.8661 -42.8122 0 0 -0.826339 -0.954409 0.08
2.81158 -2.75497 0.1 0.1 -12.9607 -43.2742 0 0 -0.607773 -0.446333 0.01
1.52315 -2.93922 0.1 0.1 -19.1676 12.4095 0 0 -0.468649 0.744775 0.08
0.729996 -1.93586 0.1 0.1 -7.3895 20.9501 0 0 0.915705 0.795363 0.06
0.661616 -1.71993 0.1 0.1 -6.28831 22.2344 0 0 0.516978 0.750234 0.01
0.548313 -1.27156 0.1 0.1 -5.04626 22.6012 0 0 0.282695 0.203824 0.02
0.41537 -0.786795 0.1 0.1 -8.23732 25.8643 0 0 -0.831244 0.936835 0.02
-0.105831 0.475751 0.1 0.1 -9.12679 16.3159 0 0 -0.117896 -0.690661 0.06
-0.367932 1.06536 0.1 0.1 -1.42124 7.34355 0 0 0.744801 -0.838155 0.05
-0.384214 1.25628 0.1 0.1 0.751791 0.351342 0 0 0.215667 -0.680194 0.05
-0.380915 1.25355 0.1 0.1 -0.0907285 -0.894583 0 0 -0.420105 -0.624535 0.01
-0.382512 1.24846 0.1 0.1 -0.0690274 0.380749 0 0 0.00510748 0.317616 0.02
-0.394586 1.25711 0.1 0.1 -0.197359 -0.179907 0 0 -0.00781365 -0.0306735 0.09
-0.395763 1.25641 0.1 0.1 -0.038305 0.0384265 0 0 0.0790298 0.108852 0.01
-0.395257 1.25763 0.1 0.1 0.0577607 0.0105363 0 0 0.00966439 -0.00266536 0.05
-0.395232 1.25768 0.1 0.1 -0.0549521 -0.00475617 0 0 -0.028196 -0.00381623 0.02
-0.395355 1.25765 0.1 0.1 0.0302736 -0.00247053 0 0 0.0425866 0.0011352 0.01
