-2.94059 -0.0918391 0.1 0.1 0.0415993 -0.0168669 0 0 0 0 0
-2.85697 -0.138966 0.1 0.1 4.11226 -2.32411 0 0 0.51974 -0.294148 0.04
-2.64854 -0.253629 0.1 0.1 9.7547 -5.30514 0 0 0.97599 -0.515682 0.03
-2.01918 -0.528151 0.1 0.1 11.2097 -3.85992 0 0 0.173842 0.0975772 0.06
-1.46291 -0.776407 0.1 0.1 16.5684 -8.52161 0 0 0.739775 -0.61374 0.04
-0.313065 -1.92293 0.1 0.1 12.2343 -19.989 0 0 -0.199587 -0.78876 0.08
-0.193636 -2.12636 0.1 0.1 11.6524 -20.6944 0 0 -0.231513 -0.454629 0.01
0.151938 -2.95762 0.1 0.1 5.66588 -20.8679 0 0 -0.705334 -0.125657 0.04
-0.271823 -3.01841 0.1 0.1 -13.8173 0.579796 0 0 -0.995635 -0.951487 0.1
-0.775751 -3.00455 0.1 0.1 -11.3953 0.165656 0 0 0.23984 -0.0892438 0.04
-1.44937 -2.5266 0.1 0.1 -7.89188 13.3366 0 0 0.202141 0.975045 0.07
-2.86629 -0.893729 0.1 0.1 -20.2385 19.2246 0 0 -0.688714 0.3758 0.1
-3.22106 0.542944 0.1 0.1 2.26456 28.5726 0 0 -0.441949 0.899469 0.06
-3.19449 0.829552 0.1 0.1 3.04986 28.7487 0 0 0.405695 0.23151 0.01
-2.35402 2.97581 0.1 0.1 17.7659 24.9589 0 0 0.971731 -0.102571 0.08
-1.29482 3.11132 0.1 0.1 24.5464 -3.53143 0 0 0.784247 0.0288539 0.05
-0.175047 2.98846 0.1 0.1 31.3964 -2.61752 0 0 0.996443 0.0989494 0.04
0.138069 2.96297 0.1 0.1 31.2271 -2.48244 0 0 0.0719437 0.0549835 0.01
0.778004 2.87683 0.1 0.1 32.7612 -6.11906 0 0 0.543709 -0.930622 0.02
1.45827 2.72689 0.1 0.1 35.2568 -8.8656 0 0 0.79432 -0.72384 0.02
3.31116 1.56103 0.1 0.1 -5.34858 -14.3561 0 0 0.458093 -0.332496 0.1
2.62189 0.366443 0.1 0.1 -11.7973 -15.4933 0 0 -0.446905 -0.145801 0.08
2.49938 0.211524 0.1 0.1 -12.7039 -15.4906 0 0 -0.515248 -0.0762405 0.01
1.43962 -0.772611 0.1 0.1 -17.5203 -12.66 0 0 -0.419836 0.131712 0.07
-0.118499 -2.10031 0.1 0.1 -26.8934 -25.1282 0 0 -0.780254 -0.98623 0.07
-1.31671 -3.01611 0.1 0.1 -32.9742 -17.348 0 0 -0.909064 0.439691 0.04
-2.72308 -3.10133 0.1 0.1 -37.3161 2.52055 0 0 -0.718766 -0.491322 0.04
-2.84662 -2.3981 0.1 0.1 13.8525 11.3952 0 0 0.882147 0.478824 0.1
-1.71164 -0.604866 0.1 0.1 8.92732 24.2552 0 0 -0.188874 0.732607 0.1
-0.854684 0.927598 0.1 0.1 12.4525 14.1901 0 0 0.273773 -0.53328 0.08
-0.593149 1.18871 0.1 0.1 13.6968 11.9286 0 0 0.376092 -0.499945 0.02
0.0484055 1.71512 0.1 0.1 0.751766 -0.0505975 0 0 -0.684314 -0.636442 0.09
0.0509907 1.71209 0.1 0.1 -0.233089 -0.555512 0 0 -0.491476 -0.254088 0.01
0.0652604 1.69127 0.1 0.1 0.630723 -0.0452814 0 0 0.062764 0.0349733 0.07
0.0684975 1.69144 0.1 0.1 0.0177289 0.0790916 0 0 -0.305062 0.0622375 0.01
0.0683493 1.69189 0.1 0.1 -0.0472672 0.0109341 0 0 -0.0325976 -0.0338646 0.01
0.0678392 1.6923 0.1 0.1 0.0213065 0.00964333 0 0 0.00851332 -0.000108702 0.04
