-2.00167 -1.23325 0.1 0.1 -0.0779417 -0.00163428 0 0 0 0 0
-1.79359 -1.37581 0.1 0.1 8.3313 -5.65366 0 0 0.862256 -0.579383 0.05
-0.767972 -1.41008 0.1 0.1 20.8258 4.55635 0 0 0.966541 0.726895 0.07
-0.347062 -1.34296 0.1 0.1 21.2638 2.16356 0 0 0.214852 -0.581973 0.02
0.364424 -1.27617 0.1 0.1 26.1441 2.28913 0 0 0.932734 0.0316551 0.03
1.05126 -1.12065 0.1 0.1 19.6772 8.04971 0 0 -0.963746 0.985372 0.03
1.96107 -0.946279 0.1 0.1 25.7729 0.717847 0 0 0.876321 -0.895105 0.04
3.31096 -0.481921 0.1 0.1 -3.34247 10.7591 0 0 -0.0372037 0.65575 0.08
2.90522 0.226344 0.1 0.1 -6.66931 6.99758 0 0 -0.228071 -0.190951 0.08
1.57002 0.841841 0.1 0.1 -19.8167 5.33873 0 0 -0.724777 -0.0522923 0.1
1.36817 0.900872 0.1 0.1 -20.5522 6.46559 0 0 -0.468666 0.593269 0.01
0.947172 1.04123 0.1 0.1 -21.5441 7.56644 0 0 -0.353152 0.310675 0.02
0.320421 1.1821 0.1 0.1 -20.2456 1.85355 0 0 0.112068 -0.928346 0.03
-0.525707 1.27335 0.1 0.1 -13.6544 1.79728 0 0 0.575115 0.00395779 0.05
-1.06752 1.57374 0.1 0.1 -8.06442 10.1491 0 0 0.505503 0.865615 0.05
-1.09237 1.82547 0.1 0.1 7.31151 -4.86424 0 0 0.767922 -0.738099 0.1
-0.658226 1.60283 0.1 0.1 1.46886 0.325141 0 0 -0.270554 0.248361 0.1
-0.653113 1.61053 0.1 0.1 -0.443127 1.21354 0 0 -0.954001 0.447972 0.01
-0.654068 1.61994 0.1 0.1 0.250849 0.670407 0 0 0.346695 -0.266852 0.01
-0.656412 1.62255 0.1 0.1 -0.717961 -0.146696 0 0 -0.485963 -0.407394 0.01
-0.670974 1.62132 0.1 0.1 -0.738139 0.0225264 0 0 -0.00868146 0.0420036 0.02
-0.673599 1.62101 0.1 0.1 0.211486 -0.083472 0 0 0.473805 -0.0530841 0.01
-0.672384 1.61996 0.1 0.1 0.0317838 -0.127811 0 0 -0.0893067 -0.0227165 0.01
-0.672351 1.61942 0.1 0.1 -0.0250507 0.0202016 0 0 -0.0284075 0.0737463 0.01
-0.672877 1.6196 0.1 0.1 -0.0275281 -0.00213299 0 0 -0.000752125 -0.00553972 0.02
