-2.80069 1.68509 0.1 0.1 0.0845792 -0.0242436 0 0 0 0 0
-2.73534 1.66643 0.1 0.1 4.25107 -1.21374 0 0 0.705721 -0.201282 0.03
-2.6841 1.66055 0.1 0.1 5.99545 0.0354708 0 0 0.898474 0.621933 0.01
-2.55356 1.67194 0.1 0.1 7.05457 1.09997 0 0 0.297616 0.269106 0.02
-1.44268 2.35618 0.1 0.1 17.478 13.9129 0 0 0.640911 0.750178 0.09
-1.11903 2.66457 0.1 0.1 14.8956 16.9164 0 0 -0.565368 0.828295 0.02
-0.379801 3.0992 0.1 0.1 9.79549 -2.48275 0 0 -0.363533 0.730955 0.06
1.36184 2.16482 0.1 0.1 24.7858 -15.9818 0 0 0.836973 -0.721633 0.1
1.85864 1.83971 0.1 0.1 24.8936 -16.528 0 0 0.151693 -0.217238 0.02
2.8125 1.07249 0.1 0.1 22.814 -21.7976 0 0 -0.14045 -0.754167 0.04
3.04063 0.847 0.1 0.1 22.8114 -23.2974 0 0 0.11298 -0.862302 0.01
3.07212 -1.49779 0.1 0.1 -5.96659 -35.1692 0 0 -0.471243 -0.889271 0.08
2.91922 -2.60357 0.1 0.1 -4.23483 -38.5325 0 0 0.264842 -0.744938 0.03
2.33774 -2.83617 0.1 0.1 -8.62081 12.6835 0 0 -0.276084 0.857642 0.09
0.893353 -1.34213 0.1 0.1 -23.2546 20.4039 0 0 -0.893839 0.511677 0.09
-0.701646 0.176606 0.1 0.1 -29.8474 30.1223 0 0 -0.682977 0.936006 0.06
-1.32682 0.794629 0.1 0.1 -32.6608 31.6743 0 0 -0.859745 0.542826 0.02
-2.37582 1.81122 0.1 0.1 -37.2508 36.0754 0 0 -0.939038 0.904139 0.03
-3.3493 2.90193 0.1 0.1 -10.009 36.6383 0 0 -0.907409 0.276437 0.03
-2.63528 2.65423 0.1 0.1 14.1846 -12.8918 0 0 0.685094 -0.724291 0.1
-1.87857 2.19828 0.1 0.1 16.0678 -5.40892 0 0 0.264203 0.702991 0.05
-1.13174 1.92629 0.1 0.1 21.239 -8.1725 0 0 0.740239 -0.379124 0.04
-0.0113659 1.59954 0.1 0.1 1.49867 1.47848 0 0 -0.931457 0.466318 0.1
-0.00554536 1.6091 0.1 0.1 -0.331527 0.434556 0 0 -0.912889 -0.517425 0.01
-0.0138787 1.63279 0.1 0.1 -0.00452734 0.512396 0 0 0.0318894 0.0101597 0.05
-0.0159149 1.63639 0.1 0.1 -0.19845 -0.149695 0 0 -0.0490479 -0.164658 0.02
-0.0179765 1.63563 0.1 0.1 -0.213842 -0.003948 0 0 -0.00871993 0.0725017 0.01
-0.0192112 1.63563 0.1 0.1 -0.0334052 0.00405078 0 0 0.0896605 0.00401472 0.01
