-1.93201 -1.23895 0.1 0.1 -0.00536343 -0.035997 0 0 0 0 0
-1.50542 -1.04154 0.1 0.1 12.0525 5.61054 0 0 0.892642 0.417668 0.07
0.544195 -0.568619 0.1 0.1 28.6628 3.87783 0 0 0.933948 -0.0630558 0.1
2.12393 -0.149429 0.1 0.1 34.4779 12.8148 0 0 0.740668 0.935584 0.05
3.13234 1.38706 0.1 0.1 -7.4044 17.8285 0 0 -0.5282 0.326831 0.1
2.05026 2.11862 0.1 0.1 -14.126 -2.85336 0 0 -0.390419 -0.997607 0.1
1.2647 1.04305 0.1 0.1 -1.79001 -18.3988 0 0 0.577508 -0.831025 0.1
1.11534 0.191059 0.1 0.1 -5.65205 -24.1621 0 0 -0.502528 -0.827192 0.04
1.017 -0.572324 0.1 0.1 -0.928168 -26.7172 0 0 0.771781 -0.552857 0.03
0.557336 -2.77214 0.1 0.1 -12.0792 -36.0265 0 0 -0.828743 -0.822371 0.07
-0.792038 -2.70144 0.1 0.1 -14.862 13.1265 0 0 -0.206724 0.698498 0.1
-2.0761 -1.46883 0.1 0.1 -21.7439 21.9891 0 0 -0.583783 0.720859 0.07
-3.05957 -0.451441 0.1 0.1 -27.3923 28.8345 0 0 -0.829893 0.982282 0.04
-2.74323 2.98336 0.1 0.1 13.6023 39.6889 0 0 0.848353 0.715234 0.1
-1.00445 2.54941 0.1 0.1 21.0499 -16.136 0 0 0.459582 -0.842545 0.1
-0.796303 2.39507 0.1 0.1 20.5807 -14.7337 0 0 -0.130347 0.62438 0.01
0.219213 1.73013 0.1 0.1 0.0728511 1.17151 0 0 -0.974969 0.762179 0.1
0.217418 1.73423 0.1 0.1 -0.430983 -0.35004 0 0 -0.253074 -0.758894 0.01
0.215387 1.73355 0.1 0.1 0.0239774 0.213066 0 0 0.226642 0.281293 0.01
0.215503 1.73564 0.1 0.1 -0.000745022 0.204912 0 0 -0.0123114 -0.00303455 0.01
0.215758 1.73654 0.1 0.1 0.0516929 -0.0231478 0 0 0.0263469 -0.113592 0.01
0.216744 1.73572 0.1 0.1 0.0142382 -0.0314407 0 0 -0.00608208 -0.00151982 0.03
0.216872 1.7355 0.1 0.1 -0.00974735 0.0233915 0 0 -0.00198876 0.00455111 0.06
