3.01592 1.07695 0.1 0.1 0.0300449 -0.0681211 0 0 0 0 0
2.75028 0.621274 0.1 0.1 -7.53076 -12.8026 0 0 -0.559912 -0.942458 0.07
2.00331 -1.0906 0.1 0.1 -9.05008 -25.055 0 0 -0.126048 -0.775954 0.09
1.30632 -2.5099 0.1 0.1 -14.1317 -22.283 0 0 -0.48069 0.112583 0.06
-0.669327 -3.03013 0.1 0.1 -25.1957 1.60193 0 0 -0.65207 -0.189168 0.1
-2.49785 -2.62352 0.1 0.1 -20.5788 8.47225 0 0 0.174271 0.454728 0.08
-3.13011 -2.3104 0.1 0.1 5.99339 -1.36741 0 0 0.960865 -0.529412 0.09
-1.80373 -1.64772 0.1 0.1 20.2921 14.36 0 0 0.781912 0.819498 0.1
-1.14972 -1.23961 0.1 0.1 12.4618 6.10009 0 0 -0.897502 -0.982154 0.04
0.2956 -0.485901 0.1 0.1 23.5228 12.6555 0 0 0.782774 0.456836 0.08
2.92756 1.2911 0.1 0.1 34.8067 26.6194 0 0 0.773349 0.87518 0.09
3.41637 2.41277 0.1 0.1 -5.54867 29.4463 0 0 0.845129 0.493423 0.04
3.35424 2.70942 0.1 0.1 -6.85111 29.8815 0 0 -0.671199 0.365968 0.01
2.06022 3.03583 0.1 0.1 -21.6817 -1.51793 0 0 -0.895957 0.261625 0.09
1.5058 2.91417 0.1 0.1 -15.3118 -6.56769 0 0 0.969525 -0.862041 0.03
0.935586 2.67473 0.1 0.1 -1.14549 -0.345783 0 0 0.971388 0.427395 0.07
0.931405 2.66717 0.1 0.1 0.307026 -1.16514 0 0 0.724388 -0.413544 0.01
0.955032 2.54748 0.1 0.1 0.478802 -2.80819 0 0 0.0162886 -0.146919 0.06
0.787376 2.25038 0.1 0.1 -6.0022 -7.05276 0 0 -0.554294 -0.378529 0.06
0.597556 2.07773 0.1 0.1 -0.381643 1.2153 0 0 0.452778 0.674775 0.06
0.594849 2.08543 0.1 0.1 -0.159998 0.324982 0 0 0.109492 -0.441382 0.01
0.352204 1.71363 0.1 0.1 -5.82976 -9.4892 0 0 -0.369832 -0.636749 0.08
0.202428 1.49495 0.1 0.1 -0.208586 0.657495 0 0 0.547633 0.993087 0.05
0.200176 1.49903 0.1 0.1 -0.241772 0.159067 0 0 -0.017778 -0.24722 0.01
0.186173 1.50394 0.1 0.1 -0.317746 0.0385994 0 0 -0.00900536 -0.0115586 0.05
0.180697 1.50035 0.1 0.1 0.174306 -0.126148 0 0 0.030431 -0.0105171 0.08
0.186 1.49999 0.1 0.1 0.179187 0.101041 0 0 0.00170504 0.0378117 0.03
0.192122 1.50438 0.1 0.1 0.0666238 0.074772 0 0 -0.0106527 -0.00219052 0.05
0.192763 1.50454 0.1 0.1 0.0615307 -0.0434177 0 0 -0.0022391 -0.0590276 0.01
0.194021 1.50416 0.1 0.1 -0.0105758 0.0275156 0 0 -0.00708856 0.00705492 0.05
0.194131 1.50431 0.1 0.1 0.0324836 0.00242026 0 0 0.0215976 -0.0124711 0.01
