-0.974427 2.96433 0.1 0.1 -0.0610631 -0.0767535 0 0 0 0 0
-1.13677 2.71638 0.1 0.1 -4.52511 -6.92777 0 0 -0.330534 -0.507139 0.07
-1.43112 2.34202 0.1 0.1 -10.1544 -11.758 0 0 -0.740827 -0.650636 0.04
-1.77274 1.74687 0.1 0.1 -6.94739 -17.9585 0 0 0.357855 -0.849492 0.04
-1.98013 1.13567 0.1 0.1 -6.87906 -22.7639 0 0 -0.024072 -0.902858 0.03
-2.05506 0.899344 0.1 0.1 -8.10326 -24.4982 0 0 -0.651219 -0.985581 0.01
-3.30857 -2.24907 0.1 0.1 1.07099 -38.2433 0 0 -0.843673 -0.844947 0.1
-3.15074 -3.10711 0.1 0.1 0.497405 6.4785 0 0 -0.226184 0.180368 0.08
-2.62978 -1.81377 0.1 0.1 10.9195 22.0292 0 0 0.608453 0.935894 0.09
-1.20949 -0.413992 0.1 0.1 17.3821 6.22945 0 0 0.394756 -0.720202 0.1
-0.76146 -0.23779 0.1 0.1 12.5109 5.52079 0 0 -0.738048 -0.0891528 0.03
-0.221062 0.16328 0.1 0.1 9.13327 10.4806 0 0 -0.283901 0.536032 0.05
0.0733619 0.797664 0.1 0.1 0.764381 10.6636 0 0 -0.673708 0.0678752 0.06
0.0501089 1.1535 0.1 0.1 -1.40394 -0.368089 0 0 -0.156936 -0.762741 0.07
0.0420179 1.14986 0.1 0.1 -0.216238 -0.361623 0 0 0.590315 0.0015659 0.01
0.0407759 1.14986 0.1 0.1 -0.0324747 0.361103 0 0 0.0914346 0.361451 0.01
0.0404822 1.15106 0.1 0.1 -0.0262783 -0.119239 0 0 0.00289102 -0.239609 0.01
0.0399627 1.15048 0.1 0.1 -0.0775299 0.00129462 0 0 -0.0258918 0.059976 0.01
0.039423 1.15029 0.1 0.1 -0.0304961 -0.0383751 0 0 0.0232621 -0.019925 0.01
0.039186 1.14988 0.1 0.1 -0.0169259 -0.0428625 0 0 0.00667187 -0.00244541 0.01
0.0391809 1.14961 0.1 0.1 0.0158529 -0.0112194 0 0 0.0164051 0.0156935 0.01
0.0393588 1.14957 0.1 0.1 0.0197151 0.00228892 0 0 0.00202345 0.00673354 0.01
