1.95588 0.252977 0.1 0.1 0.0651597 0.0420358 0 0 0 0 0
1.47267 -0.609754 0.1 0.1 -9.57016 -17.0124 0 0 -0.506729 -0.896202 0.1
0.68106 -1.69585 0.1 0.1 -16.7473 -19.1691 0 0 -0.663844 -0.270592 0.06
-1.27594 -2.98848 0.1 0.1 -26.5911 -9.69897 0 0 -0.655204 0.454093 0.09
-2.79605 -3.00952 0.1 0.1 -34.1503 4.19457 0 0 -0.908182 0.716268 0.05
-3.17097 -1.89457 0.1 0.1 1.13499 17.8751 0 0 -0.42607 0.73978 0.1
-2.79714 -0.73264 0.1 0.1 11.2235 20.8263 0 0 0.873177 0.342946 0.06
-2.41912 0.436672 0.1 0.1 3.95979 25.9037 0 0 -0.689006 0.624466 0.05
-2.21751 1.22559 0.1 0.1 9.45451 26.687 0 0 0.94948 0.262377 0.03
-1.77622 2.36396 0.1 0.1 12.5894 30.2083 0 0 0.445864 0.582715 0.04
-1.53638 2.99177 0.1 0.1 11.398 32.565 0 0 -0.238828 0.74631 0.02
0.495505 2.49215 0.1 0.1 28.9472 -17.1702 0 0 0.979467 -0.979922 0.1
0.778604 2.31556 0.1 0.1 27.6748 -18.1455 0 0 -0.494364 -0.575421 0.01
2.7839 0.488172 0.1 0.1 22.5281 -27.4144 0 0 -0.1961 -0.69308 0.08
2.95284 -2.78258 0.1 0.1 -10.0049 -37.8312 0 0 -0.732673 -0.684991 0.1
2.69215 -3.2283 0.1 0.1 -0.50203 6.40782 0 0 0.924328 0.0904135 0.05
2.22361 -2.57516 0.1 0.1 -12.7417 12.1862 0 0 -0.907996 0.459476 0.07
1.99498 -2.29766 0.1 0.1 -10.1302 15.5522 0 0 0.595867 0.910941 0.02
1.69759 -1.58103 0.1 0.1 -4.77547 20.248 0 0 0.632639 0.676656 0.04
0.86568 0.190868 0.1 0.1 -11.7453 15.2729 0 0 -0.390457 -0.160346 0.1
0.411823 0.792984 0.1 0.1 0.239435 -0.0158417 0 0 0.721143 -0.917793 0.08
0.413596 0.792381 0.1 0.1 0.115414 -0.104663 0 0 -0.0611995 -0.0447404 0.01
0.111923 0.946874 0.1 0.1 -7.55521 3.91323 0 0 -0.498643 0.260681 0.08
-0.190054 1.1027 0.1 0.1 -0.0934782 0.0342398 0 0 0.447849 -0.232591 0.08
-0.19098 1.10272 0.1 0.1 -0.0916582 -0.028504 0 0 0.000439459 -0.031363 0.01
-0.192451 1.10128 0.1 0.1 0.0174007 -0.0438593 0 0 0.01346 -0.0020972 0.04
-0.192339 1.1009 0.1 0.1 0.00498169 -0.0305172 0 0 -0.00615727 0.00648463 0.01
