0.638773 -1.6385 0.1 0.1 -0.0439101 0.081451 0 0 0 0 0
0.553986 -1.66295 0.1 0.1 -5.58093 -1.70222 0 0 -0.937606 -0.30156 0.03
-0.117452 -1.3044 0.1 0.1 -13.51 11.7897 0 0 -0.614623 0.989283 0.07
-0.865314 -0.570473 0.1 0.1 -16.3806 17.5195 0 0 -0.362134 0.646193 0.05
-1.69978 0.777981 0.1 0.1 -11.4838 27.3304 0 0 0.339234 0.930233 0.06
-3.31546 3.19942 0.1 0.1 0.491501 4.67385 0 0 -0.946515 -0.0533457 0.1
-2.63242 2.55848 0.1 0.1 13.5333 -13.8001 0 0 0.705013 -0.755841 0.09
-2.20468 2.12587 0.1 0.1 14.9755 -15.0348 0 0 0.311912 -0.277765 0.03
-0.149187 1.5139 0.1 0.1 25.952 2.50125 0 0 0.652244 0.846905 0.1
2.59705 2.23777 0.1 0.1 34.9441 13.4201 0 0 0.65191 0.647957 0.09
2.95365 2.36186 0.1 0.1 36.3747 11.4024 0 0 0.893034 -0.945913 0.01
3.43682 2.9403 0.1 0.1 -6.21177 17.4804 0 0 0.206175 0.832537 0.04
2.86786 2.97305 0.1 0.1 -12.662 -6.87398 0 0 -0.582748 -0.930579 0.06
1.78025 2.44086 0.1 0.1 -23.4825 -10.8269 0 0 -0.992788 -0.373626 0.06
0.419875 2.01121 0.1 0.1 -4.05105 2.02096 0 0 0.903873 0.621266 0.1
0.370301 2.02796 0.1 0.1 -0.916732 -0.338683 0 0 0.771531 -0.585759 0.02
0.368535 2.02418 0.1 0.1 0.560942 -0.416462 0 0 0.738312 -0.0407275 0.01
0.374217 2.02275 0.1 0.1 0.575555 0.12957 0 0 0.010173 0.272349 0.01
0.377967 2.02282 0.1 0.1 0.175122 -0.114001 0 0 -0.19845 -0.121784 0.01
0.382407 2.02152 0.1 0.1 0.268488 -0.0167553 0 0 0.0244647 0.0239915 0.02
0.387309 2.01939 0.1 0.1 -0.0695706 -0.0678943 0 0 -0.0333326 -0.00533008 0.05
0.386644 2.01923 0.1 0.1 0.0247933 0.0560674 0 0 0.0156259 0.0206371 0.03
0.386035 2.02 0.1 0.1 -0.0649465 -0.00387827 0 0 -0.0150663 -0.00986411 0.03
0.384574 2.01974 0.1 0.1 -0.0326674 -0.0137201 0 0 0.00513874 -0.00168429 0.03
0.384388 2.01951 0.1 0.1 -0.00448036 -0.0330675 0 0 0.014007 -0.00979132 0.01
0.384229 2.01931 0.1 0.1 -0.0272612 -0.00599443 0 0 -0.0114744 0.0134405 0.01
