3.07437 -1.8322 0.1 0.1 0.0129483 0.083815 0 0 0 0 0
2.91563 -1.39625 0.1 0.1 -3.13552 8.49507 0 0 -0.165391 0.442406 0.1
3.21381 -0.406483 0.1 0.1 -0.407731 11.2574 0 0 0.789331 0.187615 0.1
3.14595 -0.0588341 0.1 0.1 -0.163841 -3.31371 0 0 0.489909 -0.790325 0.09
3.14356 -0.141454 0.1 0.1 -0.0824952 -4.94283 0 0 0.366401 -0.427998 0.02
3.09097 -0.410731 0.1 0.1 -2.53104 -8.49734 0 0 -0.31313 -0.478169 0.04
2.58243 -1.32092 0.1 0.1 -11.8917 -17.404 0 0 -0.705476 -0.701579 0.07
1.85934 -2.15482 0.1 0.1 -16.9897 -15.964 0 0 -0.581608 0.0603467 0.05
-0.458508 -3.09419 0.1 0.1 -29.1614 2.87217 0 0 -0.724423 -0.595256 0.1
-1.71787 -2.85007 0.1 0.1 -33.776 9.29141 0 0 -0.734485 0.832917 0.04
-3.21497 -1.23519 0.1 0.1 6.05186 22.7784 0 0 0.700791 0.75506 0.1
-2.34123 0.328551 0.1 0.1 18.7665 21.9095 0 0 0.971906 0.0499022 0.07
-2.16321 0.550484 0.1 0.1 16.8394 22.4763 0 0 -0.876085 0.39421 0.01
-1.86843 0.967122 0.1 0.1 12.6526 19.1984 0 0 -0.975079 -0.715644 0.02
-0.855965 1.812 0.1 0.1 16.2316 5.10518 0 0 0.327427 -0.946208 0.07
-0.463872 1.88553 0.1 0.1 9.93911 -0.176296 0 0 -0.984166 -0.868075 0.03
-0.155042 1.92047 0.1 0.1 0.450018 1.32585 0 0 -0.765443 0.128065 0.06
-0.152343 1.93336 0.1 0.1 -0.309972 -0.667954 0 0 -0.0947358 -0.247666 0.04
-0.154335 1.90096 0.1 0.1 0.225815 -0.62817 0 0 0.053408 0.000744896 0.05
-0.152714 1.89511 0.1 0.1 -0.0627043 0.040365 0 0 -0.0717464 0.165691 0.02
-0.153839 1.8952 0.1 0.1 -0.0498886 -0.0305549 0 0 0.00292244 -0.0177088 0.02
-0.154271 1.89486 0.1 0.1 -0.0365139 -0.0379372 0 0 0.00647466 -0.00386236 0.01
