-1.53113 0.62749 0.1 0.1 0.0717797 -0.0292821 0 0 0 0 0
-1.45544 0.537286 0.1 0.1 2.93177 -3.54956 0 0 0.293743 -0.361006 0.05
-1.43291 0.498182 0.1 0.1 1.5767 -4.26996 0 0 -0.667119 -0.380058 0.01
-0.808289 0.480275 0.1 0.1 10.763 3.77761 0 0 0.491187 0.401745 0.1
-0.589494 0.551096 0.1 0.1 11.1152 3.30604 0 0 0.142745 -0.100112 0.02
-0.471207 0.580373 0.1 0.1 12.5399 2.5507 0 0 0.772076 -0.36276 0.01
-0.35182 0.605818 0.1 0.1 11.3395 2.53837 0 0 -0.541208 0.00643529 0.01
-0.00483469 1.08852 0.1 0.1 -1.27861 11.1527 0 0 -0.877278 0.649625 0.07
-0.0254963 1.45112 0.1 0.1 0.665262 -0.654911 0 0 0.13726 -0.817613 0.07
-0.0212366 1.44729 0.1 0.1 0.187489 -0.112877 0 0 -0.236878 0.269099 0.01
-0.0197723 1.44769 0.1 0.1 0.105496 0.191927 0 0 -0.0402639 0.152619 0.01
-0.0187439 1.44963 0.1 0.1 0.100188 0.196913 0 0 -0.00214166 0.00346513 0.01
-0.0180332 1.44967 0.1 0.1 0.0420559 -0.189032 0 0 -0.0287704 -0.192994 0.01
-0.0171039 1.44841 0.1 0.1 0.143629 -0.0621428 0 0 0.0513013 0.0628385 0.01
-0.0129438 1.44269 0.1 0.1 0.0237752 -0.165899 0 0 -0.0115803 -0.0109521 0.05
-0.0123381 1.44213 0.1 0.1 0.0972417 0.0542545 0 0 0.0370854 0.109825 0.01
-0.0120018 1.44206 0.1 0.1 -0.0297679 -0.0685847 0 0 -0.0633959 -0.0614793 0.01
-0.0121448 1.44215 0.1 0.1 0.00110876 0.0862831 0 0 0.0153938 0.0774953 0.01
-0.012303 1.44248 0.1 0.1 -0.0326863 -0.0192506 0 0 -0.0169997 -0.0526122 0.01
-0.0126415 1.44265 0.1 0.1 0.00990607 0.0300049 0 0 0.0070492 0.00823961 0.03
-0.0123945 1.44311 0.1 0.1 5.415e-05 -0.0111321 0 0 -0.000962051 -0.00406828 0.05
