-3.08769 0.658447 0.1 0.1 0.00385013 -0.0736101 0 0 0 0 0
-3.02441 0.65264 0.1 0.1 4.19439 -0.312375 0 0 0.709677 -0.0405231 0.03
-2.52522 0.57983 0.1 0.1 12.3633 -2.09693 0 0 0.723008 -0.154521 0.06
-1.55872 0.686223 0.1 0.1 19.7799 5.56645 0 0 0.699412 0.647974 0.06
-0.427084 0.991757 0.1 0.1 25.4389 6.64546 0 0 0.679399 0.139075 0.05
1.73894 1.33861 0.1 0.1 36.3207 3.30189 0 0 0.932254 -0.21291 0.07
2.45713 1.42352 0.1 0.1 35.5013 5.18242 0 0 -0.025686 0.492781 0.02
3.10773 2.6217 0.1 0.1 -9.52006 21.2056 0 0 -0.699999 0.956912 0.09
2.36962 3.14308 0.1 0.1 -15.0287 -3.7235 0 0 -0.520581 0.992676 0.06
2.0911 3.03042 0.1 0.1 -12.8299 -7.53054 0 0 0.480236 -0.980106 0.02
1.53888 2.6123 0.1 0.1 -14.768 -13.3366 0 0 -0.311474 -0.778075 0.04
0.347794 1.34032 0.1 0.1 -9.14765 -12.1233 0 0 0.221184 -0.00276924 0.1
-0.0055892 0.86865 0.1 0.1 0.18731 0.167855 0 0 0.561979 0.739046 0.08
-0.00445284 0.872146 0.1 0.1 -0.072808 0.181733 0 0 -0.0648072 0.0043238 0.02
-0.00470799 0.872326 0.1 0.1 0.0216192 -0.145328 0 0 0.0470803 -0.163455 0.01
0.000148034 1.03835 0.1 0.1 0.1715 6.72918 0 0 0.0156828 0.704178 0.05
-0.0102466 1.30607 0.1 0.1 -0.423654 0.0527974 0 0 -0.0379963 -0.400623 0.08
-0.0134355 1.30526 0.1 0.1 0.207906 -0.106104 0 0 0.104806 -0.026599 0.03
-0.0126218 1.30586 0.1 0.1 -0.044728 0.225038 0 0 -0.125972 0.165869 0.01
-0.0144476 1.30923 0.1 0.1 -0.137546 0.112724 0 0 -0.023686 -0.0272453 0.02
-0.017778 1.31052 0.1 0.1 -0.0847474 -0.0259624 0 0 0.00824644 -0.0229012 0.03
-0.0187041 1.31036 0.1 0.1 -0.100437 -0.00774129 0 0 -0.0083121 0.00902615 0.01
-0.0220693 1.3132 0.1 0.1 0.0237939 0.0698702 0 0 0.00672125 0.00447231 0.09
