0.453367 -2.82643 0.1 0.1 0.0996069 -0.0357292 0 0 0 0 0
-0.0134828 -2.83696 0.1 0.1 -10.3179 -0.195773 0 0 -0.604837 -0.00946934 0.09
-0.310587 -2.87201 0.1 0.1 -9.49322 -2.13085 0 0 0.0879782 -0.328446 0.03
-0.661177 -3.01051 0.1 0.1 -8.04586 -3.83418 0 0 0.137166 -0.348129 0.04
-2.36303 -2.67387 0.1 0.1 -25.6966 8.61526 0 0 -0.967924 0.541773 0.1
-2.62521 -2.58642 0.1 0.1 -26.7366 8.87507 0 0 -0.651444 0.173295 0.01
-2.89068 -2.48819 0.1 0.1 -26.3587 10.7679 0 0 0.0559961 0.995241 0.01
-2.8123 -0.952436 0.1 0.1 12.8764 19.7957 0 0 0.902034 0.528296 0.1
-2.54207 -0.548763 0.1 0.1 14.1427 20.569 0 0 0.385197 0.294241 0.02
-0.621636 1.94984 0.1 0.1 24.1129 29.256 0 0 0.594181 0.55975 0.1
0.0288722 2.77646 0.1 0.1 19.2765 25.8696 0 0 -0.699458 -0.426389 0.03
0.735243 3.1239 0.1 0.1 9.06309 -3.47541 0 0 -0.95091 -0.291478 0.05
1.11479 3.00778 0.1 0.1 0.539098 -0.257208 0 0 -0.509167 0.413482 0.08
1.12275 3.00423 0.1 0.1 0.258523 -0.115667 0 0 -0.068171 0.372154 0.02
0.505469 2.36845 0.1 0.1 -13.7642 -13.8075 0 0 -0.813632 -0.796054 0.09
-0.0614016 1.75118 0.1 0.1 -8.95114 -10.9074 0 0 0.424462 0.228494 0.05
-0.297275 1.43159 0.1 0.1 0.988351 0.143922 0 0 0.809271 0.894645 0.06
-0.287354 1.43221 0.1 0.1 -0.320407 -0.101284 0 0 -0.216643 -0.0408151 0.03
-0.290379 1.43181 0.1 0.1 -0.284504 0.0205122 0 0 0.0164652 0.0607108 0.01
-0.292744 1.43204 0.1 0.1 -0.188844 0.0257949 0 0 0.0466828 0.00276741 0.01
-0.296052 1.43223 0.1 0.1 -0.142054 -0.00662294 0 0 0.0108778 -0.0080558 0.02
-0.297232 1.43222 0.1 0.1 -0.0939816 0.00412268 0 0 0.0234652 0.00537243 0.01
-0.298397 1.43159 0.1 0.1 -0.0228081 -0.067157 0 0 0.0175116 -0.0179776 0.02
-0.298606 1.43102 0.1 0.1 -0.0190528 -0.0467586 0 0 0.00177643 0.00991666 0.01
-0.298807 1.4306 0.1 0.1 -0.0209657 -0.0377883 0 0 -0.00105631 0.0042744 0.01
-0.299068 1.43033 0.1 0.1 -0.0313002 -0.0145914 0 0 -0.0052994 0.0114686 0.01
