0.966333 -1.02523 0.1 0.1 -0.0957846 -0.00186929 0 0 0 0 0
0.54743 -0.798749 0.1 0.1 -10.2413 5.5896 0 0 -0.660792 0.363461 0.08
-0.996763 -0.590419 0.1 0.1 -23.87 -0.862516 0 0 -0.84388 -0.347399 0.09
-1.46899 -0.591022 0.1 0.1 -23.3543 0.796591 0 0 0.0111669 0.414402 0.02
-3.28125 0.444219 0.1 0.1 0.585101 19.5885 0 0 0.147944 0.991839 0.1
-2.66935 3.06229 0.1 0.1 10.7134 26.6767 0 0 0.494816 0.779605 0.1
-2.56735 3.2176 0.1 0.1 9.68857 7.159 0 0 -0.461089 -0.400959 0.01
-2.47678 3.24137 0.1 0.1 8.42743 -1.04736 0 0 -0.585256 0.968783 0.01
-1.67458 2.76966 0.1 0.1 18.2145 -13.4843 0 0 0.882712 -0.976955 0.06
-0.095525 1.88847 0.1 0.1 26.7999 -11.7148 0 0 0.726602 0.0639069 0.07
1.44102 0.766334 0.1 0.1 17.2149 -20.2453 0 0 -0.575095 -0.689213 0.07
3.17104 -0.973003 0.1 0.1 21.3065 -23.195 0 0 0.652732 -0.293082 0.08
3.08293 -2.91595 0.1 0.1 -7.77222 -32.2175 0 0 -0.627289 -0.783848 0.07
2.73153 -2.79501 0.1 0.1 -0.151845 10.4601 0 0 0.403848 0.659371 0.09
2.48038 -1.40555 0.1 0.1 -4.7942 17.2168 0 0 -0.244657 0.407347 0.1
1.4725 0.265013 0.1 0.1 -15.1893 16.2112 0 0 -0.570677 0.0330339 0.1
1.31391 0.436277 0.1 0.1 -16.5262 18.0385 0 0 -0.747993 0.999278 0.01
0.812311 0.991988 0.1 0.1 -8.6064 9.80209 0 0 0.928028 -0.959829 0.04
0.177571 1.51471 0.1 0.1 -9.51854 5.18645 0 0 -0.110542 -0.292339 0.07
-0.243586 1.71802 0.1 0.1 -1.12198 -0.0337561 0 0 0.49878 -0.313494 0.08
-0.251855 1.71994 0.1 0.1 -0.532742 0.417976 0 0 0.2907 0.22691 0.01
-0.258375 1.7215 0.1 0.1 -0.770841 -0.105748 0 0 -0.122419 -0.261145 0.01
-0.261272 1.72304 0.1 0.1 0.189859 0.413214 0 0 0.479234 0.260364 0.01
-0.261144 1.72521 0.1 0.1 -0.163841 0.0220044 0 0 -0.176923 -0.194577 0.01
-0.263802 1.72473 0.1 0.1 -0.102111 -0.0703296 0 0 0.0147744 -0.0232069 0.02
-0.263715 1.7244 0.1 0.1 0.119096 0.00425438 0 0 0.11072 0.037149 0.01
-0.262392 1.72411 0.1 0.1 0.0135287 -0.0328671 0 0 -0.0260787 -0.0093575 0.02
-0.262341 1.72376 0.1 0.1 -0.00320452 -0.0377277 0 0 -0.00834637 -0.00260837 0.01
-0.261579 1.72227 0.1 0.1 0.0197964 0.0040986 0 0 0.00132129 0.00224176 0.09
