-2.25102 -1.00815 0.1 0.1 0.0450233 -0.0853249 0 0 0 0 0
-3.1933 -0.996144 0.1 0.1 -14.9811 0.318713 0 0 -0.979231 0.0204796 0.1
-3.01138 -1.36899 0.1 0.1 7.59569 -9.50531 0 0 0.519919 -0.63704 0.08
-2.57902 -1.88631 0.1 0.1 13.9805 -16.3148 0 0 0.852414 -0.915997 0.04
-1.49416 -3.08484 0.1 0.1 22.1004 -19.0975 0 0 0.767095 -0.704256 0.06
-0.543618 -3.13224 0.1 0.1 25.404 4.66454 0 0 0.53173 0.53968 0.04
1.19265 -2.31757 0.1 0.1 18.0984 15.5578 0 0 -0.347998 0.731725 0.08
1.37933 -2.15584 0.1 0.1 19.2342 16.7868 0 0 0.662247 0.695191 0.01
2.00945 -1.5756 0.1 0.1 22.7552 21.8705 0 0 0.693487 0.943757 0.03
3.0589 -0.629965 0.1 0.1 29.6713 25.3876 0 0 0.998252 0.557499 0.04
3.02923 0.765369 0.1 0.1 -8.998 9.69628 0 0 -0.666076 -0.894593 0.08
2.67945 0.995909 0.1 0.1 -14.2946 5.69288 0 0 -0.942012 -0.629081 0.03
2.53866 1.05268 0.1 0.1 -13.8632 5.66057 0 0 0.145594 0.0124746 0.01
1.85757 1.1509 0.1 0.1 -20.1494 -0.707492 0 0 -0.871742 -0.783789 0.04
0.953081 1.17705 0.1 0.1 -16.0643 1.73371 0 0 0.31849 0.247214 0.05
0.23757 1.152 0.1 0.1 -7.86776 -2.52568 0 0 0.623903 -0.356774 0.06
0.0407109 1.08595 0.1 0.1 -0.0716107 -0.13612 0 0 0.760663 0.232623 0.05
0.03803 1.0773 0.1 0.1 -0.00575401 -0.111374 0 0 0.0045172 0.00115114 0.07
0.03802 1.07708 0.1 0.1 0.00374427 0.0672655 0 0 0.00477309 0.0892272 0.01
0.038172 1.07737 0.1 0.1 0.0266123 -0.00904842 0 0 0.0115096 -0.0380152 0.01
