0.884411 -2.18143 0.1 0.1 -0.00763944 -0.0621834 0 0 0 0 0
0.876689 -2.1916 0.1 0.1 -1.53419 -1.96866 0 0 -0.767507 -0.958527 0.01
0.763859 -2.18914 0.1 0.1 -1.2898 1.97759 0 0 0.00824042 0.246836 0.08
0.731005 -2.13149 0.1 0.1 -1.99326 3.78109 0 0 -0.184134 0.465354 0.02
0.505057 -1.40653 0.1 0.1 -3.63404 14.2041 0 0 -0.116614 0.696842 0.08
0.0912045 -0.542581 0.1 0.1 -12.8427 20.3034 0 0 -0.962904 0.696107 0.05
-0.201011 -0.140775 0.1 0.1 -16.3671 19.8786 0 0 -0.955203 -0.00618591 0.02
-1.69638 0.892388 0.1 0.1 -26.2442 9.75672 0 0 -0.813148 -0.649334 0.07
-2.82641 1.31228 0.1 0.1 -30.2311 11.2275 0 0 -0.63954 0.237004 0.04
-3.19466 2.70758 0.1 0.1 4.06125 23.4968 0 0 -0.0703155 0.85475 0.08
-3.15664 2.9478 0.1 0.1 3.54429 24.5459 0 0 -0.239813 0.644739 0.01
-1.91571 2.99335 0.1 0.1 20.9844 -1.37704 0 0 0.934326 0.149638 0.1
0.35732 2.61377 0.1 0.1 29.4006 -6.97531 0 0 0.594055 -0.331955 0.09
1.64588 2.22908 0.1 0.1 34.9894 -12.2247 0 0 0.860294 -0.70363 0.04
2.0011 2.10152 0.1 0.1 36.0527 -13.2861 0 0 0.710121 -0.593373 0.01
3.08091 1.6553 0.1 0.1 35.9349 -16.4462 0 0 0.161141 -0.599809 0.03
2.76184 -0.529725 0.1 0.1 -13.7615 -27.0802 0 0 -0.751906 -0.641517 0.1
2.13359 -1.7434 0.1 0.1 -17.628 -33.5602 0 0 -0.560712 -0.962207 0.04
1.77671 -2.44683 0.1 0.1 -18.0588 -36.7718 0 0 -0.194703 -0.979208 0.02
1.58716 -2.81213 0.1 0.1 -19.8472 -36.2898 0 0 -0.987805 0.0582182 0.01
-1.06895 -2.68622 0.1 0.1 -33.0545 13.7073 0 0 -0.793461 0.688857 0.1
-2.92521 -1.80117 0.1 0.1 -41.1266 21.631 0 0 -0.993971 0.879838 0.05
-2.76495 -0.385328 0.1 0.1 16.139 6.93207 0 0 0.835558 -0.663926 0.1
-1.52426 0.0568139 0.1 0.1 25.1276 7.79707 0 0 0.85336 0.109167 0.06
0.306621 1.0268 0.1 0.1 15.7015 13.6692 0 0 -0.422678 0.380171 0.09
0.925852 1.5582 0.1 0.1 -0.0138468 -0.199017 0 0 -0.944646 -0.833831 0.08
0.925755 1.55673 0.1 0.1 -0.00561235 -0.0942815 0 0 0.00408063 0.0516449 0.01
