-2.9872 -1.46497 0.1 0.1 0.0633673 0.0947783 0 0 0 0 0
-2.2815 -2.13441 0.1 0.1 15.39 -14.7475 0 0 0.891021 -0.861859 0.09
-1.71389 -2.77187 0.1 0.1 13.006 -17.11 0 0 -0.227305 -0.375201 0.04
0.0815862 -2.8421 0.1 0.1 26.6876 8.41183 0 0 0.859985 0.764718 0.09
0.354964 -2.75198 0.1 0.1 27.9858 9.6105 0 0 0.786184 0.644204 0.01
2.70074 -1.76287 0.1 0.1 38.9042 18.5483 0 0 0.948742 0.70828 0.07
3.25341 -0.38669 0.1 0.1 -5.30757 20.738 0 0 -0.0100452 0.253658 0.07
3.05621 0.204785 0.1 0.1 -7.82611 18.7038 0 0 -0.4532 -0.240685 0.03
2.61399 1.23971 0.1 0.1 -9.846 22.6599 0 0 -0.246326 0.499162 0.05
1.62543 3.10086 0.1 0.1 -18.3008 24.7643 0 0 -0.674743 0.687779 0.07
0.499067 3.03464 0.1 0.1 -19.2345 -7.861 0 0 -0.171567 -0.590876 0.06
-0.395712 2.30397 0.1 0.1 -6.47904 -12.9561 0 0 0.8473 -0.416144 0.07
-0.715838 1.7429 0.1 0.1 -0.722481 0.289198 0 0 0.302161 0.70485 0.09
-0.718626 1.74212 0.1 0.1 0.163228 -0.444145 0 0 0.441679 -0.367065 0.01
-0.721295 1.71934 0.1 0.1 -0.248077 -0.316507 0 0 -0.0345175 0.00873516 0.06
-0.738794 1.71128 0.1 0.1 -0.190155 0.109506 0 0 0.00253245 0.0261277 0.08
-0.417244 1.72994 0.1 0.1 10.7987 0.508223 0 0 0.9431 0.0349579 0.06
0.0617311 1.74377 0.1 0.1 0.00689295 -0.190044 0 0 -0.573308 -0.0380712 0.09
0.0622 1.74218 0.1 0.1 0.0398859 0.0299034 0 0 0.00837791 0.0545991 0.02
0.0623938 1.74233 0.1 0.1 -0.00105371 0.000442095 0 0 -0.0203873 -0.0146603 0.01
