2.52251 -1.20118 0.1 0.1 0.086164 0.0394408 0 0 0 0 0
2.52937 -1.20519 0.1 0.1 1.28467 -0.840056 0 0 0.603077 -0.44168 0.01
2.55061 -1.20653 0.1 0.1 2.96103 0.568858 0 0 0.849682 0.704112 0.01
2.52245 -1.53383 0.1 0.1 -3.68896 -9.79942 0 0 -0.47751 -0.764211 0.07
1.77941 -3.13952 0.1 0.1 -11.0496 -8.06253 0 0 -0.405082 -0.763762 0.1
1.10926 -2.49366 0.1 0.1 -2.49655 13.8936 0 0 0.394217 0.745429 0.1
1.09895 -2.23793 0.1 0.1 1.45275 11.6868 0 0 0.98522 -0.487826 0.02
1.01377 -1.31113 0.1 0.1 -4.23533 19.1322 0 0 -0.481107 0.697721 0.06
0.807254 -0.431747 0.1 0.1 -6.0781 24.7992 0 0 -0.255955 0.818335 0.04
0.699894 0.0709869 0.1 0.1 -4.66255 25.4719 0 0 0.327571 0.294008 0.02
0.416452 1.54918 0.1 0.1 -6.65707 33.588 0 0 -0.228135 0.959535 0.05
0.343693 1.89157 0.1 0.1 -7.89266 34.8872 0 0 -0.655193 0.820847 0.01
0.183058 2.61632 0.1 0.1 -8.17004 37.5793 0 0 -0.110111 0.854381 0.02
-0.470727 2.80879 0.1 0.1 -6.38469 -13.6024 0 0 0.0629685 -0.967718 0.09
-0.993253 1.75049 0.1 0.1 -10.9845 -21.5946 0 0 -0.427553 -0.754277 0.06
-1.39364 1.09576 0.1 0.1 -15.684 -22.0513 0 0 -0.851691 -0.185219 0.03
-2.65671 -0.286154 0.1 0.1 -26.3152 -23.9921 0 0 -0.992723 -0.277104 0.06
-3.0366 -2.90662 0.1 0.1 9.10364 -34.0861 0 0 0.875247 -0.706057 0.09
-1.67951 -2.80484 0.1 0.1 20.8758 10.3143 0 0 0.729488 0.636207 0.09
-1.00624 -2.49116 0.1 0.1 23.993 10.5963 0 0 0.632198 0.0990163 0.03
1.52038 -1.81301 0.1 0.1 32.0337 4.56613 0 0 0.587689 -0.298113 0.09
2.42983 -1.60171 0.1 0.1 28.6132 9.4951 0 0 -0.418227 0.855779 0.03
2.97903 -1.39221 0.1 0.1 26.3142 11.4488 0 0 -0.437021 0.539968 0.02
3.18416 0.247906 0.1 0.1 -1.59073 24.7912 0 0 0.568939 0.831991 0.09
2.52526 1.80458 0.1 0.1 -12.8854 10.022 0 0 -0.664866 -0.734265 0.09
1.16474 2.24333 0.1 0.1 -17.2822 -0.120204 0 0 -0.319899 -0.538979 0.09
0.471415 1.94295 0.1 0.1 -5.94177 -9.7954 0 0 0.887515 -0.831257 0.06
0.418677 1.39672 0.1 0.1 4.31438 -5.85722 0 0 0.729248 0.242455 0.07
0.48224 1.30466 0.1 0.1 -0.0550278 -0.307853 0 0 -0.717999 0.909555 0.03
0.483326 1.30196 0.1 0.1 0.126527 0.125677 0 0 0.0304809 0.0718244 0.03
0.482998 1.30275 0.1 0.1 -0.191613 0.0329962 0 0 -0.159371 -0.0459887 0.01
