2.72155 1.495 0.1 0.1 0.0809552 0.013381 0 0 0 0 0
2.75891 1.55039 0.1 0.1 1.77583 2.73769 0 0 0.216736 0.347561 0.04
2.77208 1.61704 0.1 0.1 -0.451341 3.92352 0 0 -0.553844 0.313079 0.02
2.71241 1.70422 0.1 0.1 -3.51157 1.89865 0 0 -0.52036 -0.32308 0.03
2.94833 0.979547 0.1 0.1 8.03746 -16.0928 0 0 0.589478 -0.935834 0.1
3.03251 -1.34963 0.1 0.1 -5.55056 -30.2549 0 0 -0.567588 -0.824923 0.1
2.56886 -3.02896 0.1 0.1 -12.9329 -30.3951 0 0 -0.783681 -0.829045 0.05
1.26973 -2.85105 0.1 0.1 -19.4593 10.6764 0 0 -0.489324 0.711314 0.08
0.846982 -2.62515 0.1 0.1 -22.8043 11.9089 0 0 -0.942334 0.364488 0.02
-1.29953 -1.98753 0.1 0.1 -30.7522 4.13731 0 0 -0.63141 -0.446597 0.08
-1.60217 -1.94789 0.1 0.1 -29.776 3.79129 0 0 0.336828 -0.154105 0.01
-2.88964 -1.84314 0.1 0.1 -34.5657 1.46194 0 0 -0.760173 -0.279268 0.04
-2.76509 -0.791883 0.1 0.1 15.3063 19.2668 0 0 0.945185 0.943116 0.1
-1.93936 0.359554 0.1 0.1 17.7051 26.7281 0 0 0.323251 0.861432 0.05
-1.15481 2.4266 0.1 0.1 4.8599 32.2653 0 0 -0.863436 0.543145 0.07
-1.07011 3.064 0.1 0.1 3.61407 26.0264 0 0 -0.290845 -0.037576 0.02
-0.640734 2.49344 0.1 0.1 4.95226 -16.14 0 0 0.0884759 -0.909291 0.1
-0.59242 2.34093 0.1 0.1 4.71093 -14.3645 0 0 -0.0966017 0.811676 0.01
-0.412146 1.96556 0.1 0.1 7.29421 -10.6785 0 0 0.460812 0.551931 0.03
-0.166628 1.64527 0.1 0.1 0.953225 -0.103469 0 0 -0.508139 0.854668 0.06
-0.160716 1.64406 0.1 0.1 0.230352 -0.137639 0 0 -0.358718 -0.0177469 0.01
-0.159328 1.64219 0.1 0.1 0.047663 -0.236162 0 0 -0.0907172 -0.0502194 0.01
-0.159619 1.64025 0.1 0.1 -0.10563 -0.152495 0 0 -0.0768352 0.0408575 0.01
-0.160518 1.63994 0.1 0.1 0.0806755 0.140798 0 0 0.0115984 0.0183163 0.08
-0.159705 1.64012 0.1 0.1 0.0818166 -0.104767 0 0 0.000957776 -0.122714 0.01
-0.158873 1.63956 0.1 0.1 0.0846184 -0.00734364 0 0 0.00182562 0.0484404 0.01
-0.158484 1.63934 0.1 0.1 -0.00663357 -0.0364966 0 0 -0.0454635 -0.0146959 0.01
-0.158433 1.63927 0.1 0.1 0.0116162 0.0292841 0 0 0.00458064 0.0164313 0.02
