0.515233 -1.37047 0.1 0.1 0.0346713 -0.00936637 0 0 0 0 0
0.508394 -1.36758 0.1 0.1 -1.40007 0.587062 0 0 -0.721277 0.299556 0.01
0.31243 -1.77667 0.1 0.1 -3.47223 -10.6643 0 0 -0.141913 -0.728934 0.08
-0.063539 -2.88685 0.1 0.1 -7.22663 -20.9354 0 0 -0.294857 -0.813104 0.07
-1.23412 -2.77755 0.1 0.1 -18.6156 11.4161 0 0 -0.697997 0.828652 0.09
-2.78915 -1.5243 0.1 0.1 -20.2377 19.8043 0 0 -0.19889 0.602361 0.08
-3.21698 0.252556 0.1 0.1 2.97754 30.8344 0 0 0.0657295 0.915287 0.07
-3.13958 1.60847 0.1 0.1 0.908078 36.9205 0 0 -0.250067 0.930303 0.04
-3.07708 2.78268 0.1 0.1 3.24683 41.3386 0 0 0.399023 0.932215 0.03
-2.55497 3.17319 0.1 0.1 14.0491 -8.22634 0 0 0.944047 -0.360167 0.06
-0.250961 2.92176 0.1 0.1 31.7366 3.00943 0 0 0.999788 0.549408 0.1
0.774395 3.03334 0.1 0.1 36.596 1.26456 0 0 0.980951 0.653035 0.03
3.0967 2.64651 0.1 0.1 29.8338 -12.1248 0 0 -0.317125 -0.981268 0.07
2.90737 1.35956 0.1 0.1 -11.2114 -16.4092 0 0 -0.697604 -0.309533 0.09
2.12141 0.619704 0.1 0.1 -6.32979 -0.273694 0 0 0.227848 0.855622 0.09
1.68982 0.660094 0.1 0.1 -10.8961 1.87132 0 0 -0.500176 0.218467 0.05
0.815134 1.1282 0.1 0.1 -14.0583 11.3918 0 0 -0.288256 0.713645 0.07
0.207259 1.61153 0.1 0.1 0.335143 -0.472329 0 0 0.766386 -0.632156 0.09
0.209206 1.60719 0.1 0.1 0.0546986 -0.396053 0 0 -0.139336 0.0359513 0.01
0.21143 1.60488 0.1 0.1 0.167333 0.163152 0 0 0.0287564 0.139252 0.02
0.211143 1.60598 0.1 0.1 -0.224071 0.0568101 0 0 -0.195985 -0.0526631 0.01
0.210386 1.60611 0.1 0.1 0.0720628 -0.0309223 0 0 0.14778 -0.043785 0.01
0.210357 1.60565 0.1 0.1 -0.0744814 -0.0150021 0 0 -0.0366671 0.00386001 0.02
0.210108 1.60561 0.1 0.1 0.0246505 0.0073284 0 0 0.0494767 0.0111563 0.01
