-0.715035 -0.921606 0.1 0.1 -0.0483631 0.0211519 0 0 0 0 0
-0.706294 -0.912242 0.1 0.1 1.79347 1.84869 0 0 0.926441 0.918891 0.01
-0.729967 -0.94141 0.1 0.1 -2.94558 -3.27295 0 0 -0.596094 -0.644146 0.04
-0.817576 -0.997716 0.1 0.1 -5.80584 -2.36066 0 0 -0.737535 0.213806 0.02
-1.29745 -0.815851 0.1 0.1 -10.1465 8.31619 0 0 -0.401816 0.904881 0.06
-1.53511 -0.713729 0.1 0.1 5.13865 -6.03478 0 0 0.752897 -0.712319 0.1
-1.07163 -1.72081 0.1 0.1 6.4303 -18.9697 0 0 0.109579 -0.871527 0.08
-0.957368 -2.28248 0.1 0.1 1.21303 -18.4774 0 0 -0.85073 -0.0116356 0.03
-0.946671 -2.89117 0.1 0.1 -0.49132 -22.084 0 0 -0.282141 -0.702654 0.03
-1.64141 -3.01633 0.1 0.1 -13.1925 0.574216 0 0 -0.67 -0.427278 0.1
-2.97755 -2.65996 0.1 0.1 -24.8465 9.50447 0 0 -0.928166 0.663357 0.07
-3.0616 -1.37054 0.1 0.1 8.8388 22.5561 0 0 0.688785 0.896431 0.08
-2.44996 -0.4412 0.1 0.1 15.5716 14.6829 0 0 0.7355 -0.694437 0.05
-2.13502 -0.143993 0.1 0.1 15.9215 15.0366 0 0 0.166552 0.162711 0.02
-1.51971 0.676944 0.1 0.1 4.70122 12.3545 0 0 -0.884961 -0.155471 0.06
-0.410342 1.38681 0.1 0.1 19.7267 3.55136 0 0 0.896755 -0.449313 0.09
0.578868 1.56842 0.1 0.1 0.378858 0.13892 0 0 -0.918707 -0.161612 0.1
0.580731 1.56846 0.1 0.1 -0.00546463 -0.129333 0 0 -0.191384 -0.13416 0.01
0.581054 1.56792 0.1 0.1 0.0181601 0.105568 0 0 0.00240039 0.0234401 0.05
0.582747 1.57155 0.1 0.1 0.0492973 0.0402278 0 0 0.00328399 -0.00617152 0.05
0.583416 1.57195 0.1 0.1 -0.00438993 -0.0134677 0 0 -0.00884392 -0.00888611 0.03
