-1.29567 -2.45327 0.1 0.1 -0.0628542 0.0845422 0 0 0 0 0
-1.91751 -2.27754 0.1 0.1 -15.28 4.25371 0 0 -0.990309 0.271527 0.08
-2.45923 -2.03471 0.1 0.1 -11.8291 7.86335 0 0 0.363753 0.481493 0.04
-3.08092 -1.64371 0.1 0.1 -13.0284 7.77747 0 0 -0.182308 0.0303343 0.05
-3.20443 -1.34794 0.1 0.1 0.790944 11.9202 0 0 0.675806 0.740243 0.03
-2.63904 -0.0082089 0.1 0.1 10.3574 14.8259 0 0 0.507298 0.212436 0.1
-0.942289 1.36193 0.1 0.1 23.3647 12.6122 0 0 0.735373 -0.0417496 0.1
0.454785 2.10578 0.1 0.1 4.88079 2.43573 0 0 -0.855261 -0.471591 0.1
0.513303 2.12957 0.1 0.1 6.81961 2.32247 0 0 0.999073 -0.0446549 0.01
0.793729 1.95963 0.1 0.1 0.278324 -6.45372 0 0 -0.391531 -0.559238 0.08
0.83692 1.86557 0.1 0.1 4.0282 -2.96364 0 0 0.948855 0.849259 0.02
0.869754 1.80775 0.1 0.1 -1.81001 -0.901773 0 0 -0.968074 0.333956 0.03
0.84993 1.7975 0.1 0.1 -0.177897 -0.125945 0 0 0.403331 0.191479 0.02
0.848664 1.79682 0.1 0.1 -0.0754798 -0.00856387 0 0 0.0506127 0.0583713 0.01
0.452954 1.74439 0.1 0.1 -7.71146 -1.02335 0 0 -0.401823 -0.0533965 0.1
0.290432 1.69999 0.1 0.1 -8.53797 -3.4091 0 0 -0.247514 -0.607598 0.02
0.214491 1.66173 0.1 0.1 -6.65319 -4.24217 0 0 0.90488 -0.435534 0.01
0.0414774 1.55701 0.1 0.1 -0.320306 0.0182235 0 0 0.616457 0.415765 0.05
0.0408675 1.55772 0.1 0.1 0.197463 0.123718 0 0 0.258767 0.0531574 0.01
0.0409404 1.55792 0.1 0.1 -0.182257 -0.0848761 0 0 -0.189973 -0.104252 0.01
0.0400267 1.55825 0.1 0.1 -0.000776136 0.151642 0 0 0.0903668 0.118463 0.01
0.0403603 1.55859 0.1 0.1 0.0229008 -0.127497 0 0 0.00399631 -0.0464736 0.03
0.0403601 1.55825 0.1 0.1 -0.0228817 0.0581416 0 0 -0.0228908 0.0926586 0.01
0.0401978 1.5583 0.1 0.1 -0.00959845 -0.0475529 0 0 0.00655574 -0.0528292 0.01
0.0402682 1.5582 0.1 0.1 0.0236355 0.027229 0 0 0.0166702 0.0373498 0.01
0.0405142 1.55842 0.1 0.1 0.0255497 0.0169152 0 0 0.00107981 -0.00504733 0.01
