1.02566 0.75114 0.1 0.1 -0.0721685 -0.0960334 0 0 0 0 0
1.2005 0.408384 0.1 0.1 5.0082 -9.58636 0 0 0.375511 -0.70235 0.07
2.55868 -0.416342 0.1 0.1 21.8751 -6.95124 0 0 0.912218 0.0908288 0.1
3.34024 -0.860785 0.1 0.1 -1.55623 -10.7914 0 0 0.249927 -0.429499 0.05
2.66442 -2.66271 0.1 0.1 -10.7347 -25.0108 0 0 -0.434279 -0.801321 0.1
2.41598 -3.09014 0.1 0.1 -14.0978 -9.68306 0 0 -0.902984 0.177097 0.02
0.823448 -2.97044 0.1 0.1 -25.563 3.15971 0 0 -0.816329 0.0698061 0.08
-0.617713 -2.60025 0.1 0.1 -32.0291 11.5788 0 0 -0.791071 0.878795 0.05
-3.33773 -1.52695 0.1 0.1 -2.61451 12.2578 0 0 -0.44074 0.0967373 0.09
-2.59706 -0.55184 0.1 0.1 15.8679 9.45407 0 0 0.888547 -0.101411 0.09
-0.764246 0.627876 0.1 0.1 29.7705 19.8979 0 0 0.984569 0.72696 0.08
-0.150129 1.04956 0.1 0.1 31.6355 22.2628 0 0 0.619022 0.69768 0.02
2.7274 2.63856 0.1 0.1 40.1868 17.5258 0 0 0.712857 -0.19555 0.08
3.13544 2.80997 0.1 0.1 41.4188 16.7586 0 0 0.819469 -0.297256 0.01
2.7473 2.6725 0.1 0.1 -14.6145 -12.2815 0 0 -0.696059 -0.924932 0.1
2.32455 2.28119 0.1 0.1 -13.574 -13.7983 0 0 0.102651 -0.317937 0.03
0.847927 1.72513 0.1 0.1 -19.1578 1.21552 0 0 -0.392568 0.803604 0.09
-0.0879865 1.77371 0.1 0.1 0.118705 -0.218632 0 0 0.917612 -0.0690366 0.1
-0.0863286 1.77288 0.1 0.1 0.212715 0.0523671 0 0 0.0478796 0.135114 0.01
-0.0851039 1.7735 0.1 0.1 0.0325221 0.0722214 0 0 -0.0895365 0.0102289 0.01
-0.0847387 1.77389 0.1 0.1 0.0405108 0.00583388 0 0 0.00417505 -0.0330041 0.01
-0.0846322 1.77402 0.1 0.1 -0.0191084 0.0195263 0 0 -0.0297732 0.00690699 0.01
