-2.92195 -0.303848 0.1 0.1 -0.085598 -0.0184383 0 0 0 0 0
-2.9293 -0.150173 0.1 0.1 -0.280468 7.65109 0 0 -0.0249312 0.978056 0.04
-2.55615 0.367677 0.1 0.1 9.47939 5.32615 0 0 0.633918 -0.112723 0.08
-1.67619 0.457183 0.1 0.1 10.0662 -3.20919 0 0 0.0813355 -0.469235 0.09
-1.63491 -0.0695058 0.1 0.1 -8.92418 -7.25707 0 0 -0.948578 -0.22912 0.1
-1.64711 -1.72416 0.1 0.1 8.39146 -25.5306 0 0 0.865894 -0.996306 0.1
-1.55514 -1.98602 0.1 0.1 9.99853 -26.84 0 0 0.850109 -0.78575 0.01
-1.18281 -2.82468 0.1 0.1 14.8001 -29.0591 0 0 0.862676 -0.509776 0.03
0.636382 -2.59984 0.1 0.1 21.4704 15.5802 0 0 0.424548 0.976006 0.1
2.44038 -1.32406 0.1 0.1 29.9691 20.8109 0 0 0.737479 0.464225 0.07
3.07403 0.464361 0.1 0.1 -6.4285 15.0472 0 0 -0.490589 -0.199629 0.1
2.35629 1.09376 0.1 0.1 -13.991 3.0748 0 0 -0.592171 -0.810439 0.07
1.72874 1.2036 0.1 0.1 -17.3637 2.42121 0 0 -0.50034 -0.0678474 0.04
1.11242 1.32487 0.1 0.1 -13.4783 3.63412 0 0 0.409158 0.167163 0.04
0.988103 1.35958 0.1 0.1 -11.3889 3.30944 0 0 0.983421 -0.144613 0.01
0.700237 1.40958 0.1 0.1 -7.81996 0.040568 0 0 0.547208 -0.536346 0.03
0.613835 1.40601 0.1 0.1 -9.45758 -0.753906 0 0 -0.862721 -0.399182 0.01
0.265181 1.25855 0.1 0.1 -7.98476 -6.58045 0 0 0.14042 -0.746755 0.04
-0.131318 0.966035 0.1 0.1 -0.0775426 0.610578 0 0 0.375947 0.345119 0.1
-0.132409 0.971157 0.1 0.1 -0.14049 0.414278 0 0 -0.0320774 -0.0956152 0.01
-0.133196 0.973342 0.1 0.1 -0.0171398 0.0233373 0 0 0.0612807 -0.194393 0.01
-0.133409 0.973501 0.1 0.1 -0.0253935 0.0084411 0 0 -0.00423927 -0.00737123 0.01
