-0.695481 0.345654 0.1 0.1 -0.00722929 0.0488591 0 0 0 0 0
-0.765069 0.818872 0.1 0.1 -1.36173 9.26198 0 0 -0.0711224 0.484372 0.1
-0.852141 1.03512 0.1 0.1 -2.98124 1.60146 0 0 -0.21381 -0.930756 0.04
-0.706121 0.868108 0.1 0.1 6.09005 -5.21077 0 0 0.512433 -0.387646 0.09
-0.641044 0.807788 0.1 0.1 6.92387 -6.85052 0 0 0.449629 -0.850008 0.01
-0.194365 0.313672 0.1 0.1 10.9101 -12.864 0 0 0.443537 -0.650682 0.05
0.0433936 0.0315308 0.1 0.1 12.8593 -15.3418 0 0 0.547071 -0.689866 0.02
0.444781 -0.665147 0.1 0.1 7.24726 -19.4646 0 0 -0.652289 -0.602817 0.04
0.819067 -1.43022 0.1 0.1 11.4395 -18.793 0 0 0.571313 -0.0116108 0.04
1.21379 -2.27606 0.1 0.1 8.31701 -23.4683 0 0 -0.341236 -0.690388 0.04
1.40149 -2.76534 0.1 0.1 10.4459 -25.4524 0 0 0.579427 -0.618491 0.02
1.61907 -3.15392 0.1 0.1 11.3094 -6.28734 0 0 0.270099 -0.601718 0.02
2.88005 -2.50374 0.1 0.1 13.8662 13.3003 0 0 0.190967 0.689153 0.1
3.17427 -0.572859 0.1 0.1 -1.1547 29.3661 0 0 0.571209 0.999871 0.09
3.08214 0.278757 0.1 0.1 -4.96788 27.418 0 0 -0.651591 -0.183046 0.03
3.03951 0.560893 0.1 0.1 -3.56054 29.0065 0 0 0.683159 0.935702 0.01
2.90572 1.84389 0.1 0.1 -3.13035 35.1029 0 0 0.0364998 0.92259 0.04
2.73175 2.93389 0.1 0.1 -8.44208 37.5511 0 0 -0.915271 0.589764 0.03
1.33421 2.53472 0.1 0.1 -19.3247 -16.3879 0 0 -0.614129 -0.941512 0.1
0.98465 2.18777 0.1 0.1 -15.6429 -18.301 0 0 0.832706 -0.564843 0.02
0.268269 1.34988 0.1 0.1 -0.507562 -0.584106 0 0 0.801445 0.938109 0.09
0.266743 1.34635 0.1 0.1 0.201112 -0.122905 0 0 0.353901 0.228953 0.01
0.267074 1.34365 0.1 0.1 -0.177136 -0.0575907 0 0 -0.063033 0.0104233 0.03
0.266174 1.34452 0.1 0.1 -0.00317023 0.232368 0 0 0.0866329 0.145462 0.01
0.266003 1.3462 0.1 0.1 -0.0308803 0.103664 0 0 -0.0139654 -0.0635266 0.01
0.266179 1.34667 0.1 0.1 0.0657534 -0.0105441 0 0 0.0484295 -0.0568709 0.01
0.266394 1.3467 0.1 0.1 -0.0225469 0.0161014 0 0 -0.044074 0.0133293 0.01
