1.6143 1.33612 0.1 0.1 -0.0831375 -0.0486176 0 0 0 0 0
1.24965 0.795219 0.1 0.1 -8.9141 -13.2975 0 0 -0.575543 -0.86212 0.08
0.971484 0.343945 0.1 0.1 -9.62692 -16.7701 0 0 -0.165788 -0.654078 0.03
0.771626 -0.0200638 0.1 0.1 -10.3566 -19.6213 0 0 -0.232979 -0.803971 0.02
-0.476343 -1.59055 0.1 0.1 -20.7092 -19.6397 0 0 -0.724911 -0.0997169 0.08
-2.45382 -3.19018 0.1 0.1 -23.1915 2.90639 0 0 -0.247132 -0.668431 0.09
-3.08401 -2.09925 0.1 0.1 6.65138 18.6036 0 0 0.673303 0.837104 0.1
-2.8853 -1.49912 0.1 0.1 6.59615 21.3909 0 0 0.0246663 0.5646 0.03
-2.25236 0.728432 0.1 0.1 7.46137 28.0107 0 0 0.0836866 0.491584 0.09
-1.91646 1.9176 0.1 0.1 9.32229 31.4249 0 0 0.273492 0.575617 0.04
-0.178786 3.04632 0.1 0.1 25.1626 -2.63257 0 0 0.878812 0.0315548 0.1
2.02542 1.9932 0.1 0.1 19.023 -18.1719 0 0 -0.196684 -0.829533 0.1
3.12709 1.15592 0.1 0.1 24.9935 -15.3435 0 0 0.708164 0.199777 0.05
2.78695 0.296943 0.1 0.1 -12.1472 -2.0621 0 0 -0.684013 0.620722 0.1
1.54589 0.56576 0.1 0.1 -15.3837 7.88633 0 0 -0.248705 0.567727 0.09
1.3848 0.654192 0.1 0.1 -16.8329 9.79693 0 0 -0.805477 0.999586 0.01
0.8007 0.943264 0.1 0.1 -12.4013 4.69082 0 0 0.481411 -0.601893 0.04
0.257563 1.15717 0.1 0.1 0.143921 0.131574 0 0 0.667358 -0.241213 0.09
0.257912 1.15748 0.1 0.1 -0.0737026 -0.0700328 0 0 -0.108757 -0.100696 0.01
0.257379 1.15758 0.1 0.1 -0.0330046 0.090496 0 0 0.0201208 0.0803354 0.01
0.256851 1.15811 0.1 0.1 -0.0724585 0.014777 0 0 -0.0200176 -0.0376083 0.01
0.256348 1.15803 0.1 0.1 -0.0281908 -0.0292602 0 0 0.0218956 -0.022053 0.01
