-2.92399 0.251162 0.1 0.1 -0.0874954 -0.00507151 0 0 0 0 0
-2.54195 0.0144191 0.1 0.1 10.8749 -6.68112 0 0 0.811005 -0.493544 0.07
-2.09495 -0.689591 0.1 0.1 0.438856 -10.8635 0 0 -0.625116 -0.3057 0.08
-1.39725 -2.25857 0.1 0.1 13.3025 -20.3565 0 0 0.678466 -0.553106 0.1
-1.13189 -2.6993 0.1 0.1 13.2332 -23.7056 0 0 0.0489312 -0.947713 0.02
0.714957 -3.02573 0.1 0.1 27.5918 1.85822 0 0 0.900434 -0.135651 0.09
0.994916 -3.00391 0.1 0.1 28.3987 2.50325 0 0 0.543555 0.333353 0.01
1.2805 -2.98833 0.1 0.1 28.7177 0.615831 0 0 0.302395 -0.93622 0.01
2.55123 -3.01762 0.1 0.1 34.7783 0.0537173 0 0 0.916601 -0.941515 0.04
3.22328 -2.97902 0.1 0.1 26.8653 3.793 0 0 -0.418077 0.944549 0.02
3.22806 -2.70648 0.1 0.1 -4.33085 5.27794 0 0 0.0848449 0.146573 0.06
3.07908 -1.89524 0.1 0.1 0.54024 14.875 0 0 0.295332 0.650626 0.08
3.04739 -0.984909 0.1 0.1 -1.57496 15.4634 0 0 -0.178802 0.124869 0.06
2.3298 0.376846 0.1 0.1 -14.1821 14.8075 0 0 -0.740983 0.0389523 0.09
2.03112 0.658187 0.1 0.1 -15.6808 13.3314 0 0 -0.449753 -0.298768 0.02
1.38939 1.17489 0.1 0.1 -16.4009 12.5089 0 0 -0.170136 -0.0380538 0.04
0.526528 1.61922 0.1 0.1 -18.0995 5.32403 0 0 -0.256181 -0.673892 0.05
-0.299066 1.55718 0.1 0.1 -2.7443 -6.71349 0 0 0.908603 -0.756069 0.08
-0.363851 1.01254 0.1 0.1 1.24446 -5.40928 0 0 0.218146 0.0422646 0.09
-0.209116 1.0475 0.1 0.1 3.88719 6.456 0 0 0.233602 0.99193 0.06
-0.177479 1.1053 0.1 0.1 2.44256 5.10637 0 0 -0.707397 -0.646221 0.01
-0.109076 1.24153 0.1 0.1 -0.136848 -0.509186 0 0 -0.209564 -0.456744 0.06
-0.10663 1.23906 0.1 0.1 0.624844 0.0131259 0 0 0.382447 0.260056 0.01
-0.101366 1.23857 0.1 0.1 0.428283 -0.11003 0 0 -0.0957446 -0.061855 0.01
-0.0981863 1.23914 0.1 0.1 0.207937 0.222676 0 0 -0.108634 0.166638 0.01
-0.0975811 1.2401 0.1 0.1 -0.0863923 -0.0292343 0 0 -0.147014 -0.12553 0.01
-0.097986 1.23952 0.1 0.1 0.0052553 -0.0867955 0 0 0.0456521 -0.0290647 0.01
-0.0957083 1.23565 0.1 0.1 0.0591932 -0.0245849 0 0 0.00401967 0.00416869 0.07
-0.0956156 1.23559 0.1 0.1 -0.0495664 0.0185512 0 0 -0.0271866 0.0107645 0.02
-0.096036 1.23566 0.1 0.1 -0.0345235 -0.00561302 0 0 0.00731458 -0.0120501 0.01
