-0.519504 2.53159 0.1 0.1 -0.0420674 0.0977346 0 0 0 0 0
-0.473631 2.74957 0.1 0.1 1.86125 8.55111 0 0 0.194947 0.86728 0.05
-0.452793 2.84214 0.1 0.1 2.30566 9.96174 0 0 0.232615 0.751717 0.01
-0.378804 3.03932 0.1 0.1 5.08367 4.85629 0 0 0.713197 0.90275 0.02
-0.274723 3.01963 0.1 0.1 0.153365 -3.54454 0 0 -0.603384 -0.682421 0.04
-0.863848 2.41874 0.1 0.1 -14.6826 -11.3738 0 0 -0.964412 -0.526903 0.08
-1.15771 2.16658 0.1 0.1 -14.7032 -13.8336 0 0 -0.0790624 -0.677912 0.02
-2.59572 0.781097 0.1 0.1 -26.244 -25.6147 0 0 -0.929011 -0.940332 0.07
-2.85922 0.52334 0.1 0.1 -26.4542 -25.9361 0 0 -0.238379 -0.289182 0.01
-2.88706 -2.52792 0.1 0.1 11.3248 -34.9316 0 0 0.741199 -0.601769 0.1
-1.90491 -3.13673 0.1 0.1 21.3135 3.83523 0 0 0.91433 -0.56519 0.06
0.929382 -2.07452 0.1 0.1 35.1367 17.1902 0 0 0.83351 0.720547 0.1
1.26955 -1.89668 0.1 0.1 32.9013 18.3764 0 0 -0.946592 0.680837 0.01
1.91638 -1.51523 0.1 0.1 31.7848 19.7638 0 0 -0.115831 0.441117 0.02
2.94039 -0.894596 0.1 0.1 36.4592 21.6025 0 0 0.952314 0.408967 0.03
3.29612 -0.683744 0.1 0.1 28.5364 20.5717 0 0 -0.706249 -0.412408 0.01
2.77285 2.0833 0.1 0.1 -12.4732 34.5258 0 0 -0.520501 0.835498 0.1
2.51962 2.79396 0.1 0.1 -12.8483 36.5337 0 0 -0.157375 0.67983 0.02
1.3162 2.67925 0.1 0.1 -11.2453 -13.9199 0 0 0.0200683 -0.726568 0.1
1.19487 2.53546 0.1 0.1 -13.0176 -14.838 0 0 -0.947375 -0.530903 0.01
0.671247 2.02312 0.1 0.1 -13.1625 -10.8057 0 0 -0.0839717 0.440223 0.04
0.441394 1.82666 0.1 0.1 -9.83402 -8.84654 0 0 0.774816 0.440978 0.02
0.0572633 1.44241 0.1 0.1 0.0973645 -0.866096 0 0 0.597114 0.474988 0.08
0.0486959 1.3996 0.1 0.1 -0.306174 -0.212737 0 0 -0.0257675 0.0381615 0.08
0.0462007 1.40011 0.1 0.1 -0.193056 0.31295 0 0 0.0554098 0.263154 0.01
0.0457459 1.40065 0.1 0.1 0.101619 -0.202761 0 0 0.147167 -0.257596 0.01
0.0499305 1.39345 0.1 0.1 0.107571 -0.157591 0 0 0.00126885 0.00474732 0.04
0.0510779 1.39216 0.1 0.1 0.121888 -0.100621 0 0 0.00774371 0.0278464 0.01
0.0520388 1.3922 0.1 0.1 0.0703657 0.10798 0 0 -0.0252782 0.104332 0.01
0.0511182 1.39499 0.1 0.1 -0.115156 0.031824 0 0 -0.0233249 -0.00917778 0.04
0.0508067 1.39528 0.1 0.1 0.0525767 0.0263307 0 0 0.0837736 -0.00258406 0.01
0.0510885 1.39534 0.1 0.1 0.00385426 -0.0137121 0 0 -0.0242431 -0.0199987 0.01
