-2.91525 1.17138 0.1 0.1 -0.0620423 0.0328345 0 0 0 0 0
-2.8629 1.24677 0.1 0.1 2.13769 2.95836 0 0 0.22546 0.300199 0.05
-2.61695 1.01816 0.1 0.1 3.98642 -8.52062 0 0 0.130837 -0.731809 0.08
-2.12413 0.286913 0.1 0.1 10.0237 -12.328 0 0 0.466804 -0.324056 0.07
-1.80372 -0.316728 0.1 0.1 6.02326 -17.8175 0 0 -0.460818 -0.76195 0.04
-1.46696 -1.14377 0.1 0.1 10.7829 -23.4964 0 0 0.63746 -0.81323 0.04
-1.1059 -3.17256 0.1 0.1 -3.32695 2.88872 0 0 -0.687642 -0.585699 0.1
-1.03609 -2.78898 0.1 0.1 6.04117 12.3755 0 0 0.944012 0.987157 0.05
-0.910134 -1.99562 0.1 0.1 -0.944925 19.301 0 0 -0.686025 0.771991 0.05
-0.921094 -1.36882 0.1 0.1 0.208154 22.4698 0 0 0.191005 0.632715 0.03
-1.16267 1.29743 0.1 0.1 -4.9491 30.7179 0 0 -0.270035 0.545711 0.1
-1.22913 1.88809 0.1 0.1 -1.70758 28.3553 0 0 0.793484 -0.442945 0.02
-0.849785 3.14589 0.1 0.1 11.0192 -3.73159 0 0 0.819185 0.240084 0.08
1.07623 3.00615 0.1 0.1 27.2309 -0.140799 0 0 0.907079 0.716036 0.1
2.58879 2.78708 0.1 0.1 33.2216 -8.5523 0 0 0.750581 -0.863011 0.05
3.25548 2.58607 0.1 0.1 27.3732 -11.5393 0 0 0.223267 -0.796595 0.02
2.58875 1.77062 0.1 0.1 -17.4554 -4.88094 0 0 -0.935863 0.292276 0.1
1.0309 1.62664 0.1 0.1 -17.1687 1.58444 0 0 -0.0706181 0.35158 0.09
0.147794 1.60622 0.1 0.1 -0.766434 -1.93304 0 0 0.776467 -0.176687 0.1
0.120785 1.59292 0.1 0.1 -1.03284 1.0312 0 0 -0.0488512 0.491901 0.03
0.125264 1.65867 0.1 0.1 1.13557 0.849475 0 0 0.155306 -0.00826091 0.07
0.133057 1.65973 0.1 0.1 0.424057 -0.633341 0 0 -0.352206 -0.741056 0.01
0.145564 1.63855 0.1 0.1 -0.164105 0.195773 0 0 -0.0287953 0.0403989 0.1
0.146012 1.6399 0.1 0.1 0.253025 0.0746365 0 0 0.208916 -0.0598703 0.01
0.147813 1.64057 0.1 0.1 0.107306 0.0591303 0 0 -0.0720083 -0.00743156 0.01
0.148052 1.64092 0.1 0.1 -0.0592811 0.0108728 0 0 -0.0832322 -0.0239712 0.01
0.147416 1.64111 0.1 0.1 -0.00449648 0.00816903 0 0 0.013546 -0.000626321 0.02
