1.01219 -0.637817 0.1 0.1 -0.0724278 -0.0801027 0 0 0 0 0
0.995014 -0.646108 0.1 0.1 -0.78141 -0.332782 0 0 -0.0908716 -0.0326578 0.04
0.6057 -0.314496 0.1 0.1 -10.2315 9.69062 0 0 -0.70329 0.739507 0.07
0.214511 0.154832 0.1 0.1 -9.33395 13.7487 0 0 0.0636103 0.566043 0.04
-0.281618 1.82922 0.1 0.1 -3.14852 27.9224 0 0 0.355989 0.990801 0.08
-0.31637 2.94715 0.1 0.1 1.38041 27.9737 0 0 0.561486 0.146165 0.04
-0.31183 3.09377 0.1 0.1 -1.17687 -6.18757 0 0 -0.255192 -0.863437 0.05
-0.36512 2.85693 0.1 0.1 -0.355322 -0.644152 0 0 0.0548712 0.379107 0.07
-0.36565 2.85512 0.1 0.1 0.248277 0.28145 0 0 0.301596 0.461967 0.01
-0.36556 2.8566 0.1 0.1 -0.229446 0.0159288 0 0 -0.238874 -0.132032 0.01
-0.366781 2.85682 0.1 0.1 -0.0150304 0.0272581 0 0 0.106626 0.00576969 0.01
0.0275167 2.39382 0.1 0.1 11.1502 -13.1031 0 0 0.825957 -0.971111 0.07
0.467897 1.93736 0.1 0.1 3.60479 -2.22072 0 0 -0.592268 0.868997 0.06
0.500418 1.91265 0.1 0.1 -0.339517 -0.256339 0 0 -0.978419 0.484911 0.02
0.498267 1.91348 0.1 0.1 -0.0911654 0.421629 0 0 0.1232 0.339471 0.01
0.479074 1.84949 0.1 0.1 -1.18288 -4.66249 0 0 -0.185348 -0.858184 0.03
0.454179 1.7155 0.1 0.1 0.337766 0.147958 0 0 0.124764 0.389791 0.06
0.455817 1.71765 0.1 0.1 -0.009674 0.282423 0 0 -0.172999 0.0682963 0.01
0.452803 1.72426 0.1 0.1 -0.110036 -0.0155832 0 0 -0.0103479 -0.0291463 0.05
0.452685 1.72407 0.1 0.1 0.0861298 -0.0214896 0 0 0.098084 -0.00303273 0.01
0.453019 1.72387 0.1 0.1 -0.0191158 -0.0190018 0 0 -0.052488 0.00113557 0.01
