-0.861464 0.725568 0.1 0.1 -0.0585096 -0.0734722 0 0 0 0 0
-0.888943 0.674924 0.1 0.1 -0.849555 -1.59939 0 0 -0.0683218 -0.131424 0.06
-0.839796 0.764896 0.1 0.1 2.21809 4.10352 0 0 0.222984 0.413924 0.07
-0.759506 0.866671 0.1 0.1 5.79912 6.06738 0 0 0.916315 0.516798 0.02
0.0991153 1.17428 0.1 0.1 13.1708 0.846394 0 0 0.457455 -0.272808 0.09
0.752007 1.16369 0.1 0.1 19.432 -1.3615 0 0 0.864872 -0.276884 0.04
1.61476 0.891779 0.1 0.1 15.1142 -9.4473 0 0 -0.345979 -0.835745 0.05
2.16432 -0.300512 0.1 0.1 -1.1577 -20.2158 0 0 -0.983929 -0.747991 0.08
1.98595 -1.2229 0.1 0.1 -7.7187 -25.8659 0 0 -0.842899 -0.821964 0.04
1.38149 -2.64015 0.1 0.1 -16.3887 -30.7834 0 0 -0.926593 -0.633797 0.05
-0.511132 -2.67983 0.1 0.1 -21.3794 13.9054 0 0 -0.344279 0.974186 0.1
-2.80618 -1.36222 0.1 0.1 -29.4976 15.3556 0 0 -0.579232 0.153131 0.09
-2.90867 1.0541 0.1 0.1 10.9236 32.684 0 0 0.701421 0.987872 0.1
-2.79303 1.38102 0.1 0.1 12.2019 32.7005 0 0 0.695597 0.172048 0.01
-2.19143 2.69307 0.1 0.1 17.8399 32.9011 0 0 0.77846 0.18934 0.04
-2.01827 3.0203 0.1 0.1 16.7928 27.0917 0 0 -0.437692 -0.0148162 0.01
-0.764661 3.01675 0.1 0.1 14.5779 -2.96453 0 0 -0.0600286 0.104639 0.08
-0.215296 2.69885 0.1 0.1 7.45603 -9.69532 0 0 -0.657391 -0.704928 0.05
0.0361925 2.24431 0.1 0.1 5.13401 -13.0097 0 0 -0.258911 -0.47116 0.04
0.236934 1.71937 0.1 0.1 -0.0465451 -0.283293 0 0 -0.311344 0.762703 0.08
0.236227 1.71784 0.1 0.1 -0.0947652 -0.0221363 0 0 -0.0244601 0.129835 0.01
0.232872 1.71815 0.1 0.1 -0.0731514 0.0369718 0 0 0.00228501 0.00742825 0.04
0.228616 1.71875 0.1 0.1 -0.0687485 -0.0162709 0 0 1.18682e-05 -0.00438718 0.06
0.228009 1.71861 0.1 0.1 -0.0527081 -0.0114288 0 0 0.00772195 0.00235338 0.01
