-0.37066 -0.79532 0.1 0.1 0.00213238 0.0922711 0 0 0 0 0
-0.129301 -0.358379 0.1 0.1 6.81392 12.25 0 0 0.504656 0.899928 0.07
0.0256517 -0.114016 0.1 0.1 8.6752 12.1864 0 0 0.504653 0.0453652 0.02
0.291316 0.541764 0.1 0.1 0.26436 9.69769 0 0 -0.679654 -0.15305 0.06
-0.106264 1.43288 0.1 0.1 -8.07801 8.15001 0 0 -0.437404 -0.03294 0.1
-0.263512 1.62212 0.1 0.1 1.70677 -0.50842 0 0 0.963292 -0.846879 0.05
-0.228958 1.62112 0.1 0.1 1.74852 0.406266 0 0 0.0191207 0.228468 0.02
-0.211431 1.605 0.1 0.1 0.00997408 -2.01111 0 0 -0.430642 -0.608551 0.02
-0.242105 1.56635 0.1 0.1 -1.22664 0.444751 0 0 -0.126772 0.241743 0.05
-0.260522 1.56318 0.1 0.1 -0.617054 -0.75734 0 0 0.147843 -0.301339 0.02
-0.2593 1.55974 0.1 0.1 0.858871 0.0680846 0 0 0.739152 0.411194 0.01
-0.255348 1.56135 0.1 0.1 -0.0669554 0.252711 0 0 -0.461239 0.0930509 0.01
-0.256045 1.56286 0.1 0.1 0.0426545 -0.197836 0 0 0.00907585 -0.0374245 0.06
-0.253822 1.5607 0.1 0.1 0.179168 -0.018926 0 0 0.0347153 0.0442007 0.02
-0.253778 1.56048 0.1 0.1 -0.169768 -0.0239565 0 0 -0.174566 -0.0026535 0.01
-0.254407 1.56102 0.1 0.1 0.0435615 0.131646 0 0 0.106437 0.0781031 0.01
-0.254293 1.56091 0.1 0.1 -0.0205917 -0.154093 0 0 -0.0320665 -0.142957 0.01
-0.253903 1.56047 0.1 0.1 0.0983737 0.0668546 0 0 0.0597378 0.110286 0.01
-0.253172 1.56132 0.1 0.1 0.0478792 0.102416 0 0 -0.0248961 0.0182027 0.01
-0.252822 1.56185 0.1 0.1 0.0220424 0.00404576 0 0 -0.0127612 -0.0489301 0.01
