0.0585324 2.88305 0.1 0.1 0.0940255 -0.0572372 0 0 0 0 0
0.0692615 2.878 0.1 0.1 2.04855 -0.950341 0 0 0.982899 -0.449189 0.01
0.877134 2.55975 0.1 0.1 13.911 -5.34209 0 0 0.633709 -0.235519 0.1
2.26044 2.00079 0.1 0.1 20.5821 -8.58953 0 0 0.503724 -0.237672 0.08
2.93197 1.72499 0.1 0.1 24.1685 -9.79138 0 0 0.710311 -0.245719 0.03
3.14112 -0.162478 0.1 0.1 -1.68021 -27.6622 0 0 0.136618 -0.988208 0.1
2.26881 -3.15169 0.1 0.1 -17.4725 -15.8112 0 0 -0.925309 -0.910931 0.09
1.3623 -2.58116 0.1 0.1 -2.89158 15.2834 0 0 0.759826 0.923029 0.09
1.00101 -1.65578 0.1 0.1 -9.08893 15.5602 0 0 -0.546751 0.100115 0.06
0.91621 -1.50818 0.1 0.1 -7.87312 13.9624 0 0 0.565747 -0.725251 0.01
0.343286 -0.298851 0.1 0.1 -4.90333 12.9269 0 0 0.133299 0.00966186 0.09
0.0208028 0.189807 0.1 0.1 -5.83681 3.45637 0 0 -0.105055 -0.748654 0.06
-0.281154 0.568129 0.1 0.1 -0.946497 4.92878 0 0 0.255237 0.102939 0.09
-0.0607428 0.681123 0.1 0.1 5.74418 -2.30929 0 0 0.384189 -0.395773 0.09
0.0549798 0.582961 0.1 0.1 -1.81122 -0.976055 0 0 -0.620584 0.102727 0.06
0.0451831 0.577352 0.1 0.1 -0.150877 -0.147205 0 0 0.826292 0.411988 0.01
0.0387258 0.571929 0.1 0.1 -0.171846 -0.124105 0 0 -0.00342998 0.00220919 0.04
0.0385079 0.571126 0.1 0.1 0.12776 -0.0366134 0 0 0.149867 0.0434055 0.01
0.0391372 0.571297 0.1 0.1 -0.00167262 0.0707391 0 0 -0.0644502 0.0537482 0.01
0.0387787 0.571827 0.1 0.1 -0.0340733 -0.0175314 0 0 -0.00820619 -0.021942 0.02
