-0.218202 0.646361 0.1 0.1 0.0977004 0.0401181 0 0 0 0 0
-0.908149 0.704378 0.1 0.1 -13.6676 1.102 0 0 -0.723442 0.0558102 0.1
-1.2037 0.729281 0.1 0.1 -15.8798 1.38732 0 0 -0.627463 0.0775402 0.02
-1.3708 0.736121 0.1 0.1 -17.5384 -0.0170526 0 0 -0.913875 -0.698963 0.01
-2.18114 0.80023 0.1 0.1 -22.9428 3.20076 0 0 -0.777338 0.410397 0.04
-2.90109 0.962959 0.1 0.1 -25.0433 7.62555 0 0 -0.469985 0.765087 0.03
-2.91153 2.36337 0.1 0.1 11.7874 23.2653 0 0 0.972628 0.947403 0.09
-2.41668 3.09488 0.1 0.1 12.9462 6.25782 0 0 0.206473 -0.894334 0.04
-0.501148 2.47147 0.1 0.1 25.16 -14.0324 0 0 0.706746 -0.799211 0.1
1.92492 0.942133 0.1 0.1 35.3533 -24.07 0 0 0.789806 -0.722042 0.08
2.59915 0.42805 0.1 0.1 32.0813 -27.327 0 0 -0.649813 -0.942406 0.02
2.92607 0.152701 0.1 0.1 33.3007 -27.7422 0 0 0.774063 -0.344735 0.01
3.26619 -1.79942 0.1 0.1 -6.40328 -37.2396 0 0 -0.399607 -0.955506 0.06
1.81664 -2.98881 0.1 0.1 -22.3166 10.2574 0 0 -0.868026 0.985473 0.1
0.629332 -2.04521 0.1 0.1 -17.3103 21.0879 0 0 0.318178 0.981125 0.06
-0.204092 -0.217846 0.1 0.1 -6.62934 31.0056 0 0 0.704215 0.839091 0.07
-0.592272 1.92991 0.1 0.1 -6.30966 40.4915 0 0 -0.00604813 0.969637 0.06
-0.663559 2.33541 0.1 0.1 -7.94515 40.6067 0 0 -0.854741 0.260364 0.01
-0.737237 2.74888 0.1 0.1 -6.79255 42.0851 0 0 0.538977 0.946084 0.01
-0.777804 2.59534 0.1 0.1 5.77283 -17.1125 0 0 0.626497 -0.947303 0.1
-0.258796 1.69854 0.1 0.1 7.18286 -5.46304 0 0 0.12067 0.672211 0.08
-0.0400027 1.51249 0.1 0.1 0.180399 -0.785302 0 0 -0.565616 0.374294 0.06
-0.0420729 1.50825 0.1 0.1 -0.59316 -0.063811 0 0 -0.388022 0.358616 0.01
-0.0506212 1.50265 0.1 0.1 0.0202119 -0.308283 0 0 0.100869 -0.0416665 0.03
-0.0548415 1.4954 0.1 0.1 -0.229565 -0.0556714 0 0 -0.0317661 0.0306704 0.04
-0.0548333 1.49501 0.1 0.1 0.230444 -0.0221923 0 0 0.230176 0.0165916 0.01
-0.0540269 1.49469 0.1 0.1 -0.17466 0.000821669 0 0 -0.0674305 0.0037704 0.03
-0.054836 1.49409 0.1 0.1 0.012543 -0.121457 0 0 0.0932526 -0.0614344 0.01
-0.0553423 1.49352 0.1 0.1 -0.113595 0.00841264 0 0 -0.0633549 0.0646522 0.01
-0.0561541 1.49324 0.1 0.1 -0.0488752 -0.0657583 0 0 0.03197 -0.0372294 0.01
-0.0578859 1.49222 0.1 0.1 -0.0664939 -0.00264049 0 0 -0.0032252 0.0103507 0.03
-0.0581224 1.492 0.1 0.1 0.019061 -0.0405568 0 0 0.0426863 -0.0190615 0.01
-0.0580523 1.49173 0.1 0.1 -0.00499906 -0.0131072 0 0 -0.012001 0.0135909 0.01
