2.10882 -2.32526 0.1 0.1 0.0271148 0.0418987 0 0 0 0 0
3.07297 -2.33495 0.1 0.1 18.9408 -0.230064 0 0 0.994252 -0.0141607 0.1
3.13721 -1.76215 0.1 0.1 -2.59247 14.3549 0 0 -0.077933 0.947457 0.08
2.99533 -1.25133 0.1 0.1 -6.84514 19.6732 0 0 -0.732623 0.971523 0.03
2.24621 -0.119624 0.1 0.1 -18.0131 18.0667 0 0 -0.99411 -0.0399869 0.06
0.515701 2.39719 0.1 0.1 -16.6192 32.036 0 0 -0.0164583 0.824647 0.1
0.345823 2.72456 0.1 0.1 -17.3551 33.4352 0 0 -0.452947 0.863591 0.01
-0.917185 2.8742 0.1 0.1 -8.05877 -7.11628 0 0 0.401863 -0.283466 0.1
-0.774803 2.04965 0.1 0.1 10.5945 -9.33836 0 0 0.940096 -0.152324 0.1
-0.319599 1.72628 0.1 0.1 -0.314867 1.98312 0 0 -0.581029 0.611077 0.09
-0.315809 1.80004 0.1 0.1 0.460007 0.975669 0 0 0.077897 -0.0933766 0.05
-0.311631 1.80225 0.1 0.1 0.375822 -0.531798 0 0 -0.0401206 -0.752766 0.01
-0.309459 1.79235 0.1 0.1 -0.227986 -0.129904 0 0 -0.100323 0.0653323 0.03
-0.311923 1.79181 0.1 0.1 -0.264816 0.0203037 0 0 -0.0196483 0.0748412 0.01
-0.313573 1.79126 0.1 0.1 -0.0655851 -0.128935 0 0 0.0988393 -0.0748921 0.01
-0.313792 1.79092 0.1 0.1 0.0216695 0.0596662 0 0 0.0435553 0.0941501 0.01
-0.142389 1.62465 0.1 0.1 5.63555 -5.54586 0 0 0.482341 -0.480988 0.06
-0.00076116 1.4851 0.1 0.1 0.0759533 -0.081713 0 0 -0.542075 0.532465 0.05
0.00017333 1.48482 0.1 0.1 0.110887 0.0260245 0 0 0.0179568 0.0537426 0.01
0.000647291 1.48437 0.1 0.1 -0.0629117 -0.0707271 0 0 -0.043367 -0.024313 0.02
