-0.251294 -0.0784054 0.1 0.1 0.00640101 0.0518539 0 0 0 0 0
0.0757833 -0.432081 0.1 0.1 9.23121 -10.039 0 0 0.682721 -0.74592 0.07
0.83217 -1.71227 0.1 0.1 5.95032 -15.4744 0 0 -0.126463 -0.335918 0.1
1.1478 -2.72876 0.1 0.1 4.58421 -18.3794 0 0 -0.0875147 -0.326866 0.06
1.74792 -3.0395 0.1 0.1 12.47 5.3466 0 0 0.606214 0.667397 0.07
2.54791 -2.38396 0.1 0.1 10.41 13.2908 0 0 -0.0899242 0.614322 0.07
3.22295 -1.02475 0.1 0.1 -0.80056 25.4038 0 0 0.715234 0.962127 0.07
2.86422 1.12565 0.1 0.1 -9.33401 35.9134 0 0 -0.63463 0.904215 0.07
2.76995 1.49099 0.1 0.1 -9.5208 37.1519 0 0 -0.141143 0.802084 0.01
2.66867 1.86457 0.1 0.1 -10.7329 37.5623 0 0 -0.65775 0.392065 0.01
2.43148 2.63526 0.1 0.1 -12.9792 39.5009 0 0 -0.621558 0.677489 0.02
1.0602 2.67611 0.1 0.1 -14.4208 -14.0772 0 0 -0.140607 -0.893377 0.1
0.376114 0.699291 0.1 0.1 -0.981651 -29.6194 0 0 0.708215 -0.973276 0.09
0.718056 -2.53122 0.1 0.1 8.43427 -41.9834 0 0 0.542886 -0.866356 0.09
0.793744 -2.95723 0.1 0.1 6.70642 -43.2169 0 0 -0.825822 -0.82987 0.01
0.581459 -2.66513 0.1 0.1 -10.6641 12.9976 0 0 -0.879491 0.592074 0.1
0.374617 -1.04553 0.1 0.1 5.27519 27.3008 0 0 0.984273 0.995405 0.08
0.45333 0.337983 0.1 0.1 -2.57057 18.9004 0 0 -0.64793 -0.585105 0.06
0.340051 1.24476 0.1 0.1 0.257008 -0.44238 0 0 0.135502 -0.921924 0.1
0.348397 1.23942 0.1 0.1 0.576554 -0.0936548 0 0 0.0820601 0.0858788 0.02
0.348737 1.23959 0.1 0.1 -0.506834 0.12751 0 0 -0.541944 0.110555 0.01
0.347734 1.2407 0.1 0.1 0.304892 0.0947129 0 0 0.405692 -0.0157467 0.01
0.369137 1.24729 0.1 0.1 0.231157 0.0705027 0 0 -0.00327502 -0.00110221 0.08
0.374441 1.25102 0.1 0.1 0.828826 0.674613 0 0 0.301805 0.304045 0.01
0.378642 1.2542 0.1 0.1 0.0126675 -0.0377256 0 0 -0.4064 -0.35474 0.01
0.378918 1.25341 0.1 0.1 0.00575157 -0.0150757 0 0 -0.00110673 0.00364363 0.03
0.277239 1.29975 0.1 0.1 -3.36142 1.54387 0 0 -0.289265 0.133733 0.06
0.174236 1.34501 0.1 0.1 -0.104548 -0.0192401 0 0 0.263009 -0.126444 0.06
0.173333 1.3447 0.1 0.1 -0.0760263 -0.0437315 0 0 0.0138178 -0.0124022 0.01
