0.294727 -1.61496 0.1 0.1 0.0438735 0.00374381 0 0 0 0 0
0.865897 -1.27871 0.1 0.1 12.4615 7.35854 0 0 0.722257 0.427423 0.09
1.44466 -0.802949 0.1 0.1 10.7033 11.6363 0 0 -0.117692 0.475253 0.05
2.37758 0.362472 0.1 0.1 15.8926 21.5454 0 0 0.438091 0.791255 0.07
3.21839 1.55207 0.1 0.1 14.3892 26.0016 0 0 0.266696 0.564898 0.05
3.16803 2.86828 0.1 0.1 -7.29765 26.6399 0 0 -0.971218 0.195266 0.05
1.85345 2.82363 0.1 0.1 -18.8012 -7.35428 0 0 -0.641001 -0.388519 0.1
1.30795 2.56884 0.1 0.1 -17.5711 -9.62085 0 0 0.114001 -0.420144 0.03
-0.502891 1.63461 0.1 0.1 -27.564 -13.6823 0 0 -0.738661 -0.311825 0.08
-1.33351 1.18726 0.1 0.1 -27.809 -16.1283 0 0 -0.180498 -0.481484 0.03
-1.61412 1.02248 0.1 0.1 -28.3137 -16.8278 0 0 -0.394159 -0.43151 0.01
-2.3929 0.460197 0.1 0.1 -23.6289 -20.6381 0 0 0.650602 -0.728107 0.03
-3.17355 -2.00293 0.1 0.1 3.69767 -33.8974 0 0 0.388017 -0.873054 0.09
-3.06506 -2.70052 0.1 0.1 7.14056 -35.8553 0 0 0.888809 -0.663968 0.02
-2.27056 -3.01488 0.1 0.1 15.4618 9.1668 0 0 0.651159 0.881677 0.07
-1.51921 -1.67936 0.1 0.1 1.44396 20.344 0 0 -0.736998 0.695208 0.09
-1.32254 -0.576243 0.1 0.1 6.38127 23.7524 0 0 0.514519 0.451321 0.05
-1.25359 -0.336684 0.1 0.1 7.40849 24.1586 0 0 0.549151 0.323101 0.01
-0.425982 0.858199 0.1 0.1 16.1372 10.144 0 0 0.682702 -0.915571 0.07
-0.142246 1.0833 0.1 0.1 12.2493 12.3593 0 0 -0.902163 0.610093 0.02
-0.0163169 1.20965 0.1 0.1 12.9354 12.9087 0 0 0.4059 0.338206 0.01
0.362734 1.58114 0.1 0.1 6.06208 5.71388 0 0 -0.812909 -0.853154 0.04
0.473199 1.71291 0.1 0.1 -1.58012 -0.392279 0 0 -0.753785 -0.59765 0.05
0.241958 1.59476 0.1 0.1 -6.08279 -3.51489 0 0 -0.394796 -0.270147 0.06
-0.0996343 1.41041 0.1 0.1 -0.836686 -0.226754 0 0 0.245425 0.155284 0.1
-0.151381 1.42376 0.1 0.1 -0.32096 0.512267 0 0 0.0258067 0.0418117 0.09
-0.154609 1.42872 0.1 0.1 -0.324728 0.480856 0 0 -0.00350283 -0.0132261 0.01
-0.15756 1.4313 0.1 0.1 -0.265563 0.0356049 0 0 0.028084 -0.221369 0.01
-0.159405 1.43242 0.1 0.1 -0.103733 0.187191 0 0 0.080068 0.0763804 0.01
-0.159055 1.43279 0.1 0.1 0.17332 -0.112643 0 0 0.138774 -0.14973 0.01
-0.15552 1.43079 0.1 0.1 0.00455021 0.0120397 0 0 -0.0206669 0.0153343 0.04
