-0.174529 0.352754 0.1 0.1 -0.0536392 0.0388158 0 0 0 0 0
-0.34402 -0.0701886 0.1 0.1 -4.7344 -11.9827 0 0 -0.347156 -0.889166 0.07
-1.27187 -0.526593 0.1 0.1 -18.2813 0.407782 0 0 -0.905251 0.745624 0.08
-2.72311 -0.132479 0.1 0.1 -23.126 10.732 0 0 -0.449881 0.76542 0.07
-3.17365 0.86799 0.1 0.1 4.22447 14.236 0 0 0.297587 0.28223 0.08
-2.88114 1.49099 0.1 0.1 10.361 16.8961 0 0 0.803896 0.410702 0.04
-1.03431 3.15808 0.1 0.1 26.3081 3.41682 0 0 0.889477 0.165164 0.1
1.29685 2.66401 0.1 0.1 31.8958 -12.5653 0 0 0.495135 -0.81932 0.08
1.93466 2.38067 0.1 0.1 31.8847 -15.7579 0 0 0.157131 -0.868482 0.02
2.25984 2.21843 0.1 0.1 33.1504 -16.6895 0 0 0.796338 -0.546124 0.01
3.02778 -0.216192 0.1 0.1 -10.3869 -31.7481 0 0 -0.971363 -0.874949 0.1
1.89335 -2.75516 0.1 0.1 -21.8978 -40.6898 0 0 -0.901886 -0.820552 0.07
-0.546182 -2.74628 0.1 0.1 -32.1596 15.5834 0 0 -0.705882 0.991504 0.09
-2.52526 -1.55976 0.1 0.1 -33.7916 23.8861 0 0 -0.301726 0.789967 0.06
-3.21063 -1.07959 0.1 0.1 -28.5833 24.1284 0 0 -0.410381 0.179773 0.02
-3.04091 1.02558 0.1 0.1 11.8079 35.8877 0 0 0.952723 0.991371 0.07
-2.91451 1.381 0.1 0.1 13.4689 35.1977 0 0 0.892111 -0.166977 0.01
-2.42056 2.87822 0.1 0.1 11.2415 39.6338 0 0 -0.21874 0.741869 0.04
-1.09375 2.66873 0.1 0.1 15.2288 -12.654 0 0 0.265877 -0.698902 0.1
-0.336311 2.03034 0.1 0.1 0.171616 -0.318727 0 0 -0.715223 0.584977 0.1
-0.335686 2.0282 0.1 0.1 -0.0463144 -0.109651 0 0 -0.108698 0.103478 0.01
-0.336042 2.02759 0.1 0.1 -0.0247991 -0.0121203 0 0 0.0105889 0.0484707 0.01
-0.289819 1.81755 0.1 0.1 1.85813 -8.32033 0 0 0.192924 -0.85195 0.05
-0.25092 1.64429 0.1 0.1 0.0984734 -0.395313 0 0 -0.215104 0.969111 0.04
-0.248767 1.63843 0.1 0.1 -0.0114675 0.156209 0 0 -0.0107773 0.0545737 0.05
-0.249725 1.64914 0.1 0.1 -0.00983432 0.0829587 0 0 3.69486e-05 -0.00347498 0.09
-0.249446 1.65084 0.1 0.1 0.0282607 0.0305182 0 0 0.00639846 -0.00845757 0.03
-0.249341 1.65076 0.1 0.1 -0.00732629 -0.0464355 0 0 -0.0177588 -0.0385264 0.01
-0.249165 1.65039 0.1 0.1 0.024874 0.00951314 0 0 0.00810161 0.013899 0.02
