-2.62782 -0.455566 0.1 0.1 -0.0752487 0.0194463 0 0 0 0 0
-2.7437 -0.760977 0.1 0.1 -3.75087 -10.0986 0 0 -0.316543 -0.868884 0.06
-3.15777 -1.17364 0.1 0.1 -6.52397 -1.78899 0 0 -0.335224 0.564078 0.07
-3.19435 -1.18754 0.1 0.1 0.980333 0.850019 0 0 -0.526414 0.437909 0.03
-3.14438 -0.673301 0.1 0.1 0.0602972 9.29403 0 0 -0.739775 0.447972 0.1
-3.14359 -0.450407 0.1 0.1 0.0238547 12.9831 0 0 -0.771449 0.978137 0.02
-3.13619 -0.312858 0.1 0.1 1.45563 14.5242 0 0 0.720748 0.839727 0.01
-3.04481 0.188598 0.1 0.1 4.62067 18.8845 0 0 0.543625 0.810625 0.03
-2.75657 1.9367 0.1 0.1 2.61402 24.7399 0 0 -0.107948 0.475257 0.08
-1.79348 3.08426 0.1 0.1 16.4151 -2.7286 0 0 0.738232 0.329663 0.1
-0.78516 2.55685 0.1 0.1 8.89322 -10.355 0 0 -0.407176 -0.509643 0.08
-0.530045 1.99495 0.1 0.1 3.89639 -17.691 0 0 -0.593019 -0.987381 0.04
-0.485406 1.8257 0.1 0.1 5.02954 -16.161 0 0 0.589138 0.68058 0.01
-0.425214 1.48332 0.1 0.1 1.00329 -18.0701 0 0 -0.992446 -0.563081 0.02
-0.421227 0.902321 0.1 0.1 -0.728609 -20.6505 0 0 -0.288705 -0.527053 0.03
-0.278721 -0.862831 0.1 0.1 4.73431 -29.6771 0 0 0.400551 -0.770808 0.07
0.150247 -2.84196 0.1 0.1 9.51758 -36.2281 0 0 0.43507 -0.71093 0.06
0.522156 -2.91125 0.1 0.1 -0.0928523 8.61926 0 0 -0.577671 0.648603 0.08
0.403008 -1.88147 0.1 0.1 -3.27506 20.6627 0 0 -0.235756 0.933945 0.07
0.607544 0.234311 0.1 0.1 7.65654 26.27 0 0 0.619687 0.429282 0.09
0.712129 1.84614 0.1 0.1 -4.8779 14.1862 0 0 -0.778101 -0.65482 0.08
0.536706 3.16067 0.1 0.1 0.421165 -0.179978 0 0 0.320305 0.972448 0.08
0.631649 3.02436 0.1 0.1 2.27007 -0.816847 0 0 0.138881 0.835668 0.07
0.641872 3.00425 0.1 0.1 -1.88776 -0.0835837 0 0 -0.345723 0.572517 0.06
0.610585 3.00294 0.1 0.1 0.308758 -0.00823663 0 0 0.270721 0.702327 0.04
0.611295 3.00292 0.1 0.1 -0.165857 0.00163226 0 0 -0.237012 0.804427 0.01
0.611011 3.00301 0.1 0.1 0.108467 0.0144436 0 0 0.137054 0.96059 0.01
0.61312 3.00323 0.1 0.1 0.102489 0.0074304 0 0 -0.000967358 0.854272 0.02
0.613698 3.00311 0.1 0.1 0.0132382 -0.0245126 0 0 -0.0443469 0.363101 0.01
0.615212 3.00357 0.1 0.1 0.0298224 0.0049526 0 0 0.00129293 0.924571 0.07
0.617458 3.00063 0.1 0.1 0.0153396 -0.00305885 0 0 -0.000612012 0.11595 0.1
0.680824 2.25429 0.1 0.1 1.2323 -14.6792 0 0 0.0640158 -0.77125 0.1
0.726042 1.71957 0.1 0.1 0.0725949 -0.760872 0 0 -0.0796102 0.956134 0.07
0.735718 1.6914 0.1 0.1 0.24817 -0.184 0 0 0.0154535 0.0457354 0.06
0.737873 1.69028 0.1 0.1 0.182931 -0.0396536 0 0 -0.0315522 0.0716224 0.01
0.739039 1.69033 0.1 0.1 0.0505739 0.0505199 0 0 -0.0656303 0.0451124 0.01
0.739323 1.69042 0.1 0.1 -0.0219239 -0.0415713 0 0 -0.0180682 -0.0230078 0.02
0.739197 1.69003 0.1 0.1 -0.00326917 -0.0364555 0 0 0.00927069 0.00236466 0.01
