-2.50291 1.38889 0.1 0.1 0.0293106 -0.0270961 0 0 0 0 0
-3.11705 1.15162 0.1 0.1 -15.1794 -5.82794 0 0 -0.989842 -0.377582 0.08
-2.71044 -0.251482 0.1 0.1 13.2682 -21.9628 0 0 0.859575 -0.876572 0.1
-1.54191 -1.97585 0.1 0.1 15.9107 -21.1564 0 0 0.23819 -0.0575154 0.08
-0.977856 -2.93808 0.1 0.1 12.3155 -26.9171 0 0 -0.379144 -0.840638 0.04
-0.312185 -3.08362 0.1 0.1 9.89686 2.62985 0 0 -0.146241 -0.761606 0.06
0.141588 -2.34701 0.1 0.1 0.330039 13.5754 0 0 -0.506387 0.649123 0.09
-0.134551 -1.4226 0.1 0.1 -9.4362 17.2023 0 0 -0.83719 0.379214 0.06
-0.398133 -0.968608 0.1 0.1 -8.14236 13.0844 0 0 0.17168 -0.610788 0.03
-0.493965 -0.0447573 0.1 0.1 5.56352 10.052 0 0 0.851494 -0.131522 0.08
-0.165907 0.530093 0.1 0.1 7.54274 12.9181 0 0 0.230979 0.34423 0.05
0.075577 0.932575 0.1 0.1 0.575561 0.620903 0 0 -0.56147 -0.991577 0.06
0.0787416 0.937311 0.1 0.1 0.0582296 0.326788 0 0 -0.257372 -0.144793 0.01
0.0765852 0.939623 0.1 0.1 -0.272765 -0.0941832 0 0 -0.0833974 -0.104708 0.02
0.0769004 0.939118 0.1 0.1 0.334789 -0.00686701 0 0 0.304233 0.0435052 0.01
0.0780768 0.939339 0.1 0.1 -0.215319 0.0288342 0 0 -0.137359 0.00894053 0.02
0.0748589 0.938639 0.1 0.1 -0.106832 -0.098417 0 0 0.0263332 -0.0319851 0.02
0.0743466 0.938543 0.1 0.1 0.00417918 0.0788796 0 0 0.0553284 0.0886323 0.01
0.0740618 0.93966 0.1 0.1 -0.0325299 0.0329669 0 0 -0.00926055 -0.0112037 0.02
0.0738737 0.939948 0.1 0.1 -0.00513041 0.0246482 0 0 0.0136173 -0.00401195 0.01
