2.20803 -1.43892 0.1 0.1 0.0460641 0.0297149 0 0 0 0 0
1.59325 -1.53149 0.1 0.1 -15.2125 -2.31203 0 0 -0.992778 -0.152442 0.08
1.01337 -1.49507 0.1 0.1 -13.7907 4.09007 0 0 0.10549 0.804756 0.04
-0.12332 -1.09756 0.1 0.1 -14.6156 5.82466 0 0 -0.12274 0.133051 0.08
-1.75709 -0.129601 0.1 0.1 -26.0758 18.2092 0 0 -0.819041 0.834173 0.08
-2.29452 0.257271 0.1 0.1 -27.6619 20.4702 0 0 -0.531073 0.661958 0.02
-3.22971 1.11621 0.1 0.1 -15.9178 22.4624 0 0 0.948115 0.357243 0.04
-2.99898 2.88837 0.1 0.1 10.9604 28.1086 0 0 0.941112 0.530321 0.07
-1.65612 3.02025 0.1 0.1 15.8167 -0.681916 0 0 0.310065 0.74401 0.1
-0.153373 2.45681 0.1 0.1 21.6733 -13.2374 0 0 0.460179 -0.819949 0.08
1.82562 0.831593 0.1 0.1 22.295 -22.7366 0 0 0.144874 -0.617641 0.09
2.28542 0.377571 0.1 0.1 23.6803 -22.6657 0 0 0.461964 -0.0953517 0.02
3.07189 -0.357489 0.1 0.1 28.7266 -26.3195 0 0 0.972825 -0.731245 0.03
3.11365 -2.61265 0.1 0.1 -7.64507 -37.9857 0 0 -0.639089 -0.995395 0.07
1.706 -2.96537 0.1 0.1 -20.297 4.90413 0 0 -0.703163 -0.0696988 0.1
0.607118 -2.48721 0.1 0.1 -23.6299 14.1458 0 0 -0.443431 0.971952 0.05
-2.06615 -0.902806 0.1 0.1 -35.5937 20.9642 0 0 -0.814261 0.465921 0.09
-2.42844 -0.694973 0.1 0.1 -36.8629 20.6029 0 0 -0.817243 -0.0779971 0.01
-3.13841 -0.274473 0.1 0.1 -34.1427 21.4438 0 0 0.502809 0.314987 0.02
-2.90168 2.14403 0.1 0.1 12.0288 32.1507 0 0 0.659242 0.730258 0.09
-2.63323 2.77978 0.1 0.1 14.8071 31.4266 0 0 0.760684 -0.0220061 0.02
-1.1812 2.82245 0.1 0.1 17.4207 -11.1898 0 0 0.225978 -0.730224 0.09
-0.700915 2.41386 0.1 0.1 14.6126 -16.0259 0 0 -0.387968 -0.874113 0.03
-0.0921962 1.70482 0.1 0.1 -0.852819 0.0296058 0 0 -0.825683 0.852711 0.09
-0.0985218 1.70589 0.1 0.1 -0.413048 0.183874 0 0 0.216871 0.077714 0.01
-0.0986563 1.70698 0.1 0.1 0.38483 0.0352372 0 0 0.39911 -0.073727 0.01
-0.0963533 1.70643 0.1 0.1 0.0762799 -0.146019 0 0 -0.153233 -0.0909437 0.01
-0.096178 1.7063 0.1 0.1 -0.0410212 0.120383 0 0 -0.0585803 0.133153 0.01
-0.0956408 1.70722 0.1 0.1 0.0942834 -0.0277854 0 0 0.0339762 -0.0368133 0.02
-0.0950484 1.70696 0.1 0.1 0.0243216 -0.0245677 0 0 -0.0347063 0.00147328 0.01
-0.0948331 1.70669 0.1 0.1 0.0187375 -0.0293732 0 0 -0.0026865 -0.00253847 0.01
-0.0947079 1.70659 0.1 0.1 0.00633796 0.00871448 0 0 -0.00613828 0.0189948 0.01
