0.295822 0.190828 0.1 0.1 -0.0596298 -0.0485325 0 0 0 0 0
0.225434 0.137486 0.1 0.1 -4.61017 -3.49037 0 0 -0.771225 -0.582922 0.03
0.250911 -0.51683 0.1 0.1 5.11745 -12.7441 0 0 0.610026 -0.619118 0.08
0.467635 -1.13168 0.1 0.1 5.71456 -17.9636 0 0 0.10165 -0.729407 0.04
0.825621 -1.91936 0.1 0.1 12.1424 -21.3969 0 0 0.848756 -0.527641 0.04
0.952568 -2.13934 0.1 0.1 13.2453 -22.5978 0 0 0.615047 -0.710629 0.01
1.08774 -2.36969 0.1 0.1 13.7886 -23.4716 0 0 0.339252 -0.552313 0.01
1.22619 -2.61285 0.1 0.1 13.9011 -25.1563 0 0 0.125432 -0.964204 0.01
2.8838 -3.03518 0.1 0.1 22.8004 1.19123 0 0 0.586552 -0.63306 0.09
2.94411 -2.06122 0.1 0.1 -9.00453 18.0086 0 0 -0.590511 0.889738 0.1
2.75253 -1.68576 0.1 0.1 -10.1496 19.5323 0 0 -0.33428 0.474728 0.02
2.27027 -0.682124 0.1 0.1 -9.1492 20.604 0 0 0.0519352 0.207485 0.05
1.61506 0.124442 0.1 0.1 -16.994 11.7325 0 0 -0.85121 -0.806979 0.05
1.31048 0.385416 0.1 0.1 -13.4758 14.3562 0 0 0.804676 0.721686 0.02
0.297231 1.16541 0.1 0.1 -9.10619 3.14536 0 0 0.186594 -0.579423 0.09
0.210673 1.18724 0.1 0.1 -8.20686 1.22316 0 0 0.406556 -0.950159 0.01
-0.211899 1.25162 0.1 0.1 -0.374909 0.0837079 0 0 0.370786 -0.0536436 0.1
-0.211985 1.25235 0.1 0.1 0.356575 0.0625377 0 0 0.365996 -0.010133 0.01
-0.210298 1.25424 0.1 0.1 -0.0185289 0.314047 0 0 -0.186832 0.126674 0.01
-0.212999 1.25784 0.1 0.1 -0.250806 0.0470107 0 0 -0.0588082 -0.0658841 0.02
-0.218475 1.25907 0.1 0.1 -0.114959 0.0348432 0 0 0.0217466 -0.00181831 0.03
-0.219389 1.25944 0.1 0.1 -0.0678733 0.0396378 0 0 0.0231057 0.00258961 0.01
-0.219163 1.25975 0.1 0.1 0.078197 -0.0236901 0 0 0.0183 -0.00787417 0.04
