0.621577 -1.01722 0.1 0.1 0.0871453 0.087293 0 0 0 0 0
0.621385 -1.02299 0.1 0.1 -0.0989895 -0.469115 0 0 -0.0311093 -0.0937211 0.03
0.939214 -0.640652 0.1 0.1 7.93694 9.88955 0 0 0.522852 0.671563 0.08
1.0593 -0.454748 0.1 0.1 4.08447 8.70483 0 0 -0.934103 -0.250124 0.02
0.993081 0.408558 0.1 0.1 -5.61054 12.8229 0 0 -0.610633 0.311146 0.08
0.356321 1.18785 0.1 0.1 -8.49699 4.61748 0 0 -0.195997 -0.412646 0.09
0.263574 1.22675 0.1 0.1 -10.0497 3.16544 0 0 -0.823515 -0.706803 0.01
-0.234366 1.26674 0.1 0.1 -14.8154 -1.13751 0 0 -0.658551 -0.532942 0.04
-0.867762 2.01586 0.1 0.1 1.87203 15.8383 0 0 0.803428 0.886621 0.1
-0.12089 2.95056 0.1 0.1 16.6032 7.63855 0 0 0.967481 -0.454113 0.08
0.636533 3.04946 0.1 0.1 21.2371 -1.24337 0 0 0.674095 -0.383678 0.04
1.59087 3.01414 0.1 0.1 26.4453 -0.48241 0 0 0.770486 0.332411 0.04
3.10662 2.83945 0.1 0.1 34.1202 -6.45613 0 0 0.919329 -0.614779 0.05
3.13189 1.94685 0.1 0.1 -8.50167 -18.9003 0 0 -0.58261 -0.952651 0.07
2.38463 0.556997 0.1 0.1 -16.3268 -27.3436 0 0 -0.716106 -0.819551 0.06
1.0935 -1.46108 0.1 0.1 -20.5225 -30.2799 0 0 -0.39148 -0.354178 0.07
0.456209 -2.42506 0.1 0.1 -21.9559 -33.9678 0 0 -0.342953 -0.775877 0.03
0.228716 -2.76754 0.1 0.1 -23.54 -34.5262 0 0 -0.904502 -0.450771 0.01
-2.57651 -2.81998 0.1 0.1 -38.5722 11.7894 0 0 -0.991262 0.735659 0.09
-2.96857 -2.70058 0.1 0.1 -39.8378 12.0906 0 0 -0.82933 0.209695 0.01
-2.85715 -0.658208 0.1 0.1 11.1629 28.482 0 0 0.634404 0.921794 0.1
-2.61738 -0.069107 0.1 0.1 12.809 30.4216 0 0 0.472706 0.63237 0.02
-2.21233 0.870096 0.1 0.1 14.1897 32.183 0 0 0.297214 0.450309 0.03
-2.06736 1.19237 0.1 0.1 14.802 32.2713 0 0 0.377082 0.205567 0.01
-1.61796 2.19928 0.1 0.1 15.1564 34.8435 0 0 0.131856 0.59685 0.03
-1.33607 2.85773 0.1 0.1 13.0389 31.0137 0 0 -0.460349 -0.792877 0.02
-0.577237 2.71236 0.1 0.1 2.31715 -10.7717 0 0 -0.498209 -0.672448 0.1
-0.291209 1.97825 0.1 0.1 4.80019 -7.62317 0 0 0.17312 0.150951 0.08
-0.160622 1.74255 0.1 0.1 -0.395307 -0.306371 0 0 -0.422248 0.590154 0.06
-0.162435 1.74301 0.1 0.1 0.340191 0.309442 0 0 0.0458885 0.0385295 0.08
-0.157271 1.74941 0.1 0.1 0.176738 0.330796 0 0 -0.0395966 0.00693473 0.02
-0.149632 1.75603 0.1 0.1 0.331725 0.111446 0 0 0.0271147 -0.0354584 0.03
-0.145568 1.75343 0.1 0.1 0.0755408 -0.369735 0 0 -0.0630844 -0.120974 0.02
-0.142712 1.74963 0.1 0.1 0.209594 -0.0116049 0 0 0.0342594 0.0886022 0.02
-0.141689 1.75043 0.1 0.1 -0.00458099 0.172906 0 0 -0.106628 0.0926609 0.01
-0.141971 1.75172 0.1 0.1 -0.0518273 0.0835603 0 0 -0.0237846 -0.0440428 0.01
-0.142626 1.75277 0.1 0.1 -0.0137801 0.0216995 0 0 0.00935179 -0.015204 0.02
-0.142651 1.75279 0.1 0.1 0.00887733 -0.0163641 0 0 0.0113208 -0.0190204 0.01
