1.03373 -2.94437 0.1 0.1 0.0946202 -0.08468 0 0 0 0 0
0.975054 -3.02904 0.1 0.1 -3.00746 -0.546807 0 0 -0.395188 -0.963512 0.04
0.885629 -3.01324 0.1 0.1 -5.92533 2.11776 0 0 -0.752036 0.670236 0.02
0.387604 -2.46906 0.1 0.1 -5.15351 9.85911 0 0 0.0152018 0.46037 0.09
-0.791124 -1.17158 0.1 0.1 -18.2017 15.99 0 0 -0.711828 0.371244 0.1
-1.61629 0.899407 0.1 0.1 -0.401886 29.8234 0 0 0.944159 0.883976 0.09
-1.67874 1.78276 0.1 0.1 -3.74491 29.0704 0 0 -0.568805 0.0215762 0.03
-1.71727 2.33731 0.1 0.1 -0.120967 26.3941 0 0 0.89611 -0.530465 0.02
-1.12482 3.0767 0.1 0.1 14.7333 -2.37395 0 0 0.96562 0.623227 0.08
0.438776 2.20375 0.1 0.1 19.9344 -16.8094 0 0 0.37604 -0.850475 0.09
2.18186 1.10514 0.1 0.1 29.752 -14.6068 0 0 0.8268 0.0796517 0.07
2.48661 0.959109 0.1 0.1 31.1959 -14.6002 0 0 0.875576 -0.0686625 0.01
3.33103 0.00954396 0.1 0.1 -3.07581 -23.3057 0 0 0.927553 -0.966547 0.05
3.08022 -1.05432 0.1 0.1 -9.39517 -29.844 0 0 -0.81811 -0.950721 0.04
2.63622 -2.115 0.1 0.1 -12.7821 -23.2341 0 0 -0.47766 0.693604 0.04
2.1855 -2.84252 0.1 0.1 -17.243 -25.257 0 0 -0.818014 -0.458615 0.03
0.277133 -3.0621 0.1 0.1 -30.2926 2.13996 0 0 -0.935115 -0.804162 0.08
-3.27244 -1.91729 0.1 0.1 -33.0643 20.4562 0 0 -0.689658 0.972565 0.1
-3.16391 -0.133173 0.1 0.1 7.38664 30.4053 0 0 0.192442 0.838544 0.07
-3.01075 0.505748 0.1 0.1 7.92811 33.4766 0 0 0.173794 0.927744 0.02
-2.88336 1.20547 0.1 0.1 4.82153 36.4854 0 0 -0.746658 0.927049 0.02
-2.65334 2.33792 0.1 0.1 10.4862 38.9993 0 0 0.981041 0.607986 0.03
-1.30645 3.11542 0.1 0.1 23.0164 -4.81868 0 0 0.867386 0.260352 0.08
-0.172927 2.33396 0.1 0.1 9.52758 -17.3623 0 0 -0.882709 -0.951849 0.07
0.316604 1.53957 0.1 0.1 1.47172 -0.54264 0 0 -0.42048 0.890435 0.09
0.356227 1.53107 0.1 0.1 0.515824 0.113522 0 0 -0.114602 0.0809521 0.04
0.355951 1.53175 0.1 0.1 -0.569288 0.0225012 0 0 -0.543082 -0.0452771 0.01
0.352216 1.53171 0.1 0.1 -0.178212 -0.0311085 0 0 0.193803 -0.0267956 0.01
0.352093 1.53136 0.1 0.1 0.153033 -0.0387966 0 0 0.165676 -0.00398943 0.01
0.353124 1.53169 0.1 0.1 0.0533063 0.105283 0 0 -0.0493698 0.0722098 0.01
0.353219 1.53204 0.1 0.1 -0.0341797 -0.035811 0 0 -0.043739 -0.0703938 0.01
0.352092 1.53181 0.1 0.1 -0.0409328 0.0203419 0 0 -0.00131248 0.00932227 0.03
