2.15534 -0.558233 0.1 0.1 0.0955645 -0.0446951 0 0 0 0 0
1.48426 -1.16294 0.1 0.1 -14.7879 -13.1957 0 0 -0.865038 -0.764667 0.09
1.33316 -1.29672 0.1 0.1 -15.432 -13.5591 0 0 -0.397348 -0.248937 0.01
-0.37703 -2.78315 0.1 0.1 -22.4674 -19.3858 0 0 -0.485307 -0.406698 0.09
-2.10399 -3.06445 0.1 0.1 -26.8232 2.12832 0 0 -0.434567 -0.217517 0.07
-2.88026 -2.91927 0.1 0.1 -24.9375 7.52297 0 0 0.184895 0.923347 0.03
-2.85078 -1.74494 0.1 0.1 12.2792 15.8245 0 0 0.831794 0.473781 0.1
-1.94483 -0.0913777 0.1 0.1 10.3956 25.3869 0 0 -0.0603562 0.700963 0.08
-1.72321 0.435261 0.1 0.1 11.7628 27.2706 0 0 0.397541 0.602826 0.02
-1.61518 0.703748 0.1 0.1 9.84718 26.4283 0 0 -0.905723 -0.287289 0.01
-0.613458 2.74208 0.1 0.1 18.6727 31.7481 0 0 0.700894 0.525931 0.07
1.11499 2.99216 0.1 0.1 30.5723 -9.41715 0 0 0.973703 -0.977655 0.07
3.29343 1.50605 0.1 0.1 4.63943 -23.3958 0 0 -0.441107 -0.859061 0.09
3.05321 -0.527636 0.1 0.1 -6.43527 -34.58 0 0 -0.381426 -0.944488 0.07
2.98793 -0.875988 0.1 0.1 -6.61896 -35.0896 0 0 -0.123487 -0.429059 0.01
2.64532 -2.81439 0.1 0.1 -7.08169 -42.3857 0 0 -0.0788431 -0.923622 0.05
1.15561 -2.63757 0.1 0.1 -22.4566 13.777 0 0 -0.84356 0.831851 0.1
-0.446951 -0.662299 0.1 0.1 -9.80892 25.5309 0 0 0.552542 0.686413 0.1
-0.552055 -0.402405 0.1 0.1 -11.2094 26.4463 0 0 -0.753276 0.587406 0.01
-0.873402 1.2267 0.1 0.1 4.52134 6.46904 0 0 0.770849 -0.917315 0.1
-0.784063 1.34084 0.1 0.1 -0.0243163 -0.71404 0 0 -0.55773 -0.883897 0.04
-0.782963 1.33483 0.1 0.1 0.243897 -0.489404 0 0 0.134787 0.10936 0.01
-0.782037 1.33374 0.1 0.1 -0.0583449 0.26983 0 0 -0.150692 0.379103 0.01
-0.782596 1.33765 0.1 0.1 0.00224574 0.121591 0 0 0.0150115 -0.0360853 0.02
-0.78256 1.3378 0.1 0.1 0.00507393 -0.0909371 0 0 0.00140977 -0.106206 0.01
-0.782717 1.33756 0.1 0.1 -0.0207552 0.0666375 0 0 -0.00649296 0.0393396 0.02
-0.782837 1.33753 0.1 0.1 -0.00310579 -0.0725215 0 0 0.0087565 -0.0696048 0.01
-0.782627 1.33716 0.1 0.1 0.0449907 -0.00152102 0 0 0.0241799 0.0353269 0.01
