-0.443076 -1.32185 0.1 0.1 -0.0548227 -0.0649715 0 0 0 0 0
-0.502257 -1.31479 0.1 0.1 -2.88536 0.414797 0 0 -0.361481 0.0607805 0.04
-1.13374 -1.15945 0.1 0.1 -15.0154 3.98227 0 0 -0.912223 0.265654 0.07
-3.03508 -0.246153 0.1 0.1 -27.0556 16.1314 0 0 -0.775192 0.725276 0.09
-3.19329 0.878796 0.1 0.1 4.20921 21.3217 0 0 0.351863 0.52735 0.06
-3.07168 1.27367 0.1 0.1 7.93938 18.1758 0 0 0.962952 -0.687619 0.02
-1.44226 2.50247 0.1 0.1 24.3745 6.59284 0 0 0.903094 -0.517482 0.1
0.262518 2.95104 0.1 0.1 32.3714 8.34236 0 0 0.808451 0.183528 0.06
0.588433 3.04204 0.1 0.1 32.8107 7.79987 0 0 0.382556 0.802727 0.01
0.923353 3.08497 0.1 0.1 34.1711 1.68094 0 0 0.847938 -0.984686 0.01
3.43664 2.46472 0.1 0.1 -4.78722 -14.47 0 0 0.591069 -0.886414 0.09
2.06631 0.140282 0.1 0.1 -22.1751 -31.7306 0 0 -0.932145 -0.979399 0.1
1.60714 -0.459769 0.1 0.1 -23.7377 -28.2857 0 0 -0.505165 0.711119 0.02
-0.0252205 -2.45878 0.1 0.1 -30.6113 -38.248 0 0 -0.706712 -0.997724 0.06
-1.71281 -3.19032 0.1 0.1 -36.8369 4.14643 0 0 -0.791187 -0.977166 0.05
-3.32794 -2.68224 0.1 0.1 2.61094 10.2988 0 0 0.62442 0.47566 0.07
-2.77931 -2.03495 0.1 0.1 12.8346 8.21965 0 0 0.761981 -0.102349 0.07
-2.1523 -1.58516 0.1 0.1 18.4772 14.23 0 0 0.784707 0.807474 0.04
-0.586975 -0.330077 0.1 0.1 12.9246 10.9258 0 0 -0.199193 -0.102783 0.1
-0.348759 -0.0888841 0.1 0.1 10.9039 13.1859 0 0 -0.44587 0.625206 0.02
-0.0172511 0.687223 0.1 0.1 2.42745 17.8196 0 0 -0.815369 0.540747 0.05
0.10912 1.50202 0.1 0.1 0.136304 -1.20666 0 0 -0.108674 -0.910764 0.1
0.10981 1.4906 0.1 0.1 0.00183474 -1.07909 0 0 -0.0669271 0.0580689 0.01
0.108634 1.48833 0.1 0.1 -0.236637 0.623526 0 0 -0.119747 0.850299 0.01
0.109782 1.49688 0.1 0.1 0.349477 0.232265 0 0 0.146902 -0.0956681 0.02
0.111287 1.49908 0.1 0.1 -0.0478113 0.207937 0 0 -0.198036 -0.0111033 0.01
0.1115 1.49959 0.1 0.1 0.0901686 -0.105456 0 0 0.0691161 -0.156456 0.01
0.111871 1.49955 0.1 0.1 -0.0157564 0.0980243 0 0 -0.0527955 0.10173 0.01
0.111938 1.50041 0.1 0.1 0.0291447 0.0726214 0 0 0.0224978 -0.0122729 0.01
0.112001 1.50077 0.1 0.1 -0.0164332 0.000665252 0 0 -0.0227804 -0.0358057 0.01
