1.12938 -1.48818 0.1 0.1 -0.00735641 -0.0154709 0 0 0 0 0
1.05864 -0.892913 0.1 0.1 -1.73873 14.7009 0 0 -0.112451 0.957113 0.08
1.79164 -0.32046 0.1 0.1 16.1021 -2.95747 0 0 0.929376 -0.854153 0.1
2.93917 -0.916103 0.1 0.1 9.49732 -10.171 0 0 -0.303774 -0.434131 0.09
3.16704 -2.31235 0.1 0.1 -0.920248 -20.6998 0 0 0.305296 -0.662773 0.09
2.63545 -3.15041 0.1 0.1 -14.1131 3.64166 0 0 -0.980517 -0.707549 0.07
0.827679 -2.42584 0.1 0.1 -21.9114 10.7329 0 0 -0.480502 0.390745 0.1
-0.0341822 -2.02511 0.1 0.1 -21.1865 9.31317 0 0 -0.0173709 -0.127803 0.04
-1.24562 -1.65242 0.1 0.1 -27.2206 5.62556 0 0 -0.725267 -0.332252 0.05
-1.52295 -1.58978 0.1 0.1 -28.2433 6.90118 0 0 -0.650546 0.668317 0.01
-2.42989 -1.34025 0.1 0.1 -32.1994 9.72033 0 0 -0.811377 0.510406 0.03
-3.18405 -0.139047 0.1 0.1 5.91892 20.169 0 0 0.62546 0.728627 0.08
-2.34789 1.95068 0.1 0.1 12.5689 26.1791 0 0 0.41559 0.450234 0.09
-1.83228 3.22124 0.1 0.1 8.08919 6.36449 0 0 -0.397135 0.645491 0.05
-0.581275 2.52066 0.1 0.1 16.7858 -12.9532 0 0 0.497575 -0.594625 0.1
0.118315 2.06827 0.1 0.1 3.35963 -0.121284 0 0 -0.909328 0.884461 0.07
0.212326 2.06692 0.1 0.1 0.425241 0.0659027 0 0 -0.284175 0.0185712 0.05
0.214604 2.06659 0.1 0.1 0.0311339 -0.132325 0 0 -0.196014 -0.0993115 0.01
0.214969 2.06574 0.1 0.1 0.0418642 -0.0367463 0 0 0.00555348 0.0473758 0.01
0.21514 2.06525 0.1 0.1 -0.00770324 -0.0629471 0 0 -0.0247112 -0.0133537 0.01
0.215452 2.06324 0.1 0.1 0.0199797 -0.0178407 0 0 0.00280119 0.00431059 0.05
