1.04744 -2.67236 0.1 0.1 -0.0143848 0.00368976 0 0 0 0 0
1.16902 -2.77094 0.1 0.1 4.83713 -3.91445 0 0 0.497455 -0.401756 0.05
1.50209 -3.02381 0.1 0.1 1.87362 0.728217 0 0 -0.131573 -0.412444 0.1
1.83837 -2.81277 0.1 0.1 11.4973 7.65575 0 0 0.996233 0.713923 0.05
1.96251 -2.74333 0.1 0.1 13.3288 6.23453 0 0 0.978176 -0.676103 0.01
2.61154 -2.24291 0.1 0.1 12.6373 13.7203 0 0 -0.00403034 0.798647 0.05
3.25007 -1.05963 0.1 0.1 -2.08379 20.015 0 0 0.472741 0.533862 0.07
2.74116 0.591193 0.1 0.1 -12.3359 27.0691 0 0 -0.769149 0.621611 0.07
1.45381 2.43156 0.1 0.1 -24.3088 25.5291 0 0 -0.94752 0.0216104 0.07
0.263469 3.17652 0.1 0.1 -15.4569 -4.22716 0 0 0.638864 0.99209 0.06
-0.495528 3.00886 0.1 0.1 -1.61732 -0.27132 0 0 0.726875 0.604546 0.09
-0.509841 3.00578 0.1 0.1 -1.24587 -0.343337 0 0 0.178615 -0.0375598 0.01
-0.522501 3.00328 0.1 0.1 -1.28608 -0.175132 0 0 -0.0264422 0.277423 0.01
-0.530566 2.99703 0.1 0.1 -0.328491 -1.07415 0 0 0.4749 -0.452734 0.01
-0.527819 2.99432 0.1 0.1 0.412645 0.963463 0 0 0.0619983 0.169602 0.06
-0.538476 3.00638 0.1 0.1 -0.828544 -0.145874 0 0 -0.125211 0.220658 0.05
-0.535818 3.00342 0.1 0.1 0.920286 -0.0159895 0 0 0.175192 0.767541 0.05
-0.529488 3.00315 0.1 0.1 -0.283252 -0.0104973 0 0 -0.299377 0.712786 0.02
-0.545986 3.00046 0.1 0.1 -0.189238 -0.014986 0 0 0.00553848 0.0145078 0.07
-0.54904 3.00084 0.1 0.1 0.0649676 0.00299809 0 0 0.0251214 0.202814 0.05
-0.351134 2.30198 0.1 0.1 3.83069 -13.7512 0 0 0.198237 -0.722773 0.1
-0.198837 1.85104 0.1 0.1 2.27395 -4.36469 0 0 -0.140478 0.893715 0.05
-0.0938124 1.70489 0.1 0.1 2.9726 -2.9523 0 0 0.100539 0.158329 0.04
-0.0566845 1.67941 0.1 0.1 0.747609 0.393758 0 0 -0.547189 0.830212 0.02
-0.0409444 1.68549 0.1 0.1 0.826146 0.214273 0 0 0.0235744 -0.0433568 0.02
-0.0360012 1.69052 0.1 0.1 0.163595 0.79195 0 0 -0.328971 0.291358 0.01
-0.0312538 1.6941 0.1 0.1 0.784844 -0.0758038 0 0 0.313129 -0.432119 0.01
-0.0282877 1.69557 0.1 0.1 -0.190001 0.369738 0 0 -0.486213 0.223475 0.01
-0.031301 1.69758 0.1 0.1 -0.412281 0.0333837 0 0 -0.112741 -0.167216 0.01
-0.0319502 1.6978 0.1 0.1 0.281273 0.0100071 0 0 0.346668 -0.0115315 0.01
-0.0307423 1.69795 0.1 0.1 -0.0391453 0.0202128 0 0 -0.159705 0.00515608 0.01
-0.0318679 1.69887 0.1 0.1 -0.00615475 0.0164492 0 0 0.00318851 -0.000284372 0.05
