2.10244 -1.9887 0.1 0.1 0.0560291 -0.0699624 0 0 0 0 0
1.99229 -2.03441 0.1 0.1 -5.52624 -2.20127 0 0 -0.711911 -0.27224 0.04
2.272 -2.22669 0.1 0.1 10.8481 -1.65301 0 0 0.833068 0.0178232 0.1
2.59391 -2.33891 0.1 0.1 10.6141 -5.80766 0 0 0.014557 -0.711363 0.03
3.17725 -2.13726 0.1 0.1 -1.14514 9.58395 0 0 -0.0168485 0.779746 0.1
2.78758 -0.796001 0.1 0.1 -8.49872 23.759 0 0 -0.483995 0.969814 0.08
2.69701 -0.552264 0.1 0.1 -9.61473 24.9864 0 0 -0.603548 0.735432 0.01
1.07322 1.39533 0.1 0.1 -22.6471 14.1436 0 0 -0.733461 -0.444885 0.1
-0.443819 2.35253 0.1 0.1 -7.93646 5.15233 0 0 0.660247 -0.401455 0.1
-0.783179 2.59399 0.1 0.1 1.00058 -0.233106 0 0 0.430044 -0.257234 0.1
-0.736436 2.55215 0.1 0.1 3.66482 -3.93921 0 0 0.677968 -0.937153 0.02
-0.619323 2.40448 0.1 0.1 -0.272779 -0.321877 0 0 -0.272985 0.24788 0.07
-0.619607 2.40126 0.1 0.1 0.215099 -0.322826 0 0 0.243884 -0.0020835 0.01
-0.618671 2.39785 0.1 0.1 -0.0273983 -0.359426 0 0 -0.120824 -0.0200107 0.01
-0.62022 2.39612 0.1 0.1 -0.282021 0.0137557 0 0 -0.12813 0.185759 0.01
-0.622055 2.3953 0.1 0.1 -0.0853063 -0.177317 0 0 0.097474 -0.0959614 0.01
-0.360825 2.12077 0.1 0.1 6.52775 -6.6006 0 0 0.429806 -0.41866 0.08
0.0464188 1.82996 0.1 0.1 9.73517 -5.04493 0 0 0.361705 0.12661 0.05
0.562656 1.57129 0.1 0.1 0.739765 -0.208683 0 0 -0.424183 0.228888 0.1
0.573408 1.58067 0.1 0.1 -0.195912 0.67185 0 0 -0.115676 0.111238 0.04
0.570943 1.58395 0.1 0.1 -0.296892 -0.0145721 0 0 -0.0518153 -0.341639 0.01
0.56993 1.58432 0.1 0.1 0.0935822 0.0895569 0 0 0.194872 0.0522946 0.01
0.570216 1.58468 0.1 0.1 -0.0361168 -0.018546 0 0 -0.0647595 -0.0538947 0.01
0.570244 1.58461 0.1 0.1 0.0414443 0.00565037 0 0 0.0388225 0.0120747 0.01
