-1.54806 1.0823 0.1 0.1 -0.0606722 -0.0732332 0 0 0 0 0
-1.9417 0.666295 0.1 0.1 -9.65172 -10.1922 0 0 -0.624878 -0.658696 0.08
-2.17719 0.194662 0.1 0.1 0.149858 -8.68567 0 0 0.957631 0.103891 0.05
-1.98799 -0.449209 0.1 0.1 7.35809 -16.9998 0 0 0.740227 -0.895673 0.05
-1.57349 -1.76279 0.1 0.1 6.46621 -26.6892 0 0 -0.0398872 -0.917116 0.06
-1.50467 -2.03711 0.1 0.1 7.29733 -28.1728 0 0 0.45051 -0.879094 0.01
-1.36385 -2.92704 0.1 0.1 2.11597 -31.141 0 0 -0.84003 -0.643122 0.03
-1.56989 -3.09513 0.1 0.1 -8.87495 3.03137 0 0 -0.933425 -0.560125 0.06
-2.06503 -2.93377 0.1 0.1 -15.8353 5.02357 0 0 -0.932176 0.269254 0.04
-3.21493 -1.57149 0.1 0.1 -0.322243 21.939 0 0 0.260976 0.914011 0.1
-2.69939 0.801352 0.1 0.1 11.4085 30.6596 0 0 0.669771 0.616604 0.09
-2.43439 1.39468 0.1 0.1 15.0794 28.68 0 0 0.983055 -0.346246 0.02
-1.71465 2.61829 0.1 0.1 20.8691 32.4752 0 0 0.812212 0.627797 0.04
-1.50048 2.94278 0.1 0.1 21.9616 32.423 0 0 0.652552 0.13631 0.01
-0.202352 2.69379 0.1 0.1 7.10928 -13.9487 0 0 -0.753112 -0.926835 0.09
-0.206311 2.02266 0.1 0.1 -6.95393 0.289164 0 0 -0.703647 0.678446 0.1
-0.324644 1.96512 0.1 0.1 -0.964898 -4.10329 0 0 0.978872 -0.741693 0.03
-0.336392 1.92065 0.1 0.1 -0.212354 -0.356041 0 0 0.185377 0.925875 0.02
-0.340411 1.91995 0.1 0.1 -0.0563892 0.306219 0 0 0.0253489 0.110282 0.03
-0.345003 1.92794 0.1 0.1 -0.172458 0.0946751 0 0 -0.0150929 -0.0254503 0.04
-0.346021 1.92927 0.1 0.1 -0.0312709 0.170659 0 0 0.0701259 0.038669 0.01
-0.34718 1.93045 0.1 0.1 -0.0845143 -0.0523031 0 0 -0.0136132 -0.0554574 0.02
-0.347445 1.93016 0.1 0.1 0.0314512 -0.00574292 0 0 0.0578835 0.0231448 0.01
-0.347256 1.93015 0.1 0.1 0.00629137 0.00335438 0 0 -0.0124919 0.0045423 0.01
