-1.59095 1.83275 0.1 0.1 -0.0787911 -0.0901266 0 0 0 0 0
-1.46801 1.66865 0.1 0.1 4.9542 -6.42091 0 0 0.515818 -0.649523 0.05
-1.41465 1.57946 0.1 0.1 -2.7555 2.77654 0 0 -0.765993 0.91086 0.05
-1.74472 2.37403 0.1 0.1 -3.82755 12.9455 0 0 -0.0700969 0.548268 0.1
-2.56635 2.76322 0.1 0.1 -14.2745 -4.04238 0 0 -0.626178 -0.922259 0.09
-3.19373 1.65451 0.1 0.1 1.60985 -20.3504 0 0 -0.865958 -0.967676 0.09
-3.16022 1.05535 0.1 0.1 0.680116 -19.5975 0 0 -0.577293 0.0256269 0.03
-2.94791 0.287665 0.1 0.1 7.75242 -11.18 0 0 0.729377 0.765373 0.05
-2.53462 -0.207105 0.1 0.1 12.8781 -13.5427 0 0 0.692968 -0.356973 0.04
-2.05086 -0.854845 0.1 0.1 11.3199 -18.8092 0 0 -0.134802 -0.739541 0.04
-1.7939 -1.26077 0.1 0.1 14.3668 -21.7737 0 0 0.826318 -0.842676 0.02
-0.642491 -3.08421 0.1 0.1 18.4824 -24.653 0 0 0.37616 -0.734288 0.07
1.90445 -2.44571 0.1 0.1 32.2235 17.3158 0 0 0.814681 0.979812 0.1
2.21997 -2.27734 0.1 0.1 30.8836 16.3595 0 0 -0.511452 -0.394851 0.01
2.84868 -1.91397 0.1 0.1 31.9832 19.966 0 0 0.433671 0.991705 0.02
3.15965 -1.7088 0.1 0.1 25.3742 21.0664 0 0 -0.728429 0.651411 0.01
2.67461 0.980424 0.1 0.1 -14.9764 32.5233 0 0 -0.881576 0.706923 0.1
2.10036 2.38684 0.1 0.1 -13.7438 37.7628 0 0 0.0822647 0.831079 0.04
1.96108 2.76541 0.1 0.1 -14.1105 37.95 0 0 -0.253228 0.283014 0.01
0.701653 2.95835 0.1 0.1 -17.3314 -10.1383 0 0 -0.279953 -0.596337 0.08
-0.148597 2.48825 0.1 0.1 0.0362247 0.558319 0 0 0.826066 0.511444 0.1
-0.147819 2.49033 0.1 0.1 0.119326 -0.14152 0 0 0.041954 -0.348941 0.01
-0.146473 2.48946 0.1 0.1 0.149756 -0.0323844 0 0 0.0158928 0.054143 0.01
-0.14635 2.48944 0.1 0.1 -0.124725 0.0276368 0 0 -0.137225 0.0300043 0.01
-0.147161 2.49005 0.1 0.1 -0.0375527 0.0956916 0 0 0.0431952 0.0343419 0.01
-0.147503 2.49513 0.1 0.1 0.027037 0.0499012 0 0 0.00459069 -0.00290867 0.07
-0.14751 2.49561 0.1 0.1 -0.0272506 -0.0173654 0 0 -0.00905215 -0.0111325 0.03
