0.199865 -0.685633 0.1 0.1 -0.0530855 -0.0922994 0 0 0 0 0
0.163446 -0.810522 0.1 0.1 -1.14997 -4.03129 0 0 -0.0946379 -0.338745 0.06
0.371466 -1.11358 0.1 0.1 6.25216 -3.55143 0 0 0.476069 0.011182 0.08
0.492809 -1.31977 0.1 0.1 -0.142633 -6.73687 0 0 -0.784951 -0.424235 0.04
0.359345 -1.95699 0.1 0.1 -4.26596 -14.4269 0 0 -0.354888 -0.694112 0.06
-0.138033 -2.85286 0.1 0.1 -12.2337 -15.4257 0 0 -0.705357 -0.157959 0.06
-1.63765 -3.01815 0.1 0.1 -20.9605 0.8284 0 0 -0.568277 -0.132068 0.09
-3.10159 -2.83211 0.1 0.1 -27.7691 5.32828 0 0 -0.68957 0.39045 0.06
-2.80225 -1.59116 0.1 0.1 11.9333 19.2577 0 0 0.670533 0.758555 0.1
-2.48739 -0.989085 0.1 0.1 9.07183 20.8726 0 0 -0.423896 0.369322 0.03
-1.34012 1.0722 0.1 0.1 19.4792 30.5295 0 0 0.722873 0.732768 0.08
-0.7092 2.00379 0.1 0.1 22.5675 31.5715 0 0 0.617868 0.329517 0.03
0.820884 3.20576 0.1 0.1 28.3715 -1.71992 0 0 0.610606 -0.950309 0.06
2.08009 2.97686 0.1 0.1 34.5474 -9.31275 0 0 0.929645 -0.928843 0.04
3.24255 1.76596 0.1 0.1 -3.32726 -17.4721 0 0 0.784529 -0.520439 0.09
3.21346 1.58378 0.1 0.1 -2.50304 -18.9614 0 0 0.973157 -0.835809 0.01
3.14554 -0.640175 0.1 0.1 -0.0771947 -30.2898 0 0 0.943696 -0.75298 0.09
3.14395 -1.26805 0.1 0.1 -0.0709512 -32.4907 0 0 0.419436 -0.707295 0.02
3.01951 -2.6009 0.1 0.1 -6.11093 -34.141 0 0 -0.769749 -0.373017 0.04
1.9961 -2.78279 0.1 0.1 -14.2216 10.9465 0 0 -0.456846 0.674377 0.1
1.06884 -1.83665 0.1 0.1 -16.6625 20.4964 0 0 -0.280923 0.874626 0.06
0.532184 -0.894833 0.1 0.1 -10.2144 26.5536 0 0 0.739622 0.874988 0.04
0.214524 0.614554 0.1 0.1 -2.55471 33.7616 0 0 0.735283 0.872121 0.05
0.0740937 1.66521 0.1 0.1 -6.78605 36.2693 0 0 -0.72997 0.592972 0.03
-0.075665 2.41141 0.1 0.1 -8.18536 38.3442 0 0 -0.388195 0.705388 0.02
-0.37369 3.34089 0.1 0.1 -11.667 6.76541 0 0 -0.630059 0.00964091 0.03
-0.992262 2.61408 0.1 0.1 -0.883387 -10.7086 0 0 0.508409 -0.313759 0.1
-0.935518 2.15187 0.1 0.1 3.11954 -7.80416 0 0 0.406073 0.244286 0.05
-0.180354 1.66014 0.1 0.1 13.5055 -3.19293 0 0 0.619353 0.229052 0.09
0.311425 1.53547 0.1 0.1 -1.01719 0.0336183 0 0 -0.877488 0.193807 0.08
0.273714 1.53901 0.1 0.1 -0.869356 0.142704 0 0 0.0137804 0.014085 0.04
0.269974 1.53984 0.1 0.1 0.490765 -0.0591672 0 0 0.339323 -0.0502081 0.02
0.27363 1.54225 0.1 0.1 -0.123055 0.298804 0 0 -0.152632 0.0900829 0.02
0.275253 1.54574 0.1 0.1 0.283969 0.0512975 0 0 0.102221 -0.0609959 0.02
0.276667 1.54488 0.1 0.1 -0.00073024 -0.223472 0 0 -0.141766 -0.137865 0.01
0.276062 1.54369 0.1 0.1 -0.120004 -0.0147313 0 0 -0.0599619 0.103783 0.01
0.275509 1.54356 0.1 0.1 0.00923256 -0.0105795 0 0 0.0643871 0.00202456 0.01
