1.24003 1.51518 0.1 0.1 0.0867162 0.0202801 0 0 0 0 0
1.11002 1.63123 0.1 0.1 -6.54335 5.74379 0 0 -0.84544 0.729938 0.04
0.60858 1.67127 0.1 0.1 -13.4565 -4.06049 0 0 -0.742039 -0.976581 0.05
-0.885226 1.17752 0.1 0.1 -23.7502 -8.2287 0 0 -0.737541 -0.291163 0.08
-2.25946 0.778376 0.1 0.1 -31.1573 -7.74126 0 0 -0.879249 0.00929657 0.05
-2.57725 0.705803 0.1 0.1 -32.4004 -6.7751 0 0 -0.781302 0.447412 0.01
-2.90688 0.634635 0.1 0.1 -33.5235 -7.45728 0 0 -0.727423 -0.376189 0.01
-2.7408 -0.895216 0.1 0.1 15.9807 -22.8734 0 0 0.99974 -0.846476 0.1
-2.39928 -1.34893 0.1 0.1 18.1638 -22.4992 0 0 0.631396 -0.0200059 0.02
-0.242644 -3.14069 0.1 0.1 29.5908 -4.33147 0 0 0.754554 0.0533517 0.09
1.3098 -3.01853 0.1 0.1 32.4827 5.09328 0 0 0.44447 0.428684 0.05
3.3672 -2.93419 0.1 0.1 14.1839 -2.20975 0 0 0.779374 -0.601868 0.06
2.71577 -2.58022 0.1 0.1 -12.7066 9.10166 0 0 -0.552582 0.583393 0.1
1.28009 -1.29666 0.1 0.1 -23.0459 22.8065 0 0 -0.736503 0.936549 0.08
0.255082 -0.308152 0.1 0.1 -28.1708 26.5934 0 0 -0.76971 0.59632 0.04
-0.0277339 -0.0337483 0.1 0.1 -28.3921 28.2845 0 0 -0.25199 0.982718 0.01
-2.42151 2.2393 0.1 0.1 -39.8725 36.5584 0 0 -0.990601 0.754199 0.07
-2.82436 2.61063 0.1 0.1 -40.6975 37.707 0 0 -0.612946 0.761225 0.01
-2.74996 2.766 0.1 0.1 16.3767 -12.0495 0 0 0.999346 -0.666727 0.1
-1.67766 2.15717 0.1 0.1 19.3365 -8.28291 0 0 0.336277 0.26343 0.06
-0.363531 1.6863 0.1 0.1 10.007 -2.2701 0 0 -0.445419 0.308112 0.09
-0.0524578 1.59574 0.1 0.1 0.457721 -0.763401 0 0 -0.770332 0.117945 0.06
-0.0534011 1.59092 0.1 0.1 -0.644548 -0.202848 0 0 -0.55193 0.277819 0.01
-0.0564229 1.58592 0.1 0.1 0.0390491 -0.795332 0 0 0.340468 -0.298733 0.01
-0.0532394 1.57179 0.1 0.1 0.119587 0.082778 0 0 0.0104907 0.108018 0.04
-0.0528325 1.57263 0.1 0.1 -0.0379347 0.0863464 0 0 -0.0786106 0.00219373 0.01
-0.053292 1.57338 0.1 0.1 -0.0539504 0.0621974 0 0 -0.00824514 -0.0117067 0.01
-0.0544544 1.57425 0.1 0.1 -0.0622556 0.0249643 0 0 -0.00236991 -0.00909267 0.02
-0.0548898 1.57441 0.1 0.1 -0.0249016 0.00820293 0 0 0.0184706 -0.00829604 0.01
