2.60974 0.321886 0.1 0.1 -0.0143539 -0.00387552 0 0 0 0 0
1.86989 -0.398217 0.1 0.1 -14.5414 -14.1622 0 0 -0.7644 -0.744331 0.1
1.15779 -1.10859 0.1 0.1 -21.0221 -21.3087 0 0 -0.899492 -0.982777 0.04
0.462018 -1.79731 0.1 0.1 -25.3423 -24.5892 0 0 -0.834927 -0.662352 0.03
0.205499 -2.0487 0.1 0.1 -25.9604 -25.6865 0 0 -0.435584 -0.675156 0.01
-0.636935 -2.88593 0.1 0.1 -30.1798 -30.1073 0 0 -0.842353 -0.876985 0.03
-2.69521 -3.05296 0.1 0.1 -38.348 5.26577 0 0 -0.852455 0.512605 0.06
-2.8364 -1.76567 0.1 0.1 14.2538 20.2294 0 0 0.932395 0.812525 0.1
-2.33821 -1.18821 0.1 0.1 18.9359 18.2778 0 0 0.864978 -0.229223 0.03
-1.73085 -0.395431 0.1 0.1 11.4825 21.3405 0 0 -0.855787 0.481515 0.04
-0.682959 0.855309 0.1 0.1 18.3794 14.4743 0 0 0.567628 -0.400925 0.07
0.163246 1.57257 0.1 0.1 -1.13404 0.110644 0 0 -0.934522 -0.682561 0.1
0.158914 1.56984 0.1 0.1 0.265287 -0.653688 0 0 0.69791 -0.383472 0.01
0.158445 1.56132 0.1 0.1 -0.310286 -0.199783 0 0 -0.144089 0.111341 0.02
0.155681 1.56394 0.1 0.1 0.032809 0.459613 0 0 0.0851705 0.165547 0.02
0.157956 1.56624 0.1 0.1 0.421412 0.000163371 0 0 0.195532 -0.228583 0.01
0.159468 1.56556 0.1 0.1 -0.118124 -0.135818 0 0 -0.269209 -0.068389 0.01
0.158359 1.56532 0.1 0.1 -0.103605 0.0868141 0 0 0.00672961 0.111215 0.01
0.157394 1.56581 0.1 0.1 -0.0894422 0.0114189 0 0 0.0065972 -0.0374576 0.01
0.157028 1.56588 0.1 0.1 0.0160506 0.00391576 0 0 0.0525988 -0.00370473 0.01
