2.99401 -1.07173 0.1 0.1 -0.0403304 0.0314865 0 0 0 0 0
2.87056 -1.0703 0.1 0.1 -6.09206 0.039963 0 0 -0.772572 0.00101617 0.04
1.82349 -1.34748 0.1 0.1 -17.0136 -6.10668 0 0 -0.665431 -0.357244 0.09
0.516551 -2.62502 0.1 0.1 -12.1046 -22.0446 0 0 0.200744 -0.956749 0.09
-1.38768 -2.83336 0.1 0.1 -25.7518 9.06832 0 0 -0.777766 0.687491 0.1
-2.1315 -2.50706 0.1 0.1 -23.8451 12.6665 0 0 0.193682 0.653887 0.03
-3.27926 -0.912918 0.1 0.1 2.83446 26.9928 0 0 0.373607 0.995192 0.08
-3.16199 0.969227 0.1 0.1 0.732013 35.6588 0 0 -0.844976 0.879074 0.06
-2.34726 3.16061 0.1 0.1 17.1222 -1.96394 0 0 0.955441 -0.425657 0.09
-2.00875 3.09177 0.1 0.1 16.7296 -4.78488 0 0 -0.013501 -0.690997 0.02
-1.38011 3.00478 0.1 0.1 -3.8147 -0.0698835 0 0 -0.996049 0.595274 0.1
-1.43057 2.98903 0.1 0.1 1.25824 -0.713277 0 0 0.627972 -0.0824338 0.04
-1.32318 2.97088 0.1 0.1 0.895507 0.332771 0 0 -0.0127742 0.0514047 0.1
-0.275884 2.08933 0.1 0.1 19.7352 -17.6652 0 0 0.994742 -0.944056 0.1
0.128723 1.73338 0.1 0.1 20.7221 -17.9289 0 0 0.348417 -0.154479 0.02
1.92801 0.103826 0.1 0.1 30.5716 -28.5062 0 0 0.832972 -0.871347 0.07
3.3312 -1.89685 0.1 0.1 0.924066 -38.0846 0 0 -0.26915 -0.96593 0.06
3.31951 -2.28197 0.1 0.1 -2.58102 -38.9376 0 0 0.414418 -0.619255 0.01
2.84502 -3.11211 0.1 0.1 -10.7508 6.28385 0 0 -0.608292 0.630876 0.07
2.43944 -2.84902 0.1 0.1 -16.2608 11.2308 0 0 -0.986222 0.868483 0.03
1.43142 -1.71436 0.1 0.1 -9.0366 17.0577 0 0 0.388605 0.435068 0.08
0.443546 -0.451409 0.1 0.1 -15.5723 14.5498 0 0 -0.470736 -0.0780801 0.08
-0.166112 0.645552 0.1 0.1 -2.00444 16.7659 0 0 0.926668 0.237031 0.07
-0.159311 1.39797 0.1 0.1 2.11895 2.23833 0 0 0.258032 -0.861037 0.08
-0.119774 1.4331 0.1 0.1 0.524787 0.11408 0 0 -0.259382 -0.3483 0.03
-0.116288 1.43343 0.1 0.1 0.17299 -0.0469445 0 0 -0.174303 -0.0803948 0.01
-0.115462 1.43282 0.1 0.1 -0.00742312 -0.0765691 0 0 -0.0898634 -0.0151421 0.01
-0.115359 1.43233 0.1 0.1 0.0279903 -0.0206146 0 0 0.0177771 0.027743 0.01
