-3.01675 -0.659573 0.1 0.1 -0.0790274 0.0456916 0 0 0 0 0
-3.0583 -0.685568 0.1 0.1 -1.29384 -0.9027 0 0 -0.104827 -0.0812478 0.06
-2.79287 -0.901858 0.1 0.1 10.0286 -6.2532 0 0 0.966432 -0.463689 0.06
-2.30267 -1.07018 0.1 0.1 14.4521 -2.18983 0 0 0.614787 0.48699 0.04
-1.63166 -1.26601 0.1 0.1 19.0681 -7.56573 0 0 0.661062 -0.696714 0.04
0.133206 -1.5727 0.1 0.1 31.2149 -1.26853 0 0 0.994209 0.427439 0.07
1.45964 -1.53397 0.1 0.1 35.0806 3.17599 0 0 0.649531 0.559383 0.04
1.8124 -1.49889 0.1 0.1 35.4714 3.83937 0 0 0.372244 0.347965 0.01
2.87866 -1.32326 0.1 0.1 35.6112 7.84892 0 0 0.201643 0.696285 0.03
3.29179 -0.515886 0.1 0.1 -4.63009 18.9456 0 0 0.558654 0.990997 0.06
2.91445 0.646348 0.1 0.1 -10.4149 27.4725 0 0 -0.616526 0.968851 0.05
2.549 1.53412 0.1 0.1 -13.9307 31.691 0 0 -0.647354 0.851144 0.03
2.24582 2.18066 0.1 0.1 -16.3794 32.9586 0 0 -0.68833 0.478759 0.02
2.07594 2.51501 0.1 0.1 -17.5945 33.9108 0 0 -0.692727 0.643553 0.01
1.46156 3.16217 0.1 0.1 -13.1543 -1.64267 0 0 0.478583 -0.532014 0.04
0.431116 3.01433 0.1 0.1 -12.614 -0.496305 0 0 -0.030632 0.510712 0.08
0.0722751 2.87645 0.1 0.1 -5.3763 -6.35831 0 0 0.860097 -0.750135 0.04
0.0700666 2.34464 0.1 0.1 5.16874 -5.47323 0 0 0.585879 0.0196315 0.09
0.26766 2.14349 0.1 0.1 4.71398 -4.59021 0 0 -0.032144 0.0852716 0.04
0.357094 1.69905 0.1 0.1 -2.38306 -6.49505 0 0 -0.438243 -0.146887 0.08
0.278098 1.27803 0.1 0.1 -0.271317 -7.52863 0 0 0.169432 -0.121196 0.06
0.291549 1.14417 0.1 0.1 1.16082 -1.42616 0 0 0.241368 0.995004 0.03
0.314002 1.08856 0.1 0.1 -0.63494 0.16642 0 0 -0.0985804 0.0853757 0.09
0.309516 1.08821 0.1 0.1 -0.262869 -0.235468 0 0 0.183902 -0.201102 0.01
0.309979 1.08435 0.1 0.1 0.290996 -0.0226783 0 0 0.0924797 0.0348538 0.03
0.311938 1.08406 0.1 0.1 0.10109 -0.0357531 0 0 -0.0940593 -0.0067108 0.01
0.424657 1.43679 0.1 0.1 2.37025 7.75726 0 0 0.132507 0.45265 0.09
0.472643 1.59133 0.1 0.1 0.0443239 0.0216046 0 0 -0.285154 -0.947856 0.04
0.473501 1.59162 0.1 0.1 0.0414863 0.00683814 0 0 -0.000496003 -0.00362139 0.02
0.473957 1.59168 0.1 0.1 0.00429138 -0.000349802 0 0 -0.00919115 -0.0017827 0.02
