2.53147 1.60059 0.1 0.1 0.00448509 -0.0449161 0 0 0 0 0
2.18554 1.47687 0.1 0.1 -7.57804 -2.66535 0 0 -0.440803 -0.152531 0.09
1.73381 1.44494 0.1 0.1 -14.9594 1.04393 0 0 -0.979738 0.459709 0.04
1.26813 1.4632 0.1 0.1 -16.0804 0.177713 0 0 -0.264596 -0.141126 0.03
-0.239744 2.08913 0.1 0.1 -14.11 12.1418 0 0 0.0234205 0.629863 0.1
-1.27123 2.90454 0.1 0.1 -20.2117 15.0099 0 0 -0.594428 0.307182 0.06
-2.58567 3.071 0.1 0.1 -23.5692 -2.15533 0 0 -0.389323 0.511083 0.06
-3.12473 2.14057 0.1 0.1 7.41723 -18.2792 0 0 0.724215 -0.947638 0.09
-2.95465 1.75594 0.1 0.1 9.58348 -20.1781 0 0 0.584277 -0.570843 0.02
-2.85847 1.55498 0.1 0.1 9.65303 -20.0125 0 0 0.0828846 -0.0175351 0.01
-1.97571 -0.106245 0.1 0.1 15.5001 -27.3654 0 0 0.480953 -0.643735 0.07
-1.32388 -1.62378 0.1 0.1 10.6126 -33.2866 0 0 -0.424066 -0.744243 0.05
-0.62938 -3.22819 0.1 0.1 17.1152 -8.83658 0 0 0.720005 -0.730659 0.05
0.708782 -2.91158 0.1 0.1 27.3869 11.6161 0 0 0.967652 0.950992 0.06
0.975368 -2.79912 0.1 0.1 25.9327 10.8767 0 0 -0.593768 -0.313725 0.01
2.35394 -2.06813 0.1 0.1 29.1808 18.3021 0 0 0.463514 0.815254 0.05
2.96315 -1.69415 0.1 0.1 31.7317 19.0934 0 0 0.791942 0.290444 0.02
3.0825 0.585201 0.1 0.1 -6.88386 31.3679 0 0 -0.197238 0.808023 0.09
2.6398 2.25679 0.1 0.1 -10.7915 35.4613 0 0 -0.435744 0.576571 0.05
2.24784 3.27769 0.1 0.1 -15.318 13.5246 0 0 -0.81995 0.978856 0.03
0.61873 2.42534 0.1 0.1 -17.2299 -16.4792 0 0 -0.177137 -0.753668 0.1
-0.19036 1.5219 0.1 0.1 -3.18718 -6.24318 0 0 0.827277 0.583597 0.08
-0.212357 1.46373 0.1 0.1 -1.21559 -5.39127 0 0 0.975517 0.397138 0.01
-0.0971607 1.28134 0.1 0.1 3.70164 1.23862 0 0 0.27987 0.358324 0.09
-0.0604603 1.2871 0.1 0.1 -0.0192271 -0.655862 0 0 -0.921905 -0.472474 0.02
-0.0582938 1.2828 0.1 0.1 0.451741 -0.205936 0 0 0.23681 0.222905 0.01
-0.0540879 1.28066 0.1 0.1 0.38954 -0.220241 0 0 -0.029024 -0.00822645 0.01
-0.0521694 1.28215 0.1 0.1 -0.00517089 0.516145 0 0 -0.196469 0.368953 0.01
-0.0494172 1.28818 0.1 0.1 0.141801 -0.209621 0 0 0.018709 -0.089978 0.04
-0.0470989 1.28707 0.1 0.1 0.0902026 0.0973338 0 0 -0.0123124 0.0764709 0.02
-0.0462557 1.28724 0.1 0.1 0.0784442 -0.0634549 0 0 -0.00548117 -0.0803256 0.01
-0.0460877 1.28644 0.1 0.1 -0.0446404 -0.0958596 0 0 -0.0615117 -0.016618 0.01
-0.046207 1.28641 0.1 0.1 0.0206703 0.0899453 0 0 0.0326438 0.0929122 0.01
-0.0468013 1.28942 0.1 0.1 -0.0347886 -0.0134987 0 0 -0.00350763 -0.00627951 0.08
