0.0224052 -0.888787 0.1 0.1 0.0150652 -0.0751612 0 0 0 0 0
0.109819 -0.80606 0.1 0.1 5.78358 5.56217 0 0 0.97724 0.9538 0.03
0.114226 -0.16476 0.1 0.1 -5.51586 8.64278 0 0 -0.628073 0.206571 0.09
-0.597925 0.117682 0.1 0.1 -14.7241 -0.466904 0 0 -0.709586 -0.630879 0.07
-0.87731 0.0812918 0.1 0.1 -13.2194 -3.1631 0 0 0.306464 -0.683094 0.02
-1.5317 -0.0921649 0.1 0.1 -19.4586 -5.49415 0 0 -0.862682 -0.313421 0.04
-1.91757 -0.195857 0.1 0.1 -19.1299 -4.8771 0 0 -0.0140928 0.128339 0.02
-2.53944 -0.387288 0.1 0.1 -22.3119 -7.86987 0 0 -0.634654 -0.531125 0.03
-3.24062 -0.687052 0.1 0.1 -19.824 -12.0947 0 0 -0.469152 -0.754382 0.03
-2.72515 -2.31133 0.1 0.1 13.062 -20.2483 0 0 0.688371 -0.488579 0.1
-2.07199 -2.99025 0.1 0.1 19.5529 -13.7412 0 0 0.893119 0.728539 0.04
-0.144099 -2.80309 0.1 0.1 28.5239 9.8903 0 0 0.681299 0.83423 0.08
1.38719 -2.34828 0.1 0.1 32.6926 8.31586 0 0 0.570512 -0.112556 0.05
1.71477 -2.26217 0.1 0.1 32.8216 8.90669 0 0 0.228803 0.337651 0.01
3.09472 -1.88227 0.1 0.1 36.1532 10.0809 0 0 0.589871 0.193177 0.04
2.72333 -0.104129 0.1 0.1 -14.8781 25.2256 0 0 -0.817131 0.845718 0.1
1.77563 1.71599 0.1 0.1 -16.6933 35.343 0 0 -0.230124 0.995057 0.06
1.40833 2.42639 0.1 0.1 -20.0263 35.6963 0 0 -0.925431 0.266207 0.02
0.992638 3.16855 0.1 0.1 -21.5381 31.1695 0 0 -0.481863 0.889476 0.02
-0.417718 2.39851 0.1 0.1 -6.91022 -19.1409 0 0 0.661076 -0.969509 0.1
-0.887469 1.65331 0.1 0.1 -11.8389 -10.7373 0 0 -0.540501 0.766035 0.05
-1.19423 0.952725 0.1 0.1 5.41406 -3.39676 0 0 0.847977 0.332303 0.1
-1.08668 0.880717 0.1 0.1 -0.000579629 -0.224741 0 0 -0.663901 0.38737 0.04
-0.407293 1.48469 0.1 0.1 14.8779 13.4411 0 0 0.86507 0.793202 0.09
0.210781 1.92902 0.1 0.1 5.81342 1.4896 0 0 -0.704708 -0.959078 0.06
0.305066 1.93927 0.1 0.1 0.498791 -0.794664 0 0 -0.870562 -0.379139 0.03
0.30519 1.933 0.1 0.1 -0.472287 -0.460662 0 0 -0.485717 0.163847 0.01
0.300708 1.93154 0.1 0.1 -0.424363 0.167459 0 0 0.0217634 0.313387 0.01
0.293885 1.93252 0.1 0.1 0.0798788 -0.116533 0 0 0.0622073 -0.0353764 0.04
0.294607 1.9316 0.1 0.1 0.0644263 -0.0660936 0 0 -0.00736721 0.0247668 0.01
0.295637 1.93139 0.1 0.1 0.0387237 0.0439478 0 0 -0.00616874 0.0274601 0.02
0.295823 1.93153 0.1 0.1 -0.0014328 -0.0157048 0 0 -0.0199987 -0.029763 0.01
