-0.983127 -2.1443 0.1 0.1 -0.00240738 0.0672537 0 0 0 0 0
-0.726697 -1.89457 0.1 0.1 7.24393 6.98714 0 0 0.536245 0.512219 0.07
-0.653927 -1.81525 0.1 0.1 7.31 8.87388 0 0 0.0697324 0.983145 0.01
-0.240723 -1.42473 0.1 0.1 13.3098 10.6405 0 0 0.802473 0.269679 0.04
1.79748 -0.129528 0.1 0.1 27.2225 15.1873 0 0 0.798758 0.292083 0.1
2.9612 0.573182 0.1 0.1 30.9398 19.9158 0 0 0.610543 0.679378 0.04
3.03296 2.37376 0.1 0.1 -11.6752 25.0253 0 0 -0.893473 0.431344 0.08
2.80344 2.83485 0.1 0.1 -11.2778 21.0967 0 0 0.0420292 -0.866989 0.02
2.04105 3.12292 0.1 0.1 -19.1521 -3.14216 0 0 -0.863754 0.866128 0.05
0.455236 2.59962 0.1 0.1 -26.075 -11.7102 0 0 -0.608003 -0.649326 0.07
-2.92065 0.700371 0.1 0.1 -41.1811 -26.039 0 0 -0.926245 -0.810541 0.1
-3.33148 0.450899 0.1 0.1 -33.3876 -23.8618 0 0 -0.108848 0.966501 0.01
-2.52198 -2.69934 0.1 0.1 19.7797 -38.8787 0 0 0.974375 -0.907692 0.1
-2.13171 -3.25504 0.1 0.1 19.25 -8.1056 0 0 -0.0352362 0.881551 0.02
-1.32936 -2.91794 0.1 0.1 7.61078 11.5365 0 0 -0.903376 0.881278 0.06
-0.628712 -1.66723 0.1 0.1 12.3489 24.0523 0 0 0.389206 0.983401 0.07
-0.10375 -0.375247 0.1 0.1 5.22394 19.0637 0 0 -0.549894 -0.308369 0.06
0.30638 0.889014 0.1 0.1 6.48097 17.0811 0 0 0.118987 -0.0512858 0.07
0.604929 1.74866 0.1 0.1 -0.398017 0.389807 0 0 -0.329607 -0.791783 0.1
0.605335 1.75121 0.1 0.1 0.477757 0.121071 0 0 0.438337 -0.133057 0.01
0.609307 1.7531 0.1 0.1 0.316788 0.256571 0 0 -0.0785387 0.0686961 0.01
0.610011 1.75335 0.1 0.1 -0.175114 -0.205208 0 0 -0.245778 -0.230836 0.01
0.608844 1.75224 0.1 0.1 -0.0585218 -0.0187425 0 0 0.0577603 0.0926974 0.01
0.608558 1.75181 0.1 0.1 0.00129419 -0.0666472 0 0 0.02978 -0.0241662 0.01
0.608665 1.75138 0.1 0.1 0.0201171 -0.0200099 0 0 0.00947387 0.0231075 0.01
0.608775 1.75131 0.1 0.1 0.00183578 0.00737686 0 0 -0.00908956 0.0136631 0.01
