-0.892155 2.94399 0.1 0.1 0.0380551 -0.0277237 0 0 0 0 0
-0.475574 2.70045 0.1 0.1 9.08357 -5.30526 0 0 0.525823 -0.306785 0.09
0.511446 1.96174 0.1 0.1 15.5057 -13.0598 0 0 0.463326 -0.530784 0.08
1.32549 1.37909 0.1 0.1 17.0429 -10.2696 0 0 0.235533 0.22111 0.05
1.69337 1.21522 0.1 0.1 19.737 -6.13135 0 0 0.766505 0.994293 0.02
3.13077 0.737533 0.1 0.1 28.0923 -9.75579 0 0 0.816896 -0.341176 0.06
3.20382 -0.079113 0.1 0.1 -6.18336 -17.3955 0 0 -0.440327 -0.705751 0.06
2.63792 -1.31165 0.1 0.1 -12.6187 -23.6266 0 0 -0.583577 -0.622307 0.06
2.14163 -2.34511 0.1 0.1 -12.1983 -28.0173 0 0 -0.00820921 -0.67827 0.04
1.86532 -2.93247 0.1 0.1 -15.4221 -30.7102 0 0 -0.874382 -0.820261 0.02
-0.323558 -2.65582 0.1 0.1 -28.1436 12.363 0 0 -0.745815 0.707329 0.1
-2.42773 -1.64342 0.1 0.1 -31.9301 16.5161 0 0 -0.421453 0.368215 0.07
-3.04557 -1.31666 0.1 0.1 -29.8603 16.1612 0 0 0.362551 -0.00800221 0.02
-3.02399 0.517224 0.1 0.1 9.15508 29.512 0 0 0.702561 0.949806 0.08
-2.93194 0.817132 0.1 0.1 9.25493 30.4679 0 0 0.0951885 0.628049 0.01
-2.83158 1.12734 0.1 0.1 10.8147 31.5719 0 0 0.829538 0.707531 0.01
-2.46792 2.10564 0.1 0.1 13.4173 33.6381 0 0 0.492763 0.507707 0.03
-2.03786 3.12763 0.1 0.1 15.2416 28.1659 0 0 0.374774 0.312527 0.03
-1.35047 3.1939 0.1 0.1 19.1031 -7.24197 0 0 0.568927 -0.929954 0.04
-0.354627 2.34055 0.1 0.1 3.26473 -11.6549 0 0 -0.824808 -0.292564 0.09
-0.581268 1.3819 0.1 0.1 -8.76864 -12.3026 0 0 -0.766896 -0.100462 0.08
-0.803856 0.959339 0.1 0.1 2.27887 0.0849709 0 0 0.774029 0.855029 0.07
-0.778712 0.96638 0.1 0.1 0.24233 0.617351 0 0 -0.503286 0.134728 0.02
-0.778005 0.968662 0.1 0.1 -0.100368 -0.159637 0 0 -0.17127 -0.387471 0.01
-0.780565 0.965022 0.1 0.1 -0.0280935 -0.0232849 0 0 0.00872777 0.0165946 0.04
-0.412917 1.26445 0.1 0.1 7.26034 5.91291 0 0 0.383172 0.311952 0.1
-0.265315 1.39193 0.1 0.1 0.166763 0.497099 0 0 -0.869134 -0.661337 0.04
-0.261919 1.39438 0.1 0.1 0.511727 -0.00569328 0 0 0.174257 -0.250176 0.01
-0.260583 1.39455 0.1 0.1 -0.243269 0.0399655 0 0 -0.377112 0.0228395 0.01
-0.261609 1.39544 0.1 0.1 0.0375995 0.137146 0 0 0.140038 0.0490716 0.01
-0.261968 1.39835 0.1 0.1 -0.0512203 -0.0195153 0 0 -0.00892792 -0.0153799 0.05
-0.262206 1.39796 0.1 0.1 0.00357025 -0.0585455 0 0 0.027293 -0.019708 0.01
-0.261991 1.39756 0.1 0.1 0.0393612 -0.0207708 0 0 0.0180205 0.0186963 0.01
