1.77295 0.243465 0.1 0.1 0.0783155 -0.0573522 0 0 0 0 0
1.72839 0.135065 0.1 0.1 -1.54738 -3.52137 0 0 -0.139451 -0.297804 0.06
1.56177 -0.244369 0.1 0.1 -3.19415 -7.27579 0 0 -0.12976 -0.295368 0.07
0.716628 -1.13789 0.1 0.1 -17.7433 -14.9594 0 0 -0.962952 -0.53657 0.08
-1.02377 -2.8417 0.1 0.1 -20.8855 -22.7863 0 0 -0.270443 -0.529908 0.09
-3.23192 -2.80346 0.1 0.1 -22.8929 10.6153 0 0 -0.522345 0.780384 0.09
-3.13389 -1.91339 0.1 0.1 9.57808 18.9695 0 0 0.917281 0.7704 0.06
-2.67686 -1.09503 0.1 0.1 13.2486 21.929 0 0 0.517273 0.472244 0.04
-1.89847 0.640985 0.1 0.1 6.30797 21.4769 0 0 -0.385368 0.0800414 0.08
-1.20853 2.54041 0.1 0.1 13.3267 32.6623 0 0 0.54991 0.934954 0.07
0.402665 3.0157 0.1 0.1 26.7727 -5.08755 0 0 0.941252 -0.349607 0.08
2.0456 2.51103 0.1 0.1 27.9792 -11.67 0 0 0.237647 -0.590413 0.06
2.86141 2.11875 0.1 0.1 26.4158 -14.468 0 0 -0.124283 -0.53122 0.03
2.97939 -0.133826 0.1 0.1 -8.3156 -30.319 0 0 -0.465158 -0.905468 0.1
2.39765 -1.74506 0.1 0.1 -14.9038 -34.0989 0 0 -0.716251 -0.539491 0.05
2.25519 -2.07562 0.1 0.1 -13.5889 -32.0168 0 0 0.588788 0.875803 0.01
1.76618 -3.08683 0.1 0.1 -18.9835 -28.9471 0 0 -0.979728 -0.729391 0.03
-0.123559 -2.80667 0.1 0.1 -28.1386 12.4918 0 0 -0.690595 0.814712 0.08
-2.45889 -1.6645 0.1 0.1 -38.4619 20.0568 0 0 -0.905159 0.621083 0.07
-2.84793 -1.47355 0.1 0.1 -39.3447 18.1375 0 0 -0.637643 -0.866075 0.01
-3.24653 -1.291 0.1 0.1 -33.0376 18.3694 0 0 -0.714523 0.206282 0.01
-2.64122 0.109742 0.1 0.1 16.5277 9.79445 0 0 0.840768 -0.358133 0.1
-2.31805 0.306089 0.1 0.1 15.7924 9.84009 0 0 -0.103311 0.0604876 0.02
-1.98239 0.53963 0.1 0.1 17.7671 13.5018 0 0 0.578227 0.974275 0.02
-0.73712 1.44571 0.1 0.1 10.0203 6.73491 0 0 -0.36203 -0.325615 0.09
-0.0962672 1.6643 0.1 0.1 4.30576 -1.75005 0 0 -0.282217 -0.459318 0.09
-0.0505262 1.64578 0.1 0.1 0.281762 -0.107669 0 0 -0.995146 0.405888 0.02
-0.0482815 1.64598 0.1 0.1 0.16737 0.148526 0 0 -0.056091 0.128214 0.01
-0.0481858 1.64619 0.1 0.1 -0.147706 -0.105789 0 0 -0.157613 -0.127098 0.01
-0.0475456 1.64531 0.1 0.1 0.210534 0.0171942 0 0 0.0897831 0.0305446 0.02
-0.0453131 1.64426 0.1 0.1 -0.0968598 -0.0690577 0 0 -0.0381718 -0.0109204 0.04
-0.0454643 1.64276 0.1 0.1 0.085867 -0.0313231 0 0 0.0304501 0.00604449 0.03
-0.0449917 1.64276 0.1 0.1 0.00877364 0.0307759 0 0 -0.0383306 0.0310477 0.01
