-0.531981 2.25503 0.1 0.1 0.00795202 -0.0564657 0 0 0 0 0
-0.286953 2.16116 0.1 0.1 8.07888 -3.04291 0 0 0.693279 -0.25669 0.06
-0.197675 2.12495 0.1 0.1 9.7739 -4.19785 0 0 0.892541 -0.595557 0.01
1.12929 1.26861 0.1 0.1 16.6499 -12.7868 0 0 0.410464 -0.472104 0.1
1.98854 0.49561 0.1 0.1 17.7117 -18.0887 0 0 0.19229 -0.607301 0.05
2.74628 -0.305887 0.1 0.1 20.1593 -21.96 0 0 0.400843 -0.584028 0.04
3.07129 -2.73153 0.1 0.1 -7.31792 -31.7989 0 0 -0.695148 -0.681908 0.09
2.20423 -2.83199 0.1 0.1 -9.979 8.36174 0 0 -0.176495 0.422336 0.1
1.80954 -2.39504 0.1 0.1 -9.75684 13.4522 0 0 -0.0216176 0.690989 0.04
1.48069 -1.72793 0.1 0.1 -6.70685 19.8605 0 0 0.34039 0.884527 0.04
1.10106 -0.855294 0.1 0.1 -12.2372 23.7454 0 0 -0.739121 0.594527 0.04
0.307458 0.496187 0.1 0.1 -5.49954 6.54502 0 0 0.330274 -0.880539 0.09
0.295153 1.09217 0.1 0.1 5.05216 8.33099 0 0 0.659351 0.149114 0.08
0.400214 1.28243 0.1 0.1 1.96718 4.37299 0 0 -0.497342 -0.628186 0.03
0.430599 1.42663 0.1 0.1 0.067901 5.23573 0 0 -0.311732 0.167779 0.03
0.433483 1.4981 0.1 0.1 0.124061 -0.442951 0 0 0.00965469 -0.934698 0.03
0.435921 1.49657 0.1 0.1 0.36319 0.135831 0 0 0.120924 0.288698 0.01
0.443387 1.51048 0.1 0.1 -0.109624 0.326148 0 0 -0.0388043 0.0170149 0.06
0.442482 1.51717 0.1 0.1 0.0187788 0.342986 0 0 0.0318981 0.00588909 0.02
0.442019 1.51814 0.1 0.1 -0.111168 -0.14838 0 0 -0.065296 -0.245253 0.01
0.442846 1.51639 0.1 0.1 0.192827 -0.0273343 0 0 0.0762645 0.0298425 0.02
0.444188 1.5166 0.1 0.1 0.0758264 0.0684724 0 0 -0.0578615 0.0480041 0.01
0.44475 1.51715 0.1 0.1 0.0365612 0.0428487 0 0 -0.019368 -0.0125395 0.01
0.444882 1.51758 0.1 0.1 -0.0100754 0.0434408 0 0 -0.0232687 0.000507489 0.01
