-1.18578 0.0983264 0.1 0.1 0.0691396 -0.0501408 0 0 0 0 0
-1.18017 0.105958 0.1 0.1 1.05286 1.57377 0 0 0.495539 0.816106 0.01
-1.68723 -0.0369825 0.1 0.1 -13.5353 -5.05895 0 0 -0.944636 -0.423905 0.08
-2.81049 0.0107794 0.1 0.1 -11.4569 5.95514 0 0 0.0534352 0.614682 0.09
-3.16351 0.238783 0.1 0.1 -9.93227 9.22788 0 0 -0.161713 0.583666 0.03
-2.96558 1.15103 0.1 0.1 8.16653 13.5236 0 0 0.657066 0.325967 0.08
-2.26904 1.92054 0.1 0.1 14.9837 12.1406 0 0 0.626029 -0.0508938 0.06
-0.882182 3.06898 0.1 0.1 24.5291 13.6632 0 0 0.780599 0.762209 0.07
-0.363389 3.1516 0.1 0.1 27.3411 -1.18962 0 0 0.833031 0.728702 0.02
0.482973 3.03323 0.1 0.1 29.0743 -6.52033 0 0 0.430065 -0.882322 0.03
3.26577 1.60527 0.1 0.1 21.6966 -21.7861 0 0 0.0167803 -0.83438 0.1
3.29926 0.647507 0.1 0.1 -6.15203 -26.0754 0 0 -0.762494 -0.656665 0.04
2.37475 -1.4866 0.1 0.1 -16.8265 -27.2609 0 0 -0.725058 -0.207804 0.08
1.3802 -2.99272 0.1 0.1 -22.9033 -32.9371 0 0 -0.705831 -0.718653 0.05
-0.916628 -2.79507 0.1 0.1 -34.365 13.8043 0 0 -0.86025 0.998803 0.08
-1.26568 -2.65036 0.1 0.1 -35.4429 15.136 0 0 -0.71401 0.737824 0.01
-2.72472 -1.92588 0.1 0.1 -37.4945 21.0496 0 0 -0.439713 0.828816 0.04
-3.10201 -1.71017 0.1 0.1 -37.962 22.0907 0 0 -0.423698 0.626945 0.01
-2.81111 -0.0737855 0.1 0.1 15.4159 14.392 0 0 0.965117 -0.336344 0.09
-1.88198 0.462189 0.1 0.1 21.6974 7.10732 0 0 0.721361 -0.674657 0.05
-0.921895 0.661037 0.1 0.1 16.747 0.898371 0 0 -0.399868 -0.601072 0.05
-0.269816 0.866872 0.1 0.1 9.39757 7.28199 0 0 -0.670352 0.658935 0.05
0.111451 1.14979 0.1 0.1 0.25518 -0.110446 0 0 -0.548269 -0.444558 0.08
0.124178 1.15062 0.1 0.1 0.169894 0.135849 0 0 -0.00604743 0.020596 0.06
0.123659 1.15128 0.1 0.1 -0.272932 -0.00500002 0 0 -0.221881 -0.0701684 0.01
0.11666 1.15236 0.1 0.1 -0.0783156 0.0586795 0 0 0.0234751 0.00810299 0.04
0.116137 1.15232 0.1 0.1 -0.0263394 -0.067025 0 0 0.0257326 -0.0628777 0.01
0.115985 1.15108 0.1 0.1 0.0110014 -0.0565162 0 0 0.00930588 0.00232133 0.02
0.115982 1.15057 0.1 0.1 -0.0115248 -0.0456498 0 0 -0.0112728 0.00517581 0.01
