-1.36676 -1.5768 0.1 0.1 0.0781708 -0.00440961 0 0 0 0 0
-1.05886 -2.48769 0.1 0.1 5.98097 -17.9147 0 0 0.310633 -0.941193 0.1
-0.913188 -2.87068 0.1 0.1 8.57758 -20.3762 0 0 0.685819 -0.711265 0.02
-0.157347 -3.05816 0.1 0.1 16.5371 5.32722 0 0 0.726352 0.600075 0.06
1.34059 -2.1017 0.1 0.1 20.8507 18.4107 0 0 0.363651 0.877452 0.08
3.05094 -0.780635 0.1 0.1 27.9331 19.3237 0 0 0.629724 0.159085 0.07
3.11349 1.12105 0.1 0.1 -4.95437 28.0932 0 0 -0.239295 0.666275 0.08
2.78656 2.2389 0.1 0.1 -11.3503 27.8009 0 0 -0.841213 0.103137 0.04
2.45631 3.14271 0.1 0.1 -10.6702 26.1897 0 0 0.0582759 0.922319 0.03
1.63794 2.68821 0.1 0.1 -7.56093 -13.3328 0 0 0.127382 -0.707153 0.09
1.59694 1.73455 0.1 0.1 6.22761 -13.9083 0 0 0.982236 -0.109177 0.07
2.14182 0.945015 0.1 0.1 15.4896 -17.6424 0 0 0.981418 -0.452089 0.05
2.28704 0.76593 0.1 0.1 13.5569 -18.1737 0 0 -0.894595 -0.355396 0.01
2.84583 -0.622035 0.1 0.1 5.15331 -27.9933 0 0 -0.65473 -0.934336 0.06
3.17957 -3.14648 0.1 0.1 -0.550617 -28.4427 0 0 0.118298 -0.597283 0.08
2.8917 -3.0298 0.1 0.1 -8.96208 10.245 0 0 -0.725265 0.790709 0.06
2.14324 -2.12555 0.1 0.1 -15.9166 19.8018 0 0 -0.642194 0.871805 0.06
1.59926 -1.62434 0.1 0.1 -20.3263 13.643 0 0 -0.826469 -0.943535 0.03
0.109586 -0.631135 0.1 0.1 -29.2399 19.4068 0 0 -0.867968 0.562396 0.06
-3.12558 1.16018 0.1 0.1 -42.4607 20.3779 0 0 -0.914644 0.153666 0.09
-3.43014 1.35653 0.1 0.1 -14.8284 18.894 0 0 0.395413 -0.639526 0.01
-2.66338 2.29763 0.1 0.1 17.1207 2.27132 0 0 0.884875 -0.870988 0.09
-1.26996 2.3658 0.1 0.1 22.627 -0.294056 0 0 0.492954 -0.178086 0.07
-0.387229 2.12889 0.1 0.1 12.7644 -9.10836 0 0 -0.898301 -0.905044 0.05
0.181619 1.76749 0.1 0.1 0.0676534 0.927349 0 0 -0.674053 0.537535 0.09
0.179458 1.7705 0.1 0.1 -0.499049 -0.324497 0 0 -0.284682 -0.624566 0.01
0.177253 1.76893 0.1 0.1 0.0571307 0.00949147 0 0 0.277175 0.166273 0.01
0.179493 1.76868 0.1 0.1 0.0327019 -0.0191567 0 0 -0.00222063 -0.00289039 0.05
