2.93893 -2.48482 0.1 0.1 0.0706647 -0.0401243 0 0 0 0 0
2.86523 -2.43737 0.1 0.1 -3.73066 2.39634 0 0 -0.484542 0.310537 0.04
2.97653 -2.12008 0.1 0.1 6.78761 6.61988 0 0 0.759595 0.324408 0.07
3.02574 -1.34711 0.1 0.1 -5.39431 12.6246 0 0 -0.758599 0.423561 0.08
2.36239 -0.485957 0.1 0.1 -13.4638 11.9874 0 0 -0.624389 0.0157412 0.07
1.32138 -0.0316141 0.1 0.1 -16.247 1.12036 0 0 -0.273712 -0.744019 0.07
0.764505 -0.0414764 0.1 0.1 -11.6277 -1.59536 0 0 0.508317 -0.340536 0.04
-0.0355106 -0.713599 0.1 0.1 -6.232 -13.167 0 0 0.255476 -0.680228 0.09
-0.330826 -2.20495 0.1 0.1 -1.21877 -23.9724 0 0 0.295446 -0.768611 0.08
0.254072 -2.97894 0.1 0.1 12.6867 6.558 0 0 0.724741 0.727682 0.1
0.982765 -2.85307 0.1 0.1 16.4299 -1.45612 0 0 0.447338 -0.789039 0.05
2.24665 -2.69188 0.1 0.1 25.6075 6.74754 0 0 0.870364 0.697 0.06
2.78969 -2.54746 0.1 0.1 28.6853 7.6911 0 0 0.905664 0.271618 0.02
3.08439 -2.47069 0.1 0.1 30.2533 7.6627 0 0 0.93197 0.0236188 0.01
2.70324 -1.58306 0.1 0.1 -14.9724 10.0504 0 0 -0.895293 0.163594 0.1
1.25456 -0.573115 0.1 0.1 -21.1617 15.1308 0 0 -0.477898 0.3803 0.08
-1.29967 0.59765 0.1 0.1 -29.7813 8.39385 0 0 -0.559257 -0.27844 0.1
-1.9029 0.736776 0.1 0.1 -30.5394 5.52819 0 0 -0.340527 -0.681203 0.02
-2.54302 0.8343 0.1 0.1 -33.4629 4.22845 0 0 -0.89151 -0.300054 0.02
-2.93187 1.26241 0.1 0.1 12.0216 4.33867 0 0 0.902839 0.0278077 0.1
-2.48784 1.32953 0.1 0.1 17.5531 0.156796 0 0 0.996422 -0.685466 0.03
-1.91385 1.37103 0.1 0.1 20.6973 2.59748 0 0 0.620137 0.414275 0.03
-1.00594 1.51293 0.1 0.1 15.6608 3.07506 0 0 -0.413343 0.0622154 0.05
-0.711656 1.58274 0.1 0.1 13.7742 3.90316 0 0 -0.398485 0.224666 0.02
-0.0533009 1.75479 0.1 0.1 1.0461 -0.0204841 0 0 -0.671063 -0.20849 0.09
-0.0439115 1.75365 0.1 0.1 0.832125 -0.206899 0 0 -0.102367 -0.0938062 0.01
-0.0382097 1.74908 0.1 0.1 0.309116 -0.706246 0 0 -0.258845 -0.252036 0.01
-0.0342284 1.74564 0.1 0.1 0.486837 0.0154433 0 0 0.0909536 0.359195 0.01
-0.0368546 1.75046 0.1 0.1 -1.00957 0.946893 0 0 -0.749907 0.468115 0.01
-0.0422412 1.75321 0.1 0.1 -0.0693252 -0.39441 0 0 0.467624 -0.669329 0.01
-0.0437167 1.75116 0.1 0.1 -0.22552 -0.0163549 0 0 -0.0788573 0.188024 0.01
-0.0446113 1.7508 0.1 0.1 0.0461526 -0.0559133 0 0 0.135469 -0.0199453 0.01
-0.0445324 1.75017 0.1 0.1 -0.0302318 -0.0694663 0 0 -0.0381767 -0.00709632 0.01
-0.0454899 1.74923 0.1 0.1 -0.0335873 0.00664304 0 0 -0.000717484 0.0125309 0.03
-0.0456378 1.74936 0.1 0.1 0.00394804 0.0192793 0 0 0.0187059 0.00638661 0.01
