2.86376 -1.97131 0.1 0.1 0.082697 -0.0898255 0 0 0 0 0
2.92098 -1.94138 0.1 0.1 2.76013 1.57558 0 0 0.342026 0.211981 0.04
2.65539 -1.58763 0.1 0.1 -7.89387 5.43535 0 0 -0.546279 0.210625 0.1
1.84386 -1.07601 0.1 0.1 -19.045 11.5581 0 0 -0.997671 0.552546 0.06
0.733764 -0.180501 0.1 0.1 -17.9695 18.2251 0 0 -0.00281173 0.630112 0.06
0.173579 0.432504 0.1 0.1 -10.0923 12.4635 0 0 0.915462 -0.6433 0.04
-0.181117 0.986916 0.1 0.1 -0.157414 3.48192 0 0 0.684809 -0.601795 0.07
-0.177366 1.01176 0.1 0.1 0.906022 1.48996 0 0 0.533786 -0.983572 0.01
-0.128238 1.11801 0.1 0.1 0.502317 1.54524 0 0 -0.0253559 0.011531 0.07
-0.130437 1.12353 0.1 0.1 -0.939661 -0.439406 0 0 -0.722984 -0.989931 0.01
-0.157619 1.11744 0.1 0.1 -0.872836 0.0310639 0 0 0.00663746 0.0774141 0.03
-0.159742 1.11555 0.1 0.1 0.446207 -0.408217 0 0 0.658978 -0.220446 0.01
-0.155808 1.11594 0.1 0.1 0.34072 0.484809 0 0 -0.0507024 0.446771 0.01
-0.152479 1.12057 0.1 0.1 0.324985 0.442342 0 0 -0.00621675 -0.0189213 0.01
-0.154318 1.12254 0.1 0.1 -0.690994 -0.0479615 0 0 -0.509418 -0.244346 0.01
-0.159599 1.12411 0.1 0.1 -0.365831 0.361802 0 0 0.160138 0.205747 0.01
-0.159237 1.12729 0.1 0.1 0.436941 0.273112 0 0 0.401905 -0.0426584 0.01
-0.147841 1.13011 0.1 0.1 0.701826 0.0102125 0 0 0.0691103 -0.0650122 0.02
-0.14608 1.13166 0.1 0.1 -0.578043 0.0924834 0 0 -0.2132 0.0139153 0.03
-0.149661 1.1341 0.1 0.1 -0.138937 0.39595 0 0 0.217993 0.15304 0.01
0.00490442 1.26766 0.1 0.1 5.2376 4.01984 0 0 0.461361 0.313297 0.06
0.0879411 1.32691 0.1 0.1 0.322639 -0.0498749 0 0 -0.806149 -0.668707 0.03
0.0894161 1.32627 0.1 0.1 -0.0270402 -0.0782822 0 0 -0.174243 -0.0145661 0.01
0.0892924 1.32614 0.1 0.1 0.0022439 0.0532955 0 0 0.0146066 0.0657417 0.01
0.0895738 1.3277 0.1 0.1 0.00575561 -0.00811014 0 0 0.000270145 -0.00427565 0.07
