0.138853 0.611285 0.1 0.1 -0.0367037 0.0958658 0 0 0 0 0
0.429302 0.445006 0.1 0.1 8.23869 -4.78978 0 0 0.612353 -0.360688 0.07
1.06912 0.261969 0.1 0.1 17.2787 -2.55044 0 0 0.969083 0.206071 0.05
2.46811 -0.322442 0.1 0.1 22.6303 -14.0127 0 0 0.482288 -0.860465 0.07
3.28056 -1.51829 0.1 0.1 -3.61951 -20.0833 0 0 0.696496 -0.519837 0.07
2.38904 -3.14288 0.1 0.1 -14.0347 2.53915 0 0 -0.565202 -0.317436 0.1
0.945149 -2.44144 0.1 0.1 -21.9562 14.8339 0 0 -0.585582 0.812299 0.08
0.297339 -1.93303 0.1 0.1 -21.2348 19.0396 0 0 0.0119593 0.785406 0.03
-1.59499 -0.18996 0.1 0.1 -26.0104 24.4642 0 0 -0.417379 0.447497 0.08
-2.12841 0.328568 0.1 0.1 -27.3269 27.3786 0 0 -0.462506 0.858292 0.02
-3.24726 3.02824 0.1 0.1 3.02843 32.9331 0 0 0.345576 0.954986 0.08
-2.68736 2.80785 0.1 0.1 9.32052 -9.89695 0 0 0.380863 -0.504622 0.09
-2.07678 2.37665 0.1 0.1 8.13826 -2.50947 0 0 -0.0408277 0.497015 0.07
-1.42061 2.34855 0.1 0.1 6.46853 1.82034 0 0 -0.0563356 0.239066 0.09
-0.593454 2.05548 0.1 0.1 11.8319 -8.18345 0 0 0.344063 -0.572061 0.09
-0.475859 1.96469 0.1 0.1 11.6874 -9.9707 0 0 -0.0134029 -0.93904 0.01
-0.132384 1.65928 0.1 0.1 -0.119861 -0.305932 0 0 -0.955756 0.780003 0.06
-0.136727 1.65638 0.1 0.1 -0.313749 0.014388 0 0 -0.0495767 0.0793603 0.02
-0.14111 1.65558 0.1 0.1 -0.125176 -0.093702 0 0 0.0460736 -0.027219 0.02
-0.142935 1.6555 0.1 0.1 0.00285049 0.0872159 0 0 0.021052 0.0301475 0.03
-0.142984 1.6559 0.1 0.1 -0.0126881 -0.00681293 0 0 -0.00780622 -0.0468231 0.01
