-3.07286 2.94554 0.1 0.1 0.0541858 -0.0335188 0 0 0 0 0
-3.17029 2.99899 0.1 0.1 0.695702 1.54238 0 0 -0.925727 0.1164 0.07
-2.50311 2.37021 0.1 0.1 13.9316 -15.2637 0 0 0.77266 -0.968751 0.09
-1.94533 0.310467 0.1 0.1 -1.30279 -30.2818 0 0 -0.816361 -0.949018 0.09
-1.95668 0.0136516 0.1 0.1 -0.969689 -29.0833 0 0 0.161121 0.451006 0.01
-2.43493 -2.99232 0.1 0.1 -8.47351 -31.0048 0 0 -0.398518 -0.246482 0.1
-2.52569 -3.2174 0.1 0.1 -9.67564 -10.9448 0 0 -0.647012 -0.838855 0.01
-3.17799 -2.67908 0.1 0.1 -1.37728 11.7588 0 0 0.193922 0.582836 0.09
-3.17801 -2.45078 0.1 0.1 0.694048 11.0733 0 0 -2.47716e-05 -0.114332 0.02
-3.14689 -2.19545 0.1 0.1 2.41266 14.4488 0 0 0.437782 0.907854 0.02
-2.82515 -1.38809 0.1 0.1 10.3889 17.8174 0 0 0.830801 0.417699 0.05
-2.60907 -0.996492 0.1 0.1 11.216 21.3311 0 0 0.262006 0.97642 0.02
-2.25556 -0.406253 0.1 0.1 12.3461 18.0346 0 0 0.247867 -0.451172 0.03
-1.4549 0.375395 0.1 0.1 14.3239 8.11916 0 0 0.231414 -0.761217 0.06
-0.588702 1.22167 0.1 0.1 10.4706 15.9684 0 0 -0.213788 0.621218 0.07
-0.339296 1.68404 0.1 0.1 6.17757 14.862 0 0 -0.675037 -0.107434 0.03
-0.00865273 2.38187 0.1 0.1 0.527407 -0.646899 0 0 -0.266273 -0.740688 0.1
-0.00175618 2.37817 0.1 0.1 0.851363 -0.0946971 0 0 0.16549 0.2743 0.01
0.000593525 2.37714 0.1 0.1 -0.379371 -0.110757 0 0 -0.614417 -0.0085542 0.01
-0.00285701 2.37886 0.1 0.1 0.0329429 0.280874 0 0 0.102255 0.0983549 0.02
-0.00350296 2.3802 0.1 0.1 -0.161808 -0.0111488 0 0 -0.0977363 -0.145365 0.01
-0.0043378 2.38035 0.1 0.1 -0.00542047 0.0410458 0 0 0.0778054 0.0261779 0.01
-0.0042534 2.38048 0.1 0.1 0.0222556 -0.0147867 0 0 0.0138849 -0.0278555 0.01
-0.00227146 2.37993 0.1 0.1 0.0272266 0.000790316 0 0 0.000434684 0.000939268 0.08
