-1.80466 1.15571 0.1 0.1 -0.0731188 -0.0136943 0 0 0 0 0
-1.39093 1.02047 0.1 0.1 11.7558 -3.80644 0 0 0.875165 -0.280344 0.07
-1.13251 0.983286 0.1 0.1 14.0786 0.0752701 0 0 0.646163 0.961622 0.02
-0.73551 1.0124 0.1 0.1 5.82657 1.372 0 0 -0.982791 0.165552 0.04
-0.724427 1.08646 0.1 0.1 -5.34565 1.09935 0 0 -0.930942 -0.0168048 0.06
-0.797021 1.10961 0.1 0.1 0.47697 0.447535 0 0 0.959166 -0.104524 0.03
-0.793292 1.10953 0.1 0.1 0.269143 -0.462359 0 0 -0.102263 -0.455094 0.01
-0.79053 1.10785 0.1 0.1 0.283356 0.124016 0 0 0.0085734 0.292397 0.01
-0.788958 1.10921 0.1 0.1 0.0313082 0.149024 0 0 -0.125346 0.0131546 0.01
-0.556089 1.20386 0.1 0.1 9.20728 3.60783 0 0 0.941741 0.355676 0.05
-0.301758 1.31084 0.1 0.1 -0.631539 -0.0054162 0 0 -0.799469 -0.292407 0.06
-0.308952 1.31565 0.1 0.1 -0.0896715 0.484198 0 0 0.133804 0.123657 0.02
-0.308511 1.31697 0.1 0.1 0.177518 -0.217135 0 0 0.133841 -0.350032 0.01
-0.305259 1.31342 0.1 0.1 0.14776 -0.138712 0 0 -0.00662788 0.0187184 0.02
-0.304001 1.31267 0.1 0.1 0.103894 -0.0104146 0 0 -0.0213071 0.0637827 0.01
-0.231189 1.39892 0.1 0.1 4.72726 5.73166 0 0 0.78348 0.971733 0.03
-0.0631245 1.54558 0.1 0.1 2.01768 0.180809 0 0 -0.254486 -0.540554 0.05
-0.0518698 1.5467 0.1 0.1 0.23622 0.0445982 0 0 -0.885734 -0.0677113 0.01
-0.0446996 1.55489 0.1 0.1 0.00509742 0.226411 0 0 -0.0186734 0.0158324 0.06
-0.0443353 1.55886 0.1 0.1 0.0312461 0.170813 0 0 0.00663024 -0.0129081 0.02
-0.0447872 1.55946 0.1 0.1 -0.0760796 -0.1094 0 0 -0.0269751 -0.0699189 0.02
-0.0451554 1.55856 0.1 0.1 0.0508957 0.0484444 0 0 0.0211203 0.0261652 0.03
-0.044991 1.55894 0.1 0.1 -0.0178859 0.0278189 0 0 -0.0343341 -0.01013 0.01
