0.854447 -2.51447 0.1 0.1 0.0338308 -0.0938542 0 0 0 0 0
0.618422 -2.48282 0.1 0.1 -7.82276 1.13663 0 0 -0.674605 0.105184 0.06
0.528851 -2.12254 0.1 0.1 5.11204 9.06433 0 0 0.917908 0.592103 0.07
1.19438 -1.69514 0.1 0.1 13.8017 3.21562 0 0 0.668677 -0.387344 0.07
3.14452 -1.77101 0.1 0.1 20.6585 -4.60064 0 0 0.658457 -0.395042 0.1
3.25359 -1.84918 0.1 0.1 -2.82926 0.655495 0 0 0.111229 0.646948 0.04
2.29631 -2.5121 0.1 0.1 -16.0977 -13.6747 0 0 -0.711469 -0.749922 0.1
-0.104766 -3.03547 0.1 0.1 -31.6634 2.08943 0 0 -0.898474 0.000322073 0.1
-0.768142 -2.99103 0.1 0.1 -34.6643 2.35348 0 0 -0.916277 0.0770111 0.02
-1.45944 -2.91223 0.1 0.1 -34.4662 5.5166 0 0 -0.123379 0.810377 0.02
-2.9199 -2.81139 0.1 0.1 -38.53 -0.434927 0 0 -0.6907 -0.731881 0.04
-2.80818 -3.02344 0.1 0.1 14.4725 0.633805 0 0 0.752336 -0.899864 0.1
-1.93868 -2.64193 0.1 0.1 14.51 11.97 0 0 0.0756281 0.976584 0.06
-1.09753 -0.904883 0.1 0.1 4.33291 26.4147 0 0 -0.518212 0.898984 0.09
-0.98966 -0.205894 0.1 0.1 2.86667 20.2155 0 0 -0.226604 -0.916975 0.03
-0.882219 0.362002 0.1 0.1 4.28926 17.6569 0 0 0.255062 -0.331763 0.03
-0.587043 1.02406 0.1 0.1 10.4293 15.4605 0 0 0.80472 -0.191546 0.04
-0.168566 1.61937 0.1 0.1 0.167076 -0.366604 0 0 -0.616099 -0.952251 0.08
-0.164113 1.61296 0.1 0.1 0.129979 -0.0627294 0 0 -0.00543656 0.049584 0.03
-0.163827 1.61315 0.1 0.1 -0.0723577 0.100946 0 0 -0.101079 0.0819315 0.01
-0.165344 1.61339 0.1 0.1 -0.0793726 -0.0758674 0 0 -0.00214151 -0.04415 0.02
-0.165143 1.61292 0.1 0.1 0.119287 -0.0178545 0 0 0.0995014 0.0287937 0.01
-0.163814 1.61284 0.1 0.1 0.0139779 0.00888113 0 0 -0.0260115 0.00665855 0.02
