0.87997 0.71942 0.1 0.1 0.0142977 -0.0774924 0 0 0 0 0
0.917147 0.714095 0.1 0.1 3.69117 -0.453814 0 0 0.929412 -0.0951142 0.02
1.30234 0.888874 0.1 0.1 7.27295 5.37943 0 0 0.283717 0.429325 0.07
1.38137 0.946704 0.1 0.1 -4.87355 -3.62218 0 0 -0.862984 -0.639198 0.07
1.24946 0.841131 0.1 0.1 -8.3059 -6.92407 0 0 -0.892223 -0.852236 0.02
0.226541 -0.27725 0.1 0.1 -12.0903 -15.3036 0 0 -0.240814 -0.475006 0.1
-0.344145 -1.11268 0.1 0.1 -10.7492 -18.0902 0 0 0.0775414 -0.362292 0.05
-1.70947 -2.88122 0.1 0.1 -19.461 -21.1649 0 0 -0.559283 -0.269341 0.09
-2.93723 -3.10514 0.1 0.1 -21.4448 3.20813 0 0 -0.267731 -0.789013 0.06
-3.18134 -2.38899 0.1 0.1 1.42957 14.544 0 0 -0.339654 0.753302 0.08
-3.16922 -2.24198 0.1 0.1 1.01206 14.856 0 0 -0.787577 0.229532 0.01
-3.10885 -0.771205 0.1 0.1 0.714718 27.0243 0 0 -0.0163074 0.974361 0.07
-3.02346 0.776508 0.1 0.1 2.68742 34.8193 0 0 0.20626 0.934485 0.05
-2.62938 2.86591 0.1 0.1 10.3718 34.8279 0 0 0.672144 0.174954 0.06
-2.40739 3.19419 0.1 0.1 11.822 2.31429 0 0 0.418409 -0.799134 0.02
-1.05049 2.27134 0.1 0.1 15.2583 -17.7768 0 0 0.239795 -0.90477 0.1
-0.742595 1.89032 0.1 0.1 15.5306 -20.3163 0 0 0.145261 -0.730017 0.02
0.0206502 0.866079 0.1 0.1 -0.00579 -0.497461 0 0 -0.738984 0.939793 0.1
0.0174134 0.860629 0.1 0.1 -0.122704 0.273048 0 0 -0.0120021 0.0765156 0.05
0.0191382 0.864147 0.1 0.1 0.235898 -0.036992 0 0 0.0600959 -0.0510771 0.03
0.0232525 0.865677 0.1 0.1 0.0393662 0.138165 0 0 -0.032092 0.0294426 0.03
0.0240847 0.869375 0.1 0.1 0.0162295 0.108455 0 0 -0.00372271 -0.00433756 0.03
0.0245572 0.873282 0.1 0.1 0.00745455 0.0870669 0 0 -0.00103971 -0.00218583 0.04
0.0244656 0.873894 0.1 0.1 -0.0165281 -0.0254927 0 0 -0.00603313 -0.0279936 0.02
0.0240996 0.873871 0.1 0.1 0.00173606 0.0241577 0 0 0.00179313 0.00496416 0.05
