2.09503 0.233004 0.1 0.1 -0.0862112 0.0668608 0 0 0 0 0
2.08862 0.236318 0.1 0.1 -1.19582 0.595135 0 0 -0.558526 0.265626 0.01
1.88636 0.312505 0.1 0.1 -5.50306 1.93104 0 0 -0.376143 0.11756 0.06
0.873054 -0.345187 0.1 0.1 -14.6119 -14.8058 0 0 -0.506924 -0.870046 0.1
-0.81337 -1.60472 0.1 0.1 -27.3825 -16.6563 0 0 -0.903529 -0.195042 0.08
-2.17312 -2.55663 0.1 0.1 -27.0103 -21.3814 0 0 -0.0974865 -0.568473 0.05
-3.21402 -2.89512 0.1 0.1 2.29916 8.65365 0 0 -0.426691 0.926968 0.09
-2.80346 -1.4604 0.1 0.1 5.84989 19.8541 0 0 0.198462 0.631847 0.1
-2.50597 -0.547133 0.1 0.1 6.04883 16.7029 0 0 0.0500636 -0.223877 0.05
-1.91038 0.709879 0.1 0.1 13.73 25.1132 0 0 0.690564 0.805994 0.06
-1.6156 1.24031 0.1 0.1 15.7423 27.9201 0 0 0.576111 0.834806 0.02
-0.994158 2.83915 0.1 0.1 9.16798 35.9668 0 0 -0.597152 0.964779 0.05
-0.830039 3.18422 0.1 0.1 7.25021 2.81811 0 0 -0.438278 -0.584781 0.02
-0.373641 2.66049 0.1 0.1 4.20062 -12.6759 0 0 -0.162083 -0.788404 0.08
-0.539479 1.93995 0.1 0.1 -7.70697 -3.47403 0 0 -0.671072 0.471258 0.09
-0.691611 1.86325 0.1 0.1 0.048566 -0.381912 0 0 0.950969 0.377114 0.04
-0.69183 1.86191 0.1 0.1 -0.092043 0.112993 0 0 -0.0704257 0.246818 0.01
-0.692986 1.86148 0.1 0.1 0.0334191 -0.132505 0 0 0.0155437 -0.0307437 0.04
-0.694027 1.85686 0.1 0.1 -0.0620569 -0.00123445 0 0 -0.00689687 0.0090468 0.07
-0.694961 1.85679 0.1 0.1 -0.0314906 -0.00479547 0 0 0.00741212 -0.000904661 0.02
