1.13445 -2.81612 0.1 0.1 -0.0230422 0.034958 0 0 0 0 0
1.17949 -2.75023 0.1 0.1 1.2945 1.82686 0 0 0.0973495 0.132719 0.07
1.15914 -2.71472 0.1 0.1 -2.63165 0.546973 0 0 -0.657928 -0.207416 0.03
0.886196 -2.54544 0.1 0.1 -8.23929 6.17712 0 0 -0.588251 0.580033 0.05
0.642971 -1.47828 0.1 0.1 2.01926 20.3131 0 0 0.626462 0.950376 0.08
0.670893 -1.27617 0.1 0.1 3.56266 20.1096 0 0 0.786792 -0.000551104 0.01
0.860262 -0.0210058 0.1 0.1 2.75881 21.7131 0 0 -0.0508772 0.238222 0.06
0.88608 0.435744 0.1 0.1 -0.167105 23.9544 0 0 -0.725744 0.674313 0.02
1.33448 3.06886 0.1 0.1 8.98451 23.5016 0 0 0.479622 0.365601 0.1
1.90235 3.02756 0.1 0.1 9.93571 -7.25712 0 0 0.126725 -0.599545 0.06
2.25104 2.779 0.1 0.1 13.2935 -9.30305 0 0 0.617933 -0.382458 0.03
3.14128 1.69053 0.1 0.1 10.1492 -21.652 0 0 -0.0176354 -0.95987 0.07
3.21561 1.26343 0.1 0.1 0.0111111 -21.0601 0 0 0.26159 0.0407907 0.02
2.37405 -0.439559 0.1 0.1 -16.5274 -13.1313 0 0 -0.867763 0.311061 0.1
0.976812 -0.900471 0.1 0.1 -18.3778 1.41499 0 0 -0.202633 0.880222 0.08
0.474994 -0.876672 0.1 0.1 -15.0931 0.177666 0 0 0.464254 -0.202357 0.03
-0.15182 -0.68439 0.1 0.1 -10.0216 7.45279 0 0 0.445149 0.746903 0.05
-0.42632 -0.38214 0.1 0.1 -1.0334 4.66034 0 0 0.872202 -0.248766 0.05
-0.649983 0.3293 0.1 0.1 -5.30706 15.5396 0 0 -0.321276 0.827922 0.07
-0.735118 0.619151 0.1 0.1 -3.21346 13.4525 0 0 0.502443 -0.44919 0.02
-0.879251 1.29202 0.1 0.1 0.272339 0.225415 0 0 0.167027 -0.627775 0.1
-0.868152 1.29595 0.1 0.1 0.466666 0.0373868 0 0 0.0342563 -0.0306812 0.03
-0.865518 1.29696 0.1 0.1 -0.201104 0.0630618 0 0 -0.166416 0.00663248 0.02
-0.380684 1.1758 0.1 0.1 12.157 -3.05093 0 0 0.803293 -0.201994 0.08
0.21206 1.02251 0.1 0.1 -0.0977983 -0.0641961 0 0 -0.583589 0.141575 0.1
0.211803 1.02251 0.1 0.1 0.0462076 0.065524 0 0 0.0719588 0.0648958 0.01
0.211853 1.02307 0.1 0.1 -0.0361814 0.0464492 0 0 -0.04121 -0.00927102 0.01
0.211579 1.02299 0.1 0.1 -0.0186273 -0.0635022 0 0 0.00863229 -0.0550257 0.01
0.211536 1.0226 0.1 0.1 0.0100922 -0.0138413 0 0 0.0143587 0.0246457 0.01
