1.76537 2.11782 0.1 0.1 0.053926 0.0101143 0 0 0 0 0
1.66003 2.53247 0.1 0.1 -3.02739 11.7006 0 0 -0.227695 0.864793 0.07
1.58859 2.91909 0.1 0.1 -1.7415 14.0628 0 0 0.202416 0.458197 0.03
1.1961 2.96062 0.1 0.1 -9.38308 -6.56112 0 0 -0.573938 -0.704706 0.07
0.710843 2.58736 0.1 0.1 -14.8432 -12.0655 0 0 -0.743463 -0.734745 0.04
-0.183826 0.686451 0.1 0.1 -3.2426 -25.7252 0 0 0.534911 -0.777993 0.1
-0.24679 -0.156069 0.1 0.1 -0.96707 -30.4193 0 0 0.368627 -0.922762 0.03
-0.476694 -3.27184 0.1 0.1 -4.09476 -9.58654 0 0 -0.185847 -0.920202 0.09
-1.40397 -3.02816 0.1 0.1 -16.3285 1.04637 0 0 -0.731363 -0.511551 0.09
-2.98275 -2.48605 0.1 0.1 -28.6349 14.2891 0 0 -0.992195 0.984627 0.07
-2.85543 -1.35819 0.1 0.1 11.9568 8.36628 0 0 0.653499 -0.239805 0.1
-1.58603 -0.633048 0.1 0.1 24.1682 12.3065 0 0 0.964215 0.33324 0.07
-0.641538 0.156901 0.1 0.1 13.6997 19.2331 0 0 -0.953059 0.771255 0.05
-0.362082 0.506439 0.1 0.1 14.2443 15.7323 0 0 0.205543 -0.787864 0.02
0.230791 1.11595 0.1 0.1 0.755247 -0.281066 0 0 -0.807279 -0.963116 0.08
0.238641 1.11351 0.1 0.1 0.814523 -0.206746 0 0 0.0335988 0.0359558 0.01
0.242089 1.11406 0.1 0.1 -0.123296 0.316553 0 0 -0.467525 0.261845 0.01
0.243364 1.11646 0.1 0.1 0.206623 -0.153963 0 0 0.0552258 -0.0780175 0.03
0.247658 1.11483 0.1 0.1 0.00942695 0.0705767 0 0 -0.0241266 0.027861 0.04
0.247772 1.11507 0.1 0.1 0.0132937 -0.022498 0 0 0.00197937 -0.0464251 0.01
0.179134 1.26682 0.1 0.1 -3.42228 7.55957 0 0 -0.43815 0.966784 0.04
0.108196 1.42218 0.1 0.1 -0.146468 0.257176 0 0 0.400725 -0.893443 0.04
0.107225 1.42237 0.1 0.1 -0.0478049 -0.217922 0 0 0.0488341 -0.237484 0.01
0.107667 1.42182 0.1 0.1 0.135779 0.107743 0 0 0.0921145 0.162605 0.01
0.107887 1.42248 0.1 0.1 -0.0914015 0.0238185 0 0 -0.113574 -0.0416641 0.01
0.107421 1.42214 0.1 0.1 0.0443239 -0.0580719 0 0 0.0338359 -0.0205555 0.02
0.108053 1.4221 0.1 0.1 -0.0254325 0.0557099 0 0 -0.00493946 0.00812507 0.07
0.10807 1.42216 0.1 0.1 0.0287342 -0.0444319 0 0 0.0271018 -0.0500462 0.01
