-0.136779 -2.53038 0.1 0.1 0.0983619 -0.0677416 0 0 0 0 0
0.806208 -3.04892 0.1 0.1 18.4562 -3.76316 0 0 0.965277 -0.560036 0.1
2.46313 -2.93122 0.1 0.1 28.7638 4.3162 0 0 0.85478 0.351402 0.07
3.23939 -1.98021 0.1 0.1 -3.12648 19.2589 0 0 0.915696 0.993464 0.08
3.15733 -0.86866 0.1 0.1 -0.611778 25.1541 0 0 0.557023 0.700817 0.05
2.63901 1.50078 0.1 0.1 -12.1898 33.9637 0 0 -0.756621 0.698579 0.08
2.52564 1.83162 0.1 0.1 -10.4866 32.2078 0 0 0.79492 -0.712422 0.01
2.31506 2.46377 0.1 0.1 -10.5712 31.0113 0 0 -0.0741003 -0.141034 0.02
1.08448 3.0405 0.1 0.1 -16.6831 -4.04294 0 0 -0.407939 0.0555307 0.09
-0.351277 2.7312 0.1 0.1 -24.2501 -4.78611 0 0 -0.64325 -0.0750419 0.07
-3.06388 2.65923 0.1 0.1 -35.8567 3.06794 0 0 -0.795731 0.432916 0.09
-3.10919 2.41924 0.1 0.1 9.54709 -9.77502 0 0 0.780896 -0.934648 0.07
-2.89802 2.26465 0.1 0.1 11.5634 -5.69799 0 0 0.557172 0.980883 0.02
-1.7503 1.85137 0.1 0.1 17.0559 -4.64863 0 0 0.4153 0.0399945 0.08
-0.717119 1.49973 0.1 0.1 12.5166 -5.38923 0 0 -0.250518 -0.0778373 0.07
0.00734064 0.847895 0.1 0.1 3.71519 -9.04054 0 0 -0.449121 -0.239146 0.09
0.142431 0.649633 0.1 0.1 5.28294 -4.20113 0 0 0.284347 0.773767 0.03
0.158181 0.491858 0.1 0.1 -4.57081 -2.12716 0 0 -0.984765 0.191307 0.05
-0.0119098 0.490087 0.1 0.1 -2.25213 2.02177 0 0 0.215259 0.414879 0.05
-0.0431019 0.501213 0.1 0.1 -3.98342 0.206521 0 0 -0.882497 -0.90253 0.01
-0.0852638 0.503559 0.1 0.1 -0.245213 0.0286509 0 0 0.924992 -0.0435449 0.02
-0.0864107 0.504628 0.1 0.1 0.015388 0.184994 0 0 0.129894 0.0787674 0.01
-0.0866142 0.507436 0.1 0.1 -0.0355684 0.0961312 0 0 -0.0128116 -0.0215221 0.02
-0.0867969 0.508098 0.1 0.1 -0.00102375 0.036204 0 0 0.0171885 -0.0296319 0.01
-0.0388799 0.852622 0.1 0.1 1.05037 7.50786 0 0 0.0612612 0.434325 0.09
-0.00393151 1.1267 0.1 0.1 -0.039391 0.40575 0 0 -0.0755815 -0.487826 0.07
-0.00410337 1.12764 0.1 0.1 0.00494531 -0.216713 0 0 0.0220185 -0.31081 0.01
-0.00559544 1.12524 0.1 0.1 -0.153625 -0.0237523 0 0 -0.0400372 0.0476384 0.02
-0.0065076 1.12554 0.1 0.1 -0.0290134 0.0829725 0 0 0.0619182 0.0535368 0.01
-0.00682295 1.12723 0.1 0.1 -0.00260923 0.0859751 0 0 0.00652815 0.00117495 0.02
-0.00655339 1.12759 0.1 0.1 0.0204641 -0.0608601 0 0 0.00388729 -0.0244148 0.03
