-0.654342 1.64648 0.1 0.1 -0.0440267 -0.0982676 0 0 0 0 0
-0.590226 1.79874 0.1 0.1 2.58693 6.13658 0 0 0.269739 0.638859 0.05
-0.899795 2.56724 0.1 0.1 -10.1571 12.9841 0 0 -0.816203 0.476051 0.08
-1.3737 3.12153 0.1 0.1 -8.81063 -0.340776 0 0 0.0873797 0.808566 0.05
-2.14689 2.83404 0.1 0.1 -16.8814 -8.79751 0 0 -0.737168 -0.696224 0.06
-3.08585 2.05514 0.1 0.1 -14.4401 -17.0832 0 0 0.124865 -0.75535 0.06
-3.02275 0.605917 0.1 0.1 8.47773 -24.2395 0 0 0.9357 -0.614468 0.07
-2.83189 0.139177 0.1 0.1 10.6008 -22.4404 0 0 0.579191 0.333405 0.02
-2.47027 -0.532974 0.1 0.1 13.4928 -22.3699 0 0 0.542778 -0.100131 0.03
-0.578447 -2.49947 0.1 0.1 24.1689 -17.0467 0 0 0.628491 0.167637 0.1
1.0778 -3.09235 0.1 0.1 23.1634 2.35795 0 0 0.0463067 0.167214 0.07
2.85088 -2.46628 0.1 0.1 27.4444 15.3788 0 0 0.432703 0.974721 0.07
3.19234 -0.430766 0.1 0.1 -1.82364 29.6381 0 0 0.894334 0.905205 0.09
3.1396 0.152476 0.1 0.1 -3.44494 28.6893 0 0 -0.418943 -0.0915814 0.02
2.9175 1.75697 0.1 0.1 -5.42104 35.4341 0 0 -0.220409 0.835008 0.05
2.73074 2.88839 0.1 0.1 -7.02176 39.9716 0 0 -0.298714 0.944967 0.03
1.30865 2.65782 0.1 0.1 -21.1818 -13.0132 0 0 -0.779236 -0.712181 0.1
1.10176 2.5196 0.1 0.1 -20.1987 -14.6283 0 0 0.387839 -0.876571 0.01
0.357427 1.87324 0.1 0.1 -9.66308 -11.2539 0 0 0.979127 0.273114 0.05
-0.0156321 1.43782 0.1 0.1 0.203718 0.215484 0 0 0.59378 0.689882 0.08
-0.00962184 1.4426 0.1 0.1 0.0975011 0.0250767 0 0 -0.0125406 -0.0232094 0.04
-0.009478 1.44251 0.1 0.1 -0.0825172 -0.0343589 0 0 -0.0450048 -0.0148942 0.02
-0.0100856 1.44239 0.1 0.1 -0.039079 0.0113811 0 0 0.0214359 0.0228211 0.01
