2.2397 -2.26737 0.1 0.1 0.0998791 -0.044155 0 0 0 0 0
2.24391 -2.35987 0.1 0.1 0.0687844 -3.62593 0 0 -0.0026961 -0.36749 0.05
2.23484 -2.39601 0.1 0.1 -1.8789 -3.60295 0 0 -0.97872 -0.00659397 0.01
1.75435 -2.43825 0.1 0.1 -11.7344 2.32714 0 0 -0.738523 0.420593 0.07
0.757245 -2.71353 0.1 0.1 -13.1747 -9.05727 0 0 -0.152306 -0.728954 0.08
-0.610299 -3.00244 0.1 0.1 -17.155 2.65634 0 0 -0.29715 0.437151 0.09
-1.52447 -2.55495 0.1 0.1 -9.05875 10.043 0 0 0.513106 0.559601 0.07
-1.67816 -1.29985 0.1 0.1 5.02514 21.1855 0 0 0.871381 0.77503 0.08
-1.6138 -0.629823 0.1 0.1 -0.704998 23.4714 0 0 -0.944536 0.492429 0.03
-1.50238 0.311437 0.1 0.1 6.23038 23.5908 0 0 0.881895 0.13292 0.04
-1.44254 0.553496 0.1 0.1 5.73839 24.819 0 0 -0.216514 0.735185 0.01
-1.23535 1.36432 0.1 0.1 8.06431 29.2137 0 0 0.421791 0.867862 0.03
-0.637788 2.96373 0.1 0.1 15.7733 34.7172 0 0 0.829646 0.710553 0.05
0.106911 3.0297 0.1 0.1 -0.605151 -1.02511 0 0 -0.781816 0.98937 0.1
0.111212 3.00431 0.1 0.1 0.695338 -0.0401651 0 0 0.0815668 0.84871 0.08
0.121004 3.00385 0.1 0.1 -0.0389143 -0.00272856 0 0 -0.120774 0.969551 0.03
0.120218 3.00323 0.1 0.1 -0.000602286 -0.0132768 0 0 0.00469209 0.709489 0.04
0.0756662 2.58425 0.1 0.1 -1.25739 -11.8199 0 0 -0.0929699 -0.873398 0.07
0.0439683 2.22013 0.1 0.1 0.186017 -0.431318 0 0 0.117667 0.91887 0.06
0.0440862 2.21436 0.1 0.1 -0.173021 -0.147044 0 0 -0.0897648 0.0696336 0.02
0.0421118 2.21382 0.1 0.1 -0.221781 0.0389032 0 0 -0.0253735 0.0927192 0.01
0.0399976 2.21392 0.1 0.1 -0.201109 -0.0181108 0 0 0.00928197 -0.0284597 0.01
0.038973 2.2135 0.1 0.1 -0.00412194 -0.0659624 0 0 0.0980217 -0.0241362 0.01
0.0384203 2.21289 0.1 0.1 -0.0509954 0.004411 0 0 -0.0118607 0.0174426 0.02
0.0382026 2.21276 0.1 0.1 0.00734785 -0.0302006 0 0 0.0290743 -0.0173722 0.01
