-1.17207 -1.26236 0.1 0.1 -0.0824529 0.0445914 0 0 0 0 0
-0.829143 -1.03433 0.1 0.1 11.3979 7.48227 0 0 0.986318 0.639117 0.06
0.366302 -0.502439 0.1 0.1 15.1122 4.38384 0 0 0.273054 -0.142674 0.09
1.81414 -0.645587 0.1 0.1 26.1268 -8.32474 0 0 0.890627 -0.918086 0.07
2.81942 -1.12298 0.1 0.1 24.1508 -15.4971 0 0 -0.122231 -0.956969 0.04
3.12337 -1.93737 0.1 0.1 -7.26984 -7.86364 0 0 -0.993142 0.486601 0.07
2.37019 -2.88634 0.1 0.1 -11.5036 -15.7554 0 0 -0.311549 -0.552698 0.08
1.02444 -2.89987 0.1 0.1 -22.0002 7.64759 0 0 -0.740371 0.703285 0.08
-1.5613 -1.6045 0.1 0.1 -35.2579 20.9434 0 0 -0.880973 0.810063 0.09
-1.91804 -1.39117 0.1 0.1 -36.0895 21.7219 0 0 -0.595536 0.494552 0.01
-3.02113 -0.671526 0.1 0.1 -37.4433 26.2312 0 0 -0.410568 0.870304 0.03
-2.93435 2.36715 0.1 0.1 10.968 41.082 0 0 0.685568 0.994921 0.09
-2.8305 2.78331 0.1 0.1 9.80345 42.1494 0 0 -0.532043 0.741971 0.01
-1.50778 2.73509 0.1 0.1 19.4459 -16.4152 0 0 0.609431 -0.995081 0.09
-0.632508 2.17304 0.1 0.1 15.5971 -6.15256 0 0 -0.297298 0.97045 0.05
-0.188366 1.99205 0.1 0.1 14.0203 -5.91467 0 0 -0.188766 0.00968238 0.03
0.287288 1.79247 0.1 0.1 -0.263133 0.142382 0 0 -0.986746 0.418418 0.07
0.28608 1.79332 0.1 0.1 0.180363 -0.0848352 0 0 0.0737533 -0.0377258 0.03
0.287761 1.79162 0.1 0.1 -0.0116611 -0.0847149 0 0 -0.0476141 -0.000399764 0.02
0.287268 1.79117 0.1 0.1 -0.0868234 -0.0050949 0 0 -0.0378447 0.039588 0.01
0.287111 1.79118 0.1 0.1 0.055194 0.00736516 0 0 0.0709727 0.00624572 0.01
0.287259 1.79139 0.1 0.1 -0.025369 0.033592 0 0 -0.0402293 0.0132132 0.01
