-2.30994 -2.53347 0.1 0.1 -0.0766775 -0.0438189 0 0 0 0 0
-2.78229 -2.30709 0.1 0.1 -9.21782 4.49599 0 0 -0.480847 0.238325 0.1
-3.1975 -1.83832 0.1 0.1 0.510675 8.8463 0 0 0.262806 0.344289 0.07
-3.14681 -0.714802 0.1 0.1 0.17332 19.1049 0 0 -0.629117 0.711482 0.08
-2.68559 0.806139 0.1 0.1 12.8597 24.2899 0 0 0.940107 0.479422 0.07
-2.4192 1.31337 0.1 0.1 13.7761 26.4263 0 0 0.294801 0.661233 0.02
-2.09269 2.1398 0.1 0.1 8.01974 28.6577 0 0 -0.906939 0.509689 0.03
-1.88361 3.05871 0.1 0.1 -3.64695 -2.03643 0 0 -0.57318 0.463318 0.1
-1.94989 3.01028 0.1 0.1 0.957533 -0.326423 0 0 0.453927 0.615009 0.05
-1.94558 3.0061 0.1 0.1 -0.0934037 -0.507948 0 0 -0.523439 -0.0928419 0.01
-1.94399 3.00041 0.1 0.1 0.197897 -0.0259997 0 0 0.0488236 0.217252 0.03
-1.94295 3.00051 0.1 0.1 0.0103297 0.0355942 0 0 -0.0932887 0.492289 0.01
-1.48287 2.82084 0.1 0.1 11.3405 -4.46727 0 0 0.737087 -0.292724 0.08
-0.792103 2.09389 0.1 0.1 6.00038 -13.5849 0 0 -0.290661 -0.615338 0.08
-0.690339 1.6708 0.1 0.1 -1.86422 -3.42322 0 0 -0.776647 0.97395 0.05
-0.684199 1.59692 0.1 0.1 2.25291 -1.51228 0 0 0.687706 0.306342 0.03
-0.653565 1.58401 0.1 0.1 0.815235 0.215873 0 0 -0.351928 0.428827 0.02
-0.650809 1.58157 0.1 0.1 -0.535068 -0.457062 0 0 -0.337144 -0.168929 0.02
-0.654851 1.58045 0.1 0.1 -0.273897 0.231456 0 0 0.128711 0.34378 0.01
-0.657955 1.58524 0.1 0.1 -0.0372408 0.246807 0 0 0.058429 0.00504428 0.02
-0.658183 1.5864 0.1 0.1 -0.00834448 -0.0129995 0 0 0.014322 -0.12934 0.01
-0.658494 1.58617 0.1 0.1 -0.0124288 -0.00228523 0 0 -0.000732866 0.00174783 0.03
