3.11097 0.215508 0.1 0.1 0.0630357 -0.0344976 0 0 0 0 0
3.14835 1.02652 0.1 0.1 -0.173827 15.9881 0 0 0.934221 0.841814 0.1
2.4851 1.64498 0.1 0.1 -14.3541 -1.97613 0 0 -0.825421 -0.963902 0.09
0.97175 1.25355 0.1 0.1 -19.2023 -6.6527 0 0 -0.353844 -0.281344 0.09
-0.402161 0.723301 0.1 0.1 -15.1993 -6.60359 0 0 0.164297 -0.0297264 0.08
-1.61302 -0.287788 0.1 0.1 -9.12011 -13.5026 0 0 0.243537 -0.395396 0.1
-2.52565 -2.17296 0.1 0.1 -9.1362 -24.0254 0 0 -0.0459325 -0.62056 0.1
-2.72366 -2.89461 0.1 0.1 -4.08871 -24.084 0 0 0.809086 -0.130073 0.03
-2.61511 -2.99488 0.1 0.1 7.58987 7.05419 0 0 0.982402 0.95964 0.06
-2.06412 -1.7089 0.1 0.1 4.69539 21.3095 0 0 -0.12995 0.863519 0.09
-1.79662 0.0326771 0.1 0.1 2.96907 28.3674 0 0 -0.103597 0.628569 0.07
-1.07497 1.74782 0.1 0.1 14.9151 14.6935 0 0 0.791513 -0.747268 0.08
-0.75021 2.04302 0.1 0.1 17.5525 14.8261 0 0 0.740199 0.107302 0.02
-0.218813 2.5454 0.1 0.1 17.8723 18.647 0 0 0.1412 0.72091 0.03
0.612427 3.03091 0.1 0.1 0.853579 -1.48899 0 0 -0.8996 0.0640177 0.09
0.623766 2.99978 0.1 0.1 0.282224 -1.62432 0 0 -0.140038 -0.0416167 0.02
0.659185 2.79254 0.1 0.1 1.48078 -8.69021 0 0 0.154314 -0.909299 0.04
0.632508 2.08004 0.1 0.1 -2.33117 -14.9968 0 0 -0.320116 -0.585018 0.06
0.516481 1.39193 0.1 0.1 -0.279256 -0.511598 0 0 0.107647 0.766667 0.09
0.515036 1.38604 0.1 0.1 -0.0103549 -0.666773 0 0 0.133813 -0.080519 0.01
0.513898 1.38067 0.1 0.1 -0.216881 -0.407639 0 0 -0.103884 0.126882 0.01
0.511778 1.37726 0.1 0.1 0.0041658 0.0645242 0 0 0.0547993 0.117219 0.02
0.511701 1.37772 0.1 0.1 -0.0194929 0.0290184 0 0 -0.0118807 -0.0175248 0.01
0.511504 1.3779 0.1 0.1 -0.0198933 0.00628612 0 0 -0.00030123 -0.01128 0.01
