-1.63215 1.90875 0.1 0.1 -0.0119691 -0.0980765 0 0 0 0 0
-1.78556 2.04361 0.1 0.1 -5.05163 4.54695 0 0 -0.43293 0.398361 0.06
-1.8694 2.16857 0.1 0.1 -0.55971 3.78734 0 0 0.735022 -0.105744 0.03
-1.39308 2.55706 0.1 0.1 10.9721 4.83009 0 0 0.667309 0.0795632 0.09
-0.665938 2.69429 0.1 0.1 18.0547 0.693326 0 0 0.781149 -0.399928 0.05
0.177971 2.72013 0.1 0.1 24.1005 0.599379 0 0 0.861426 -0.00832861 0.04
1.56676 2.07909 0.1 0.1 4.01072 -13.1895 0 0 -0.935341 -0.721496 0.1
1.57949 1.55298 0.1 0.1 -3.43932 -7.89852 0 0 -0.74421 0.476492 0.05
0.868483 1.10731 0.1 0.1 -12.229 -2.09266 0 0 -0.528236 0.297801 0.09
0.503688 1.13742 0.1 0.1 -0.0524934 3.04514 0 0 0.985318 0.431057 0.06
0.523437 1.24645 0.1 0.1 1.36208 4.21786 0 0 0.239284 0.213721 0.03
0.5429 1.31776 0.1 0.1 -0.0574696 0.554685 0 0 -0.233691 -0.598804 0.03
0.537966 1.32172 0.1 0.1 -0.188365 -0.35094 0 0 -0.0170174 -0.112732 0.04
0.535725 1.31733 0.1 0.1 -0.0363099 -0.0888136 0 0 0.0374983 0.0644545 0.02
0.535644 1.31646 0.1 0.1 0.0200595 -0.0843237 0 0 0.0281672 0.00181895 0.01
0.5356 1.31634 0.1 0.1 -0.0287831 0.0599977 0 0 -0.0244462 0.0721074 0.01
0.307767 1.41406 0.1 0.1 -9.00989 3.81703 0 0 -0.921491 0.38537 0.05
-0.105095 1.56232 0.1 0.1 -0.2952 -0.45785 0 0 0.461529 -0.229178 0.09
-0.104554 1.55924 0.1 0.1 0.40221 -0.157727 0 0 0.349241 0.148611 0.01
-0.101715 1.55862 0.1 0.1 0.166157 0.0334591 0 0 -0.116671 0.0952789 0.01
-0.101415 1.5585 0.1 0.1 -0.105898 -0.0578011 0 0 -0.13598 -0.0457231 0.01
-0.102292 1.55795 0.1 0.1 -0.0695504 -0.0524119 0 0 0.0177482 0.00242277 0.01
-0.10222 1.5578 0.1 0.1 0.0838609 0.0229026 0 0 0.0768014 0.0376038 0.01
-0.101777 1.55836 0.1 0.1 0.00483267 0.089161 0 0 -0.0393141 0.0334084 0.01
-0.0993805 1.56563 0.1 0.1 0.0424655 0.0567676 0 0 0.00200245 -0.00125615 0.1
-0.0990962 1.56599 0.1 0.1 0.0144518 0.014754 0 0 -0.0138779 -0.0208342 0.01
