-2.06584 2.92717 0.1 0.1 -0.04608 -0.00552784 0 0 0 0 0
-1.72264 3.02807 0.1 0.1 11.3717 -0.323256 0 0 0.98032 0.692891 0.06
-1.37866 3.01495 0.1 0.1 11.5595 -0.37737 0 0 0.0886321 0.826103 0.03
0.309189 2.98837 0.1 0.1 25.7357 -0.213542 0 0 0.881538 0.00778632 0.09
0.821695 2.95096 0.1 0.1 25.5156 -3.51643 0 0 0.0731255 -0.835095 0.02
2.18438 2.40312 0.1 0.1 19.9624 -14.634 0 0 -0.349176 -0.972059 0.06
3.12247 1.70619 0.1 0.1 26.8954 -20.1762 0 0 0.984742 -0.779414 0.04
3.31795 1.50146 0.1 0.1 9.62208 -20.7682 0 0 0.551713 -0.399381 0.01
3.3415 1.10722 0.1 0.1 -3.23083 -18.664 0 0 0.206234 0.426892 0.02
2.56206 -1.58778 0.1 0.1 -12.0675 -34.964 0 0 -0.473271 -0.950071 0.1
1.9451 -2.89214 0.1 0.1 -18.7343 -30.2854 0 0 -0.909169 0.421678 0.04
-0.736784 -2.58177 0.1 0.1 -34.6377 14.4552 0 0 -0.929631 0.917397 0.1
-3.0045 -1.59882 0.1 0.1 -40.8886 18.2742 0 0 -0.711 0.398867 0.06
-3.18089 -0.617708 0.1 0.1 1.48909 3.75123 0 0 -0.524028 -0.752137 0.09
-2.41025 0.369734 0.1 0.1 15.4278 17.9784 0 0 0.81834 0.845683 0.09
-1.13617 1.4424 0.1 0.1 10.1398 3.71243 0 0 -0.201465 -0.659723 0.1
-0.260807 1.53372 0.1 0.1 9.32443 -1.60324 0 0 0.00321931 -0.290197 0.09
0.110595 1.47822 0.1 0.1 0.0838545 0.192078 0 0 -0.554706 0.10868 0.08
0.110221 1.47909 0.1 0.1 -0.158339 -0.0194759 0 0 -0.121392 -0.105388 0.01
0.109341 1.47827 0.1 0.1 -0.0178073 -0.142949 0 0 0.0698651 -0.0621402 0.01
0.1092 1.4777 0.1 0.1 -0.0104182 0.0289896 0 0 0.00364328 0.0857007 0.01
0.10912 1.47785 0.1 0.1 -0.00560494 0.000332843 0 0 0.00236556 -0.0142572 0.01
