-1.89819 2.85197 0.1 0.1 -0.0620846 -0.0339145 0 0 0 0 0
-1.90956 2.89431 0.1 0.1 -0.314638 1.43077 0 0 -0.0220044 0.125608 0.06
-1.1317 3.01541 0.1 0.1 15.6066 -0.451231 0 0 0.835156 0.670688 0.1
0.322912 3.0038 0.1 0.1 16.7017 -0.0122121 0 0 0.141666 0.880476 0.09
1.03465 3.00314 0.1 0.1 18.8707 -0.0117567 0 0 0.360155 0.701448 0.04
2.84349 2.44928 0.1 0.1 26.251 -13.6542 0 0 0.574591 -0.887237 0.08
3.32335 1.86546 0.1 0.1 -2.81424 -15.5229 0 0 0.0456378 -0.306566 0.04
3.25364 1.5361 0.1 0.1 -3.54001 -17.4078 0 0 0.042592 -0.553663 0.02
2.70377 0.407491 0.1 0.1 -14.6771 -20.1845 0 0 -0.975402 -0.325681 0.06
1.65996 -1.04558 0.1 0.1 -20.0677 -28.1703 0 0 -0.53642 -0.786958 0.06
0.354199 -2.69985 0.1 0.1 -23.4224 -26.9845 0 0 -0.386701 -0.0394912 0.06
-0.924911 -3.13105 0.1 0.1 -27.7054 4.46148 0 0 -0.556305 0.924417 0.05
-2.12852 -2.79919 0.1 0.1 -32.4431 12.0813 0 0 -0.742941 0.993997 0.04
-2.79589 -2.57394 0.1 0.1 -34.2877 10.4493 0 0 -0.628403 -0.352306 0.02
-3.02745 -1.5734 0.1 0.1 10.0634 11.7635 0 0 0.613001 0.128521 0.09
-2.93131 -1.45979 0.1 0.1 9.16624 10.9606 0 0 -0.40052 -0.344937 0.01
-1.95894 -0.304438 0.1 0.1 15.064 17.8314 0 0 0.430288 0.501707 0.08
-1.2754 0.4354 0.1 0.1 19.0872 19.1513 0 0 0.588887 0.257719 0.04
-0.365964 1.28079 0.1 0.1 11.3039 9.12835 0 0 -0.574188 -0.764957 0.06
0.0687518 1.67614 0.1 0.1 -1.4538 -0.202563 0 0 -0.685291 -0.496596 0.09
0.0572817 1.67715 0.1 0.1 -0.841235 0.403464 0 0 0.300788 0.303618 0.01
0.0589573 1.68485 0.1 0.1 0.944026 0.111175 0 0 0.298004 -0.0473957 0.03
0.0752293 1.67758 0.1 0.1 -0.123315 -0.470597 0 0 -0.131479 -0.0736619 0.04
0.0745915 1.66626 0.1 0.1 0.0959753 0.0135408 0 0 0.0218865 0.0472929 0.05
0.075299 1.66617 0.1 0.1 0.0456069 -0.0304475 0 0 -0.0248499 -0.0220442 0.01
0.0688149 1.66782 0.1 0.1 -1.34011 0.358936 0 0 -0.696515 0.195444 0.01
0.0244858 1.68171 0.1 0.1 0.057277 0.0417036 0 0 0.0967075 -0.0216555 0.07
0.0246142 1.68173 0.1 0.1 -0.0314507 -0.0374353 0 0 -0.0443337 -0.0395726 0.01
0.024228 1.68165 0.1 0.1 -0.045762 0.0214932 0 0 -0.00734892 0.0294287 0.01
