-0.577175 -0.228557 0.1 0.1 -0.0680499 -0.041226 0 0 0 0 0
-0.340675 -0.656561 0.1 0.1 6.74577 -12.0473 0 0 0.503799 -0.888122 0.07
0.565099 -1.72925 0.1 0.1 18.9923 -18.5241 0 0 0.939899 -0.53929 0.07
1.16969 -2.32933 0.1 0.1 21.3023 -21.4665 0 0 0.485535 -0.590859 0.03
2.15427 -3.13176 0.1 0.1 27.8827 -5.89444 0 0 0.945557 -0.549158 0.04
3.0142 -3.11375 0.1 0.1 29.4381 2.80851 0 0 0.402551 -0.576251 0.03
2.83978 -2.09374 0.1 0.1 -11.0042 17.3509 0 0 -0.686558 0.778294 0.1
1.71141 -0.171584 0.1 0.1 -11.5543 21.0306 0 0 -0.083962 0.28001 0.1
1.48933 0.234611 0.1 0.1 -10.6575 19.5937 0 0 0.168807 -0.257664 0.02
0.793777 1.21923 0.1 0.1 -9.23242 8.66565 0 0 0.0520145 -0.710273 0.07
0.615547 1.42768 0.1 0.1 -8.59271 12.1676 0 0 0.115776 0.927863 0.02
0.262756 2.03149 0.1 0.1 1.37131 0.110073 0 0 0.480791 -0.572707 0.1
0.279287 2.04369 0.1 0.1 0.285426 1.10649 0 0 -0.267454 0.252178 0.02
0.294992 2.04847 0.1 0.1 0.498401 -0.854446 0 0 0.0285799 -0.24456 0.04
0.295129 2.04826 0.1 0.1 -0.469367 0.810405 0 0 -0.483988 0.832431 0.01
0.295664 2.05055 0.1 0.1 0.574445 -0.350332 0 0 0.522382 -0.579286 0.01
0.298198 2.04502 0.1 0.1 -0.0664425 -0.756661 0 0 -0.319345 -0.205992 0.01
0.301819 2.03771 0.1 0.1 0.426916 0.0236599 0 0 0.124319 0.193297 0.02
0.308894 2.03637 0.1 0.1 0.0466514 -0.112109 0 0 -0.0622307 -0.0228596 0.03
0.309059 2.03511 0.1 0.1 -0.0137069 -0.140849 0 0 -0.0301128 -0.0150073 0.01
0.309305 2.0348 0.1 0.1 0.0627854 0.0778422 0 0 0.038396 0.109211 0.01
0.309296 2.03507 0.1 0.1 -0.0642713 -0.0231641 0 0 -0.0635673 -0.0503804 0.01
0.309261 2.03506 0.1 0.1 0.0570314 0.0203959 0 0 0.0606649 0.0217816 0.01
0.30973 2.03501 0.1 0.1 0.0367432 -0.0293885 0 0 -0.00991651 -0.02492 0.01
0.309993 2.03473 0.1 0.1 0.0160413 -0.0259445 0 0 -0.010224 0.00158322 0.01
