-3.10932 1.81178 0.1 0.1 -0.000195257 0.092747 0 0 0 0 0
-3.05631 1.22385 0.1 0.1 1.3088 -14.5954 0 0 0.0849674 -0.954901 0.08
-3.1617 0.498277 0.1 0.1 -5.04347 -21.6365 0 0 -0.993969 -0.971212 0.04
-3.08281 -1.38462 0.1 0.1 3.9051 -32.0377 0 0 0.356685 -0.877338 0.07
-2.62691 -3.01733 0.1 0.1 11.2216 -18.9067 0 0 0.648323 0.66046 0.06
-2.12875 -3.10922 0.1 0.1 13.6694 2.76929 0 0 0.368199 -0.0659924 0.04
-1.68747 -2.99709 0.1 0.1 15.7388 4.69668 0 0 0.418519 0.339939 0.03
0.619215 -2.82569 0.1 0.1 30.155 -1.16996 0 0 0.836364 -0.285015 0.1
2.46875 -2.38209 0.1 0.1 11.229 10.8471 0 0 -0.948906 0.692214 0.09
2.72509 -2.03931 0.1 0.1 5.8867 11.9993 0 0 -0.847743 0.249094 0.03
2.89778 -0.859105 0.1 0.1 -0.873993 21.6089 0 0 -0.470412 0.770717 0.07
2.80237 -0.161314 0.1 0.1 -5.46291 24.8942 0 0 -0.781118 0.663666 0.03
2.0949 1.32522 0.1 0.1 -12.1364 12.4345 0 0 -0.461955 -0.686032 0.08
0.779731 3.03184 0.1 0.1 -17.0162 20.7324 0 0 -0.344074 0.809698 0.09
-0.0808822 3.0151 0.1 0.1 -0.470821 -0.58639 0 0 0.784488 0.255435 0.1
-0.0876899 3.00754 0.1 0.1 -0.210817 -0.226387 0 0 0.0633113 0.699444 0.02
-0.0986428 3.00418 0.1 0.1 -0.335996 -0.0181029 0 0 -0.0170216 0.987028 0.04
-0.138564 2.84829 0.1 0.1 -1.25319 -6.16633 0 0 -0.095714 -0.630514 0.05
0.016139 1.66179 0.1 0.1 4.25603 -17.3771 0 0 0.283205 -0.61995 0.1
0.0351222 0.0891665 0.1 0.1 -3.74314 -14.1292 0 0 -0.399499 0.0836775 0.1
-0.0642007 -0.423681 0.1 0.1 -0.258766 -6.44868 0 0 0.339208 0.717032 0.05
-0.102776 -0.531834 0.1 0.1 -1.66061 0.991418 0 0 -0.179893 0.916589 0.04
-0.141841 -0.469684 0.1 0.1 0.0834967 1.49042 0 0 0.170709 0.0561869 0.05
-0.182728 -0.234404 0.1 0.1 -1.23632 5.18873 0 0 -0.0971937 0.280981 0.07
-0.140971 0.702309 0.1 0.1 2.11482 15.4729 0 0 0.188871 0.623554 0.09
-0.0961923 1.02552 0.1 0.1 2.36229 16.844 0 0 0.0729541 0.423653 0.02
-0.0167706 1.34114 0.1 0.1 5.56928 14.7251 0 0 0.821768 -0.450697 0.02
0.197943 1.89712 0.1 0.1 -0.127202 -0.621099 0 0 -0.343096 -0.924593 0.08
0.197064 1.89374 0.1 0.1 -0.0486621 -0.0562772 0 0 0.038881 0.280773 0.01
0.197096 1.89345 0.1 0.1 0.054829 -0.00166085 0 0 0.0517924 0.0271736 0.01
0.197532 1.89352 0.1 0.1 0.032542 0.0147556 0 0 -0.0109303 0.00824128 0.01
