-0.540948 -2.77365 0.1 0.1 0.0917343 -0.0879147 0 0 0 0 0
-0.715067 -2.88642 0.1 0.1 -6.99748 -4.3871 0 0 -0.7265 -0.441251 0.05
-1.26823 -2.81607 0.1 0.1 -11.3972 6.62218 0 0 -0.412875 0.923453 0.06
-1.75739 -2.44293 0.1 0.1 -13.05 11.9989 0 0 -0.267893 0.718778 0.04
-1.89495 -2.32293 0.1 0.1 -14.4592 12.0015 0 0 -0.773793 0.0611332 0.01
-2.56155 -1.71638 0.1 0.1 -18.8412 18.2846 0 0 -0.631555 0.86103 0.04
-3.17957 -0.0808452 0.1 0.1 3.95445 22.545 0 0 0.886179 0.368839 0.08
-2.7434 1.28915 0.1 0.1 10.5219 23.1157 0 0 0.583685 0.161962 0.06
-1.40602 2.88912 0.1 0.1 22.7481 16.9661 0 0 0.847187 -0.284152 0.08
-1.18461 3.06213 0.1 0.1 21.5361 14.3308 0 0 -0.495579 0.420577 0.01
-0.0224303 3.0134 0.1 0.1 2.03302 -0.488444 0 0 -0.917253 0.314664 0.1
-0.0119922 3.0011 0.1 0.1 0.0578913 -1.96916 0 0 -0.982558 -0.746592 0.01
-0.0114299 2.98216 0.1 0.1 0.0545627 -1.81817 0 0 -0.00138744 0.0660403 0.01
-0.0124649 2.97346 0.1 0.1 -0.261023 0.0748965 0 0 -0.158391 0.942353 0.01
-0.153244 2.70736 0.1 0.1 -2.51688 -5.30727 0 0 -0.119858 -0.282455 0.1
-0.413906 1.65896 0.1 0.1 -3.26264 -17.803 0 0 -0.0561485 -0.752569 0.09
-0.561292 0.873709 0.1 0.1 -0.0625185 0.0846798 0 0 0.169863 0.950359 0.09
-0.241053 1.19987 0.1 0.1 7.96238 7.96419 0 0 0.522117 0.513107 0.08
0.0255597 1.51784 0.1 0.1 -1.17617 0.09001 0 0 -0.555091 -0.472448 0.08
0.0219789 1.51873 0.1 0.1 0.457288 0.0890173 0 0 0.815513 0.000102192 0.01
0.0251899 1.51989 0.1 0.1 0.185361 0.14336 0 0 -0.134449 0.027732 0.01
0.0251059 1.52123 0.1 0.1 -0.201519 0.125068 0 0 -0.19362 -0.00851169 0.01
0.0223991 1.52214 0.1 0.1 0.0199577 -0.0637443 0 0 0.0364819 -0.0313165 0.03
0.0226828 1.52178 0.1 0.1 0.00845626 0.027558 0 0 -0.00280225 0.0227393 0.02
