1.93398 1.0724 0.1 0.1 -0.024406 0.0993577 0 0 0 0 0
1.76414 1.18528 0.1 0.1 -5.58145 3.62792 0 0 -0.477558 0.30339 0.06
1.39027 2.18451 0.1 0.1 -2.76748 18.3564 0 0 0.135754 0.87395 0.09
1.25212 2.80871 0.1 0.1 -6.42407 23.2326 0 0 -0.632821 0.916878 0.03
1.10112 2.89855 0.1 0.1 2.53011 -9.10451 0 0 0.550419 -0.827774 0.08
2.29827 1.07892 0.1 0.1 21.1009 -26.9928 0 0 0.988911 -0.985319 0.1
2.74125 0.516749 0.1 0.1 23.1906 -29.2168 0 0 0.633864 -0.69609 0.02
3.25075 -1.91917 0.1 0.1 -3.37159 -40.2539 0 0 0.647943 -0.963183 0.07
2.21486 -2.91597 0.1 0.1 -17.1124 10.599 0 0 -0.738786 0.890068 0.1
2.03986 -2.80261 0.1 0.1 -17.8868 12.0712 0 0 -0.474934 0.792864 0.01
1.11623 -1.98623 0.1 0.1 -19.0481 20.514 0 0 -0.208751 0.925822 0.05
0.374973 -1.06954 0.1 0.1 -18.0222 25.2884 0 0 0.0354255 0.71114 0.04
-0.50795 0.742389 0.1 0.1 -11.4742 35.0112 0 0 0.47286 0.961495 0.06
-0.817005 2.26842 0.1 0.1 -4.02573 41.2492 0 0 0.892372 0.970876 0.04
-0.852564 2.68874 0.1 0.1 -3.08764 42.813 0 0 0.45045 0.99223 0.01
-0.391211 2.81188 0.1 0.1 13.0976 -13.1987 0 0 0.925137 -0.805272 0.09
0.0568216 2.21207 0.1 0.1 4.89234 -10.8135 0 0 -0.775959 0.178626 0.05
0.230812 1.838 0.1 0.1 0.13425 7.57867e-05 0 0 -0.327545 0.745793 0.07
0.232246 1.83739 0.1 0.1 0.00957755 -0.06175 0 0 -0.0308289 -0.0156174 0.02
0.232342 1.83694 0.1 0.1 0.00967827 -0.0275299 0 0 0.0001005 0.01689 0.01
