-2.94868 -0.481931 0.1 0.1 -0.0370464 0.0239138 0 0 0 0 0
-3.1842 -0.87061 0.1 0.1 1.06273 -8.5351 0 0 -0.841271 -0.49717 0.09
-2.66489 -1.901 0.1 0.1 13.6289 -20.7611 0 0 0.935168 -0.946902 0.07
-2.43128 -2.34542 0.1 0.1 9.74549 -23.6718 0 0 -0.912954 -0.83911 0.02
-0.538796 -3.05511 0.1 0.1 27.8031 1.94413 0 0 0.997685 -0.362126 0.1
2.18569 -2.9554 0.1 0.1 40.1444 0.567519 0 0 0.941821 -0.0800486 0.08
3.00273 -2.97822 0.1 0.1 41.5548 -2.83836 0 0 0.556952 -0.857666 0.02
3.02312 -2.57631 0.1 0.1 -8.01128 11.5551 0 0 -0.362956 0.822192 0.09
2.06048 -0.866154 0.1 0.1 -13.3019 26.2291 0 0 -0.347511 0.910221 0.09
1.92634 -0.613757 0.1 0.1 -13.5249 24.2535 0 0 -0.179075 -0.861909 0.01
1.79283 -0.381305 0.1 0.1 -13.1778 22.2403 0 0 0.106567 -0.890565 0.01
1.16074 0.733556 0.1 0.1 -7.94395 14.994 0 0 0.383735 -0.510885 0.06
1.08997 0.892203 0.1 0.1 -6.21423 16.7325 0 0 0.83058 0.949064 0.01
0.852773 1.40519 0.1 0.1 -5.64954 8.96853 0 0 0.0407328 -0.90649 0.04
0.564693 1.82226 0.1 0.1 -0.824484 0.427998 0 0 0.252164 -0.451332 0.09
0.563251 1.82267 0.1 0.1 0.533879 -0.344359 0 0 0.678805 -0.385959 0.01
0.565496 1.81824 0.1 0.1 -0.0839028 -0.542531 0 0 -0.307958 -0.101358 0.01
0.565108 1.81649 0.1 0.1 0.00609481 0.192337 0 0 0.0448744 0.36663 0.01
0.565258 1.818 0.1 0.1 0.0240103 0.109129 0 0 0.00903325 -0.0408568 0.01
0.564473 1.82069 0.1 0.1 -0.0494695 -0.018194 0 0 -0.00619359 -0.0103886 0.06
0.562243 1.8204 0.1 0.1 -0.0619074 0.00374362 0 0 -0.00183395 0.00270673 0.04
0.560536 1.82031 0.1 0.1 -0.0519842 -0.00976542 0 0 0.00136994 -0.00226692 0.03
0.560484 1.82019 0.1 0.1 0.0464531 -0.00244671 0 0 0.0246107 0.00180245 0.02
0.560662 1.82008 0.1 0.1 -0.0107022 -0.0202822 0 0 -0.028506 -0.00897957 0.01
