2.9433 0.572415 0.1 0.1 -0.0754042 0.0523856 0 0 0 0 0
2.17654 0.552522 0.1 0.1 -16.7143 -0.48694 0 0 -0.967964 -0.0313478 0.09
1.05117 0.891083 0.1 0.1 -11.4898 8.82698 0 0 0.256792 0.603624 0.08
0.932996 0.981138 0.1 0.1 -12.1436 9.18349 0 0 -0.38616 0.223336 0.01
-0.718919 0.934804 0.1 0.1 -20.7494 -9.79487 0 0 -0.513582 -0.951242 0.1
-3.0915 0.291324 0.1 0.1 -31.8098 -4.58257 0 0 -0.747071 0.25404 0.09
-3.32009 0.263034 0.1 0.1 4.3346 3.12316 0 0 -0.0825658 0.961633 0.04
-2.71101 0.548119 0.1 0.1 12.9675 5.00012 0 0 0.660818 0.154724 0.07
-1.90176 0.744074 0.1 0.1 19.3493 2.85568 0 0 0.719596 -0.194485 0.05
-1.35008 0.805933 0.1 0.1 17.439 1.27617 0 0 -0.226895 -0.252831 0.03
-0.798461 0.939349 0.1 0.1 10.1903 5.36755 0 0 -0.837943 0.528061 0.04
-0.00585123 1.03505 0.1 0.1 9.63191 -2.86517 0 0 0.0144355 -0.508569 0.08
0.287004 1.04401 0.1 0.1 5.04153 3.27217 0 0 -0.537495 0.768306 0.04
0.205377 1.3156 0.1 0.1 -6.68024 2.77046 0 0 -0.656308 -0.0129435 0.09
-0.0367311 1.4331 0.1 0.1 0.531592 0.201407 0 0 0.435927 -0.15314 0.08
-0.0344928 1.43331 0.1 0.1 -0.0829117 -0.15852 0 0 -0.306398 -0.179951 0.01
-0.0340253 1.43221 0.1 0.1 0.175988 -0.0613456 0 0 0.12979 0.0480725 0.01
-0.0342577 1.43184 0.1 0.1 -0.221818 -0.0134758 0 0 -0.199162 0.0237117 0.01
-0.0347975 1.43139 0.1 0.1 0.113299 -0.0751596 0 0 0.167407 -0.031035 0.01
-0.0343076 1.43019 0.1 0.1 -0.0150931 -0.164835 0 0 -0.0640077 -0.0454587 0.01
-0.034387 1.42754 0.1 0.1 0.00707438 -0.100293 0 0 0.00552939 0.0154771 0.02
-0.0344816 1.42744 0.1 0.1 -0.0259354 0.07931 0 0 -0.0165461 0.0897619 0.01
-0.0346649 1.42751 0.1 0.1 -0.010754 -0.0656756 0 0 0.00748987 -0.0724703 0.01
-0.033774 1.42517 0.1 0.1 0.0459202 -0.0282612 0 0 0.0057615 0.00350919 0.05
-0.0336757 1.4251 0.1 0.1 -0.0261463 0.0152009 0 0 -0.0360065 0.0216949 0.01
