-0.511988 -2.8034 0.1 0.1 -0.0994816 -0.0427538 0 0 0 0 0
-0.626073 -2.39795 0.1 0.1 -2.40133 8.9184 0 0 -0.134259 0.520455 0.09
-1.16677 -1.40214 0.1 0.1 -12.9236 19.4116 0 0 -0.790566 0.820635 0.07
-1.63766 0.340802 0.1 0.1 -0.674095 30.2594 0 0 0.842505 0.89971 0.07
-1.61663 1.19864 0.1 0.1 2.06283 26.9463 0 0 0.459293 -0.409159 0.03
-1.39538 2.25638 0.1 0.1 8.95432 25.9478 0 0 0.88859 0.00754019 0.04
-1.30649 2.51903 0.1 0.1 8.82422 26.5802 0 0 -0.021487 0.447628 0.01
-0.645489 3.07957 0.1 0.1 7.71452 -2.67089 0 0 -0.0280909 0.322677 0.08
-0.386361 3.00819 0.1 0.1 -0.218356 -0.200723 0 0 -0.548272 0.871078 0.07
0.223762 2.31638 0.1 0.1 13.5694 -14.9522 0 0 0.800155 -0.858088 0.09
0.662433 1.78104 0.1 0.1 4.05711 -6.53142 0 0 -0.907692 0.78869 0.05
0.708147 1.19332 0.1 0.1 -3.0244 -5.24419 0 0 -0.352062 0.0349237 0.1
0.615557 1.12069 0.1 0.1 -3.1477 0.373846 0 0 -0.0357765 0.9244 0.03
0.290293 1.27049 0.1 0.1 -4.95981 3.33172 0 0 -0.133623 0.194249 0.08
-0.00579449 1.62461 0.1 0.1 -6.86776 10.7711 0 0 -0.220359 0.779478 0.05
-0.191989 1.95321 0.1 0.1 0.586868 0.287324 0 0 0.605963 -0.846329 0.06
-0.190429 1.95444 0.1 0.1 -0.477517 -0.202811 0 0 -0.177237 -0.0815141 0.03
-0.193002 1.95625 0.1 0.1 -0.0377255 0.56348 0 0 0.218758 0.384137 0.01
-0.194209 1.96014 0.1 0.1 -0.203467 0.215156 0 0 -0.0835332 -0.172254 0.01
-0.205397 1.81883 0.1 0.1 -0.24363 -5.81749 0 0 -0.00520983 -0.617501 0.05
-0.209476 1.69499 0.1 0.1 0.0377042 -0.410387 0 0 0.0347565 0.66053 0.04
-0.208243 1.67903 0.1 0.1 0.0240427 -0.388104 0 0 -0.00155436 0.000789757 0.04
-0.207758 1.67356 0.1 0.1 -0.0136996 0.267861 0 0 -0.00185912 0.0325303 0.1
-0.20807 1.67509 0.1 0.1 -0.0487728 0.0378946 0 0 -0.0177214 -0.114242 0.01
-0.208322 1.6749 0.1 0.1 -0.00173646 -0.075357 0 0 0.0233986 -0.0567262 0.01
-0.208233 1.67362 0.1 0.1 0.0106761 -0.0530488 0 0 0.00312841 0.00525766 0.02
-0.208038 1.67327 0.1 0.1 0.0282848 -0.0164471 0 0 0.00891016 0.0181317 0.01
