2.94326 -1.66767 0.1 0.1 -0.0059617 0.0607123 0 0 0 0 0
3.16045 -1.75225 0.1 0.1 3.80219 -1.91056 0 0 0.277046 -0.11421 0.09
3.12253 -1.70889 0.1 0.1 -4.65485 4.03857 0 0 -0.914284 0.749042 0.04
2.57726 -1.11141 0.1 0.1 -8.91991 10.8085 0 0 -0.300807 0.460433 0.08
0.962706 -0.776164 0.1 0.1 -23.1349 -3.85812 0 0 -0.792448 -0.717136 0.1
-0.784232 -1.72775 0.1 0.1 -11.9908 -14.9885 0 0 0.470603 -0.604344 0.1
-1.0491 -2.04493 0.1 0.1 -14.4882 -16.7239 0 0 -0.690254 -0.513449 0.02
-1.19264 -2.22059 0.1 0.1 -14.2198 -18.4064 0 0 0.063176 -0.929413 0.01
-1.43545 -2.59062 0.1 0.1 -10.0742 -18.5959 0 0 0.976656 -0.140002 0.02
-2.82545 -2.93688 0.1 0.1 -20.6553 8.05901 0 0 -0.66521 0.877657 0.09
-3.18251 -2.498 0.1 0.1 5.84779 4.52131 0 0 0.750956 -0.221478 0.07
-2.30049 -1.51 0.1 0.1 13.6325 17.2436 0 0 0.482091 0.761736 0.09
-1.52437 0.310549 0.1 0.1 5.87734 28.1248 0 0 -0.43592 0.793742 0.08
-0.486421 2.50091 0.1 0.1 17.0231 20.6619 0 0 0.676229 -0.292736 0.09
0.426865 3.02668 0.1 0.1 1.49978 -1.10945 0 0 -0.73076 0.160386 0.1
0.441944 3.0177 0.1 0.1 1.51609 -0.714507 0 0 0.0156871 0.434137 0.01
0.477415 3.00641 0.1 0.1 0.851949 -0.167155 0 0 -0.10481 0.739664 0.03
0.48107 3.00506 0.1 0.1 -0.119414 -0.107565 0 0 -0.483976 0.664053 0.01
0.480564 3.00427 0.1 0.1 0.0180466 -0.0550374 0 0 0.0684933 0.895341 0.01
0.307831 2.49756 0.1 0.1 -4.27858 -12.4475 0 0 -0.279423 -0.80632 0.08
0.0897838 1.97861 0.1 0.1 -0.6226 0.71783 0 0 0.19106 0.70272 0.09
0.0837632 1.97878 0.1 0.1 -0.581593 -0.682225 0 0 0.0174436 -0.700063 0.01
0.0827406 1.97546 0.1 0.1 0.375486 0.0162682 0 0 0.478302 0.347687 0.01
0.0831009 1.97535 0.1 0.1 -0.302313 -0.0364137 0 0 -0.338895 -0.0264254 0.01
0.0812663 1.97477 0.1 0.1 -0.0649973 -0.0811486 0 0 0.117799 -0.0226551 0.01
0.0816972 1.97401 0.1 0.1 0.107511 0.00483688 0 0 0.0432588 0.0213138 0.02
0.0820352 1.97434 0.1 0.1 -0.0396557 0.0620008 0 0 -0.0734496 0.0287478 0.01
0.0818036 1.97511 0.1 0.1 -0.00672841 0.0916684 0 0 0.0163575 0.0152221 0.01
0.0816753 1.97576 0.1 0.1 -0.0189162 0.0385632 0 0 -0.00616346 -0.0262323 0.01
0.0815562 1.97583 0.1 0.1 -0.00492304 -0.0234002 0 0 0.00693791 -0.0309488 0.01
