-1.8379 -2.3918 0.1 0.1 -0.0996721 0.0547547 0 0 0 0 0
-1.75843 -2.2821 0.1 0.1 4.04578 5.39479 0 0 0.528341 0.681338 0.04
-0.701363 -1.3964 0.1 0.1 16.8789 12.2063 0 0 0.695191 0.384854 0.1
-0.346919 -1.13741 0.1 0.1 18.5598 13.6878 0 0 0.509913 0.434945 0.02
0.207897 -0.763761 0.1 0.1 18.4289 11.2345 0 0 0.0710482 -0.34698 0.03
1.03299 -0.399521 0.1 0.1 22.7968 7.00561 0 0 0.649785 -0.483223 0.04
3.27652 0.149003 0.1 0.1 26.8628 6.71285 0 0 0.788325 0.0160026 0.08
2.71626 1.34645 0.1 0.1 -13.911 17.0537 0 0 -0.659805 0.576313 0.1
2.0505 2.30107 0.1 0.1 -12.7286 21.0974 0 0 0.0519391 0.500103 0.05
1.0942 3.08456 0.1 0.1 -11.1993 -3.38234 0 0 0.0359231 -0.532682 0.08
0.382765 2.91584 0.1 0.1 -3.16329 -0.0476475 0 0 0.366318 0.158319 0.1
0.291145 3.02027 0.1 0.1 0.502702 -0.184006 0 0 0.255379 0.449436 0.07
0.29529 3.0174 0.1 0.1 0.326476 -0.347941 0 0 -0.0860591 0.234778 0.01
0.300589 3.00594 0.1 0.1 -0.110867 -0.101474 0 0 -0.0432164 0.830286 0.05
0.28742 3.00247 0.1 0.1 -0.180736 -0.00503863 0 0 -0.0046144 0.587369 0.09
0.287052 3.0024 0.1 0.1 0.10676 -0.0080509 0 0 0.1436 0.509076 0.01
0.287918 3.00228 0.1 0.1 0.0664391 -0.0138744 0 0 -0.0197326 0.410403 0.01
0.288075 3.00211 0.1 0.1 -0.0349235 -0.0188463 0 0 -0.0506154 0.328045 0.01
0.141843 2.67031 0.1 0.1 -4.79165 -10.9321 0 0 -0.408676 -0.937228 0.06
0.0457472 2.43244 0.1 0.1 -1.63068 -4.95519 0 0 0.510905 0.956686 0.03
0.000337039 2.24893 0.1 0.1 0.0996174 -1.19957 0 0 0.140457 0.297733 0.06
0.00172999 2.23959 0.1 0.1 0.0398764 0.261038 0 0 -0.01458 0.36288 0.02
0.00420984 2.2421 0.1 0.1 0.20755 -0.00971093 0 0 0.0425529 -0.0670714 0.02
0.00549888 2.2418 0.1 0.1 0.0505195 -0.0503891 0 0 -0.0779035 -0.0204959 0.01
0.00550308 2.2417 0.1 0.1 -0.0495123 0.0303365 0 0 -0.0500328 0.0403181 0.01
0.00525694 2.2418 0.1 0.1 0.000202085 -0.0104359 0 0 0.0247436 -0.0203392 0.01
