-2.63555 -0.326063 0.1 0.1 0.0609154 -0.00980192 0 0 0 0 0
-2.42261 0.122369 0.1 0.1 5.19421 11.0729 0 0 0.334768 0.720937 0.08
-1.39358 0.40967 0.1 0.1 17.4886 -4.45587 0 0 0.740589 -0.846575 0.09
-0.0240099 -0.120258 0.1 0.1 28.0582 -13.1213 0 0 0.995672 -0.765981 0.06
2.56567 -1.74138 0.1 0.1 36.5743 -27.2145 0 0 0.693634 -0.982945 0.08
3.43163 -2.60957 0.1 0.1 6.53146 -30.6496 0 0 -0.405373 -0.718284 0.03
3.44426 -2.91735 0.1 0.1 -2.45585 -30.9045 0 0 -0.675934 -0.281274 0.01
2.57889 -2.83436 0.1 0.1 -17.8039 11.4095 0 0 -0.934165 0.905177 0.08
1.15791 -1.52702 0.1 0.1 -17.7213 21.1451 0 0 -0.0838629 0.690038 0.08
0.976237 -1.32562 0.1 0.1 -18.612 19.1375 0 0 -0.537056 -0.903694 0.01
0.784883 -1.1425 0.1 0.1 -19.6571 17.4906 0 0 -0.61925 -0.732561 0.01
-0.0415783 -0.0476016 0.1 0.1 -8.00933 18.99 0 0 0.902679 0.216407 0.06
-0.25041 1.05029 0.1 0.1 1.92764 12.4547 0 0 0.695351 -0.388214 0.07
-0.183309 1.43993 0.1 0.1 0.324446 0.651406 0 0 -0.128414 -0.951337 0.06
-0.179733 1.44059 0.1 0.1 0.390527 -0.51708 0 0 0.0347349 -0.584006 0.01
-0.165125 1.40355 0.1 0.1 -0.0198597 -0.410356 0 0 -0.024754 0.00435112 0.08
-0.16516 1.39964 0.1 0.1 0.0128667 -0.371986 0 0 0.0163621 0.0172363 0.01
-0.165082 1.39841 0.1 0.1 0.00271756 0.125934 0 0 -0.00498714 0.248389 0.01
-0.164743 1.39882 0.1 0.1 0.0651305 -0.0448541 0 0 0.031382 -0.0852002 0.01
-0.164648 1.39883 0.1 0.1 -0.0461002 0.0462737 0 0 -0.0556008 0.045564 0.01
-0.16454 1.39911 0.1 0.1 0.0674884 0.0110402 0 0 0.0568876 -0.0174647 0.01
-0.162098 1.39906 0.1 0.1 0.0547223 -0.0136345 0 0 -0.00129231 -0.00309209 0.04
-0.161685 1.39894 0.1 0.1 0.0279437 -0.0104477 0 0 -0.0131926 0.00153063 0.01
