0.146341 -2.82488 0.1 0.1 -0.0647849 0.0364472 0 0 0 0 0
0.0690362 -2.68525 0.1 0.1 -3.77571 6.89975 0 0 -0.473684 0.875529 0.04
-0.01653 -1.41986 0.1 0.1 1.96636 18.2192 0 0 0.283149 0.629353 0.1
0.0695918 0.286954 0.1 0.1 0.512534 30.4048 0 0 -0.0971944 0.99243 0.07
0.060423 0.915825 0.1 0.1 -1.42263 32.4754 0 0 -0.486986 0.674807 0.02
-0.343342 2.64451 0.1 0.1 -11.9347 25.2191 0 0 -0.910707 -0.460809 0.06
-0.820572 3.05044 0.1 0.1 -0.152478 -1.69846 0 0 0.706818 0.396978 0.08
-0.836817 2.98167 0.1 0.1 -0.494472 -1.05753 0 0 -0.0358356 0.0572291 0.05
-0.885732 3.01286 0.1 0.1 -0.72542 -0.316057 0 0 -0.017497 0.649432 0.08
-0.889647 3.00913 0.1 0.1 -0.0586131 -0.428753 0 0 0.331531 -0.0582345 0.01
-0.907526 3.00131 0.1 0.1 -0.384051 -0.00551937 0 0 -0.0214636 0.302178 0.08
-0.916874 3.00089 0.1 0.1 -0.0853214 -0.00801221 0 0 0.036182 0.161883 0.04
-0.663944 3.00051 0.1 0.1 8.43117 -0.000819383 0 0 0.730962 0.0828286 0.06
-0.425983 3.00111 0.1 0.1 -0.410721 0.00259852 0 0 -0.717178 0.290939 0.06
-0.428729 3.00109 0.1 0.1 -0.139032 -0.00565638 0 0 0.134505 0.170954 0.01
-0.430173 3.00112 0.1 0.1 -0.00580864 0.00507992 0 0 0.032953 0.341356 0.02
-0.152287 2.33532 0.1 0.1 5.47236 -13.1027 0 0 0.287893 -0.688795 0.1
0.00931071 1.83691 0.1 0.1 1.02861 -6.8857 0 0 -0.428416 0.571948 0.05
0.0373888 1.55433 0.1 0.1 -0.308961 -0.266816 0 0 -0.0818466 0.396078 0.08
0.0212504 1.54726 0.1 0.1 -0.496705 -0.0879086 0 0 -0.0254978 0.0214794 0.04
0.0187295 1.54608 0.1 0.1 -0.00829607 -0.148022 0 0 0.243108 -0.0306082 0.01
0.0187317 1.54556 0.1 0.1 0.00845919 0.0944361 0 0 0.00420308 0.0604937 0.02
0.0185208 1.546 0.1 0.1 -0.0505367 -0.00560966 0 0 -0.0296328 -0.0498151 0.01
