2.73643 -0.890169 0.1 0.1 0.0481904 -0.057495 0 0 0 0 0
2.56486 -0.587768 0.1 0.1 -5.70962 10.0367 0 0 -0.494319 0.866364 0.06
1.95103 -0.120188 0.1 0.1 -14.6619 5.59376 0 0 -0.798157 -0.331658 0.06
0.563024 -0.131329 0.1 0.1 -24.8765 -5.77936 0 0 -0.829889 -0.813614 0.07
-0.723764 -0.801324 0.1 0.1 -18.0856 -16.4467 0 0 0.459247 -0.944907 0.06
-3.28729 -1.44719 0.1 0.1 -26.6083 3.20337 0 0 -0.870649 0.94956 0.1
-2.72443 -0.464336 0.1 0.1 16.6916 18.4139 0 0 0.978322 0.900231 0.09
-2.5584 -0.27535 0.1 0.1 16.5144 19.3817 0 0 -0.00508829 0.578369 0.01
-1.98314 0.249949 0.1 0.1 21.81 15.6566 0 0 0.979222 -0.533058 0.03
-1.54194 0.542309 0.1 0.1 22.3082 13.5861 0 0 0.234434 -0.444366 0.02
-1.31313 0.669894 0.1 0.1 23.4516 11.9337 0 0 0.685909 -0.762032 0.01
-0.706538 1.03296 0.1 0.1 17.0203 12.2688 0 0 -0.972319 0.116358 0.03
0.137426 1.60612 0.1 0.1 0.137269 -0.590781 0 0 -0.8029 -0.614507 0.1
0.139665 1.60206 0.1 0.1 0.310161 -0.221477 0 0 0.0876534 0.182669 0.01
0.142952 1.60055 0.1 0.1 0.347182 -0.0806001 0 0 0.0201784 0.0696992 0.01
0.144718 1.59815 0.1 0.1 0.00661977 -0.398492 0 0 -0.169539 -0.160201 0.01
0.143386 1.59576 0.1 0.1 -0.272575 -0.0796607 0 0 -0.140331 0.158226 0.01
0.140647 1.59456 0.1 0.1 0.0881824 -0.000656169 0 0 0.0597124 0.01298 0.03
0.14078 1.59465 0.1 0.1 -0.0613105 0.018409 0 0 -0.0747285 0.00956614 0.01
0.140739 1.59541 0.1 0.1 0.0584431 0.019495 0 0 0.0149741 0.000233069 0.04
