-1.1733 1.77184 0.1 0.1 0.0962848 0.0259872 0 0 0 0 0
-1.17442 1.76527 0.1 0.1 -0.319412 -1.33798 0 0 -0.208621 -0.685412 0.01
-1.17523 1.01308 0.1 0.1 0.293819 -13.5033 0 0 0.0304578 -0.645974 0.1
-1.48014 -0.21141 0.1 0.1 -7.80917 -17.0613 0 0 -0.526222 -0.299127 0.08
-1.64173 -0.568254 0.1 0.1 -8.34797 -18.6179 0 0 -0.175136 -0.478503 0.02
-1.73001 -0.75334 0.1 0.1 -9.30577 -18.3995 0 0 -0.523044 0.0164895 0.01
-3.24889 -2.61354 0.1 0.1 -19.4847 -22.8712 0 0 -0.91289 -0.352229 0.09
-2.68494 -3.04034 0.1 0.1 14.1267 1.4345 0 0 0.757585 -0.634494 0.1
-1.99103 -3.00988 0.1 0.1 20.5261 0.323108 0 0 0.886874 -0.529111 0.04
-0.132351 -3.0011 0.1 0.1 20.7742 0.0099793 0 0 0.117051 -0.219211 0.09
1.68358 -3.0012 0.1 0.1 24.5733 -0.00099556 0 0 0.350997 -0.3071 0.08
2.71141 -2.88688 0.1 0.1 26.8036 5.67944 0 0 0.407336 0.724326 0.04
3.27971 -2.23804 0.1 0.1 -4.56206 15.8464 0 0 -0.453543 0.901425 0.06
3.11353 -1.74012 0.1 0.1 -6.50659 17.3407 0 0 -0.351839 0.332022 0.03
2.44343 0.46339 0.1 0.1 -6.88875 26.5755 0 0 -0.0524131 0.571964 0.1
1.5558 2.66941 0.1 0.1 -18.3401 36.3384 0 0 -0.881968 0.855042 0.07
0.0558832 2.78713 0.1 0.1 -11.7663 -10.2002 0 0 0.25386 -0.572556 0.1
-0.138612 2.56964 0.1 0.1 -7.69676 -11.5444 0 0 0.968905 -0.390475 0.02
-0.365032 1.84734 0.1 0.1 0.0714307 -12.5225 0 0 0.628557 -0.14167 0.06
-0.221057 1.42143 0.1 0.1 3.99573 0.205112 0 0 0.290906 0.878906 0.07
-0.183373 1.41698 0.1 0.1 3.54175 -1.09346 0 0 -0.20845 -0.651654 0.01
-0.145934 1.40858 0.1 0.1 0.213213 0.248694 0 0 -0.823328 0.333326 0.02
-0.144009 1.41039 0.1 0.1 0.17201 0.113537 0 0 -0.0196684 -0.0666894 0.01
-0.143372 1.41105 0.1 0.1 -0.0443785 0.0182201 0 0 -0.107967 -0.04736 0.01
