3.08819 2.55588 0.1 0.1 0.0265767 -0.0117276 0 0 0 0 0
3.15464 2.98547 0.1 0.1 -0.366512 10.6099 0 0 0.61858 0.69082 0.08
3.14411 3.0608 0.1 0.1 -0.145065 -1.46886 0 0 0.0606736 0.0342788 0.04
2.65118 3.00584 0.1 0.1 -10.6514 -0.0854938 0 0 -0.611217 0.954693 0.09
2.4091 2.98743 0.1 0.1 -13.5469 -1.74999 0 0 -0.784581 -0.420744 0.02
1.62697 2.6884 0.1 0.1 -17.703 -10.1413 0 0 -0.493977 -0.869089 0.05
0.0182744 1.09133 0.1 0.1 -18.0356 -25.1251 0 0 -0.108849 -0.92102 0.09
-0.160476 0.837858 0.1 0.1 -17.7151 -25.5693 0 0 0.0695902 -0.34854 0.01
-2.07525 -1.19821 0.1 0.1 -30.0008 -25.3325 0 0 -0.887919 -0.112916 0.08
-3.25389 -3.15934 0.1 0.1 3.79607 -2.41216 0 0 0.58099 -0.546481 0.08
-2.99054 -3.03001 0.1 0.1 3.72852 1.00255 0 0 0.0139732 -0.939847 0.07
-2.33805 -2.67486 0.1 0.1 14.7848 9.05091 0 0 0.836571 0.600288 0.07
-2.05511 -2.47024 0.1 0.1 13.5131 11.4039 0 0 -0.24706 0.639405 0.02
-1.79201 -2.20909 0.1 0.1 12.7993 14.7002 0 0 -0.112321 0.889352 0.02
-1.27864 -1.49005 0.1 0.1 12.868 21.2086 0 0 0.0736614 0.9034 0.04
-1.0184 -1.0316 0.1 0.1 13.1549 24.625 0 0 0.138213 0.968704 0.02
-0.51188 0.0520423 0.1 0.1 12.1791 29.5241 0 0 -0.0578777 0.747823 0.04
0.0401691 1.23583 0.1 0.1 15.4044 29.6642 0 0 0.471517 0.165752 0.04
0.74609 2.46072 0.1 0.1 19.862 31.5676 0 0 0.6438 0.391448 0.04
2.1983 3.18777 0.1 0.1 28.4565 -4.97393 0 0 0.837252 0.458722 0.06
2.80063 3.05504 0.1 0.1 31.7663 -8.28792 0 0 0.978284 -0.861845 0.02
3.1169 2.96346 0.1 0.1 31.4864 -10.0249 0 0 0.0182457 -0.914257 0.01
2.70161 2.00096 0.1 0.1 -15.1193 -9.23761 0 0 -0.85581 -0.00862854 0.1
1.37572 1.37558 0.1 0.1 -22.6744 -8.63803 0 0 -0.635139 -0.00152465 0.07
0.635329 1.07558 0.1 0.1 -14.401 -6.37633 0 0 0.942205 0.245878 0.04
0.0740278 0.798798 0.1 0.1 0.173576 -0.61955 0 0 0.876742 0.342903 0.08
0.0745283 0.794742 0.1 0.1 -0.073065 -0.19244 0 0 -0.123123 0.211524 0.01
0.0746584 0.793991 0.1 0.1 0.0987896 0.0418887 0 0 0.0861156 0.116837 0.01
0.0747603 0.794116 0.1 0.1 -0.0781177 -0.0168572 0 0 -0.0884998 -0.0293446 0.01
0.0745942 0.794163 0.1 0.1 0.0446908 0.026298 0 0 0.061389 0.0216252 0.01
0.0744421 0.794531 0.1 0.1 -0.0595502 0.0104935 0 0 -0.0261253 -0.00386846 0.02
0.0743398 0.794519 0.1 0.1 0.0389226 -0.0127371 0 0 0.0492302 -0.011607 0.01
0.0745452 0.794516 0.1 0.1 0.00221494 0.0119148 0 0 -0.0182653 0.0123202 0.01
