-1.09146 1.72472 0.1 0.1 -0.0544449 -0.0551924 0 0 0 0 0
-0.851161 1.70275 0.1 0.1 7.98398 -0.671384 0 0 0.690305 -0.053072 0.06
-0.0604729 0.718614 0.1 0.1 7.83308 -18.7106 0 0 0.0318247 -0.951262 0.1
0.326165 -1.02077 0.1 0.1 3.26506 -30.8445 0 0 -0.299205 -0.99121 0.07
0.336536 -1.97021 0.1 0.1 -2.54564 -32.4433 0 0 -0.966434 -0.424947 0.03
-0.672955 -3.0819 0.1 0.1 -17.3935 2.84114 0 0 -0.792883 -0.466204 0.1
-3.04434 -1.93409 0.1 0.1 -29.8242 19.8352 0 0 -0.740572 0.906917 0.1
-2.96202 -0.646091 0.1 0.1 11.626 12.4642 0 0 0.965364 -0.379926 0.08
-0.94324 0.147325 0.1 0.1 28.4702 3.55185 0 0 0.943986 -0.405735 0.1
-0.370704 0.197142 0.1 0.1 28.7824 1.43688 0 0 0.221043 -0.516194 0.02
0.803422 0.337094 0.1 0.1 29.9165 5.53321 0 0 0.288821 0.529916 0.04
2.46386 0.370928 0.1 0.1 36.4462 -4.0999 0 0 0.819349 -0.959383 0.05
3.22341 0.266696 0.1 0.1 32.3291 -6.31313 0 0 0.953846 -0.579361 0.02
3.34816 0.122461 0.1 0.1 -5.55793 -0.942149 0 0 -0.06389 0.65166 0.04
3.17122 0.0977921 0.1 0.1 -6.23501 -0.703607 0 0 -0.14245 0.0356127 0.03
1.86267 0.965744 0.1 0.1 -19.7126 17.7538 0 0 -0.7396 0.966275 0.1
1.28319 1.45671 0.1 0.1 -18.9232 14.9909 0 0 0.0353496 -0.378328 0.03
1.08679 1.60299 0.1 0.1 -20.3544 14.2676 0 0 -0.813955 -0.288265 0.01
0.078815 2.295 0.1 0.1 -0.139967 -0.184708 0 0 0.960882 -0.687928 0.1
0.0754353 2.281 0.1 0.1 0.0256566 -0.281069 0 0 0.0135254 -0.00919797 0.06
0.0753636 2.2796 0.1 0.1 -0.0398928 0.00129961 0 0 -0.0328193 0.14051 0.01
0.0742479 2.27965 0.1 0.1 -0.0345144 0.00180947 0 0 0.000710823 9.28e-05 0.03
0.0739839 2.27966 0.1 0.1 0.00797168 -0.000584859 0 0 0.0105597 -0.000595321 0.02
