1.9691 -2.72575 0.1 0.1 -0.0870657 0.0937675 0 0 0 0 0
2.02755 -2.38267 0.1 0.1 1.73569 9.59771 0 0 0.134429 0.703473 0.07
2.08505 -2.04432 0.1 0.1 2.09536 12.9421 0 0 0.0697246 0.61389 0.03
2.28887 -1.39911 0.1 0.1 8.05481 19.2763 0 0 0.771433 0.872636 0.04
2.63376 -0.258291 0.1 0.1 3.48883 18.7561 0 0 -0.35168 0.0515589 0.06
2.82111 0.378401 0.1 0.1 8.97419 23.6655 0 0 0.94672 0.924845 0.03
2.89175 1.92796 0.1 0.1 -7.16679 10.9589 0 0 -0.893987 -0.620153 0.09
1.61794 3.08357 0.1 0.1 -18.1276 4.5123 0 0 -0.611827 0.153563 0.1
0.795242 3.00056 0.1 0.1 -5.52471 -1.90146 0 0 0.841684 -0.00936094 0.07
0.532537 3.01293 0.1 0.1 -2.02213 -0.264154 0 0 0.231477 0.692868 0.07
0.523509 3.0053 0.1 0.1 1.54697 -0.105521 0 0 0.445119 0.620915 0.04
0.533615 3.00419 0.1 0.1 0.476036 -0.109123 0 0 -0.530549 0.0496903 0.01
0.535247 3.00232 0.1 0.1 -0.310253 -0.0742417 0 0 -0.196214 0.0380709 0.02
0.528249 3.00108 0.1 0.1 -0.157024 -0.0199562 0 0 0.0243778 0.158965 0.03
0.514575 3.00202 0.1 0.1 -0.146996 0.00334081 0 0 -0.000202468 0.526922 0.09
0.511006 3.00263 0.1 0.1 -0.0912042 0.0216067 0 0 0.008706 0.835695 0.03
-0.215767 2.08659 0.1 0.1 -14.206 -18.0418 0 0 -0.742468 -0.94907 0.1
-1.06602 1.28033 0.1 0.1 -2.98981 1.58986 0 0 0.518586 0.94163 0.1
-1.09379 1.29795 0.1 0.1 0.201983 0.177049 0 0 0.791565 -0.348668 0.02
-1.0931 1.29862 0.1 0.1 -0.0629272 -0.0424651 0 0 -0.13224 -0.109471 0.01
-0.36951 1.3858 0.1 0.1 15.9037 1.94917 0 0 0.927933 0.115801 0.09
0.358464 1.6881 0.1 0.1 0.503913 4.72759 0 0 -0.81574 0.171111 0.09
0.363119 1.85687 0.1 0.1 -0.375944 -0.439407 0 0 -0.0547797 -0.312451 0.08
0.360362 1.85754 0.1 0.1 -0.175839 0.571822 0 0 0.0987861 0.506048 0.01
0.362027 1.86001 0.1 0.1 0.340607 -0.321745 0 0 0.129575 -0.222798 0.02
0.363005 1.86081 0.1 0.1 -0.144168 0.479476 0 0 -0.241989 0.401051 0.01
0.362396 1.86025 0.1 0.1 0.0220456 -0.589307 0 0 0.0827895 -0.534754 0.01
0.363471 1.85638 0.1 0.1 0.192709 -0.185798 0 0 0.0859395 0.199863 0.01
0.363679 1.85566 0.1 0.1 -0.150614 0.0408218 0 0 -0.171641 0.112949 0.01
0.362131 1.85574 0.1 0.1 -0.158929 -0.0240591 0 0 -0.00493718 -0.0324049 0.01
0.358596 1.85854 0.1 0.1 0.0160613 0.134899 0 0 0.0171571 0.0161809 0.05
0.359111 1.85948 0.1 0.1 0.0869083 0.0522594 0 0 0.0356964 -0.0408556 0.01
0.359656 1.86007 0.1 0.1 0.022157 0.0659315 0 0 -0.0321206 0.00712918 0.01
0.36006 1.86026 0.1 0.1 0.0585523 -0.0280402 0 0 0.0184045 -0.0468976 0.01
0.360278 1.86024 0.1 0.1 -0.0146605 0.0251549 0 0 -0.0365145 0.0265911 0.01
