2.03512 -1.86568 0.1 0.1 0.00306833 0.0860222 0 0 0 0 0
1.88711 -1.91779 0.1 0.1 -7.35441 -2.67321 0 0 -0.93871 -0.351594 0.04
1.60882 -1.53295 0.1 0.1 0.294568 12.0971 0 0 0.46108 0.947396 0.08
1.19826 -1.048 0.1 0.1 -11.882 1.87825 0 0 -0.899979 -0.695664 0.07
0.68948 -0.911738 0.1 0.1 -13.5459 4.91463 0 0 -0.271736 0.396438 0.04
-0.661518 -0.803621 0.1 0.1 -24.9218 -1.74713 0 0 -0.910046 -0.468765 0.07
-1.14117 -0.853886 0.1 0.1 -23.0494 -3.27424 0 0 0.348615 -0.394724 0.02
-3.07532 -0.883871 0.1 0.1 -32.1058 2.35288 0 0 -0.785514 0.399004 0.07
-2.97885 -1.03703 0.1 0.1 11.5519 -6.06318 0 0 0.87317 -0.534918 0.08
-2.48107 -1.71099 0.1 0.1 5.10416 -16.3 0 0 -0.496489 -0.909574 0.06
-2.38169 -2.06647 0.1 0.1 4.83441 -19.2388 0 0 -0.0425646 -0.823735 0.02
-2.34251 -2.82607 0.1 0.1 -2.82447 -18.7445 0 0 -0.952595 -0.0331653 0.04
-1.87039 -2.87265 0.1 0.1 13.0771 7.23983 0 0 0.909831 0.561843 0.09
-0.618809 -1.86003 0.1 0.1 14.709 15.1448 0 0 0.160565 0.495366 0.09
1.05704 -0.949789 0.1 0.1 27.0234 7.71097 0 0 0.875503 -0.408098 0.08
2.80098 -0.151481 0.1 0.1 31.0676 18.7876 0 0 0.483539 0.989352 0.06
3.11166 0.0427823 0.1 0.1 31.0681 20.0629 0 0 0.155915 0.734867 0.01
3.28041 1.20497 0.1 0.1 -4.22488 26.3644 0 0 0.175468 0.745154 0.05
2.36523 3.23883 0.1 0.1 -18.4684 5.3154 0 0 -0.94791 0.257315 0.08
1.13276 2.88464 0.1 0.1 -22.5724 -11.7726 0 0 -0.444752 -0.935153 0.06
0.0113601 1.94429 0.1 0.1 -9.61851 -15.0565 0 0 0.845101 -0.301605 0.07
-0.253584 1.31932 0.1 0.1 0.682426 -5.86758 0 0 0.836802 0.713972 0.06
-0.222967 1.23506 0.1 0.1 2.37364 -2.56986 0 0 0.430988 0.803611 0.02
-0.199695 1.21041 0.1 0.1 -0.0384013 0.0967953 0 0 -0.597526 0.660471 0.02
-0.200228 1.21377 0.1 0.1 0.00262669 0.126569 0 0 0.00675603 0.00552358 0.03
-0.200228 1.21568 0.1 0.1 -0.00256282 -0.029885 0 0 -0.000654034 -0.0193211 0.04
