2.40969 -0.342188 0.1 0.1 0.0473042 -0.00939125 0 0 0 0 0
2.41764 -0.336826 0.1 0.1 1.54112 1.08001 0 0 0.751909 0.54776 0.01
2.9973 -0.400905 0.1 0.1 14.8655 -2.86456 0 0 0.994071 -0.286053 0.07
3.23622 -0.650979 0.1 0.1 -1.89573 -9.59482 0 0 -0.848635 -0.873488 0.04
2.36342 -0.720279 0.1 0.1 -17.2687 7.79465 0 0 -0.903076 0.962032 0.09
1.78965 -0.417831 0.1 0.1 -20.9639 12.3457 0 0 -0.712024 0.808618 0.03
-0.814402 0.965096 0.1 0.1 -30.9538 15.2604 0 0 -0.630011 0.214953 0.1
-3.4195 1.90092 0.1 0.1 2.37409 3.64952 0 0 -0.12446 -0.532839 0.1
-3.38002 1.93259 0.1 0.1 4.88821 2.68585 0 0 -0.919155 -0.465938 0.01
-2.83476 1.64249 0.1 0.1 10.5713 -10.8171 0 0 0.441232 -0.985277 0.07
-1.83038 0.718964 0.1 0.1 18.0375 -15.5151 0 0 0.605597 -0.401258 0.07
-1.20541 0.0920726 0.1 0.1 13.2435 -15.8271 0 0 -0.521673 -0.117481 0.04
0.35117 -0.820569 0.1 0.1 21.2285 -4.62055 0 0 0.53068 0.571993 0.09
2.27462 -0.59405 0.1 0.1 26.7821 10.0877 0 0 0.468083 0.933242 0.08
2.53385 -0.489172 0.1 0.1 25.0675 10.8866 0 0 -0.728056 0.451259 0.01
3.20499 -0.117473 0.1 0.1 16.4265 13.8794 0 0 -0.782928 0.560115 0.03
2.93517 0.93854 0.1 0.1 -10.7505 12.5336 0 0 -0.795892 -0.0187499 0.08
1.4798 1.23249 0.1 0.1 -18.2313 -6.341 0 0 -0.447324 -0.92906 0.1
0.509231 0.938579 0.1 0.1 -1.46061 0.352245 0 0 0.790774 0.320378 0.1
0.501065 0.933863 0.1 0.1 -0.17461 -1.29267 0 0 0.639274 -0.82476 0.01
0.497703 0.931226 0.1 0.1 -0.161695 1.02121 0 0 0.00256659 0.57791 0.02
0.495009 0.945246 0.1 0.1 -0.10789 0.382967 0 0 0.0127419 -0.156078 0.02
0.495225 0.946711 0.1 0.1 0.150706 -0.0891894 0 0 0.129456 -0.235348 0.01
0.495898 0.946582 0.1 0.1 -0.0158536 0.0630555 0 0 -0.0829986 0.0760459 0.01
0.384085 1.15255 0.1 0.1 -3.14235 5.75522 0 0 -0.231394 0.421304 0.07
0.342957 1.23907 0.1 0.1 0.38288 0.0417946 0 0 0.580938 -0.937832 0.03
0.342854 1.23981 0.1 0.1 -0.390569 0.0320966 0 0 -0.193548 -0.00228744 0.02
0.329313 1.2521 0.1 0.1 0.0825706 0.237981 0 0 0.0255577 0.0121293 0.09
0.330365 1.2542 0.1 0.1 0.127666 0.181567 0 0 0.0230849 -0.0271579 0.01
0.333374 1.25669 0.1 0.1 -0.0397428 -0.107001 0 0 -0.0117576 -0.0204404 0.07
0.333223 1.25615 0.1 0.1 0.00949061 -0.00230869 0 0 0.024574 0.0520881 0.01
