0.755677 1.11415 0.1 0.1 0.000588558 0.0438832 0 0 0 0 0
0.788669 1.09141 0.1 0.1 3.28766 -2.30996 0 0 0.830582 -0.59402 0.02
0.84276 1.00892 0.1 0.1 2.12537 -5.92689 0 0 -0.277561 -0.925086 0.02
0.789047 0.688312 0.1 0.1 -3.59327 -3.26452 0 0 -0.412669 0.167173 0.07
0.348742 0.83818 0.1 0.1 -8.92487 7.42165 0 0 -0.412389 0.774036 0.07
0.178459 1.0147 0.1 0.1 -8.10617 10.2206 0 0 0.162574 0.744122 0.02
-0.916855 2.29085 0.1 0.1 -19.131 21.5313 0 0 -0.757663 0.786879 0.08
-1.5699 2.96729 0.1 0.1 -24.379 23.5545 0 0 -0.983541 0.450243 0.03
-2.26536 3.16443 0.1 0.1 -21.9963 -2.52378 0 0 0.281524 -0.074217 0.03
-3.26404 2.24882 0.1 0.1 3.7924 -17.5968 0 0 -0.775982 -0.888419 0.09
-3.0969 1.44843 0.1 0.1 4.55983 -22.3905 0 0 0.116567 -0.699335 0.04
-2.66429 0.137968 0.1 0.1 12.6762 -29.9652 0 0 0.855255 -0.888345 0.05
-1.84543 -2.29841 0.1 0.1 10.7395 -39.5337 0 0 -0.0797951 -0.857741 0.07
-1.73536 -2.69658 0.1 0.1 11.2731 -40.0998 0 0 0.322355 -0.482269 0.01
-0.284916 -2.76419 0.1 0.1 20.8146 14.5009 0 0 0.610722 0.990648 0.09
0.403017 -2.06226 0.1 0.1 13.6293 20.555 0 0 -0.811842 0.844423 0.04
1.23008 -0.930749 0.1 0.1 19.4039 24.6714 0 0 0.661955 0.524692 0.05
1.42563 -0.679483 0.1 0.1 19.7047 25.58 0 0 0.249763 0.579764 0.01
1.62117 -0.416614 0.1 0.1 19.4039 26.9914 0 0 -0.051566 0.836959 0.01
2.79062 0.930557 0.1 0.1 27.3131 26.8949 0 0 0.908153 0.125547 0.05
3.06474 1.19405 0.1 0.1 27.5105 25.8058 0 0 0.233669 -0.412167 0.01
2.78646 2.68583 0.1 0.1 -12.3727 4.38253 0 0 -0.749486 -0.99699 0.1
1.3401 2.48772 0.1 0.1 -23.6351 -9.15567 0 0 -0.794563 -0.858479 0.08
0.342705 1.90887 0.1 0.1 -16.3212 -13.9582 0 0 0.631426 -0.537856 0.05
-0.308303 1.36494 0.1 0.1 -0.171862 0.172111 0 0 0.969276 0.849578 0.08
-0.310058 1.36562 0.1 0.1 -0.179087 -0.0353141 0 0 -0.00451528 -0.10339 0.01
-0.312459 1.365 0.1 0.1 0.0180634 -0.00636362 0 0 0.0324848 0.00472923 0.03
