-2.33475 -1.62007 0.1 0.1 0.0664097 0.0760791 0 0 0 0 0
-2.43974 -1.95483 0.1 0.1 -3.0305 -9.52859 0 0 -0.228885 -0.710111 0.07
-2.25475 -3.07655 0.1 0.1 6.99232 -5.98221 0 0 0.567346 -0.439651 0.09
-0.959759 -3.00829 0.1 0.1 18.712 0.288149 0 0 0.650865 -0.298502 0.1
-0.224916 -2.89116 0.1 0.1 18.0346 5.53352 0 0 0.00716222 0.670366 0.04
1.40663 -2.05892 0.1 0.1 18.2174 12.8516 0 0 0.10108 0.452667 0.09
2.40944 -1.32551 0.1 0.1 21.8638 16.455 0 0 0.466062 0.433369 0.05
3.12148 -0.782835 0.1 0.1 25.5868 19.7068 0 0 0.740992 0.632138 0.03
3.30658 -0.592188 0.1 0.1 9.12621 18.4255 0 0 0.138909 -0.548562 0.01
2.93066 0.333366 0.1 0.1 -8.05032 2.37953 0 0 -0.369934 -0.840527 0.09
2.31461 0.474872 0.1 0.1 -16.5214 3.27303 0 0 -0.909571 0.103268 0.05
0.910811 1.06184 0.1 0.1 -23.5066 13.3786 0 0 -0.599272 0.764008 0.07
-0.223468 1.60016 0.1 0.1 -14.393 4.65326 0 0 0.665649 -0.681834 0.06
-0.490956 1.65257 0.1 0.1 -12.3625 0.601474 0 0 0.440984 -0.999743 0.02
-0.870098 1.66889 0.1 0.1 -0.39509 -0.0506494 0 0 0.966328 -0.0527844 0.06
-0.872593 1.66747 0.1 0.1 -0.104356 -0.232967 0 0 0.144199 -0.0918624 0.01
-0.873031 1.66504 0.1 0.1 0.0166269 -0.253061 0 0 0.0603098 -0.0112545 0.01
-0.872777 1.66344 0.1 0.1 0.0339822 -0.0661182 0 0 0.00882403 0.0926917 0.01
-0.422005 1.55242 0.1 0.1 12.6973 -3.07144 0 0 0.937309 -0.222428 0.07
0.0741325 1.41919 0.1 0.1 -0.122769 -0.295754 0 0 -0.770771 0.165084 0.08
0.0736775 1.416 0.1 0.1 0.0315065 -0.342577 0 0 0.0769629 -0.0249953 0.01
0.0746269 1.41492 0.1 0.1 0.158161 0.126821 0 0 0.0638977 0.234215 0.01
0.0759805 1.41819 0.1 0.1 -0.101853 0.0050301 0 0 -0.025888 -0.0118594 0.05
0.0751739 1.41836 0.1 0.1 0.020788 0.0118161 0 0 0.0304819 0.0017453 0.02
0.0751995 1.41841 0.1 0.1 -0.0156018 -0.00191468 0 0 -0.0181971 -0.00684564 0.01
