2.75063 -1.26026 0.1 0.1 -0.0484255 0.0576972 0 0 0 0 0
2.63175 -1.113 0.1 0.1 -5.85694 7.25713 0 0 -0.741318 0.918299 0.04
2.219 -0.892332 0.1 0.1 -10.6135 1.61678 0 0 -0.517575 -0.542269 0.05
1.73814 -0.289099 0.1 0.1 -1.52944 13.3079 0 0 0.538514 0.768683 0.08
1.96595 0.0134827 0.1 0.1 5.96093 -6.91921 0 0 0.385937 -0.996254 0.1
2.11958 -0.096128 0.1 0.1 9.39041 -4.05141 0 0 0.897014 0.690005 0.02
2.45664 -0.302456 0.1 0.1 13.0621 -9.67563 0 0 0.668416 -0.971711 0.03
2.75054 -0.510327 0.1 0.1 16.3171 -11.1066 0 0 0.887892 -0.409569 0.02
3.11209 -0.74734 0.1 0.1 19.8263 -12.5896 0 0 0.968272 -0.429968 0.02
2.91463 -2.81762 0.1 0.1 -8.07186 -28.5556 0 0 -0.444512 -0.902358 0.1
2.60232 -3.22675 0.1 0.1 -12.7251 1.72184 0 0 -0.82793 0.99889 0.03
0.855211 -2.20194 0.1 0.1 -22.0601 17.7325 0 0 -0.554375 0.810229 0.1
0.285926 -1.73682 0.1 0.1 -15.9232 13.2973 0 0 0.92805 -0.662068 0.03
0.126101 -1.59748 0.1 0.1 -16.0416 14.569 0 0 -0.13931 0.70536 0.01
-0.260583 -1.18591 0.1 0.1 -9.76901 12.8769 0 0 0.981538 -0.213436 0.03
-0.661796 -0.122643 0.1 0.1 -3.66656 22.4692 0 0 0.475908 0.888231 0.06
-0.462524 1.23026 0.1 0.1 7.46705 4.88216 0 0 0.56678 -0.811663 0.1
-0.190081 1.42054 0.1 0.1 -0.549588 -0.0593486 0 0 -0.484501 -0.297098 0.08
-0.193753 1.41921 0.1 0.1 -0.185584 -0.206442 0 0 0.180287 -0.0741869 0.01
-0.193653 1.41726 0.1 0.1 0.205127 -0.183883 0 0 0.195555 0.010346 0.01
-0.193087 1.41719 0.1 0.1 -0.0915848 0.169933 0 0 -0.148148 0.176875 0.01
-0.193234 1.41883 0.1 0.1 0.0618953 0.157376 0 0 0.0767226 -0.00544533 0.01
-0.198648 1.42409 0.1 0.1 -0.213347 -0.00502535 0 0 -0.0200639 -0.01123 0.07
-0.204475 1.42381 0.1 0.1 -0.175341 -0.0138354 0 0 0.00536753 -0.00151452 0.03
-0.20552 1.42336 0.1 0.1 -0.0339863 -0.0767065 0 0 0.0702011 -0.0316531 0.01
-0.205961 1.42284 0.1 0.1 -0.0540138 -0.0258201 0 0 -0.0102361 0.0251895 0.01
-0.206402 1.42276 0.1 0.1 -0.0341957 0.00897879 0 0 0.00969953 0.0173625 0.01
