2.12163 2.10769 0.1 0.1 -0.0165375 0.0186948 0 0 0 0 0
1.79082 1.75814 0.1 0.1 -8.1445 -8.64193 0 0 -0.52905 -0.563248 0.08
1.53534 1.46545 0.1 0.1 -8.8833 -10.8597 0 0 -0.166139 -0.418411 0.03
1.27526 0.964312 0.1 0.1 -4.15269 -14.1753 0 0 0.558878 -0.476972 0.04
1.08818 -0.0143396 0.1 0.1 -2.10434 -18.4042 0 0 0.154983 -0.433957 0.06
1.06633 -0.199965 0.1 0.1 -2.2642 -18.7205 0 0 -0.0909519 -0.251024 0.01
1.06105 -0.694752 0.1 0.1 1.89101 -14.2874 0 0 0.69279 0.656767 0.03
0.920294 -1.854 0.1 0.1 -6.50176 -24.2547 0 0 -0.71141 -0.927545 0.06
0.854727 -2.09871 0.1 0.1 -6.61151 -24.687 0 0 -0.0867828 -0.338554 0.01
0.685735 -2.6025 0.1 0.1 -10.2754 -25.6892 0 0 -0.957774 -0.376627 0.02
0.580091 -2.86505 0.1 0.1 -10.8523 -26.8185 0 0 -0.340785 -0.696042 0.01
-1.01475 -2.88526 0.1 0.1 -24.3859 8.4731 0 0 -0.840738 0.428163 0.09
-2.68755 -2.10195 0.1 0.1 -31.3034 17.5482 0 0 -0.716412 0.821176 0.06
-3.12894 -0.144606 0.1 0.1 7.24515 31.202 0 0 0.663712 0.976044 0.08
-3.05912 0.174036 0.1 0.1 6.71844 32.5242 0 0 -0.228511 0.820388 0.01
-2.56982 1.95699 0.1 0.1 12.8082 38.7424 0 0 0.656913 0.800483 0.05
-2.29163 2.76297 0.1 0.1 15.0026 41.8447 0 0 0.616331 0.977365 0.02
-0.765494 2.60944 0.1 0.1 15.5116 -16.6684 0 0 0.101857 -0.895331 0.1
-0.618247 2.43533 0.1 0.1 13.9405 -18.152 0 0 -0.712028 -0.82882 0.01
-0.0726643 1.74966 0.1 0.1 7.93305 -9.34786 0 0 -0.546307 0.812064 0.05
0.166805 1.44366 0.1 0.1 0.127497 -0.935947 0 0 -0.63081 0.675522 0.06
0.164336 1.43811 0.1 0.1 -0.620033 -0.174654 0 0 -0.3752 0.377864 0.01
0.119777 1.43871 0.1 0.1 -0.373868 0.182646 0 0 0.0112144 0.0198899 0.09
0.114382 1.44107 0.1 0.1 -0.166289 0.0535555 0 0 0.0505781 -0.0316783 0.02
0.110525 1.43769 0.1 0.1 0.0105121 -0.186907 0 0 0.0173025 -0.0243852 0.05
0.109682 1.43543 0.1 0.1 -0.0944362 -0.0390058 0 0 -0.0264598 0.0364128 0.02
0.109086 1.43499 0.1 0.1 -0.0247888 -0.0491943 0 0 0.0345507 -0.00530862 0.01
0.109238 1.43484 0.1 0.1 0.0549881 0.0186368 0 0 0.0400008 0.0338534 0.01
0.10925 1.43504 0.1 0.1 -0.0524519 0.0210262 0 0 -0.0537537 0.00128319 0.01
0.10871 1.4351 0.1 0.1 -0.00166641 -0.0147313 0 0 0.0125691 -0.00892289 0.02
