-2.64802 0.0343965 0.1 0.1 -0.0760699 -0.076651 0 0 0 0 0
-2.70102 0.10157 0.1 0.1 -2.02771 2.74013 0 0 -0.200572 0.288368 0.05
-2.73516 0.249529 0.1 0.1 -0.2566 7.10198 0 0 0.290103 0.751875 0.03
-2.73327 0.321496 0.1 0.1 0.631683 7.29111 0 0 0.445592 0.130736 0.01
-2.01224 0.796415 0.1 0.1 13.5738 2.2903 0 0 0.68369 -0.226063 0.1
-1.87175 0.821297 0.1 0.1 14.5229 2.68542 0 0 0.545292 0.210345 0.01
-0.41081 0.411659 0.1 0.1 17.8914 -11.5746 0 0 0.2683 -0.814869 0.09
0.242481 0.091187 0.1 0.1 14.7939 -4.49601 0 0 -0.305557 0.844837 0.04
1.37124 0.110402 0.1 0.1 22.752 5.04114 0 0 0.758289 0.796782 0.06
2.88141 0.638429 0.1 0.1 20.4235 9.98713 0 0 -0.0586536 0.391166 0.07
3.18817 1.12809 0.1 0.1 -4.37697 6.36952 0 0 -0.747778 -0.261294 0.06
2.62309 1.24548 0.1 0.1 -9.67927 -3.30602 0 0 -0.367127 -0.597515 0.08
1.96633 1.30032 0.1 0.1 -16.5343 5.42649 0 0 -0.751497 0.878902 0.05
1.79988 1.35467 0.1 0.1 -16.7561 5.445 0 0 -0.194033 0.0367026 0.01
1.32664 1.50607 0.1 0.1 -14.8031 4.65229 0 0 0.246978 -0.106573 0.03
0.505583 1.62005 0.1 0.1 -12.5872 -0.798499 0 0 0.116339 -0.444577 0.06
0.0696811 1.57951 0.1 0.1 -0.0138212 -0.364476 0 0 0.86756 0.0283181 0.07
0.0663302 1.5735 0.1 0.1 -0.208601 -0.0373744 0 0 -0.0330346 0.0535202 0.03
0.0640957 1.57332 0.1 0.1 -0.238244 0.000239003 0 0 -0.0159455 0.0187148 0.01
0.0622003 1.57284 0.1 0.1 -0.14101 -0.0964154 0 0 0.0476938 -0.048568 0.01
0.0613738 1.56876 0.1 0.1 0.118751 0.00428496 0 0 0.0143961 0.00537138 0.09
0.0619554 1.5688 0.1 0.1 -0.00222188 0.00348636 0 0 -0.0602371 -0.000390428 0.01
