-2.55333 0.594617 0.1 0.1 -0.0242914 -0.0636992 0 0 0 0 0
-2.79425 0.122355 0.1 0.1 -6.78001 -13.2754 0 0 -0.500667 -0.977763 0.07
-3.005 -0.809431 0.1 0.1 1.40235 -10.0619 0 0 0.498905 0.142829 0.08
-2.69992 -1.33739 0.1 0.1 10.7237 -11.0477 0 0 0.963423 -0.15118 0.05
-2.32797 -1.63247 0.1 0.1 14.0569 -8.63647 0 0 0.617846 0.352706 0.03
-1.13151 -2.75355 0.1 0.1 12.5528 -16.164 0 0 -0.0173095 -0.480713 0.09
-0.276419 -3.13375 0.1 0.1 21.5758 2.79064 0 0 0.987933 -0.153119 0.05
0.767315 -2.81799 0.1 0.1 20.1849 9.78186 0 0 -0.0347278 0.730762 0.05
1.8495 -2.1243 0.1 0.1 23.0768 17.8988 0 0 0.398053 0.880894 0.05
3.33656 -0.85308 0.1 0.1 9.94421 24.4148 0 0 0.641237 0.647993 0.06
2.48247 2.12308 0.1 0.1 -17.9461 34.9282 0 0 -0.945041 0.674227 0.1
2.3053 2.47934 0.1 0.1 -17.4889 36.3221 0 0 0.140104 0.875474 0.01
0.844804 2.79768 0.1 0.1 -11.8143 -10.4011 0 0 0.21086 -0.740791 0.1
0.611834 2.56438 0.1 0.1 -11.4837 -12.9209 0 0 0.0242295 -0.688328 0.02
0.41601 2.3432 0.1 0.1 -8.11002 -9.20967 0 0 0.794538 0.872738 0.02
0.171401 1.64719 0.1 0.1 1.01424 -10.6595 0 0 0.634421 -0.153219 0.07
0.212483 1.15155 0.1 0.1 -0.0852436 -0.506918 0 0 -0.0587558 0.536579 0.09
0.211005 1.14857 0.1 0.1 -0.210181 -0.0895634 0 0 -0.0632072 0.207208 0.01
0.208335 1.14556 0.1 0.1 0.0309856 -0.111067 0 0 0.0397832 -0.00407577 0.03
0.20809 1.14502 0.1 0.1 -0.079773 0.00329678 0 0 -0.0555345 0.0569081 0.01
0.207737 1.14525 0.1 0.1 0.0090649 0.0412828 0 0 0.0442859 0.0191196 0.01
0.207827 1.14535 0.1 0.1 0.00878338 -0.0202576 0 0 -0.000104365 -0.0307233 0.01
