-2.97715 0.87719 0.1 0.1 -0.00523223 -0.0378801 0 0 0 0 0
-2.63321 0.426624 0.1 0.1 6.77094 -8.82712 0 0 0.356208 -0.461943 0.1
-2.47133 0.212839 0.1 0.1 9.40801 -12.539 0 0 0.700126 -0.981316 0.02
-1.00215 -1.22795 0.1 0.1 19.8044 -16.2137 0 0 0.59362 -0.255755 0.1
-0.146105 -2.14957 0.1 0.1 14.4809 -20.615 0 0 -0.447459 -0.532769 0.05
0.276075 -2.78945 0.1 0.1 13.6684 -22.0367 0 0 -0.0652009 -0.343764 0.03
1.29785 -2.94915 0.1 0.1 11.8989 6.31507 0 0 -0.0468366 0.552629 0.08
1.79815 -1.97717 0.1 0.1 -1.66677 13.0131 0 0 -0.653392 0.383544 0.1
1.72188 -1.56965 0.1 0.1 -0.258281 -2.61695 0 0 0.083207 -0.951567 0.08
1.19702 -1.63775 0.1 0.1 -12.6976 0.868351 0 0 -0.810729 0.213427 0.08
-0.58491 -1.42081 0.1 0.1 -26.6904 3.90892 0 0 -0.876985 0.180419 0.09
-1.3727 -1.21674 0.1 0.1 -25.8333 9.66693 0 0 0.0115394 0.993145 0.03
-1.62628 -1.11123 0.1 0.1 -24.8843 11.4309 0 0 0.347936 0.934343 0.01
-2.14684 -0.892829 0.1 0.1 -27.1634 10.413 0 0 -0.700915 -0.200684 0.02
-3.0157 -0.614432 0.1 0.1 -30.7433 8.15804 0 0 -0.742524 -0.330316 0.03
-2.76918 0.393297 0.1 0.1 13.1343 11.9407 0 0 0.833416 0.240329 0.1
-2.02444 1.01152 0.1 0.1 16.6267 12.7811 0 0 0.42373 0.146154 0.05
-0.630777 2.29007 0.1 0.1 23.12 23.6223 0 0 0.562698 0.86632 0.07
-0.391568 2.52796 0.1 0.1 24.719 23.9547 0 0 0.918185 0.285603 0.01
2.26968 2.92863 0.1 0.1 34.2744 -8.2437 0 0 0.678769 -0.773229 0.09
3.21303 1.69045 0.1 0.1 -7.43054 -22.5188 0 0 -0.951349 -0.969588 0.08
2.0289 -0.501012 0.1 0.1 -18.7189 -26.1252 0 0 -0.69411 -0.322281 0.09
1.46178 -1.34102 0.1 0.1 -19.0888 -29.8565 0 0 -0.154846 -0.762316 0.03
1.26353 -1.64743 0.1 0.1 -20.5592 -31.4235 0 0 -0.832674 -0.93742 0.01
1.04948 -1.96356 0.1 0.1 -22.2469 -31.8014 0 0 -0.948882 -0.347617 0.01
0.412553 -2.97756 0.1 0.1 -20.2232 -35.7791 0 0 0.232911 -0.832368 0.03
-2.09548 -2.68825 0.1 0.1 -35.2851 14.6255 0 0 -0.976498 0.898397 0.09
-2.82625 -2.41618 0.1 0.1 -37.7836 12.5888 0 0 -0.808 -0.442063 0.02
-2.80205 -0.406443 0.1 0.1 14.4074 27.358 0 0 0.889282 0.839122 0.1
-2.55166 0.153459 0.1 0.1 10.6452 28.6279 0 0 -0.87866 0.457128 0.02
-1.47667 2.80547 0.1 0.1 16.1609 37.5533 0 0 0.410673 0.723902 0.08
-0.412652 2.61514 0.1 0.1 5.30096 -16.0681 0 0 -0.48986 -0.873572 0.1
-0.305226 2.14328 0.1 0.1 1.87803 -15.392 0 0 -0.552896 0.0340576 0.03
-0.225971 1.5291 0.1 0.1 0.125999 -0.165405 0 0 -0.104545 0.913428 0.08
-0.225218 1.5287 0.1 0.1 0.0247386 0.0833689 0 0 -0.0502668 0.124195 0.01
-0.22472 1.5292 0.1 0.1 0.0748699 0.0183684 0 0 0.0253265 -0.0322472 0.01
-0.223405 1.52903 0.1 0.1 0.0567276 -0.0358311 0 0 -0.00421239 -0.0135972 0.02
-0.222016 1.52789 0.1 0.1 0.0359686 -0.0398355 0 0 -0.0032309 -0.000857352 0.03
-0.22113 1.52698 0.1 0.1 -0.000247276 0.00290517 0 0 -0.0035348 0.00418271 0.05
