-1.24356 -0.36084 0.1 0.1 0.053617 -0.0500065 0 0 0 0 0
-1.1768 0.404244 0.1 0.1 1.26171 15.0993 0 0 0.0640915 0.795873 0.1
-1.25801 1.43982 0.1 0.1 -3.52649 14.4954 0 0 -0.348294 0.0307308 0.07
-1.21721 2.27526 0.1 0.1 5.08802 18.8859 0 0 0.865761 0.522771 0.05
-0.718932 3.07684 0.1 0.1 5.97006 -2.38384 0 0 0.0766261 0.149408 0.09
-0.441807 3.00464 0.1 0.1 0.273654 -0.0934576 0 0 -0.301155 0.618228 0.09
-0.441203 3.00386 0.1 0.1 -0.152237 -0.0648851 0 0 -0.212697 0.558209 0.01
-0.442768 3.00335 0.1 0.1 -0.160647 -0.0387181 0 0 -0.00498864 0.651285 0.01
-0.443507 3.00244 0.1 0.1 0.0859442 -0.0434853 0 0 0.0614784 0.245991 0.02
-0.443109 3.00161 0.1 0.1 -0.0457044 -0.035715 0 0 -0.0328209 0.124027 0.02
-0.338887 2.32208 0.1 0.1 2.32659 -14.8429 0 0 0.137615 -0.860517 0.09
-0.208194 1.92168 0.1 0.1 6.36582 -11.8652 0 0 0.695268 0.429687 0.03
0.118003 1.38663 0.1 0.1 0.96402 -0.199549 0 0 -0.282063 0.618445 0.09
0.12884 1.38732 0.1 0.1 0.122524 0.266625 0 0 -0.2078 0.116691 0.02
0.13245 1.38993 0.1 0.1 0.238051 -0.00446022 0 0 0.0297916 -0.0671236 0.02
0.133508 1.38885 0.1 0.1 -0.131062 -0.102864 0 0 -0.0920892 -0.024894 0.02
0.13264 1.38919 0.1 0.1 -0.0426692 0.169026 0 0 0.0438248 0.136145 0.01
0.132744 1.38932 0.1 0.1 0.0632867 -0.141321 0 0 0.0530373 -0.155121 0.01
0.133613 1.38813 0.1 0.1 0.0237847 0.0216512 0 0 -0.00965701 0.0404502 0.02
0.133409 1.38834 0.1 0.1 -0.0439485 -0.000735285 0 0 -0.0169984 -0.00554909 0.02
