2.271 2.01033 0.1 0.1 0.0634774 -0.0379956 0 0 0 0 0
1.68239 1.76643 0.1 0.1 -12.9479 -5.30357 0 0 -0.756024 -0.306143 0.09
-0.426745 0.310087 0.1 0.1 -28.9632 -23.52 0 0 -0.907841 -0.983595 0.1
-2.64635 -1.57854 0.1 0.1 -34.4015 -30.3572 0 0 -0.546123 -0.62406 0.07
-3.28741 -3.08027 0.1 0.1 3.19015 -24.4512 0 0 0.11943 -0.0865936 0.05
-2.02726 -3.0189 0.1 0.1 21.7033 0.746792 0 0 0.988839 -0.34336 0.1
-1.04918 -2.89688 0.1 0.1 27.1644 5.32433 0 0 0.805075 0.587403 0.04
0.700802 -2.55676 0.1 0.1 31.1282 6.00669 0 0 0.476403 0.0848288 0.06
1.60853 -2.33497 0.1 0.1 29.3957 8.766 0 0 -0.137219 0.496297 0.03
2.54298 -2.01408 0.1 0.1 32.8827 12.6074 0 0 0.737904 0.692982 0.03
3.36271 -1.63933 0.1 0.1 -4.15227 2.46502 0 0 0.341529 -0.977963 0.05
2.42203 -1.09706 0.1 0.1 -19.1635 10.9796 0 0 -0.997719 0.565791 0.08
1.85867 -0.716692 0.1 0.1 -18.3977 14.361 0 0 0.0337593 0.626785 0.03
1.68484 -0.568239 0.1 0.1 -16.3709 15.328 0 0 0.927533 0.557991 0.01
0.687811 0.635338 0.1 0.1 -12.1652 19.0163 0 0 0.2296 0.349567 0.07
0.441686 0.972763 0.1 0.1 -12.4464 14.7404 0 0 -0.132141 -0.984701 0.02
-0.150772 1.6918 0.1 0.1 0.384311 -0.111382 0 0 0.612285 -0.706589 0.1
-0.144609 1.68797 0.1 0.1 0.0283622 -0.144058 0 0 -0.0583358 -0.00609457 0.03
-0.145109 1.68673 0.1 0.1 -0.0780363 0.0204449 0 0 -0.0267354 0.0408213 0.02
-0.145215 1.68672 0.1 0.1 0.0564834 -0.0226895 0 0 0.0672458 -0.0215668 0.01
-0.144922 1.68636 0.1 0.1 0.00227993 -0.0501958 0 0 -0.0269742 -0.0139418 0.01
