0.100012 -1.96771 0.1 0.1 -0.0543127 0.0430003 0 0 0 0 0
-0.492494 -1.74032 0.1 0.1 -14.5644 5.56893 0 0 -0.944418 0.359472 0.08
-2.22631 -0.732147 0.1 0.1 -28.5924 19.4519 0 0 -0.985998 0.930171 0.08
-3.1394 -0.222205 0.1 0.1 -32.2625 14.5684 0 0 -0.765173 -0.729734 0.03
-2.96552 0.482102 0.1 0.1 12.5352 3.19984 0 0 0.866447 -0.665543 0.08
-2.39136 0.491401 0.1 0.1 16.1487 -2.6957 0 0 0.523666 -0.735633 0.04
-0.0773814 0.535402 0.1 0.1 29.9025 3.4719 0 0 0.804219 0.311158 0.1
1.24312 0.524064 0.1 0.1 36.0809 -3.98934 0 0 0.937864 -0.933327 0.04
3.04211 -0.0250566 0.1 0.1 24.0066 -14.211 0 0 -0.857572 -0.897766 0.06
3.14011 -1.02804 0.1 0.1 -1.02802 -5.9937 0 0 0.128509 0.360291 0.1
2.88985 -1.052 0.1 0.1 -7.25151 5.08453 0 0 -0.539683 0.921188 0.06
2.35721 -0.421959 0.1 0.1 -10.471 15.8095 0 0 -0.312702 0.946262 0.06
1.696 0.355774 0.1 0.1 -11.5589 10.171 0 0 -0.146045 -0.405178 0.06
0.870368 0.97249 0.1 0.1 -15.9189 10.3836 0 0 -0.43238 0.0691167 0.06
0.375196 1.25239 0.1 0.1 -8.88627 3.65651 0 0 0.817851 -0.805658 0.04
0.0572739 1.33486 0.1 0.1 -7.02217 0.488069 0 0 0.193396 -0.385695 0.04
-0.0894317 1.29745 0.1 0.1 1.08642 -1.9637 0 0 0.796771 -0.248762 0.05
-0.0832504 1.27657 0.1 0.1 -0.463128 -0.130534 0 0 -0.386047 0.45306 0.02
-0.0842267 1.27673 0.1 0.1 0.266654 0.160892 0 0 0.364732 0.145902 0.01
-0.0836156 1.27727 0.1 0.1 -0.14376 -0.0527696 0 0 -0.205093 -0.106628 0.01
-0.0837722 1.27666 0.1 0.1 0.112016 -0.0683534 0 0 0.127911 -0.00806585 0.01
-0.0815947 1.27167 0.1 0.1 -0.0237824 -0.130678 0 0 -0.0133745 -0.0067356 0.05
-0.0820499 1.27117 0.1 0.1 -0.0671875 0.0290384 0 0 -0.0219288 0.0796133 0.01
-0.0823697 1.271 0.1 0.1 0.00311022 -0.0614819 0 0 0.0350067 -0.0453411 0.01
