-0.127257 -0.617469 0.1 0.1 -0.00683063 -0.0621105 0 0 0 0 0
-0.143201 -0.642285 0.1 0.1 -1.58235 -2.4116 0 0 -0.398476 -0.593816 0.02
-0.0321663 -0.247075 0.1 0.1 4.27979 12.0984 0 0 0.374065 0.931864 0.08
0.174409 0.354029 0.1 0.1 6.03765 17.9179 0 0 0.246052 0.802787 0.04
0.852538 1.69837 0.1 0.1 16.4669 26.8045 0 0 0.925687 0.853084 0.06
1.62972 2.83285 0.1 0.1 22.3519 29.8991 0 0 0.831604 0.529024 0.04
3.09987 3.11462 0.1 0.1 26.6107 -6.43535 0 0 0.477571 -0.443678 0.06
3.15355 2.56075 0.1 0.1 -8.23589 -11.9707 0 0 -0.922131 -0.507381 0.06
2.9559 1.94458 0.1 0.1 -1.69045 -18.7925 0 0 0.793455 -0.929839 0.04
2.22787 -0.320304 0.1 0.1 -12.6879 -26.3783 0 0 -0.587339 -0.492734 0.1
2.09918 -0.586596 0.1 0.1 -13.0505 -26.8793 0 0 -0.245275 -0.383856 0.01
1.4339 -1.73722 0.1 0.1 -20.1687 -30.6266 0 0 -0.972096 -0.612819 0.04
0.779557 -2.64759 0.1 0.1 -23.437 -30.0678 0 0 -0.652081 -0.059009 0.03
0.544745 -2.95521 0.1 0.1 -23.525 -31.4551 0 0 -0.160569 -0.847789 0.01
-2.48626 -2.53605 0.1 0.1 -36.8719 15.8448 0 0 -0.819264 0.935318 0.1
-3.05818 -0.448347 0.1 0.1 10.4248 30.3284 0 0 0.856318 0.920773 0.09
-1.35981 2.98031 0.1 0.1 23.3391 38.1147 0 0 0.72972 0.561168 0.1
0.190252 2.65359 0.1 0.1 11.2886 -16.0699 0 0 -0.583385 -0.994396 0.09
0.7141 1.86818 0.1 0.1 -0.612992 0.0931107 0 0 -0.569087 0.769016 0.1
0.711571 1.87004 0.1 0.1 0.105967 0.277941 0 0 0.358424 0.0933985 0.01
0.713836 1.87147 0.1 0.1 0.346634 0.00793856 0 0 0.121518 -0.134298 0.01
0.716822 1.87115 0.1 0.1 0.250822 -0.0719091 0 0 -0.0464432 -0.0400961 0.01
0.721476 1.8707 0.1 0.1 0.214662 0.0263916 0 0 -0.00787906 0.0244655 0.02
0.722147 1.87136 0.1 0.1 -0.0799297 0.107163 0 0 -0.147037 0.0407112 0.01
0.720013 1.87283 0.1 0.1 -0.133307 0.0395431 0 0 -0.013887 -0.0165432 0.02
0.718957 1.87304 0.1 0.1 -0.0779777 0.00336115 0 0 0.0271499 -0.017984 0.01
0.718542 1.87293 0.1 0.1 -0.00521203 -0.0266605 0 0 0.0361936 -0.0150679 0.01
0.718536 1.87286 0.1 0.1 0.00408648 0.0134684 0 0 0.00465121 0.0200356 0.01
