2.5925 2.44914 0.1 0.1 0.016082 0.0688455 0 0 0 0 0
2.47837 2.38283 0.1 0.1 -4.54305 -2.69835 0 0 -0.467496 -0.283397 0.05
2.24996 2.31625 0.1 0.1 -4.593 0.0128538 0 0 -0.0278439 0.264526 0.05
1.69049 2.19559 0.1 0.1 -13.962 -3.99527 0 0 -0.827735 -0.344068 0.06
0.376023 2.35569 0.1 0.1 -15.2302 7.38254 0 0 -0.143448 0.641291 0.09
0.234367 2.43709 0.1 0.1 -13.1045 8.89432 0 0 0.992508 0.796886 0.01
-0.175554 2.71823 0.1 0.1 -7.4292 5.18738 0 0 0.65846 -0.428251 0.04
-0.16907 2.68466 0.1 0.1 7.35164 -5.76899 0 0 0.821768 -0.610676 0.09
0.553826 2.08485 0.1 0.1 16.6513 -14.1416 0 0 0.835599 -0.747695 0.06
2.48979 0.735558 0.1 0.1 26.2251 -15.8189 0 0 0.640222 -0.167592 0.09
3.0643 -0.985386 0.1 0.1 -8.28056 -18.5555 0 0 -0.660128 -0.22347 0.1
2.09392 -2.90557 0.1 0.1 -15.8797 -29.3063 0 0 -0.534959 -0.792235 0.08
0.632029 -2.99311 0.1 0.1 -25.7737 6.4312 0 0 -0.811408 0.517027 0.07
-2.66447 -1.4739 0.1 0.1 -39.9152 23.6723 0 0 -0.872779 0.937309 0.1
-3.0657 -1.23102 0.1 0.1 -40.3297 24.9007 0 0 -0.409337 0.734011 0.01
-2.65873 2.04872 0.1 0.1 17.0834 40.4418 0 0 0.975541 0.942005 0.1
-2.31254 2.88908 0.1 0.1 17.5327 43.5843 0 0 0.196802 0.996054 0.02
-0.66547 2.52383 0.1 0.1 15.4441 -17.1939 0 0 -0.0219594 -0.995209 0.1
0.0897685 1.68063 0.1 0.1 -0.0798062 0.0437234 0 0 -0.738693 0.819865 0.1
0.089955 1.68084 0.1 0.1 0.116782 -0.00140712 0 0 0.0984462 -0.0224489 0.01
0.0907819 1.68075 0.1 0.1 0.0487092 -0.0179783 0 0 -0.0336456 -0.00834059 0.01
0.0910069 1.68041 0.1 0.1 -0.00362031 -0.0485036 0 0 -0.0260711 -0.0154355 0.01
