-1.43663 2.19996 0.1 0.1 -0.017228 0.0193815 0 0 0 0 0
-1.3976 2.18502 0.1 0.1 3.9069 -1.50825 0 0 0.991193 -0.385661 0.02
-1.33896 1.21881 0.1 0.1 -2.62299 -17.5485 0 0 -0.32397 -0.850496 0.1
-0.850705 -1.01135 0.1 0.1 13.2333 -31.7967 0 0 0.908555 -0.91532 0.09
-0.711956 -1.31994 0.1 0.1 14.5144 -29.9247 0 0 0.710825 0.781842 0.01
0.843667 -3.14115 0.1 0.1 16.5648 3.53999 0 0 0.180258 0.276755 0.1
1.99318 -3.01857 0.1 0.1 21.7009 0.691247 0 0 0.523926 -0.320552 0.06
2.763 -2.83975 0.1 0.1 16.8226 8.19982 0 0 -0.513714 0.96104 0.04
3.19103 -1.86935 0.1 0.1 -2.31379 19.3951 0 0 -0.297267 0.86907 0.07
3.1493 -0.961064 0.1 0.1 -0.349406 25.9753 0 0 0.490958 0.93625 0.04
2.58942 2.44821 0.1 0.1 -10.671 41.9431 0 0 -0.544619 0.968876 0.1
0.957319 2.70508 0.1 0.1 -21.7847 -14.1841 0 0 -0.63741 -0.984787 0.1
-0.334138 1.92297 0.1 0.1 -29.8047 -17.0772 0 0 -0.932306 -0.367049 0.05
-1.62698 1.12251 0.1 0.1 -34.8028 -22.9074 0 0 -0.788741 -0.827958 0.04
-1.97784 0.894857 0.1 0.1 -35.368 -22.6227 0 0 -0.460191 0.0296225 0.01
-3.0944 0.182781 0.1 0.1 -39.0521 -24.8372 0 0 -0.802164 -0.487289 0.03
-3.05248 -1.17976 0.1 0.1 6.94666 -5.71509 0 0 0.168281 0.987798 0.09
-1.82139 -1.2842 0.1 0.1 17.4989 3.47417 0 0 0.58969 0.454271 0.1
-0.887271 -0.608625 0.1 0.1 6.00731 13.2839 0 0 -0.66009 0.655088 0.08
-0.760353 -0.328645 0.1 0.1 6.68228 14.7094 0 0 0.200967 0.426468 0.02
-0.443 0.252651 0.1 0.1 9.16919 14.3577 0 0 0.350876 0.0288222 0.04
0.104629 1.14416 0.1 0.1 6.50848 11.1513 0 0 -0.151442 -0.165414 0.07
0.206139 1.32939 0.1 0.1 3.6519 7.38444 0 0 -0.689773 -0.895716 0.02
0.36494 1.66467 0.1 0.1 -0.0677805 0.174309 0 0 -0.19808 -0.382038 0.09
0.366205 1.67161 0.1 0.1 0.108175 0.0580199 0 0 0.0147762 -0.00911226 0.06
0.367742 1.67202 0.1 0.1 0.0457571 -0.016447 0 0 -0.0152329 -0.018519 0.02
