-2.79908 0.392162 0.1 0.1 0.0216165 0.0690403 0 0 0 0 0
-3.1184 0.607491 0.1 0.1 -10.5601 7.0387 0 0 -0.909137 0.598545 0.06
-2.9029 1.18631 0.1 0.1 8.87872 5.84418 0 0 0.667287 -0.0338446 0.09
-1.81746 1.70838 0.1 0.1 12.7656 4.6174 0 0 0.248596 -0.035079 0.1
-0.00374964 2.00941 0.1 0.1 27.321 2.10835 0 0 0.909682 -0.122169 0.09
1.93581 2.3322 0.1 0.1 37.2332 8.5857 0 0 0.987696 0.567775 0.06
2.29835 2.42743 0.1 0.1 35.2772 10.457 0 0 -0.797672 0.984385 0.01
3.23763 3.10454 0.1 0.1 -3.13461 -2.45261 0 0 0.294849 0.915378 0.08
2.61065 2.55339 0.1 0.1 -12.4153 -11.2097 0 0 -0.619431 -0.581811 0.08
2.02293 1.98635 0.1 0.1 -11.1044 -11.4696 0 0 0.0720453 -0.0825861 0.05
1.69291 1.58301 0.1 0.1 -10.8971 -15.3999 0 0 -0.0210138 -0.722246 0.03
1.19112 -0.267894 0.1 0.1 -0.414044 -25.5788 0 0 0.554497 -0.6682 0.09
1.24304 -1.38068 0.1 0.1 2.98659 -30.0307 0 0 0.432335 -0.695553 0.04
1.49148 -2.6504 0.1 0.1 9.39393 -33.4325 0 0 0.832924 -0.583973 0.04
1.5927 -2.99162 0.1 0.1 10.8483 -34.8095 0 0 0.778161 -0.859303 0.01
2.05325 -2.83774 0.1 0.1 0.798093 12.4279 0 0 -0.599632 0.831648 0.08
1.81932 -1.74679 0.1 0.1 -7.38624 18.6695 0 0 -0.601428 0.523796 0.07
1.14864 -0.569516 0.1 0.1 -14.8937 20.5546 0 0 -0.682039 0.254945 0.06
0.878358 -0.182504 0.1 0.1 -12.1439 18.1545 0 0 0.620343 -0.503176 0.02
0.527301 0.476633 0.1 0.1 -5.45348 14.8245 0 0 0.793175 -0.3336 0.04
0.372046 0.969777 0.1 0.1 -2.33005 9.86578 0 0 0.371166 -0.558167 0.04
0.315918 1.18529 0.1 0.1 -1.41643 4.5285 0 0 0.142782 -0.853736 0.03
0.295398 1.25041 0.1 0.1 -0.63822 1.99224 0 0 0.189422 -0.617845 0.02
0.292032 1.26263 0.1 0.1 -0.0359481 0.454532 0 0 0.299514 -0.762804 0.01
0.29164 1.26587 0.1 0.1 -0.0425152 0.19377 0 0 -0.00351368 -0.128785 0.01
0.29114 1.26775 0.1 0.1 -0.0573453 0.180885 0 0 -0.00767234 -0.00550871 0.01
0.290122 1.27165 0.1 0.1 -0.0107659 0.0800268 0 0 0.00759583 -0.0161598 0.03
0.29008 1.27236 0.1 0.1 0.00646891 -0.00902497 0 0 0.00429632 -0.022089 0.02
