0.0119676 -2.40015 0.1 0.1 -0.00369941 -0.0952626 0 0 0 0 0
-0.542785 -1.47315 0.1 0.1 -10.9094 18.329 0 0 -0.573238 0.967645 0.1
-1.22635 0.0155454 0.1 0.1 -8.64792 24.1371 0 0 0.112999 0.52125 0.07
-1.52148 1.53253 0.1 0.1 -1.26153 26.4067 0 0 0.591283 0.315788 0.06
-1.56452 2.36958 0.1 0.1 -1.60608 29.3817 0 0 -0.0652695 0.635436 0.03
-1.33099 3.062 0.1 0.1 7.32454 -4.7927 0 0 0.572894 -0.326365 0.08
-0.796679 2.89488 0.1 0.1 4.58996 0.992256 0 0 -0.122286 0.312172 0.09
-0.626911 3.02447 0.1 0.1 0.310282 -0.477617 0 0 -0.29364 0.639628 0.07
-0.624694 3.01971 0.1 0.1 0.133537 -0.457088 0 0 -0.0872863 0.959068 0.01
-0.594127 3.00345 0.1 0.1 0.472143 -0.0157321 0 0 0.0184619 0.771418 0.1
-0.591282 3.00341 0.1 0.1 0.0975697 0.00334897 0 0 -0.185911 0.997771 0.01
-0.590658 3.00338 0.1 0.1 0.0272323 -0.00659124 0 0 -0.0348656 0.725477 0.01
-0.590814 3.0034 0.1 0.1 -0.0310049 0.00070911 0 0 -0.00417199 0.855188 0.07
-0.591945 3.00285 0.1 0.1 0.00774076 -0.000979679 0 0 0.00188122 0.707932 0.1
-0.286549 2.19954 0.1 0.1 6.00055 -15.8023 0 0 0.315003 -0.830365 0.1
-0.0422486 1.48976 0.1 0.1 1.03722 -4.60753 0 0 -0.337215 0.749032 0.07
-0.0176053 1.38478 0.1 0.1 -0.0425203 0.366936 0 0 -0.105492 0.487013 0.05
-0.0190742 1.3874 0.1 0.1 -0.250906 0.156998 0 0 -0.105029 -0.1037 0.01
-0.021514 1.388 0.1 0.1 -0.237093 -0.037357 0 0 0.00567131 -0.0968944 0.01
-0.0229047 1.38812 0.1 0.1 -0.0413632 0.0616796 0 0 0.0972545 0.0496089 0.01
-0.0228393 1.38857 0.1 0.1 0.0542872 0.0291518 0 0 0.0478909 -0.0160296 0.01
-0.0224448 1.38884 0.1 0.1 0.0246656 0.0251218 0 0 -0.0146252 -0.0018828 0.01
-0.0202269 1.38968 0.1 0.1 0.0490192 0.003131 0 0 0.00221544 -0.00176237 0.06
