-0.811 0.132858 0.1 0.1 0.0281423 0.095467 0 0 0 0 0
-0.906794 0.0890022 0.1 0.1 -4.7858 -2.2725 0 0 -0.614506 -0.301763 0.04
-0.99929 0.136162 0.1 0.1 1.03754 4.10578 0 0 0.573984 0.642882 0.05
-0.888104 0.269025 0.1 0.1 6.34835 4.74858 0 0 0.90468 0.129643 0.03
-0.577902 0.560016 0.1 0.1 9.14334 9.76747 0 0 0.388686 0.664002 0.04
-0.487817 0.662598 0.1 0.1 8.87416 10.7473 0 0 -0.0896976 0.541273 0.01
-0.481788 2.36115 0.1 0.1 -8.48102 26.7573 0 0 -0.964704 0.983781 0.09
-0.660812 3.02851 0.1 0.1 4.3107 -6.62052 0 0 0.70093 -0.455128 0.09
-0.383817 2.33247 0.1 0.1 4.91667 -16.4823 0 0 0.073593 -0.879952 0.06
-0.248553 1.97051 0.1 0.1 8.59735 -19.7022 0 0 0.954277 -0.895506 0.02
0.0233978 1.37445 0.1 0.1 9.52801 -20.0336 0 0 0.200488 -0.154486 0.03
0.419902 0.442706 0.1 0.1 10.2923 -26.5105 0 0 0.144885 -0.9261 0.04
0.641129 -0.0971765 0.1 0.1 11.8252 -27.4745 0 0 0.43883 -0.375865 0.02
1.11542 -2.0225 0.1 0.1 1.83957 -27.5347 0 0 -0.679646 -0.14204 0.07
1.27985 -3.10696 0.1 0.1 6.35343 -12.0384 0 0 0.585202 -0.534902 0.04
1.18083 -2.72921 0.1 0.1 -8.33407 10.2133 0 0 -0.821736 0.605068 0.09
0.943104 -1.40399 0.1 0.1 2.24676 22.7494 0 0 0.647012 0.866494 0.08
0.666444 0.359614 0.1 0.1 -9.0106 21.3596 0 0 -0.72139 0.0231065 0.08
0.246418 1.42493 0.1 0.1 0.45223 0.298169 0 0 0.452249 -0.999838 0.1
0.247595 1.42776 0.1 0.1 -0.215809 0.266938 0 0 -0.333684 -0.0142735 0.01
0.247349 1.4331 0.1 0.1 0.189928 0.267355 0 0 0.101448 0.00146065 0.02
0.248728 1.43407 0.1 0.1 0.0859171 -0.0722763 0 0 -0.0513894 -0.169369 0.01
0.248874 1.43332 0.1 0.1 -0.0563342 -0.0776536 0 0 -0.0711057 -0.00307839 0.01
0.248946 1.43293 0.1 0.1 0.070382 -0.000503545 0 0 0.0634487 0.0383995 0.01
0.249297 1.43317 0.1 0.1 3.93309e-05 0.0479691 0 0 -0.0350168 0.0243522 0.01
