-2.30562 -1.66621 0.1 0.1 0.0722831 -0.0397087 0 0 0 0 0
-2.31244 -1.63445 0.1 0.1 -0.410168 1.61633 0 0 -0.0611656 0.211001 0.04
-2.07296 -1.05189 0.1 0.1 7.16278 14.8735 0 0 0.558791 0.988811 0.07
-1.60929 -0.411943 0.1 0.1 11.3492 10.7588 0 0 0.465575 -0.347468 0.05
0.396778 0.0340213 0.1 0.1 28.4873 -1.63336 0 0 0.957959 -0.597096 0.1
3.01929 0.650794 0.1 0.1 29.7736 15.087 0 0 0.217413 0.963561 0.09
2.96225 2.91064 0.1 0.1 -7.28318 29.8564 0 0 -0.376637 0.851111 0.1
2.26545 3.07478 0.1 0.1 -15.8568 -3.97643 0 0 -0.772585 -0.143489 0.06
1.13393 2.47791 0.1 0.1 -16.4642 -12.9726 0 0 -0.124345 -0.685241 0.07
0.429697 1.77512 0.1 0.1 0.557051 -2.79717 0 0 0.90681 0.526498 0.09
0.413545 1.74044 0.1 0.1 -2.16318 -0.677822 0 0 -0.684441 0.52117 0.02
0.38315 1.74863 0.1 0.1 -0.880624 1.48958 0 0 0.31331 0.544038 0.02
0.37216 1.75447 0.1 0.1 -1.31664 -0.318851 0 0 -0.223756 -0.90148 0.01
0.365553 1.7567 0.1 0.1 -0.00687373 0.763358 0 0 0.652048 0.542401 0.01
-0.00261535 1.43925 0.1 0.1 -10.3901 -9.71133 0 0 -0.76865 -0.77107 0.07
-0.189735 1.14359 0.1 0.1 6.36743 3.57676 0 0 0.829323 0.649978 0.1
-0.100796 1.19732 0.1 0.1 2.53921 1.80195 0 0 -0.935783 -0.430572 0.02
-0.0504726 1.23596 0.1 0.1 -0.00611766 0.1412 0 0 -0.312196 -0.202876 0.04
-0.0478163 1.23884 0.1 0.1 0.11139 -0.0245671 0 0 0.012022 -0.0162886 0.05
-0.0471161 1.23874 0.1 0.1 0.0287892 0.00502855 0 0 -0.0409808 0.0147416 0.01
