0.693262 -1.90827 0.1 0.1 0.0936193 0.0781072 0 0 0 0 0
0.674084 -1.24842 0.1 0.1 -0.468616 12.9051 0 0 -0.0289365 0.67445 0.1
0.683895 -0.969424 0.1 0.1 1.44326 14.9879 0 0 0.481185 0.590653 0.02
1.57813 -0.471943 0.1 0.1 16.1966 -4.70974 0 0 0.78287 -0.959962 0.1
2.82621 -0.984682 0.1 0.1 25.3158 -12.3046 0 0 0.864284 -0.6758 0.06
3.08081 -1.10115 0.1 0.1 25.6035 -10.9912 0 0 0.271053 0.598 0.01
2.69189 -1.26987 0.1 0.1 -14.8559 7.30725 0 0 -0.932605 0.906052 0.1
2.20305 -1.05904 0.1 0.1 -17.7194 6.75115 0 0 -0.559347 -0.0579501 0.03
1.2998 -0.558836 0.1 0.1 -18.405 13.2029 0 0 -0.158948 0.695023 0.05
0.371556 0.779228 0.1 0.1 -0.458503 13.5522 0 0 0.851846 0.0846833 0.1
0.394375 1.18534 0.1 0.1 1.58572 6.79836 0 0 0.258266 -0.793544 0.04
0.429629 1.33448 0.1 0.1 0.768552 3.16235 0 0 -0.130614 -0.58128 0.03
0.451646 1.3359 0.1 0.1 -0.0267351 -3.05276 0 0 -0.0646073 -0.517911 0.06
0.401171 1.25151 0.1 0.1 -3.32177 -2.57546 0 0 -0.558025 0.0653754 0.03
0.368975 1.23381 0.1 0.1 0.0907327 0.79371 0 0 0.84598 0.838224 0.02
0.368846 1.23417 0.1 0.1 -0.116149 -0.719332 0 0 -0.103776 -0.756498 0.01
0.366923 1.23007 0.1 0.1 -0.268224 -0.101572 0 0 -0.0769867 0.306865 0.01
0.365168 1.23038 0.1 0.1 -0.0831198 0.164195 0 0 0.0917839 0.133087 0.01
0.36086 1.23127 0.1 0.1 -0.131922 -0.118211 0 0 -0.00665246 -0.035198 0.04
0.36033 1.2299 0.1 0.1 0.0255192 -0.154755 0 0 0.0785161 -0.0189385 0.01
0.360437 1.229 0.1 0.1 -0.00406408 -0.026327 0 0 -0.0147346 0.0637691 0.01
0.36029 1.22885 0.1 0.1 -0.0252897 -0.00268644 0 0 -0.0106922 0.0117473 0.01
