1.8325 -0.528428 0.1 0.1 -0.0245636 0.0671241 0 0 0 0 0
1.92609 -0.666372 0.1 0.1 3.73693 -5.53816 0 0 0.385701 -0.574289 0.05
1.79629 -0.827275 0.1 0.1 -6.16808 2.19131 0 0 -0.502104 0.378327 0.1
1.41113 -0.895738 0.1 0.1 -1.61117 -3.46639 0 0 0.208724 -0.286296 0.1
1.7492 -1.57392 0.1 0.1 8.20971 -9.988 0 0 0.508272 -0.359941 0.1
2.95196 -1.95704 0.1 0.1 15.7202 2.12441 0 0 0.435884 0.586457 0.1
2.84066 -1.04995 0.1 0.1 -11.2541 15.7893 0 0 -0.859562 0.728464 0.1
1.97716 1.27033 0.1 0.1 -6.09995 30.3728 0 0 0.214931 0.845384 0.1
1.71891 2.16654 0.1 0.1 -11.093 29.3798 0 0 -0.876164 -0.0161959 0.03
-0.188182 2.95832 0.1 0.1 -26.7874 -7.94242 0 0 -0.880226 -0.659313 0.1
-2.45009 2.07432 0.1 0.1 -37.7073 -17.2093 0 0 -0.942448 -0.724528 0.07
-3.17401 1.71647 0.1 0.1 -29.0061 -18.5721 0 0 0.570998 -0.428586 0.02
-2.6073 -0.496323 0.1 0.1 17.1341 -25.5633 0 0 0.995574 -0.459686 0.1
-2.04763 -1.26258 0.1 0.1 20.1623 -25.5203 0 0 0.598214 -0.120678 0.03
0.109194 -3.18735 0.1 0.1 33.5803 -5.54132 0 0 0.973312 -0.159782 0.08
2.79264 -2.9753 0.1 0.1 42.9795 4.45242 0 0 0.863192 0.0977844 0.07
3.22172 -2.24051 0.1 0.1 -7.46279 16.4025 0 0 -0.394194 0.906254 0.07
2.23264 -0.91076 0.1 0.1 -17.1335 16.8365 0 0 -0.666776 0.109973 0.08
1.68536 -0.364838 0.1 0.1 -19.3411 19.5446 0 0 -0.459592 0.54208 0.03
1.50135 -0.162117 0.1 0.1 -17.4648 20.9971 0 0 0.847386 0.827983 0.01
1.32092 0.0398305 0.1 0.1 -18.619 19.395 0 0 -0.66829 -0.70047 0.01
0.391881 1.02645 0.1 0.1 -0.266744 0.650562 0 0 0.871819 -0.887695 0.1
0.387607 1.02806 0.1 0.1 -0.587488 -0.327036 0 0 -0.162795 -0.488125 0.01
0.388399 1.02626 0.1 0.1 0.743797 -0.0335045 0 0 0.666686 0.146082 0.01
0.40134 1.08387 0.1 0.1 -0.404984 1.45393 0 0 -0.0710291 0.0965613 0.08
0.395846 1.09419 0.1 0.1 -0.14527 -0.415794 0 0 0.0634842 -0.464915 0.02
0.395001 1.0924 0.1 0.1 -0.0239426 0.0557705 0 0 0.0603594 0.234942 0.01
0.395579 1.09445 0.1 0.1 0.0464724 0.0266759 0 0 0.00710471 -0.00270253 0.05
0.395712 1.09461 0.1 0.1 -0.0197642 0.00565413 0 0 -0.0330839 -0.010441 0.01
