-2.15209 1.27288 0.1 0.1 -0.0999512 -0.0913229 0 0 0 0 0
-2.31662 1.12668 0.1 0.1 -6.42852 -5.70996 0 0 -0.650012 -0.576723 0.05
-2.76101 0.808392 0.1 0.1 -8.36503 -4.90768 0 0 -0.198634 0.0403453 0.06
-3.17082 -0.592126 0.1 0.1 0.979834 -22.8044 0 0 -0.397414 -0.964811 0.1
-3.15191 -1.25991 0.1 0.1 0.357916 -21.7198 0 0 -0.71982 0.0694762 0.03
-3.14297 -2.55739 0.1 0.1 0.0634223 -30.1095 0 0 -0.357516 -0.968872 0.05
-3.14375 -2.84076 0.1 0.1 -0.00315254 10.3733 0 0 -0.958279 0.600312 0.1
-2.8208 -1.94563 0.1 0.1 7.96956 11.9833 0 0 0.518832 0.156576 0.08
-2.50358 -1.52541 0.1 0.1 13.1516 16.0111 0 0 0.917699 0.741446 0.03
-2.21993 -1.22301 0.1 0.1 15.207 14.2348 0 0 0.585748 -0.368666 0.02
-1.67007 -0.512797 0.1 0.1 12.3054 21.2292 0 0 -0.293382 0.962958 0.04
-0.936499 2.29806 0.1 0.1 2.53557 34.7616 0 0 -0.452757 0.817148 0.1
-0.916459 2.64924 0.1 0.1 1.47417 35.4739 0 0 -0.521788 0.531828 0.01
-0.524204 3.12943 0.1 0.1 11.5006 -3.7859 0 0 0.868498 0.795272 0.06
0.609769 1.81244 0.1 0.1 11.1844 -22.2468 0 0 0.0409254 -0.98899 0.1
2.03012 0.105536 0.1 0.1 17.1228 -12.0609 0 0 0.368469 0.424261 0.1
3.25393 -0.965414 0.1 0.1 0.964242 -14.6736 0 0 0.164358 -0.230673 0.08
2.81187 -1.4627 0.1 0.1 -8.0771 4.40967 0 0 -0.387303 0.929336 0.1
2.53451 -1.24816 0.1 0.1 -10.4021 9.86554 0 0 -0.43391 0.945048 0.03
1.31846 0.043952 0.1 0.1 -16.5295 18.7152 0 0 -0.408247 0.5633 0.09
0.847779 0.55696 0.1 0.1 -14.858 15.5013 0 0 0.200305 -0.45005 0.03
0.136988 1.31716 0.1 0.1 0.389132 -0.0375704 0 0 0.727338 -0.738801 0.1
0.139254 1.31678 0.1 0.1 0.0646158 -0.0376819 0 0 -0.161254 -0.000280817 0.01
