1.20445 -1.91617 0.1 0.1 -0.09347 -0.0879031 0 0 0 0 0
1.25638 -1.70251 0.1 0.1 2.15159 8.56221 0 0 0.229963 0.886551 0.05
0.944346 -0.682027 0.1 0.1 -10.9136 20.4564 0 0 -0.955996 0.922376 0.07
0.746367 -0.312816 0.1 0.1 -8.89108 16.4779 0 0 0.456298 -0.902363 0.02
-0.243974 1.88978 0.1 0.1 -13.053 32.2315 0 0 -0.286254 0.997724 0.09
-1.5345 3.05692 0.1 0.1 -12.7626 -2.36634 0 0 -0.0499686 0.171696 0.1
-3.11326 2.11377 0.1 0.1 -18.7105 -16.266 0 0 -0.376658 -0.74213 0.1
-2.8196 0.507752 0.1 0.1 12.6574 -19.3763 0 0 0.91418 -0.26172 0.09
-2.68867 0.316212 0.1 0.1 13.5285 -18.9324 0 0 0.501636 0.126446 0.01
-1.55011 -1.09431 0.1 0.1 24.317 -27.9929 0 0 0.99443 -0.872557 0.06
0.120264 -2.64321 0.1 0.1 23.4182 -16.3975 0 0 0.0546456 0.717214 0.07
0.901465 -3.07347 0.1 0.1 28.636 -5.84467 0 0 0.999837 0.17224 0.03
1.83397 -3.08021 0.1 0.1 33.5063 1.85863 0 0 0.967277 -0.161744 0.03
3.23511 -2.07571 0.1 0.1 -3.43971 17.9625 0 0 0.288238 0.855531 0.1
3.13786 -1.73801 0.1 0.1 -6.27573 15.8148 0 0 -0.733631 -0.452669 0.02
2.01769 -0.660738 0.1 0.1 -18.433 8.23903 0 0 -0.738435 -0.361424 0.09
1.12474 -0.0416475 0.1 0.1 -17.2949 16.4558 0 0 0.0248274 0.883635 0.05
0.334345 0.735436 0.1 0.1 -0.520576 1.04424 0 0 0.888704 -0.812805 0.09
0.328072 0.740498 0.1 0.1 -0.733779 -0.0299664 0 0 -0.110025 -0.534699 0.01
0.194274 1.00618 0.1 0.1 -2.21721 5.84596 0 0 -0.089823 0.341233 0.09
0.157392 1.09664 0.1 0.1 -0.251433 0.212429 0 0 0.321511 -0.923915 0.03
0.156807 1.09737 0.1 0.1 0.133822 -0.0645116 0 0 0.192468 -0.138073 0.01
0.157329 1.09769 0.1 0.1 -0.0291992 0.126755 0 0 -0.0812957 0.0957843 0.01
0.157192 1.09833 0.1 0.1 0.00167791 0.00246783 0 0 0.0153665 -0.0618278 0.01
