2.21038 -2.47475 0.1 0.1 0.0181381 -0.0343839 0 0 0 0 0
2.18437 -2.43415 0.1 0.1 -1.74366 2.72668 0 0 -0.298069 0.467021 0.03
2.23276 -2.80327 0.1 0.1 2.63845 -9.89855 0 0 0.221607 -0.649828 0.1
2.60639 -3.0578 0.1 0.1 12.227 0.968969 0 0 0.99641 -0.0970185 0.05
3.0386 -3.02711 0.1 0.1 16.5653 0.805298 0 0 0.795274 -0.775889 0.03
2.97528 -2.44955 0.1 0.1 -10.5234 13.4656 0 0 -0.972899 0.82755 0.08
1.56629 -1.57424 0.1 0.1 -24.5132 8.48549 0 0 -0.963154 -0.257016 0.08
0.271575 -0.845493 0.1 0.1 -18.7027 15.7326 0 0 0.376489 0.664396 0.06
-0.559242 0.125917 0.1 0.1 -5.19331 12.064 0 0 0.906475 -0.192424 0.07
-0.811831 0.670327 0.1 0.1 -1.17502 1.68465 0 0 0.235386 -0.614701 0.08
-0.532579 0.877914 0.1 0.1 10.3685 5.19972 0 0 0.98625 0.310618 0.06
-0.218829 1.17868 0.1 0.1 2.24887 6.81744 0 0 -0.781382 0.191684 0.05
-0.0455012 1.52038 0.1 0.1 6.39035 10.2446 0 0 0.539691 0.471315 0.04
0.140733 1.87257 0.1 0.1 1.10244 3.89611 0 0 -0.510703 -0.599793 0.05
0.167474 1.96313 0.1 0.1 -0.198137 -0.830352 0 0 -0.106254 -0.386403 0.06
0.18286 1.93548 0.1 0.1 0.572519 0.126422 0 0 0.0491583 0.0580854 0.08
0.185225 1.93352 0.1 0.1 -0.0985635 -0.516242 0 0 -0.334567 -0.322397 0.01
0.184246 1.93323 0.1 0.1 -0.0971875 0.455684 0 0 0.000245301 0.4859 0.01
0.186096 1.93989 0.1 0.1 0.280951 0.211004 0 0 0.095041 -0.0595068 0.02
0.187714 1.94258 0.1 0.1 0.0430003 0.326249 0 0 -0.118224 0.0589645 0.01
0.187248 1.94714 0.1 0.1 -0.0734544 -0.020238 0 0 -0.0195022 -0.0569988 0.03
0.186946 1.94713 0.1 0.1 0.0127648 0.0191065 0 0 0.0429825 0.019677 0.01
