0.352239 2.09871 0.1 0.1 -0.0408482 -0.0947846 0 0 0 0 0
0.313586 1.8791 0.1 0.1 -0.720768 -4.2284 0 0 -0.0359697 -0.217699 0.1
-0.0106078 1.33824 0.1 0.1 -8.45063 -11.1442 0 0 -0.57588 -0.532762 0.07
-0.217136 1.14658 0.1 0.1 -12.1898 -8.03168 0 0 -0.987295 0.730236 0.02
-0.807227 0.680049 0.1 0.1 -17.2803 -15.247 0 0 -0.711361 -0.960395 0.04
-1.62235 -0.176199 0.1 0.1 -15.3421 -18.9715 0 0 0.112155 -0.457979 0.05
-2.19084 -1.07241 0.1 0.1 -13.0991 -25.7936 0 0 0.210014 -0.96496 0.04
-2.61537 -2.17835 0.1 0.1 -8.1597 -29.4788 0 0 0.566092 -0.598988 0.04
-2.6919 -2.4779 0.1 0.1 -7.14904 -30.4292 0 0 0.468322 -0.625123 0.01
-2.55944 -2.76907 0.1 0.1 9.52145 12.5228 0 0 0.840381 0.957359 0.1
-2.34201 -2.48473 0.1 0.1 12.2126 15.9001 0 0 0.727612 0.915475 0.02
-1.92069 -1.75257 0.1 0.1 8.87497 20.676 0 0 -0.364037 0.688493 0.04
-0.951159 0.334661 0.1 0.1 15.2807 31.3618 0 0 0.462235 0.798472 0.08
-0.564132 1.31953 0.1 0.1 10.546 34.2811 0 0 -0.726696 0.650653 0.03
-0.377383 2.03048 0.1 0.1 8.13684 36.806 0 0 -0.557941 0.809078 0.02
-0.187195 2.78076 0.1 0.1 10.8722 38.2175 0 0 0.73013 0.540579 0.02
0.424033 2.96191 0.1 0.1 4.49387 -10.2112 0 0 -0.360456 -0.565685 0.08
0.42228 1.88876 0.1 0.1 -4.39801 -13.5858 0 0 -0.49439 -0.247131 0.09
0.244933 1.36024 0.1 0.1 -0.0942705 0.189287 0 0 0.258136 0.828114 0.08
0.242143 1.36569 0.1 0.1 -0.0179689 0.0298315 0 0 0.00735357 -0.0154022 0.05
0.242144 1.36577 0.1 0.1 0.0181413 -0.012703 0 0 0.018065 -0.0212244 0.01
