1.83087 -0.105821 0.1 0.1 -0.01387 -0.090024 0 0 0 0 0
1.45216 0.357623 0.1 0.1 -9.32968 11.5212 0 0 -0.606269 0.754573 0.08
0.669722 1.79639 0.1 0.1 -10.2186 24.2778 0 0 -0.104282 0.887409 0.08
-0.0330643 2.88221 0.1 0.1 -13.1787 12.0386 0 0 -0.305317 -0.929531 0.06
-1.56877 2.9863 0.1 0.1 -25.0551 -3.52553 0 0 -0.838394 -0.262733 0.08
-2.10448 2.93549 0.1 0.1 -28.5052 -1.56208 0 0 -0.996709 0.478425 0.02
-2.69606 2.89988 0.1 0.1 -30.6448 -1.99761 0 0 -0.682962 -0.117569 0.02
-3.17258 1.84853 0.1 0.1 1.10868 -18.75 0 0 -0.901932 -0.89034 0.1
-2.50426 0.604107 0.1 0.1 15.4063 -12.4456 0 0 0.936196 0.316609 0.08
-1.59606 -0.386588 0.1 0.1 14.8727 -20.4966 0 0 0.0309453 -0.753566 0.06
-0.935114 -1.25854 0.1 0.1 18.1533 -23.0832 0 0 0.492797 -0.432466 0.04
0.17992 -2.52749 0.1 0.1 26.3803 -27.6363 0 0 0.934149 -0.582666 0.05
2.62204 -2.98411 0.1 0.1 34.5622 8.16251 0 0 0.663975 0.877852 0.08
3.18999 -1.93084 0.1 0.1 -8.25131 18.0373 0 0 -0.509368 0.683062 0.08
2.66658 -1.09777 0.1 0.1 -12.6479 15.3086 0 0 -0.49243 -0.189808 0.05
1.50537 -0.337854 0.1 0.1 -16.3334 3.84198 0 0 -0.303513 -0.669502 0.08
0.292255 -0.355144 0.1 0.1 -24.0272 -4.33637 0 0 -0.743201 -0.683469 0.06
-2.61045 -0.219066 0.1 0.1 -33.8623 6.87145 0 0 -0.637242 0.566769 0.1
-2.95463 -0.149555 0.1 0.1 -34.971 7.03035 0 0 -0.727077 0.113762 0.01
-2.8977 1.01347 0.1 0.1 14.4228 18.6484 0 0 0.916833 0.711248 0.09
-2.62674 1.41183 0.1 0.1 12.6787 21.1794 0 0 -0.36945 0.732535 0.02
-1.57893 2.92372 0.1 0.1 22.1538 29.1378 0 0 0.876125 0.789602 0.06
-0.346817 2.67893 0.1 0.1 5.47728 -13.976 0 0 -0.858165 -0.991901 0.09
-0.110435 2.0879 0.1 0.1 3.99038 -9.70069 0 0 -0.12512 0.368516 0.05
0.0812639 1.57767 0.1 0.1 -0.0885305 -0.654493 0 0 -0.194431 0.426855 0.1
0.0759271 1.56009 0.1 0.1 -0.0893556 0.0612157 0 0 -0.000503346 0.0581874 0.06
0.0746762 1.55981 0.1 0.1 -0.0359098 -0.0885149 0 0 0.0130514 -0.0375063 0.02
0.0740751 1.55923 0.1 0.1 -0.0842367 -0.0266208 0 0 -0.0244752 0.0306606 0.01
0.0730998 1.55807 0.1 0.1 -0.0135269 -0.0901123 0 0 0.017443 -0.0161649 0.02
0.0742619 1.55415 0.1 0.1 0.0516131 -0.0408937 0 0 0.00552964 0.00377693 0.06
0.0739326 1.55354 0.1 0.1 -0.0672875 0.00985956 0 0 -0.0149129 0.00626589 0.04
0.0737081 1.55345 0.1 0.1 0.0222306 -0.0276019 0 0 0.0446743 -0.0187706 0.01
