0.142095 -1.16076 0.0585967 0.0510099 0 0
0.127945 -1.20595 -0.415125 -1.16542 -0.930156 0.08
-0.088875 -1.74797 -1.83837 -4.41459 -0.942629 0.2
-0.400487 -2.63071 -2.06367 -6.28681 0.211029 0.16
-0.491329 -2.89933 -2.46987 -7.09366 -0.961155 0.04
-0.92191 -3.92478 -2.20478 -3.59353 -0.166544 0.18
-0.963592 -3.68234 0.98075 4.33671 0.738449 0.2
-0.86419 -3.28476 1.48346 5.44196 0.606465 0.08
-0.44705 -2.21042 2.51965 4.09232 0.979428 0.2
-0.396499 -2.13347 2.53689 3.60362 0.530519 0.02
-0.132313 -1.88984 2.77273 1.29719 0.586264 0.1
-0.0775663 -1.86924 2.70261 0.766779 -0.342096 0.02
0.416827 -1.98456 3.46647 -2.03705 0.810032 0.16
0.873037 -2.30073 4.13469 -3.05091 0.984097 0.12
1.08333 -2.8011 -0.380154 -12.1243 0.928751 0.08
1.07105 -3.05146 -0.764201 -12.7057 -0.99909 0.02
0.934016 -4.9722 -0.663086 -5.95461 -0.975153 0.2
0.781083 -5.51868 -1.36752 -1.00652 -0.567074 0.16
0.719752 -5.53381 -1.69843 0.234916 -0.870662 0.04
0.46127 -5.30969 -2.57018 3.34922 -0.852891 0.12
-0.138485 -4.28118 -3.25575 6.52582 -0.85986 0.2
-0.26439 -4.00755 -3.03741 7.14822 0.0515155 0.04
-0.905554 -2.93819 -4.35613 3.49132 -0.98502 0.18
-1.06091 -2.76484 -1.63249 9.11479 -0.92981 0.04
-1.05645 -2.06261 0.672987 11.7107 -0.179411 0.06
-0.9259 -0.500727 1.15026 4.06538 0.941699 0.2
-0.570911 -0.190399 2.37829 -0.48826 0.599698 0.2
-0.23969 -0.379593 3.13203 -2.64249 0.685192 0.12
0.500014 -1.27017 4.09919 -6.06662 0.777202 0.2
1.06541 -2.80957 -0.544989 -14.5827 0.806883 0.18
0.996118 -4.17475 -0.429152 -11.5196 -0.995812 0.1
0.98115 -5.50172 -0.163046 -5.47051 -0.661626 0.16
0.980534 -6.24685 0.139262 -3.38289 0.280984 0.18
0.982566 -6.31157 0.0644722 -3.09684 -0.325419 0.02
1.00294 -6.76098 0.0572581 -3.17396 0.202912 0.14
1.00289 -6.88822 -0.0395193 -3.24833 -0.20597 0.04
0.998357 -7.01956 -0.18676 -3.33953 -0.456028 0.04
0.933499 -7.78454 -0.612709 -5.33929 -0.171241 0.18
0.730749 -8.99801 -1.68702 -8.05496 -0.23719 0.18
0.695611 -9.16128 -1.82186 -8.25073 -0.516484 0.02
0.545485 -9.90503 -0.613471 -3.84478 0.872719 0.12
