0.0672052 -1.69798 -0.0886883 0.086448 0 0
-0.0768807 -2.15097 -1.44507 -4.56419 -0.794337 0.2
-0.2509 -2.69811 -2.0355 -6.25651 -0.400116 0.1
-0.617816 -3.6803 -2.99785 -6.74696 -0.994789 0.14
-0.954781 -4.26954 -2.68409 -3.16538 -0.196555 0.12
-0.95939 -4.06267 1.17261 3.91472 0.97481 0.18
-0.935675 -3.98164 1.19913 4.18401 -0.109818 0.02
-0.815389 -3.579 1.81013 5.80799 0.655746 0.08
-0.388228 -2.44713 2.68973 5.42774 0.813298 0.18
0.087464 -1.84755 3.32579 1.9783 0.931973 0.16
0.496271 -1.7812 3.49861 -0.787608 0.326039 0.12
1.07495 -2.33134 -0.293174 -8.83535 0.836421 0.18
1.02722 -2.91426 -1.14863 -10.2699 -0.822917 0.06
0.746911 -4.61007 -1.4854 -5.47399 -0.947867 0.2
0.496452 -5.07241 -2.19259 -1.17438 -0.844069 0.14
0.265273 -5.06769 -2.42779 1.2019 -0.238306 0.1
-0.273323 -4.49588 -3.44796 4.76188 -0.959587 0.18
-0.470523 -4.17792 -3.11244 5.84266 0.289666 0.06
-0.699129 -3.65531 -2.60631 7.14425 0.281999 0.08
-1.0206 -2.85783 -1.22964 9.3414 -0.501545 0.12
-1.00473 -1.1886 0.07825 6.37455 -0.39395 0.18
-0.976138 -0.530532 0.390262 2.08935 0.227272 0.16
-1.00326 -0.166761 -0.59765 2.38194 -0.942593 0.16
-1.00266 -0.0639065 0.0373814 0.352597 -0.953649 0.16
-1.00063 -0.013651 -1.46473e-05 0.212828 -0.688737 0.18
-1.00051 0.00513962 0.000445448 0.175804 -0.436909 0.1
-0.999811 0.0105217 0.0342143 0.0956118 0.0916247 0.04
-0.998162 0.013815 0.0481169 0.0701188 0.0408235 0.04
-0.995791 0.0157864 0.0703224 0.0294741 0.0651681 0.04
-0.992751 0.0167238 0.0816358 0.0177738 0.0369672 0.04
-0.989167 0.0170094 0.0974952 -0.00311348 0.0500057 0.04
-0.985144 0.0169414 0.103688 -0.000330339 0.0241962 0.04
