0.18401 -0.507083 0.0201924 -0.0863697 0 0
0.155341 -0.67725 -0.311428 -1.64595 -0.327642 0.2
0.102514 -1.1001 -0.385413 -3.67621 -0.105156 0.16
0.0626317 -1.65606 -0.336506 -5.54461 0.316409 0.12
0.0106599 -2.15528 -0.990301 -6.99711 -0.554829 0.08
-0.324843 -3.75065 -1.90338 -6.97649 -0.532676 0.2
-0.497085 -4.28598 -1.59637 -3.816 -0.186254 0.1
-0.677592 -4.44998 -0.269367 1.78647 0.790556 0.2
-0.676219 -3.90718 0.343825 4.87885 0.268314 0.16
-0.659225 -3.70069 0.504219 5.41933 0.183489 0.04
-0.589263 -3.2046 1.20965 6.77008 0.875245 0.08
-0.563741 -3.06817 1.33817 6.8517 0.877877 0.02
-0.535851 -2.93125 1.44652 6.81808 0.912338 0.02
-0.441295 -2.53845 1.68204 6.13704 0.973684 0.06
-0.371638 -2.30806 1.80091 5.35694 0.976702 0.04
0.0607509 -1.70635 2.64276 0.665489 0.881826 0.2
0.4896 -1.81601 3.46993 -2.08672 0.938826 0.14
1.05839 -2.80369 -0.56316 -11.4248 0.899927 0.2
0.899634 -4.70906 -0.765508 -6.21424 -0.941576 0.2
0.655177 -5.30345 -1.85997 0.129225 -0.792871 0.2
0.539053 -5.25619 -2.00683 1.42328 -0.207697 0.06
0.0053856 -4.51821 -3.16624 5.44978 -0.98863 0.2
-0.056403 -4.40562 -3.01084 5.81259 0.564788 0.02
-0.179116 -4.16558 -3.12454 6.16064 -0.969218 0.04
-0.436049 -3.66045 -3.33049 6.26853 -0.811352 0.08
-0.569199 -3.40989 -3.3395 6.19667 -0.259774 0.04
-1.04765 -2.65673 -0.961851 9.80653 -0.52963 0.14
-1.03075 -1.79907 0.441285 9.66999 -0.510147 0.08
-0.91038 -0.596129 1.19314 2.48238 0.851867 0.2
-0.565011 -0.627023 2.61167 -2.5271 0.812761 0.18
0.0798075 -1.54879 3.63461 -6.29996 0.904177 0.2
0.686083 -2.66822 4.00983 -7.06088 0.963751 0.16
1.05551 -3.42169 0.966748 -13.3281 0.437471 0.1
1.06229 -3.70996 -0.10958 -15.0315 0.590825 0.02
1.00403 -5.89434 -0.11749 -9.18607 -0.259647 0.18
1.00051 -7.07625 -0.00181736 -8.18484 0.986026 0.14
0.980729 -8.66526 -0.295949 -9.52078 0.808824 0.18
0.896985 -9.69355 -1.13822 -10.2057 -0.781188 0.1
0.758971 -11.0048 -0.495653 -3.27847 -0.27149 0.2
