0.00252885 1.30573 0.0431812 0.0451449 0 0
0.0754883 1.70096 0.761717 3.83344 0.48026 0.2
0.126909 2.0529 0.536898 4.88832 -0.720893 0.08
0.383622 3.2838 2.18226 7.97447 0.86485 0.18
0.64243 4.08122 2.10986 5.06318 0.536226 0.12
0.901102 4.48742 1.66909 0.954519 -0.141853 0.14
1.01153 4.27623 -0.22213 -3.34563 0.0844081 0.16
0.970464 3.93639 -0.824658 -5.14551 -0.681715 0.08
0.767992 3.02698 -1.95611 -7.20026 -0.798711 0.14
0.72774 2.8834 -2.06441 -7.13493 -0.981265 0.02
0.456575 2.13902 -2.43086 -4.9519 -0.977557 0.12
-0.104035 1.6453 -3.28861 -0.0666553 -0.838005 0.2
-0.171027 1.64839 -3.41054 0.372817 -0.931941 0.02
-0.785216 1.95191 -4.22918 3.18063 -0.877407 0.16
-0.870213 2.01837 -4.26986 3.46181 -0.56541 0.02
-1.04022 2.16942 -3.45173 5.1237 -0.184963 0.04
-1.05095 2.99263 0.973016 12.0162 0.845578 0.08
-0.846049 4.86349 1.03979 5.86733 0.996436 0.2
-0.781023 5.15781 1.15663 3.96153 0.490368 0.06
-0.441461 5.33034 2.64525 -1.81294 0.977519 0.18
0.166393 4.56693 3.27879 -5.50576 0.619258 0.2
0.232432 4.45423 3.32401 -5.76006 0.850454 0.02
0.366364 4.21461 3.3705 -6.2001 0.746992 0.04
0.496336 3.95298 3.12582 -6.87354 -0.192602 0.04
0.556736 3.81091 2.91402 -7.33115 -0.738955 0.02
1.04609 2.75067 1.27534 -9.70311 0.564436 0.16
1.03311 1.84516 -0.47599 -10.4299 -0.465462 0.08
1.00217 0.622225 -0.0376774 -5.42755 0.370294 0.16
0.814817 0.206139 -1.84247 0.748425 -0.924373 0.2
0.446781 0.542731 -2.73424 3.44535 -0.617835 0.16
0.334703 0.691639 -2.86612 4.00156 -0.452261 0.04
0.0213433 1.18396 -3.34818 5.76254 -0.855689 0.1
-0.252316 1.68916 -3.46195 6.83263 -0.785517 0.08
-0.753148 2.71223 -3.78374 7.1962 -0.965985 0.14
-1.06218 3.56072 -0.108778 14.6119 -0.673174 0.1
-1.05796 3.85915 0.424016 14.9624 0.331044 0.02
-1.00491 5.56827 0.24355 9.53126 0.891361 0.14
-1.00057 6.91429 0.00287453 7.78617 -0.783309 0.16
-0.99444 7.54292 0.181505 8.03151 -0.383175 0.08
-0.978876 8.2164 0.23165 8.79608 -0.932239 0.08
-0.97392 8.39403 0.262935 8.96039 -0.865999 0.02
-0.884351 9.98727 0.209087 6.79074 -0.129114 0.18
-0.931886 10.6205 -0.665624 1.48865 -0.308966 0.16
