-0.183142 2.39256 0.0298879 0.0861197 0 0
-0.18395 2.40488 -0.0705811 0.522776 -0.479073 0.04
-0.0453002 2.95163 1.61764 5.17335 0.967797 0.18
-0.0117676 3.05689 1.73333 5.33911 0.669738 0.02
0.34516 3.91823 2.60075 4.58323 0.987467 0.16
0.541717 4.18985 2.34001 2.26746 -0.0501484 0.08
0.90085 4.31194 2.80816 -0.450127 0.641206 0.14
0.948236 3.35266 -1.33591 -7.63986 -0.882773 0.2
0.888435 3.04008 -1.63068 -7.88427 -0.931669 0.04
0.597064 1.99771 -1.97374 -4.61006 -0.869486 0.16
0.441178 1.72154 -1.95422 -2.34215 -0.270972 0.08
0.165871 1.61576 -2.6493 0.515581 -0.898874 0.12
-0.484837 2.08162 -3.79702 3.70418 -0.985922 0.2
-1.04841 3.10148 -0.570281 11.4951 0.359467 0.18
-1.04396 3.60736 0.438484 12.8508 0.576188 0.04
-1.00177 5.42314 0.0311062 5.70197 -0.0589836 0.2
-0.979092 6.09515 0.264524 2.23049 0.061694 0.18
-0.97557 6.24527 -0.149923 2.80843 -0.838107 0.06
-0.976776 6.29622 0.0286082 2.29498 0.901834 0.02
-0.96793 6.41332 0.261099 1.65889 0.397204 0.06
-0.898329 6.48848 1.11782 -0.0462254 0.985637 0.1
-0.824772 6.71235 -0.0439454 3.15821 -0.877306 0.14
-0.825097 7.49614 0.102387 4.93813 0.0204821 0.2
-0.822718 7.82012 -0.00608181 5.84004 -0.633948 0.06
-0.847127 9.16302 -0.367687 6.56099 -0.739511 0.2
-0.895403 10.182 -0.304379 3.91434 0.333257 0.18
-0.958388 10.4961 -0.428248 0.150694 0.139294 0.16
