-0.0500103 1.10663 -0.0642917 -0.00556255 0 0
-0.0165228 1.3821 0.477947 3.01048 0.479119 0.18
0.0636338 1.76542 1.15766 4.71384 0.764145 0.1
0.13428 2.0747 1.20609 5.56936 -0.30782 0.06
0.188952 2.31394 1.53215 6.39334 0.580203 0.04
0.302015 2.74276 2.23237 7.8548 0.97783 0.06
0.774481 4.0884 2.26596 4.35912 0.392971 0.2
0.969893 4.36893 2.6378 2.63477 0.99439 0.08
0.956845 4.14936 -1.25323 -3.81858 -0.959857 0.18
0.782124 3.64046 -2.26606 -6.33079 -0.950706 0.1
0.735114 3.51026 -2.43313 -6.67788 -0.727043 0.02
0.684463 3.37292 -2.62904 -7.03985 -0.96947 0.02
0.193207 2.2741 -3.3133 -5.60836 -0.938258 0.16
-0.279061 1.75212 -3.51676 -1.91633 -0.58651 0.14
-0.96908 1.77869 -4.14756 2.0098 -0.602736 0.18
-0.891791 3.08259 1.86015 8.81005 0.96175 0.2
-0.551975 4.30704 2.2645 5.65596 0.986552 0.16
-0.261324 4.77706 2.65829 2.21443 0.784011 0.12
0.401225 4.70208 3.94453 -2.65889 0.944997 0.2
0.646699 4.51074 4.22842 -3.67881 0.891733 0.06
0.99722 4.17486 4.5252 -4.63081 0.874943 0.08
1.03475 3.09694 -1.03505 -12.7482 -0.981212 0.1
0.875763 1.35469 -0.835583 -6.34387 -0.999471 0.18
0.683403 0.76725 -1.7099 -1.08631 -0.742296 0.16
0.239805 1.04976 -3.13575 3.86527 -0.938771 0.18
0.116398 1.2137 -3.0306 4.33979 0.195676 0.04
-0.278321 1.85389 -3.4868 6.16048 -0.973929 0.12
-0.875843 2.88148 -4.13079 5.80434 -0.969945 0.16
-0.958163 2.99739 -4.10403 5.77161 0.0758634 0.02
-1.06968 3.9166 0.703982 15.0584 -0.768867 0.08
-1.00064 6.15218 0.140651 8.2568 0.147079 0.2
-1.00064 7.4445 0.00747129 8.22313 -0.970062 0.16
-0.990024 8.86627 0.0892802 9.20941 -0.946665 0.16
-0.961101 9.62399 0.494027 9.20847 0.506879 0.08
-0.941943 9.97354 0.446522 8.19344 0.583738 0.04
-0.852705 11.0159 0.667375 2.33442 0.679149 0.2
