-0.166916 0.468889 -0.0445941 -0.0931889 0 0
-0.184332 0.523054 -0.385548 1.41516 -0.372403 0.08
-0.219334 0.648861 -0.77371 2.75566 -0.695299 0.06
-0.270621 0.841518 -0.927936 3.66279 -0.317107 0.06
-0.351992 1.25678 -0.677715 4.70536 0.20477 0.1
-0.41522 2.05341 -0.150343 6.74235 0.0539479 0.14
-0.416619 2.192 0.0114596 7.11809 0.413646 0.02
-0.308435 3.3807 1.30836 8.93594 0.859535 0.14
-0.0343045 4.64299 1.56776 3.44703 0.819557 0.2
0.351832 4.82143 2.76321 -1.3092 0.979739 0.18
0.992273 4.1861 3.54873 -4.61652 0.774879 0.2
0.981297 2.79309 -1.0928 -10.876 -0.999654 0.14
0.899714 2.02865 -0.939406 -8.13209 -0.951208 0.08
0.701761 1.11008 -1.52963 -2.17415 -0.853433 0.18
0.305364 1.19972 -2.83841 2.8711 -0.90006 0.18
-0.00424214 1.58685 -3.31279 4.75876 -0.874907 0.1
-0.491392 2.37268 -3.63037 6.16142 -0.81605 0.14
-0.710818 2.74617 -3.70661 6.16369 -0.526179 0.06
-0.786244 2.8662 -3.83966 5.8216 -0.926381 0.02
-1.05959 3.92842 0.561782 13.8694 -0.542937 0.12
-0.966276 5.9029 0.800046 5.98777 0.989832 0.2
-0.822931 6.82265 0.800537 4.88849 -0.103719 0.18
-0.648285 7.96449 1.08451 6.80254 -0.151533 0.2
-0.481793 9.26447 0.547534 6.4719 -0.877237 0.18
-0.426456 10.0651 0.0863649 3.11695 -0.051839 0.16
