-0.0690315 2.20611 0.0478539 0.0984607 0 0
0.0747577 2.67323 1.5974 4.89323 0.888986 0.18
0.535643 3.82993 2.75024 5.1525 0.877578 0.2
0.956177 4.31239 2.58948 1.02567 0.210637 0.16
1.02664 4.14155 -0.353642 -3.55648 0.071702 0.1
0.887647 3.32466 -1.36546 -6.26369 -0.525053 0.16
0.719956 2.68065 -1.89821 -6.14631 -0.874798 0.1
0.266421 1.82852 -2.71853 -2.08522 -0.975323 0.2
-0.286159 1.81468 -3.42714 1.74515 -0.672693 0.18
-0.906697 2.25904 -4.31162 3.48595 -0.995116 0.16
-1.0705 2.65143 -0.0538964 11.5062 -0.57441 0.06
-1.03685 3.39773 0.775086 12.3195 0.976888 0.06
-0.989404 4.25732 0.3897 9.07415 0.773294 0.08
-0.908369 5.2525 0.902834 3.42438 0.991235 0.16
-0.810333 5.41669 1.56465 0.71174 0.957515 0.08
-0.778086 5.42572 1.65994 0.193897 0.45272 0.02
-0.421258 5.11308 2.72768 -3.83189 0.828537 0.16
0.190058 4.02951 3.26253 -6.54453 0.82634 0.2
0.779267 3.09892 4.30661 -4.09615 0.968665 0.16
1.02561 2.84152 1.89995 -9.02493 0.620522 0.06
1.04686 2.38295 -0.222562 -12.347 -0.655441 0.04
1.02348 1.69527 -0.362266 -10.2798 -0.970191 0.06
0.944213 0.442356 -0.93177 -3.7525 -0.829774 0.18
0.793728 0.165142 -1.56987 -1.07276 -0.48877 0.12
0.599006 0.16707 -2.31595 1.03511 -0.782642 0.1
0.415241 0.255415 -2.28091 1.20335 0.06607 0.08
-0.0506293 0.729808 -3.48139 4.61448 -0.89518 0.16
-0.120971 0.825032 -3.55112 4.90701 -0.615562 0.02
-0.56862 1.52079 -3.83321 6.62011 -0.741531 0.12
-1.04461 3.52703 0.584312 14.9519 -0.726538 0.2
-1.00882 4.79566 0.153978 10.4811 0.544195 0.1
-0.930152 6.17142 1.05733 3.51222 0.815867 0.2
-0.893186 6.31872 0.790154 3.87425 -0.807522 0.04
-0.852559 6.56048 0.564264 4.23075 -0.484477 0.06
-0.801997 7.24544 0.211114 5.64987 -0.446262 0.14
-0.796889 7.35939 0.300474 5.75232 0.27512 0.02
-0.77462 7.72263 0.456154 6.3822 -0.0889614 0.06
-0.740389 8.27264 0.419761 7.32109 -0.76081 0.08
-0.63403 9.26518 1.2607 8.83032 0.310755 0.12
-0.530599 10.0172 0.731267 5.87222 -0.181746 0.1
-0.468953 10.4636 0.540463 3.10062 0.217252 0.1
