0.0669294 -2.30438 -0.00662359 -0.0362893 0 0
0.0576803 -2.40217 -0.179517 -1.85046 -0.0515847 0.1
-0.0981401 -3.0963 -1.51815 -5.31963 -0.751454 0.18
-0.459672 -4.01272 -2.3808 -3.97088 -0.930891 0.18
-0.744183 -4.31114 -2.40037 -1.07233 -0.309172 0.12
-1.0159 -4.10787 -0.307849 4.30192 0.933425 0.16
-0.879275 -2.92988 1.54502 7.67258 0.96759 0.18
-0.84758 -2.7783 1.61995 7.46414 0.938625 0.02
-0.595161 -1.93312 2.00995 4.3483 0.987408 0.14
-0.469269 -1.72037 2.20266 2.7507 0.757284 0.06
0.0124226 -1.62643 3.16973 -1.5314 0.835946 0.18
0.744463 -2.25248 4.0934 -4.23809 0.887581 0.2
1.06191 -2.64512 1.54439 -10.0179 0.925841 0.08
1.07495 -2.88231 0.00421315 -13.1829 0.490859 0.02
1.06816 -3.15844 -0.56518 -14.1316 -0.122489 0.02
1.00263 -5.26024 -0.0481897 -6.76726 -0.19001 0.2
0.992871 -6.03019 -0.145535 -3.24851 -0.0352458 0.16
1.00038 -6.53166 0.209071 -3.25242 0.352057 0.16
0.99872 -6.69865 -0.244132 -2.41965 -0.830833 0.06
0.98164 -7.06503 -0.0559577 -3.74051 0.168883 0.12
1.00395 -7.99283 -0.0285006 -6.38965 0.576005 0.18
0.839114 -9.58375 -1.39055 -8.50203 -0.431041 0.2
0.757675 -10.2732 -0.0349574 -3.20602 0.843152 0.12
