0.0962504 -1.46548 0.0238945 -0.0346642 0 0
-0.00559197 -1.80482 -1.21638 -3.72484 -0.922094 0.18
-0.200824 -2.48631 -1.60457 -5.85626 -0.0145213 0.14
-0.263609 -2.72037 -1.52488 -5.79188 0.506163 0.04
-0.61456 -3.7978 -2.15839 -4.97539 -0.632381 0.18
-1.01015 -4.31543 -1.91061 -0.476876 -0.444802 0.18
-0.93431 -3.63358 1.11215 5.478 0.465511 0.2
-0.668487 -2.63644 2.00744 5.89771 0.788189 0.16
-0.298727 -1.92526 2.65958 2.76925 0.992249 0.16
0.333238 -1.81033 3.68672 -1.43856 0.862193 0.2
0.611809 -1.99773 3.26268 -3.23025 -0.541806 0.08
1.06163 -3.06717 -0.636884 -12.3189 0.900303 0.18
1.04773 -3.31231 -0.734934 -12.1321 -0.947026 0.02
0.97353 -4.52487 -0.488935 -7.8557 -0.995461 0.12
0.966386 -4.67401 -0.231417 -7.07804 0.963543 0.02
0.873661 -5.4095 -1.01087 -1.20296 -0.711267 0.18
0.64713 -5.27719 -1.78604 2.65855 -0.506926 0.16
0.19257 -4.35805 -2.5912 6.09888 -0.859527 0.2
-0.328715 -3.2491 -3.41349 5.05383 -0.919749 0.18
-0.543584 -2.98299 -3.76026 3.74947 -0.539345 0.06
-1.08588 -2.60749 -0.801151 8.30662 -0.63554 0.14
-1.04393 -1.84333 0.697492 8.52953 0.497765 0.08
-0.926334 -0.996946 1.19793 3.58988 0.964652 0.14
-0.614442 -0.834456 2.28381 -1.53685 0.637437 0.18
-0.524265 -0.906005 2.2236 -2.04144 -0.276742 0.04
-0.271083 -1.22545 2.80003 -4.23948 0.824382 0.1
-0.0991347 -1.5096 2.9159 -5.20964 0.577988 0.06
0.0202498 -1.72963 3.04724 -5.77318 0.951985 0.04
0.207028 -2.09634 3.17407 -6.39767 0.896022 0.06
0.606981 -2.87137 3.59337 -5.97906 0.846888 0.12
0.921903 -3.26662 4.31097 -3.74718 0.949257 0.08
1.04527 -4.23442 -0.548161 -11.8552 0.953497 0.1
0.995316 -5.36816 -0.456454 -7.18781 -0.95371 0.12
0.86576 -6.12383 -1.26579 -2.55794 -0.562784 0.16
0.838934 -6.16997 -1.41633 -2.06308 -0.742229 0.02
0.786646 -6.25845 -1.19697 -2.37427 0.653295 0.04
0.677497 -6.706 -0.369815 -4.146 0.690332 0.14
0.651278 -7.39609 -0.0693221 -5.76026 0.434389 0.14
0.628764 -7.88523 -0.515849 -6.55705 -0.297469 0.08
0.528923 -8.62523 -1.52111 -8.38706 -0.620927 0.1
0.321887 -9.55567 -2.45726 -9.61349 -0.818288 0.1
-0.0348017 -10.6773 -2.60666 -5.97492 -0.981233 0.14
-0.424607 -11.2378 -2.39935 -1.28846 -0.0394807 0.16
