0.0926133 -1.33029 0.0981074 0.0821767 0 0
0.122402 -1.48445 0.375703 -2.55283 0.303877 0.12
0.147017 -1.67133 0.434267 -3.65422 0.287088 0.06
0.100376 -2.52968 -1.12017 -7.23145 -0.884571 0.16
0.0192408 -2.98967 -1.55019 -7.94478 -0.565258 0.06
-0.264871 -4.11556 -1.85478 -5.26217 -0.738908 0.16
-0.513994 -4.54735 -1.03548 0.0709252 0.395117 0.18
-0.534848 -4.54145 -1.04983 0.517163 -0.169745 0.02
-0.841693 -4.103 -1.97369 3.46729 -0.816387 0.2
-1.0172 -3.8146 -1.96751 4.47618 -0.983105 0.08
-1.04174 -3.52791 0.148779 8.70152 -0.976149 0.04
-1.01395 -2.98039 0.672596 9.18599 0.947089 0.06
-0.912345 -1.92515 0.767224 5.53608 0.854324 0.14
-0.822459 -1.44962 0.615932 1.44311 0.07082 0.14
-0.646266 -1.54315 1.56469 -2.41005 0.837441 0.16
-0.330444 -2.13488 2.3316 -4.64896 0.940162 0.16
0.0335205 -2.80485 2.939 -4.41091 0.82371 0.14
0.605096 -3.24542 4.24419 -0.869057 0.901321 0.16
0.970072 -3.24471 4.87444 0.835871 0.862422 0.08
1.04923 -3.8604 -0.550824 -10.1809 0.219967 0.08
0.988096 -4.82715 -0.571921 -5.9579 -0.999609 0.12
0.742235 -5.34166 -2.04446 0.687357 -0.987634 0.2
0.206742 -4.72435 -3.1592 5.04511 -0.85076 0.2
-0.182623 -4.02546 -3.30588 6.42711 -0.713684 0.12
-0.777024 -3.10834 -4.32098 4.06853 -0.94401 0.16
-0.953591 -2.96104 -4.50997 3.27749 -0.411303 0.04
-1.08964 -2.48709 0.393152 12.968 -0.923005 0.06
-1.07682 -2.2263 0.788178 12.8992 0.950663 0.02
-1.02088 -1.32566 0.544936 9.62352 0.999661 0.08
-0.811909 -0.148204 1.90888 2.32638 0.983399 0.2
-0.57924 -0.0374718 2.73141 0.021187 0.866259 0.1
-0.20365 -0.0268765 2.63414 0.131837 -0.0610662 0.14
-0.0322147 -0.0514079 3.07831 -0.932966 0.828339 0.06
0.0302866 -0.0722321 3.17181 -1.14985 0.5427 0.02
0.343453 -0.181305 3.09728 -1.08924 -0.0643629 0.1
0.756595 -0.428116 3.77874 -3.03062 0.641123 0.12
0.9081 -0.55449 3.79613 -3.30131 0.0816426 0.04
1.01269 -0.268297 -0.223747 1.84 0.761544 0.18
1.0044 -0.184075 -0.0753591 1.05089 0.859802 0.06
1.00079 -0.0925911 -0.00241022 0.257489 0.84503 0.16
1.00012 -0.0798808 -0.000774159 -0.100147 0.0238853 0.18
0.999828 -0.0815715 -0.0281194 -0.0693461 -0.173384 0.02
0.997553 -0.083056 -0.0854595 -0.00617305 -0.182728 0.04
