-0.0979416 -1.90046 0.0331985 0.046354 0 0
-0.180335 -2.35515 -0.928984 -4.41561 -0.463302 0.2
-0.225339 -2.55201 -1.32419 -5.41793 -0.917808 0.04
-0.321013 -2.91352 -1.85184 -6.53855 -0.817924 0.06
-0.524163 -3.55781 -2.12546 -5.91107 -0.5526 0.1
-0.905262 -4.25383 -2.18347 -1.7939 -0.443747 0.18
-1.00947 -3.97571 0.243086 3.70962 -0.43816 0.18
-0.99525 -3.8117 0.469765 4.47733 0.441694 0.04
-0.98513 -3.71946 0.541845 4.74012 0.182634 0.02
-0.957275 -3.51437 0.848232 5.48379 0.686857 0.04
-0.722989 -2.52197 1.87477 5.79568 0.969922 0.16
-0.302238 -1.81433 2.44657 1.24553 0.754599 0.2
0.0959243 -1.83968 3.23968 -1.49272 0.912333 0.14
0.691177 -2.37805 3.33284 -4.19829 0.322076 0.18
1.0626 -2.99055 0.633349 -10.7562 0.427248 0.12
1.06454 -3.22774 -0.279469 -12.5587 -0.215779 0.02
1.05528 -3.48263 -0.571328 -12.7303 -0.741935 0.02
1.0234 -4.18472 -0.393424 -10.4328 -0.844648 0.06
1.00574 -4.88971 -0.102331 -7.32476 0.0155364 0.08
0.958774 -5.51 -0.815688 -2.99654 -0.960581 0.12
0.902301 -5.85902 0.0179973 -2.25522 0.857873 0.14
0.994774 -6.28442 1.16283 -3.36798 0.909792 0.16
1.0112 -6.36691 -0.22636 -0.0382778 -0.624186 0.08
0.999419 -6.47019 0.0957899 -1.12778 0.16831 0.18
1.00052 -6.7356 -0.00118866 -1.86794 0.375795 0.2
0.884269 -7.07033 -1.13196 -1.83048 -0.787024 0.2
0.792072 -7.25867 -1.18134 -2.88288 -0.15984 0.08
0.513333 -7.97284 -1.99998 -5.24136 -0.484541 0.18
0.473539 -8.08049 -1.98069 -5.52002 0.571909 0.02
0.131106 -9.27506 -1.25306 -5.19543 0.790644 0.2
0.0200375 -9.77199 -0.312836 -1.74212 0.586964 0.14
