0.0433161 -2.64447 -0.0653525 0.0835428 0 0
0.0426358 -2.64375 -0.00264299 -0.0104531 0.509275 0.02
-0.0750812 -2.99348 -1.45098 -4.01039 -0.940489 0.16
-0.420411 -3.75873 -2.2704 -3.66983 -0.750149 0.18
-0.894137 -4.11304 -2.51674 0.0532154 -0.422311 0.2
-1.01138 -3.61571 0.596834 6.41285 0.843205 0.14
-0.979606 -3.34345 0.981343 7.1424 0.911085 0.04
-0.934042 -3.05035 1.27665 7.41783 0.926846 0.04
-0.907358 -2.90235 1.38665 7.35834 0.977202 0.02
-0.587143 -1.83362 1.87901 2.93738 0.837576 0.2
-0.291615 -1.66436 2.37228 -0.426194 0.609326 0.14
-0.0261483 -1.80595 2.92437 -2.31966 0.890222 0.1
0.500526 -2.33747 3.64271 -3.976 0.879322 0.16
1.06206 -3.6137 -0.619704 -13.4813 0.524168 0.2
1.03707 -4.12565 -0.550012 -11.9397 0.947145 0.04
1.00124 -5.76259 -0.0209624 -5.34501 0.249671 0.2
1.00026 -6.29834 -0.00118714 -3.85995 0.256167 0.12
1.00054 -6.52346 0.00477651 -3.68584 0.753374 0.06
0.978347 -6.85417 -0.432216 -3.11922 -0.487867 0.1
0.88726 -7.22771 -1.07824 -3.3051 -0.694621 0.12
0.600702 -7.98166 -2.18203 -5.38204 -0.680448 0.18
0.399038 -8.47141 -2.88789 -6.92507 -0.678614 0.08
-0.209043 -9.85411 -3.51827 -6.89823 -0.349496 0.18
-0.735303 -10.5283 -2.4774 -0.999542 0.323562 0.18
