0.18207 0.511622 0.0243123 -0.0404389 0 0
0.158262 0.595572 -0.609132 2.08356 -0.814107 0.08
-0.00256561 1.17809 -1.30957 5.04601 -0.618559 0.16
-0.322898 2.45311 -1.82423 7.10631 -0.929254 0.2
-0.812799 3.50513 -3.30082 2.33138 -0.838142 0.2
-1.06268 3.83844 0.202051 7.95153 -0.686396 0.1
-0.987059 4.72633 0.630298 4.17546 0.667952 0.14
-0.812831 5.01446 1.612 -0.471414 0.870596 0.16
-0.585119 4.79065 2.14976 -3.13103 0.647369 0.12
-0.266538 4.19062 2.34714 -5.27089 0.525665 0.14
0.171445 3.36404 3.25827 -4.26638 0.984217 0.16
0.953869 2.91535 4.58565 -0.0690498 0.689029 0.2
1.07268 2.38818 -0.760039 -10.5357 -0.992208 0.08
0.937359 1.07408 -1.01602 -4.13219 -0.921345 0.18
0.864789 0.812447 -0.813764 -2.4877 0.399837 0.08
0.562522 0.893789 -2.16485 2.94828 -0.72175 0.2
0.260958 1.39892 -2.79114 5.3111 -0.887979 0.12
-0.349628 2.67511 -3.35145 6.60387 -0.931264 0.2
-1.07731 3.72929 -0.0760499 11.7325 -0.97147 0.2
-1.04464 4.43507 0.644802 10.7963 0.463976 0.06
-0.928764 5.76122 1.10526 4.06452 0.89548 0.18
-0.783376 6.11964 1.31489 2.12663 0.0875251 0.12
-0.655085 6.68384 0.113827 4.38571 -0.79038 0.18
-0.661167 6.98016 -0.299825 5.47398 -0.950092 0.06
-0.658006 7.40293 0.3736 5.2767 0.857176 0.08
-0.574964 8.11314 1.06418 6.72668 0.338185 0.12
-0.508885 8.53711 1.1387 7.36105 -0.526173 0.06
-0.366535 9.33035 1.612 8.0837 0.193714 0.1
-0.33295 9.49277 1.73993 8.13013 0.887623 0.02
-0.297091 9.65467 1.83969 8.0321 0.947182 0.02
-0.26025 9.81154 1.84042 7.63606 0.574732 0.02
-0.109145 10.4256 0.769449 2.87054 -0.589601 0.12
