-0.181882 3.0628 0.00581271 0.0502788 0 0
-0.163726 3.11179 0.442534 1.1229 0.587156 0.08
0.0294832 3.49159 1.42737 2.15108 0.648947 0.2
0.288879 3.78585 2.25677 1.83124 0.925337 0.14
0.848083 3.98396 3.33917 0.0814783 0.906367 0.2
1.03565 3.5388 -0.414779 -7.47718 0.340817 0.12
1.01358 3.2317 -0.669284 -7.79067 -0.598079 0.04
0.998668 3.07461 -0.815892 -7.89115 -0.971677 0.02
0.790848 1.85806 -1.25912 -3.63401 -0.829936 0.2
0.442183 1.62948 -2.28335 1.17764 -0.832041 0.2
0.346565 1.69257 -2.49503 1.96288 -0.844383 0.04
0.187392 1.84135 -2.80404 2.95851 -0.899579 0.06
-0.462261 2.6149 -3.72139 4.07009 -0.889518 0.2
-1.05104 3.29627 -0.974077 10.3136 -0.442634 0.16
-1.05827 3.52636 0.0789208 12.2461 -0.675052 0.02
-1.05206 3.77505 0.458483 12.414 0.708585 0.02
-0.981123 5.40034 0.547399 5.64736 0.952261 0.18
-0.892863 6.10761 0.472398 2.71681 -0.129605 0.18
-0.91017 6.69147 -0.679749 4.80048 -0.873758 0.16
-0.956354 6.99665 -0.849511 5.39136 -0.494174 0.06
-0.991854 7.74029 0.352773 5.70683 0.867162 0.14
-0.943932 8.80287 0.252287 7.19144 -0.682641 0.16
-0.920286 9.37825 0.268194 6.87572 -0.155244 0.08
-0.937078 10.2167 -0.451227 2.23766 -0.140888 0.18
