0.0160104 0.769876 0.0253589 -0.00928486 0 0
-0.0674622 1.10104 -0.996283 3.89759 -0.757575 0.16
-0.101983 1.26374 -0.727171 4.25693 0.779073 0.04
-0.0636819 2.42171 1.27911 7.8745 0.90905 0.2
0.0206409 2.90783 1.49038 8.15552 0.0268991 0.06
0.0521928 3.07318 1.65849 8.3527 0.927787 0.02
0.0863487 3.23992 1.75016 8.29242 0.734442 0.02
0.417364 4.38907 1.93688 4.02354 0.736357 0.18
0.742858 4.68923 2.19602 -0.123226 0.369272 0.16
1.03218 4.26863 -0.308567 -5.05626 0.173195 0.18
0.885918 3.22061 -1.45503 -7.54348 -0.543642 0.16
0.855457 3.06881 -1.58551 -7.6102 -0.896595 0.02
0.788253 2.76854 -1.75528 -7.31182 -0.910118 0.04
0.396737 1.75691 -2.27134 -2.56865 -0.854174 0.2
0.208633 1.63345 -2.44415 -0.552445 -0.41437 0.08
-0.18645 1.76782 -3.18114 2.3201 -0.833826 0.14
-0.744374 2.31421 -3.76834 4.18457 -0.778812 0.16
-1.06083 3.14103 0.256935 13.0733 0.352515 0.12
-1.05216 3.40619 0.53858 13.2475 0.948877 0.02
-0.993629 5.16865 0.319683 6.34457 0.998186 0.18
-0.955095 5.56855 0.693729 3.6695 0.669006 0.08
-0.88935 6.0298 0.118616 2.46749 -0.546049 0.16
-0.887994 6.1757 -0.076815 2.43971 -0.457316 0.06
-0.977186 6.69971 -1.03293 4.30922 -0.722538 0.16
-1.00436 7.29415 0.0721801 3.8821 -0.722363 0.18
-1.00152 7.37287 0.211427 3.99589 0.842151 0.02
-0.892813 8.16407 1.23267 6.14849 0.578521 0.16
-0.660752 9.06687 2.65143 8.90348 0.921983 0.12
-0.606261 9.24672 2.79043 9.05359 0.604974 0.02
-0.246681 10.2812 1.22044 2.38755 -0.629203 0.18
