-0.00632398 -1.56906 -0.0840972 -0.0698767 0 0
0.0728494 -1.98575 0.806717 -3.72416 0.751637 0.2
0.116832 -2.35069 0.274134 -5.3887 -0.527941 0.08
0.106536 -2.85611 -0.520633 -7.13361 -0.862455 0.08
-0.0691062 -4.08683 -1.20246 -5.25801 -0.858618 0.18
-0.314933 -4.6176 -1.96081 -1.35997 -0.965328 0.16
-0.539366 -4.63696 -2.52994 0.915452 -0.867034 0.1
-0.69581 -4.54512 -2.67948 2.11982 -0.452968 0.06
-0.804474 -4.44575 -2.75049 2.83669 -0.426631 0.04
-1.02141 -4.16319 -2.18188 4.78169 -0.12712 0.08
-1.04803 -3.88229 0.189109 8.42481 -0.506594 0.04
-1.0411 -3.70788 0.474927 8.96297 0.894424 0.02
-1.02907 -3.52404 0.724095 9.4055 0.938265 0.02
-0.992002 -3.13703 1.09278 9.80692 0.934499 0.04
-0.735352 -1.61992 1.48345 4.63623 0.996527 0.2
-0.636835 -1.39652 1.82127 2.81059 0.996945 0.06
-0.1998 -1.35312 3.03821 -2.10038 0.915011 0.18
0.417788 -2.031 3.72938 -5.07416 0.804719 0.18
0.728828 -2.45424 4.06123 -5.35276 0.979063 0.08
1.03804 -4.01851 -0.497119 -13.5774 -0.86972 0.16
1.02867 -4.28114 -0.430379 -12.6735 -0.864087 0.02
1.00149 -6.08693 -0.0172361 -6.4784 0.875018 0.2
1.00059 -7.16026 -0.000761979 -6.12589 0.845252 0.18
0.982401 -7.66071 -0.468476 -6.51296 -0.350603 0.08
0.94402 -8.37146 -0.32615 -7.59615 0.935516 0.1
0.882213 -9.83626 0.131933 -5.22578 0.40173 0.2
1.01714 -10.2522 0.0877726 -1.69827 0.777464 0.18
