0.188525 0.765577 0.011353 0.0277865 0 0
0.228476 0.817839 0.655224 0.842454 0.83962 0.12
0.268318 1.08693 0.0483728 3.52252 -0.591324 0.12
0.267103 1.24307 -0.102329 4.27131 -0.637249 0.04
0.336164 2.10679 1.06614 6.78513 0.605579 0.16
0.439155 2.69536 1.48718 7.799 0.111888 0.08
0.579409 3.34283 1.92277 7.97608 0.655612 0.08
0.734298 3.91541 1.92415 6.16792 0.647472 0.08
0.90615 4.3911 0.653095 1.04636 -0.860308 0.14
1.01317 4.14185 -0.174471 -3.69463 0.585215 0.2
0.965932 3.67326 -0.782296 -5.59348 -0.460049 0.1
0.928852 3.43647 -1.06528 -6.20242 -0.612959 0.04
0.745557 2.63433 -1.8474 -6.44009 -0.985007 0.12
0.420725 1.88106 -2.28011 -2.83578 -0.844868 0.16
0.107718 1.7064 -2.96015 -0.113239 -0.942229 0.12
-0.521851 1.98889 -3.99903 2.95823 -0.961103 0.18
-1.06154 3.08143 0.593341 13.2415 -0.705097 0.18
-1.01553 4.05357 0.386225 10.5282 0.869894 0.08
-0.934518 5.40454 0.89929 3.14753 0.991462 0.2
-0.872284 5.54156 1.1822 1.44706 0.454512 0.06
-0.784757 5.56854 1.73409 -0.512585 0.975297 0.06
-0.648342 5.48594 1.67265 -1.5439 -0.220105 0.08
-0.1815 4.71453 2.81311 -5.70959 0.917664 0.2
-0.00824349 4.34883 2.95188 -6.4377 0.9233 0.06
0.490369 3.28633 3.46006 -5.89394 0.811993 0.16
0.711854 2.97994 3.9387 -4.23715 0.77594 0.06
0.792407 2.90155 4.11658 -3.60072 0.811477 0.02
0.87519 2.83292 4.16201 -3.25847 0.0782579 0.02
1.06635 2.13058 -0.681668 -10.705 -0.530548 0.1
1.0263 1.55586 -0.606951 -8.41831 -0.949334 0.06
0.874254 0.605818 -1.36976 -2.2384 -0.756147 0.18
0.612577 0.568811 -2.35574 1.53248 -0.699122 0.14
0.162128 1.08479 -3.18986 4.74302 -0.690374 0.16
-0.460228 2.17969 -3.60896 7.08749 -0.879721 0.18
-1.0537 3.86922 0.360231 14.4507 -0.674821 0.2
-0.988176 6.00555 0.452335 7.12281 0.702921 0.2
-1.00196 7.22236 -0.356089 8.11021 -0.981612 0.16
-1.00452 7.86725 0.0842016 8.35236 -0.792815 0.08
-0.877381 9.37785 1.31547 9.99452 0.204942 0.16
-0.804697 10.4855 -0.396017 2.62554 -0.647222 0.18
