-0.149792 -2.93662 -0.0510441 -0.0193826 0 0
-0.116293 -2.89625 0.522156 0.533632 0.532432 0.14
0.0273078 -2.8049 1.06434 0.39922 0.45081 0.18
0.206102 -2.71073 1.90338 1.06819 0.943564 0.12
0.47682 -2.58267 2.59995 0.980858 0.870832 0.12
0.768123 -2.49531 3.22252 0.725699 0.957689 0.1
0.833777 -2.48159 3.34279 0.645812 0.944671 0.02
1.05329 -2.84177 -0.559574 -7.95876 0.0315091 0.12
0.889716 -4.08164 -1.2286 -6.26751 -0.966538 0.16
0.756651 -4.56959 -1.48868 -3.4988 -0.855846 0.1
0.442649 -4.7708 -2.04692 1.08001 -0.497656 0.18
0.401553 -4.7449 -2.06216 1.50734 -0.140526 0.02
0.0803317 -4.34899 -2.48118 3.97328 -0.605225 0.14
-0.0685759 -4.08517 -2.47704 4.78465 -0.356654 0.06
-0.459953 -3.42457 -3.19709 4.11293 -0.883711 0.14
-0.993032 -3.07117 -4.44117 0.803056 -0.980138 0.14
-1.07177 -2.81308 -0.0595864 10.5567 -0.67919 0.04
-1.05383 -2.36969 0.648744 10.8611 0.232148 0.04
-0.938951 -0.947263 0.91569 3.5717 0.881526 0.2
-0.806317 -0.762328 1.75655 0.190738 0.930691 0.1
-0.308914 -1.25255 3.08411 -4.6647 0.857543 0.2
0.305256 -2.32081 3.66663 -6.72548 0.990617 0.18
0.851648 -3.19694 4.31175 -4.97131 0.739594 0.14
1.02257 -5.03994 -0.374475 -10.2967 0.990659 0.18
1.00548 -5.76855 -0.100699 -8.09977 0.246787 0.08
1.00031 -6.90242 -0.00581381 -6.71786 0.346302 0.16
0.85925 -8.07832 -1.61236 -7.25376 -0.708383 0.18
0.450431 -9.69839 -2.08636 -7.32199 0.0404425 0.2
0.319427 -10.1129 -2.26049 -6.36902 -0.95792 0.06
0.0211165 -10.7148 -2.09557 -2.3607 -0.300396 0.14
