-0.140865 0.480861 0.066833 -0.0811366 0 0
-0.0140941 0.442307 1.2003 -0.324569 0.801664 0.2
0.065553 0.606669 0.154234 2.93631 -0.910919 0.12
0.0539473 1.27261 -0.212306 5.33761 -0.406793 0.16
0.0562495 1.61139 0.300962 6.01929 0.781396 0.06
0.111604 2.14806 1.1136 7.50093 0.754847 0.08
0.502612 3.86857 2.24545 7.47742 0.721676 0.2
0.848837 4.66597 1.4539 1.06205 -0.143286 0.2
0.929153 4.68541 1.225 -0.38895 -0.518874 0.06
1.01197 4.58164 0.30081 -2.30261 -0.167401 0.08
0.999833 4.24382 -0.342967 -4.34341 -0.257379 0.1
0.937049 3.61726 -0.699618 -5.89782 -0.0289863 0.12
0.901645 3.36585 -1.06241 -6.62226 -0.861404 0.04
0.792825 2.81227 -1.58697 -6.86843 -0.943578 0.08
0.443544 1.86442 -1.99173 -2.37703 -0.734 0.2
0.317281 1.76409 -2.22408 -0.979371 -0.698477 0.06
-0.0425713 1.83113 -2.9092 1.80874 -0.795538 0.14
-0.361368 2.08204 -3.45618 3.09636 -0.96951 0.1
-0.801788 2.51015 -3.89466 3.80867 -0.750716 0.12
-1.07675 3.16632 0.349364 13.2903 -0.466172 0.1
-1.00662 4.94355 0.12458 7.94579 0.452915 0.16
-0.997424 5.92456 0.0790857 3.49297 -0.0143309 0.18
-1.0013 6.1318 -0.157781 3.34847 -0.654371 0.06
-1.00128 6.45022 0.0198162 2.45671 -0.194347 0.12
-0.984913 6.56499 0.517969 1.43502 0.936107 0.06
-0.860187 6.85118 0.853633 1.94667 0.295309 0.18
-0.830617 6.94572 0.628305 2.77208 -0.599744 0.04
-0.780989 7.11034 1.02274 2.7668 0.873018 0.06
-0.739875 7.23117 1.0357 3.27708 0.0704563 0.04
-0.49205 7.86848 2.11205 4.96134 0.796417 0.16
0.0639086 9.20123 3.46195 8.08902 0.420805 0.2
0.13418 9.36358 3.55893 8.11954 0.572029 0.02
0.352568 9.83472 3.67418 7.37755 0.640398 0.06
0.939348 10.5754 2.38833 0.601724 -0.41281 0.2
