-0.136131 -0.233868 -0.0432811 -0.0990687 0 0
-0.181032 -0.252467 -0.452972 -0.125584 -0.33049 0.18
-0.256136 -0.261056 -0.797195 -0.0284387 -0.405512 0.12
-0.578402 -0.0159593 -2.43449 2.57482 -0.997359 0.2
-0.994508 0.498793 -3.48559 4.86042 -0.927603 0.14
-1.01002 0.334179 0.544125 -1.63459 0.201417 0.14
-0.946817 0.195435 0.726476 -1.22099 0.318252 0.1
-0.91752 0.165423 0.253805 0.183243 -0.785937 0.06
-0.816197 0.132143 0.869233 -0.536605 0.437109 0.18
-0.74412 0.0947438 0.934461 -0.416848 0.147228 0.08
-0.597051 -0.0178254 1.51829 -1.4824 0.57834 0.12
-0.537326 -0.0735349 1.46934 -1.3169 -0.0983567 0.04
-0.436862 -0.181296 1.87871 -2.28058 0.766056 0.06
-0.211917 -0.502151 2.60406 -4.13828 0.857542 0.1
0.177312 -1.20048 2.88477 -5.85947 0.47239 0.14
0.765392 -2.6068 2.96881 -7.67858 0.730605 0.2
1.03608 -3.92653 -0.291051 -12.8869 0.248856 0.14
0.999247 -5.35237 -0.284101 -7.50228 -0.994019 0.14
0.925375 -6.39636 -0.562443 -3.6373 -0.140173 0.2
0.934591 -7.20336 0.567459 -6.38289 0.98801 0.16
0.949433 -8.48444 -0.519694 -8.30188 -0.149568 0.18
0.834549 -9.42518 -1.65467 -10.0774 -0.873916 0.1
0.742102 -9.97823 -1.3779 -8.17118 -0.118263 0.06
0.714997 -10.1355 -1.33244 -7.55198 -0.588885 0.02
0.496918 -10.9854 -1.28367 -2.12019 -0.438913 0.18
