-0.0559487 -1.5144 -0.0282328 -0.0116647 0 0
-0.0588159 -1.53293 -0.115981 -0.905971 -0.327755 0.04
-0.0492115 -1.7271 0.288476 -2.89109 0.650802 0.1
-0.0296651 -2.20329 -0.000509198 -4.978 -0.0383959 0.12
-0.212233 -3.56852 -1.54174 -7.17773 -0.848137 0.2
-0.299914 -3.94782 -1.38602 -5.44465 -0.319246 0.06
-0.419964 -4.36147 -0.426081 -0.781896 0.605589 0.14
-0.43783 -4.37515 -0.46813 0.0886165 -0.264956 0.04
-0.455095 -4.18646 0.201832 2.99358 0.617212 0.12
-0.29959 -3.38321 1.77208 6.84081 0.943523 0.16
-0.089343 -2.67812 2.32242 6.72262 0.902594 0.1
0.252789 -1.95265 2.61112 3.50789 0.813475 0.14
0.822744 -1.74151 3.14154 -1.18797 0.518544 0.2
1.0316 -2.25883 -0.453671 -6.25586 -0.00868933 0.14
0.933488 -2.99572 -1.46395 -8.23304 -0.8428 0.1
0.835018 -3.48996 -1.75973 -7.9884 -0.876678 0.06
0.434704 -4.62258 -2.36818 -3.02604 -0.98707 0.2
0.232314 -4.77852 -2.70829 -0.897792 -0.695461 0.08
0.126113 -4.79537 -2.60252 0.0442312 0.374669 0.04
-0.0400593 -4.75045 -2.93299 1.42486 -0.804615 0.06
-0.268719 -4.5716 -2.76925 3.02263 0.176209 0.08
-0.633153 -4.1106 -3.28472 4.46346 -0.902977 0.12
-1.05896 -3.33403 -0.614884 11.1232 -0.373954 0.14
-1.05224 -2.83037 0.539657 12.9867 0.833043 0.04
-1.01081 -1.71866 0.211887 9.04311 0.939921 0.1
-0.92528 -0.68313 1.08359 2.48027 0.962895 0.18
-0.637272 -0.698033 2.49113 -2.40945 0.931291 0.16
-0.416607 -0.963855 3.0004 -4.17448 0.840378 0.08
0.252088 -2.12044 3.52142 -7.01426 0.850073 0.2
0.916694 -3.33074 4.16364 -5.04592 0.65419 0.18
1.05262 -4.32621 -0.63685 -12.2555 -0.437231 0.1
0.966068 -5.7784 -0.834282 -6.02102 -0.978498 0.16
0.819711 -6.29014 -1.6167 -2.78277 -0.642072 0.12
0.712263 -6.55489 -1.07137 -3.88199 0.786749 0.08
0.63521 -6.76279 -1.48766 -3.13854 -0.772801 0.06
0.515159 -7.03465 -1.51738 -3.7093 -0.0549207 0.08
0.26035 -8.08523 -1.20799 -6.65021 0.519241 0.2
0.0470437 -9.25805 -1.3105 -7.22725 0.410016 0.16
-0.00717529 -9.54343 -1.38172 -6.95583 -0.348135 0.04
-0.0649848 -9.81481 -1.49485 -6.54179 -0.732895 0.04
-0.358758 -10.6389 -1.55253 -1.69245 -0.456996 0.2
