-0.011809 2.64736 0.0751574 0.036146 0 0
0.0100948 2.74905 0.283287 1.55519 0.0781187 0.12
0.0361666 2.95197 0.13804 1.69721 -0.199238 0.12
0.068557 3.18968 0.382802 2.09644 0.242586 0.12
0.0815852 3.34395 -0.214886 -0.147521 -0.328672 0.16
-0.0266084 3.12112 -1.30197 -2.75586 -0.845782 0.14
-0.0533732 3.06535 -1.37364 -2.81426 -0.48903 0.02
-0.399776 2.54776 -2.03995 -1.8718 -0.586443 0.2
-0.549774 2.47398 -1.71788 -0.0152936 0.274857 0.08
-0.655548 2.49329 -1.80879 0.642658 -0.363098 0.06
-0.773085 2.63359 -1.12722 2.8072 0.848827 0.08
-1.02334 2.99336 -0.532883 4.89839 -0.937832 0.16
-1.02512 3.22965 0.20729 6.3042 -0.687859 0.04
-1.00852 3.68494 0.134762 4.81534 -0.936306 0.08
-0.915331 4.29435 0.942237 1.74416 0.925983 0.18
-0.817085 4.35551 1.03117 -0.464307 0.264499 0.1
-0.615429 3.89377 0.941003 -3.84674 0.139599 0.2
-0.580627 3.72793 0.799331 -4.4243 -0.176594 0.04
-0.525992 3.10226 0.174868 -5.5837 -0.508299 0.12
-0.432796 2.52849 0.975707 -1.52712 0.325203 0.16
-0.0830263 2.78114 2.5132 3.6616 0.774768 0.2
0.501573 3.6592 3.81024 4.99372 0.99036 0.18
1.05171 3.99466 -0.617327 -4.31582 0.99933 0.2
0.937962 3.43609 -1.65892 -6.73644 -0.972749 0.1
0.745366 2.74832 -2.08928 -6.5141 -0.697553 0.1
0.27582 1.84732 -2.69064 -2.23702 -0.851068 0.2
-0.29996 1.79597 -3.71846 1.50301 -0.927393 0.18
-0.451414 1.87037 -3.852 2.20426 -0.63194 0.04
-1.08045 2.67314 0.318681 11.9917 -0.878114 0.18
-1.06919 2.92146 0.722862 12.643 0.730673 0.02
-1.0528 3.17537 0.895179 12.681 0.999289 0.02
-0.905906 5.02667 0.757293 5.60204 0.96704 0.2
-0.661771 5.51974 1.802 -0.431726 0.609467 0.2
-0.447608 5.34681 2.45693 -2.93238 0.749336 0.1
-0.0619149 4.74779 2.96601 -5.45987 0.70979 0.14
0.31527 4.00829 3.30503 -6.6273 0.984782 0.12
0.379922 3.87216 3.16016 -6.98248 -0.335971 0.02
0.797584 3.12064 3.93993 -4.90509 0.930023 0.12
1.06338 2.18431 -0.635394 -12.2063 -0.0835118 0.12
0.987679 0.859583 -0.601356 -6.82522 -0.935035 0.14
0.857076 0.314361 -1.65413 -2.35166 -0.996568 0.12
0.696579 0.219055 -2.35245 -0.114677 -0.880284 0.08
0.20665 0.515662 -3.73355 3.69405 -0.961747 0.16
-0.627933 1.58149 -4.41309 6.76102 -0.770187 0.2
-1.03598 2.33077 -3.0542 9.38204 0.123813 0.1
-1.06967 2.56593 -0.65962 13.6081 0.0680998 0.02
-1.06063 3.17381 0.642421 15.7196 0.605151 0.04
-1.00189 5.33182 0.130556 8.3425 0.922752 0.18
-1.00079 6.0503 0.00258046 6.13258 -0.243621 0.1
-0.944824 6.70073 0.770922 3.67871 0.516203 0.14
-0.84206 7.04723 1.27212 3.43151 0.597824 0.1
-0.815939 7.11692 1.34012 3.54124 0.427974 0.02
-0.613177 7.86803 1.29138 5.82675 -0.257422 0.16
-0.389409 9.18765 0.794192 6.25419 -0.78466 0.2
-0.342784 9.76276 -0.0629232 3.07619 -0.629623 0.12
