-0.0654302 -2.78762 0.01295 0.0532483 0 0
-0.0772851 -2.82598 -0.405339 -1.29709 -0.686443 0.06
-0.0473192 -2.90304 0.734584 0.408321 0.775641 0.18
0.171303 -2.79913 1.43745 0.505186 0.508392 0.2
0.302609 -2.75155 1.8421 0.657454 0.716484 0.08
0.771725 -2.62242 2.83445 0.496498 0.746984 0.2
0.953932 -2.59053 3.23764 0.55375 0.98273 0.06
0.987574 -3.5233 -0.865367 -7.28002 -0.85144 0.16
0.895385 -4.14297 -0.982897 -4.97915 -0.775126 0.1
0.638043 -4.63251 -1.70573 -0.0297921 -0.727882 0.2
0.368849 -4.43247 -2.11415 2.74252 -0.517184 0.14
0.0287594 -3.93744 -2.73675 4.04457 -0.878554 0.14
-0.0831488 -3.77267 -2.86187 4.16193 -0.670388 0.04
-0.190561 -3.58773 -2.50874 5.064 0.793987 0.04
-0.699638 -3.04737 -3.92176 1.32578 -0.997955 0.16
-1.07327 -2.51258 0.740128 10.5521 -0.92754 0.14
-0.93957 -1.17737 0.981307 4.28501 0.95272 0.18
-0.873289 -0.976566 1.24506 2.42368 0.56981 0.06
-0.58547 -0.97167 2.33897 -2.14445 0.760921 0.16
-0.317492 -1.30406 2.97754 -4.37908 0.948726 0.1
-0.195647 -1.49291 3.10747 -5.0487 0.774697 0.04
0.413177 -2.57764 3.67313 -6.34493 0.953632 0.18
0.562814 -2.8262 3.82259 -6.01548 0.704244 0.04
0.895231 -3.22948 4.5234 -3.89308 0.958777 0.08
1.04961 -4.19837 -0.577649 -12.6324 -0.661216 0.1
0.942903 -5.92763 -1.03367 -4.81213 -0.985075 0.2
0.85921 -6.51523 -0.364616 -5.23986 0.718856 0.12
0.869529 -7.7956 0.246463 -7.54847 0.779393 0.2
0.791095 -9.1942 -1.17407 -9.82938 -0.356709 0.16
0.766055 -9.39201 -1.31956 -9.91339 -0.803062 0.02
0.514529 -10.8083 -1.43236 -5.16777 -0.832896 0.18
0.3945 -11.125 -1.6067 -2.77969 -0.570259 0.08
