-0.0948056 -1.55152 0.0373501 -0.0484256 0 0
-0.15855 -1.91054 -0.811044 -3.86697 -0.573768 0.18
-0.389646 -2.80364 -2.11578 -7.15013 -0.681106 0.16
-0.7029 -3.75877 -1.2595 -2.85275 0.303806 0.18
-0.841987 -3.97336 -1.5291 -1.41253 -0.602064 0.1
-1.01205 -4.04437 -1.53098 0.484996 -0.652432 0.1
-1.00577 -3.68721 0.728508 5.14519 0.964916 0.1
-0.946615 -3.34373 1.23003 6.20752 0.795466 0.06
-0.861818 -2.96071 1.56319 6.38897 0.760438 0.06
-0.521529 -2.02989 2.19969 3.40644 0.915148 0.18
-0.298654 -1.81689 2.28465 0.908725 0.332598 0.1
-0.160506 -1.80407 2.32169 -0.459267 0.191055 0.06
0.0995365 -1.93727 2.87025 -2.12281 0.907299 0.1
0.763105 -2.55576 3.77779 -3.48555 0.840405 0.2
1.04234 -3.14026 0.182732 -11.6106 -0.500686 0.1
1.00381 -4.92402 -0.0633699 -6.69946 0.10554 0.18
0.900985 -5.56727 -1.25685 -0.538597 -0.87438 0.18
0.622017 -5.33111 -2.17911 3.2823 -0.631291 0.16
0.233481 -4.58102 -2.566 5.92369 -0.617005 0.16
-0.206605 -3.54049 -3.02537 6.37647 -0.906241 0.16
-0.896087 -2.83019 -4.7118 1.11582 -0.986836 0.18
-1.0328 -1.75054 0.520864 8.71452 -0.41554 0.14
-0.894724 -0.762667 1.33442 2.3037 0.916957 0.18
-0.738549 -0.661134 1.7907 -0.189996 0.401972 0.1
-0.225122 -1.22514 3.19455 -5.00882 0.916671 0.2
0.172337 -1.93184 3.37114 -6.66452 0.739362 0.12
0.706821 -3.06671 3.49872 -6.57849 0.534523 0.16
1.03824 -4.55699 -0.548596 -10.2525 0.275114 0.18
1.00116 -5.98669 -0.0199934 -4.93727 0.351667 0.2
0.981555 -6.38682 -0.364799 -3.277 -0.281393 0.1
1.01103 -7.30898 -0.0437382 -5.13415 0.798576 0.2
1.0031 -7.88103 -0.0505908 -6.38451 0.96491 0.1
0.998353 -8.14721 -0.192875 -6.92898 0.161201 0.04
0.871528 -9.71132 -0.707777 -7.11289 -0.0200124 0.2
0.848736 -9.9681 -0.431757 -5.71613 0.274467 0.04
0.83131 -10.3796 0.0401101 -2.6088 0.176552 0.1
