-0.0936703 0.773668 0.0248755 -0.017912 0 0
-0.0842225 1.01486 0.110071 2.6395 0.182694 0.18
-0.0876686 1.21269 -0.210419 3.91689 -0.770989 0.06
-0.0928703 1.47126 0.0478616 4.72269 0.393985 0.06
-0.0976383 1.78201 -0.193661 5.58918 -0.979223 0.06
-0.0395961 2.89688 0.89485 8.04863 0.369182 0.16
0.11231 3.85755 1.45123 7.10846 0.977287 0.12
0.338108 4.59345 1.8717 3.35831 0.966771 0.14
0.806474 4.74119 2.84855 -1.65972 0.747993 0.2
1.00495 3.87581 -0.828297 -6.79289 -0.258096 0.2
0.912028 3.2782 -1.44678 -7.91436 -0.60401 0.08
0.881641 3.11866 -1.58567 -8.01302 -0.883106 0.02
0.77753 2.64759 -1.83846 -7.47443 -0.969353 0.06
0.564792 1.95368 -1.7636 -4.08836 -0.546807 0.12
0.450905 1.75316 -2.0465 -2.5945 -0.953376 0.06
0.0518886 1.64655 -2.96134 1.13797 -0.895384 0.16
-0.626415 2.21169 -3.76155 4.07992 -0.779945 0.2
-1.04762 3.60324 0.614737 13.2743 -0.862418 0.18
-1.02615 4.10085 0.430892 11.5393 0.86094 0.04
-1.01863 4.32263 0.323049 10.6452 0.667265 0.02
-1.01307 4.52704 0.235971 9.80539 0.900722 0.02
-0.992717 5.31963 0.329639 6.10769 0.910941 0.1
-1.00482 6.23923 0.0573175 2.961 -0.845639 0.2
-1.00028 6.82301 0.00128998 3.25913 -0.163291 0.2
-1.00067 7.11085 -0.00239796 3.97463 -0.80422 0.08
-1.00057 7.78925 0.00204873 5.79741 -0.849383 0.14
-0.95375 8.89284 0.606086 7.82784 -0.109824 0.16
-0.940342 9.0517 0.730767 8.04083 0.356234 0.02
-0.806368 10.1234 0.968542 6.28847 0.534338 0.14
-0.590611 10.8579 1.55159 1.83906 0.847829 0.18
