-0.140635 -1.60028 0.0372285 -0.0321207 0 0
-0.267169 -2.05638 -1.39768 -4.52017 -0.879374 0.2
-0.680628 -3.23617 -3.09958 -7.8905 -0.907516 0.18
-1.03445 -3.99829 0.407004 1.29094 -0.512174 0.18
-0.89541 -3.51285 1.34439 4.52327 0.538268 0.16
-0.52604 -2.52398 2.55361 5.23168 0.979076 0.18
-0.148374 -1.99617 2.88798 2.25599 0.718595 0.14
0.450611 -1.99107 3.11231 -1.96658 0.317379 0.2
0.962761 -2.48424 3.27595 -3.91732 0.389371 0.16
1.05948 -2.93017 -0.252611 -11.2505 0.056267 0.06
1.05095 -3.1603 -0.532938 -11.5851 -0.830786 0.02
1.00433 -4.01685 -0.517873 -9.40123 -0.997221 0.08
0.933506 -5.06181 -0.629113 -3.85389 -0.778599 0.16
0.702629 -5.23818 -1.96963 1.68052 -0.903521 0.18
0.475283 -4.95328 -2.54089 3.90729 -0.828337 0.1
0.0270429 -4.12922 -2.98781 6.09344 -0.82176 0.16
-0.0316777 -4.00413 -2.88384 6.41307 0.115898 0.02
-0.342552 -3.38757 -3.41592 5.50599 -0.96377 0.1
-0.725161 -2.96289 -4.26678 2.82143 -0.879735 0.1
-1.05979 -2.12659 0.714077 10.7868 -0.813161 0.14
-0.93177 -0.801764 1.09814 4.05557 0.960782 0.18
-0.67817 -0.53226 2.0914 -0.454472 0.609518 0.16
-0.45687 -0.564501 1.07633 -0.0551887 -0.986253 0.14
-0.362178 -0.582097 -0.124919 -0.140937 -0.860596 0.2
