-0.0228268 -0.624849 0.0243058 8.41102e-05 0 0
-0.0251011 -0.681903 -0.0731258 -1.12364 -0.268051 0.1
-0.000586938 -0.913505 0.535734 -3.42422 0.694724 0.1
0.0182616 -1.05766 0.404429 -3.79507 -0.381632 0.04
0.029559 -1.48653 -0.201427 -4.88532 -0.653621 0.1
0.0174695 -2.04605 -0.0698503 -6.21121 0.664824 0.1
0.00978252 -2.30817 -0.317146 -6.88885 -0.229911 0.04
-0.15034 -3.68862 -1.09684 -6.82329 -0.530444 0.18
-0.388911 -4.54322 -1.43797 -1.73566 -0.662871 0.2
-0.446908 -4.59248 -1.46447 -0.737587 -0.184893 0.04
-0.640551 -4.52068 -1.75466 1.84018 -0.416657 0.12
-1.02329 -3.83047 -0.794608 6.76463 -0.521476 0.2
-1.02329 -3.33278 0.309006 8.77846 0.28235 0.06
-0.885436 -1.83231 0.899367 4.9717 0.968869 0.2
-0.663604 -1.39844 1.67426 -0.0303425 0.732592 0.18
-0.5107 -1.47848 2.13947 -1.91568 0.819815 0.08
-0.372238 -1.6299 2.46649 -3.09316 0.891034 0.06
-0.322026 -1.69523 2.5537 -3.43478 0.828003 0.02
-0.104248 -2.01602 2.87795 -4.50255 0.885147 0.08
0.559245 -2.94542 3.90402 -3.75115 0.896043 0.2
0.898592 -3.17323 4.5892 -1.88654 0.939871 0.08
1.0759 -3.50502 0.0717138 -11.7875 0.757134 0.06
1.06989 -3.75095 -0.547189 -12.4918 -0.972051 0.02
0.973726 -5.40896 -0.678678 -5.80457 -0.977517 0.18
0.973685 -6.35992 0.660665 -5.52295 0.91943 0.18
1.00568 -6.58941 0.746849 -5.53856 0.921051 0.04
0.974865 -7.31916 -0.507014 -4.36067 -0.324918 0.18
0.880872 -8.33326 -0.664559 -6.86374 0.308705 0.18
0.821384 -8.91257 -0.795323 -7.45641 0.371355 0.08
0.693472 -9.73042 -1.61338 -8.25353 -0.981332 0.1
0.509556 -10.5986 -0.810169 -2.84287 0.0858205 0.16
