-0.10121 -1.03833 -0.0207413 0.0773797 0 0
-0.097536 -1.134 0.0827592 -1.93776 0.021978 0.1
-0.0974741 -1.22283 -0.0819975 -2.50582 -0.602933 0.04
-0.0655143 -1.67095 0.558398 -4.78658 0.929535 0.12
-0.0154952 -2.35409 0.244736 -6.51258 0.133721 0.12
-0.0840374 -3.4532 -1.00791 -8.2149 -0.94675 0.14
-0.303667 -4.59071 -1.3226 -2.96958 -0.78396 0.2
-0.540654 -4.73474 -1.66922 1.01462 -0.356648 0.16
-0.988139 -4.17151 -2.73272 4.1483 -0.942666 0.2
-1.03528 -3.74412 0.279325 8.9032 0.95351 0.06
-0.997701 -3.17552 0.909243 9.81094 0.907034 0.06
-0.803243 -1.74534 1.19128 5.31771 0.960616 0.18
-0.555653 -1.27928 2.01443 0.573571 0.851377 0.16
-0.514651 -1.27291 2.08584 0.06559 0.424304 0.02
-0.425779 -1.29162 2.35627 -0.987288 0.882799 0.04
-0.0412808 -1.64777 3.08012 -3.89641 0.827322 0.14
0.28489 -2.10659 3.42406 -5.14579 0.866821 0.1
0.811198 -2.82498 4.18614 -4.529 0.99353 0.14
1.02933 -4.44055 -0.444243 -11.9244 0.846481 0.16
1.01102 -5.08081 -0.187254 -9.52493 0.297959 0.06
0.995721 -6.4914 -0.105325 -5.49525 0.0363907 0.2
1.00167 -7.72225 -0.0246945 -6.92518 0.988915 0.2
0.835338 -9.0499 -2.12011 -10.1003 -0.939125 0.16
0.747214 -9.45283 -2.24228 -9.88847 -0.278652 0.04
0.417701 -10.6322 -2.38238 -6.37899 -0.964921 0.14
0.190071 -11.1504 -1.51348 -2.56264 0.691381 0.12
