0.0896396 -1.08068 0.0827652 -0.0098748 0 0
0.0387707 -1.26655 -0.738011 -2.29925 -0.800914 0.16
-0.0285368 -1.77771 -0.291363 -4.82521 0.627859 0.14
-0.188089 -2.81283 -1.74255 -8.04615 -0.700476 0.16
-0.527418 -4.04414 -2.24777 -6.12111 -0.823116 0.16
-0.774128 -4.54647 -1.95012 -2.41557 -0.0811966 0.12
-0.975342 -4.66058 -2.08912 0.0728097 -0.278913 0.1
-0.996765 -4.39298 0.803779 3.55742 0.936501 0.14
-0.82159 -3.60679 1.40866 6.01783 0.161288 0.16
-0.498528 -2.52752 2.38895 6.24322 0.923835 0.16
-0.246755 -2.01122 2.67127 4.0073 0.927952 0.1
0.225592 -1.68523 3.29489 0.146756 0.742409 0.16
0.29232 -1.68673 3.37784 -0.293815 0.664019 0.02
0.995616 -2.03314 4.39482 -3.23583 0.962783 0.18
1.00992 -3.1172 -1.2332 -10.9233 -0.890923 0.12
0.984425 -3.33389 -1.30262 -10.6976 -0.815095 0.02
0.724514 -4.86615 -1.48583 -4.39684 -0.96441 0.2
0.631766 -5.07584 -1.62435 -2.61195 -0.409277 0.06
0.393466 -5.17632 -2.35876 0.842415 -0.737144 0.12
-0.123434 -4.65245 -3.27446 4.63576 -0.811151 0.18
-0.257172 -4.45554 -3.40773 5.19016 -0.892911 0.04
-0.651164 -3.73603 -3.15787 6.61642 -0.243891 0.12
-0.714179 -3.60313 -3.14649 6.65877 -0.302012 0.02
-1.05189 -2.49455 0.366007 13.0063 -0.893238 0.14
-1.04287 -2.23867 0.492565 12.4868 0.241452 0.02
-0.958434 -0.53497 0.836761 4.71454 0.967452 0.2
-0.808469 -0.18208 1.66814 1.38023 0.673933 0.12
-0.378843 -0.298938 3.07901 -2.49896 0.840578 0.18
-0.119558 -0.540003 3.3967 -3.54756 0.480567 0.08
0.408688 -1.213 4.05502 -5.94147 0.811374 0.14
1.05875 -2.35748 1.52482 -11.8047 0.941991 0.16
1.06544 -2.92447 -0.540317 -15.3556 0.147845 0.04
1.05263 -3.23184 -0.70052 -15.2653 -0.966908 0.02
1.00795 -4.7393 -0.120659 -9.92714 0.978938 0.12
1.00046 -6.11603 -0.00492241 -4.80103 0.312049 0.2
1.00064 -6.38851 0.00410126 -4.33724 0.97522 0.06
1.00061 -6.9939 -0.000365879 -4.60889 0.704953 0.14
1.00062 -7.74112 -0.00191149 -6.19386 0.973995 0.14
1.00027 -9.02236 0.00387161 -7.53756 0.800292 0.18
1.00012 -9.60309 0.00509275 -6.78927 0.131736 0.08
0.998986 -10.5438 -0.0477293 -2.34151 -0.411076 0.2
