-0.0868104 -0.799592 -0.070951 0.00321282 0 0
0.0309522 -1.245 1.26361 -4.55992 0.948424 0.18
0.134824 -1.76706 0.77648 -5.95269 -0.302741 0.1
0.158077 -2.02021 0.378271 -6.72747 -0.773075 0.04
0.132052 -2.81632 -0.89462 -9.15217 -0.980235 0.1
0.112178 -3.00214 -1.08502 -9.39978 -0.90403 0.02
0.0652445 -3.37465 -1.2258 -9.08579 -0.685604 0.04
-0.212748 -4.69208 -1.67849 -3.71807 -0.981433 0.2
-0.33873 -4.90048 -1.49385 -1.55524 0.246841 0.08
-0.670469 -4.77749 -2.16115 2.68528 -0.511898 0.18
-0.905834 -4.42063 -2.51774 4.34879 -0.743917 0.1
-0.955461 -4.33011 -2.4437 4.70202 0.135673 0.02
-1.03072 -3.77183 0.268596 8.84922 -0.792233 0.08
-0.948628 -2.80809 1.15598 9.60619 0.997894 0.1
-0.702008 -1.4693 1.51881 3.62458 0.96567 0.2
-0.33024 -1.29021 2.65175 -1.45212 0.858533 0.18
0.0960463 -1.70322 3.3763 -4.23184 0.871869 0.14
0.733948 -2.64447 3.73131 -5.63643 0.676702 0.18
0.883519 -2.86958 3.7572 -5.56432 0.279706 0.04
1.04797 -4.11278 -0.631006 -13.2328 0.144112 0.12
0.994903 -5.98957 -0.235292 -6.33123 -0.326624 0.2
0.956463 -6.41035 -0.728641 -4.34836 -0.567927 0.08
0.888705 -7.48167 -0.090774 -6.50098 0.595729 0.2
0.836762 -8.66874 -0.623967 -8.3542 0.294564 0.16
0.823602 -8.83735 -0.688325 -8.49141 0.260687 0.02
0.709922 -9.7452 -1.39432 -8.91498 -0.815911 0.1
0.497173 -10.8707 -0.940132 -2.59496 -0.283046 0.2
