-0.108123 -1.12567 -0.0640365 0.0503504 0 0
-0.0453787 -1.43424 0.782637 -3.66116 0.713402 0.16
-0.0295129 -2.24712 -0.69447 -6.76328 -0.886967 0.16
-0.11517 -2.85223 -1.42076 -8.22211 -0.640378 0.08
-0.21551 -3.36143 -1.85978 -8.48142 -0.965653 0.06
-0.632368 -4.60984 -2.39682 -3.55382 -0.986259 0.2
-0.981518 -4.82572 -1.5331 0.864634 0.645446 0.18
-1.01498 -4.59747 0.229067 3.00226 -0.569029 0.12
-0.999238 -4.30322 0.180776 4.30653 -0.336103 0.08
-0.978252 -4.01002 0.528952 5.45913 0.390532 0.06
-0.75686 -2.8616 2.04268 7.89989 0.996447 0.16
-0.299727 -1.71832 2.62301 3.14919 0.962006 0.2
0.210808 -1.56969 3.08381 -1.30502 0.432009 0.18
0.544876 -1.79755 3.57689 -3.15355 0.843394 0.1
0.841745 -2.09459 3.83474 -4.19647 0.753669 0.08
1.06117 -2.84148 -0.500077 -12.3029 0.783838 0.1
1.04887 -3.08986 -0.707945 -12.4678 -0.959788 0.02
0.932802 -4.84137 -0.584061 -6.46082 -0.990635 0.18
0.893393 -5.16854 -0.76416 -4.45374 -0.71418 0.06
0.857444 -5.76832 0.378339 -2.13884 0.823244 0.2
0.874652 -5.87444 -0.0303479 -0.0770398 -0.320768 0.1
