-0.0392493 0.879606 0.0956623 0.069894 0 0
-0.0752093 1.1777 -0.488893 3.48037 -0.407635 0.16
-0.0867795 1.58388 0.282522 4.75023 0.898227 0.1
-0.0717088 2.1255 0.0396216 5.95258 -0.797712 0.1
-0.0688943 2.24915 0.243354 6.4147 0.806599 0.02
0.0522562 3.4269 1.03014 7.18413 0.449539 0.16
0.210837 4.23508 1.24717 4.11611 0.758405 0.14
0.384201 4.55214 1.68603 1.19843 0.745676 0.12
0.663578 4.50465 2.29934 -1.75099 0.704721 0.14
1.03471 3.80696 -0.206479 -8.21528 0.956628 0.18
0.95799 2.89568 -1.15095 -9.31657 -0.980433 0.1
0.910887 2.53907 -1.18549 -8.43041 -0.901426 0.04
0.655966 1.45412 -1.60784 -2.4695 -0.846589 0.2
0.256982 1.452 -2.82047 2.21349 -0.942664 0.18
0.0186908 1.69112 -3.11833 3.70399 -0.693182 0.08
-0.610597 2.52927 -3.88343 5.00109 -0.941173 0.18
-1.06496 3.72115 0.618338 14.3616 -0.875304 0.16
-1.00463 5.33186 0.24645 8.74353 0.908051 0.14
-0.920342 6.57284 0.769842 4.39692 0.314589 0.2
-0.841802 7.02257 0.806439 4.73226 -0.0455362 0.1
-0.760805 8.28336 0.209289 7.53859 -0.911174 0.2
-0.48824 10.1308 1.91344 8.68405 0.980551 0.2
-0.352594 10.8298 0.509533 3.50214 -0.926487 0.12
