-0.188128 2.93119 0.0697498 0.0785281 0 0
-0.112767 3.12724 0.844956 2.10281 0.512581 0.16
0.0301227 3.43545 1.50471 2.7821 0.730829 0.12
0.454583 3.94829 2.69746 1.83983 0.977368 0.2
0.564434 4.00908 2.79653 1.20079 0.564127 0.04
1.02158 3.9769 2.39362 -2.31031 0.30346 0.16
1.00013 3.14073 -0.940774 -8.19868 -0.764728 0.12
0.809156 2.01325 -1.35563 -5.16659 -0.932029 0.16
0.449341 1.51299 -2.37033 0.0785199 -0.907205 0.2
0.241924 1.59229 -2.80741 1.85171 -0.816985 0.08
-0.261434 2.10529 -3.43447 4.2773 -0.789315 0.16
-0.329776 2.19381 -3.39909 4.57132 -0.139532 0.02
-0.397682 2.28755 -3.39148 4.79684 -0.33467 0.02
-0.842287 2.83929 -4.08286 3.99803 -0.943065 0.12
-1.04347 3.93472 0.53264 12.7926 -0.750313 0.12
-0.980625 5.58 0.553321 5.7235 0.94647 0.18
-0.865799 6.21759 0.905442 2.66685 0.165319 0.16
-0.847042 6.26832 0.969773 2.41314 0.287548 0.02
-0.707798 6.49184 1.33286 1.49099 0.328041 0.12
-0.509945 7.02844 0.68081 3.97994 -0.349606 0.2
-0.470485 7.28824 0.644339 4.68948 -0.181617 0.06
-0.344352 7.90775 1.49499 5.8516 0.67912 0.12
-0.0395975 9.03391 2.31172 8.00086 0.100317 0.16
0.219984 9.92754 0.830079 2.68399 -0.846067 0.16
