0.120819 -2.66292 -0.0110209 0.046297 0 0
0.0865559 -2.77517 -0.669334 -2.19256 -0.639676 0.1
-0.198033 -3.52577 -2.04009 -4.29655 -0.853224 0.2
-0.378003 -3.84774 -2.44779 -3.63092 -0.976146 0.08
-0.912544 -4.20211 -2.94854 0.0349456 -0.589675 0.2
-1.02632 -4.18001 -2.25101 1.65308 0.52661 0.04
-0.995293 -3.50384 1.13578 7.35792 0.892195 0.12
-0.88153 -2.88998 1.62114 7.59735 0.796703 0.08
-0.546063 -1.83967 2.14492 3.65113 0.956774 0.18
-0.457991 -1.71499 2.2652 2.58792 0.67161 0.04
-0.319528 -1.60708 2.35891 1.02998 0.327993 0.06
-0.0607389 -1.62192 2.81488 -1.26169 0.693228 0.1
0.443805 -2.05257 3.44467 -3.86425 0.753302 0.16
1.07562 -3.18002 -0.332527 -13.6056 0.754175 0.2
1.06479 -3.45695 -0.66454 -13.8571 0.423108 0.02
0.99638 -5.30194 -0.28828 -6.76022 -0.880417 0.18
0.94352 -6.07055 -0.459854 -3.21171 -0.10078 0.16
0.922069 -6.62661 0.202225 -4.05866 0.528287 0.16
0.987504 -7.50739 0.432957 -5.87663 0.335565 0.18
1.00688 -7.88078 0.0654438 -6.56889 0.243497 0.06
0.985107 -8.91599 -0.298356 -7.93155 0.398314 0.14
0.97383 -9.2289 -0.242383 -7.61765 0.399147 0.04
0.970315 -9.51137 0.0847087 -6.4301 0.779982 0.04
0.977135 -10.443 -0.0226432 -2.48711 -0.450871 0.2
