0.100918 2.32155 -0.0600199 -0.00837729 0 0
0.190355 2.76332 0.966571 4.05467 0.462227 0.2
0.418895 3.52607 1.76695 4.693 0.677675 0.16
0.698856 4.05586 2.23391 2.66614 0.783345 0.14
1.0246 4.16382 0.232881 -3.00168 0.416937 0.16
1.01284 3.84354 -0.194913 -4.46587 0.936241 0.08
0.847858 2.77428 -1.43872 -6.25025 -0.800283 0.18
0.649592 2.13451 -1.86086 -4.17183 -0.961125 0.12
0.442718 1.82958 -2.30599 -1.91936 -0.913767 0.1
0.0539909 1.81953 -2.55842 1.6383 -0.332853 0.16
-0.419641 2.25514 -3.3414 3.50226 -0.896748 0.16
-0.704109 2.54102 -3.78249 3.52296 -0.952022 0.08
-1.02554 4.17567 0.406243 10.7217 0.0699966 0.2
-0.939098 5.55319 0.965074 3.20729 0.976756 0.2
-0.846671 6.02219 0.0422149 2.44542 -0.731499 0.18
-0.846264 6.0702 -0.00194134 2.36078 -0.356634 0.02
-0.852409 6.21225 -0.206176 2.41557 -0.46362 0.06
-0.850321 6.35001 0.248977 1.12167 0.578044 0.08
-0.752457 6.41121 0.959162 -0.22479 0.518565 0.16
-0.672977 6.39702 1.02859 -0.138194 0.149923 0.08
-0.594147 6.40271 0.943243 0.270958 -0.0683322 0.08
-0.55065 6.77967 -0.426136 3.86486 -0.831949 0.18
-0.530541 7.56133 0.63566 4.5327 0.607443 0.2
-0.472475 8.60646 0.0803629 6.61065 -0.913934 0.18
-0.529067 9.73354 -0.913961 3.3434 -0.616193 0.2
-0.605538 9.94989 -0.996365 2.03825 0.103923 0.08
