-0.0418409 -0.868781 -0.00990117 0.0545152 0 0
0.069239 -1.3433 1.00132 -4.43955 0.652955 0.2
0.130496 -1.85773 0.185118 -5.9719 -0.76777 0.1
0.0598982 -2.89526 -1.18239 -8.69972 -0.695431 0.14
0.0343316 -3.07177 -1.3669 -8.92135 -0.992425 0.02
-0.0572349 -3.59923 -1.62086 -8.39043 -0.95559 0.06
-0.211841 -4.28903 -1.50598 -5.37847 -0.631582 0.1
-0.550761 -4.80095 -2.02257 0.0628884 -0.549285 0.2
-0.898587 -4.57381 -2.91146 2.9899 -0.97847 0.14
-1.01874 -4.44156 -2.53294 3.96364 -0.880758 0.04
-1.01591 -3.7742 0.953319 8.16641 0.877284 0.1
-0.871753 -2.88418 1.75602 8.94074 0.8631 0.1
-0.692884 -2.10848 1.8027 6.35808 0.877082 0.1
-0.359322 -1.45081 2.07042 1.13565 0.507696 0.18
0.122996 -1.64439 3.2445 -2.99558 0.967176 0.18
0.75515 -2.40863 3.74441 -5.05458 0.721298 0.18
1.06243 -3.08819 0.0943031 -13.3204 0.943465 0.1
1.03665 -3.91229 -0.514252 -12.9566 0.682676 0.06
0.971091 -5.68086 -0.676089 -5.00606 -0.987178 0.2
0.929027 -6.51799 0.209181 -4.91267 0.648151 0.18
1.00834 -7.44352 0.0744126 -5.96684 0.794869 0.16
0.943537 -8.86592 -0.727657 -8.26883 0.167924 0.2
0.929038 -9.03076 -0.716375 -8.19169 0.481257 0.02
0.897167 -9.36029 -0.85201 -8.18098 -0.271658 0.04
0.879457 -9.52291 -0.912588 -8.05393 -0.550252 0.02
0.826916 -10.3587 0.183201 -2.52311 0.37968 0.16
