0.18963 1.44929 -0.0100676 0.024671 0 0
0.264052 1.78772 0.89774 3.68227 0.660962 0.18
0.424435 2.38005 1.82734 6.22274 0.668356 0.12
0.533351 2.75837 1.78011 6.26274 -0.413109 0.06
0.944819 3.92039 2.1277 4.1329 0.48061 0.2
0.972806 3.77754 -0.696332 -3.39372 -0.388177 0.2
0.958388 3.70714 -0.745167 -3.64072 -0.104509 0.02
0.660256 2.68556 -2.03312 -5.27674 -0.814408 0.2
0.279323 2.02887 -2.7482 -2.65714 -0.990794 0.16
-0.156673 1.85415 -3.50359 0.117622 -0.930957 0.14
-0.374861 1.89462 -3.76772 1.20779 -0.753203 0.06
-0.860627 2.14344 -4.31649 2.79993 -0.834236 0.12
-1.06378 2.84772 0.647626 11.7174 0.0592572 0.1
-1.03046 3.32092 0.950709 11.7134 0.982741 0.04
-0.974792 3.972 0.850403 9.78886 0.976819 0.06
-0.798432 5.21529 1.30889 2.81599 0.921064 0.2
-0.716034 5.33685 1.44463 1.26244 0.18558 0.06
-0.406987 5.19177 2.37842 -2.85122 0.666067 0.16
-0.306836 5.05977 2.62236 -3.7291 0.914465 0.04
0.289717 3.99899 3.23299 -6.37104 0.866254 0.2
0.352611 3.86739 3.05603 -6.78677 -0.569146 0.02
1.04617 2.74633 1.09217 -10.0435 0.906076 0.2
1.0501 2.28584 -0.414349 -11.8103 -0.991654 0.04
0.981267 0.873787 -0.604066 -5.82925 -0.973377 0.16
0.834307 0.383104 -1.55734 -1.35156 -0.725229 0.14
0.578858 0.435774 -2.68192 2.09187 -0.978081 0.12
0.0591846 1.0484 -3.71144 5.37054 -0.882592 0.16
-0.0150708 1.15821 -3.71242 5.61139 -0.36017 0.02
-0.776601 2.52705 -3.84455 7.60881 -0.754316 0.2
-1.01928 4.93706 0.312946 12.3493 0.101391 0.2
-1.00086 6.88235 0.0124245 8.45588 -0.78809 0.2
-0.936365 7.84604 1.08331 8.15484 0.435948 0.12
-0.658896 9.1609 2.85159 10.7477 0.734252 0.14
-0.601453 9.37422 2.87971 10.539 0.122843 0.02
-0.543305 9.58282 2.92315 10.2774 0.619022 0.02
-0.0944927 10.84 2.74768 5.2515 0.72847 0.16
0.403263 11.295 3.58244 0.503302 0.865812 0.16
