-0.122354 -0.281345 -0.025222 -0.00527534 0 0
-0.12347 -0.281341 -0.0863223 0.0056064 -0.430361 0.02
-0.140085 -0.279366 -0.328742 0.0428968 -0.429428 0.08
-0.170299 -0.264654 -0.67786 0.44362 -0.74352 0.06
-0.304697 -0.174128 -1.246 0.894065 -0.543272 0.14
-0.407418 -0.110897 -1.3249 0.717053 -0.184911 0.08
-0.616659 0.0693366 -2.16474 2.32603 -0.82294 0.12
-0.971781 0.515373 -2.89413 4.14153 -0.637162 0.14
-0.943557 0.361304 1.10485 -1.54227 0.890956 0.2
-0.812881 0.2095 1.51532 -1.57165 0.586922 0.1
-0.350582 -0.372099 3.10636 -4.50889 0.966526 0.2
0.221894 -1.3035 3.89757 -6.97912 0.959482 0.16
0.847211 -2.55051 3.92879 -8.22991 0.863805 0.16
1.01133 -5.20126 -0.179302 -12.0706 0.148503 0.2
0.870992 -6.89107 -1.65017 -5.5058 -0.964638 0.2
0.38122 -7.979 -3.29227 -6.26613 -0.811371 0.2
0.086142 -8.53887 -4.11342 -7.82219 -0.741788 0.08
0.00256443 -8.6983 -4.24321 -8.11491 -0.149372 0.02
-0.0829439 -8.86207 -4.30403 -8.24586 0.189999 0.02
-1.02783 -10.4299 -3.91393 -4.5351 -0.659905 0.2
-1.06867 -10.4248 0.658523 2.25824 -0.761665 0.06
