-0.0757319 -0.242922 0.0419844 0.00996598 0 0
-0.0752521 -0.243008 0.00599553 -0.0183649 -0.277644 0.02
-0.202948 -0.0638295 -1.28866 1.87524 -0.794627 0.2
-0.289141 0.0629684 -1.5863 2.37728 -0.602188 0.06
-0.456131 0.220772 -0.128632 -0.416109 0.831352 0.2
-0.463951 0.199228 -0.0653857 -0.138617 0.161806 0.08
-0.309748 -0.120107 1.6145 -3.17065 0.989306 0.2
-0.154593 -0.431075 2.25283 -4.61831 0.969141 0.08
0.0885723 -0.952682 2.5722 -5.82735 0.601236 0.1
0.245229 -1.32421 2.63096 -6.55524 0.600605 0.06
0.350932 -1.59635 2.64635 -7.04725 0.734712 0.04
0.857415 -2.94796 3.19591 -6.81001 0.996681 0.18
1.0436 -3.61869 0.13808 -12.6326 -0.0768216 0.08
1.00324 -5.58518 -0.0467983 -6.58343 0.937292 0.2
1.00066 -6.33141 -0.00332494 -4.51004 0.720058 0.14
0.946162 -7.12592 -0.513326 -4.12241 -0.238882 0.2
0.799512 -7.74128 -1.60311 -4.99374 -0.896669 0.14
0.649396 -8.189 -2.17665 -6.26518 -0.564435 0.08
0.60403 -8.31819 -2.36178 -6.65782 -0.672069 0.02
0.226831 -9.47901 -1.56076 -4.92861 0.77548 0.18
0.123123 -9.77749 -1.87665 -4.90003 -0.84969 0.06
0.00498627 -10.0478 -1.09995 -1.93577 0.819807 0.08
