0.0862407 -2.79336 0.02603 -0.0333222 0 0
0.0291043 -2.97427 -0.964426 -2.79691 -0.853128 0.12
-0.0718755 -3.2443 -1.54054 -3.80351 -0.855326 0.08
-0.212466 -3.55377 -1.9526 -3.77784 -0.813944 0.08
-0.640986 -4.07964 -2.80614 -1.75949 -0.900393 0.18
-1.03958 -3.82092 0.486395 6.07322 -0.586929 0.2
-1.02821 -3.69555 0.649382 6.45703 0.610395 0.02
-0.897122 -2.83933 1.38337 7.08671 0.732026 0.12
-0.605982 -1.87854 1.89859 3.23976 0.898118 0.18
-0.338443 -1.66228 2.59062 0.394509 0.963276 0.12
0.0842663 -1.81043 3.42886 -2.352 0.949473 0.14
0.616219 -2.26101 4.15626 -3.81601 0.978233 0.14
0.869357 -2.50243 4.28612 -4.1682 0.57645 0.06
1.02725 -4.22302 -0.450821 -11.8774 -0.490869 0.16
1.00997 -4.85667 -0.164891 -9.34705 0.858 0.06
1.00266 -5.49621 -0.0433944 -6.78825 0.290894 0.08
0.948585 -6.31778 -0.615664 -2.88503 -0.303183 0.18
0.86974 -7.00196 -0.185894 -4.30079 0.277482 0.2
0.842142 -7.47023 -0.387518 -5.14906 -0.0997203 0.1
0.835144 -7.57652 -0.314443 -5.4759 0.833305 0.02
0.828025 -7.6883 -0.39887 -5.70613 -0.198115 0.02
0.738216 -9.0578 -0.459736 -7.31701 0.522921 0.2
0.722431 -9.34021 -0.309827 -6.71766 0.483997 0.04
0.702718 -9.92128 -0.0403074 -4.65227 0.00236308 0.1
0.683926 -10.3114 -0.340251 -3.05475 -0.748553 0.1
