-0.193786 -0.346918 0.0728339 0.016142 0 0
-0.193069 -0.346523 -0.00115324 0.0232797 -0.524462 0.02
-0.0141002 -0.867539 1.67626 -4.90629 0.974931 0.2
0.0204455 -0.969213 1.77606 -5.25754 0.876156 0.02
0.349702 -2.00115 2.21913 -7.39713 0.973145 0.16
0.683562 -3.03147 2.75001 -6.40917 0.912444 0.14
0.80082 -3.26331 3.12253 -5.13754 0.897171 0.04
1.04959 -3.84009 -0.0332395 -10.0479 0.887789 0.1
0.968124 -5.19238 -0.740328 -4.37841 -0.948632 0.18
0.785454 -5.46512 -1.91677 0.377379 -0.977966 0.14
0.66446 -5.40403 -2.11172 1.63709 -0.293432 0.06
0.250764 -4.85186 -2.95408 4.99684 -0.812424 0.16
0.191094 -4.74878 -3.01113 5.30762 -0.807046 0.02
-0.18084 -4.02078 -3.16455 6.64426 -0.756283 0.12
-0.373899 -3.61903 -3.29574 6.61507 -0.745304 0.06
-0.813448 -2.95897 -4.12643 3.92281 -0.780227 0.12
-1.05578 -2.49684 -0.19216 11.0042 0.104759 0.08
-1.0444 -2.05126 0.490994 10.7202 -0.98844 0.04
-1.00194 -0.598257 0.0273875 4.56773 -0.854196 0.2
-1.00032 0.00053941 -0.000256808 2.55847 -0.323619 0.18
-0.893029 0.152815 1.30638 -0.348911 0.909673 0.16
-0.811858 0.132495 1.39989 -0.334809 0.239878 0.06
-0.651741 0.0694192 1.8033 -0.937925 0.50504 0.1
-0.614646 0.0488372 1.90624 -1.12109 0.620383 0.02
-0.119906 -0.411875 3.03658 -3.65776 0.669984 0.2
0.44929 -1.23733 3.93944 -6.46781 0.956272 0.16
1.06047 -2.65712 0.582835 -13.3972 0.21019 0.18
1.05296 -3.24813 -0.55026 -15.1716 0.28699 0.04
1.01221 -4.56827 -0.192315 -10.9729 0.959662 0.1
0.991449 -5.74032 -0.330904 -5.9384 -0.698665 0.14
0.776968 -6.25185 -2.0509 -0.286941 -0.989245 0.18
0.737791 -6.2617 -1.86711 -0.695922 0.996062 0.02
0.59689 -6.33313 -1.654 -1.10671 0.288645 0.08
0.36071 -6.68612 -0.970173 -2.94668 0.399778 0.18
0.0859717 -7.14634 -2.0467 -2.61898 -0.789561 0.18
-0.282806 -7.70344 -2.61179 -4.47787 -0.434559 0.16
-0.584565 -8.22869 -3.46519 -6.14787 -0.823494 0.1
-0.812576 -8.63819 -4.15044 -7.53995 -0.920648 0.06
-1.01671 -8.87905 0.44978 1.13079 -0.0542855 0.18
