-0.15798 2.59287 0.0985015 -0.0756243 0 0
-0.107778 2.7205 0.903143 2.52809 0.808697 0.1
-0.00855235 2.992 1.56743 4.14039 0.873584 0.08
0.0565855 3.1597 1.68324 4.20339 0.391464 0.04
0.496973 3.95914 2.6286 2.97193 0.858494 0.2
0.879519 4.10812 2.1889 -0.923538 -0.135318 0.16
1.01873 3.57937 -0.328118 -6.48814 -0.294946 0.14
0.998745 3.30682 -0.659096 -7.07564 -0.783968 0.04
0.902404 2.59442 -1.16018 -6.64306 -0.91789 0.1
0.676904 1.80949 -1.73316 -2.99768 -0.982673 0.16
0.431457 1.62669 -2.38414 -0.0947182 -0.883967 0.12
0.101858 1.76618 -3.09282 2.29933 -0.928932 0.12
-0.093449 1.93165 -3.41156 3.17519 -0.958719 0.06
-0.162634 1.99758 -3.50652 3.41297 -0.928832 0.02
-0.377464 2.22353 -3.65196 4.07251 -0.642607 0.06
-0.449238 2.30915 -3.52456 4.48753 0.474567 0.02
-1.06443 3.53142 0.499501 13.7751 -0.894497 0.2
-0.999712 5.26258 0.295635 7.67755 0.972759 0.16
-0.996817 6.25259 -0.151216 5.21217 -0.290995 0.16
-0.985695 7.1785 0.230955 4.82142 0.0926203 0.2
-0.944912 7.57522 0.79577 5.21572 0.725788 0.08
-0.929698 7.68275 0.727762 5.5336 -0.841363 0.02
-0.89934 7.91503 0.796856 6.08189 -0.227855 0.04
-0.701633 9.07694 1.65747 8.18941 0.110496 0.16
-0.403241 10.3129 1.4708 4.55464 0.262642 0.18
-0.220162 10.6801 1.62768 1.61414 0.492431 0.12
