-0.0776924 -1.42721 0.0811121 0.0735983 0 0
0.0241567 -1.70969 1.14064 -3.33873 0.995596 0.16
0.0472484 -1.77986 1.16744 -3.67513 0.423752 0.02
0.155449 -2.48326 0.324089 -6.33669 -0.409163 0.14
0.156433 -2.90254 -0.274054 -7.53831 -0.860766 0.06
0.142498 -3.20386 -0.401344 -7.43296 -0.423074 0.04
0.215089 -3.87691 1.23245 -1.22143 0.869065 0.16
0.2641 -3.91224 1.21688 -0.550327 -0.231393 0.04
0.365835 -3.89621 1.32438 0.912481 0.0103155 0.08
0.521825 -3.69964 1.79933 2.93387 0.427636 0.1
0.630891 -3.51032 1.83101 3.32053 -0.0550209 0.06
0.710958 -3.36084 2.16947 4.12165 0.892038 0.04
1.02911 -2.7787 2.46751 3.77171 0.992393 0.12
0.965742 -3.23826 -1.1018 -4.22623 -0.668242 0.16
0.758703 -3.81647 -1.79891 -3.58157 -0.875433 0.14
0.685513 -3.94528 -1.86274 -2.85337 -0.546534 0.04
0.534062 -4.10818 -1.93434 -1.235 -0.382171 0.08
0.181802 -4.10212 -2.47413 1.19389 -0.632644 0.16
-0.0942174 -3.94391 -3.04746 1.88233 -0.940362 0.1
-0.636796 -3.59785 -3.75808 2.15173 -0.727077 0.16
-1.07901 -3.05474 0.336866 11.8122 -0.71353 0.14
-1.06773 -2.81248 0.699617 12.1719 0.943124 0.02
-0.979888 -1.33271 0.539786 6.28209 0.99934 0.16
-0.743365 -0.76787 1.98946 -0.479328 0.914905 0.2
-0.450356 -1.01854 2.85093 -3.54347 0.866591 0.12
0.0711053 -1.82413 3.54686 -6.22766 0.968897 0.16
0.835228 -3.10754 4.36164 -5.15699 0.886156 0.2
1.01564 -5.00458 -0.272538 -10.2633 -0.914974 0.18
0.982427 -6.12983 -0.455126 -5.97301 -0.480168 0.14
0.754272 -6.79582 -1.99785 -2.3118 -0.923052 0.18
0.469116 -7.05316 -2.74024 -2.15079 -0.852179 0.12
0.412909 -7.09641 -2.88026 -2.17786 -0.995802 0.02
-0.214608 -7.5815 -4.10907 -3.50038 -0.967461 0.18
-1.05957 -8.46146 -0.399205 -0.572904 -0.736115 0.2
