0.105482 2.798 0.0923573 -0.00862922 0 0
0.0549552 2.75673 -0.715693 -0.440513 -0.689616 0.16
0.0464873 3.09127 0.587051 3.26603 0.662807 0.2
0.156264 3.51986 1.197 3.54649 0.733178 0.12
0.42027 4.00725 2.08425 2.21905 0.981162 0.16
0.854883 4.14579 2.76416 -0.599823 0.708372 0.18
1.02197 4.07898 2.29431 -2.32099 0.275619 0.06
0.912423 2.78059 -1.49199 -8.14603 -0.995983 0.18
0.576629 1.64345 -2.00755 -2.98363 -0.929637 0.2
0.295266 1.47763 -2.70751 0.162152 -0.884039 0.12
-0.0668282 1.65792 -3.30296 2.71737 -0.772055 0.12
-0.348155 1.92585 -3.71671 3.90073 -0.98162 0.08
-0.825085 2.4521 -4.24405 4.596 -0.936924 0.12
-1.0686 3.03914 -0.0408624 13.7797 -0.228938 0.08
-1.05103 3.6156 0.62363 14.2431 0.643118 0.04
-0.988124 5.62395 0.425462 6.19688 0.908806 0.2
-0.985683 6.73797 -0.349518 5.71511 -0.538226 0.2
-0.993855 6.85509 -0.465627 5.99633 -0.903933 0.02
-0.987279 7.93078 0.355493 6.78267 -0.0954389 0.18
-0.963372 8.21536 0.848407 7.48823 0.989459 0.04
-0.845553 9.63835 -0.0795558 4.92638 -0.816666 0.2
-1.01936 10.0014 -0.119256 1.97436 -0.915801 0.2
