0.0525765 -2.14416 -0.0312205 0.0445262 0 0
-0.0544235 -2.49193 -1.34855 -4.26809 -0.871936 0.16
-0.228994 -3.01619 -2.11506 -5.98198 -0.742173 0.1
-0.655926 -3.96915 -2.51907 -3.80834 -0.618633 0.18
-0.974514 -4.17397 -1.52183 0.96675 0.590033 0.16
-0.984313 -3.62582 0.846814 5.98426 0.941909 0.14
-0.942115 -3.36908 1.25514 6.80311 0.984257 0.04
-0.816559 -2.79935 1.80757 7.07297 0.999332 0.08
-0.447922 -1.8511 2.34767 3.14733 0.922829 0.18
-0.349788 -1.74467 2.56402 2.17443 0.980086 0.04
-0.136234 -1.65031 2.78442 0.218147 0.486501 0.08
0.53839 -1.99663 3.90926 -3.30392 0.940225 0.2
0.617476 -2.0649 3.99895 -3.5183 0.904661 0.02
1.07316 -3.14073 -0.756627 -13.8426 0.985134 0.16
0.994998 -4.72451 -0.297724 -8.43406 -0.992223 0.14
0.932615 -5.70808 -0.669772 -2.71928 -0.478237 0.18
0.933438 -6.27799 0.718207 -3.52887 0.902101 0.2
0.96684 -6.42632 0.952077 -3.90601 0.721442 0.04
0.978538 -6.87066 -0.492874 -1.777 -0.550191 0.2
0.936283 -6.97213 -0.912038 -1.64352 -0.955983 0.06
0.877778 -7.16828 -0.565818 -3.22497 0.470001 0.08
0.846702 -7.48789 -0.238475 -4.71491 0.646522 0.08
0.801502 -8.70915 -0.313626 -7.20767 0.467255 0.2
0.794407 -9.91586 0.519621 -3.53716 0.426654 0.2
0.822829 -10.1019 0.426687 -2.64218 -0.476518 0.06
