0.0550698 -2.63231 0.0596677 0.0229922 0 0
0.0798263 -2.62596 0.558141 0.129006 0.878471 0.08
0.105376 -2.62351 0.719374 -0.00534592 0.626477 0.04
0.24982 -2.64493 1.34525 -0.27496 0.675353 0.14
0.447804 -2.67662 1.95522 -0.236176 0.740666 0.12
0.62119 -2.69151 2.37935 -0.133312 0.764161 0.08
1.04854 -3.01732 -0.472865 -7.74624 0.951305 0.2
1.00848 -3.48569 -0.81038 -7.63042 -0.933993 0.06
0.915664 -4.15168 -1.03649 -5.48995 -0.958732 0.1
0.843587 -4.6004 0.101653 0.0351745 0.662301 0.18
0.765502 -4.29077 -0.929302 3.10016 -0.928101 0.18
0.532637 -3.61851 -1.69789 3.78965 -0.795431 0.18
0.39031 -3.32198 -1.87945 3.49233 -0.355101 0.08
-0.0259185 -3.07118 -3.32416 -0.34902 -0.971638 0.16
-0.82508 -3.41507 -4.60014 -2.52225 -0.800726 0.2
-1.06749 -3.30738 0.105455 8.47139 -0.74613 0.08
-0.955864 -1.99718 0.831843 6.21268 0.992682 0.16
-0.806563 -1.41756 1.41691 2.09045 0.911488 0.14
-0.380189 -1.53491 2.81017 -2.92558 0.987157 0.2
0.127966 -2.19806 3.49264 -5.01238 0.922074 0.16
0.864744 -3.20587 4.06644 -3.9264 0.519905 0.2
1.06625 -3.99269 -0.64698 -12.3784 0.662214 0.1
0.959937 -5.59044 -0.86105 -5.4449 -0.993362 0.18
0.904933 -6.51177 0.236645 -5.45928 0.777603 0.18
0.917917 -6.73646 0.408002 -5.78957 0.657171 0.04
1.01147 -7.66922 0.308998 -7.18842 0.882594 0.14
0.977377 -8.44754 -0.943321 -8.67404 -0.740012 0.1
0.829229 -9.66089 -0.855788 -7.44325 0.330725 0.14
0.783898 -10.2865 0.0472354 -3.1044 0.435674 0.12
