0.0284993 -1.71405 0.0551029 0.00189709 0 0
-0.0054925 -1.94002 -0.572766 -3.15595 -0.525664 0.14
-0.0975378 -2.44685 -0.986724 -5.19022 -0.153159 0.12
-0.173142 -2.7975 -1.52773 -6.4326 -0.797093 0.06
-0.273591 -3.19352 -1.78686 -6.60099 -0.502846 0.06
-0.50968 -3.92863 -1.17812 -2.46297 0.0848088 0.16
-0.636883 -3.97957 -0.435488 1.62124 0.397114 0.16
-0.639068 -3.68582 0.406764 4.18707 0.838865 0.1
-0.629946 -3.59912 0.504898 4.47596 0.389166 0.02
-0.533632 -3.05653 1.36896 6.03984 0.953515 0.1
-0.197451 -2.09222 1.958 2.95651 0.772583 0.2
0.262472 -1.92079 2.67842 -1.08115 0.67375 0.2
0.478961 -2.06643 2.72613 -2.51525 0.263643 0.08
1.01809 -2.65937 2.69233 -4.84452 0.638895 0.18
1.04897 -2.80555 0.682288 -9.15954 -0.452991 0.02
1.04607 -3.23195 -0.44321 -11.2042 0.45998 0.04
1.00571 -4.21384 -0.269494 -8.05002 -0.79963 0.1
0.950241 -5.01512 -0.699914 -3.43948 -0.956228 0.14
0.851223 -5.26153 -0.571642 0.159431 0.20985 0.16
0.798953 -5.18011 -0.726899 1.83812 -0.148049 0.08
0.729184 -4.96578 -0.997805 3.47076 -0.486584 0.08
0.636086 -4.62992 -1.3044 4.85882 -0.794107 0.08
0.379029 -3.58439 -1.59158 6.11157 -0.660347 0.18
0.127672 -3.0158 -2.67091 3.00366 -0.997221 0.12
-0.110196 -2.85855 -3.27106 0.943471 -0.723301 0.08
-0.84024 -3.09718 -4.80071 -3.1609 -0.92599 0.18
-1.06077 -2.64172 0.803949 9.16204 -0.926011 0.12
-0.897858 -1.43437 1.08378 2.97263 0.828474 0.2
-0.542271 -1.40721 2.47176 -2.41391 0.952381 0.2
-0.206274 -1.83221 3.08372 -4.4947 0.948165 0.12
-0.0819316 -2.02293 3.13013 -5.02452 0.576554 0.04
0.625115 -3.03202 4.12512 -3.90505 0.872118 0.2
1.02764 -4.51613 -0.420316 -10.129 0.579327 0.2
1.00489 -5.34606 -0.0909961 -6.7069 -0.0134872 0.1
1.00052 -6.07042 -0.00530606 -4.02162 0.412152 0.14
1.00042 -6.433 0.00069982 -3.38181 0.423032 0.1
1.0004 -6.70348 -0.000151273 -3.46138 0.317686 0.08
1.00029 -7.34923 -0.00168538 -4.84495 0.285651 0.16
1.00032 -7.44875 0.00293827 -5.1082 0.787918 0.02
0.977815 -8.01674 -0.490338 -6.3453 -0.262257 0.1
0.886988 -9.40155 -0.166673 -6.15017 0.603941 0.2
0.883437 -9.52301 -0.185288 -5.98027 -0.278886 0.02
0.879503 -9.74346 -0.00602949 -5.00986 0.203049 0.04
0.923205 -10.1817 0.58978 -1.32582 0.214466 0.14
