0.0320306 -2.69208 0.0715348 -0.0174007 0 0
-0.0234849 -2.93757 -0.746513 -2.77008 -0.488166 0.16
-0.123843 -3.26218 -1.23377 -3.51408 -0.593605 0.1
-0.201051 -3.45609 -0.07106 0.186315 0.93236 0.12
-0.143923 -3.23342 0.865076 2.74351 0.693592 0.14
0.0769809 -2.69112 1.81753 3.45104 0.832131 0.16
0.359505 -2.32704 2.22375 1.63481 0.643861 0.14
0.704391 -2.23711 2.71199 -0.30714 0.66138 0.14
1.04066 -2.51898 -0.00132019 -6.9642 0.860032 0.14
0.958135 -3.49101 -1.08682 -8.1925 -0.955169 0.12
0.698729 -4.64537 -1.64393 -3.07173 -0.961964 0.2
0.271977 -4.73846 -2.64546 1.90237 -0.750506 0.2
-0.154337 -4.30033 -3.40171 4.11688 -0.982497 0.14
-0.581719 -3.74545 -3.73738 4.85807 -0.72359 0.12
-0.656666 -3.64775 -3.75871 4.90194 -0.401492 0.02
-0.9607 -3.26127 -3.87326 4.57688 -0.28965 0.08
-1.06122 -2.44784 0.634484 13.4281 0.819643 0.08
-1.02664 -1.71575 0.423914 10.867 -0.979454 0.06
-0.907994 -0.306464 1.29974 3.30938 0.976471 0.2
-0.460354 -0.213696 3.1367 -1.95603 0.965436 0.2
0.0402771 -0.65625 3.98116 -4.3626 0.737079 0.14
0.376503 -1.06278 4.38973 -5.75051 0.89365 0.08
1.05767 -2.44 -0.0213378 -13.0643 0.753864 0.18
0.962728 -4.2648 -0.497412 -10.597 -0.987347 0.14
0.878565 -5.5516 -0.878142 -3.86439 -0.917326 0.18
0.839718 -5.68293 -1.0685 -2.71641 -0.459054 0.04
0.657831 -5.91491 -1.1974 -0.420267 0.0428055 0.16
0.610661 -5.92622 -1.16067 -0.150945 0.211674 0.04
0.587025 -5.92663 -1.20266 0.107651 -0.134603 0.02
0.522525 -5.92267 -0.947861 0.0278713 0.579073 0.06
0.47959 -5.93684 -0.484115 -0.493985 0.979621 0.06
0.460204 -6.04695 0.275662 -0.812473 0.57684 0.18
0.483219 -6.07958 0.113861 0.207706 -0.069647 0.12
0.608994 -6.23159 1.45848 -2.11467 0.998819 0.16
0.637848 -6.27228 1.42739 -1.9591 -0.0960574 0.02
0.811447 -6.52971 2.04491 -3.24794 0.726584 0.1
1.02051 -6.87742 -0.271512 -0.0112599 -0.135587 0.18
1.00109 -7.19377 -0.00987204 -3.00196 0.79871 0.2
0.916533 -7.77514 -1.08502 -4.53005 -0.831639 0.16
0.692052 -8.57781 -2.20295 -7.09922 -0.629053 0.14
0.566429 -8.9983 -1.95011 -6.7531 0.937667 0.06
0.486368 -9.27038 -2.03769 -6.77802 -0.130879 0.04
0.350946 -9.71531 -1.31999 -4.20757 0.779012 0.08
0.230741 -10.0348 -1.09138 -2.15459 -0.0173182 0.1
