-0.171086 -3.12182 0.0075677 0.00284438 0 0
-0.281516 -3.35523 -1.18827 -2.20095 -0.781711 0.18
-0.450844 -3.60556 -1.61863 -1.82395 -0.591219 0.12
-0.609714 -3.65845 -1.04232 0.843597 0.384857 0.12
-0.679858 -3.4619 -0.364571 2.97285 0.656725 0.1
-0.686964 -3.32498 0.00643342 3.84112 0.975925 0.04
-0.679806 -3.15792 0.345226 4.46673 0.961936 0.04
-0.547038 -2.3806 0.910487 2.62679 0.599873 0.2
-0.468559 -2.22744 1.05946 1.20736 0.490114 0.08
-0.398062 -2.18176 1.29238 0.322597 0.702481 0.06
-0.352041 -2.19188 1.00906 -0.815927 -0.761099 0.04
-0.272362 -2.63144 -0.0463563 -4.50282 -0.622762 0.16
-0.399022 -3.63915 -1.1565 -5.4937 -0.816294 0.18
-0.660909 -4.33622 -1.80815 -2.04915 -0.865544 0.18
-0.909148 -4.38732 -1.7506 1.19399 -0.0783604 0.14
-0.943162 -4.35867 -1.6502 1.66881 0.556882 0.02
-1.02013 -4.11297 0.038633 4.77742 0.722786 0.08
-0.987107 -3.65597 0.789234 6.60103 0.77468 0.08
-0.828343 -2.76686 1.6862 7.4173 0.943388 0.12
-0.432234 -1.71603 2.38333 2.7648 0.99644 0.2
0.00130711 -1.59593 3.05968 -1.12561 0.671174 0.16
0.480198 -1.93634 3.74422 -3.53678 0.863677 0.14
0.778658 -2.26676 3.70794 -4.66256 0.288949 0.08
1.04557 -3.47958 -0.559523 -13.1773 0.206933 0.14
1.00043 -5.07067 -0.172631 -6.86785 -0.873931 0.16
0.974699 -5.50967 -0.531389 -4.1129 -0.744576 0.08
0.950863 -6.052 0.24092 -3.09632 0.682856 0.16
1.00769 -6.58366 -0.110178 -1.74433 0.775436 0.2
0.996701 -6.6424 -0.436233 -1.21608 -0.976227 0.04
0.943299 -6.72154 -0.893202 -0.811764 -0.75057 0.08
0.847824 -7.23215 -0.135359 -4.19805 0.411873 0.2
0.834065 -7.50055 -0.331353 -4.77808 -0.276731 0.06
0.811494 -8.05498 -0.164007 -6.24322 0.66292 0.1
0.807352 -8.18282 -0.251686 -6.54187 0.00612316 0.02
0.822439 -9.35122 0.667888 -5.1571 0.980465 0.18
0.883834 -9.82886 0.598727 -4.14803 -0.287618 0.1
0.896855 -9.90631 0.702795 -3.59743 0.292293 0.02
0.972059 -10.2734 0.360431 -1.55732 -0.571383 0.14
