0.193348 -2.78517 0.0377094 -0.0451171 0 0
0.213556 -2.79315 0.366584 -0.109106 0.481821 0.1
0.291571 -2.78754 0.931064 0.184052 0.646464 0.12
0.33929 -3.10827 -0.361486 -3.29817 -0.742647 0.18
0.289047 -3.39996 -0.871526 -3.83111 -0.844102 0.08
0.301194 -3.52213 0.938592 2.21303 0.873584 0.2
0.502331 -3.04565 1.88523 4.17187 0.762786 0.14
0.666829 -2.71709 2.20595 3.88948 0.706718 0.08
1.03321 -2.40694 -0.290818 -3.4852 0.707851 0.2
0.995184 -2.80759 -0.425471 -4.29701 0.0565432 0.1
0.985926 -2.89524 -0.499072 -4.45751 -0.337831 0.02
0.843887 -3.61336 -1.41421 -5.09458 -0.923049 0.14
0.679789 -4.05956 -1.86441 -3.6769 -0.999417 0.1
0.256091 -4.36366 -2.43333 0.50633 -0.605661 0.2
0.0991265 -4.30565 -2.7971 1.4013 -0.988032 0.06
-0.305769 -3.95791 -2.97006 3.38905 -0.391386 0.14
-0.486264 -3.74048 -3.05001 3.80219 -0.421312 0.06
-1.07014 -2.85822 0.287809 11.4636 -0.671977 0.2
-1.06032 -2.62527 0.612689 11.6234 0.437334 0.02
-0.991015 -1.35847 0.468476 6.45719 0.943938 0.14
-0.826124 -0.740901 1.52666 0.525797 0.770838 0.18
-0.634546 -0.832332 2.28757 -2.2559 0.8283 0.1
-0.0695111 -1.69775 3.17958 -5.99853 0.833691 0.2
0.475935 -2.74226 3.73579 -6.31629 0.99688 0.16
1.0562 -3.92861 -0.0700174 -11.7226 0.129645 0.18
1.05034 -4.16273 -0.437371 -11.5344 -0.777114 0.02
0.985476 -5.40683 -0.616005 -6.2587 -0.99015 0.14
0.85832 -6.17046 -0.855531 -2.72422 -0.0923032 0.18
0.75186 -6.54344 -0.64867 -2.83739 0.200145 0.14
0.511293 -6.87124 -1.97113 -1.26732 -0.927788 0.18
0.267407 -7.21832 -1.55018 -3.63741 0.296839 0.14
0.210121 -7.38056 -1.32195 -4.45669 0.848953 0.04
0.00175208 -8.57069 -0.887594 -7.01379 0.787959 0.2
-0.107149 -9.31615 -1.20171 -7.48536 -0.0434394 0.1
-0.132585 -9.46703 -1.33642 -7.57751 -0.880757 0.02
-0.190701 -9.76865 -1.54863 -7.40603 -0.99258 0.04
-0.465367 -10.6951 -1.33862 -1.95151 -0.333022 0.2
