0.148387 -1.02938 -0.0017487 0.0730304 0 0
0.120438 -1.17465 -0.413405 -2.10697 -0.51265 0.14
0.0908877 -1.40322 -0.343497 -3.57751 0.160666 0.08
0.0182263 -1.84126 -1.14628 -5.27357 -0.862692 0.1
-0.258456 -3.01768 -1.83965 -7.13043 -0.104066 0.18
-0.451392 -3.68373 -1.94169 -5.79391 -0.474747 0.1
-0.771319 -4.29314 -1.71682 -1.13406 -0.206406 0.18
-0.956328 -4.19085 -0.916263 2.47513 0.627305 0.14
-0.974687 -4.13821 -0.919238 2.7853 -0.236082 0.02
-0.933402 -3.04745 1.1046 7.07078 0.858951 0.2
-0.857827 -2.63195 1.38127 6.60546 0.985663 0.06
-0.558449 -1.78919 2.03573 2.55716 0.962451 0.18
-0.100927 -1.70733 3.0653 -1.48231 0.905629 0.18
-0.0392185 -1.74094 3.10493 -1.87638 0.399326 0.02
0.0240582 -1.78192 3.2221 -2.21739 0.978047 0.02
0.29498 -2.00903 3.54067 -3.39272 0.782827 0.08
0.842067 -2.54175 4.29975 -3.84807 0.997845 0.14
1.03531 -3.93849 -0.516337 -12.6347 0.585336 0.14
0.984239 -5.54667 -0.474654 -5.55184 -0.909991 0.18
0.917593 -6.13797 -0.500597 -3.22433 0.0649005 0.14
0.763667 -6.34852 -1.66847 -0.0830716 -0.879676 0.14
0.655171 -6.41718 -1.04724 -1.61238 0.820254 0.08
0.545832 -7.01605 -0.0935816 -4.4594 0.550974 0.2
0.491153 -7.69327 -0.723 -5.46288 -0.392147 0.14
0.47642 -7.80529 -0.752 -5.73904 0.221356 0.02
0.412599 -8.17706 -1.39244 -6.72506 -0.948448 0.06
0.303595 -8.74093 -1.31437 -7.22053 0.762195 0.08
0.165053 -9.46671 -1.34524 -6.7985 0.118708 0.1
0.00781997 -10.2138 -0.638138 -2.43999 0.157568 0.16
