-0.00650026 -1.35881 0.00838139 0.00262077 0 0
-0.114734 -1.74096 -1.16239 -3.80887 -0.796829 0.2
-0.319091 -2.54363 -1.4217 -5.96442 0.148467 0.16
-0.706784 -3.79907 -2.57214 -6.41649 -0.92361 0.18
-1.02596 -4.33763 0.212327 1.25629 0.390375 0.2
-1.0211 -4.30807 0.255725 1.68009 -0.994582 0.02
-0.971807 -3.82595 0.38625 4.11747 -0.112943 0.16
-0.949078 -3.642 0.751388 5.06321 0.853293 0.04
-0.911787 -3.42297 1.10855 5.84998 0.856143 0.04
-0.799428 -2.92269 1.64446 6.36221 0.865863 0.08
-0.436434 -1.99473 2.37676 3.39852 0.995633 0.18
0.00983811 -1.73919 3.24552 -0.147102 0.935527 0.16
0.776978 -2.11286 4.38396 -3.19696 0.972469 0.2
0.865495 -2.17864 4.46767 -3.37517 0.84792 0.02
0.954953 -2.24865 4.47791 -3.6221 0.370536 0.02
1.04486 -2.32293 3.66924 -5.17398 0.536664 0.02
1.08689 -2.71445 -0.410093 -12.4897 -0.4983 0.04
1.0561 -3.23447 -0.950638 -13.0377 -0.980518 0.04
0.909619 -5.11074 -0.77006 -5.6538 -0.99184 0.2
0.813868 -5.5911 -0.88915 -2.48593 -0.116671 0.12
0.721974 -5.88326 -0.248797 -1.42515 0.62241 0.16
0.719175 -5.97603 0.15802 -1.69387 0.896569 0.06
0.731128 -6.06722 0.242954 -1.37823 0.270307 0.06
0.76693 -6.19474 0.655914 -1.85118 0.65227 0.08
0.905478 -6.53078 1.65187 -3.82927 0.97116 0.12
1.02491 -6.82981 0.0027104 -0.839145 -0.266358 0.1
1.02263 -6.84404 -0.197523 -0.6546 -0.856083 0.02
0.842879 -6.94344 -1.58533 -0.470084 -0.989219 0.2
0.533248 -7.31914 -1.55575 -3.26253 -0.0894557 0.2
0.388762 -7.85675 -0.922985 -5.51857 0.947898 0.12
0.370082 -7.97 -0.946537 -5.8052 0.303946 0.02
0.10442 -9.37828 -1.56061 -7.35798 0.0380772 0.2
-0.0529219 -10.1184 -0.679796 -3.07405 0.367052 0.14
