0.126461 -1.30703 0.090302 -0.0820884 0 0
0.0764161 -1.49279 -0.827336 -2.55493 -0.961269 0.14
-0.00267725 -1.8394 -0.784405 -4.31817 0.250712 0.1
-0.304761 -3.08339 -2.19493 -7.55113 -0.555195 0.2
-0.822639 -4.35647 -2.88311 -4.16836 -0.964999 0.2
-0.88043 -4.43422 -2.89803 -3.60827 -0.475306 0.02
-1.03243 -4.61327 0.399643 0.453461 0.247308 0.12
-0.874938 -4.24201 1.63285 4.1847 0.943104 0.16
-0.777382 -3.96877 1.62097 4.87678 -0.355874 0.06
-0.528247 -3.24982 2.48384 6.75623 0.633063 0.12
-0.311865 -2.70853 2.86246 6.4573 0.862896 0.08
0.0327893 -2.09983 2.91177 3.6149 0.581686 0.12
0.535986 -1.81572 3.42784 0.020021 0.659877 0.16
1.03817 -2.36875 0.00481963 -7.54585 -0.788968 0.2
1.03468 -2.5266 -0.308668 -8.15737 -0.735257 0.02
1.02609 -2.69441 -0.547701 -8.61289 -0.904475 0.02
0.974745 -3.23816 -1.09519 -9.24 -0.963094 0.06
0.7199 -4.63269 -1.50541 -4.13367 -0.957244 0.2
0.370563 -4.90737 -2.05938 1.1478 -0.422594 0.2
-0.0322377 -4.45785 -2.90583 4.18689 -0.900386 0.16
-0.32921 -3.97571 -3.0243 5.32516 -0.569906 0.1
-0.956499 -3.13771 -4.10946 3.07471 -0.856596 0.18
-1.0394 -3.079 -3.39041 4.67508 -0.340827 0.02
-1.07675 -2.91608 -0.734396 10.63 0.722002 0.02
-1.01004 -1.20787 0.185142 7.88042 0.0793172 0.16
-0.872755 -0.389167 1.55695 1.32825 0.970062 0.18
-0.622731 -0.433312 2.59353 -1.93431 0.892312 0.12
-0.0483129 -1.12203 3.66293 -5.4929 0.830929 0.18
0.330372 -1.74341 3.86131 -6.86656 0.844694 0.1
0.40765 -1.88303 3.86557 -7.09182 0.802854 0.02
0.802356 -2.61986 4.08324 -7.32437 0.964559 0.1
1.01968 -5.10038 -0.331559 -12.4781 -0.315763 0.2
1.00992 -5.57222 -0.171892 -11.1741 0.295378 0.04
1.0007 -5.99039 -0.334234 -9.7013 -0.887827 0.04
0.984367 -7.88977 -0.23368 -9.7089 0.777216 0.2
0.929211 -9.10584 -0.531106 -10.0858 0.771395 0.12
0.916883 -9.30937 -0.691294 -10.2287 -0.722272 0.02
1.00298 -10.4701 1.15428 -2.12771 0.835492 0.2
