-0.18688 1.1133 0.00525861 -0.0995059 0 0
-0.240661 1.46183 -0.528459 3.73902 -0.391349 0.18
-0.292399 2.3992 0.0452689 6.57959 0.024722 0.18
-0.275136 2.82583 0.512914 7.54387 0.551333 0.06
-0.249044 3.1345 0.770281 7.79412 0.700558 0.04
-0.19299 3.59632 1.05193 7.38409 0.966894 0.06
-0.00371888 4.47137 1.39565 3.41136 0.853627 0.16
0.0831854 4.62752 1.51383 1.81141 0.457663 0.06
0.372224 4.61159 2.0966 -1.84703 0.570243 0.16
0.49163 4.4635 1.87489 -3.07974 -0.36951 0.06
0.811015 3.80133 2.10186 -4.86135 0.506048 0.16
1.02132 2.74618 -0.182615 -9.21522 -0.19754 0.16
1.00903 2.23842 -0.189915 -7.56881 -0.884531 0.06
0.961578 1.35483 -0.535304 -1.47888 -0.617591 0.2
0.858178 1.36808 -1.18286 1.59485 -0.703906 0.12
0.623568 1.8745 -1.67606 4.50592 -0.609663 0.16
0.384205 2.61341 -1.75957 5.70519 -0.477836 0.14
0.0345955 3.33686 -2.72308 2.7324 -0.677406 0.16
-0.08203 3.42099 -3.10613 1.48316 -0.939851 0.04
-0.762272 3.29952 -4.42094 -2.49587 -0.766494 0.18
-1.08231 3.34544 0.314725 8.53583 -0.552553 0.1
-1.05588 3.70113 0.759441 8.62646 0.655824 0.04
-0.922096 4.75275 0.930159 3.14055 0.749891 0.18
-0.607368 4.82893 2.23242 -2.12333 0.920086 0.2
-0.51359 4.72753 2.45201 -2.92962 0.883472 0.04
-0.192474 4.25867 2.86432 -4.72212 0.777245 0.12
-0.0166262 3.95884 2.999 -5.2091 0.716757 0.06
0.613619 3.154 4.15929 -2.86079 0.901197 0.18
1.05463 2.10655 -0.725682 -10.774 0.149543 0.18
0.903622 0.718794 -1.28825 -3.24869 -0.983961 0.2
0.826409 0.557964 -1.28837 -2.15488 0.137447 0.06
0.799394 0.520482 -1.41331 -1.59749 -0.583897 0.02
0.453171 0.658899 -2.87124 3.07081 -0.976836 0.16
-0.00474281 1.28427 -3.57483 5.69186 -0.838963 0.14
-0.593259 2.3555 -3.73247 7.40688 -0.805894 0.16
-0.66539 2.50877 -3.4806 7.91819 0.922712 0.02
-1.04036 4.59506 0.594522 13.0634 -0.885346 0.2
-1.02969 4.84742 0.470852 12.1904 -0.637429 0.02
-1.00085 6.75376 0.0216145 8.13028 -0.44453 0.2
-1.0003 7.58111 0.00262081 8.57988 -0.998773 0.1
-0.788229 9.34427 2.25081 11.2081 0.701198 0.18
-0.694834 9.78485 2.36622 10.6336 0.887371 0.04
-0.469492 10.9041 0.455892 2.8328 -0.716545 0.18
