-0.145974 -0.63115 0.0700048 0.0191694 0 0
-0.140565 -0.875493 -0.0392981 -2.43921 -0.194101 0.2
-0.181439 -1.22786 -0.656042 -3.53827 -0.694065 0.12
-0.220349 -1.46976 -0.65385 -4.51487 0.178023 0.06
-0.346797 -2.38322 -0.989787 -6.76889 0.184249 0.16
-0.455595 -2.9854 -1.68679 -8.07131 -0.698619 0.08
-0.682206 -3.97158 -1.08388 -3.8271 0.0313131 0.16
-0.976699 -4.35211 -1.92112 -0.00422756 -0.804096 0.2
-1.01246 -3.96749 0.261221 4.17852 -0.49606 0.14
-0.997112 -3.78473 0.507562 4.94456 0.473091 0.04
-0.916136 -3.21912 1.06704 6.07596 0.501337 0.1
-0.838947 -2.84352 1.47275 6.26921 0.998009 0.06
-0.479288 -1.92452 2.16538 2.50616 0.890283 0.2
-0.10378 -1.82011 2.55011 -1.06345 0.471055 0.16
0.522304 -2.30262 3.68626 -3.29316 0.986946 0.2
0.808534 -2.61269 3.47028 -4.3757 -0.0612204 0.08
1.0649 -3.02249 0.749924 -10.7156 0.985111 0.08
1.06802 -3.26151 -0.262906 -12.741 -0.582809 0.02
1.05864 -3.52083 -0.59322 -12.9735 -0.991378 0.02
0.994426 -5.10223 -0.350629 -6.79953 -0.998281 0.16
0.995424 -5.77264 0.304744 -4.685 0.597354 0.12
0.982637 -6.12502 -0.510284 -1.43122 -0.631759 0.12
0.937377 -6.46767 0.0799596 -2.26495 0.360567 0.2
0.986502 -6.79624 0.883212 -4.29445 0.93227 0.1
1.00425 -7.2038 -0.223652 -3.40964 -0.368862 0.12
0.875991 -7.84199 -1.42105 -4.8887 -0.895968 0.16
0.739771 -8.40023 -1.32838 -6.1789 0.599004 0.1
0.559957 -9.21201 -1.59143 -6.91866 0.106698 0.12
0.457917 -9.62553 -1.77126 -6.68166 -0.497741 0.06
0.184595 -10.4111 -1.32961 -2.03166 -0.106525 0.18
