-0.0517692 -1.78394 -0.0523953 0.0390769 0 0
-0.062654 -1.98755 -0.127407 -2.82985 0.0430676 0.14
-0.12942 -2.57839 -0.860946 -5.48496 -0.388796 0.14
-0.322729 -3.47174 -1.7428 -6.44294 -0.762088 0.14
-0.649479 -4.29888 -2.35233 -3.52625 -0.995176 0.16
-1.03404 -4.54196 -0.671217 1.07638 -0.619717 0.16
-1.02843 -4.42062 0.35313 2.72263 -0.975028 0.06
-0.853148 -3.67241 1.92632 6.67207 0.9626 0.16
-0.731621 -3.26294 2.09199 6.81935 0.168179 0.06
-0.228837 -2.06378 2.79969 4.0842 0.887543 0.2
0.252394 -1.72652 3.27946 0.224056 0.633184 0.16
0.659685 -1.85264 3.49508 -2.23037 0.370942 0.12
1.06299 -2.6538 -0.643711 -10.3815 0.922911 0.16
1.02962 -3.07863 -0.980825 -10.7081 -0.655964 0.04
0.837949 -4.69107 -0.952144 -4.83914 -0.765554 0.2
0.655952 -5.0689 -1.72696 -0.613351 -0.839555 0.14
0.407441 -4.95564 -2.39355 2.37605 -0.72053 0.12
0.254744 -4.7758 -2.68436 3.58065 -0.804586 0.06
-0.354156 -3.79572 -3.37311 5.5666 -0.864618 0.2
-0.481782 -3.55591 -3.01083 6.39498 0.738181 0.04
-0.902734 -2.96167 -4.07962 3.14526 -0.972161 0.12
-1.03303 -1.93639 0.471318 9.94137 0.78326 0.12
-1.00033 -0.708011 0.0685056 4.27739 0.0133819 0.18
-1.0005 -0.144388 0.00103267 1.765 -0.510126 0.2
-0.967776 0.0139598 0.387891 0.415069 0.226022 0.16
-0.930243 0.0319726 0.548399 0.0534955 0.225632 0.08
-0.66433 -0.3032 2.09828 -3.428 0.87873 0.2
-0.622061 -0.372812 2.12855 -3.53751 0.220815 0.02
-0.323934 -0.920666 2.78337 -5.54398 0.798139 0.12
-0.149483 -1.28148 3.00918 -6.45367 0.937988 0.06
0.0349332 -1.6921 3.12034 -7.20784 0.959813 0.06
0.097573 -1.83841 3.14267 -7.41925 0.991372 0.02
0.621259 -3.05042 3.6455 -6.61133 0.908014 0.16
1.05697 -4.41761 -0.737343 -11.3284 0.949211 0.18
0.949595 -5.73498 -0.996591 -5.25881 -0.91209 0.16
0.885277 -6.00844 -1.15476 -3.91417 -0.212482 0.06
0.574019 -6.47641 -1.90691 -1.37157 -0.376468 0.2
0.375733 -6.61238 -2.05259 -1.41409 -0.227338 0.1
0.333338 -6.63874 -2.18639 -1.22692 -0.841131 0.02
0.15276 -6.74597 -2.32565 -1.4863 -0.304928 0.08
-0.0640896 -6.96937 -2.02291 -2.97748 0.268555 0.1
-0.306447 -7.40986 -2.04643 -4.40537 0.00158064 0.12
-0.602521 -8.01435 -2.93263 -5.85909 -0.736422 0.12
-1.02443 -8.85937 -3.37167 -6.76578 -0.733379 0.12
-1.01832 -8.91028 0.317925 -0.595919 -0.923669 0.14
