0.0564265 -0.552389 -0.0417384 -0.0690875 0 0
0.10631 -0.749683 0.842547 -3.09623 0.78885 0.12
0.322423 -1.59725 1.41066 -6.10959 0.66151 0.18
0.415644 -2.99456 -0.357736 -9.28332 -0.664978 0.18
0.289032 -4.51863 -0.788587 -4.8826 -0.919366 0.2
0.151268 -4.92967 -1.02633 -0.417966 -0.316629 0.16
-0.137178 -4.55622 -1.77459 3.82082 -0.587717 0.2
-0.288246 -4.20598 -1.98995 4.85796 -0.727994 0.08
-0.439757 -3.77399 -1.79884 5.85354 -0.110805 0.08
-0.533953 -3.39205 -1.35733 6.7756 0.587732 0.06
-0.999726 -2.68645 -3.31035 0.1822 -0.951454 0.2
-1.057 -2.53218 0.00154149 6.4224 0.215464 0.04
-1.05183 -2.39894 0.427653 6.7132 0.380948 0.02
-0.899306 -1.56361 1.20459 1.51274 0.877583 0.2
-0.710411 -1.56058 1.94298 -1.36883 0.893268 0.12
-0.323701 -2.00981 2.84015 -3.94426 0.981977 0.16
0.281319 -2.93122 3.31151 -4.38264 0.559693 0.2
0.914934 -3.32874 4.62496 -0.476737 0.864896 0.16
1.04617 -4.05747 -0.568376 -10.0642 0.458024 0.1
0.956363 -5.27492 -0.751054 -3.66726 -0.771454 0.18
0.672292 -5.3936 -2.09648 2.16271 -0.734497 0.2
0.15144 -4.54995 -2.93689 5.88152 -0.798145 0.2
-0.348982 -3.52167 -3.41465 6.24852 -0.90365 0.16
-0.943141 -2.72746 -4.11577 3.1032 -0.392237 0.16
-1.04624 -1.91759 0.607292 9.51181 0.769245 0.1
-0.94267 -0.787272 0.879734 3.26133 0.65376 0.18
-0.690997 -0.650377 1.91545 -1.46832 0.554382 0.18
-0.428909 -0.969738 2.41626 -3.77881 0.500506 0.12
-0.0395422 -1.683 3.04558 -6.1876 0.967842 0.14
0.146078 -2.07471 3.13625 -6.82143 0.884047 0.06
0.868422 -3.2898 4.41431 -3.76267 0.983421 0.2
1.08051 -3.85967 -0.358671 -12.6374 -0.73389 0.08
0.951553 -5.7153 -0.977488 -5.45427 -0.99425 0.2
0.906276 -6.87144 0.446464 -6.72956 0.943034 0.2
0.993817 -8.22152 0.35972 -8.39836 0.63828 0.18
0.937035 -9.39275 -1.17641 -10.7608 -0.88937 0.12
0.914908 -9.60103 -1.02548 -10.0304 0.425739 0.02
0.859528 -10.7443 0.21927 -3.13627 0.245287 0.18
