-0.193344 2.598 -0.0897248 -0.071106 0 0
-0.0753672 3.03288 1.23745 3.89064 0.667637 0.2
0.170598 3.65806 2.18382 4.42698 0.987934 0.14
0.682197 4.23664 2.97488 1.16701 0.835273 0.2
1.02471 4.01196 0.12293 -5.33073 -0.836638 0.16
1.01164 3.52991 -0.17991 -6.12941 0.947765 0.08
0.929518 2.71171 -1.04044 -6.76425 -0.974477 0.12
0.782658 2.03477 -1.41914 -4.31883 -0.979943 0.12
0.484802 1.66889 -1.97112 0.124049 -0.614906 0.18
-0.0274491 2.06037 -3.0996 3.39136 -0.950177 0.2
-0.153038 2.20552 -3.1787 3.84671 -0.566574 0.04
-0.421615 2.52471 -3.54781 4.00486 -0.875007 0.08
-0.567829 2.68107 -3.76835 3.77627 -0.868347 0.04
-1.04344 3.34205 -0.3379 11.5212 -0.531399 0.14
-1.00801 4.82798 0.14196 8.07746 0.360645 0.14
-1.00072 5.87889 0.00330588 3.15977 -0.822984 0.2
-0.922832 6.15289 0.745972 -2.25771e-05 0.322178 0.2
-0.90818 6.15292 0.71923 0.00316266 -0.181833 0.02
-0.866686 6.15167 0.663879 -0.0444869 -0.136756 0.06
-0.82506 6.1652 0.377725 0.375903 -0.430378 0.08
-0.778026 6.23709 0.139464 0.480803 -0.178212 0.18
-0.765558 6.28161 0.107442 0.433873 -0.0514311 0.1
-0.759337 6.30729 0.0991433 0.430133 -0.0197206 0.06
-0.755787 6.31219 0.255471 0.0627361 0.851394 0.02
-0.855301 6.68486 -1.2281 3.66385 -0.824379 0.2
-0.937801 6.93122 -1.51262 4.55072 -0.630715 0.06
-0.969034 7.02548 -1.60898 4.87424 -0.732797 0.02
-0.996606 7.72477 0.28851 4.69038 0.0091433 0.18
-0.879817 8.95626 0.933715 7.3462 -0.0577122 0.2
-0.859455 9.10633 1.09918 7.6455 0.677195 0.02
-0.723101 10.0815 0.484715 3.90586 -0.158142 0.16
-0.708983 10.2115 0.227771 2.61384 -0.458604 0.04
