0.0381086 -0.965762 -0.045016 -0.00629243 0 0
0.07211 -1.19417 0.490217 -3.11167 0.429722 0.14
0.110726 -1.67678 0.107232 -4.96212 -0.24993 0.12
0.111254 -1.77954 -0.0561606 -5.31798 -0.746172 0.02
-0.0393321 -2.9162 -1.85314 -8.84922 -0.926678 0.16
-0.162348 -3.45097 -2.17516 -8.68356 -0.87387 0.06
-0.561305 -4.58504 -1.99347 -2.7471 -0.471589 0.2
-0.775816 -4.72976 -2.3155 -0.197995 -0.534966 0.1
-0.951809 -4.67302 -2.07941 1.58336 0.389247 0.08
-1.01042 -4.19978 0.379787 4.81216 -0.0451957 0.14
-0.95602 -3.74873 0.991875 6.43384 0.565848 0.08
-0.934833 -3.61696 1.12525 6.733 0.450474 0.02
-0.77635 -2.87165 1.92389 7.61063 0.962711 0.1
-0.571981 -2.19949 2.14124 5.59636 0.926198 0.1
-0.197493 -1.64169 2.64498 1.42458 0.76661 0.16
0.247306 -1.76724 2.27451 -2.63896 -0.220311 0.18
0.58158 -2.28559 2.47132 -4.56283 0.484743 0.14
0.841903 -2.75469 2.7689 -4.5723 0.635222 0.1
1.04642 -3.37178 -0.119241 -10.7663 0.486924 0.1
0.974337 -4.99872 -0.5502 -4.71797 -0.980486 0.2
0.759301 -5.31166 -1.91407 1.07725 -0.939432 0.18
0.4029 -4.86522 -2.46111 4.31139 -0.507921 0.16
0.300935 -4.67925 -2.63053 4.96844 -0.933906 0.04
-0.144224 -3.74109 -2.94157 6.29673 -0.768055 0.16
-0.607332 -2.99632 -3.80168 3.71143 -0.752027 0.14
-0.941983 -2.80205 -4.55634 1.17533 -0.922026 0.08
-1.08063 -2.46304 0.290697 10.4616 -0.326503 0.06
-1.06983 -2.25162 0.692621 10.481 0.961394 0.02
-0.908064 -0.878405 1.27713 3.26966 0.973228 0.2
-0.648318 -0.746189 2.44218 -1.21578 0.897053 0.14
-0.426556 -0.930839 3.08038 -3.32477 0.968949 0.08
-0.0171088 -1.47474 3.67106 -5.58066 0.915901 0.12
0.206429 -1.8344 3.76691 -6.37703 0.803497 0.06
0.931317 -3.0179 4.50738 -5.57615 0.946019 0.18
1.05988 -3.95369 -0.554271 -15.3294 -0.719999 0.08
1.00338 -6.07657 -0.063405 -9.14813 0.120646 0.18
0.9941 -7.43751 -0.178028 -8.41082 0.45532 0.16
0.979472 -7.77543 -0.558017 -8.54368 -0.361441 0.04
0.850998 -8.70606 -2.05096 -10.417 -0.900457 0.1
0.808905 -8.91586 -2.15058 -10.5386 0.268458 0.02
0.714002 -9.34969 -2.54966 -11.0015 -0.800883 0.04
0.501492 -10.1795 -2.62976 -9.24328 -0.945578 0.08
0.15943 -11.1896 -1.47183 -2.74648 0.309124 0.18
