-0.199086 2.73567 0.0373513 0.0556106 0 0
-0.211668 2.78781 -0.222002 0.627701 -0.322626 0.14
-0.211517 3.06449 0.192789 2.11881 0.205692 0.18
-0.101648 3.51693 1.11703 3.04173 0.768407 0.16
-0.0588113 3.50028 -0.646371 -2.79001 -0.861079 0.2
-0.072166 3.44287 -0.688489 -2.94429 -0.16183 0.02
-0.247638 2.87481 -1.74122 -4.62211 -0.916209 0.14
-0.403169 2.52083 -2.1286 -4.07654 -0.922267 0.08
-0.862707 2.08669 -2.52507 -0.292702 -0.54 0.2
-0.911487 2.08697 -2.35319 0.316628 0.984862 0.02
-1.03079 2.35528 0.27806 5.35257 0.919504 0.1
-0.864497 3.45359 1.60099 7.33827 0.901388 0.16
-0.531574 4.45048 2.15258 3.37924 0.955895 0.18
-0.111096 4.67513 3.14655 -0.492053 0.997314 0.16
0.511158 4.27091 3.7096 -3.72191 0.610381 0.18
0.584945 4.1931 3.66825 -4.05657 0.0511015 0.02
1.0457 2.66005 -0.604869 -13.0996 0.440555 0.2
1.02489 2.16987 -0.413177 -11.3554 -0.797673 0.04
0.966462 0.677834 -0.672635 -3.85215 -0.836488 0.2
0.75668 0.468583 -1.95409 0.978465 -0.804917 0.16
0.572067 0.633471 -2.64545 3.08657 -0.96462 0.08
0.160798 1.23626 -3.15028 5.42834 -0.620327 0.14
-0.371718 2.27413 -3.44133 7.24476 -0.88752 0.16
-1.07238 3.66958 -0.0854538 13.5452 -0.979677 0.2
-1.01509 5.14955 0.332169 10.0237 0.928813 0.12
-1.00137 6.17237 0.0248734 7.34693 -0.332175 0.12
-1.00038 7.42984 0.00250903 7.31555 -0.739756 0.18
-0.996156 8.55306 0.0858939 8.63402 -0.836527 0.14
-0.992551 8.72939 0.273169 8.99353 0.353048 0.02
-0.961615 9.75162 -0.00416423 7.08961 -0.303357 0.12
-0.96372 9.885 -0.205969 6.24817 -0.625731 0.02
-0.975444 10.5555 0.0774358 3.20134 0.733242 0.14
