-0.0142033 0.588005 0.0482346 0.03495 0 0
-0.143782 1.0421 -1.37664 4.65066 -0.952298 0.18
-0.294489 2.20175 0.0163032 7.40705 0.496469 0.2
-0.173934 3.44464 1.44267 9.31378 0.994989 0.14
0.0947352 4.67055 1.67363 4.12108 0.910072 0.18
0.498145 4.93489 2.42894 -1.25002 0.552729 0.2
1.02508 4.37914 2.7235 -5.03245 0.892978 0.18
0.884093 2.58278 -1.4218 -8.86776 -0.768316 0.2
0.67881 1.63388 -1.62592 -4.64874 -0.98146 0.14
0.539227 1.35796 -1.89699 -2.27233 -0.645316 0.08
0.499889 1.3185 -2.03792 -1.67516 -0.984106 0.02
0.0915626 1.39694 -3.04352 2.44471 -0.848957 0.16
-0.170187 1.65578 -3.47942 3.95041 -0.952644 0.08
-0.848424 2.54927 -4.06166 5.39219 -0.838407 0.18
-1.06123 3.23314 0.114742 14.4633 -0.712419 0.08
-1.05438 3.52746 0.486761 14.7404 -0.589354 0.02
-1.00954 5.00992 0.152214 9.84325 -0.773769 0.12
-1.00051 6.34481 0.00773625 5.87235 -0.264228 0.18
-1.00029 7.52858 0.0032586 6.60769 -0.536604 0.2
-1.00027 7.66309 -9.95986e-05 6.84381 -0.9151 0.02
-0.941655 9.08019 0.605009 8.52235 -0.275228 0.18
-0.928433 9.25174 0.710537 8.6055 0.429333 0.02
-0.912492 9.42566 0.876062 8.75542 0.990507 0.02
-0.901574 10.371 -0.657022 1.99101 -0.599473 0.18
