-0.0469221 -2.74836 -0.0857642 -0.0356009 0 0
-0.244397 -3.24513 -1.81966 -4.21685 -0.94573 0.2
-0.52217 -3.76074 -2.11712 -2.84764 -0.5206 0.14
-0.787088 -3.9862 -2.31141 -0.90709 -0.464231 0.12
-0.987761 -4.02326 -2.70694 -0.0290885 -0.840469 0.08
-0.933211 -3.03088 1.33745 7.2664 0.922374 0.18
-0.905769 -2.88702 1.40233 7.09895 0.737739 0.02
-0.573376 -1.84882 1.97814 2.86662 0.875737 0.2
-0.413304 -1.70307 2.03928 0.816819 0.253496 0.08
0.0536443 -1.88676 3.12137 -2.59915 0.961059 0.18
0.657787 -2.54593 3.58901 -4.26601 0.627836 0.18
0.877685 -2.80052 3.7535 -4.1351 0.519131 0.06
1.06226 -3.39158 -0.224232 -12.807 -0.250586 0.08
1.0539 -3.65075 -0.535649 -12.911 -0.927822 0.02
1.0057 -5.07626 -0.105789 -7.5154 -0.290206 0.14
0.997546 -6.08253 -0.0548768 -3.2548 0.0689293 0.2
0.983001 -6.23704 -0.425472 -1.96038 -0.585788 0.06
0.90314 -6.6164 -0.344657 -2.17277 0.0467988 0.2
0.898384 -7.31498 0.217523 -4.85981 0.369469 0.2
0.940356 -8.00595 0.412691 -6.58027 0.663122 0.12
0.790844 -9.71513 -1.62803 -9.46304 -0.87488 0.2
0.710899 -10.2015 -1.04448 -6.76956 0.342684 0.06
0.635241 -10.6979 -0.54124 -3.32441 0.146882 0.1
