-0.0941705 0.797142 0.0270414 0.0437071 0 0
0.0328008 0.936545 1.24428 1.39708 0.936315 0.2
0.151109 1.45998 0.337718 4.85739 -0.831234 0.16
0.338986 2.46834 2.12888 8.12609 0.982378 0.16
0.486713 2.99235 2.75335 9.17252 0.851355 0.06
1.01566 4.3718 2.46063 4.80091 0.816207 0.18
0.991253 4.53486 -0.593649 -1.0838 -0.19096 0.16
0.787854 3.89261 -1.53911 -5.21276 -0.421676 0.2
0.529675 3.1078 -2.6896 -7.41961 -0.952492 0.12
0.0729685 2.11563 -2.96069 -4.41641 -0.741183 0.16
-0.23366 1.79977 -3.20771 -1.92602 -0.656818 0.1
-0.716908 1.75478 -3.70431 1.17424 -0.611396 0.14
-0.948016 1.85741 -3.9946 2.21555 -0.832499 0.06
-0.935027 3.14011 1.73852 9.4554 0.965526 0.18
-0.630261 4.40482 1.99337 5.66912 0.958345 0.16
-0.463328 4.76202 2.22191 3.27964 0.774241 0.08
-0.322765 4.90711 2.47586 1.57054 0.663378 0.06
-0.273919 4.93381 2.40934 1.10241 -0.497799 0.02
-0.0582648 4.93442 2.98047 -1.0399 0.962161 0.08
0.194974 4.77965 3.33563 -2.77212 0.674689 0.08
0.332489 4.65369 3.53527 -3.50801 0.892625 0.04
0.552651 4.41516 3.79405 -4.39844 0.918981 0.06
0.852003 4.01596 3.67875 -5.52614 0.245292 0.08
1.05536 3.11312 -0.454062 -13.8709 0.243804 0.1
1.01311 1.88206 -0.219527 -10.2133 0.250091 0.1
1.00064 0.519526 -0.007972 -4.19786 0.35028 0.2
0.967257 -0.0111254 -0.299602 -1.6822 -0.0666741 0.2
0.944146 -0.097102 -0.466952 -1.22063 -0.288945 0.06
0.716802 -0.0749565 -1.78773 1.28616 -0.773639 0.2
0.246123 0.407427 -2.91647 3.73611 -0.674206 0.2
-0.128724 0.946962 -3.28829 5.27629 -0.518126 0.12
-0.258879 1.16524 -3.21427 5.64977 -0.0813139 0.04
-0.948587 2.53734 -3.64334 7.43415 -0.954503 0.2
-1.05687 3.2161 0.179651 15.3352 0.465041 0.06
-1.04954 3.52573 0.480542 15.4277 0.728131 0.02
-1.02212 4.38145 0.341741 12.8817 -0.473018 0.06
-0.997641 6.1001 0.15769 6.94605 0.258584 0.18
-0.932434 7.31964 0.54396 6.09379 0.00539333 0.2
-0.684348 8.74564 2.07026 8.69687 0.380422 0.2
-0.45452 9.63296 2.3455 8.34982 0.212922 0.1
-0.190062 10.4616 1.08455 2.34264 -0.471557 0.16
