0.0355756 0.105363 0.00288927 -0.018888 0 0
0.0357385 0.105239 0.0134186 0.00630079 0.0938626 0.02
-0.0858698 0.427159 -1.33848 3.51972 -0.821622 0.18
-0.483356 1.51385 -2.40422 6.99383 -0.989628 0.2
-0.580239 1.80293 -2.43427 7.44939 -0.907341 0.04
-1.02633 3.20295 -1.11135 10.7215 -0.861488 0.18
-1.03737 3.43943 -0.141956 12.5334 0.451328 0.02
-0.990013 5.40042 0.40204 6.07081 0.994468 0.2
-0.987716 6.04777 -0.341115 5.06088 -0.756877 0.12
-0.927011 6.65124 0.877211 1.79171 0.636526 0.2
-0.829424 6.84275 1.07005 2.1125 0.303207 0.1
-0.755027 6.96727 1.40661 2.07813 0.77158 0.06
-0.695683 7.05432 1.56045 2.28613 0.576048 0.04
-0.366176 7.77082 1.83095 4.95661 0.119592 0.2
-0.330076 7.87304 1.78062 5.26222 -0.718654 0.02
0.000414838 9.01259 1.86199 6.84933 -0.420418 0.18
0.068902 9.27034 1.54458 5.95958 -0.975969 0.04
0.133622 9.50928 1.67875 5.9214 0.493093 0.04
0.166959 9.62467 1.65269 5.60507 0.129561 0.02
0.334326 10.1057 1.68214 3.86581 0.424908 0.1
0.442002 10.3101 1.91027 2.92015 0.845056 0.06
0.516087 10.4053 1.79881 1.85279 -0.0808645 0.04
