-0.0954763 2.35209 0.0336277 0.0596382 0 0
-0.0858801 2.41808 0.206219 1.54611 0.104825 0.08
0.00725425 2.89783 0.945537 4.11483 0.407357 0.16
0.085713 3.22217 0.993364 3.84586 0.125154 0.08
0.17853 3.52734 1.30762 3.64127 0.658844 0.08
0.403159 3.9245 1.51363 1.23216 0.427839 0.16
0.75778 3.98214 2.43229 -0.537368 0.850893 0.18
0.8928 3.90434 2.06622 -2.03079 -0.580001 0.06
1.02231 3.63681 0.19978 -6.39895 0.665525 0.08
1.02272 3.50127 -0.105665 -7.03241 0.527429 0.02
0.969815 2.74693 -0.821128 -7.44718 -0.985612 0.1
0.750419 1.70269 -1.49014 -2.70454 -0.96871 0.2
0.340726 1.65343 -2.61849 1.97591 -0.867055 0.2
0.288498 1.69696 -2.60345 2.37462 -0.0185123 0.02
0.235939 1.7481 -2.65149 2.73685 -0.505763 0.02
-0.11476 2.17486 -3.17517 4.18597 -0.886215 0.12
-0.5894 2.79447 -3.66173 4.2155 -0.697659 0.14
-0.904263 3.07907 -4.22972 2.78488 -0.838211 0.08
-1.0591 3.703 0.443397 12.4343 0.166533 0.08
-0.979159 5.35747 0.590445 5.79134 0.999117 0.18
-0.895809 5.94583 0.649285 2.88683 -0.0140185 0.14
-0.841208 6.06467 1.16842 1.12852 0.850709 0.06
-0.699671 6.34153 0.387624 2.13647 -0.52923 0.18
-0.534051 6.52184 1.417 0.176759 0.668147 0.18
-0.410544 6.52993 1.66961 0.0336677 0.442079 0.08
-0.249258 6.92929 0.183559 4.23237 -0.900584 0.18
-0.0832026 7.82371 1.51845 5.34111 0.727482 0.2
0.255012 9.0199 2.25418 7.67423 0.01572 0.18
0.482608 9.74829 2.18179 6.38113 0.0677355 0.1
0.611725 10.0918 2.11889 5.01787 0.387736 0.06
0.838098 10.4799 1.70927 1.57948 -0.0831454 0.12
