-0.17911 0.618246 -0.00668601 -0.071716 0 0
-0.223966 0.784406 -0.715665 2.73438 -0.606181 0.12
-0.267546 1.0237 -0.370317 3.30235 0.572534 0.08
-0.324372 1.86188 -0.142747 6.00214 -0.103218 0.18
-0.313592 2.26041 0.519023 7.32787 0.861726 0.06
-0.268618 2.72993 0.962445 8.23588 0.36048 0.06
-0.222448 3.07127 1.32148 8.72933 0.872649 0.04
-0.111401 3.7268 1.37681 7.31515 0.593469 0.08
0.101955 4.50601 1.74963 3.72174 0.956193 0.14
0.396917 4.7673 2.51178 0.0717639 0.880438 0.14
0.994736 4.36124 3.39201 -3.7668 0.754554 0.2
1.00296 3.42575 -1.11837 -9.60196 -0.815654 0.12
0.978807 3.23168 -1.28766 -9.77025 -0.844718 0.02
0.951837 3.03642 -1.399 -9.71549 -0.858943 0.02
0.652434 1.59741 -1.67872 -4.20961 -0.916117 0.2
0.410974 1.3056 -2.39667 -0.690431 -0.913459 0.12
-0.0623002 1.52288 -3.47086 3.15247 -0.961104 0.16
-0.74378 2.32804 -4.04857 5.35371 -0.809942 0.18
-0.822841 2.43985 -3.85669 5.82618 0.767613 0.02
-1.02526 3.9413 0.341372 13.1094 0.50628 0.14
-0.979139 5.7566 0.560998 5.30115 0.914063 0.2
-0.974495 6.71378 -0.478928 5.903 -0.764033 0.18
-0.999484 7.28141 -0.0196375 5.68596 0.319287 0.1
-1.00098 7.51868 -0.0144427 6.14495 -0.674882 0.04
-1.00091 7.6438 0.0228548 6.36884 -0.242474 0.02
-0.870298 8.85315 1.69761 9.13342 0.680249 0.16
-0.633545 10.0203 1.40441 6.4273 -0.0338663 0.14
-0.532344 10.4726 0.683066 2.79558 -0.446789 0.1
