-0.00920803 2.2597 0.0613122 0.0752169 0 0
0.0162521 2.35044 0.578715 2.149 0.660325 0.08
0.0457913 2.4571 0.90072 3.17423 0.811675 0.04
0.103422 2.66883 1.01732 3.83074 0.0551315 0.06
0.341009 3.42617 1.83735 4.87983 0.632415 0.16
0.580238 3.90375 1.60172 1.90024 0.123176 0.14
0.808073 4.04858 2.20102 0.497377 0.864688 0.12
0.932004 4.03326 1.93099 -0.981722 -0.398346 0.06
1.01587 3.58122 -0.355454 -6.00675 -0.538861 0.12
0.994781 3.32717 -0.689556 -6.63937 -0.800434 0.04
0.778723 2.17686 -1.52124 -4.95815 -0.974905 0.18
0.382494 1.65953 -2.55171 -0.236015 -0.963968 0.2
0.0325782 1.78056 -3.26646 2.13833 -0.939628 0.12
-0.370595 2.15586 -3.42813 3.98943 -0.44193 0.12
-0.659914 2.48787 -3.81659 4.17882 -0.935794 0.08
-0.811803 2.66146 -3.78106 4.46961 -0.14803 0.04
-1.02602 2.9592 -2.77482 6.76419 0.62188 0.06
-1.05717 3.14981 -0.647947 11.5392 0.309715 0.02
-1.01148 4.78635 0.199164 9.14091 0.0778442 0.14
-0.904348 5.89695 1.23691 2.09996 0.840617 0.2
-0.817135 6.05666 0.938238 1.96048 -0.530244 0.08
-0.717956 6.41259 0.283336 2.72211 -0.50765 0.16
-0.761433 7.06424 -0.759134 5.41919 -0.830786 0.16
-0.871337 8.34222 -0.185775 7.62201 -0.140458 0.2
-0.875264 8.49592 -0.208321 7.73786 -0.939477 0.02
-0.891909 8.95943 -0.383938 7.54339 -0.936806 0.06
-0.959073 10.0251 -0.654566 4.82496 0.00786182 0.16
-1.0088 10.5338 0.113005 2.62774 -0.787632 0.14
