-0.0360625 1.86368 -0.0198971 -0.0629858 0 0
0.118349 2.37084 1.66485 5.08523 0.944356 0.2
0.230029 2.70795 2.05324 6.09074 0.486069 0.06
0.658325 3.7936 3.05702 6.23244 0.978739 0.16
1.03638 4.28938 -0.12298 -1.50151 -0.459785 0.18
0.890177 3.62504 -1.494 -5.6547 -0.679566 0.18
0.575813 2.63167 -2.23623 -5.70028 -0.686024 0.16
0.0477249 1.85457 -3.12053 -1.80685 -0.987874 0.2
-0.347445 1.80013 -3.47425 0.822245 -0.540352 0.12
-0.417666 1.82041 -3.54748 1.20245 -0.640732 0.02
-1.04081 2.20595 -3.42487 4.47604 -0.793268 0.16
-1.06864 2.76027 0.729488 11.2659 0.149704 0.06
-1.00767 3.4487 1.16517 11.2104 0.997001 0.06
-0.879526 4.5512 1.01305 7.0625 0.998956 0.12
-0.603151 5.30274 1.99256 0.564482 0.820667 0.2
-0.316116 5.17323 2.76498 -2.5857 0.765925 0.12
-0.208911 5.05968 2.59261 -3.09796 -0.555593 0.04
0.314278 4.22044 3.10892 -5.89799 0.75284 0.18
0.822659 3.23058 3.40256 -5.6088 0.552381 0.16
1.06011 2.49606 -0.224455 -12.0502 -0.151295 0.1
1.05199 2.25551 -0.516171 -11.8512 -0.975325 0.02
0.992077 0.974608 -0.469887 -6.5392 -0.897188 0.14
0.87244 0.224257 -0.950787 -2.20749 -0.265928 0.18
0.719999 0.0934556 -1.5759 -0.12761 -0.510936 0.12
0.527429 0.172156 -2.2703 1.66871 -0.753608 0.1
0.332295 0.343433 -2.60666 2.63499 -0.473 0.08
-0.0721764 0.820661 -2.44576 3.54752 0.112715 0.16
-0.348229 1.27978 -3.02072 5.51699 -0.974321 0.1
-1.00448 2.61169 -2.9321 8.29872 -0.970043 0.2
-1.01443 4.44398 0.220926 11.4559 -0.793353 0.14
-0.997683 5.92928 0.130897 5.67388 0.220404 0.18
-0.997383 6.46282 -0.118218 5.20351 -0.387149 0.1
-1.00176 7.1766 0.0211447 5.38691 -0.874199 0.14
-0.890728 8.43297 1.23016 7.6799 0.314442 0.2
-0.665578 9.49431 2.36325 9.39644 0.739474 0.12
-0.573642 9.84879 2.21208 8.24244 0.166807 0.04
-0.40333 10.484 0.751212 2.77392 -0.976109 0.12
