0.189344 2.52514 -0.0524566 -0.0282997 0 0
0.17767 2.53093 -0.336934 0.215337 -0.729798 0.06
0.0437225 2.62242 -1.15791 0.692842 -0.695301 0.18
-0.0342856 2.73758 -0.794775 2.12495 0.39187 0.08
-0.0723205 2.97552 -0.164631 3.71507 0.809351 0.08
-0.0320139 3.57286 0.656592 4.2545 0.822217 0.14
-0.0829972 3.74131 -1.15733 -1.97989 -0.997626 0.18
-0.107844 3.69644 -1.3276 -2.50343 -0.869462 0.02
-0.383488 3.11479 -2.06172 -4.25797 -0.478678 0.16
-0.470168 2.94161 -2.26521 -4.35476 -0.745477 0.04
-0.719068 2.52928 -2.68734 -3.67965 -0.81366 0.1
-0.883053 2.33962 -2.7828 -2.62818 -0.545021 0.06
-0.972741 2.84441 0.945149 5.59406 0.626146 0.2
-0.90283 3.20129 1.35847 6.15407 0.804522 0.06
-0.778461 3.68176 1.70848 5.61171 0.887077 0.08
-0.507816 4.28504 2.19255 2.86077 0.894909 0.14
0.0369129 4.43957 3.28714 -1.16878 0.920706 0.2
0.1034 4.4126 3.36119 -1.52493 0.662426 0.02
0.170328 4.37796 3.33102 -1.93619 -0.0470599 0.02
0.454495 4.18187 3.76776 -2.89425 0.969269 0.08
0.749924 3.89832 3.61061 -4.13731 0.0389245 0.08
1.05159 2.84213 -0.5236 -12.9131 -0.150431 0.14
0.983778 1.01586 -0.46 -5.37509 -0.982709 0.2
0.733236 0.636452 -2.1199 1.29267 -0.917385 0.2
0.689365 0.66746 -2.26644 1.80452 -0.79424 0.02
0.321173 1.12375 -2.92635 4.57663 -0.642956 0.14
0.201847 1.31998 -3.0323 5.22435 -0.660041 0.04
-0.318651 2.32263 -3.42565 6.94258 -0.938834 0.16
-1.03157 3.34552 -3.85439 5.34001 -0.959702 0.18
-1.07527 3.52567 -0.937459 11.6093 0.865892 0.02
-1.06944 4.0535 0.672627 13.4371 0.257897 0.04
-1.0011 6.01227 0.105561 7.03843 0.0541916 0.2
-1.0008 7.06458 0.00531173 6.50672 -0.94323 0.16
-1.00035 7.19548 0.0410362 6.58885 -0.176079 0.02
-0.844841 8.66633 1.648 8.82945 0.391561 0.2
-0.525491 10.0039 2.51382 8.77765 0.812052 0.14
-0.0784834 11.0741 2.23098 2.30881 0.372257 0.2
