-0.111506 0.474118 -0.0573925 0.0736454 0 0
-0.133894 0.5493 -0.495297 1.76885 -0.522006 0.08
-0.166557 0.70948 -0.321276 2.27159 0.346683 0.08
-0.108707 1.25237 0.912981 3.52492 0.840881 0.2
0.0229066 1.90413 1.03924 5.73554 -0.174441 0.14
0.0456802 2.02302 1.24009 6.15856 0.851323 0.02
0.0711443 2.14903 1.30688 6.43944 -0.117131 0.02
0.0977428 2.28014 1.35265 6.66585 -0.262415 0.02
0.190626 2.70819 1.7302 7.52182 0.309187 0.06
0.352633 3.33969 2.2295 7.86916 0.752258 0.08
0.575958 4.0196 2.21579 5.52558 0.618152 0.1
0.658882 4.21092 1.94249 4.07303 -0.381237 0.04
0.970985 4.55044 2.56801 0.804211 0.853416 0.14
0.959816 4.16901 -1.19811 -4.39464 -0.86353 0.18
0.547088 2.89423 -2.74844 -7.22683 -0.782339 0.2
0.491309 2.75153 -2.82573 -7.0242 -0.954879 0.02
-0.122362 1.77777 -3.41369 -2.45835 -0.891654 0.2
-0.927823 1.74417 -4.64975 1.89806 -0.986968 0.2
-0.941318 2.86837 1.78462 8.85076 0.944512 0.18
-0.506726 4.41332 2.33543 5.19746 0.930382 0.2
-0.0269426 4.88556 3.11452 0.159326 0.772998 0.18
0.301601 4.78455 3.44338 -2.10639 0.476908 0.1
0.565158 4.55492 3.12807 -3.62917 -0.399569 0.08
0.963979 4.02619 3.50201 -4.98135 0.796041 0.12
1.0411 3.02933 -0.688146 -12.2458 -0.793941 0.1
0.976956 1.80589 -0.346733 -7.89402 -0.860877 0.12
0.888321 0.982778 -0.989627 -2.44207 -0.874922 0.16
0.707197 0.926823 -2.02945 1.38772 -0.988852 0.12
0.52484 1.116 -2.50916 3.27597 -0.77082 0.08
-0.0740783 2.12417 -3.33582 6.28866 -0.970495 0.2
-0.497144 2.8779 -3.81694 5.73151 -0.881333 0.12
-0.827808 3.2591 -4.47845 3.6512 -0.874717 0.08
-1.06203 3.53869 -1.11824 10.5484 -0.976684 0.06
-1.06997 3.77453 0.119316 12.5296 0.469289 0.02
-1.06225 4.02764 0.557001 12.5702 0.971687 0.02
-0.950993 5.77318 0.935403 4.9489 0.938869 0.2
-0.793437 6.59304 0.624139 3.96311 -0.255433 0.2
-0.719612 7.59824 0.246581 6.20211 -0.429181 0.2
-0.688105 8.43158 0.322058 7.61452 -0.608218 0.12
-0.6795 8.58817 0.539241 8.04679 0.653995 0.02
-0.648244 8.92879 1.01809 8.96207 0.808623 0.04
-0.604973 9.28799 1.11503 8.88128 0.0233298 0.04
-0.58192 9.46488 1.18234 8.77575 0.51716 0.02
-0.55738 9.6392 1.26416 8.62582 0.84993 0.02
-0.333328 10.7999 1.11248 2.93435 0.479727 0.2
