-0.0522786 1.01718 0.0716348 -0.0288484 0 0
-0.137963 1.4853 -0.813555 4.35703 -0.610188 0.2
-0.225025 2.24959 -0.36831 6.52766 -0.0198779 0.14
-0.23181 2.38242 -0.310963 6.74806 -0.177245 0.02
-0.210028 3.16035 0.658456 8.40119 0.876876 0.1
-0.180667 3.49028 0.785265 7.98969 0.789975 0.04
-0.00321451 4.55437 1.27724 3.54685 0.968477 0.18
0.145525 4.77368 1.72708 0.87287 0.748222 0.1
0.496296 4.61251 2.62697 -2.67564 0.846373 0.16
1.05165 3.74564 0.631916 -9.41733 0.729939 0.2
1.04702 3.31211 -0.489441 -11.4456 -0.681626 0.04
1.0221 2.85613 -0.695588 -11.1406 -0.957725 0.04
0.895079 1.29778 -0.849706 -4.39073 -0.988464 0.2
0.746685 1.00591 -1.67454 -0.522495 -0.886787 0.12
0.631282 1.02897 -2.1682 1.25626 -0.971039 0.06
0.498247 1.13973 -2.25936 2.41797 -0.151486 0.06
0.296388 1.40516 -2.76077 4.13602 -0.983629 0.08
0.240653 1.4913 -2.81114 4.47541 -0.628769 0.02
-0.320746 2.49179 -3.41434 6.0534 -0.933198 0.18
-0.942892 3.27749 -4.50726 3.03128 -0.849713 0.16
-1.04069 4.47783 0.613398 11.082 0.0705615 0.12
-1.02967 4.69088 0.486925 10.2351 0.169627 0.02
-1.0052 5.54419 0.0909733 7.09061 -0.613485 0.1
-0.937587 6.23024 0.937782 3.00065 0.634741 0.14
-0.741335 6.57582 1.47993 1.67784 0.369817 0.16
-0.563017 6.92622 1.0819 3.37957 -0.279476 0.14
-0.429215 7.94619 0.448531 6.57762 -0.690435 0.2
-0.290685 9.4428 0.692142 7.1603 -0.299058 0.2
-0.275695 9.58609 0.801939 7.14556 0.872991 0.02
-0.261055 9.72251 0.660083 6.48702 -0.382416 0.02
-0.150271 10.4908 0.761131 2.94894 0.53579 0.16
