-0.0609232 2.41052 0.0129071 -0.0439378 0 0
0.0555666 2.80946 1.28891 4.15608 0.698194 0.18
0.142202 3.07765 1.58521 4.68746 0.53874 0.06
0.560585 3.97599 2.4823 3.35551 0.841597 0.2
0.942524 4.13634 1.80951 -1.30855 -0.27249 0.18
1.01354 4.06869 1.43066 -2.50496 -0.0394823 0.04
1.00504 3.53793 -0.719812 -6.6648 -0.832247 0.1
0.98879 3.40107 -0.902458 -7.00597 -0.857248 0.02
0.829048 2.53015 -1.59779 -6.71863 -0.997367 0.12
0.457338 1.67273 -2.26871 -1.77484 -0.889936 0.2
0.0258191 1.68848 -3.12264 1.80915 -0.827867 0.16
-0.0361436 1.72882 -3.07282 2.2238 0.224262 0.02
-0.297647 1.95743 -3.45361 3.42003 -0.887103 0.08
-0.566483 2.28527 -3.2551 4.73118 -0.0107423 0.08
-0.693297 2.48707 -3.08542 5.33871 0.159088 0.04
-1.06818 3.38794 0.278008 12.8388 -0.938104 0.14
-0.993577 5.21763 0.377965 6.7358 0.957144 0.18
-0.990142 6.14912 -0.260568 4.25417 -0.430548 0.18
-0.985249 6.8029 0.255108 2.98356 0.246936 0.2
-0.979914 6.93786 0.0161657 3.75708 -0.711141 0.04
-1.00702 7.41087 -0.177635 5.24446 -0.926755 0.1
-0.925932 8.53861 1.12895 7.71061 0.402762 0.18
-0.87846 8.85388 1.23396 8.00241 -0.29308 0.04
-0.829557 9.17094 1.18839 7.75605 -0.433713 0.04
-0.760455 9.91772 -0.248573 2.66956 -0.923473 0.14
