-0.191056 -2.4317 -0.0660871 -0.0993377 0 0
-0.222131 -2.69122 -0.271685 -2.51033 0.0128147 0.18
-0.313152 -3.29821 -0.555475 -2.88437 -0.164304 0.2
-0.399211 -3.60295 -1.141 -3.01587 -0.868673 0.1
-0.472533 -3.68 0.189519 1.7923 0.796778 0.16
-0.445301 -3.52597 0.718335 3.29983 0.894409 0.06
-0.363577 -3.20536 1.30724 4.56648 0.789625 0.08
-0.0270342 -2.36096 2.30793 3.90967 0.960414 0.18
0.415114 -2.00052 2.66248 0.175212 0.526959 0.18
0.847365 -2.11417 3.50785 -1.67035 0.993544 0.14
1.03618 -2.27406 1.29486 -5.7871 -0.0559376 0.06
1.04572 -2.57931 -0.328388 -8.6789 0.444366 0.04
1.00564 -3.13359 -0.944917 -9.55651 -0.933987 0.06
0.872594 -4.16309 -1.15493 -6.99361 -0.983152 0.12
0.646915 -4.89847 -1.83077 -2.20807 -0.992215 0.16
0.270433 -4.89833 -2.86973 2.02194 -0.882238 0.16
-0.363893 -4.13462 -3.36676 5.22967 -0.625067 0.2
-0.630663 -3.68515 -3.31568 5.87537 -0.340297 0.08
-0.878639 -3.18196 -2.92881 6.46196 0.400187 0.08
-1.03275 -2.09972 0.384733 10.7893 0.547524 0.12
-1.02529 -1.89178 0.350153 9.99371 -0.981715 0.02
-1.00573 -1.21455 0.186096 7.03557 0.598001 0.08
-1.0004 -0.280575 -0.000419206 2.91904 -0.442792 0.2
-0.908045 -0.077206 0.995779 -0.306951 0.543737 0.18
-0.857465 -0.0768365 0.69182 0.305618 -0.567514 0.06
-0.830824 -0.0638956 0.640029 0.343496 -0.164773 0.04
-0.801438 -0.060507 0.828385 -0.165838 0.495014 0.04
-0.720478 -0.0468017 0.522957 0.378484 -0.291201 0.12
-0.672942 -0.00462184 0.42608 0.482742 -0.118607 0.1
-0.646509 0.0212221 0.453995 0.388786 0.0480069 0.06
-0.623645 0.0257768 0.688147 -0.151994 0.6455 0.04
-0.5977 0.0240612 0.609495 0.0626705 -0.196306 0.04
-0.54881 0.030449 0.612584 0.0986363 0.0182375 0.08
-0.432161 0.0449113 0.681841 0.0770521 0.0598158 0.18
-0.219039 -0.168917 1.97625 -2.74386 0.916424 0.16
0.195123 -0.850452 3.11402 -5.70365 0.946539 0.16
0.583391 -1.62768 3.27875 -7.21331 0.739 0.12
1.03946 -2.97793 0.642899 -13.2355 0.412218 0.16
1.0384 -3.55201 -0.356636 -14.5547 -0.621625 0.04
1.0064 -5.01256 -0.108945 -9.69397 -0.447248 0.12
0.988706 -6.40111 -0.227548 -5.01369 -0.115527 0.2
0.946578 -6.74125 -0.808002 -3.6821 -0.736867 0.08
0.761822 -7.46744 -1.27371 -4.73285 -0.25726 0.18
0.676825 -7.77144 -1.57098 -5.4344 -0.397043 0.06
0.405972 -9.0515 -1.0595 -6.43564 0.825995 0.2
0.364096 -9.30481 -1.01989 -6.16022 0.177642 0.04
0.320859 -9.54978 -1.12873 -6.01999 -0.452006 0.04
0.300535 -9.66225 -0.90289 -5.22312 0.949126 0.02
0.11777 -10.3473 -1.13946 -2.13053 -0.507534 0.18
