-0.182497 1.14166 0.07558 -0.0486729 0 0
-0.0643276 1.36682 1.2636 2.55754 0.995285 0.18
0.0532649 1.62523 1.69391 3.92048 0.650278 0.08
0.193276 1.99179 1.82673 5.21868 -0.0973768 0.08
0.365157 2.4752 2.48626 6.86067 0.603725 0.08
0.663072 3.25177 3.36438 8.18045 0.886431 0.1
1.0314 3.9503 -0.475386 -2.04525 -0.204803 0.2
0.941343 3.41648 -0.494017 -3.4332 0.134632 0.18
0.93006 3.34456 -0.633415 -3.75108 -0.731986 0.02
0.82484 2.89743 -1.42217 -4.86946 -0.985219 0.1
0.484665 2.15168 -2.32448 -2.86966 -0.993608 0.18
0.115501 1.93685 -2.97475 -0.226093 -0.848599 0.14
-0.372136 2.1486 -3.1008 2.69931 -0.286426 0.16
-0.668046 2.50372 -2.80827 4.30939 0.0973315 0.1
-1.04714 3.38279 0.123786 10.8422 -0.344099 0.16
-1.04139 3.60207 0.389179 10.9234 0.247487 0.02
-0.977205 5.01589 0.517731 4.72617 0.942646 0.18
-0.873042 5.34728 1.27575 0.847259 0.801106 0.12
-0.539711 5.06807 2.3534 -3.64041 0.730873 0.18
-0.115516 4.26956 2.85485 -6.06601 0.829941 0.16
0.378413 3.28677 3.48607 -5.30373 0.839661 0.16
1.08555 2.45053 -0.329157 -10.901 0.78797 0.2
1.07385 2.23037 -0.740772 -10.9102 -0.965506 0.02
0.906583 0.789001 -1.31584 -3.5273 -0.995297 0.2
0.537423 0.677215 -2.7815 1.98778 -0.857888 0.18
0.356686 0.841865 -3.23046 3.46262 -0.916857 0.06
0.151583 1.08805 -3.58845 4.70352 -0.919331 0.06
0.00445608 1.29037 -3.75923 5.3959 -0.90212 0.04
-0.457147 2.03715 -3.88302 6.94011 -0.751068 0.12
-0.532613 2.1803 -3.66184 7.37992 0.735231 0.02
-1.02306 3.2659 -1.53217 11.9359 -0.457763 0.14
-1.00182 5.66864 0.180813 8.5865 0.724065 0.2
-0.869371 6.60054 1.53469 3.66285 0.894558 0.16
-0.647073 6.99305 2.1485 3.14494 0.616864 0.12
-0.395091 7.30654 2.88526 3.27863 0.980383 0.1
0.34191 8.16983 4.59131 5.84974 0.999318 0.2
0.434102 8.28958 4.62882 6.1233 -0.248333 0.02
1.05614 9.14886 1.65066 -0.0947114 -0.463583 0.14
