0.195908 3.0061 -0.0724547 0.0620502 0 0
0.319951 3.33509 1.38887 3.06088 0.929489 0.18
0.618872 3.78712 1.90832 1.65044 0.567435 0.18
0.687738 3.826 1.53836 0.313385 -0.912864 0.04
0.881437 3.77614 1.69343 -1.07215 0.336407 0.12
0.993134 3.71039 2.03138 -1.09831 0.840381 0.06
1.02232 3.6634 0.741994 -3.88799 -0.943183 0.02
1.02711 3.45325 -0.221505 -5.99418 -0.90126 0.04
0.963548 2.79751 -0.952333 -6.62128 -0.974408 0.1
0.737351 1.89403 -1.60185 -3.04956 -0.958746 0.18
0.511385 1.69835 -2.19142 -0.253308 -0.837532 0.12
-0.0273184 2.03038 -3.14828 3.22191 -0.819751 0.2
-0.72811 2.7942 -3.92863 3.65863 -0.741237 0.2
-1.02392 4.28035 0.358522 10.6585 -0.516074 0.18
-1.01751 4.48513 0.281527 9.82429 -0.00605603 0.02
-0.955237 5.57791 0.837135 3.86894 0.972228 0.16
-0.764759 5.87371 1.5523 0.0915129 0.388907 0.16
-0.578325 5.94215 0.517888 0.697455 -0.765775 0.18
-0.539304 6.05008 -0.0374047 0.737016 -0.489075 0.16
-0.538404 6.05975 0.126976 0.234128 0.818375 0.02
-0.534491 6.07589 -0.0297777 0.177013 -0.290221 0.08
-0.638859 6.2701 -1.27918 2.30176 -0.929399 0.16
-0.728758 6.43363 -1.7177 3.17168 -0.857579 0.06
-1.00228 6.96569 -1.79706 3.87101 -0.439313 0.14
-0.948952 7.22541 1.03776 1.65725 0.997838 0.18
-0.929728 7.26389 0.885855 2.18618 -0.900906 0.02
-0.846148 7.56847 0.812967 3.87537 -0.114839 0.1
-0.753914 8.39198 0.42262 6.15116 -0.73334 0.16
-0.718087 9.02912 0.240089 6.2729 -0.644279 0.1
-0.775676 9.73188 -1.04277 2.07114 -0.801218 0.16
-0.833538 9.84654 -0.888377 1.72368 0.457176 0.06
