-0.00757741 1.40643 -0.0438984 0.0248158 0 0
0.0804552 1.81185 1.00323 3.98969 0.683448 0.2
0.191597 2.29174 1.24112 5.54294 -0.0457684 0.1
0.268314 2.63964 1.3046 5.96709 -0.220001 0.06
0.468816 3.42019 1.91141 6.40158 0.628744 0.12
0.646119 3.93303 1.64554 3.80502 0.14838 0.1
0.827541 4.17428 0.997141 -0.162919 -0.361476 0.14
1.02967 3.96485 0.310049 -4.09796 0.810545 0.16
1.01701 3.65132 -0.538202 -5.99103 -0.869462 0.06
1.00462 3.5279 -0.699674 -6.34077 -0.688748 0.02
0.920332 2.97499 -1.34202 -7.15677 -0.941871 0.08
0.666177 2.02721 -1.80907 -4.1945 -0.911629 0.16
0.264483 1.66211 -2.72923 0.0716919 -0.906251 0.18
0.0536773 1.7407 -2.53443 1.85939 0.265291 0.08
-0.0521704 1.82862 -2.75537 2.52016 -0.938304 0.04
-0.157396 1.94716 -2.50116 3.40617 0.65962 0.04
-0.315954 2.17006 -2.7823 3.97031 -0.939195 0.06
-0.686202 2.65933 -3.4254 3.86599 -0.943096 0.12
-0.821993 2.81924 -3.36812 4.09704 0.00217377 0.04
-1.02676 3.05707 -2.82865 5.27597 -0.240397 0.06
-1.01164 4.68551 0.204096 8.03403 -0.0761148 0.16
-1.00283 5.22039 0.0497027 5.44867 -0.229225 0.08
-1.00043 5.79633 0.00110697 2.12699 -0.482318 0.16
-0.990661 5.98256 0.0779004 0.0180639 -0.0814204 0.2
-0.989774 5.98307 0.0109044 0.0322477 -0.469296 0.02
-0.99001 5.98336 -0.0345479 -0.00214296 -0.349698 0.02
