0.121206 -2.81859 0.0416395 -0.0537607 0 0
0.120451 -2.82467 -0.116781 -0.550864 -0.787946 0.02
0.153401 -2.87401 0.529036 -0.0536182 0.536798 0.16
0.175441 -2.9411 0.0275524 -1.56076 -0.623714 0.08
0.292895 -2.99366 1.26478 0.865227 0.796267 0.18
0.418725 -2.88617 1.87113 1.74177 0.948921 0.08
0.748812 -2.59944 2.81308 2.08483 0.976625 0.14
1.01497 -3.01589 -0.488225 -6.1938 -0.620014 0.2
1.00394 -3.14114 -0.611142 -6.31314 -0.761142 0.02
0.864811 -3.98272 -1.27425 -5.0371 -0.997575 0.14
0.703555 -4.40751 -1.4649 -2.07484 -0.576025 0.12
0.491266 -4.36949 -0.893875 2.28683 0.32838 0.18
0.455378 -4.264 -0.897753 2.97616 -0.214585 0.04
0.437663 -4.20105 -0.87301 3.31629 -0.076189 0.02
0.370165 -3.66462 -0.234519 5.50242 0.371569 0.12
0.401854 -2.89669 0.646264 6.67674 0.845246 0.12
0.569679 -1.95967 1.23161 3.28666 0.902028 0.18
0.834287 -1.72506 2.1171 -0.28776 0.926993 0.16
0.913886 -1.75619 1.86157 -1.2611 -0.826381 0.04
1.02391 -2.03145 -0.155919 -4.52544 0.269061 0.1
0.894616 -2.91049 -1.70636 -7.89292 -0.999809 0.14
0.740014 -3.54459 -2.06564 -7.54857 -0.796691 0.08
0.280486 -4.58937 -2.65794 -2.65999 -0.933037 0.2
-0.0752504 -4.72534 -3.29124 0.330446 -0.825419 0.12
-0.682902 -4.41333 -4.2599 3.30905 -0.995249 0.16
-1.07824 -3.9555 -0.877566 9.62606 -0.850909 0.1
-1.07026 -3.49574 0.724981 12.375 0.167982 0.04
-1.05357 -3.24602 0.925847 12.5393 0.815778 0.02
-0.878551 -1.33956 0.861137 5.91944 0.978673 0.2
-0.621336 -0.788492 1.85386 -0.189575 0.613508 0.2
-0.58299 -0.797619 1.98024 -0.719714 0.652584 0.02
-0.102205 -1.34742 3.22844 -4.98941 0.969981 0.18
0.238811 -1.92045 3.55479 -6.35117 0.98302 0.1
0.909784 -3.09776 4.1303 -5.52775 0.768969 0.18
1.02181 -4.91929 -0.354195 -11.0495 0.554714 0.16
0.999397 -5.68898 -0.342544 -8.21376 -0.803886 0.08
0.993281 -6.17151 0.114366 -7.95662 0.818439 0.06
1.00187 -7.35161 -0.0297435 -7.38696 0.701677 0.16
0.988821 -8.30709 -0.246818 -8.58248 0.634726 0.12
0.953819 -8.85768 -0.912011 -9.76066 -0.496928 0.06
0.877524 -9.47575 -1.54323 -10.5319 -0.957471 0.06
0.847119 -9.68138 -1.48726 -9.99504 -0.236515 0.02
0.706178 -10.8627 -0.193767 -2.49589 0.233458 0.2
