-0.181091 -1.79232 -0.0576165 -0.0699753 0 0
-0.141401 -2.03957 0.527467 -2.81691 0.641167 0.16
-0.131754 -2.1001 0.436248 -3.23395 -0.384114 0.02
-0.128224 -2.44285 -0.370184 -5.33899 -0.992627 0.08
-0.14722 -2.66826 -0.576349 -5.89991 -0.31521 0.04
-0.266099 -3.45081 -1.277 -6.48726 -0.731457 0.12
-0.465088 -4.18364 -1.57283 -3.73452 -0.76722 0.14
-0.723931 -4.48678 -2.16856 -0.626909 -0.811206 0.14
-0.814848 -4.49532 -2.37773 0.191778 -0.838721 0.04
-1.00045 -3.84695 0.640357 6.13735 0.583359 0.2
-0.913455 -3.28092 1.50121 7.82352 0.988237 0.08
-0.847694 -2.96407 1.76202 7.90942 0.937933 0.04
-0.531894 -1.93285 2.17492 4.50818 0.957737 0.16
-0.180158 -1.55831 2.91646 0.867736 0.951678 0.14
-0.0583159 -1.5433 3.17625 -0.108319 0.954861 0.04
0.44266 -1.76821 3.9486 -2.92552 0.885818 0.14
0.8625 -2.12686 4.43543 -4.11023 0.973344 0.1
0.952014 -2.21057 4.51608 -4.25359 0.893856 0.02
1.08416 -2.4677 0.821023 -10.7005 0.735818 0.04
1.08642 -2.70823 -0.386698 -12.9648 0.28261 0.02
1.05617 -3.24748 -0.937418 -13.5002 -0.996534 0.04
0.926481 -5.17687 -0.659169 -5.84064 -0.984707 0.2
0.908395 -5.99226 0.414445 -3.88973 0.762008 0.18
0.989908 -6.42334 1.21861 -4.88859 0.995633 0.1
0.928162 -6.76712 -1.08806 -0.740701 -0.905908 0.2
0.757867 -6.84754 -1.74401 -0.657707 -0.78474 0.12
0.553381 -7.34968 -0.63086 -4.65455 0.735559 0.18
0.420313 -8.40606 -0.970733 -7.09651 0.20911 0.18
0.363587 -8.84053 -0.898542 -7.26762 0.736517 0.06
0.267517 -9.55951 -0.908712 -6.60279 0.0476408 0.1
0.167923 -10.2478 -0.524719 -3.10521 -0.0789442 0.14
