0.112047 -2.95544 0.0806369 -0.0546672 0 0
0.148353 -2.93287 0.5201 0.394465 0.473673 0.12
0.234636 -2.87371 0.912633 0.545042 0.458535 0.12
0.484145 -2.77108 1.57117 0.378981 0.49665 0.2
0.619448 -2.74895 1.81091 0.170571 0.481941 0.08
0.732809 -2.82976 1.02788 -2.11595 -0.989039 0.08
0.753342 -2.87282 1.02583 -2.18549 0.0639864 0.02
0.789664 -2.97249 0.792674 -2.7726 -0.595694 0.04
0.82661 -3.40992 -0.124247 -4.13725 -0.937073 0.12
0.818806 -3.57064 -0.261817 -3.8657 -0.668132 0.04
0.780143 -3.85944 -0.695807 -3.2471 -0.977866 0.08
0.682406 -4.06825 -0.434236 0.740777 -0.0335502 0.18
0.536273 -3.79079 -1.19578 2.06638 -0.712069 0.18
0.486418 -3.70398 -1.29816 2.2566 -0.475528 0.04
0.386339 -3.27863 -0.387605 4.58404 0.756265 0.12
0.409567 -2.48673 0.550945 4.48529 0.932265 0.16
0.438498 -2.14557 -0.117449 0.0165309 -0.271122 0.16
0.339834 -2.46869 -1.14962 -3.90874 -0.648955 0.16
0.179915 -2.97194 -2.03146 -5.95785 -0.864941 0.1
-0.308935 -4.0624 -2.70788 -3.86549 -0.767697 0.2
-0.525782 -4.29187 -2.73328 -1.89979 -0.360051 0.08
-0.731824 -4.35702 -2.42665 0.217301 0.366279 0.08
-1.04246 -4.19912 -1.03897 4.17709 -0.851209 0.12
-1.00046 -3.54092 1.11918 7.95548 0.981056 0.1
-0.682814 -2.05346 1.75323 5.29451 0.828594 0.2
-0.370306 -1.5577 2.25656 0.985207 0.696193 0.16
0.0055913 -1.65006 3.09765 -2.15385 0.903162 0.14
0.329363 -1.95308 3.35555 -3.81675 0.585413 0.1
0.526935 -2.21164 3.22282 -4.77733 0.0666327 0.06
1.05052 -3.5642 -0.4571 -13.123 0.787115 0.2
0.987605 -5.43363 -0.416001 -5.59658 -0.874742 0.2
0.834331 -5.97441 -1.34068 -0.768136 -0.502888 0.18
0.723787 -6.23661 -0.0272693 -2.64623 0.993132 0.16
0.675917 -6.48219 -0.629918 -1.11874 -0.457659 0.14
0.616512 -6.5621 -0.850932 -0.918971 -0.363915 0.08
0.546374 -6.92429 -0.0556624 -3.58567 0.524421 0.16
0.546557 -7.16216 0.0529283 -4.34915 0.282987 0.06
0.580683 -7.92368 0.339386 -6.43176 0.632946 0.14
0.560254 -9.44489 -0.339378 -7.7514 0.0499695 0.2
0.552779 -9.59872 -0.402639 -7.607 -0.64445 0.02
0.50733 -10.4988 -0.198875 -3.48006 -0.355679 0.16
