0.111438 1.31725 0.0292033 -0.00670753 0 0
0.179961 1.55638 0.862447 2.95807 0.753658 0.16
0.352646 2.25746 1.37329 5.73744 0.13 0.16
0.598768 3.18538 2.01946 6.85307 0.342705 0.14
0.848121 3.90772 1.12767 2.14875 -0.29609 0.16
0.984318 4.05996 1.60151 0.878138 0.841079 0.1
0.995217 3.78574 -0.694126 -4.25186 -0.99022 0.12
0.848917 3.12947 -1.68939 -6.28928 -0.845785 0.12
0.813752 3.0027 -1.82328 -6.36732 -0.962617 0.02
0.367247 1.97764 -2.6157 -3.18217 -0.960044 0.2
-0.256454 1.7834 -3.6637 1.09322 -0.891453 0.2
-0.917569 2.41818 -2.85893 5.08003 0.280219 0.2
-1.00694 4.08702 0.118622 8.52248 0.458243 0.18
-0.939767 5.12771 0.875457 1.95296 0.968843 0.2
-0.71133 5.0703 1.95737 -2.44918 0.830893 0.16
-0.395202 4.53576 2.48582 -4.99254 0.744687 0.14
-0.0755776 3.86494 2.8477 -5.90936 0.893451 0.12
0.454343 3.07228 3.92806 -3.21885 0.888841 0.16
1.07964 2.65127 0.0858733 -10.3418 0.912398 0.16
1.07347 2.43436 -0.57051 -11.0396 -0.859643 0.02
0.929055 0.916912 -1.10558 -3.95335 -0.997233 0.2
0.671338 0.678979 -2.14184 0.77672 -0.667921 0.16
0.48066 0.817654 -2.6115 2.64037 -0.644433 0.08
0.0539279 1.40046 -3.38855 5.46381 -0.918177 0.14
-0.145813 1.75309 -3.25469 6.29555 -0.220209 0.06
-0.211348 1.88126 -3.29805 6.5157 -0.96679 0.02
-0.84312 3.08059 -3.96187 5.56914 -0.853549 0.18
-1.04705 4.23602 0.566655 12.6416 0.64364 0.12
-1.02683 4.70679 0.41407 10.9067 -0.857727 0.04
-0.929238 6.06415 1.13452 4.24835 0.91498 0.18
-0.883485 6.22487 1.15217 3.81906 -0.0485316 0.04
-0.766614 6.58103 1.17503 3.47458 -0.0279972 0.1
-0.673407 7.52097 0.0396324 6.72107 -0.990578 0.18
-0.618199 8.74326 0.703334 8.58482 -0.216013 0.16
-0.520328 9.63041 1.07648 8.46756 0.307665 0.1
-0.45591 10.4809 -0.147 2.48777 -0.442487 0.16
