-0.0750023 -0.702901 0.0547599 -0.0403379 0 0
-0.0478524 -0.816724 0.47439 -2.17403 0.389187 0.1
-0.0346528 -1.26629 -0.332405 -3.62196 -0.684613 0.16
-0.0482599 -1.42411 -0.353462 -4.26611 0.0905231 0.04
-0.0982974 -2.17009 -0.420744 -6.27348 0.36405 0.14
-0.143256 -2.5893 -1.08247 -7.69007 -0.850078 0.06
-0.286634 -3.40311 -1.63833 -7.96258 -0.640669 0.1
-0.453091 -4.0899 -1.67737 -5.58559 -0.723294 0.1
-0.713834 -4.61522 -2.13211 -1.94141 -0.806093 0.14
-1.03144 -4.56166 0.0645987 2.6484 0.00598396 0.18
-0.91881 -3.85903 1.35615 6.14463 0.701347 0.16
-0.890589 -3.7332 1.46506 6.43076 0.274638 0.02
-0.741318 -3.1563 2.2132 7.72344 0.92112 0.08
-0.695836 -3.00162 2.32911 7.71788 0.913048 0.02
-0.59909 -2.69904 2.49007 7.32368 0.977758 0.04
-0.113462 -1.78 2.52261 1.94395 0.503757 0.2
0.515095 -1.82412 3.75691 -2.13458 0.98364 0.2
1.06192 -2.69589 -0.487673 -11.3045 0.746975 0.18
1.04962 -2.92561 -0.724656 -11.6156 -0.826462 0.02
1.03333 -3.15902 -0.888433 -11.671 -0.93997 0.02
0.881245 -4.7795 -0.840022 -5.88688 -0.953476 0.18
0.774957 -5.20249 -1.3569 -2.58087 -0.872126 0.1
0.622209 -5.32596 -1.70825 0.0420444 -0.337004 0.1
0.331403 -5.07961 -2.39968 3.30729 -0.606527 0.14
0.283395 -5.01015 -2.39993 3.6374 -0.114567 0.02
0.130142 -4.75775 -2.69283 4.73305 -0.933789 0.06
0.0194533 -4.55628 -2.83581 5.32179 -0.92249 0.04
-0.546912 -3.49549 -3.56647 5.56522 -0.970716 0.18
-0.96064 -2.83879 -3.41682 4.8935 0.212054 0.12
-1.06063 -2.57742 -0.642897 10.0463 0.121729 0.04
-1.06296 -2.36235 0.254998 11.1042 0.770329 0.02
-1.00857 -1.11154 0.149694 6.54833 -0.717299 0.14
-0.922777 -0.426991 0.92939 1.32875 0.486186 0.18
-0.792761 -0.42503 1.66192 -1.20121 0.723403 0.1
-0.593533 -0.653489 2.30315 -3.31852 0.711576 0.1
-0.33896 -1.07665 2.74659 -5.0848 0.692638 0.1
0.140554 -2.0788 3.14376 -7.18642 0.927392 0.16
0.857264 -3.35353 4.38161 -3.91149 0.94712 0.2
0.946646 -3.42541 4.55623 -3.27612 0.796534 0.02
1.08305 -3.88966 -0.327752 -12.3747 -0.0329682 0.06
1.07162 -4.13766 -0.718711 -12.2356 -0.954338 0.02
1.01864 -4.98888 -0.556397 -9.05363 -0.998739 0.08
0.866581 -6.16138 -1.25995 -3.05757 -0.553747 0.2
0.759076 -6.37207 -1.41933 -2.31095 -0.164326 0.08
0.444165 -6.79921 -1.69814 -2.35329 -0.196772 0.2
0.270265 -7.33563 -0.865035 -5.16087 0.785652 0.14
-0.0400847 -8.5904 -2.38706 -7.91443 -0.527376 0.2
-0.312597 -9.44018 -2.93476 -8.56367 -0.333243 0.1
-0.68876 -10.3448 -1.346 -1.75645 0.631428 0.18
