0.126918 2.45569 0.0630352 -0.0658042 0 0
0.127355 2.45582 -0.0194389 0.0775238 -0.671864 0.02
0.207753 2.77563 1.02659 3.66689 0.632251 0.16
0.436918 3.468 1.7351 4.29387 0.589831 0.16
0.576885 3.64783 -0.117446 -1.91079 -0.998172 0.18
0.553157 3.48595 -0.673024 -3.43989 -0.946536 0.06
0.497874 3.2453 -1.16012 -4.49796 -0.868986 0.06
0.229261 2.47694 -2.07964 -4.31627 -0.938083 0.16
-0.265771 1.96368 -2.93052 -0.72294 -0.863387 0.2
-0.812118 2.05144 -3.894 1.66611 -0.992915 0.16
-1.05456 2.67707 0.610913 9.71314 0.872012 0.12
-0.999399 3.28335 1.13468 10.1555 0.926354 0.06
-0.75926 4.76668 1.39513 4.30432 0.954244 0.2
-0.402988 5.05095 2.24019 -1.23203 0.575019 0.2
0.0269953 4.57398 3.0515 -4.45157 0.846436 0.16
0.548337 3.72642 3.47923 -5.66124 0.792507 0.16
0.891674 3.15304 3.45294 -5.45389 0.105115 0.1
1.0571 2.74972 0.627236 -11.091 -0.554359 0.06
1.05956 2.51222 -0.232212 -12.2871 -0.382109 0.02
1.01461 1.42679 -0.351969 -8.90684 -0.98419 0.1
0.878766 0.344437 -1.33836 -2.10714 -0.765828 0.2
0.610481 0.0832739 -1.31736 -0.829902 0.0864512 0.2
0.285504 0.24056 -2.72624 2.68738 -0.965904 0.16
0.16958 0.36514 -3.0672 3.53962 -0.994369 0.04
0.0435914 0.516672 -3.22972 4.04327 -0.536947 0.04
-0.539609 1.38171 -3.921 6.60412 -0.864588 0.16
-1.05348 3.01684 0.427638 15.0126 -0.460701 0.18
-1.04341 3.31595 0.535521 14.7708 0.802025 0.02
-1.01223 4.36655 0.214749 11.3491 0.889775 0.08
-0.998945 5.58198 0.127434 6.31709 0.505608 0.14
-1.0009 6.57474 0.00791681 4.18037 -0.705803 0.2
-1.00073 6.65844 0.00835771 4.19725 -0.206395 0.02
-0.999729 6.91552 0.0265009 4.41887 -0.0403641 0.06
-0.997726 7.00259 0.173044 4.29848 0.806815 0.02
-0.995467 7.09241 0.0547919 4.68041 -0.848853 0.02
-0.997334 7.62569 -0.0486965 5.98159 -0.424497 0.1
-0.996427 8.73894 0.0892084 7.69257 -0.560665 0.16
-0.992289 8.89753 0.323333 8.15991 0.872664 0.02
-0.978826 9.22201 0.325756 7.96553 -0.26201 0.04
-0.969347 9.52401 0.126932 7.04602 -0.417597 0.04
-0.963002 10.2188 -0.0414202 4.31052 0.288385 0.12
-0.970672 10.4262 -0.199964 2.63299 0.0121636 0.06
