0.00740969 -2.83012 0.0318497 0.00810611 0 0
0.0507205 -2.79502 0.68399 0.527483 0.722102 0.12
0.23798 -2.66645 1.63967 0.930125 0.836708 0.16
0.590717 -2.58404 2.27895 -0.0291881 0.597628 0.18
0.8979 -2.60634 2.84186 -0.319156 0.727874 0.12
1.0086 -2.63397 2.24011 -1.99508 -0.267087 0.04
1.03488 -2.71397 0.616401 -5.51604 -0.56014 0.02
1.03474 -2.98755 -0.316202 -7.43725 0.420216 0.04
0.894936 -4.2197 -1.0574 -5.0936 -0.999726 0.18
0.828614 -4.47587 -1.17193 -3.45546 -0.676383 0.06
0.726547 -4.66719 -1.40008 -1.35484 -0.559171 0.08
0.385164 -4.53982 -2.36857 2.52789 -0.830395 0.18
0.14005 -4.20476 -2.51359 4.08523 -0.460334 0.1
-0.134295 -3.77163 -2.99131 4.36677 -0.937835 0.1
-0.651116 -3.13034 -3.56001 3.07851 -0.499589 0.16
-0.955973 -2.95111 -4.0623 1.38533 -0.621744 0.08
-1.06668 -2.3972 0.676707 10.4676 -0.435216 0.08
-0.915186 -1.01239 1.17776 3.39519 0.994019 0.2
-0.670744 -0.863675 2.33157 -1.12599 0.931567 0.14
-0.460418 -1.0382 2.90623 -3.1643 0.893692 0.08
-0.0116816 -1.66641 3.41687 -5.62612 0.77876 0.14
0.713844 -2.92865 3.99988 -5.84632 0.834413 0.2
1.01733 -4.85389 -0.270289 -10.3673 0.49087 0.2
0.967933 -6.30691 -0.545806 -4.73227 -0.372413 0.2
0.886189 -7.18228 -0.397393 -5.40767 0.224392 0.18
0.8188 -8.19857 -0.557026 -7.33791 0.388928 0.16
0.763853 -9.48736 0.271214 -5.50113 0.902564 0.18
0.893063 -9.92703 1.54574 -0.862998 0.81632 0.14
