0.0612591 -1.96391 0.0623998 -0.071313 0 0
-0.0249129 -2.3139 -1.19348 -4.23061 -0.869659 0.16
-0.309523 -3.26796 -1.83619 -5.48213 -0.316427 0.18
-0.387767 -3.48763 -2.06546 -5.43956 -0.957617 0.04
-0.800689 -4.16486 -2.1281 -1.26759 -0.39289 0.2
-0.885893 -4.19828 -2.13378 -0.411902 -0.209966 0.04
-0.977436 -3.52646 0.874397 6.23843 0.714619 0.2
-0.95819 -3.39824 1.04779 6.56957 0.831675 0.02
-0.747245 -2.45185 1.78877 6.02465 0.953012 0.14
-0.476755 -1.84281 2.14546 2.64315 0.796981 0.14
-0.175964 -1.69147 2.88811 -0.0792074 0.998849 0.12
0.341007 -1.95393 3.5408 -2.98909 0.717749 0.16
0.71896 -2.30195 4.01687 -3.82235 0.930249 0.1
0.879609 -2.46302 4.01641 -4.20715 0.304047 0.04
1.04775 -3.62941 -0.648629 -13.1691 -0.441342 0.12
0.987939 -5.31858 -0.41247 -5.93647 -0.991097 0.18
0.886545 -5.91707 -0.927569 -1.82016 -0.313551 0.16
0.82867 -6.12739 -0.220866 -2.48319 0.895486 0.1
0.872414 -6.75042 0.663293 -4.1116 0.545556 0.2
0.904646 -6.93034 0.941638 -4.87573 0.92348 0.04
0.962493 -7.49623 0.02753 -4.88289 -0.819557 0.12
0.887995 -8.44609 -1.0596 -7.25333 -0.449354 0.16
0.659011 -9.79306 -1.13633 -6.19166 0.068367 0.18
0.475664 -10.5104 -0.805072 -1.10718 -0.158388 0.2
