0.0151889 -1.22604 0.0403747 -0.0864264 0 0
0.113079 -1.62471 0.96067 -4.02317 0.757128 0.18
0.208466 -2.10492 0.91971 -5.513 0.331054 0.1
0.324102 -3.38335 0.489066 -5.91426 -0.0862426 0.2
0.346307 -4.29033 -0.274452 -2.63158 -0.887956 0.2
0.283638 -4.43661 -0.644953 0.451168 -0.509917 0.14
0.198876 -4.30313 -1.04171 2.14211 -0.684153 0.1
0.0101607 -3.90009 -1.65181 3.36429 -0.804353 0.14
-0.123604 -3.60668 -1.70127 3.864 -0.290768 0.08
-0.15674 -3.52678 -1.613 4.11864 0.348887 0.02
-0.433832 -3.07867 -2.39089 1.99679 -0.623832 0.14
-0.483406 -3.04387 -2.56636 1.48416 -0.902419 0.02
-0.718993 -3.01014 -3.31704 -0.590031 -0.994721 0.08
-1.05008 -2.79907 0.383208 7.41221 -0.262054 0.14
-1.00261 -2.15608 0.472142 5.11152 0.611136 0.1
-0.896045 -1.68082 1.12255 1.6664 0.94946 0.14
-0.786846 -1.62399 1.61269 -0.216102 0.926139 0.08
-0.474618 -1.91518 2.25018 -3.20593 0.687944 0.16
-0.053714 -2.53253 3.0308 -4.05444 0.930959 0.16
0.674143 -3.1273 4.34228 -1.302 0.827114 0.2
1.09264 -3.5075 -0.402305 -11.7162 0.84636 0.12
1.07937 -3.74727 -0.818617 -12.0006 -0.921785 0.02
0.936132 -5.38657 -0.995639 -4.49479 -0.967925 0.2
0.867067 -5.599 -1.32126 -2.6082 -0.597352 0.06
0.720402 -5.94073 -0.496797 -1.95982 0.74466 0.16
0.699967 -6.27843 0.262134 -2.50822 0.617096 0.16
0.816394 -6.91679 0.891625 -4.18311 0.392869 0.2
0.832481 -7.74476 -0.739537 -4.82524 -0.958481 0.2
0.523148 -9.05845 -2.45217 -8.43922 -0.624301 0.2
0.421253 -9.39842 -2.61512 -8.44742 -0.399615 0.04
0.312916 -9.73268 -2.77524 -8.15215 -0.846777 0.04
0.0710562 -10.3663 -1.3564 -2.7508 0.920324 0.12
