0.0861875 2.22992 -0.0408004 -0.0615962 0 0
0.206964 2.66174 1.42349 4.64524 0.832072 0.18
0.235885 2.75612 1.46739 4.78261 0.10079 0.02
0.371353 3.17218 1.88566 5.41157 0.586823 0.08
0.813845 4.07138 2.47918 2.88284 0.71795 0.2
1.0274 4.03971 -0.372177 -3.62254 -0.252687 0.16
0.987733 3.7755 -0.959546 -5.17396 -0.940675 0.06
0.85392 3.17453 -1.66551 -6.53007 -0.677367 0.1
0.78208 2.91047 -1.91011 -6.59012 -0.933558 0.04
0.702604 2.65414 -2.05299 -6.1649 -0.885968 0.04
0.227208 1.82128 -2.79371 -1.93907 -0.918931 0.2
-0.21311 1.7659 -3.50587 1.05038 -0.832185 0.14
-1.01149 2.27693 -3.66975 4.80723 -0.866404 0.2
-1.01186 3.58757 0.770444 11.3706 0.932741 0.12
-0.903955 5.10625 0.695183 4.11143 0.820517 0.2
-0.630728 5.29746 2.0727 -1.92007 0.80559 0.2
-0.16283 4.59959 2.98757 -5.46401 0.89001 0.18
0.019173 4.24893 3.07143 -6.18373 0.756555 0.06
0.0783336 4.1206 2.84266 -6.65387 -0.912735 0.02
0.757316 2.98827 4.24393 -3.22774 0.999679 0.2
0.842571 2.92642 4.28201 -2.95267 0.0912761 0.02
1.06241 2.24995 -0.567573 -11.2854 0.770667 0.1
0.92916 0.734549 -1.12141 -3.86002 -0.986577 0.2
0.53198 0.617937 -2.83888 2.30921 -0.9015 0.2
0.415688 0.723575 -2.97275 2.96948 -0.382671 0.04
-0.0368193 1.31163 -3.41308 5.33071 -0.573421 0.14
-0.247304 1.65866 -3.58631 6.20223 -0.916548 0.06
-0.536958 2.19126 -3.64811 7.02939 -0.797055 0.08
-0.99866 3.269 -3.14574 7.49056 0.131374 0.14
-1.01738 4.94614 0.273606 10.3542 -0.965577 0.14
-0.975531 6.44404 0.429906 5.3208 0.243907 0.2
-0.93729 7.51116 0.115058 6.74967 -0.49251 0.18
-0.931995 8.40477 0.0180254 8.02839 -0.907356 0.12
-0.930481 8.56811 0.132693 8.30164 -0.0847628 0.02
-0.883114 10.0009 -0.0202096 5.92757 -0.0796663 0.18
-0.877006 10.6979 0.202418 1.11174 0.500513 0.2
