-0.191472 2.43773 -0.0829406 0.0164101 0 0
-0.211496 2.69047 -0.129784 2.19706 -0.178931 0.2
-0.212486 2.73909 0.0306573 2.66016 0.802827 0.02
-0.210608 2.79593 0.156804 3.01871 0.615892 0.02
-0.130455 3.33637 0.922937 4.22104 0.653217 0.14
-0.0369749 3.67379 1.39122 4.04668 0.970405 0.08
0.0226805 3.82815 1.58983 3.64569 0.971093 0.04
0.275555 4.13512 1.6143 0.279679 0.282199 0.16
0.343629 4.135 1.78969 -0.279436 0.756645 0.04
0.750936 3.91971 2.73639 -1.87297 0.872042 0.18
1.02543 3.01089 -0.319306 -8.79364 -0.482526 0.18
0.934095 1.76966 -0.710337 -4.46294 -0.955147 0.18
0.671369 1.43263 -2.00737 0.958818 -0.997516 0.2
0.393705 2.01741 -0.656755 4.96733 0.785494 0.2
0.398146 2.93491 0.712149 7.92268 0.812676 0.14
0.409616 3.71201 -0.586807 2.95991 -0.775204 0.14
0.261958 3.83748 -1.49121 -0.984487 -0.595418 0.14
-0.11028 3.31015 -2.63002 -4.44431 -0.63087 0.18
-0.471973 2.72717 -3.32153 -4.79312 -0.854067 0.12
-0.935639 2.25043 -3.3295 -1.97065 -0.37166 0.14
-0.965011 2.95539 1.08919 6.41063 0.692505 0.18
-0.637156 4.16744 2.00176 4.41604 0.964916 0.2
-0.515511 4.38494 2.06821 2.84821 0.514515 0.06
-0.178462 4.55804 2.77428 -0.307702 0.846831 0.14
-0.0632743 4.52959 2.98406 -1.10352 0.83559 0.04
0.476354 4.14714 3.72993 -3.41101 0.850306 0.16
0.768795 3.82646 3.57672 -4.53677 0.0719424 0.08
1.01904 1.9939 -0.317093 -10.4151 -0.83945 0.2
1.0095 1.61018 -0.170883 -8.8018 -0.592846 0.04
0.915427 0.621755 -1.20132 -2.17453 -0.99852 0.18
0.731634 0.544426 -1.85678 0.760787 -0.501876 0.12
0.273089 1.0871 -3.11973 4.95196 -0.895979 0.18
-0.327376 2.21074 -3.44005 7.22793 -0.828439 0.18
-1.02859 3.33405 -3.77834 5.94431 -0.957093 0.18
-1.02069 5.03546 0.368494 10.4801 0.751723 0.14
-0.970926 6.60168 0.473522 5.86948 0.211938 0.2
-0.938701 6.94648 0.602472 5.70185 0.0477543 0.06
-0.808172 7.93631 1.11441 6.96774 0.000839295 0.16
-0.628372 9.14868 0.995829 7.42208 -0.697012 0.16
-0.60856 9.29552 0.98024 7.24011 -0.12882 0.02
-0.588001 9.4406 1.07063 7.24525 0.611309 0.02
-0.497072 10.1612 0.237478 2.96615 -0.315958 0.14
