-0.0807759 -0.451674 0.0496296 -0.0793132 0 0
-0.0305054 -0.600954 0.935777 -2.81596 0.943003 0.1
0.169574 -1.27009 1.46819 -5.44266 0.553687 0.16
0.306047 -2.3144 0.134529 -7.94653 -0.543478 0.16
0.302102 -2.65052 -0.326268 -8.83542 -0.764076 0.04
0.283004 -3.01238 -0.600709 -9.15018 -0.514531 0.04
0.0971706 -4.528 -1.13836 -4.89737 -0.993895 0.2
0.0325529 -4.76647 -1.03763 -3.0906 -0.0317403 0.06
-0.238052 -4.87863 -1.99195 1.64764 -0.739024 0.18
-0.517911 -4.53466 -2.63168 3.92395 -0.905464 0.12
-0.625969 -4.36638 -2.76768 4.47084 -0.816101 0.04
-0.681391 -4.27415 -2.77363 4.74795 -0.436483 0.02
-0.967647 -3.75711 -2.96628 5.39172 -0.654836 0.1
-1.04778 -2.99556 0.490245 12.2926 -0.443777 0.08
-1.00815 -1.93087 0.227965 8.70127 0.940294 0.1
-0.927592 -0.936763 0.983346 2.38766 0.97013 0.18
-0.883115 -0.866135 1.24331 1.1541 0.696312 0.04
-0.532927 -1.12635 2.57061 -3.69913 0.884078 0.18
-0.327055 -1.47173 2.55276 -4.92565 0.195841 0.08
-0.0544252 -2.03369 2.87209 -6.18083 0.961273 0.1
0.181378 -2.54652 3.04774 -6.46218 0.820209 0.08
0.516421 -3.12083 3.73595 -4.63063 0.913897 0.1
1.05278 -4.24807 -0.671309 -10.3575 0.802374 0.2
0.975065 -5.42725 -0.575531 -4.65999 -0.561748 0.16
0.95011 -5.76413 -0.0530988 -3.895 0.871477 0.08
1.01238 -6.46336 0.125728 -2.39461 0.572219 0.2
0.959172 -6.84179 -0.505056 -2.04207 -0.336454 0.2
0.820389 -7.10574 -1.46051 -1.93665 -0.943842 0.14
0.789966 -7.14536 -1.58172 -2.02815 -0.884886 0.02
0.725043 -7.23571 -1.66607 -2.49276 -0.364416 0.04
0.531709 -7.77783 -1.17569 -5.09512 0.598163 0.14
0.378074 -8.74259 -0.754518 -6.51367 0.867151 0.16
0.338056 -9.73532 0.561503 -2.3696 0.735293 0.2
