0.0811122 1.41436 0.0244127 -0.075973 0 0
0.0776913 1.4311 -0.194347 0.900728 -0.734221 0.04
0.0685834 1.52247 -0.103416 2.12902 0.209478 0.06
0.0431513 1.91061 -0.281871 4.23211 -0.400681 0.12
0.035641 2.09481 -0.0885876 4.97589 0.293682 0.04
0.144673 3.38733 0.960638 6.70331 0.462813 0.2
0.26069 3.99703 1.32794 5.21877 0.990338 0.1
0.315931 4.1875 1.43927 4.29788 0.878217 0.04
0.575316 4.55505 1.87266 0.390011 0.595676 0.16
0.655387 4.55388 2.13084 -0.439379 0.99171 0.04
0.69905 4.54105 2.23518 -0.840309 0.822688 0.02
0.788609 4.49055 2.2409 -1.67493 0.125068 0.04
1.03696 4.0047 -0.115938 -6.76391 0.192618 0.14
1.01391 3.5643 -0.573278 -7.7272 -0.27911 0.06
1.00035 3.40597 -0.77818 -8.0878 -0.914716 0.02
0.961971 3.07325 -1.11431 -8.43439 -0.988107 0.04
0.745703 1.93762 -1.5301 -5.11881 -0.988877 0.16
0.387175 1.45914 -2.56806 -0.24332 -0.998301 0.18
0.162263 1.51687 -3.04832 1.63505 -0.867208 0.08
-0.148634 1.77849 -3.14495 3.53313 -0.289851 0.1
-0.483372 2.19373 -3.53904 4.62666 -0.887317 0.1
-1.02019 2.8424 -3.44296 5.86453 -0.850171 0.14
-1.06 3.0253 -0.899881 11.5739 -0.536177 0.02
-1.02538 4.3359 0.40704 11.5733 0.078519 0.1
-1.00656 5.13002 0.112951 8.44364 -0.180218 0.08
-0.911782 6.00299 1.28402 2.54971 0.963529 0.16
-0.823077 6.30606 0.481568 3.63156 -0.967105 0.1
-0.805056 6.72546 -0.109886 4.83417 -0.737212 0.1
-0.809313 7.11832 0.00915121 5.08018 0.0358273 0.08
-0.797483 7.5446 0.301416 5.65598 0.214427 0.08
-0.783774 7.7806 0.390752 6.15114 -0.143905 0.04
-0.738076 8.6042 0.388527 7.41318 -0.672463 0.12
-0.729401 8.75483 0.477297 7.64074 -0.0457659 0.02
-0.688801 9.71761 -0.102965 5.21059 -0.484586 0.14
-0.73964 10.1983 -0.58749 1.68934 -0.102753 0.14
