-0.126685 3.02266 0.0555564 -0.0907999 0 0
-0.0301109 3.22361 0.872044 1.7489 0.454845 0.2
0.198257 3.60519 1.92823 2.5849 0.907494 0.16
0.419114 3.83996 2.48138 2.00598 0.928154 0.1
0.88315 4.03122 3.32537 0.33893 0.905658 0.16
1.04904 3.72827 -0.470532 -6.91056 0.660086 0.1
1.0214 3.4339 -0.902654 -7.75962 -0.937785 0.04
0.951818 2.94994 -1.3602 -8.12616 -0.968216 0.06
0.923789 2.78925 -1.43739 -7.91756 -0.96634 0.02
0.628414 1.73461 -1.93303 -3.51238 -0.970194 0.18
0.261162 1.51108 -2.70375 0.60489 -0.76264 0.16
-0.218292 1.86943 -3.23629 3.65736 -0.60912 0.16
-0.412132 2.11669 -3.21772 4.55523 -0.303656 0.06
-0.540178 2.309 -3.18382 5.04007 -0.287545 0.04
-1.06762 3.14908 -0.73705 11.1979 -0.849416 0.16
-1.0607 3.66331 0.60784 13.2632 -0.155578 0.04
-0.993378 5.27698 0.39797 6.9781 0.997497 0.16
-0.975327 6.07432 -0.0704646 4.80438 -0.37736 0.14
-1.00215 6.87772 -0.185942 4.57519 -0.197837 0.18
-0.996904 7.33458 0.221704 4.8496 0.268522 0.1
-0.844375 8.22321 1.76752 6.74604 0.948314 0.16
-0.595886 9.22303 1.64658 6.84138 -0.552819 0.14
-0.471355 9.80108 0.39817 2.62604 -0.957526 0.12
