-0.0203929 2.14356 -0.0623688 -0.0677212 0 0
0.0292323 2.5481 0.58915 3.81415 0.23383 0.2
0.0396585 2.62294 0.452103 3.66075 -0.988454 0.02
0.226152 3.49083 1.47129 5.00469 0.697386 0.18
0.511915 4.13266 2.10017 2.70467 0.876446 0.16
0.832661 4.31042 2.50657 -0.100561 0.597749 0.14
1.04231 4.15458 0.0829503 -4.63138 0.79661 0.1
0.928591 3.24375 -1.49849 -7.814 -0.88494 0.14
0.725904 2.37393 -1.76362 -6.07984 -0.748198 0.12
0.455331 1.76587 -2.18105 -2.58385 -0.852966 0.14
0.314247 1.65492 -2.52979 -1.12212 -0.955942 0.06
0.262373 1.63722 -2.65803 -0.649731 -0.982289 0.02
-0.0284987 1.68426 -3.15425 1.52193 -0.771857 0.1
-0.494221 2.07115 -3.4623 3.83528 -0.523609 0.14
-0.625521 2.24412 -3.0967 4.8163 0.848612 0.04
-1.03492 2.8049 -3.06303 5.76469 -0.969895 0.12
-1.06026 3.49306 0.62619 13.2531 0.534388 0.06
-1.01207 4.62431 0.264832 9.19953 0.987862 0.1
-0.997076 5.10935 0.293259 6.9954 0.929303 0.06
-0.943801 5.6321 0.859926 3.46636 0.823481 0.1
-0.904625 6.25121 -0.456789 3.96379 -0.947348 0.18
-0.915107 6.33237 -0.591431 4.15779 -0.829446 0.02
-0.980594 6.69706 -1.03724 5.01686 -0.725881 0.08
-0.982706 7.27397 0.61869 3.44273 0.773119 0.16
-0.94513 7.71556 0.180818 5.28887 -0.793776 0.1
-0.939961 7.82388 0.337546 5.54844 0.711166 0.02
-0.849798 8.6061 1.21813 7.58977 0.403323 0.12
-0.721074 9.72511 -0.0715742 3.57941 -0.873899 0.18
-0.732067 9.83967 -0.474298 2.16214 -0.915755 0.04
