-0.0282787 2.49796 -0.0284864 -0.0865704 0 0
0.0865308 2.92555 1.16175 3.90151 0.572932 0.2
0.170923 3.18745 1.63603 4.72233 0.924559 0.06
0.595556 4.03837 2.52933 2.98855 0.870538 0.2
0.742598 4.16968 2.38212 1.41647 -0.0498084 0.06
0.954846 4.17492 1.86816 -1.23373 -0.515136 0.1
1.01724 4.09579 0.677833 -3.4643 -0.423425 0.04
0.973792 3.4239 -1.02659 -7.03324 -0.955926 0.12
0.764312 2.41519 -1.76468 -6.37107 -0.977821 0.14
0.452195 1.71768 -2.24234 -2.32226 -0.85328 0.16
-0.090353 1.72636 -3.18284 2.15874 -0.750597 0.2
-0.796184 2.43519 -3.84363 4.40566 -0.730046 0.2
-1.05763 3.16041 0.172191 13.2048 0.21546 0.1
-1.05029 3.42889 0.487072 13.4408 0.760305 0.02
-0.995211 5.23067 0.295818 6.5462 0.984574 0.18
-0.94617 5.96093 0.407762 2.9197 0.0590649 0.16
-0.938154 6.21763 -0.214064 3.58933 -0.963186 0.08
-0.943796 6.29129 -0.35026 3.78167 -0.831515 0.02
-1.01297 6.85147 -0.00692469 3.1693 -0.536146 0.14
-1.00135 7.46065 0.0251365 4.83965 -0.296533 0.16
-0.976588 7.8799 0.613165 5.73404 0.687499 0.08
-0.875975 9.06923 0.425846 6.74397 -0.646675 0.18
-0.841575 10.0882 -0.202512 2.69148 -0.139177 0.2
