-0.150651 -2.77541 0.0787312 -0.0589682 0 0
-0.264136 -3.1486 -1.29492 -3.59188 -0.810565 0.18
-0.600026 -3.84096 -2.34019 -3.34383 -0.93423 0.18
-0.992601 -4.06558 -2.06789 0.663346 -0.0469367 0.18
-0.997469 -3.43865 0.526265 5.72147 0.219323 0.14
-0.87976 -2.68797 1.31077 6.12485 0.942658 0.12
-0.621674 -1.93458 1.95322 3.02891 0.997567 0.16
-0.499015 -1.79648 2.14517 1.58531 0.655007 0.06
-0.0184787 -1.84975 3.18765 -1.97451 0.928891 0.18
0.591853 -2.43451 3.56874 -4.15055 0.550077 0.18
1.04918 -3.88523 -0.651747 -12.5956 0.489911 0.2
0.968405 -5.58837 -0.671498 -4.78528 -0.88925 0.2
0.816108 -5.9702 -1.52507 -0.899119 -0.588591 0.14
0.754139 -5.99738 -1.57249 -0.470407 -0.036975 0.04
0.68888 -6.00519 -1.68961 0.07115 -0.244843 0.04
0.533342 -6.11431 -0.531504 -1.63764 0.997005 0.14
0.512809 -6.22844 -0.150736 -2.19148 0.764828 0.06
0.540652 -6.57709 0.614514 -3.71879 0.747481 0.12
0.576359 -6.85476 0.287818 -3.34522 -0.443637 0.08
0.656743 -7.40099 0.980145 -5.63385 0.874787 0.12
0.790222 -8.17701 1.17859 -7.20057 0.829082 0.12
0.958259 -9.58004 0.997902 -7.03888 0.247561 0.18
0.979706 -9.7142 1.1486 -6.36741 0.465281 0.02
1.00346 -10.9077 -0.0506995 -3.48759 0.832938 0.2
