-0.0157771 -0.350418 0.0369693 -0.0344707 0 0
0.132407 -0.776648 1.52831 -4.45677 0.937547 0.18
0.195982 -0.966675 1.6439 -5.04068 0.54495 0.04
0.300833 -1.29754 1.83149 -5.96402 0.771437 0.06
0.623156 -2.40256 2.16767 -7.45302 0.974511 0.16
0.800527 -2.98979 2.34124 -6.89986 0.5749 0.08
1.05229 -3.78968 -0.158637 -10.4128 0.959421 0.12
0.969743 -5.18254 -0.705907 -4.57575 -0.945359 0.18
0.833873 -5.48591 -1.6067 -0.544299 -0.879888 0.12
0.352168 -5.03524 -3.07816 4.58389 -0.943525 0.2
0.226837 -4.83868 -3.18099 5.23225 -0.691987 0.04
-0.174649 -4.11642 -3.47813 6.61303 -0.92304 0.12
-0.242828 -3.98062 -3.33939 6.96476 0.268051 0.02
-0.70512 -3.00429 -3.45884 6.09379 -0.299193 0.14
-1.05502 -2.48952 -0.973224 9.26942 -0.847617 0.1
-1.05506 -2.0774 0.490939 10.3449 0.331497 0.04
-0.968891 -0.884342 0.750246 4.6318 0.783447 0.16
-0.826534 -0.505841 1.31848 0.960488 0.371036 0.14
-0.773718 -0.477478 1.32174 0.468149 -0.131074 0.04
-0.64509 -0.521806 1.88666 -1.52545 0.707885 0.08
-0.445934 -0.743464 2.08561 -2.90924 0.184224 0.1
-0.201589 -1.14879 2.75047 -5.07584 0.985061 0.1
-0.145666 -1.25378 2.83957 -5.41877 0.951522 0.02
0.21588 -2.00549 3.13222 -6.95751 0.944456 0.12
0.276418 -2.14881 2.91992 -7.37902 -0.680766 0.02
0.956431 -3.41012 4.23685 -3.61986 0.938047 0.2
1.0688 -4.12364 -0.704537 -11.9445 -0.428571 0.08
0.92573 -5.73887 -1.17592 -4.3006 -0.965006 0.2
0.879631 -5.89872 -1.13023 -3.71934 0.236423 0.04
0.735459 -6.24629 -1.26121 -2.30006 -0.02792 0.12
0.536642 -6.39601 -2.03293 -0.374722 -0.701798 0.12
0.13707 -6.53675 -1.95583 -1.11553 -0.0167525 0.2
-0.0582163 -6.67244 -1.94744 -1.63957 -0.071791 0.1
-0.293479 -7.18435 -1.06163 -4.65556 0.651642 0.16
-0.46035 -7.79165 -1.75185 -5.66357 -0.527517 0.12
-0.698805 -8.7021 -1.66992 -7.07692 0.660768 0.14
-0.922312 -9.51528 -2.69084 -8.70698 -0.989039 0.1
-1.02959 -9.88477 -0.211507 -2.18199 -0.745575 0.06
