0.0605088 1.34116 -0.0673378 -0.0794026 0 0
0.0381366 1.41365 -0.483533 1.8388 -0.692226 0.08
0.00430905 1.56057 -0.6347 3.03142 -0.429772 0.06
-0.0712058 2.51108 -0.026941 6.26864 0.0572203 0.2
-0.069709 2.641 0.176004 6.71673 0.845508 0.02
-0.0396064 3.20093 0.511982 6.9746 0.409901 0.08
0.141231 4.34007 1.24943 3.60724 0.952315 0.2
0.308447 4.58999 1.57506 0.618758 0.55332 0.12
0.584131 4.47177 2.34816 -2.16103 0.871945 0.14
0.842349 4.18408 2.80359 -3.47779 0.859597 0.1
0.955876 4.03577 2.87192 -3.91757 0.529977 0.04
1.01315 3.9549 2.35915 -4.97779 0.211975 0.02
1.04419 3.64211 -0.124398 -9.50913 -0.976237 0.04
1.02806 3.2433 -0.618422 -10.248 -0.996538 0.04
0.900329 1.84496 -0.83526 -6.35913 -0.978722 0.16
0.754343 1.26213 -1.37765 -2.01414 -0.810744 0.14
0.533222 1.23404 -2.30765 1.43819 -0.995863 0.12
0.439699 1.30805 -2.36517 2.25312 -0.189441 0.04
0.116459 1.72293 -2.97262 4.49385 -0.907261 0.12
-0.334585 2.45159 -3.47791 5.5381 -0.925526 0.14
-0.792481 3.04507 -4.24008 3.89648 -0.898963 0.12
-1.0683 3.73211 0.27915 12.7757 0.978918 0.1
-1.0588 3.9879 0.592299 12.6277 0.687409 0.02
-0.956721 5.7312 0.852515 4.95213 0.921095 0.2
-0.893822 5.97189 1.25248 3.11835 0.658885 0.06
-0.793535 6.2925 0.7441 3.43904 -0.649133 0.1
-0.715679 6.51559 1.18955 2.26704 0.580635 0.08
-0.59102 6.9611 0.616057 4.14909 -0.470486 0.14
-0.464258 7.45277 1.49256 4.3186 0.867165 0.12
-0.400809 7.63437 1.68423 4.77546 0.464348 0.04
-0.0140562 8.7397 2.71725 7.61202 0.277488 0.18
0.0998152 9.05457 2.96326 8.0726 0.311439 0.04
0.223311 9.38302 3.18708 8.24727 0.571451 0.04
0.65234 10.2653 1.6488 1.70283 -0.620122 0.18
