-0.0564592 -1.45097 -0.0197218 -0.0319524 0 0
-0.00377537 -1.6772 0.736358 -3.0197 0.810658 0.14
0.0655071 -2.17011 0.376282 -5.14848 -0.108006 0.12
0.0550872 -2.79923 -0.584211 -7.32623 -0.789051 0.1
0.00835332 -3.25206 -0.926953 -7.5578 -0.674986 0.06
-0.222749 -4.40421 -1.39418 -3.38526 -0.821992 0.2
-0.430883 -4.63658 -2.10736 -0.512031 -0.989898 0.12
-0.977567 -4.33669 -3.31095 3.14531 -0.977129 0.2
-0.951677 -3.10505 1.36674 9.45753 0.965254 0.16
-0.771025 -2.09907 1.54994 6.77415 0.973611 0.12
-0.394814 -1.34051 2.42699 0.880499 0.911656 0.2
-0.235899 -1.33714 2.86951 -0.741746 0.990787 0.06
0.202299 -1.65337 3.34187 -3.61416 0.563243 0.14
0.948858 -2.59502 4.13749 -5.05232 0.902174 0.2
1.01063 -4.93641 -0.17402 -9.74054 0.837522 0.2
0.963603 -6.27205 -0.579418 -4.15476 -0.393463 0.2
0.925464 -6.50457 -0.687304 -3.66944 -0.123546 0.06
0.875119 -7.02963 -0.183874 -5.13729 0.572596 0.12
0.818161 -7.81353 -0.685219 -6.28512 -0.148416 0.14
0.763164 -8.35596 -0.706216 -7.22929 0.640756 0.08
0.655742 -9.62587 -0.164226 -5.42849 0.576405 0.18
0.683002 -9.99635 0.68711 -2.03789 0.692403 0.1
