0.0830655 0.814639 0.0213793 -0.0187972 0 0
0.0679246 0.89218 -0.390294 1.90701 -0.517135 0.08
0.058977 0.935016 -0.503354 2.37303 -0.6588 0.02
-0.0619628 1.47272 -1.13999 5.11579 -0.755663 0.14
-0.096194 2.86158 0.886581 8.95725 0.780748 0.2
-0.0767002 3.0429 1.05502 9.14404 0.857001 0.02
0.106063 4.19674 1.39925 6.50801 0.984231 0.14
0.309446 4.80814 1.62842 2.32654 0.608324 0.14
0.412309 4.89909 1.80734 0.725488 0.422038 0.06
0.562896 4.88044 1.95464 -1.14994 0.221898 0.08
1.00751 4.3483 2.39686 -4.81792 0.920836 0.18
0.990569 3.38198 -1.11187 -9.63538 -0.925887 0.12
0.698699 1.74475 -1.60664 -5.39883 -0.986502 0.2
0.597365 1.47601 -1.79597 -3.56879 -0.780858 0.06
0.560484 1.41064 -1.89412 -2.96838 -0.821553 0.02
0.303916 1.25641 -2.40468 0.315667 -0.561441 0.12
-0.0754774 1.52609 -2.96942 3.3702 -0.599731 0.14
-0.326563 1.84881 -3.28866 4.6234 -0.86374 0.08
-0.599542 2.25225 -3.53371 5.35538 -0.859035 0.08
-0.885582 2.69629 -3.64237 5.57305 -0.533748 0.08
-1.01449 4.87444 0.239282 10.0103 -0.97132 0.2
-1.0027 5.71218 0.0448546 7.0002 -0.391901 0.1
-1.00053 6.86078 3.74051e-05 5.3754 -0.654641 0.2
-0.988999 7.41442 0.249933 5.8376 0.0618825 0.1
-0.912005 8.18569 1.0884 7.23918 0.414134 0.12
-0.795129 9.07879 0.748763 7.08572 -0.921929 0.12
-0.802702 9.93719 -0.886806 1.12167 -0.753406 0.2
