-0.0935874 -1.03559 0.0760658 0.0169569 0 0
-0.00627344 -1.3535 0.946462 -3.74261 0.709055 0.16
0.0121502 -1.43147 0.894622 -4.05436 -0.18338 0.02
0.0724759 -1.70482 1.10256 -5.01944 0.807951 0.06
0.0938554 -1.80843 1.03389 -5.34134 -0.0505094 0.02
0.0996807 -3.28607 -0.834143 -8.65131 -0.800123 0.2
0.00455072 -4.0644 -1.01284 -6.57198 -0.939191 0.1
-0.209944 -4.78294 -1.53702 -1.49624 -0.761696 0.18
-0.240769 -4.80775 -1.54603 -0.987472 -0.0721124 0.02
-0.504127 -4.70919 -2.19816 2.24782 -0.677305 0.14
-0.596503 -4.60421 -2.41674 2.98376 -0.921725 0.04
-1.0255 -3.79749 -0.928816 8.07742 -0.366467 0.18
-1.03245 -3.4162 0.229513 10.2562 -0.731257 0.04
-1.01614 -3.00019 0.538029 10.3688 0.966745 0.04
-0.892917 -1.48034 0.829472 4.43846 0.998438 0.2
-0.639112 -1.18266 2.0652 -0.987592 0.933264 0.18
-0.341036 -1.47581 2.85676 -3.72752 0.971361 0.12
0.310005 -2.48329 3.62213 -5.66202 0.935436 0.2
1.08041 -3.48918 0.862275 -11.1398 0.699003 0.2
1.07199 -4.0008 -0.724359 -13.0745 -0.670592 0.04
0.958724 -5.83068 -0.828367 -5.45847 -0.834705 0.2
0.924867 -6.03365 -0.867658 -4.71966 -0.0266524 0.04
0.861581 -6.51168 -0.399781 -5.0147 0.617458 0.1
0.854219 -6.613 -0.336942 -5.12238 0.473555 0.02
0.796482 -7.62406 -0.39835 -6.40075 0.223708 0.18
0.690378 -8.48436 -1.42946 -8.1696 -0.471508 0.12
0.628846 -8.82105 -1.63812 -8.62633 0.0778983 0.04
0.46664 -9.93199 0.054513 -2.79064 0.958053 0.18
