0.119272 2.54206 -0.0134005 0.0953319 0 0
0.118016 2.54461 -0.112189 0.159275 -0.746939 0.02
0.18962 2.83939 1.13415 3.83261 0.909767 0.14
0.264991 3.08386 1.36615 4.22932 0.428736 0.06
0.358653 3.35128 1.73849 4.57236 0.843584 0.06
0.575164 3.73625 0.715458 -0.13509 -0.427981 0.18
0.656792 3.68159 0.919779 -0.911165 0.398999 0.1
0.674796 3.6605 0.880781 -1.19448 -0.0825961 0.02
0.778558 3.45627 0.85887 -2.07127 0.0965911 0.12
1.02035 3.16563 0.577236 -3.00772 0.484036 0.2
1.02541 3.09113 0.0171548 -4.2187 -0.99787 0.02
0.89678 2.25148 -1.14004 -3.13731 -0.961175 0.2
0.650622 1.97124 -1.96785 -0.357398 -0.925043 0.16
0.151133 2.1972 -3.01327 2.31633 -0.88372 0.2
-0.0896969 2.42623 -3.00489 3.34357 -0.229247 0.08
-0.830843 2.93508 -4.48563 1.20508 -0.998315 0.2
-1.02804 4.23015 0.442718 10.009 -0.954495 0.16
-0.958595 5.35174 0.754622 4.14086 0.935499 0.16
-0.902158 5.54073 1.14047 2.17702 0.717416 0.06
-0.764877 5.63053 1.60548 -0.297937 0.408887 0.1
-0.693433 5.59443 1.9638 -1.49012 0.964708 0.04
-0.351124 5.15141 2.85017 -4.63974 0.844326 0.14
-0.293127 5.05492 2.94742 -5.00441 0.938595 0.02
0.268051 3.93311 3.21056 -7.09777 0.784592 0.18
0.330355 3.78699 3.02019 -7.51009 -0.588585 0.02
0.897972 2.83625 4.27395 -3.47736 0.912185 0.16
1.06285 2.24097 -0.446769 -11.3758 0.961638 0.08
1.01909 1.43976 -0.49063 -8.47705 -0.983791 0.08
0.927583 0.596496 -1.02516 -3.61217 -0.7517 0.14
0.861411 0.419975 -1.18348 -2.31765 -0.175854 0.06
0.810671 0.344578 -1.35296 -1.47151 -0.351229 0.04
0.580236 0.311283 -1.92675 0.866017 -0.371732 0.14
0.498925 0.360088 -2.13763 1.56987 -0.538739 0.04
-0.0852152 1.13154 -3.53773 5.8136 -0.958604 0.2
-0.828888 2.53417 -3.85175 7.64249 -0.904269 0.2
-1.02298 4.53795 0.339628 13.4627 -0.0390277 0.16
-1.001 6.39743 0.0391218 8.27641 -0.17919 0.18
-1.00041 7.20996 -0.000846237 8.18569 -0.99387 0.1
-0.90737 8.79178 1.09903 9.77876 -0.163976 0.18
-0.865158 9.17557 0.972958 9.27133 -0.842787 0.04
-0.843801 9.36326 1.15402 9.46413 0.970415 0.02
-0.727948 10.5297 0.174303 3.42038 -0.12713 0.18
