0.090323 -1.13771 -0.023432 0.061869 0 0
0.0605803 -1.30229 -0.422004 -2.36123 -0.478654 0.14
-0.079062 -2.00403 -1.23599 -5.49844 -0.416262 0.18
-0.277626 -2.79427 -2.06163 -7.48753 -0.422188 0.12
-0.417306 -3.266 -2.54345 -8.01019 -0.949574 0.06
-0.52236 -3.5796 -2.68947 -7.57737 -0.946456 0.04
-0.79699 -4.22053 -2.81688 -5.12666 -0.861796 0.1
-1.00751 -4.53197 0.581576 1.46147 0.672751 0.2
-0.995494 -4.03908 -0.4183 3.61394 -0.95746 0.18
-0.928612 -3.03983 1.02997 6.65706 0.766491 0.18
-0.856955 -2.64672 1.32844 6.28309 0.992854 0.06
-0.518313 -1.78977 2.1547 2.03194 0.982033 0.2
-0.0369797 -1.78177 3.19677 -1.75803 0.921323 0.18
0.623869 -2.31311 4.12237 -3.72656 0.948448 0.18
1.07402 -2.91378 0.756091 -11.7792 0.293565 0.12
1.07639 -3.17591 -0.329791 -13.9661 -0.337145 0.02
1.01964 -4.47403 -0.346368 -10.8481 -0.945076 0.1
0.958714 -5.81445 -0.784925 -4.18615 -0.852394 0.18
0.895599 -6.37944 -0.105104 -4.23575 0.639947 0.14
0.881857 -6.87967 -0.120431 -4.3251 0.0582226 0.12
0.931218 -7.79542 0.584876 -6.9074 0.924993 0.16
0.954476 -8.08125 0.57202 -7.37767 0.718355 0.04
0.965305 -8.23128 0.510008 -7.62464 0.403539 0.02
0.914057 -9.67531 -0.854712 -9.33929 -0.650558 0.16
0.810281 -10.8826 -0.380763 -2.93779 -0.305835 0.2
