-0.166664 2.22068 -0.0233073 -0.0347137 0 0
-0.169369 2.23138 -0.112159 0.561484 -0.453259 0.04
-0.194177 2.62971 -0.135607 3.04805 -0.187992 0.2
-0.158993 3.0542 0.818937 5.22681 0.99627 0.1
-0.122423 3.26579 0.999559 5.29466 0.639196 0.04
0.0327229 3.91404 0.583318 1.08979 0.0382204 0.2
0.0428606 3.69695 -0.476796 -3.24437 -0.554555 0.18
-0.0286631 3.3024 -0.933389 -4.4502 -0.420489 0.1
-0.0700374 3.11882 -1.1279 -4.68091 -0.600847 0.04
-0.279744 2.47391 -1.79592 -4.01084 -0.85838 0.14
-0.724054 1.99914 -2.69716 -0.636071 -0.879617 0.2
-1.0108 2.10803 -1.72626 2.78934 0.540948 0.12
-1.02944 2.409 0.279115 6.13713 -0.63485 0.06
-0.921863 3.29036 1.38869 7.93886 0.931675 0.12
-0.893399 3.44724 1.45256 7.72613 0.827741 0.02
-0.62938 4.41833 1.88316 4.08365 0.969799 0.16
-0.202525 4.734 2.93124 -0.482087 0.952653 0.18
0.0373599 4.62607 3.05656 -2.17386 0.290105 0.08
0.228467 4.46374 3.3059 -3.20159 0.773548 0.06
0.65942 3.99833 3.869 -4.33237 0.958665 0.12
0.88678 3.71448 3.71177 -5.07513 0.0122665 0.06
0.961795 3.6138 3.79175 -4.9804 0.736045 0.02
1.07166 3.05556 -0.333446 -13.8697 -0.180232 0.06
1.06111 2.77443 -0.640409 -14.0266 -0.741945 0.02
1.01284 1.57453 -0.233184 -9.82452 -0.782479 0.1
0.895761 0.361319 -1.37546 -2.35855 -0.989531 0.2
0.717045 0.265955 -2.19071 0.33396 -0.814214 0.1
0.25121 0.642768 -3.57755 4.2204 -0.990223 0.16
-0.517563 1.77555 -3.92081 6.9888 -0.637151 0.2
-0.743803 2.2204 -3.61369 7.83814 -0.117112 0.06
-0.944823 2.72256 -3.10639 8.8185 0.367072 0.06
-1.03133 4.03831 0.374075 14.4124 -0.337202 0.1
-1.00508 5.45756 0.0831855 9.56352 -0.0478883 0.12
-1.00036 6.87085 0.00448214 7.11998 -0.449426 0.18
-0.883946 8.13784 1.3642 7.78969 0.426272 0.18
-0.854353 8.29731 1.59698 8.1658 0.711587 0.02
-0.480529 9.95453 1.61628 6.33399 -0.110346 0.2
-0.273888 10.5671 1.41093 2.49821 0.269036 0.14
