-0.168162 1.09693 -0.0868122 0.0564234 0 0
-0.171175 1.10354 -0.214155 0.6008 -0.734071 0.02
-0.175685 1.11975 -0.2364 1.0179 -0.0348972 0.02
-0.298889 1.6614 -1.02366 4.68475 -0.704457 0.18
-0.323932 2.68822 0.805735 8.35827 0.985134 0.16
-0.205601 3.55836 1.38122 8.30788 0.825495 0.1
0.113 4.7062 1.97454 2.95818 0.997195 0.2
0.151242 4.75982 1.85119 2.4097 -0.767452 0.02
0.58878 4.73525 2.51554 -2.3875 0.484574 0.2
0.959943 4.22987 2.73671 -4.6681 0.48538 0.14
1.01303 3.22805 -0.716812 -10.0875 -0.659877 0.12
0.852121 1.66739 -0.85993 -4.76603 -0.814054 0.2
0.569008 1.30358 -2.07335 0.970363 -0.898611 0.2
0.277302 1.58332 -2.74869 3.53946 -0.867537 0.12
0.166466 1.73855 -2.78802 4.21157 -0.41077 0.04
-0.397326 2.63925 -3.51933 5.10097 -0.920295 0.18
-0.701948 2.9986 -4.13034 3.70299 -0.983313 0.08
-1.08256 3.6652 0.361438 12.7489 -0.290168 0.12
-0.964716 5.57508 0.795135 5.74556 0.971779 0.2
-0.723289 6.22997 1.63814 1.40233 0.397577 0.2
-0.57011 6.3832 1.41986 1.72592 -0.250772 0.1
-0.24759 6.57283 2.13511 0.637331 0.496664 0.18
-0.206314 6.58994 1.99285 1.07196 -0.696263 0.02
-0.0311 6.89831 0.961178 3.9771 -0.94449 0.12
0.156365 7.46791 1.72216 4.45942 0.626878 0.14
0.396292 8.09532 2.32952 6.10792 0.360247 0.12
0.71587 9.02823 2.16253 6.69864 -0.642431 0.14
0.760186 9.16399 2.2658 6.86147 0.431678 0.02
0.807325 9.3042 2.44417 7.13936 0.965446 0.02
0.857313 9.44762 2.54988 7.18016 0.716503 0.02
0.909486 9.59134 2.66245 7.16884 0.913147 0.02
1.04482 9.93795 0.559528 1.65786 0.863422 0.06
