0.0202377 1.81906 -0.0962817 0.00772382 0 0
0.119402 2.30221 1.17775 4.72343 0.685221 0.2
0.245706 2.75839 1.98187 6.611 0.909058 0.08
0.287157 2.89405 2.16044 6.94003 0.86189 0.02
0.475758 3.45419 2.48414 6.72731 0.66422 0.08
0.780222 4.11616 2.59634 4.1371 0.658654 0.12
1.02917 4.27945 -0.443311 -2.45251 -0.149581 0.18
0.999394 4.03899 -0.307101 -3.49345 0.45101 0.08
0.818469 3.08198 -1.62342 -6.42753 -0.711116 0.18
0.481062 2.12911 -2.07661 -3.54862 -0.749033 0.18
0.00463324 1.86172 -2.74475 0.729906 -0.656091 0.2
-0.410431 2.12881 -3.16465 2.92151 -0.599773 0.14
-0.986379 2.64191 -4.07257 3.0564 -0.952693 0.16
-1.05922 2.95831 -0.108092 11.5668 0.928956 0.04
-1.05511 3.20108 0.415272 12.443 0.382883 0.02
-1.01883 4.11693 0.303074 9.89825 -0.997663 0.08
-0.975078 5.22725 0.545126 4.13175 0.910425 0.16
-0.919625 5.46284 0.862767 1.79857 0.426498 0.08
-0.853056 5.51258 1.35712 -0.10953 0.870931 0.06
-0.760445 5.45926 1.72444 -1.6371 0.638682 0.06
-0.363537 4.81287 2.55437 -5.24798 0.729548 0.18
0.139287 3.69214 3.05008 -6.55407 0.921234 0.18
0.722949 2.90973 4.37897 -2.57276 0.943603 0.16
1.03888 1.89189 -0.554873 -9.30026 -0.0745387 0.16
0.884626 0.758416 -1.39713 -2.11191 -0.939786 0.2
0.469862 0.893507 -2.69674 3.11748 -0.695707 0.2
0.0589256 1.50629 -3.08961 5.51052 -0.599421 0.14
-0.264829 2.11992 -3.36468 6.61922 -0.985866 0.1
-0.834436 3.15428 -3.96986 5.26533 -0.742518 0.16
-1.05562 4.23026 0.663364 12.4962 -0.754945 0.12
-1.00499 5.27266 0.446124 8.4979 0.999803 0.1
-0.908898 6.02243 1.29909 4.02628 0.948054 0.12
-0.759017 6.9531 0.245691 5.70825 -0.704399 0.2
-0.647552 7.89656 1.20037 6.56195 0.424606 0.16
-0.596401 8.16982 1.36316 7.10744 -0.112548 0.04
-0.400709 9.42972 0.511659 5.47304 -0.932047 0.18
-0.363521 9.75272 0.706974 5.1708 0.614438 0.06
-0.322546 10.155 0.013473 1.62314 -0.373189 0.12
