-0.145594 1.13808 -0.00175293 0.0420775 0 0
-0.147007 1.14448 -0.139221 0.593957 -0.818207 0.02
-0.218915 1.459 -0.832566 3.71042 -0.69723 0.14
-0.284422 2.02602 -0.204958 5.78928 0.38102 0.12
-0.255204 2.71567 0.797063 7.95379 0.748366 0.1
-0.102557 3.71832 1.51923 7.77659 0.964711 0.12
0.232144 4.72236 2.02692 2.24375 0.86032 0.2
0.463221 4.81454 2.60588 -0.349979 0.843032 0.1
0.630485 4.75163 2.96471 -1.71599 0.875999 0.06
1.04473 4.03178 -0.348772 -7.79856 0.290353 0.18
0.913536 2.9399 -1.63614 -9.62823 -0.991706 0.12
0.8177 2.40954 -1.52962 -7.91703 -0.627935 0.06
0.591488 1.59128 -1.82762 -3.77808 -0.930851 0.14
0.23028 1.35094 -2.73905 0.659407 -0.832895 0.16
-0.00745756 1.47887 -3.19115 2.47797 -0.824189 0.08
-0.208999 1.66212 -3.51627 3.58854 -0.945767 0.06
-0.575692 2.09364 -3.79711 4.92325 -0.752002 0.1
-0.651714 2.19435 -3.80493 5.14238 -0.493634 0.02
-0.725612 2.30239 -3.58321 5.66328 0.977315 0.02
-1.03417 4.05476 0.499156 12.8804 -0.850371 0.18
-1.00626 5.12584 0.115234 8.77345 0.541003 0.1
-0.994797 6.39088 0.107875 4.73097 -0.0105911 0.2
-1.00135 7.438 0.0188292 5.89332 -0.602323 0.2
-0.92976 8.52986 0.970753 8.0037 0.178153 0.16
-0.886913 8.85932 1.16152 8.4251 -0.0787752 0.04
-0.745978 9.81287 0.984371 6.63302 -0.0790184 0.12
-0.726564 9.94087 0.955993 6.15882 0.382183 0.02
-0.693485 10.1591 0.704677 4.76812 -0.224059 0.04
-0.664113 10.3815 0.29412 2.70283 -0.490278 0.06
