-0.0445987 -2.51013 -0.0781784 -0.0872191 0 0
-0.249959 -3.08457 -1.95122 -5.07559 -0.984483 0.2
-0.524301 -3.70216 -2.54575 -4.74268 -0.860331 0.12
-0.779034 -4.06876 -2.5691 -2.57653 -0.421866 0.1
-0.999863 -4.22152 -2.95934 -1.23588 -0.903337 0.08
-0.982698 -3.50006 0.416499 4.65604 -0.289794 0.2
-0.973261 -3.40448 0.525809 4.89159 0.520943 0.02
-0.851462 -2.73504 1.4019 5.67611 0.996388 0.12
-0.58178 -2.03127 1.99138 2.85103 0.906739 0.16
-0.163473 -1.92611 2.22229 -1.5687 0.31886 0.2
0.134685 -2.21075 2.73649 -3.02486 0.792551 0.12
0.703068 -2.78912 3.63879 -2.84201 0.819861 0.18
1.02289 -4.19359 -0.360934 -9.44782 -0.0749505 0.2
0.957072 -5.24168 -0.753695 -3.75155 -0.960253 0.16
0.681351 -5.3854 -2.01799 2.00818 -0.688608 0.2
0.333344 -4.87676 -2.86506 5.02011 -0.937024 0.14
0.275436 -4.7732 -2.92398 5.33281 -0.816523 0.02
-0.367544 -3.52472 -3.59169 6.16748 -0.953714 0.2
-0.591514 -3.18058 -3.9022 5.16741 -0.64127 0.06
-1.06213 -2.19199 0.558134 11.6085 -0.68455 0.16
-0.950617 -0.712818 0.970051 4.82735 0.991601 0.18
-0.719049 -0.313163 1.94627 0.463044 0.59296 0.16
-0.365101 -0.351916 1.98077 -0.844171 -0.0535417 0.18
-0.123328 -0.564028 2.83418 -3.33075 0.948895 0.1
0.327875 -1.2139 3.51796 -5.8146 0.813182 0.14
0.398601 -1.33299 3.55251 -6.09281 0.719919 0.02
0.819292 -2.15467 3.41464 -7.54713 0.555285 0.12
1.04545 -3.44414 -0.433447 -14.9928 0.270621 0.12
1.00512 -5.14984 -0.0914287 -9.33093 -0.618571 0.14
1.00366 -5.3298 -0.0571589 -8.67472 0.97406 0.02
1.00081 -6.06586 -0.0120476 -6.33125 0.280894 0.1
1.00013 -7.2239 -0.00484014 -6.04649 0.304724 0.2
1.00024 -7.47406 0.00569884 -6.46945 0.965365 0.04
0.99787 -7.7404 -0.130797 -6.86321 0.105509 0.04
0.992268 -8.17333 -0.0681706 -7.53857 0.918104 0.06
0.974525 -9.28141 -0.00759793 -7.49704 0.591863 0.14
0.913644 -10.4745 -0.520185 -4.75432 -0.822768 0.18
0.935001 -10.8086 0.655654 0.626409 0.733384 0.18
