0.119985 -0.873272 0.012337 -0.0930091 0 0
0.116304 -1.09664 -0.0864553 -2.63875 -0.194104 0.16
-0.031056 -1.88431 -1.4993 -5.55874 -0.804979 0.2
-0.17606 -2.39099 -2.14519 -7.12364 -0.532543 0.08
-0.552204 -3.50612 -2.98052 -7.73197 -0.668643 0.14
-0.935305 -4.20915 -1.06573 -0.0624272 0.823275 0.2
-0.978771 -4.19649 -1.1076 0.686233 -0.296492 0.04
-1.01471 -4.01997 0.12166 3.53883 -0.855803 0.08
-0.95313 -3.53666 1.12362 6.04881 0.952953 0.1
-0.718187 -2.59634 2.04238 6.41301 0.968011 0.14
-0.546804 -2.14796 2.24966 4.71984 0.926451 0.08
-0.0253466 -1.68993 3.0677 -0.0475998 0.80083 0.2
0.698906 -2.06724 4.12496 -3.34196 0.909336 0.2
1.08298 -2.52359 0.794722 -10.4169 0.881681 0.1
1.08498 -2.75881 -0.389611 -12.7015 -0.467446 0.02
1.07243 -3.02075 -0.781843 -13.2902 -0.967315 0.02
1.05537 -3.28577 -0.9002 -13.1365 -0.993552 0.02
1.03728 -3.54343 -0.891773 -12.5742 -0.993379 0.02
0.910264 -5.25948 -0.829934 -4.87182 -0.998055 0.2
0.893167 -5.35083 -0.882351 -4.26494 -0.39012 0.02
0.826545 -5.94403 0.141536 -2.86335 0.797592 0.18
0.928537 -6.52592 0.908809 -3.44511 0.506976 0.2
0.940796 -6.95471 -0.709576 -1.51395 -0.99965 0.2
0.825658 -7.17634 -1.21 -2.25921 -0.63524 0.12
0.493579 -7.70299 -2.51065 -3.88189 -0.985558 0.18
0.217505 -8.17177 -3.04858 -5.54186 -0.4582 0.1
-0.313418 -9.16689 -4.5437 -8.57471 -0.878599 0.14
-0.499564 -9.51169 -4.73393 -8.54442 -0.644647 0.04
-1.03464 -10.185 -0.235773 2.6729 0.989722 0.16
