-0.0863136 -3.04531 -0.0964786 0.0778126 0 0
-0.0927941 -3.04244 0.0156465 -0.0381498 0.11054 0.16
-0.128407 -3.1431 -0.595609 -1.51282 -0.551906 0.12
-0.142006 -3.1768 -0.763514 -1.85116 -0.961334 0.02
-0.268911 -3.43841 -1.32682 -2.30488 -0.639336 0.12
-0.296363 -3.48441 -1.41779 -2.28987 -0.699846 0.02
-0.458177 -3.69243 -1.81065 -1.78019 -0.672669 0.1
-0.49546 -3.72714 -1.91742 -1.68741 -0.864314 0.02
-0.621933 -3.82154 -2.29652 -1.43369 -0.997232 0.06
-1.04002 -3.81945 -0.548889 4.52172 -0.464898 0.18
-1.02863 -3.45597 0.493731 6.67959 0.453183 0.06
-0.962572 -2.88653 1.08324 7.1983 0.952097 0.08
-0.837055 -2.23935 1.3975 5.479 0.98738 0.1
-0.633659 -1.73783 1.59126 1.76389 0.537773 0.14
-0.404148 -1.69192 2.24037 -0.923275 0.842736 0.12
-0.309811 -1.74436 2.47456 -1.68528 0.927442 0.04
-0.259281 -1.78163 2.57782 -2.03801 0.863707 0.02
0.147394 -2.20494 3.21019 -3.77185 0.865389 0.14
0.727444 -2.80808 4.1101 -3.22456 0.916521 0.16
0.811039 -2.86983 4.25055 -2.94445 0.893211 0.02
0.987217 -2.97418 4.56125 -2.25462 0.931463 0.04
1.06415 -3.55411 -0.480153 -13.1367 0.266783 0.06
1.01055 -4.88097 -0.193102 -8.63908 -0.480838 0.12
0.94651 -5.89843 -0.791405 -2.87093 -0.579411 0.18
0.918434 -6.52085 0.49868 -4.46405 0.887628 0.18
1.00458 -7.05111 0.9573 -5.73599 0.971374 0.1
0.96282 -7.84019 -0.887948 -5.58628 -0.694992 0.16
0.640954 -9.28371 -2.30111 -8.49455 -0.404168 0.2
0.556997 -9.59445 -1.87647 -6.96384 0.932922 0.04
0.358099 -10.2188 -2.06681 -5.26007 -0.758343 0.1
0.165475 -10.5957 -1.83201 -2.36679 -0.0896109 0.1
