-0.112829 1.78762 -0.0204382 -0.0552406 0 0
-0.0083819 2.24973 1.15168 4.56831 0.632502 0.2
0.212901 3.0511 1.95022 6.42125 0.463217 0.14
0.295595 3.31074 2.16887 6.48138 0.806716 0.04
0.732487 4.23682 2.67439 3.31365 0.824188 0.18
1.03581 4.33517 -0.468435 -2.70234 0.791027 0.18
0.848449 3.59121 -1.94362 -6.55229 -0.881779 0.16
0.496838 2.57883 -2.85852 -6.84609 -0.971424 0.14
0.198258 2.0036 -3.13489 -4.55842 -0.995092 0.1
-0.396977 1.6137 -3.56959 0.0708703 -0.535715 0.18
-1.03813 1.88324 -3.59109 3.66829 -0.876389 0.16
-0.929376 3.23529 1.89791 10.0585 0.991245 0.16
-0.534141 4.72386 2.14732 4.37251 0.937815 0.2
-0.447389 4.87476 2.19945 3.18253 0.378057 0.04
-0.320572 5.01946 2.03809 1.67657 -0.366503 0.06
-0.0814301 5.04291 2.74477 -1.1344 0.906743 0.1
0.0921727 4.93297 3.03338 -2.49755 0.673553 0.06
0.725806 4.19578 3.91579 -5.25836 0.993424 0.18
0.8033 4.08734 3.83275 -5.58327 -0.063992 0.02
1.05492 2.97016 -0.552059 -14.3479 0.0443098 0.12
1.00922 1.52904 -0.145035 -9.46691 0.954652 0.12
0.943878 0.407687 -0.921917 -3.08968 -0.811095 0.18
0.618209 0.290754 -2.30477 1.54127 -0.689912 0.2
0.227942 0.657096 -2.56344 3.13437 -0.16387 0.16
-0.253275 1.40905 -3.32246 6.04113 -0.848522 0.16
-0.386945 1.66142 -3.35399 6.56925 -0.722121 0.04
-1.06065 3.15396 -0.794513 13.4682 -0.946229 0.2
-1.03395 4.33545 0.501448 13.6118 0.323609 0.08
-1.00894 5.28474 0.160568 10.334 0.535439 0.08
-1.00078 6.79377 0.00683078 7.41921 -0.908093 0.18
-0.903032 7.73715 1.3814 6.78965 0.816442 0.14
-0.454257 9.24825 3.61959 10.2303 0.919936 0.18
-0.380218 9.45391 3.77251 10.293 0.974962 0.02
-0.304705 9.65615 3.76865 9.89372 0.496109 0.02
-0.0778571 10.2068 3.76005 8.30652 0.933347 0.06
0.50527 11.094 2.36669 1.4196 -0.526031 0.2
