-0.178847 -1.21303 -0.0765012 -0.0283315 0 0
-0.242979 -1.44287 -0.756872 -2.80427 -0.645295 0.16
-0.294757 -2.10288 0.0468429 -5.08622 0.985542 0.16
-0.289628 -2.31069 0.212423 -5.26769 0.950916 0.04
-0.289094 -2.54077 -0.188391 -6.22807 -0.852323 0.04
-0.484504 -3.96382 -1.38314 -6.08229 -0.937516 0.2
-0.637334 -4.50938 -0.469014 -0.433277 0.387591 0.18
-0.663867 -4.38783 0.0410264 2.38634 0.502075 0.12
-0.664948 -3.90607 -0.03485 4.29727 -0.323341 0.14
-0.512611 -2.7969 1.53148 6.87307 0.980568 0.18
-0.307493 -2.0974 1.88427 4.54205 0.950718 0.12
0.0861425 -1.68048 2.57657 0.175845 0.756814 0.18
0.191049 -1.69143 2.66831 -0.713015 0.392678 0.04
0.484246 -1.85733 3.18199 -2.51644 0.856349 0.1
0.963102 -2.335 3.64475 -4.05772 0.727393 0.14
1.07006 -2.5749 0.65059 -9.84268 0.806042 0.04
1.07154 -2.79455 -0.331732 -11.7697 0.219277 0.02
0.940693 -4.79049 -0.612439 -6.53205 -0.999929 0.2
0.960888 -5.60028 0.719836 -3.14921 0.902676 0.18
1.00879 -5.7812 -0.013195 -0.0909621 -0.0180837 0.1
