-0.026928 -1.09655 0.0593629 0.0723654 0 0
-0.0177782 -1.13464 0.241932 -1.31708 0.292466 0.06
0.0616043 -1.46568 1.02976 -4.02277 0.962631 0.12
0.120127 -2.48153 -0.506443 -7.50164 -0.701044 0.18
0.0565181 -3.12163 -1.00854 -8.17582 -0.492618 0.08
0.0111886 -3.44822 -1.2321 -8.04027 -0.996992 0.04
-0.186058 -4.44049 -1.07412 -2.9833 -0.445249 0.18
-0.232916 -4.54034 -1.27345 -2.01097 -0.893636 0.04
-0.368033 -4.59774 -0.989039 0.951799 0.272086 0.12
-0.477713 -4.17174 -0.319386 4.30295 0.398782 0.16
-0.421631 -3.32902 1.11835 7.50764 0.933574 0.14
-0.37048 -3.02186 1.41639 7.7471 0.965371 0.04
-0.215376 -2.31821 1.63289 5.99349 0.857689 0.1
0.126518 -1.66551 1.9413 0.704595 0.531731 0.2
0.290307 -1.68248 2.15209 -1.08836 0.431749 0.08
0.480855 -1.82884 2.60198 -2.50994 0.924038 0.08
0.532842 -1.88272 2.5958 -2.87616 0.159158 0.02
1.04935 -2.75898 0.53557 -9.47167 0.484947 0.2
1.0346 -3.41059 -0.468137 -10.8107 -0.222005 0.06
0.966845 -4.73593 -0.492597 -5.60531 -0.994445 0.16
0.867209 -5.17249 -1.25438 -1.67518 -0.993101 0.12
0.551419 -5.02077 -1.85835 2.91766 -0.329112 0.2
0.336164 -4.62985 -2.40683 4.77284 -0.995289 0.1
-0.0805304 -3.73038 -2.81678 5.9783 -0.812952 0.16
-0.773052 -2.88691 -4.25773 1.66269 -0.818983 0.2
-1.08163 -2.51239 0.320038 10.276 -0.43728 0.1
-0.955117 -1.10984 0.927328 4.63673 0.921722 0.18
-0.712652 -0.801094 2.16202 -0.629512 0.889991 0.16
-0.567761 -0.890829 2.65856 -2.32057 0.958766 0.06
-0.0089071 -1.63931 3.40825 -5.68958 0.777777 0.18
0.567784 -2.66023 3.85858 -6.44921 0.928456 0.16
0.646122 -2.78662 3.97927 -6.1712 0.955842 0.02
0.89357 -3.1294 4.29667 -5.12067 0.636544 0.06
1.04742 -3.36906 1.69889 -10.7629 0.905501 0.04
0.994536 -5.66463 -0.441629 -7.95439 -0.971927 0.2
0.981118 -6.84572 0.140724 -7.26666 0.549703 0.16
0.919579 -7.63707 -1.14822 -6.50646 -0.962885 0.12
0.844155 -8.04839 -1.38114 -7.23104 0.115887 0.06
0.589907 -9.06649 -2.86093 -9.7958 -0.834575 0.12
0.405972 -9.66042 -3.17665 -9.65367 -0.7297 0.06
0.0742873 -10.553 -1.17409 -2.22732 0.997502 0.16
