-0.026691 -1.79188 -0.0339634 0.0715307 0 0
-0.0250152 -1.93447 0.0476067 -2.35596 0.201501 0.12
-0.0226009 -2.42021 -0.0361062 -4.39921 0.173033 0.14
-0.155713 -3.39713 -1.48071 -6.92683 -0.988594 0.16
-0.418854 -4.26931 -1.82129 -3.64845 -0.792614 0.16
-0.780698 -4.52911 -2.2564 0.605557 -0.503417 0.18
-1.03927 -4.08119 0.395613 5.95018 -0.509692 0.16
-0.957194 -3.38861 1.21586 7.6961 0.603247 0.1
-0.901626 -3.07203 1.5388 8.02752 0.971187 0.04
-0.530495 -1.8066 2.16024 3.88146 0.985364 0.2
-0.447761 -1.6759 1.98472 2.67595 -0.378479 0.04
-0.366135 -1.59018 2.1012 1.61732 0.528307 0.04
0.186393 -1.73757 3.39103 -2.77281 0.986726 0.2
0.326399 -1.86084 3.60608 -3.37102 0.989542 0.04
0.917807 -2.55962 3.78298 -4.99535 0.489916 0.16
1.05032 -2.80273 1.38759 -10.2637 0.723967 0.04
1.06251 -3.04121 0.0432354 -13.088 0.196832 0.02
1.02623 -4.0951 -0.417737 -11.8086 -0.339179 0.08
1.00324 -5.21701 -0.0594382 -7.18989 -0.267971 0.12
0.899659 -5.95819 -1.24132 -1.28546 -0.762588 0.18
0.754959 -5.99974 -1.64614 0.381179 -0.361657 0.1
0.515897 -5.99617 -0.75198 -0.290703 0.580947 0.2
0.471808 -6.00361 -0.716842 0.0336084 0.15263 0.06
0.414814 -6.00154 -0.423657 0.010808 0.410928 0.1
0.392907 -6.02092 0.10971 -0.28557 0.513991 0.14
0.395259 -6.0257 0.125561 -0.193344 0.179879 0.02
0.48563 -6.15784 1.16862 -1.72588 0.913383 0.14
0.664637 -6.4251 1.82175 -2.83323 0.660512 0.12
0.872721 -6.77023 2.33059 -4.12026 0.626262 0.1
0.964967 -6.93727 2.28133 -4.25345 -0.0561709 0.04
0.992188 -7.32213 -0.335696 -2.67652 -0.110618 0.2
0.929745 -7.95085 -0.527656 -5.16984 -0.00565981 0.16
0.906654 -8.16991 -0.632618 -5.78115 0.0941369 0.04
0.893022 -8.28882 -0.731916 -6.1102 -0.146702 0.02
0.691044 -9.65794 -0.995084 -6.12198 0.0506888 0.2
0.619122 -10.163 -0.238911 -2.35728 0.380855 0.12
