-0.0431633 -0.574632 0.0257641 0.0236194 0 0
0.0329066 -0.943283 0.673222 -3.56316 0.311958 0.2
0.128261 -1.79918 0.273971 -6.03504 -0.0305709 0.18
0.129991 -2.19416 -0.230623 -7.16076 -0.515243 0.06
0.0634867 -2.9981 -1.02838 -8.60091 -0.511684 0.1
-0.00540131 -3.50512 -1.20773 -8.04738 -0.680431 0.06
-0.292868 -4.63791 -1.80139 -2.99692 -0.97536 0.2
-0.570612 -4.79886 -2.19519 0.584708 -0.441369 0.14
-0.745704 -4.6834 -2.17208 2.26696 -0.00235835 0.08
-1.03753 -4.15216 -0.111759 6.86178 -0.899238 0.14
-0.995559 -3.50924 1.04379 9.01593 0.986254 0.08
-0.945724 -3.13748 1.41503 9.44376 0.965251 0.04
-0.916817 -2.95053 1.46686 9.21653 0.677597 0.02
-0.594175 -1.60471 1.87066 3.84264 0.960413 0.2
-0.332322 -1.35095 2.5364 0.434718 0.843134 0.12
0.164105 -1.59741 3.61787 -3.25438 0.997639 0.16
0.633899 -2.09366 4.18356 -4.81293 0.997561 0.12
1.07068 -2.85695 0.690764 -12.7781 0.0119 0.12
1.07251 -3.13691 -0.32889 -14.783 -0.984017 0.02
1.06197 -3.43669 -0.642828 -14.9722 -0.108997 0.02
0.994538 -5.60772 -0.313738 -6.98324 -0.8664 0.2
0.998268 -6.61384 0.294528 -6.12552 0.512098 0.16
0.992858 -7.67501 -0.203301 -6.55341 0.177383 0.18
0.93889 -8.55198 -0.737805 -8.10678 0.138119 0.12
0.889785 -9.04997 -0.861429 -8.33651 0.321643 0.06
0.726888 -10.3303 -0.734683 -4.80582 -0.298218 0.18
0.697247 -10.5526 -0.276415 -2.67472 0.642773 0.06
