0.141957 -2.64951 0.0434714 0.0577913 0 0
0.16348 -2.73971 0.234348 -1.06278 0.266569 0.16
0.0805016 -3.2186 -1.22056 -4.41367 -0.99308 0.16
-0.186348 -3.90282 -2.04196 -3.54043 -0.92017 0.16
-0.637482 -4.28597 -3.00697 -0.635996 -0.980715 0.18
-0.990949 -4.10899 -2.02026 3.0663 0.773368 0.14
-1.02035 -4.02948 -0.763576 5.11389 0.442953 0.02
-1.02601 -3.77911 0.206983 6.96228 0.806784 0.04
-1.01965 -3.63518 0.427739 7.42334 0.892442 0.02
-0.9759 -3.15837 0.986952 8.27555 0.918146 0.06
-0.748144 -1.9162 1.4643 4.71297 0.937951 0.18
-0.61791 -1.62575 1.8217 2.55139 0.922657 0.08
-0.236826 -1.57591 2.42296 -1.7953 0.511111 0.18
0.0271039 -1.84832 2.83278 -3.55423 0.754525 0.1
0.143493 -2.00103 2.9841 -4.06131 0.835072 0.04
0.394643 -2.35231 3.29822 -4.60514 0.878293 0.08
1.05446 -3.38577 0.0133311 -12.5165 0.960722 0.2
0.990745 -5.35839 -0.391538 -6.13807 -0.924201 0.2
1.00366 -6.34703 0.380088 -4.33036 0.56116 0.2
1.00127 -7.04833 -0.0130052 -4.05964 0.888456 0.2
1.00062 -7.31116 -0.00772531 -4.72999 0.359129 0.06
0.947714 -8.35955 -0.702267 -7.10299 -0.0757687 0.18
0.825027 -9.63741 -0.345192 -5.66731 0.449578 0.18
0.781225 -10.2465 -0.285445 -2.87163 -0.317846 0.14
