-0.0921736 -1.15008 -0.0264352 0.0327378 0 0
-0.0214637 -1.46149 0.844243 -3.67403 0.745106 0.16
0.0514935 -2.02359 0.318844 -5.72134 -0.265836 0.12
0.0608411 -2.26498 0.146006 -6.3383 -0.0464292 0.04
-0.00516801 -3.19255 -1.14319 -8.62628 -0.984788 0.12
-0.134581 -3.98576 -1.36365 -6.81089 -0.928208 0.1
-0.310357 -4.60077 -1.64777 -3.44773 -0.86081 0.12
-0.407639 -4.7569 -1.60835 -1.78614 -0.0362489 0.06
-0.85823 -4.62073 -2.86325 2.82773 -0.934783 0.2
-0.916499 -4.56074 -2.96264 3.16595 -0.90228 0.02
-0.975711 -4.49386 -2.95748 3.5197 -0.202193 0.02
-0.922034 -3.2069 1.56733 9.14498 0.954603 0.18
-0.890127 -3.0256 1.61492 8.95102 0.530985 0.02
-0.523378 -1.6709 2.10354 4.01272 0.99198 0.2
-0.481579 -1.5966 2.07863 3.42091 0.0714917 0.02
-0.318851 -1.41128 2.00978 1.26491 -0.050486 0.08
-0.136521 -1.39585 2.54885 -0.835982 0.923515 0.08
-0.0363056 -1.44565 2.45981 -1.64776 -0.316316 0.04
0.0126372 -1.48261 2.4337 -2.0464 -0.144279 0.02
0.594135 -2.22675 3.30099 -4.88341 0.881786 0.2
0.862595 -2.63617 3.4285 -5.202 0.550994 0.08
1.05456 -3.23755 0.018078 -12.6846 -0.158057 0.08
1.02257 -4.23377 -0.365335 -11.0378 -0.98565 0.08
1.01623 -4.44581 -0.270641 -10.1752 0.407336 0.02
1.00608 -4.98573 -0.0956458 -7.89771 0.834109 0.06
0.974937 -5.99447 -0.389527 -2.68895 -0.214413 0.2
0.975918 -6.57711 0.425411 -3.59326 0.52007 0.2
1.00436 -7.22258 -0.0652669 -3.99053 0.976209 0.18
1.00073 -7.48587 -0.0672148 -4.78924 0.148954 0.06
0.80821 -8.72028 -2.02105 -8.14824 -0.826241 0.2
0.66677 -9.24635 -2.65445 -9.2318 -0.82966 0.06
0.613183 -9.42973 -2.69545 -9.07214 -0.328051 0.02
0.289074 -10.3954 -1.01897 -1.9769 0.66686 0.18
