0.0960873 2.09257 0.0608913 -0.0811291 0 0
0.126179 2.17765 0.696968 2.17094 0.907082 0.08
0.316626 2.74438 2.06136 5.81375 0.976607 0.14
0.677135 3.64615 2.91534 6.16156 0.896742 0.14
1.03041 4.18245 -0.331595 -1.62038 0.78389 0.18
0.874705 3.46492 -1.2487 -5.14388 -0.366469 0.2
0.783334 3.12519 -1.7746 -6.04589 -0.983848 0.06
0.707039 2.88049 -2.02619 -6.11468 -0.969412 0.04
0.622031 2.64108 -2.21451 -5.79627 -0.996548 0.04
0.163403 1.89413 -2.9414 -2.26689 -0.960001 0.18
-0.302337 1.78647 -3.72827 0.654307 -0.92886 0.14
-0.867802 2.04664 -4.32761 2.88883 -0.777902 0.14
-0.952972 2.10911 -4.1883 3.35813 0.661977 0.02
-1.02607 3.19954 1.09561 11.5884 0.98102 0.12
-0.896244 4.39076 0.986589 7.82511 0.995249 0.12
-0.744404 5.15349 1.3631 3.14423 0.795463 0.14
-0.456132 5.28119 2.25553 -1.36675 0.625352 0.16
-0.0165158 4.76581 3.1397 -4.78769 0.862368 0.16
0.175258 4.45172 3.24015 -5.65102 0.690499 0.06
0.441886 3.96939 3.42903 -6.28455 0.884787 0.08
0.572458 3.70232 3.10086 -7.04874 -0.510942 0.04
0.633405 3.55914 2.99666 -7.25559 -0.227835 0.02
1.06094 2.18696 -0.607614 -11.8788 0.674403 0.18
0.996376 1.04216 -0.549142 -7.2644 -0.982573 0.12
0.792024 0.221531 -1.64186 -1.34561 -0.620698 0.2
0.31053 0.401667 -3.13725 2.94446 -0.799563 0.2
-0.249489 1.07514 -3.77766 5.42249 -0.620767 0.16
-0.722882 1.83051 -4.04223 7.05688 -0.893019 0.12
-1.02615 4.17418 0.418825 13.3507 -0.32199 0.2
-0.997695 6.07624 0.142808 6.58736 0.230535 0.2
-0.891393 6.8517 1.14476 3.83645 0.607891 0.16
-0.802209 7.45624 0.424593 6.09468 -0.959458 0.12
-0.577621 8.9232 1.92281 8.89716 0.337926 0.2
-0.411227 9.7098 1.25888 6.25616 -0.668646 0.1
-0.19464 10.4739 1.2056 2.13953 0.372509 0.18
