-0.105896 -1.03789 0.0339803 -0.0938527 0 0
-0.154665 -1.3019 -0.61001 -2.81382 -0.572505 0.18
-0.414584 -2.1964 -2.1373 -6.42043 -0.775881 0.2
-0.899416 -3.56439 -2.37072 -5.63252 -0.0893556 0.2
-0.997272 -3.68101 0.526618 2.48184 0.357798 0.18
-0.943128 -3.43831 0.820171 3.49112 0.310346 0.08
-0.883272 -3.20587 1.16429 4.17275 0.629519 0.06
-0.830163 -3.02892 1.48327 4.62252 0.998162 0.04
-0.799129 -2.93544 1.61793 4.71276 0.965787 0.02
-0.651285 -2.56571 2.05399 4.35409 0.975907 0.08
-0.148657 -1.9977 3.01733 1.1215 0.948781 0.2
0.301808 -2.02853 3.41836 -1.4517 0.557984 0.14
0.516493 -2.13713 3.73614 -2.13485 0.917356 0.06
0.748645 -2.28202 4.00194 -2.65408 0.816683 0.06
0.911587 -2.39372 4.14594 -2.91023 0.703558 0.04
1.05813 -3.00373 -0.46852 -12.1138 -0.641299 0.08
0.974916 -4.6209 -0.407236 -7.25499 -0.980793 0.16
0.896271 -5.36274 -0.765191 -2.16196 -0.507121 0.16
0.59067 -5.19851 -2.22604 3.4112 -0.848696 0.2
0.115381 -4.2943 -2.92258 6.26045 -0.91833 0.18
-0.311366 -3.38394 -3.2964 6.06278 -0.762877 0.14
-0.680676 -2.90731 -4.12665 3.27637 -0.828975 0.1
-1.06164 -1.9939 0.811181 10.1308 -0.985053 0.16
-0.900896 -0.779497 1.38016 3.4438 0.994288 0.18
-0.624579 -0.624792 2.57464 -1.05533 0.894266 0.14
-0.20956 -0.957469 2.58641 -3.11663 -0.0499159 0.16
0.13691 -1.47485 3.12031 -5.36175 0.822117 0.12
0.457588 -2.07799 3.2658 -6.59777 0.78639 0.1
1.07219 -3.56776 -0.265993 -14.423 0.962002 0.2
1.0625 -3.85831 -0.617122 -14.4181 -0.712988 0.02
1.00469 -5.64771 -0.0880651 -8.46435 -0.12492 0.16
1.00047 -6.93516 -0.00223047 -6.69193 0.644308 0.18
0.91639 -8.37204 -0.979996 -8.27485 -0.013179 0.2
0.837435 -8.9057 -1.64256 -9.48898 -0.579791 0.06
0.736542 -9.46595 -1.6394 -8.88489 0.149034 0.06
0.557951 -10.4802 -0.442036 -2.55594 0.321377 0.18
