0.0342041 -0.732412 0.000651732 -0.0557808 0 0
0.00139993 -0.831054 -0.473506 -1.34911 -0.578561 0.14
-0.00718297 -0.862448 -0.385539 -1.78758 0.438947 0.02
-0.00745737 -1.32942 0.304953 -4.69774 0.709903 0.14
-0.0081307 -1.74686 -0.345346 -5.82445 -0.771062 0.08
-0.145784 -2.75171 -1.64599 -8.51457 -0.620651 0.14
-0.219072 -3.10306 -1.99082 -8.94153 -0.862109 0.04
-0.54145 -4.29175 -1.58789 -3.91628 -0.295338 0.18
-0.651216 -4.50472 -1.18382 -1.49315 0.471864 0.08
-0.991675 -4.38581 -2.20291 2.40899 -0.826517 0.2
-1.03226 -4.23548 -0.0812385 4.9212 -0.765915 0.04
-0.976691 -3.60948 1.11187 7.46421 0.910806 0.1
-0.952761 -3.45708 1.27761 7.75982 0.674968 0.02
-0.824073 -2.80876 1.8384 8.00598 0.986601 0.08
-0.631694 -2.11438 2.00179 5.69183 0.932681 0.1
-0.334711 -1.59324 2.33562 1.8213 0.666667 0.14
0.261707 -1.70836 3.60163 -2.66715 0.965612 0.2
0.790822 -2.23033 3.92501 -4.57403 0.62404 0.14
0.951698 -2.41527 4.12269 -4.63586 0.991708 0.04
1.0262 -4.00389 -0.437552 -11.6384 -0.533361 0.14
1.00684 -4.79683 -0.110265 -8.32697 0.72216 0.08
0.960826 -5.61189 -0.755607 -3.32533 -0.863937 0.14
0.943789 -6.25137 0.623503 -3.70438 0.905684 0.2
1.00712 -6.64667 0.177046 -2.52116 -0.0641577 0.12
0.999329 -7.20485 -0.0381983 -3.79227 0.0191197 0.2
0.999825 -8.25199 -0.0322754 -6.57619 0.538455 0.2
0.950322 -9.29128 -0.562862 -7.70128 -0.0120614 0.14
0.917174 -10.2656 0.219455 -2.80459 0.150799 0.18
