0.105754 -2.78764 0.0257438 0.043893 0 0
0.241636 -2.67551 1.30881 0.872041 0.871343 0.2
0.298543 -2.64075 1.5357 0.857844 0.836284 0.04
0.56382 -2.54714 2.24937 0.428709 0.79058 0.14
0.989915 -2.5259 3.0765 -0.153037 0.810941 0.16
1.04219 -2.8103 -0.317749 -7.2167 -0.131071 0.06
0.969473 -3.57523 -0.999477 -7.45633 -0.988946 0.1
0.933013 -3.8477 -0.825377 -6.15923 -0.148861 0.04
0.817044 -4.41572 -1.15977 -3.26157 -0.865756 0.12
0.674238 -4.61777 -1.25286 -0.196219 -0.238011 0.12
0.363715 -4.33319 -2.15657 3.07532 -0.831018 0.18
-0.13491 -3.5572 -2.87806 3.96539 -0.724171 0.2
-0.607196 -3.15709 -3.90959 1.50469 -0.865841 0.14
-1.06672 -2.57461 0.647895 10.79 -0.704531 0.16
-0.929355 -1.10834 1.02255 3.83106 0.995828 0.2
-0.759752 -0.880611 1.83637 0.0454915 0.778976 0.12
-0.391141 -1.19294 2.70435 -3.7171 0.670825 0.16
-0.0991757 -1.65539 3.09073 -5.42725 0.850766 0.1
0.294204 -2.37999 3.469 -6.36646 0.99218 0.12
0.666185 -2.97628 4.05455 -5.14779 0.94561 0.1
1.05564 -3.75094 -0.00587703 -12.6688 0.373487 0.12
1.01741 -4.89732 -0.278788 -9.53565 0.909527 0.1
0.967717 -6.00163 -0.616845 -4.46045 -0.530008 0.16
0.867744 -6.41092 -1.03332 -2.64202 -0.301966 0.12
0.550416 -6.62814 -2.44443 -0.172315 -0.939644 0.18
0.142614 -6.84967 -2.09893 -2.28871 0.107721 0.18
-0.270292 -7.53969 -2.10762 -4.71003 0.00761589 0.2
-0.404474 -7.84494 -2.37784 -5.49139 -0.323458 0.06
-0.828638 -9.10856 -1.74804 -6.09678 0.859318 0.2
-0.932995 -9.46376 -1.7027 -5.60323 0.043825 0.06
-0.968341 -9.57672 -1.82891 -5.67565 -0.912247 0.02
-1.01219 -9.76909 0.432644 0.49779 0.999247 0.1
