-0.1087 -0.917676 -0.00990712 -0.0979481 0 0
-0.119413 -0.968758 -0.260789 -1.16554 -0.560941 0.08
-0.148559 -1.30781 -0.198816 -3.61499 0.0315268 0.14
-0.201398 -1.74175 -0.891206 -5.14662 -0.730584 0.1
-0.273798 -2.19666 -0.930437 -6.16597 0.423101 0.08
-0.375307 -2.75281 -1.59614 -7.63928 -0.569011 0.08
-0.528783 -3.39536 -2.14431 -8.00449 -0.874285 0.08
-0.823947 -4.28304 -0.98525 -1.31147 0.286178 0.2
-0.951971 -4.32803 -1.57947 0.378317 -0.96512 0.1
-0.957971 -3.59643 1.01681 6.08707 0.638209 0.2
-0.846748 -3.05533 1.70694 7.14817 0.946722 0.08
-0.736129 -2.63756 1.94745 6.60687 0.92061 0.06
-0.696858 -2.50932 1.97875 6.20866 0.814774 0.02
-0.297297 -1.76637 2.56831 1.96835 0.868421 0.18
0.121299 -1.7127 3.42025 -1.10314 0.957289 0.14
0.569808 -1.97016 4.03388 -3.04534 0.89512 0.12
1.07061 -2.90707 -0.579118 -13.0339 0.965324 0.16
0.953457 -4.95745 -0.486903 -6.53191 -0.979233 0.2
0.892011 -5.52427 -0.631088 -3.02929 -0.253103 0.12
0.819281 -5.80367 -0.408833 -1.16871 0.343672 0.14
0.84165 -6.03461 0.704783 -1.89235 0.924904 0.16
0.856598 -6.07272 0.790364 -1.92192 0.586878 0.02
1.02477 -6.40434 0.267978 0.0132562 0.586769 0.16
