0.0350529 -0.88215 0.0284188 -0.0784962 0 0
0.104862 -1.2564 0.669517 -3.8576 0.420163 0.18
0.184502 -1.72671 0.882533 -5.47278 0.612583 0.1
0.277074 -2.78348 0.296108 -7.38444 0.0381622 0.16
0.282779 -2.93069 0.279283 -7.31546 0.0580127 0.02
0.399705 -3.87434 1.07702 -2.73659 0.223928 0.18
0.548379 -4.08933 0.756946 -0.000675672 -0.464135 0.16
0.598408 -3.99311 -0.0429463 1.26853 -0.902493 0.14
0.5086 -3.68898 -0.97283 1.81157 -0.80279 0.18
0.437851 -3.15729 0.0460942 4.37016 0.648563 0.16
0.440758 -2.98637 0.093343 4.13734 0.273859 0.04
0.330955 -2.74634 -1.42655 -0.923294 -0.913924 0.16
0.189049 -2.90019 -2.11627 -2.83847 -0.902914 0.08
-0.355415 -3.64243 -3.19678 -3.6221 -0.769663 0.2
-0.987588 -4.08456 -3.84522 -1.13742 -0.755829 0.18
-1.04426 -3.77143 0.52386 6.12255 -0.911544 0.08
-1.03172 -3.64433 0.729638 6.58107 0.878796 0.02
-0.845616 -2.61128 1.6989 7.08737 0.969489 0.14
-0.462636 -1.68367 2.28069 2.08518 0.867234 0.2
-0.203885 -1.59769 2.9045 -0.321895 0.954354 0.1
0.0313729 -1.69324 2.96886 -2.02683 0.187967 0.08
0.414108 -2.05516 3.38366 -3.85694 0.716107 0.12
1.05647 -2.87497 1.39683 -9.93981 0.760644 0.18
1.05046 -3.64716 -0.612112 -13.2629 0.607176 0.06
1.02827 -4.1455 -0.457512 -11.5663 -0.991971 0.04
1.00716 -4.93454 -0.125449 -8.31269 0.0745272 0.08
0.9754 -5.6817 -0.563145 -4.16805 -0.722574 0.12
0.830638 -6.17305 -0.869608 -1.26987 -0.0672744 0.2
0.768656 -6.63246 0.254602 -3.54488 0.649775 0.2
0.83652 -7.16833 0.828027 -5.37087 0.680798 0.12
0.944692 -8.02835 0.63305 -6.9891 0.291747 0.14
1.00884 -9.12098 -0.0241048 -8.85527 0.627123 0.14
1.00066 -9.48375 -0.352392 -9.15334 -0.922887 0.04
0.993308 -9.66403 -0.374956 -8.84485 -0.563194 0.02
0.988529 -9.97796 0.135465 -6.8535 0.813146 0.04
1.00202 -10.7413 -0.029862 -2.73071 -0.0843367 0.16
