-0.103082 -1.81217 0.0238954 0.0510597 0 0
-0.0955797 -1.84544 0.224696 -1.13708 0.558504 0.06
-0.14175 -2.24858 -0.942503 -4.62397 -0.925812 0.14
-0.465809 -3.41545 -2.47525 -7.27761 -0.901569 0.18
-0.76478 -4.09836 -0.990114 -0.766566 0.629118 0.18
-0.850854 -4.10572 -1.16371 0.552847 -0.460773 0.08
-0.992342 -3.99921 -1.66575 1.50943 -0.831994 0.1
-1.02227 -3.77314 0.150242 5.13205 -0.969305 0.06
-1.00298 -3.43902 0.478083 5.91111 0.410983 0.06
-0.913657 -2.7921 1.21331 6.53385 0.991199 0.1
-0.607748 -1.85659 1.91263 2.46491 0.915781 0.2
-0.172667 -1.7718 2.93935 -1.36954 0.919498 0.18
-0.0507319 -1.8405 3.15535 -2.05121 0.903658 0.04
0.213588 -2.05337 3.44384 -3.20608 0.721971 0.08
0.71484 -2.59717 3.72975 -4.2517 0.553825 0.14
1.02802 -4.34488 -0.445732 -11.0699 0.840609 0.2
1.00205 -5.52595 -0.0647577 -6.23159 -0.174636 0.14
0.900134 -6.09786 -1.26252 -1.23548 -0.774781 0.16
0.77082 -6.54171 -0.0178809 -3.45127 0.728735 0.2
0.707322 -6.84844 -1.00549 -1.96223 -0.978336 0.12
0.64359 -7.2603 -0.116683 -4.75042 0.932316 0.12
0.638117 -7.80564 -0.0385165 -6.13695 0.45758 0.1
0.638642 -8.1966 0.0446269 -6.86079 0.835144 0.06
0.637984 -8.33728 -0.111862 -7.21034 -0.352806 0.02
0.625661 -9.36781 0.124894 -6.64784 0.58709 0.14
0.628673 -9.87391 -0.00276395 -5.75698 -0.49363 0.08
0.636485 -10.3262 0.136507 -3.27559 -0.262882 0.1
