-0.0222147 -1.48699 0.0307416 0.0830613 0 0
-0.0233121 -1.74993 -0.0881673 -3.23906 -0.0546572 0.16
-0.110483 -2.6303 -0.943259 -6.36146 -0.279548 0.18
-0.179183 -3.03481 -1.31859 -6.97694 -0.566226 0.06
-0.206984 -3.17575 -1.45683 -7.09514 -0.889563 0.02
-0.268624 -3.45599 -1.60824 -6.83433 -0.773568 0.04
-0.615091 -4.40203 -2.27579 -3.26236 -0.999181 0.18
-0.943801 -4.60612 -2.45769 0.23107 -0.317208 0.14
-0.964168 -3.99962 0.931678 5.24636 0.466713 0.2
-0.89703 -3.65309 1.30408 6.25347 0.405353 0.06
-0.685418 -2.81868 2.07656 6.93792 0.802717 0.12
-0.313739 -1.94095 2.59227 3.69346 0.96625 0.16
0.317262 -1.6762 3.77825 -0.922076 0.985427 0.2
0.55185 -1.76705 4.03632 -2.07687 0.729953 0.06
1.03857 -2.14286 3.30241 -5.04008 0.273666 0.12
1.04794 -2.93213 -0.995861 -11.6339 -0.98544 0.08
0.843247 -4.66906 -1.0987 -6.60479 -0.997085 0.18
0.785858 -5.4478 0.323108 -2.73042 0.954529 0.18
0.811403 -5.60193 0.311005 -1.18321 0.148688 0.08
0.818129 -5.62591 0.0257439 -0.0300026 -0.691278 0.04
