0.0322294 -1.60217 0.0324968 0.0380231 0 0
0.00012999 -2.02371 -0.432732 -4.08318 -0.203876 0.2
-0.0243717 -2.378 -0.176288 -4.66183 0.746301 0.08
-0.0860707 -2.95144 -1.0363 -6.60189 -0.779698 0.1
-0.148364 -3.70927 0.419521 -0.822386 0.614341 0.2
-0.0197184 -3.55665 0.996536 2.26129 0.240609 0.18
0.123034 -3.20478 1.01246 2.49902 -0.0179435 0.14
0.395215 -2.66233 1.93303 2.90992 0.740521 0.18
0.808268 -2.29846 2.66054 0.970249 0.759657 0.18
0.917276 -2.27077 2.79061 0.417638 0.630825 0.04
1.02615 -2.27278 2.17232 -1.24758 -0.243874 0.04
0.962823 -3.2191 -1.05453 -6.9024 -0.564321 0.16
0.738032 -4.18877 -1.6817 -4.5415 -0.998083 0.16
0.557452 -4.51609 -1.96751 -2.02572 -0.703288 0.1
0.518346 -4.5513 -1.94408 -1.49777 0.0339106 0.02
0.437228 -4.59231 -2.11381 -0.559811 -0.692088 0.04
-0.0541064 -4.2949 -2.75149 3.22693 -0.582584 0.2
-0.475764 -3.75984 -3.28568 4.08787 -0.788609 0.14
-1.02369 -3.1263 -2.97891 4.86977 -0.352852 0.16
-1.05302 -2.51634 0.51997 11.6454 0.588557 0.06
-0.993316 -1.25035 0.426132 6.44033 0.944442 0.14
-0.822486 -0.6476 1.62311 0.392765 0.821006 0.18
-0.372661 -1.05805 2.7756 -4.17858 0.673681 0.2
0.196768 -2.07808 3.41985 -6.76804 0.979385 0.18
0.471028 -2.63923 3.47088 -7.06417 0.659403 0.08
1.06123 -4.10022 -0.552846 -12.6113 0.806812 0.2
1.02696 -4.78726 -0.46504 -10.2083 -0.999769 0.06
0.919349 -5.93702 -1.2441 -4.14286 -0.992946 0.16
0.893977 -6.01599 -1.29326 -3.76094 -0.167245 0.02
0.82317 -6.23853 -1.06406 -3.71884 0.513439 0.06
0.763787 -7.29009 0.308054 -6.7958 0.984845 0.2
0.785469 -7.86405 0.201908 -7.58749 0.492959 0.08
0.792241 -8.17643 0.131927 -8.02893 0.65723 0.04
0.803562 -8.83808 0.192962 -8.30607 0.914337 0.08
0.806907 -9.00492 0.14665 -8.35737 0.19616 0.02
0.809026 -9.3424 -0.0146803 -8.41064 -0.299784 0.04
0.794147 -10.1274 -0.180546 -6.80464 -0.706126 0.1
0.768102 -10.8038 -0.289241 -2.91287 -0.599819 0.14
