-0.0794207 -2.80949 0.0656217 -0.085577 0 0
-0.110563 -2.94975 -0.572566 -2.10425 -0.521348 0.12
-0.158609 -3.12236 -0.619898 -2.13629 -0.0777258 0.08
-0.100596 -3.08036 1.15657 2.17641 0.958529 0.2
0.0864958 -2.76235 1.92702 2.854 0.876595 0.12
0.587302 -2.291 3.05838 1.46617 0.95878 0.2
0.953954 -2.25426 3.06066 -0.778981 0.211469 0.12
0.929314 -3.55861 -1.23118 -7.71122 -0.886529 0.2
0.704546 -4.49556 -1.65124 -3.7854 -0.962311 0.16
0.434101 -4.76422 -2.26176 -0.127426 -0.730544 0.14
0.338122 -4.75022 -2.53631 0.815673 -0.993713 0.04
-0.046384 -4.43763 -2.9159 3.49416 -0.518868 0.14
-0.501434 -3.85672 -3.59115 4.45457 -0.976477 0.14
-0.96739 -3.35867 -4.23192 3.49167 -0.808739 0.12
-1.04675 -2.75877 0.269087 13.0819 0.58511 0.06
-0.993781 -0.96354 0.344877 6.54329 0.990584 0.18
-0.815629 -0.282852 1.54065 0.668737 0.637445 0.2
-0.674309 -0.291868 1.98768 -0.852875 0.549881 0.08
-0.592375 -0.335781 2.10852 -1.34225 0.287592 0.04
-0.416239 -0.478678 2.29274 -2.24287 0.218768 0.08
-0.213771 -0.721438 2.75283 -3.7988 0.690275 0.08
0.366566 -1.76236 2.88503 -6.56459 0.424417 0.2
0.918948 -3.00672 3.47002 -6.08528 0.886864 0.18
1.00905 -5.12921 -0.15132 -8.81602 0.446331 0.2
0.974719 -6.26778 -0.423248 -4.31501 -0.260527 0.18
0.95851 -6.43731 -0.386143 -4.1914 0.191789 0.04
0.940716 -7.45056 0.0933924 -6.14356 0.468881 0.2
0.942806 -7.57597 0.113541 -6.39693 0.62653 0.02
0.944313 -8.27563 -0.121883 -7.61417 0.378302 0.1
0.939678 -8.43194 -0.343161 -8.02324 -0.656007 0.02
0.880798 -9.56425 -0.236693 -7.08678 0.382428 0.14
1.00946 -10.1909 1.25178 -0.795006 0.875537 0.18
