0.16458 -2.19222 0.0386825 0.0707657 0 0
0.0380035 -2.68669 -1.35034 -4.73672 -0.685665 0.2
-0.0496355 -2.98599 -1.5557 -5.13943 -0.302952 0.06
-0.118223 -3.20138 -1.86321 -5.56846 -0.940669 0.04
-0.381956 -3.85017 -2.46379 -4.78346 -0.973888 0.12
-0.584676 -4.16508 -2.61952 -3.07168 -0.677569 0.08
-1.00238 -4.21102 -1.33784 2.5774 0.51942 0.2
-0.940207 -3.29759 1.29717 7.54223 0.9657 0.16
-0.882806 -2.99173 1.55015 7.64824 0.880394 0.04
-0.746609 -2.41639 1.80958 6.47765 0.980768 0.08
-0.420768 -1.70448 1.95582 1.57107 0.512502 0.18
0.0393586 -1.83962 2.62079 -2.64986 0.565686 0.2
0.66463 -2.55845 3.65008 -3.86829 0.953722 0.2
0.736298 -2.6397 3.51678 -4.25088 -0.5531 0.02
0.951118 -2.89117 3.65707 -4.04575 0.4183 0.06
1.0508 -3.63784 -0.501974 -12.5545 -0.92464 0.08
0.999791 -5.02194 -0.289975 -7.19313 -0.976608 0.14
0.946932 -5.56169 -0.86409 -3.59233 -0.902826 0.1
0.895727 -6.14779 0.3221 -3.46093 0.880858 0.18
0.929295 -6.55833 0.180937 -2.70924 -0.0559837 0.14
0.983763 -6.98232 0.70233 -4.38732 0.53444 0.12
1.00439 -7.30765 -0.13991 -3.96232 -0.967785 0.08
0.975072 -7.65234 -0.605551 -4.72634 -0.6334 0.08
0.905035 -8.45451 -0.451381 -6.55282 0.640288 0.14
0.838571 -9.28682 -0.550523 -6.78862 0.246822 0.12
0.830769 -9.80063 0.41894 -3.3534 0.858626 0.1
0.86975 -10.0095 0.550728 -1.85857 -0.047415 0.08
