-0.17382 -0.569342 -0.0512783 -0.0893561 0 0
-0.153235 -0.717253 0.378236 -2.3141 0.309754 0.12
-0.126157 -0.885148 0.516888 -3.27522 0.254283 0.06
-0.10488 -1.24335 -0.100432 -4.00317 -0.766722 0.1
-0.281109 -2.34333 -1.82196 -7.44034 -0.765758 0.2
-0.489214 -3.13392 -2.22824 -7.88905 -0.205399 0.1
-0.836439 -4.12934 -2.07453 -4.13333 -0.398818 0.16
-0.980287 -4.35222 -1.55204 -1.53774 0.598393 0.08
-1.00779 -4.20806 0.282021 2.71822 -0.0906889 0.14
-0.983387 -3.87129 0.210728 3.90241 -0.333992 0.1
-0.917824 -3.28826 0.848219 5.50597 0.455954 0.12
-0.649528 -2.24367 1.6855 3.84281 0.837485 0.2
-0.277406 -1.87774 2.50548 0.241089 0.862109 0.18
-0.018801 -1.95536 2.66128 -1.72977 0.354519 0.1
0.035601 -1.99261 2.77861 -1.991 0.989068 0.02
0.480184 -2.3625 3.57306 -3.03966 0.985694 0.14
0.551718 -2.42538 3.58044 -3.24358 0.297031 0.02
0.82501 -2.73476 3.25575 -4.39764 -0.254666 0.08
1.04258 -3.85652 -0.556583 -11.5432 0.5725 0.14
0.979596 -5.19934 -0.534638 -5.44785 -0.983483 0.16
0.89319 -5.63795 -0.965122 -1.96525 -0.401835 0.12
0.617302 -5.56671 -2.06722 2.4998 -0.610582 0.18
0.576621 -5.51557 -2.00081 2.61697 0.453401 0.02
0.182463 -4.8286 -2.80262 5.7114 -0.854907 0.16
0.00974631 -4.46137 -2.94114 6.49299 -0.916509 0.06
-0.294845 -3.77613 -3.18199 6.95063 -0.960059 0.1
-0.643237 -3.15432 -3.88397 5.03887 -0.956965 0.1
-0.721834 -3.05744 -3.97737 4.64097 -0.403513 0.02
-1.07114 -2.55214 -0.703379 10.0601 0.326235 0.1
-1.07329 -2.33468 0.311999 11.2879 0.244215 0.02
-0.939906 -0.732983 1.06009 4.32057 0.947899 0.2
-0.683921 -0.431109 2.15718 -0.288948 0.678622 0.16
-0.538602 -0.4983 2.681 -1.91984 0.925552 0.06
-0.364146 -0.656009 3.12463 -3.31135 0.857928 0.06
0.0464485 -1.18634 3.654 -5.43144 0.737167 0.12
0.119495 -1.29755 3.64888 -5.68959 0.367722 0.02
0.735984 -2.36538 4.01766 -7.27497 0.986073 0.16
1.05451 -3.28196 0.192793 -15.5938 0.613566 0.1
1.00372 -5.68691 -0.154297 -9.94567 -0.815187 0.18
1.00024 -7.10451 -0.00350103 -8.42808 0.669026 0.16
0.990435 -8.15992 -0.235766 -9.29033 0.767456 0.12
0.984493 -8.3481 -0.358404 -9.5288 0.383199 0.02
0.960542 -8.74498 -0.834381 -10.3175 -0.422007 0.04
0.907434 -9.35877 -0.838949 -9.80739 0.413933 0.06
0.890041 -9.55322 -0.890316 -9.59982 -0.569007 0.02
0.896287 -10.572 0.777507 -2.26835 0.6266 0.18
