-0.0950566 1.97247 -0.0136993 0.0196346 0 0
0.0374289 2.41678 1.56183 4.84539 0.965029 0.18
0.239921 3.00934 2.45721 6.76541 0.850837 0.1
0.392895 3.40861 2.60735 6.37368 0.521585 0.06
0.720475 4.05595 2.84134 4.18151 0.746946 0.12
1.04125 4.28915 -0.326736 -2.31609 0.147059 0.16
0.937509 3.82683 -1.4439 -5.38583 -0.94165 0.12
0.90705 3.71507 -1.60191 -5.78473 -0.640109 0.02
0.757976 3.20934 -2.08375 -6.62929 -0.558175 0.08
0.668756 2.93931 -2.35975 -6.78544 -0.997195 0.04
0.57115 2.67458 -2.50832 -6.38403 -0.902933 0.04
0.0141095 1.81431 -3.16117 -2.01401 -0.878335 0.2
-0.567306 1.77076 -4.11498 1.33974 -0.959515 0.16
-0.735891 1.83848 -4.3122 2.03211 -0.848213 0.04
-0.822346 1.88277 -4.33266 2.39471 -0.335176 0.02
-0.909898 1.93359 -4.42199 2.68297 -0.843118 0.02
-0.980165 3.23344 1.42177 10.5589 0.946639 0.16
-0.74906 4.58036 1.47195 5.85223 0.954486 0.16
-0.357705 5.12548 2.60669 -0.27961 0.879637 0.2
0.285337 4.5965 3.69894 -4.57767 0.860803 0.2
0.357562 4.50123 3.52187 -4.95287 -0.858534 0.02
0.558529 4.17192 3.16372 -6.03369 -0.31561 0.06
1.04177 2.67302 0.394817 -10.8752 -0.39636 0.2
1.0429 2.44764 -0.180846 -11.4156 0.834728 0.02
1.00243 0.82231 -0.0359667 -5.0022 0.759874 0.2
0.999964 0.265426 -0.00152105 -2.35895 0.149269 0.16
1.00082 0.0670371 -0.00496121 -1.65176 0.618882 0.1
0.974808 0.00423595 -0.637443 0.00819456 -0.831393 0.08
0.901099 -0.000267033 -0.591237 -0.0819909 0.0379602 0.12
0.864389 -0.00208762 -0.632109 0.0184973 -0.0790713 0.06
0.78848 0.000104705 -0.633174 0.0193485 -0.00749242 0.12
0.763874 -0.000798183 -0.597244 -0.0634402 0.0920819 0.04
0.714452 -0.00181275 -0.63792 0.0347415 -0.0609643 0.08
0.665601 -0.00420265 -0.583702 -0.0917111 0.0677311 0.08
0.594826 -0.0135042 -0.595177 -0.0700023 -0.0169337 0.12
0.582843 -0.0147505 -0.603119 -0.0548708 -0.0517444 0.02
0.523201 -0.0230415 -0.589505 -0.11309 0.00498424 0.1
0.475415 -0.0318441 -0.60475 -0.110714 -0.0328225 0.08
0.346486 -0.0490703 -0.682313 -0.0815082 -0.0598342 0.2
0.213453 -0.0572865 -0.794377 -0.0217394 -0.0916736 0.18
0.1477 -0.0579076 -0.849268 0.00503156 -0.101568 0.08
0.0251708 -0.061318 -0.901086 -0.0535739 -0.0678917 0.14
-0.011636 -0.0627167 -0.939148 -0.0172255 -0.132143 0.04
