-0.11074 2.8931 0.092748 -0.0588691 0 0
-0.0399872 3.05124 1.06919 2.50763 0.858452 0.12
0.243362 3.60583 1.99686 3.01576 0.737724 0.18
0.612512 3.96239 2.61906 1.28881 0.746768 0.16
1.03054 3.93247 1.04568 -4.05398 0.349692 0.16
1.04046 3.83078 0.0919746 -5.86777 0.39392 0.02
1.03791 3.70431 -0.275957 -6.6411 0.473187 0.02
0.853376 2.35951 -1.41578 -6.57958 -0.993387 0.18
0.503819 1.56224 -2.2524 -1.36216 -0.960529 0.2
0.250954 1.54941 -2.80576 1.04279 -0.813306 0.1
-0.265659 1.95875 -3.60019 3.80363 -0.877811 0.16
-0.489933 2.20391 -3.8749 4.3095 -0.96492 0.06
-1.05022 3.10262 -0.81189 11.8037 -0.109468 0.16
-1.03894 3.90417 0.500343 13.0841 0.803529 0.06
-1.00765 4.99795 0.138912 8.93756 0.577619 0.1
-0.934392 5.96671 1.0322 3.23718 0.854206 0.16
-0.861242 6.11634 1.40367 1.80842 0.581987 0.06
-0.69835 6.49096 0.619395 3.07963 -0.578989 0.16
-0.669039 6.60448 0.842751 2.62881 0.616241 0.04
-0.507372 6.93655 1.44536 2.36445 0.563123 0.14
-0.321234 7.28262 1.66996 3.47896 0.283714 0.12
-0.0386833 8.01962 1.95206 5.77024 0.00970529 0.16
0.129328 8.52891 2.26329 6.94283 -0.0435387 0.08
0.335238 9.1382 2.85019 8.11703 0.444303 0.08
0.700842 10.0544 1.17187 1.81202 -0.798676 0.18
