0.0843892 0.046677 -0.0740626 0.0777839 0 0
0.015188 0.206587 -0.69402 1.72452 -0.365737 0.18
-0.0120849 0.329733 0.282467 0.217534 0.841453 0.14
0.0445572 0.358269 0.65945 0.274884 0.460903 0.12
0.295214 0.315521 1.84301 -0.681201 0.793553 0.2
0.795806 0.0271582 3.18203 -2.40119 0.855055 0.2
0.978809 -0.0924498 2.92336 -1.63903 -0.398887 0.06
0.963573 0.827991 -0.865258 6.8593 -0.882404 0.18
0.875715 1.55966 -0.836534 7.81271 -0.636893 0.1
0.788816 2.75045 -0.485771 8.81221 -0.510365 0.14
0.49324 3.80575 -2.53851 1.40434 -0.967025 0.2
-0.0476497 3.6665 -3.46317 -2.68639 -0.48608 0.18
-0.438968 3.28123 -4.34904 -4.83258 -0.946147 0.1
-0.809251 2.86751 -4.86809 -5.27266 -0.921458 0.08
-0.905248 2.76822 -4.73155 -4.65382 0.38462 0.02
-0.949332 3.78459 1.22799 6.77946 0.978565 0.2
-0.71837 4.56698 1.47952 1.97827 0.631941 0.18
-0.398829 4.58745 2.5185 -1.57502 0.993651 0.16
0.143283 4.06017 3.46629 -3.87927 0.960038 0.18
0.901465 3.26489 4.23489 -3.20553 0.649263 0.2
1.06622 2.87119 0.111037 -12.342 0.727121 0.06
1.03874 2.11381 -0.555781 -11.7592 -0.634717 0.06
1.02869 1.88766 -0.446617 -10.8594 0.980656 0.02
0.919126 0.487445 -1.18965 -3.23347 -0.992693 0.2
0.76506 0.30557 -1.88995 -0.527639 -0.672918 0.1
0.204051 0.731871 -3.63069 4.49834 -0.99214 0.2
-0.346107 1.52314 -4.11938 6.66578 -0.857538 0.14
-0.846827 2.39762 -4.22935 7.67341 -0.902513 0.12
-1.01475 2.708 -3.45596 9.35006 -0.389508 0.04
-1.0249 4.55735 0.380406 14.2391 -0.181288 0.12
-1.01826 4.8328 0.28613 13.3208 -0.614072 0.02
-0.987295 6.71181 0.391228 8.27476 0.186043 0.18
-0.927222 8.09385 0.524307 9.22016 -0.76986 0.16
-0.9025 8.47109 0.709114 9.63502 -0.574394 0.04
-0.887407 8.66563 0.796569 9.80778 -0.49518 0.02
-0.724416 9.91533 1.54547 9.71388 0.731707 0.12
-0.613847 10.8189 0.231358 3.78143 -0.507323 0.14
