0.0047987 -1.13346 -0.0206009 0.0742148 0 0
0.100451 -1.52156 0.992601 -4.05333 0.791979 0.18
0.156084 -2.27004 -0.284231 -6.83021 -0.820173 0.14
0.11799 -2.72359 -0.980226 -8.24579 -0.898206 0.06
0.0961536 -2.89242 -1.19859 -8.6167 -0.974615 0.02
0.00973879 -3.42106 -1.61093 -8.71273 -0.990799 0.06
-0.32298 -4.63441 -1.86043 -3.23442 -0.791644 0.2
-0.361116 -4.69357 -1.9548 -2.68161 -0.843387 0.02
-0.591244 -4.82851 -1.90105 0.330352 0.0428649 0.12
-1.01967 -4.42014 -1.87823 4.41222 -0.903725 0.18
-0.966632 -3.40879 1.27947 8.79342 0.793037 0.14
-0.908472 -3.04954 1.5959 9.03745 0.959193 0.04
-0.594733 -1.7752 1.89753 4.58307 0.916236 0.18
-0.428889 -1.49993 2.27996 2.30603 0.905374 0.08
-0.336131 -1.42923 2.36164 1.23864 0.319169 0.04
-0.182 -1.40328 2.7775 -0.351616 0.960442 0.06
-0.00790285 -1.46636 3.02079 -1.72298 0.579497 0.06
0.372284 -1.81285 3.27733 -3.94088 0.474987 0.12
0.852788 -2.47574 3.5864 -5.21366 0.681568 0.14
1.02652 -4.11712 -0.411874 -11.6873 0.646556 0.16
0.962318 -5.66711 -0.748844 -4.05008 -0.909464 0.2
0.927051 -5.80364 -1.0185 -2.7927 -0.670914 0.04
0.836655 -6.39173 0.150123 -3.61392 0.750146 0.2
0.861865 -7.14208 0.0969499 -4.35478 0.0177431 0.2
0.903664 -8.02863 0.306696 -6.63681 0.556822 0.16
0.880499 -8.95022 -0.701328 -8.70059 -0.398315 0.12
0.864378 -9.12783 -0.905482 -9.03891 -0.804249 0.02
0.821349 -9.49663 -1.21157 -9.26629 -0.884572 0.04
0.674124 -10.6905 -0.391392 -2.79048 -0.036989 0.2
