-0.125852 1.0947 0.0322964 0.0964037 0 0
-0.166083 1.2903 -0.668897 3.0227 -0.743691 0.12
-0.217788 1.67322 -0.333258 4.64984 0.282336 0.1
-0.20523 2.77007 0.491628 7.24245 0.145411 0.18
-0.159114 3.23005 0.999004 7.87802 0.951017 0.06
0.0446612 4.2985 1.49196 4.84555 0.995919 0.16
0.345267 4.73841 2.35425 0.680451 0.970478 0.16
0.925557 4.43457 3.38863 -3.36566 0.835638 0.2
0.993379 4.36394 3.39265 -3.69374 0.31067 0.02
0.999963 3.43527 -1.20098 -9.68623 -0.988041 0.12
0.883766 2.66145 -1.55424 -9.08407 -0.867706 0.08
0.552464 1.44006 -1.99937 -3.07698 -0.956501 0.2
0.145608 1.31849 -3.10879 1.40675 -0.950001 0.16
-0.512609 1.90333 -4.10793 4.69463 -0.985557 0.18
-1.06532 2.73059 -0.935231 12.4332 -0.778188 0.14
-1.06154 3.30778 0.599613 15.1466 0.748625 0.04
-1.00183 5.53734 0.0792541 7.44819 0.441524 0.2
-0.949326 6.29684 0.741236 3.71847 0.496124 0.14
-0.842899 7.01639 0.454363 4.63697 -0.244979 0.18
-0.790816 7.39512 0.852529 4.93648 0.487727 0.08
-0.755656 7.60231 0.911475 5.42878 -0.0871286 0.04
-0.672023 8.07858 1.20551 6.51132 0.0220521 0.08
-0.284991 9.56314 2.90609 9.20488 0.749932 0.18
0.0470834 10.4768 1.3799 2.62019 -0.627452 0.16
