-0.13537 2.26993 -0.0533103 0.038216 0 0
-0.113011 2.39807 0.506105 2.45511 0.541134 0.1
0.160024 3.32802 2.11558 5.89871 0.873449 0.2
0.387394 3.86478 2.40211 4.59486 0.778909 0.1
0.690658 4.26462 2.68682 2.05365 0.677556 0.12
1.02315 4.2134 0.16889 -3.76328 -0.430861 0.16
0.988723 3.71191 -0.737269 -6.04893 -0.597205 0.1
0.972307 3.58713 -0.903217 -6.42 -0.68053 0.02
0.649006 2.21482 -1.99948 -5.52608 -0.981983 0.2
0.610323 2.11164 -1.87195 -4.79992 0.271718 0.02
0.449752 1.80673 -2.16817 -2.82 -0.883406 0.08
0.159497 1.64532 -2.69313 0.0708642 -0.73253 0.12
-0.179918 1.80647 -2.94519 2.51521 -0.400803 0.12
-0.77428 2.60394 -2.97144 4.98329 -0.319697 0.2
-1.01682 4.25128 0.266062 9.3169 0.451305 0.2
-0.965713 5.279 0.662467 3.62995 0.915264 0.16
-0.800043 5.4663 1.72788 -0.815095 0.838045 0.14
-0.315572 4.81124 2.95166 -5.27515 0.902635 0.2
0.0589027 4.08615 3.26135 -6.60606 0.938319 0.12
0.187763 3.81407 3.18649 -6.96251 0.343029 0.04
0.534204 3.18141 3.84289 -5.23223 0.94353 0.1
1.08129 2.5827 0.847915 -9.75267 0.539886 0.14
1.08421 2.36652 -0.348114 -11.3913 -0.882624 0.02
1.07245 2.13824 -0.732432 -11.2554 -0.462353 0.02
0.97314 0.935645 -0.86048 -5.97912 -0.986511 0.14
0.682849 0.447036 -2.45047 0.300928 -0.970172 0.18
0.391631 0.618801 -3.3517 3.04208 -0.996015 0.1
0.255024 0.752568 -3.47507 3.64516 -0.409197 0.04
-0.353357 1.55895 -4.0036 6.25957 -0.749056 0.16
-0.514293 1.8195 -4.03766 6.75561 -0.800086 0.04
-1.0308 2.89355 -2.78989 9.62271 -0.0606349 0.14
-1.06176 3.14128 -0.622218 14.3871 -0.772417 0.02
-1.06373 3.44849 0.268474 15.9185 -0.367935 0.02
-1.00435 5.75461 0.0791023 9.59694 0.180059 0.18
-0.997341 7.43813 0.108198 8.25547 -0.512044 0.2
-0.985731 7.94671 0.296265 8.73901 -0.564054 0.06
-0.967021 8.30641 0.644004 9.27566 0.0581626 0.04
-0.775415 9.88568 1.24406 8.728 0.205568 0.16
-0.680798 10.7045 0.258252 3.36108 -0.282856 0.14
