0.0844275 2.89148 -0.0301642 -0.0334089 0 0
0.0777034 2.88224 -0.30506 -0.42048 -0.848424 0.04
0.00993067 2.81281 -0.817609 -0.677056 -0.58859 0.12
-0.0286609 2.77968 -1.11042 -0.966699 -0.961173 0.04
-0.0580872 3.13878 0.763578 3.94832 0.983967 0.2
0.226661 3.96265 1.96516 3.3252 0.998416 0.2
0.309211 4.08344 2.16408 2.70465 0.980406 0.04
0.833463 4.27127 3.10926 -0.732699 0.842426 0.2
0.951167 4.2196 2.77382 -1.84376 -0.966645 0.04
0.976085 3.23498 -1.04115 -8.17055 -0.776712 0.16
0.689372 1.85724 -1.70983 -4.51524 -0.996174 0.2
0.469843 1.51752 -2.00554 -1.21402 -0.535853 0.12
-0.0625375 1.74497 -3.26707 3.13541 -0.965563 0.2
-0.731399 2.47971 -4.16861 4.4579 -0.996933 0.18
-1.05726 3.42152 0.410724 14.3381 -0.40997 0.12
-1.00952 4.8908 0.175446 9.73691 0.911862 0.12
-0.998717 6.28061 0.0512525 5.08392 -0.0506102 0.2
-1.00242 6.59098 -0.0318079 4.99853 -0.719297 0.06
-1.00186 6.88765 0.0221548 5.01541 -0.394693 0.06
-0.891436 7.65031 1.35347 5.10894 0.914175 0.16
-0.773527 8.10394 1.61995 6.25313 0.0177752 0.08
-0.5301 9.27226 0.877927 5.56649 -0.898791 0.18
-0.342317 10.1651 0.92044 2.6892 0.298382 0.2
