0.0429994 2.24718 0.0609015 -0.00888655 0 0
0.0937363 2.39631 0.964478 2.9298 0.981498 0.1
0.135648 2.52754 1.13186 3.61559 0.315203 0.04
0.183784 2.68298 1.27335 4.13092 0.243743 0.04
0.209381 2.76648 1.28519 4.20991 -0.0585914 0.02
0.371672 3.25278 1.91315 5.20634 0.731389 0.1
0.410991 3.35701 2.01637 5.20302 0.826504 0.02
0.781472 4.02224 2.11492 1.97108 0.411361 0.18
0.822898 4.05613 2.02859 1.4211 -0.313195 0.02
1.01288 3.69008 -0.206735 -4.55666 0.880623 0.2
0.91779 2.92027 -1.04135 -5.77347 -0.676873 0.14
0.818224 2.47862 -1.41974 -5.07015 -0.989636 0.08
0.459221 1.85841 -2.25572 -1.02994 -0.888764 0.2
0.217475 1.86036 -2.5803 1.01231 -0.574807 0.1
-0.408745 2.32415 -3.6621 3.17284 -0.944216 0.2
-0.559421 2.45281 -3.874 3.23337 -0.91569 0.04
-0.792947 2.65927 -3.91507 3.59079 -0.304437 0.06
-1.07757 3.02408 -0.770815 10.943 -0.865593 0.08
-1.06835 3.53983 0.704376 13.4712 0.303753 0.04
-0.985532 5.31633 0.480479 6.37763 0.997727 0.18
-0.99097 6.35289 -0.483882 4.84078 -0.602798 0.2
-1.00211 6.97546 0.0342451 4.03394 -0.311886 0.16
-1.00043 7.43258 0.00633657 5.1711 -0.339973 0.1
-0.999084 8.01697 0.0510175 6.51377 -0.428182 0.1
-0.996844 8.15028 0.174665 6.82034 0.200167 0.02
-0.961966 9.31803 0.0743365 6.84964 -0.529083 0.16
-0.951839 9.83592 0.128777 5.84297 0.36669 0.08
-1.01759 10.291 -0.186954 2.19947 -0.813343 0.14
