-0.0127648 -1.48181 0.0161528 -0.0729173 0 0
-0.145079 -1.91221 -1.42603 -4.24706 -0.934821 0.2
-0.335188 -2.45285 -2.41505 -6.60825 -0.894909 0.1
-0.564464 -3.05402 -3.27098 -8.1916 -0.998287 0.08
-0.934517 -3.8449 -2.01555 -3.03107 0.644674 0.14
-0.951831 -3.48984 1.1561 4.9006 0.889575 0.2
-0.751137 -2.80072 2.08376 5.98659 0.997738 0.12
-0.664432 -2.56921 2.24453 5.53963 0.959644 0.04
-0.222183 -1.91027 2.74679 1.69862 0.757747 0.18
0.220585 -1.86466 3.58572 -0.961729 0.977858 0.14
0.689281 -2.08844 4.21348 -2.63234 0.913245 0.12
0.95024 -2.26302 4.48475 -3.14057 0.862679 0.06
1.07022 -2.94938 -0.731189 -12.5482 -0.161697 0.08
0.920476 -4.9101 -0.702518 -6.19538 -0.979748 0.2
0.682853 -5.49377 -1.83637 0.174086 -0.726123 0.2
0.60793 -5.47154 -1.90849 0.929523 -0.0873844 0.04
0.179442 -4.93978 -2.74152 4.70376 -0.652745 0.18
-0.421755 -3.74452 -3.23975 6.58673 -0.862948 0.2
-0.697322 -3.25508 -3.70885 5.37054 -0.856778 0.08
-1.04983 -2.03219 0.62804 11.6383 -0.915681 0.16
-0.962293 -0.676848 0.843666 5.43164 0.998049 0.16
-0.774316 -0.230658 1.86915 1.19353 0.739526 0.14
-0.543891 -0.239983 2.72938 -1.29283 0.899698 0.1
0.0506262 -0.7734 3.81328 -4.5719 0.730499 0.18
0.207662 -0.971107 4.02972 -5.299 0.916466 0.04
0.288215 -1.07924 4.02407 -5.516 0.283497 0.02
0.867927 -1.98521 4.17265 -7.31454 0.775135 0.14
1.05173 -3.42085 -0.690247 -15.1808 0.879411 0.12
1.01483 -4.4854 -0.241323 -11.4295 0.932717 0.08
1.00057 -6.09431 -0.00966003 -5.67844 0.153192 0.2
1.00013 -6.82058 -0.000613438 -5.09152 0.19542 0.14
0.960422 -7.96336 -0.516603 -6.73418 0.00321712 0.2
0.806798 -8.9206 -2.09085 -9.43228 -0.970232 0.12
0.717308 -9.30521 -2.35026 -9.67555 -0.454122 0.04
0.620411 -9.68648 -2.45718 -9.2442 -0.653415 0.04
0.402133 -10.4983 -0.810485 -2.86004 0.875197 0.14
