0.0499853 2.634 0.0136652 0.0542383 0 0
0.0717742 2.86634 0.181392 1.95073 -0.0132491 0.2
0.10802 3.17064 0.309467 2.16055 0.104079 0.14
0.0632808 3.26282 -0.73689 -1.07794 -0.514304 0.2
-0.0236891 3.11226 -1.4258 -2.58088 -0.966823 0.08
-0.204354 2.80264 -2.15649 -3.38207 -0.974599 0.1
-0.248043 2.73648 -2.21182 -3.22806 -0.581484 0.02
-0.391085 2.54902 -2.5503 -2.96185 -0.956344 0.06
-0.666334 2.30999 -2.95754 -1.76052 -0.797415 0.1
-1.03079 2.2262 -2.54243 1.16203 -0.400985 0.12
-1.00056 2.945 1.09732 7.56748 0.765342 0.12
-0.977002 3.09835 1.25343 7.74309 0.900293 0.02
-0.859215 3.70663 1.61596 7.10332 0.983729 0.08
-0.521136 4.59828 2.26369 2.6507 0.998791 0.18
0.0283305 4.63353 3.23949 -2.05301 0.759619 0.2
0.774288 3.93581 4.17781 -4.37133 0.922096 0.2
1.06844 2.93654 -0.681905 -14.566 0.956409 0.12
1.00259 1.12268 -0.202355 -8.08827 -0.974526 0.16
0.937514 0.421481 -1.02661 -3.59487 -0.962801 0.12
0.895727 0.290577 -1.06264 -2.97575 0.0177899 0.04
0.740138 0.148835 -2.03851 -0.00650601 -0.995472 0.1
0.254685 0.469567 -3.32579 3.50433 -0.79581 0.18
-0.517001 1.5226 -4.18267 6.76485 -0.858293 0.2
-0.600522 1.66036 -4.16777 7.00982 -0.63499 0.02
-1.03328 2.64342 -1.31592 12.6982 0.111888 0.12
-1.04615 2.92407 -0.149494 14.9834 -0.503863 0.02
-1.02824 3.83795 0.383238 14.4392 -0.67174 0.06
-0.99294 5.75264 0.341139 7.16808 0.932846 0.18
-0.903305 6.51221 0.966558 4.11951 0.417613 0.14
-0.82391 6.96922 0.640203 5.08809 -0.470974 0.1
-0.782113 8.1405 0.0142871 7.64433 -0.993677 0.18
-0.678491 9.82595 0.551641 7.35263 0.0527771 0.2
-0.563464 10.7558 0.82803 2.85628 0.723201 0.18
