-0.139443 1.91133 -0.0832973 -0.0859705 0 0
-0.107533 2.08334 0.634965 2.88877 0.682377 0.12
0.0376347 2.61731 1.82526 5.98402 0.971823 0.12
0.253397 3.27303 2.406 6.69889 0.639609 0.1
0.808786 4.33557 3.13124 3.24872 0.947197 0.2
1.04162 4.44181 -0.510808 -1.89915 0.476097 0.14
0.813863 3.62174 -1.86209 -6.16393 -0.614873 0.2
0.582372 2.92783 -2.66883 -7.22228 -0.943693 0.1
0.312442 2.30165 -2.71071 -5.10476 -0.622524 0.1
-0.131108 1.81227 -2.91958 -1.10785 -0.503532 0.16
-0.428437 1.81546 -3.02804 1.11054 -0.263987 0.1
-0.919706 2.22549 -3.07345 3.82175 -0.260555 0.16
-1.03955 2.77696 0.259596 10.141 -0.871653 0.08
-0.94498 4.27061 0.58853 7.11317 0.890785 0.16
-0.811889 5.00572 1.25499 2.10813 0.939235 0.16
-0.55832 5.00442 1.90772 -1.94302 0.492152 0.16
-0.0695222 4.23241 2.85768 -5.2805 0.9244 0.2
0.236711 3.68687 3.30242 -5.3539 0.982134 0.1
0.591939 3.20535 3.85803 -3.97828 0.742587 0.1
1.06967 2.58944 0.0417581 -10.8849 0.312166 0.14
1.0639 2.36521 -0.50688 -11.2819 -0.702432 0.02
1.00528 1.0111 -0.0928615 -5.81082 0.600299 0.16
0.819879 0.568195 -1.85297 1.09895 -0.975639 0.2
0.358976 1.17283 -3.13244 5.26668 -0.953129 0.18
-0.0423266 1.91207 -3.49308 6.89924 -0.996535 0.12
-0.401899 2.62672 -3.75343 7.06673 -0.972221 0.1
-0.722958 3.13492 -4.33902 5.34409 -0.93921 0.08
-1.05498 4.31544 0.642339 12.5459 -0.287476 0.14
-1.00064 6.13574 0.0812369 6.68463 -0.0336859 0.2
-0.988377 6.75106 0.176245 5.85325 -0.0674357 0.1
-0.913959 7.39826 1.04997 5.34045 0.69671 0.12
-0.672169 8.23592 2.47398 7.04405 0.951569 0.14
-0.174493 9.55727 3.52307 8.54115 0.435099 0.16
0.576039 10.8474 4.02876 3.79477 0.980489 0.2
1.06821 11.1184 0.668012 0.89041 -0.325006 0.14
