-0.176047 -1.65115 -0.0774023 0.0732456 0 0
-0.179444 -1.79911 0.00325076 -2.44914 0.164023 0.12
-0.282251 -2.69007 -1.11134 -6.25286 -0.430809 0.2
-0.332963 -2.95239 -1.41345 -6.80425 -0.705403 0.04
-0.545143 -3.77316 -1.98866 -6.18455 -0.910089 0.12
-0.948675 -4.51644 -2.60017 -1.98471 -0.884874 0.18
-0.987508 -4.3985 0.947316 2.88264 0.99884 0.16
-0.829525 -3.89877 1.7285 5.4252 0.571563 0.12
-0.486672 -2.93421 3.02518 7.59092 0.986124 0.14
0.0488301 -1.95782 2.98579 3.07911 0.509848 0.18
0.575556 -1.76093 3.6345 -0.517833 0.728655 0.16
0.793306 -1.83063 3.61994 -1.7839 0.0892835 0.06
1.0014 -2.86548 -1.10281 -9.20713 -0.864957 0.18
0.95027 -3.24093 -1.41743 -9.42335 -0.946646 0.04
0.767199 -4.22732 -1.56637 -6.56667 -0.964877 0.12
0.426664 -4.92884 -2.3968 -1.26365 -0.952154 0.18
0.329531 -4.95926 -2.46108 -0.267602 -0.179393 0.04
0.057643 -4.86252 -2.9628 2.1198 -0.690062 0.1
-0.541854 -4.19222 -3.61417 4.96952 -0.77921 0.18
-0.806644 -3.72894 -2.99535 6.57811 0.523017 0.08
-1.04034 -2.44885 0.411599 12.5166 0.547699 0.14
-1.005 -1.0801 0.0779346 7.22369 -0.769619 0.14
-0.966864 -0.293226 0.52533 2.88615 0.34311 0.16
-0.733959 -0.203002 2.03126 -1.54982 0.861567 0.18
-0.621219 -0.280344 1.73101 -1.06573 -0.576912 0.06
-0.403356 -0.333904 0.468008 0.363459 -0.792962 0.2
-0.359079 -0.319175 0.267764 -0.0916146 -0.287971 0.12
-0.35064 -0.323431 0.15431 -0.121812 -0.414536 0.04
-0.349225 -0.32342 -0.0830967 0.118679 -0.765805 0.04
-0.353648 -0.322167 -0.138279 -0.0534537 -0.258625 0.04
