-0.182755 1.988 -0.0432457 -0.0496548 0 0
-0.174076 2.36907 0.16829 3.57704 -0.0380019 0.2
-0.0696761 3.07833 1.2831 6.14764 0.773251 0.14
-0.0133975 3.32756 1.5164 6.23862 0.851828 0.04
0.371846 4.31342 2.32701 2.98729 0.964853 0.2
0.808219 4.45904 2.55658 -1.18124 0.32519 0.18
0.859791 4.43159 2.60022 -1.56131 0.438137 0.02
0.960062 4.35102 2.41011 -2.46159 -0.495336 0.04
0.967817 3.38479 -1.19334 -8.2313 -0.922083 0.16
0.881966 2.87866 -1.60451 -8.36947 -0.971245 0.06
0.514663 1.66071 -2.17217 -3.40693 -0.995658 0.2
0.470904 1.59824 -2.20552 -2.84264 -0.428713 0.02
0.378477 1.50653 -2.42084 -1.7466 -0.864439 0.04
-0.0875862 1.55165 -3.39341 2.12404 -0.886155 0.16
-0.818685 2.30588 -3.84222 4.99181 -0.606914 0.2
-1.02277 2.66662 -1.75878 9.47678 0.71945 0.06
-1.02813 3.67654 0.383471 12.6556 0.565984 0.08
-1.01109 4.36219 0.18282 10.1753 0.0799057 0.06
-1.0014 5.53219 0.0129876 4.91901 -0.902972 0.16
-1.00034 6.03915 0.00128218 2.65276 -0.336307 0.14
-1.00074 6.42019 -9.06119e-05 1.8686 -0.895917 0.18
-0.993338 6.55703 0.178859 1.6164 0.267053 0.08
-0.946336 6.9079 0.334948 2.48672 0.164255 0.18
-0.860863 7.40061 0.756035 3.84035 0.351167 0.16
-0.793045 7.75072 0.959919 4.93285 0.157544 0.08
-0.466528 8.93123 2.78472 8.48811 0.818624 0.18
-0.408589 9.10501 3.00459 8.87145 0.909684 0.02
-0.285722 9.45827 3.10724 8.66754 0.311632 0.04
-0.157965 9.7992 3.25432 8.26602 0.916083 0.04
0.300328 10.6546 2.03326 1.77018 -0.36676 0.18
