0.103887 -0.922743 0.068517 0.0989274 0 0
0.0867593 -0.969867 -0.413672 -1.02561 -0.786375 0.1
-0.016929 -1.22989 -1.08568 -2.73218 -0.730078 0.14
-0.122147 -1.59178 -1.05224 -4.46471 0.184813 0.1
-0.218841 -2.21795 -0.579139 -5.73592 0.968271 0.12
-0.357735 -3.05841 -1.67609 -7.9125 -0.778034 0.12
-0.565045 -3.99924 -0.643096 -2.41042 0.295946 0.18
-0.632743 -4.14597 -1.05476 -1.24436 -0.912495 0.08
-0.690044 -3.89437 0.452667 3.85867 0.911331 0.18
-0.631094 -3.52074 1.01908 5.39122 0.619001 0.08
-0.411483 -2.66062 1.95831 6.0285 0.941961 0.14
-0.00492928 -1.8848 2.62425 2.36473 0.92878 0.18
0.215591 -1.7705 2.89955 0.518395 0.635032 0.08
0.916643 -2.03291 4.07768 -2.80345 0.977567 0.2
1.02798 -2.95214 -0.999953 -10.6387 -0.946823 0.12
1.00622 -3.16617 -1.16297 -10.7169 -0.980499 0.02
0.957322 -3.58369 -1.24018 -10.0054 -0.899467 0.04
0.703008 -4.9423 -1.58592 -3.56743 -0.984126 0.2
0.408665 -5.13413 -2.65436 0.729995 -0.997994 0.14
0.354941 -5.11492 -2.71748 1.18822 -0.356969 0.02
-0.226859 -4.54391 -3.63541 4.79621 -0.86669 0.18
-0.638127 -3.85451 -3.19153 6.61177 -0.0181716 0.12
-0.873737 -3.28457 -2.7471 7.3958 0.341411 0.08
-1.02639 -1.9171 0.358087 10.7173 -0.535346 0.14
-0.998648 -0.459797 0.0914471 4.59679 0.0580693 0.2
-0.995877 -0.373287 0.186569 4.06009 0.43293 0.02
-0.902746 -0.122582 1.35475 0.351441 0.981531 0.12
-0.660363 -0.221997 2.09996 -1.72436 0.566452 0.14
-0.293618 -0.659399 3.0983 -4.47945 0.852008 0.14
-0.23069 -0.752243 3.19279 -4.80344 0.731737 0.02
-0.0315385 -1.06907 3.42671 -5.7374 0.773837 0.06
0.548951 -2.1586 3.73444 -7.63695 0.953498 0.16
1.05988 -3.86903 -0.465467 -15.5154 0.575137 0.18
1.03758 -4.46144 -0.536124 -13.9159 -0.998449 0.04
1.00707 -5.64818 -0.130135 -10.1948 -0.311741 0.1
0.999085 -6.90676 -0.079684 -8.31022 0.354813 0.14
0.972613 -8.50227 -0.359386 -9.59223 0.798616 0.18
0.937124 -9.89812 0.35888 -6.22175 0.618894 0.16
1.00475 -10.5071 0.231091 -2.89444 -0.220959 0.14
