-0.176836 -1.44942 0.00260689 -0.0173017 0 0
-0.283448 -1.86211 -1.15039 -4.07962 -0.745169 0.2
-0.412345 -2.35205 -1.44731 -5.65265 -0.0256163 0.1
-0.610466 -3.03331 -2.47386 -7.71218 -0.947655 0.1
-0.660943 -3.1877 -2.56816 -7.70128 -0.679827 0.02
-1.00926 -4.04449 -1.50677 -2.47633 0.113459 0.16
-1.02901 -4.06833 0.0813041 0.607391 0.226453 0.04
-0.920875 -3.53115 0.923191 4.23942 0.282656 0.2
-0.900963 -3.4429 1.06712 4.57723 0.710953 0.02
-0.788611 -3.02723 1.70513 5.58754 0.940077 0.08
-0.753487 -2.9156 1.80453 5.55976 0.827441 0.02
-0.299502 -2.02685 2.72092 2.71469 0.989074 0.2
0.237272 -1.89212 3.27197 -1.06692 0.59278 0.18
0.503262 -2.03598 3.37007 -2.48355 0.351148 0.08
0.571145 -2.08843 3.41785 -2.75801 0.559894 0.02
1.04785 -3.25522 -0.49009 -11.8821 -0.0317833 0.2
0.96853 -4.97429 -0.499248 -5.08762 -0.97049 0.2
0.746327 -5.34535 -1.81887 1.16287 -0.809443 0.2
0.366812 -4.84644 -2.82223 4.76516 -0.927001 0.16
0.25064 -4.6431 -2.97966 5.38302 -0.96373 0.04
-0.400398 -3.42157 -3.66587 5.73465 -0.900757 0.2
-0.623057 -3.09326 -3.77957 5.08636 -0.202243 0.06
-0.865799 -2.84475 -4.31362 3.17657 -0.814776 0.06
-1.06702 -2.13603 0.675659 10.9824 0.424382 0.1
-1.00559 -1.2278 0.565749 7.22369 0.82151 0.1
-0.794788 -0.45406 1.73625 0.756836 0.719389 0.2
-0.579175 -0.518053 2.56289 -1.94852 0.856504 0.1
0.00124713 -1.24038 3.73524 -5.75255 0.950164 0.18
0.588811 -2.32328 3.5405 -7.66332 0.514455 0.16
1.05993 -4.00914 -0.574887 -14.7306 0.670471 0.18
1.0188 -5.05095 -0.324938 -11.3342 -0.818158 0.08
0.978848 -6.64008 -0.454712 -6.87589 -0.237206 0.18
0.952864 -7.0551 -0.425994 -7.00618 0.411294 0.06
0.918526 -7.47539 -0.72686 -7.08763 -0.136849 0.06
0.7184 -9.09454 -1.22447 -8.65705 0.427877 0.2
0.69189 -9.27074 -1.4199 -8.9355 -0.940573 0.02
0.662995 -9.44818 -1.4615 -8.77713 -0.350724 0.02
0.636066 -9.61513 -1.2265 -7.8991 0.922993 0.02
0.574599 -10.34 0.336857 -1.55048 0.770139 0.16
