0.0801626 2.36597 -0.0426803 -0.0559613 0 0
0.189618 2.73025 1.43233 4.39821 0.953016 0.16
0.620317 3.80151 2.64314 4.89523 0.901108 0.2
0.986105 4.14856 1.51989 -0.651699 -0.529823 0.18
1.01568 4.06817 0.127214 -3.13694 0.0682112 0.04
0.892115 3.13014 -1.38977 -6.58574 -0.785857 0.18
0.80152 2.74296 -1.59989 -6.16226 -0.737475 0.06
0.517632 2.0019 -1.98739 -2.89841 -0.774625 0.16
0.130268 1.80674 -2.88595 0.39444 -0.948533 0.16
-0.443923 2.15964 -3.45868 3.24832 -0.627533 0.18
-1.053 3.16655 -0.0663808 11.9201 -0.229925 0.2
-1.04025 3.66012 0.47152 12.1267 -0.833726 0.04
-1.01686 4.31822 0.270464 9.72482 -0.677309 0.06
-0.986109 5.2157 0.440987 5.31624 0.973748 0.12
-0.881513 5.59921 1.36537 1.12988 0.904374 0.12
-0.797274 5.63441 1.44175 0.0680468 -0.00501257 0.06
-0.428297 5.24004 2.56921 -4.16625 0.741392 0.18
-0.0240353 4.48566 3.1109 -6.3964 0.953387 0.14
0.665398 3.1855 4.0658 -5.0963 0.987205 0.2
1.04895 1.99084 -0.576434 -11.3344 -0.108198 0.16
0.962379 0.674502 -0.845826 -5.22367 -0.9622 0.16
0.922149 0.494952 -1.17417 -3.76319 -0.904406 0.04
0.84773 0.305046 -1.3075 -2.62036 -0.132221 0.06
0.787568 0.226225 -1.69953 -1.34564 -0.982622 0.04
0.516799 0.258415 -2.79825 1.75886 -0.965276 0.12
0.462316 0.290898 -2.65079 1.49549 0.831943 0.02
0.155928 0.555497 -3.45639 3.75127 -0.926966 0.1
-0.561665 1.5343 -4.32967 6.82907 -0.974994 0.18
-1.04453 3.63803 0.599545 15.333 0.105682 0.2
-1.00854 4.93677 0.154029 10.7816 0.958095 0.1
-0.996458 6.27199 0.148358 6.4715 0.136838 0.16
-1.00073 6.67703 -0.207338 6.91462 -0.994497 0.06
-0.998102 7.92354 0.101041 7.71046 -0.590404 0.18
-0.933544 9.11855 0.734663 8.99777 -0.190154 0.14
-0.899515 9.48091 0.933563 8.99026 0.576803 0.04
-0.76203 10.7116 0.527949 3.17707 0.310522 0.2
