0.179533 0.727774 -0.0811949 0.0293728 0 0
0.0442303 1.21455 -1.15341 4.49734 -0.661429 0.2
-0.0836229 2.40022 0.0157771 7.58029 0.304932 0.2
-0.0609489 2.89737 0.7145 8.87944 0.932159 0.06
0.114381 4.21463 1.23638 6.3783 0.990555 0.16
0.238213 4.6972 1.30909 3.33699 0.555756 0.1
0.516071 4.87734 2.20096 -0.956138 0.80518 0.16
0.946792 4.45641 3.11746 -4.01659 0.954503 0.16
1.04509 4.11176 -0.0746143 -7.76669 0.353875 0.06
0.940913 3.01478 -1.42236 -9.76429 -0.897314 0.12
0.636524 1.57539 -1.71982 -4.19242 -0.937675 0.2
0.334416 1.28117 -2.65551 -0.0667443 -0.98341 0.14
0.0348063 1.40242 -3.31869 2.39517 -0.918495 0.1
-0.174873 1.58264 -3.65912 3.56971 -0.95653 0.06
-0.400284 1.82612 -3.8439 4.50919 -0.747303 0.06
-1.03421 2.89762 -1.31284 11.1272 -0.12274 0.18
-1.03684 3.70566 0.418442 13.6766 -0.151432 0.06
-1.00045 5.37312 0.166306 7.38002 0.813801 0.16
-0.983867 6.08868 0.184716 4.76966 0.040789 0.12
-0.921557 6.88954 0.407248 3.95522 0.0570857 0.2
-0.838977 7.49803 0.800369 4.93824 0.247178 0.14
-0.767372 7.93491 1.0152 6.00805 -0.01199 0.08
-0.681846 8.45731 1.13614 7.00877 -0.413627 0.08
-0.350076 9.92017 2.16071 7.59438 0.614143 0.18
-0.135351 10.5678 1.50617 3.39614 -0.118041 0.12
-0.0799303 10.6781 1.27222 2.14208 -0.552572 0.04
