0.15741 -2.95999 0.00312378 -0.0886227 0 0
0.171476 -2.95769 0.276876 0.124886 0.362601 0.1
0.156032 -3.06098 -0.57358 -2.06722 -0.898817 0.1
0.0189289 -3.43765 -1.33957 -2.95485 -0.712783 0.14
-0.00860649 -3.49604 -1.41328 -2.87784 -0.634942 0.02
-0.267991 -3.87682 -2.26737 -2.28786 -0.99717 0.14
-0.449677 -3.99823 -2.28263 -0.766452 -0.269663 0.08
-0.689615 -4.00136 -2.51885 0.661621 -0.499675 0.1
-1.04141 -3.45658 0.398872 8.18668 -0.62354 0.18
-1.01774 -3.11833 0.757622 8.61383 0.988063 0.04
-0.904136 -2.18595 1.04009 6.37545 0.951224 0.12
-0.664244 -1.48957 1.78453 1.38887 0.914434 0.18
-0.629108 -1.46673 1.72968 0.898051 -0.390059 0.02
-0.433101 -1.50005 2.1852 -1.49361 0.642133 0.1
-0.0814722 -1.89676 2.79087 -3.97282 0.788769 0.14
0.21858 -2.34076 3.21204 -4.72974 0.929903 0.1
0.622037 -2.91198 3.57229 -4.40486 0.586012 0.12
1.06998 -3.60317 -0.184299 -11.9167 0.948433 0.14
1.06143 -3.8452 -0.579418 -12.0678 -0.869546 0.02
0.980029 -5.29131 -0.617516 -6.02708 -0.994983 0.16
0.97954 -6.12851 0.585674 -5.07175 0.918889 0.16
1.00204 -6.38682 0.127392 -3.53375 -0.623754 0.06
1.00156 -6.51348 -0.144117 -2.84534 -0.689901 0.04
1.00058 -7.23676 -0.00448211 -4.45824 0.456262 0.2
0.995607 -7.62941 -0.140728 -5.38729 0.00844427 0.08
0.994508 -8.10678 0.0869413 -6.47886 0.924798 0.08
1.00173 -9.37927 0.0286302 -6.95828 0.515257 0.18
1.00118 -9.51885 -0.0788517 -6.97716 -0.772167 0.02
0.962728 -10.5516 -0.314587 -2.88645 -0.5895 0.2
