-0.0137531 -1.53078 0.0105082 -0.00122411 0 0
0.00678703 -1.74414 0.251728 -2.9146 0.300441 0.14
-0.0696485 -2.61845 -1.20192 -6.81348 -0.720245 0.18
-0.276972 -3.52882 -2.07363 -7.53353 -0.924866 0.12
-0.593701 -4.38154 -1.5859 -2.14892 -0.141881 0.18
-0.89048 -4.44335 -2.13712 1.24252 -0.606787 0.16
-1.02049 -3.9375 0.419684 5.9541 0.404104 0.14
-0.900737 -3.08016 1.47522 7.8134 0.825944 0.12
-0.870125 -2.92434 1.5802 7.74235 0.94345 0.02
-0.49443 -1.76463 2.23187 3.33707 0.993543 0.2
-0.124811 -1.5496 3.08626 -0.203072 0.966701 0.14
0.216686 -1.67909 3.72946 -2.29634 0.9918 0.1
0.863104 -2.23882 4.31333 -4.38944 0.789578 0.16
1.07085 -3.13034 -0.724642 -14.1125 0.908084 0.1
1.0058 -4.56241 -0.235037 -9.34046 -0.968654 0.12
0.962373 -5.51092 -0.641564 -4.25337 -0.886034 0.14
0.904599 -6.04418 -0.0791104 -2.82174 0.527461 0.16
0.922108 -6.29816 0.522135 -3.60854 0.919122 0.08
1.00093 -6.70623 0.855574 -4.22791 0.666556 0.1
1.00214 -7.2763 -0.0348106 -4.0431 0.52873 0.18
1.00119 -7.44927 -0.0153621 -4.60772 0.816564 0.04
0.879022 -8.48623 -1.46903 -7.32812 -0.662142 0.18
0.847389 -8.63738 -1.69512 -7.78827 -0.778331 0.02
0.702557 -9.27696 -1.84971 -7.88066 0.128492 0.08
0.552831 -9.99551 -0.283644 -2.31784 0.978536 0.14
