-0.0833068 1.85218 0.0497809 0.0335462 0 0
-0.112396 2.03396 -0.449604 2.4168 -0.625548 0.14
-0.0546133 2.86424 1.14113 6.58878 0.839857 0.18
-0.0298915 2.99932 1.3276 6.90113 0.985449 0.02
0.133273 3.69332 1.835 6.47125 0.937907 0.1
0.547614 4.52627 2.4356 1.76032 0.831308 0.2
0.788718 4.54499 1.58882 -1.34115 -0.923826 0.12
0.883004 4.42784 1.54761 -2.54358 0.0369892 0.06
0.947416 4.31377 1.67035 -3.14454 0.641224 0.04
0.982436 3.36167 -0.888003 -8.02201 -0.831026 0.16
0.940083 3.03316 -1.20314 -8.28943 -0.98583 0.04
0.676306 1.83351 -1.71169 -4.40585 -0.997791 0.18
0.485129 1.5307 -2.15308 -1.67049 -0.829699 0.1
0.394243 1.48495 -2.39353 -0.624388 -0.879238 0.04
0.0693665 1.5812 -3.00628 2.11652 -0.755002 0.12
-0.471484 2.12898 -3.70531 4.42045 -0.872572 0.16
-1.03751 2.75876 -3.60694 5.9443 -0.949875 0.14
-1.04055 4.07413 0.622234 13.1163 0.649845 0.1
-0.975874 5.87999 0.589891 5.41197 0.778169 0.2
-0.947247 6.42191 -0.01043 5.62829 -0.769954 0.1
-0.951891 6.65344 -0.217108 5.96433 -0.747091 0.04
-0.956417 6.88366 -0.0110816 5.59502 0.389287 0.04
-0.974985 7.50703 -0.30224 6.8481 -0.75558 0.1
-0.959917 8.23794 0.644115 8.00773 0.573961 0.1
-0.930478 8.5682 0.82591 8.49101 -0.281925 0.04
-0.767986 9.79945 1.1705 7.84297 0.183486 0.14
-0.723941 10.089 1.02996 6.6155 0.27599 0.04
-0.591166 10.7315 0.961377 2.66047 0.412643 0.14
