-0.0727221 1.95543 -0.045032 0.0450718 0 0
0.0375711 2.45482 1.22611 4.79008 0.644538 0.2
0.160292 2.89901 1.82612 6.1745 0.669534 0.08
0.473668 3.78351 2.49747 5.62665 0.865933 0.14
0.85636 4.30162 1.87395 0.44412 -0.121962 0.18
0.929744 4.30053 1.79565 -0.488191 -0.125662 0.04
1.00993 3.78268 -0.191703 -4.90078 0.448706 0.16
0.976234 3.34419 -0.628219 -5.89769 -0.445554 0.08
0.96186 3.22316 -0.806191 -6.1883 -0.993775 0.02
0.923508 2.9693 -1.09606 -6.42521 -0.986755 0.04
0.651446 1.99704 -1.63259 -2.79025 -0.777698 0.2
0.39554 1.86805 -1.59569 1.01306 -0.116624 0.16
0.0348552 2.28006 -2.38923 3.22697 -0.798821 0.18
-0.221646 2.62374 -2.75631 3.47537 -0.685961 0.1
-0.275034 2.69794 -2.58258 3.93865 0.822499 0.02
-0.568697 3.02024 -3.31886 2.34029 -0.902118 0.1
-1.06105 3.63445 0.499531 9.98311 -0.503845 0.18
-0.931392 5.01555 0.982926 3.59732 0.990052 0.2
-0.729393 5.21297 1.9369 -0.669027 0.843176 0.14
-0.552746 5.07633 2.46287 -2.67936 0.846846 0.08
-0.301139 4.71866 2.53553 -4.42844 0.264734 0.1
0.278347 3.62681 3.29603 -5.63725 0.941927 0.2
0.70982 3.048 3.97139 -3.60865 0.671926 0.12
1.06534 2.43347 -0.210021 -10.7122 -0.233651 0.12
1.05693 2.21875 -0.551119 -10.5961 -0.726519 0.02
0.923442 0.828944 -1.14354 -3.32545 -0.968193 0.2
0.804815 0.673903 -1.83342 -0.597135 -0.923554 0.08
0.293349 1.08405 -3.17081 4.317 -0.801127 0.2
-0.34142 2.12017 -3.75877 6.81355 -0.958324 0.18
-0.794821 2.96058 -3.91514 6.62051 -0.585044 0.12
-0.956759 3.2063 -4.19469 5.60598 -0.703234 0.04
-1.03102 4.87267 0.498435 11.7133 -0.58466 0.14
-1.00293 6.22467 0.0471131 8.20061 -0.849858 0.14
-0.995786 7.31596 0.135105 7.77775 -0.370186 0.14
-0.988959 7.63243 0.214874 8.06271 -0.526283 0.04
-0.792434 9.10616 2.25561 10.7722 0.737827 0.16
-0.745321 9.32383 2.44312 10.9515 0.880081 0.02
-0.643834 9.75583 2.58016 10.4649 0.885549 0.04
-0.417725 10.5992 1.98928 6.48384 0.262935 0.1
-0.207071 11.1382 1.6243 2.70203 -0.0653184 0.12
