0.154276 3.00881 0.0809394 -0.0114684 0 0
0.133142 2.96576 -0.375627 -0.541312 -0.413784 0.14
0.106384 2.93275 -0.515089 -0.548301 -0.336469 0.06
0.0805715 2.90355 -0.774049 -0.898991 -0.809656 0.04
-0.0616755 2.74367 -1.5784 -1.61306 -0.896573 0.12
-0.294911 2.55063 -2.29602 -1.47554 -0.907794 0.12
-0.674034 2.39346 -3.11604 -0.692636 -0.941192 0.14
-1.03901 2.86103 0.396738 7.92855 0.312079 0.18
-0.944356 3.81997 0.988809 7.17897 0.964132 0.12
-0.75597 4.65314 1.26791 2.15778 0.677807 0.18
-0.521891 4.71004 2.08495 -1.2334 0.865563 0.14
0.00436835 4.11831 3.10926 -4.20329 0.932002 0.2
0.131545 3.9449 3.25119 -4.43722 0.807411 0.04
0.730378 3.31862 4.33129 -2.79113 0.973944 0.16
1.06525 3.07258 1.6157 -9.0068 0.542368 0.08
1.07191 2.59516 -0.582136 -13.0472 0.470634 0.04
1.01582 1.4686 -0.341175 -9.19847 -0.831457 0.1
0.893499 0.409409 -1.35403 -2.60969 -0.932449 0.18
0.693319 0.256251 -1.97319 -0.100347 -0.474659 0.12
0.256382 0.511588 -2.85809 2.87776 -0.515812 0.18
-0.283385 1.23276 -3.76416 5.92084 -0.895406 0.16
-0.511699 1.61231 -3.82858 6.71541 -0.741107 0.06
-0.812603 2.18838 -3.68297 7.64638 -0.538491 0.08
-1.01999 4.67862 0.319376 12.5562 -0.933582 0.2
-1.01447 4.92119 0.236209 11.7139 -0.262507 0.02
-1.00263 5.92424 0.0473716 8.67173 -0.00592542 0.1
-0.999845 7.49221 0.0298995 7.98504 -0.640518 0.2
-0.996516 7.98797 0.0989454 8.55231 -0.806464 0.06
-0.994017 8.16105 0.15166 8.75506 -0.725428 0.02
-0.88986 9.6749 0.753817 8.78646 0.00856081 0.16
-0.876106 9.84342 0.618651 8.05395 -0.111717 0.02
-0.865266 10.6501 -0.3278 2.41025 -0.246068 0.16
