-0.012087 -2.76552 -0.0102301 0.0779128 0 0
0.0228772 -2.78123 0.449071 -0.245674 0.441 0.16
0.0476782 -2.95953 -0.0790154 -2.11021 -0.344854 0.14
0.0415087 -3.12654 -0.0671619 -1.9963 0.0060028 0.08
-0.00317727 -3.38937 -0.800699 -3.0594 -0.912274 0.1
-0.127194 -3.72464 -1.24869 -2.34565 -0.668183 0.12
-0.208197 -3.82347 -0.787638 -0.17954 0.480937 0.08
-0.283767 -3.81406 -1.10254 0.397293 -0.655883 0.08
-0.44599 -3.72878 -1.60472 0.956308 -0.672245 0.12
-0.699482 -3.45387 -1.5808 2.23326 -0.116459 0.16
-1.03663 -3.13312 -0.0964094 5.99073 -0.836393 0.18
-0.924349 -2.02343 0.925448 3.68234 0.936513 0.2
-0.693528 -1.73947 1.6969 -0.422536 0.763239 0.18
-0.415295 -1.98064 2.25335 -2.8586 0.700707 0.14
-0.221422 -2.24362 2.59077 -3.63003 0.834352 0.08
-0.115232 -2.39403 2.72018 -3.8635 0.699618 0.04
-0.0612619 -2.47388 2.67689 -4.11711 0.0106216 0.02
0.457713 -2.99764 3.88759 -1.95858 0.997538 0.16
1.05233 -3.35259 0.926201 -8.39213 0.142131 0.16
1.05207 -3.75433 -0.474817 -10.5132 -0.776729 0.04
0.95787 -5.0959 -0.783081 -4.32509 -0.994421 0.18
0.893721 -5.57681 0.0285695 -1.42479 0.685346 0.18
0.890846 -5.62938 -0.0992734 0.0650509 -0.0210446 0.08
0.890169 -5.62772 0.0315852 0.100622 0.957253 0.02
