0.0552249 -1.08206 0.0121422 0.0546589 0 0
0.205037 -1.5843 1.35381 -4.59413 0.970243 0.2
0.230694 -1.67948 1.21031 -4.92705 -0.668141 0.02
0.282343 -2.90783 -0.689155 -8.72404 -0.859061 0.18
0.248903 -3.26137 -0.951055 -8.82437 -0.843343 0.04
0.0187354 -4.5909 -1.40086 -3.91353 -0.941742 0.2
-0.20432 -4.86659 -1.83819 -0.124615 -0.515679 0.14
-0.5845 -4.59033 -2.86313 3.31782 -0.976936 0.16
-0.757538 -4.3612 -2.8951 4.29411 -0.368163 0.06
-1.04437 -3.85532 -1.10967 8.5596 -0.804562 0.1
-1.04871 -3.43807 0.414306 11.3675 0.615366 0.04
-0.945349 -1.83052 0.5763 7.44822 0.975374 0.16
-0.883357 -1.25483 0.761119 4.11579 0.7388 0.1
-0.603306 -1.05381 2.08162 -1.84193 0.798052 0.2
-0.516151 -1.14559 2.27147 -2.7329 0.621285 0.04
-0.470086 -1.20422 2.33374 -3.12689 0.473223 0.02
0.0958431 -2.17568 3.19984 -6.04046 0.98271 0.2
0.501513 -2.89884 3.65658 -5.49372 0.811844 0.12
1.06919 -3.94336 -0.533544 -12.1651 0.784647 0.18
0.992496 -5.28894 -0.561 -6.97038 -0.937319 0.14
0.981463 -5.42259 -0.546403 -6.39896 -0.175555 0.02
0.875136 -6.23107 -0.692127 -3.11955 -0.0362597 0.18
0.822871 -6.38475 -1.04363 -2.07173 -0.589752 0.06
0.560336 -6.61761 -1.83882 -0.826514 -0.542753 0.18
0.262758 -6.8321 -1.87986 -1.93156 -0.135028 0.16
-0.0724056 -7.35891 -1.88792 -4.00953 -0.0463529 0.18
-0.151512 -7.52717 -2.07076 -4.41778 -0.496066 0.04
-0.60219 -8.55655 -3.05691 -7.19796 -0.314564 0.18
-0.780486 -8.98591 -2.85266 -6.95401 0.861152 0.06
-1.0301 -9.55206 0.222785 1.07915 0.716374 0.14
