-0.188197 -2.02106 0.0834393 -0.0969855 0 0
-0.264859 -2.37139 -1.09047 -4.18539 -0.784008 0.16
-0.402029 -2.87282 -1.63593 -5.65305 -0.435269 0.1
-0.600058 -3.47889 -2.24279 -6.02762 -0.853051 0.1
-0.693143 -3.71215 -2.40423 -5.58538 -0.963111 0.04
-1.03457 -4.22981 0.419511 1.77415 -0.79729 0.2
-0.956871 -3.92908 1.1593 4.21243 0.751194 0.1
-0.757999 -3.27328 2.1243 6.41769 0.753741 0.12
-0.668987 -3.01454 2.31103 6.44231 0.681387 0.04
-0.522482 -2.6391 2.54747 5.93025 0.881622 0.06
-0.0139524 -1.88923 3.17241 2.21223 0.892858 0.18
0.567246 -1.80578 4.10732 -1.05934 0.958813 0.16
0.649756 -1.83092 4.14325 -1.45192 0.391157 0.02
1.0625 -2.07949 1.62151 -6.03557 0.859832 0.1
1.01183 -2.99539 -1.2862 -10.3562 -0.843536 0.1
0.954899 -3.40935 -1.51294 -10.1656 -0.985803 0.04
0.74405 -4.54857 -1.54498 -5.9017 -0.974704 0.14
0.416856 -5.11135 -2.24271 -0.483113 -0.667846 0.18
0.0401373 -4.92274 -3.09957 2.98833 -0.818803 0.14
-0.504386 -4.22596 -3.62998 5.43521 -0.799542 0.16
-0.643677 -3.99262 -3.32995 6.23177 0.463949 0.04
-0.877677 -3.42349 -2.53927 7.8679 0.753636 0.08
-1.01027 -1.43928 0.191501 8.59176 0.800836 0.2
-0.907474 -0.480323 1.24334 2.11603 0.902667 0.18
-0.63044 -0.450442 2.20126 -1.53486 0.575337 0.16
-0.111353 -1.10408 3.43508 -5.44072 0.922849 0.18
-0.042578 -1.21542 3.44061 -5.69393 0.416287 0.02
0.168603 -1.58317 3.58019 -6.5377 0.872571 0.06
0.610523 -2.43697 3.79976 -7.40486 0.979734 0.12
1.05278 -3.34717 1.0087 -13.37 0.823696 0.12
1.06026 -3.63759 -0.0808681 -15.198 0.0281978 0.02
1.00153 -5.85502 -0.230262 -9.08964 -0.658696 0.18
0.980026 -7.51832 -0.253596 -8.21392 0.389333 0.2
0.962975 -8.02732 -0.331886 -8.76578 0.842269 0.06
0.858374 -9.00579 -1.7508 -10.9185 -0.798569 0.1
0.78095 -9.44997 -2.06669 -11.1079 -0.732362 0.04
0.589115 -10.4067 -1.6942 -7.7095 -0.486192 0.1
0.557496 -10.5517 -1.47314 -6.80592 0.568594 0.02
0.459181 -11.0441 -0.581082 -3.31334 0.814023 0.1
