0.0738505 2.11471 0.0758564 0.00203856 0 0
0.19414 2.47629 1.47552 4.41178 0.941328 0.16
0.63113 3.62479 2.65028 5.6431 0.751573 0.2
1.02018 4.13627 0.737166 -0.996064 -0.196714 0.18
1.02736 4.10298 0.0806237 -2.19901 0.973522 0.02
0.962454 3.63744 -1.09214 -5.34611 -0.861823 0.12
0.911903 3.40829 -1.42967 -6.06923 -0.797293 0.04
0.847635 3.15367 -1.77035 -6.59043 -0.964828 0.04
0.77318 2.89134 -1.93709 -6.44887 -0.740065 0.04
0.32204 1.92816 -2.6038 -2.71212 -0.888946 0.2
-0.232135 1.79204 -3.58062 1.07053 -0.90497 0.18
-0.304371 1.81728 -3.64253 1.45052 -0.567192 0.02
-0.614195 1.98247 -4.0958 2.61463 -0.977496 0.08
-0.867244 2.16068 -4.33652 3.28267 -0.807709 0.06
-1.04378 2.29827 -3.64623 4.91601 -0.797925 0.04
-1.07304 2.92382 0.783865 12.6593 0.541373 0.06
-1.05548 3.17795 0.952245 12.6865 0.984913 0.02
-0.952852 4.4698 0.670441 8.43939 0.977366 0.12
-0.979082 5.55823 -0.66443 3.3602 -0.624259 0.2
-1.00561 5.73328 0.0723713 0.0410083 -0.666003 0.12
