0.0368826 -2.32277 -0.0787736 0.0965109 0 0
-0.0460486 -2.57348 -1.12132 -3.53361 -0.753286 0.14
-0.0983805 -2.73457 -1.49536 -4.49991 -0.928509 0.04
-0.129402 -2.82728 -1.60572 -4.76148 -0.5146 0.02
-0.196545 -3.0228 -1.74399 -4.96801 -0.362612 0.04
-0.270978 -3.22705 -1.96821 -5.18797 -0.734024 0.04
-0.398637 -3.53766 -2.26705 -5.04261 -0.860418 0.06
-0.887725 -4.19478 -2.67376 -1.36937 -0.607616 0.2
-1.04212 -4.10152 0.331778 3.94848 -0.527714 0.1
-0.945985 -3.47253 1.26376 6.35251 0.651755 0.12
-0.816685 -2.92239 1.90072 7.06366 0.994632 0.08
-0.777802 -2.78264 1.98373 6.8921 0.939288 0.02
-0.315629 -1.79467 2.71854 2.62211 0.98035 0.2
0.0414811 -1.65524 3.25362 -0.236101 0.741409 0.12
0.462751 -1.82989 3.74848 -2.55939 0.703001 0.12
0.949183 -2.22542 4.34733 -3.83616 0.960655 0.12
1.06945 -2.94025 -0.707297 -12.8008 0.963025 0.08
1.03584 -3.44885 -0.891697 -12.3626 -0.943264 0.04
0.963897 -4.49301 -0.562809 -8.46201 -0.995246 0.1
0.778123 -5.47428 -1.64229 -1.38169 -0.988358 0.2
0.416683 -5.32076 -2.82981 3.04638 -0.83861 0.16
-0.164939 -4.46718 -3.48711 6.12437 -0.819058 0.18
-0.234855 -4.34234 -3.50376 6.35533 -0.750203 0.02
-0.374498 -4.07928 -3.47826 6.77573 -0.571336 0.04
-0.443814 -3.94198 -3.45449 6.94603 -0.47231 0.02
-1.03957 -2.4484 -0.242918 11.639 -0.0760088 0.2
-1.03903 -2.21338 0.213871 11.6827 0.273321 0.02
-0.956597 -0.607348 0.860773 4.2971 0.947566 0.2
-0.719866 -0.315157 2.10188 -0.344847 0.771231 0.16
-0.269043 -0.699816 3.47234 -4.28418 0.983622 0.16
0.163655 -1.31192 3.67865 -5.90236 0.49783 0.12
0.658162 -2.26383 3.3277 -7.66996 0.34884 0.14
0.902259 -2.92174 2.83127 -8.53793 -0.226774 0.08
1.03849 -4.02523 -0.351761 -13.3361 -0.263284 0.1
1.00181 -5.94858 -0.0291227 -6.77535 0.403509 0.2
1.00056 -7.14967 -0.000744297 -6.08871 0.77297 0.2
0.995443 -8.25701 -0.133763 -7.82926 0.575534 0.16
0.985359 -9.21317 0.117374 -7.4423 0.814705 0.12
0.984667 -9.51589 -0.130307 -7.59579 -0.779763 0.04
0.978937 -9.80781 -0.141055 -6.92777 -0.456769 0.04
1.00861 -10.5111 -0.0777785 -2.75103 0.409794 0.16
