0.188595 -2.67494 -0.0619951 -0.0447258 0 0
0.188465 -2.67557 0.0490007 -0.0184902 0.777488 0.02
0.0617245 -3.08025 -1.4232 -3.9994 -0.853952 0.18
-0.33005 -3.89097 -2.3808 -3.20468 -0.82579 0.2
-0.821237 -4.20575 -3.1096 -0.279112 -0.787731 0.18
-0.883749 -4.20756 -3.14176 0.0959722 -0.395512 0.02
-1.01022 -4.18877 -2.63375 1.49013 -0.311479 0.04
-1.04115 -3.91344 0.379002 6.13179 0.144959 0.06
-1.01761 -3.64925 0.79792 7.05981 0.854345 0.04
-0.894396 -2.87774 1.53698 7.78723 0.873996 0.1
-0.620042 -1.89348 1.91721 4.16631 0.926526 0.16
-0.459077 -1.64715 2.13312 2.0153 0.620332 0.08
0.072814 -1.71927 3.17002 -2.46005 0.806487 0.2
0.199402 -1.83266 3.15549 -3.20038 0.149816 0.04
0.738243 -2.49467 3.57599 -4.68921 0.677471 0.16
1.01667 -2.89676 2.80872 -6.58734 -0.0269762 0.08
1.03779 -3.84253 -0.474747 -12.4109 0.826911 0.08
0.986206 -5.53818 -0.405924 -4.8957 -0.711216 0.2
0.95193 -6.01409 -0.176784 -3.28023 0.323515 0.12
1.00933 -6.69756 0.189424 -3.3315 0.766633 0.18
1.00602 -6.94403 -0.0865271 -3.29218 0.391717 0.08
0.98175 -7.21069 -0.517866 -3.46519 -0.679808 0.08
0.926029 -7.62251 -0.6258 -4.79083 -0.0167539 0.1
0.867072 -8.05136 -0.873443 -5.94933 -0.035072 0.08
0.756317 -9.30378 -0.00497628 -5.21519 0.911415 0.2
0.758038 -9.40254 0.179034 -4.65068 0.93166 0.02
0.806002 -10.0671 0.326996 -1.62865 -0.137189 0.2
