0.0480066 1.03381 0.00184379 -0.0627039 0 0
0.0755506 1.1339 0.466009 1.7026 0.647973 0.12
0.102758 1.4901 0.035144 4.11195 -0.560025 0.12
0.0989091 1.76585 -0.150785 5.04228 -0.765086 0.06
0.0965166 1.86992 -0.0870587 5.36438 0.0117152 0.02
0.123224 2.37049 0.783096 7.21062 0.901871 0.08
0.342044 3.65168 1.62185 7.37882 0.649266 0.16
0.687493 4.60318 1.99746 2.11567 0.74195 0.2
0.959225 4.529 0.708113 -2.64083 -0.857873 0.2
0.972722 4.47218 0.640521 -3.04006 -0.300199 0.02
1.00653 4.16242 0.0689531 -4.82073 -0.382988 0.08
0.98001 3.69913 -0.747891 -6.7515 -0.876137 0.08
0.962787 3.55934 -0.973034 -7.21816 -0.982215 0.02
0.854916 2.9367 -1.6369 -7.95659 -0.981461 0.08
0.472498 1.74609 -2.24467 -3.43344 -0.982148 0.2
-0.0826048 1.57393 -3.34897 1.51325 -0.863355 0.2
-0.524617 1.88835 -3.98772 3.56945 -0.93529 0.12
-1.04708 3.08761 0.404035 13.187 -0.37796 0.18
-1.00437 4.62296 0.0959573 8.22032 0.953192 0.14
-0.951205 5.54252 0.775119 2.10611 0.729071 0.18
-0.612053 5.32798 2.53298 -3.80618 0.999522 0.2
-0.340547 4.85915 2.85015 -5.49789 0.685474 0.1
0.21948 3.69664 3.39252 -6.74252 0.995994 0.18
0.590798 3.10627 4.12089 -4.66199 0.923751 0.1
1.07317 2.60348 0.947404 -9.91401 0.448731 0.12
1.06799 2.15084 -0.657247 -11.4969 -0.492588 0.04
0.994481 1.04611 -0.633358 -6.96253 -0.929469 0.12
0.784432 0.344377 -1.83781 -1.07899 -0.768956 0.18
0.621182 0.321666 -2.23891 0.462237 -0.471585 0.08
0.413324 0.442673 -2.94758 2.51903 -0.957439 0.08
0.0844236 0.798633 -3.59727 4.54231 -0.832666 0.1
-0.140877 1.10383 -3.89253 5.59827 -0.901778 0.06
-0.626818 1.87746 -4.13908 7.18355 -0.908935 0.12
-0.792555 2.1723 -4.14906 7.53195 -0.845453 0.04
-1.05063 3.88468 0.666226 16.1752 -0.36251 0.14
-1.01425 5.0206 0.246829 12.38 0.700665 0.08
-1.00116 6.64245 0.0173244 8.80116 -0.716917 0.16
-1.00074 6.81738 0.0277318 8.69764 -0.4801 0.02
-1.00036 6.99145 0.0127815 8.71674 -0.837442 0.02
-0.999915 7.16589 0.0342151 8.73253 -0.636675 0.02
-0.96528 8.84673 0.367103 9.83122 -0.857336 0.18
-0.881692 9.87667 1.03596 9.79869 0.883184 0.1
-0.837484 10.4986 0.131202 5.95144 -0.516392 0.08
-0.834375 10.8717 -0.00915677 3.44712 0.191295 0.08
