0.174654 0.38721 0.0970768 0.0799701 0 0
0.179312 0.60495 -0.0398345 2.11128 0.0241418 0.2
0.137269 0.936974 -0.760869 4.42631 -0.907374 0.1
0.0733671 1.33515 -0.810614 5.52383 -0.342061 0.08
0.0353329 1.68852 -0.443061 6.29702 0.373836 0.06
0.026507 1.81702 -0.438258 6.55058 -0.599493 0.02
0.0199921 1.95189 -0.211105 6.94432 0.898897 0.02
0.144227 3.48582 1.25583 8.75879 0.71325 0.18
0.396683 4.64596 1.66855 3.88618 0.994161 0.18
0.728693 4.90177 2.08014 -0.845537 0.35331 0.18
0.998631 4.35831 0.516784 -4.71479 -0.974589 0.2
0.858995 2.93906 -1.62906 -8.45563 -0.951 0.2
0.825691 2.77219 -1.69568 -8.20582 -0.955152 0.02
0.532153 1.76806 -2.04591 -4.11738 -0.959962 0.16
0.213357 1.46215 -2.56671 -0.335567 -0.644598 0.14
-0.329411 1.8292 -2.78643 3.75189 -0.252674 0.2
-0.922432 2.77791 -3.19566 4.96499 -0.592774 0.2
-1.03601 3.71175 0.412313 11.8682 -0.448416 0.1
-0.979071 5.32854 0.510549 4.45852 0.883579 0.2
-0.879116 5.64029 1.19127 0.840951 0.58707 0.12
-0.59766 5.43316 2.27846 -3.20843 0.734052 0.16
-0.448996 5.20054 2.6596 -4.50296 0.935164 0.06
-0.107377 4.54373 2.96577 -6.33056 0.78189 0.12
0.474283 3.34153 3.69115 -5.89306 0.994627 0.18
1.07047 2.11786 -0.704718 -11.2534 0.441952 0.2
0.908958 0.624806 -1.32878 -3.7113 -0.991861 0.2
0.581562 0.372633 -2.30542 0.5807 -0.505768 0.18
0.166399 0.663245 -2.86049 3.0259 -0.353775 0.16
-0.495206 1.63184 -3.5663 6.38419 -0.742685 0.2
-0.712696 2.03518 -3.67697 7.01186 -0.973691 0.06
-1.03371 3.73094 0.403353 14.5495 -0.51192 0.16
-1.00601 5.16473 0.0844162 9.51401 -0.979244 0.12
-0.890757 6.37447 1.34229 3.03528 0.820802 0.2
-0.684169 6.63656 2.0737 1.57765 0.701216 0.12
-0.641153 6.66586 2.22724 1.35775 0.958908 0.02
-0.43476 6.87197 1.90897 2.76804 -0.282303 0.1
-0.0387923 7.29867 3.02285 2.90489 0.950822 0.16
0.375911 7.71114 3.90995 4.11604 0.977131 0.12
0.455114 7.79648 4.01165 4.41934 0.523635 0.02
1.05862 8.53047 -0.47037 -0.348237 0.901907 0.18
