0.119525 2.26966 0.0702569 -0.0930507 0 0
0.165461 2.60577 0.395847 3.12179 0.0337142 0.2
0.179797 2.99328 -0.229912 2.1327 -0.578506 0.14
0.106825 3.13702 -0.987912 0.25094 -0.68314 0.12
-0.0959454 3.07659 -1.53312 -0.884909 -0.396548 0.16
-0.381018 2.8984 -2.01075 -1.16755 -0.422298 0.16
-0.59764 2.78755 -2.31618 -0.996052 -0.488245 0.1
-1.03843 2.61849 -1.21712 3.05108 -0.980567 0.16
-0.898308 3.91413 1.25676 5.88707 0.988366 0.2
-0.618798 4.57352 1.68155 0.816956 0.619003 0.2
-0.154525 4.33885 2.92481 -2.82763 0.997054 0.2
0.361226 3.76227 3.53078 -3.98245 0.777281 0.16
0.504748 3.60268 3.64983 -3.96256 0.575904 0.04
1.06503 2.9181 0.753006 -10.2739 0.251486 0.16
1.06827 2.69054 -0.254746 -12.0348 -0.00262955 0.02
1.05903 2.44756 -0.587379 -12.0664 -0.720386 0.02
0.988473 0.892338 -0.396476 -5.42018 -0.645932 0.18
0.836007 0.452801 -1.56899 -0.288912 -0.771177 0.16
0.40852 0.821706 -2.6382 3.7789 -0.579258 0.2
-0.131767 1.78293 -3.20487 6.64417 -0.805439 0.18
-0.260321 2.05745 -3.22104 7.0625 -0.788939 0.04
-0.742476 3.0266 -3.85271 5.90341 -0.94829 0.14
-1.02867 4.47072 0.385063 11.0763 0.226632 0.16
-1.00232 5.7947 0.0345957 6.10096 -0.738939 0.16
-0.891402 6.46128 1.18084 1.96603 0.635951 0.18
-0.761058 6.94456 0.47635 4.14361 -0.500177 0.16
-0.689701 7.4923 0.740508 5.11376 0.141989 0.12
-0.594375 8.4885 0.530851 7.10309 -0.734409 0.16
-0.561797 8.9244 0.530987 7.30338 -0.531194 0.06
-0.508166 10.0736 -0.187388 3.17645 -0.22632 0.2
