0.0915742 -2.13442 -0.0405809 -0.0716014 0 0
0.0804345 -2.20982 -0.240713 -1.77204 -0.173057 0.08
0.0743164 -2.28786 -0.0652128 -2.11429 0.748776 0.04
0.0550715 -2.5199 -0.421701 -3.63288 -0.353629 0.08
-0.0057121 -2.88122 -1.09117 -5.28938 -0.809582 0.08
-0.310205 -3.90329 -2.09614 -4.8755 -0.944939 0.18
-0.641298 -4.38748 -2.68199 -1.97744 -0.927052 0.14
-0.975652 -4.34365 -1.49653 2.35216 0.903718 0.16
-1.01607 -3.91762 0.213894 5.52854 -0.327893 0.1
-0.897248 -2.96163 1.34258 7.38289 0.815834 0.14
-0.840055 -2.67293 1.50163 6.97352 0.967438 0.04
-0.475668 -1.71557 2.26209 2.34827 0.994592 0.2
-0.117499 -1.62724 2.86968 -0.981059 0.687839 0.14
0.0656126 -1.72197 3.22854 -2.14313 0.951984 0.06
0.554657 -2.17228 3.7281 -4.06904 0.753393 0.14
0.866155 -2.51184 4.0714 -4.28788 0.867167 0.08
1.0433 -3.6876 -0.572451 -13.2384 -0.561757 0.12
1.00496 -4.96724 -0.154708 -8.25549 -0.931982 0.12
0.909178 -5.8852 -1.15914 -2.07344 -0.791533 0.18
0.749005 -6.21349 -0.596019 -1.87653 0.442227 0.18
0.630201 -6.49198 -0.697927 -1.48983 -0.0539157 0.18
0.444927 -6.6973 -1.33656 -1.01824 -0.475524 0.18
0.279373 -6.86837 -1.42274 -1.87808 -0.194281 0.12
0.251473 -6.90901 -1.36774 -2.1858 0.228347 0.02
-0.103238 -7.31499 -2.56009 -2.65322 -0.935005 0.18
-0.390058 -7.63018 -3.19069 -3.72813 -0.853567 0.1
-1.06756 -8.5638 -0.115737 -0.787831 -0.703316 0.2
