0.0843117 1.45781 0.0726032 0.0513263 0 0
0.104689 1.88769 0.215146 4.05091 0.00949756 0.2
0.109782 1.97239 0.29543 4.41896 0.235664 0.02
0.21735 2.67483 1.53553 7.28329 0.904373 0.12
0.433942 3.56206 1.90419 6.7306 0.50327 0.12
0.718936 4.29655 1.74267 2.49048 0.344814 0.16
0.964972 4.40889 1.79381 -0.766428 0.198922 0.14
1.00179 4.39007 1.55936 -1.36015 0.780426 0.02
1.01383 4.05118 -0.201935 -4.37655 0.795165 0.1
0.953658 3.50647 -1.0023 -6.39716 -0.668901 0.1
0.847256 2.95525 -1.59127 -7.05527 -0.890768 0.08
0.743911 2.54766 -1.82701 -6.38125 -0.981513 0.06
0.33956 1.75064 -2.35085 -1.55495 -0.763453 0.2
-0.24735 1.86372 -3.49998 2.40771 -0.924078 0.2
-0.318145 1.91493 -3.57888 2.70982 -0.761496 0.02
-0.849675 2.57803 -3.02893 5.37184 0.126039 0.16
-0.968718 2.79901 -2.93029 5.63168 0.0437149 0.04
-1.05738 3.32918 0.249291 12.4325 -0.833246 0.06
-1.04915 3.57998 0.507557 12.4711 0.885289 0.02
-0.978083 5.31545 0.536129 4.96564 0.948608 0.2
-0.972721 6.01876 -0.46472 3.4548 -0.754082 0.18
-0.981082 6.08351 -0.371575 3.02658 0.391949 0.02
-0.999541 6.24203 -0.2478 2.31462 0.132105 0.06
-1.00142 6.47054 0.0202304 1.56923 -0.369592 0.14
-1.00108 6.50249 0.0140907 1.62693 -0.479677 0.02
-1.00048 6.6446 0.00224464 1.95793 -0.318408 0.08
-0.90577 6.85354 1.15128 0.918473 0.937202 0.16
-0.701488 7.01467 1.7626 1.46426 0.673022 0.14
-0.42205 7.30348 2.23984 2.74061 0.543956 0.14
-0.328565 7.42116 2.4364 3.15362 0.686036 0.04
-0.131632 7.72394 2.50732 4.4097 0.0132507 0.08
-0.0255441 7.91209 2.80279 5.01416 0.767076 0.04
0.0317976 8.01566 2.93303 5.34564 0.54277 0.02
0.0922248 8.12622 3.11155 5.71525 0.811591 0.02
0.674964 9.34988 2.49865 5.23315 -0.67943 0.2
0.953578 9.82209 1.47756 1.43313 -0.615575 0.14
0.981407 9.84472 1.30601 0.833868 -0.803375 0.02
