0.145586 0.481524 -0.0649702 0.0183127 0 0
0.147967 0.480451 0.183756 -0.0707551 0.862075 0.04
0.0664782 0.905397 -0.916011 4.09485 -0.601671 0.2
-0.0726872 1.6206 -0.989428 6.08983 -0.382534 0.14
-0.10422 1.87713 -0.579428 6.76684 0.821779 0.04
-0.114357 2.01583 -0.432743 7.10544 0.297638 0.02
-0.120628 2.1624 -0.192482 7.55799 0.868292 0.02
-0.122851 2.31713 -0.0297295 7.91418 0.314195 0.02
-0.12168 2.47908 0.145678 8.27521 0.412036 0.02
-0.106273 2.82808 0.610363 9.11715 0.880132 0.04
-0.0554597 3.38641 1.00293 9.17811 0.890759 0.06
0.0897575 4.42095 1.09449 5.34674 0.877468 0.14
0.327838 4.90627 1.99246 0.753226 0.972234 0.16
0.855332 4.57481 3.20348 -3.67373 0.919275 0.2
1.03836 4.01423 -0.253823 -8.19385 0.00101818 0.1
0.889273 2.69181 -1.51978 -9.36357 -0.971718 0.14
0.858894 2.50984 -1.51501 -8.81803 -0.946171 0.02
0.573358 1.40387 -1.6217 -2.47452 -0.643734 0.2
0.466926 1.30668 -1.93376 -0.781895 -0.712532 0.06
0.199033 1.39496 -2.51485 2.13909 -0.645571 0.12
0.0380287 1.56065 -2.84106 3.34408 -0.889199 0.06
-0.541103 2.38027 -3.55929 5.2531 -0.916657 0.18
-1.07082 3.3581 -0.00982012 13.4249 -0.778983 0.16
-1.02136 4.64261 0.358198 10.8398 0.199138 0.1
-1.00134 6.0761 0.0155988 5.91115 -0.819923 0.18
-0.998304 6.51168 0.06295 5.12394 -0.0613643 0.08
-0.987243 6.90877 0.212164 4.93241 0.0857573 0.08
-0.976095 7.10672 0.345918 4.99324 0.259126 0.04
-0.96845 7.8259 -0.130927 6.85834 -0.960807 0.12
-0.968442 8.11061 0.13811 7.39811 0.202848 0.04
-0.849642 9.32614 1.45501 9.59177 0.552268 0.14
-0.787095 9.70713 1.6346 9.31052 0.882269 0.04
-0.586432 10.7839 0.782725 3.01568 0.0113397 0.18
