0.0316784 -3.00059 -0.0803204 0.0375914 0 0
0.0789221 -2.90238 0.738039 1.22015 0.720052 0.14
0.110754 -2.88937 0.0643798 -0.837787 -0.835492 0.08
0.0907706 -3.09861 -0.329834 -1.95261 -0.285097 0.14
-0.0783618 -3.60086 -1.46825 -2.994 -0.855084 0.18
-0.32509 -3.93397 -2.05351 -1.61845 -0.778619 0.14
-0.594232 -4.02679 -2.43924 0.045308 -0.625575 0.12
-0.695528 -4.01642 -2.62574 0.466442 -0.792448 0.04
-1.04336 -3.61039 0.307665 7.78093 -0.934227 0.16
-0.944191 -2.60914 1.11407 7.91846 0.984961 0.12
-0.826746 -1.94606 1.26517 5.2623 0.947017 0.1
-0.476285 -1.4463 2.37347 -0.179271 0.950446 0.2
-0.21507 -1.57867 2.83482 -2.38522 0.692271 0.1
0.366994 -2.25706 3.57968 -4.7271 0.8676 0.18
0.569763 -2.57566 3.17696 -5.85699 -0.450213 0.06
1.06233 -3.77024 -0.491033 -12.7747 0.893116 0.18
0.982862 -5.46891 -0.543401 -6.04544 -0.908844 0.18
0.973605 -6.24074 0.390587 -5.45249 0.817794 0.14
0.985094 -6.69597 -0.142646 -3.92581 -0.490979 0.1
0.975118 -6.84726 -0.353207 -3.6745 -0.576346 0.04
0.959022 -6.99633 -0.451557 -3.79981 -0.27147 0.04
0.84691 -7.44598 -1.41054 -3.95894 -0.994501 0.12
0.785488 -7.61242 -1.6639 -4.38021 -0.730761 0.04
0.511077 -8.50414 -1.84745 -6.65566 0.284382 0.16
0.169032 -9.65452 -2.18887 -6.61407 -0.104564 0.16
-0.217537 -10.5106 -2.63686 -3.68829 -0.858166 0.16
-0.703466 -10.8161 -3.48777 -0.166692 -0.947509 0.16
