0.0549647 2.75888 -0.0453616 -0.0990299 0 0
0.17988 3.1429 1.24384 3.37598 0.674672 0.2
0.543924 3.85244 2.29851 2.90551 0.859804 0.2
0.737756 4.03595 2.55339 1.66606 0.693028 0.08
1.03569 3.89635 -0.12952 -5.12143 -0.333262 0.16
0.997966 3.42127 -0.752337 -6.53812 -0.572264 0.08
0.93876 3.00968 -1.18312 -6.99412 -0.877976 0.06
0.798469 2.35646 -1.56781 -5.71817 -0.988424 0.1
0.62787 1.90138 -1.87996 -3.35095 -0.898512 0.1
0.138075 1.6987 -3.06422 1.17439 -0.963832 0.2
-0.19841 1.90369 -3.65066 2.8239 -0.987332 0.1
-0.424782 2.09624 -3.89111 3.55097 -0.821873 0.06
-1.07299 3.26449 0.336149 13.8708 -0.220602 0.2
-1.06229 3.54561 0.65083 14.0213 0.791547 0.02
-1.01309 4.74341 0.238433 9.80883 0.815408 0.1
-0.911699 5.97835 1.19645 2.68203 0.855441 0.2
-0.787475 6.45989 0.337728 3.64497 -0.666496 0.16
-0.773198 7.15772 -0.112078 5.22943 -0.42371 0.16
-0.795029 7.749 -0.272833 6.56846 -0.624485 0.1
-0.80046 7.88288 -0.268468 6.81839 -0.621889 0.02
-0.840793 9.38846 -0.393416 6.92303 -0.584238 0.2
-0.849533 9.52258 -0.484247 6.47308 -0.303868 0.02
-1.01197 10.3196 -0.418916 2.46988 -0.0717479 0.2
