-0.107952 2.25624 0.0740534 0.0169476 0 0
0.0831861 2.82248 1.88086 5.3307 0.932156 0.2
0.390965 3.59624 1.86102 3.69549 0.161832 0.16
0.600323 3.92128 2.32058 2.6842 0.886351 0.1
0.979726 4.02199 1.92582 -1.35268 -0.0673516 0.18
1.03484 3.81941 -0.158249 -5.46117 -0.423756 0.06
0.978579 3.18561 -0.889926 -6.8495 -0.645624 0.1
0.93737 2.90814 -1.15212 -6.93374 -0.983493 0.04
0.913353 2.77075 -1.24588 -6.78561 -0.991641 0.02
0.671096 1.91859 -1.81306 -3.548 -0.992149 0.16
0.469031 1.68706 -2.25589 -1.10435 -0.813672 0.1
-0.0823368 1.89118 -3.2223 2.83881 -0.795045 0.2
-0.147875 1.95055 -3.33099 3.0927 -0.996567 0.02
-0.584739 2.38325 -3.9546 3.883 -0.985248 0.12
-0.885376 2.74609 -3.56668 5.08661 0.312817 0.08
-1.06875 3.12119 -0.703216 11.5782 -0.970075 0.06
-1.06107 3.6494 0.616749 13.5919 -0.371061 0.04
-1.02614 4.39681 0.435523 11.1164 0.910958 0.06
-0.929314 5.84659 1.09336 3.51066 0.956797 0.2
-0.815622 6.1255 1.17482 2.21646 -0.0180027 0.1
-0.606398 6.19944 2.29488 -0.814796 0.986701 0.12
-0.366881 6.08904 2.49757 -1.42314 0.228328 0.1
-0.0442741 5.98495 1.55605 -0.0554736 -0.699164 0.16
0.0653115 5.99243 1.18447 0.236776 -0.600026 0.08
0.129135 6.01062 0.942858 0.372173 -0.533795 0.06
0.148184 6.01628 0.961839 0.195398 0.0205716 0.02
0.245541 6.03634 0.659923 0.151999 -0.35721 0.12
0.281381 6.04366 0.534539 0.0950856 -0.306751 0.06
0.291493 6.04577 0.476673 0.116038 -0.394278 0.02
0.308318 6.05111 0.364532 0.151338 -0.384592 0.04
0.322556 6.0678 0.11025 0.404884 -0.543736 0.06
0.319288 6.11368 -0.151417 0.159717 -0.22779 0.18
0.313659 6.11584 -0.130385 -0.0481166 -0.00135049 0.04
0.20396 6.26301 -1.24143 1.90367 -0.822195 0.16
0.0416109 6.43411 -0.415945 0.11493 0.451516 0.2
0.0225046 6.43357 -0.221615 -0.127689 0.401923 0.06
0.0136657 6.43132 -0.220083 0.0127268 0.0542349 0.04
