0.127577 2.07226 0.0964087 -0.0835841 0 0
0.246777 2.52736 1.14893 4.39424 0.492614 0.2
0.35735 2.92782 1.59762 5.46948 0.495417 0.08
0.427155 3.15576 1.88152 5.8643 0.844139 0.04
0.644982 3.7386 2.41051 5.40807 0.984323 0.1
1.00277 4.17008 1.08819 -0.890236 -0.430041 0.2
0.917333 3.41471 -1.42566 -6.43447 -0.964994 0.18
0.660451 2.49439 -2.07717 -5.83431 -0.845545 0.14
0.174052 1.76008 -2.90005 -1.39271 -0.936313 0.2
-0.289047 1.77552 -3.71443 1.49676 -0.925985 0.14
-1.03227 2.27891 -3.68803 5.00096 -0.849274 0.18
-1.0779 2.65235 0.295525 11.9281 0.706283 0.04
-1.05113 3.15234 0.874601 12.6385 0.926104 0.04
-0.932474 4.75446 0.609176 7.02155 0.958036 0.16
-0.869545 5.29283 0.738819 3.8095 0.454444 0.1
-0.61532 5.47777 1.82211 -1.65447 0.550245 0.2
-0.444984 5.26262 2.41232 -3.64781 0.937468 0.08
-0.396144 5.18613 2.47012 -3.99906 0.498662 0.02
-0.182877 4.80635 2.82944 -5.42493 0.910773 0.08
-0.00816715 4.45565 2.98112 -6.2268 0.902475 0.06
0.651446 3.18446 3.88393 -5.0237 0.93256 0.2
0.813967 3.00696 4.24619 -3.82778 0.887882 0.04
1.06923 2.31887 -0.524261 -12.2408 0.982318 0.1
1.03196 1.64413 -0.518687 -10.0154 -0.74186 0.06
0.936548 0.513897 -1.02423 -4.16931 -0.860255 0.16
0.664398 0.244746 -2.37011 0.479216 -0.845983 0.16
0.173013 0.632667 -3.72011 4.23473 -0.968551 0.16
-0.538719 1.62364 -4.0372 6.70393 -0.599904 0.18
-1.0538 2.74111 -0.871484 13.799 -0.635485 0.14
-1.04171 3.67609 0.533401 15.4421 0.101925 0.06
-1.00214 5.75551 0.0484737 8.39414 0.254452 0.18
-0.994052 6.9074 0.135585 6.59405 -0.117585 0.16
-0.989742 7.03708 0.294724 6.38903 0.632262 0.02
-0.971746 7.58158 0.192514 7.22888 -0.679523 0.08
-0.920205 8.18929 1.12287 8.16303 0.821434 0.08
-0.767536 9.58091 0.164088 5.59208 -0.984675 0.18
-0.789355 9.90376 -0.696031 2.51716 -0.938268 0.08
-0.864235 10.1438 -0.368485 0.8603 0.496016 0.14
