-0.157882 1.00677 -0.0278236 0.0155307 0 0
-0.251512 1.47064 -0.797908 4.30118 -0.525621 0.2
-0.300017 1.86596 -0.389857 5.61101 0.345439 0.08
-0.212798 3.33825 1.05143 8.03114 0.57867 0.2
0.0399751 4.52274 1.54181 3.36121 0.895809 0.2
0.238123 4.73395 1.7945 0.239367 0.395607 0.12
0.658064 4.43171 2.81954 -3.29269 0.912358 0.18
0.962325 4.04551 3.2591 -4.28229 0.914882 0.1
1.05827 3.60485 -0.24387 -10.7075 -0.0726328 0.06
1.02144 2.93483 -0.810247 -11.0936 -0.93537 0.06
0.874516 1.3646 -0.884127 -4.48983 -0.924757 0.2
0.783055 1.11068 -1.43507 -1.86397 -0.981657 0.08
0.701452 1.03524 -1.28784 -0.679108 0.455107 0.06
0.587472 1.05875 -1.55712 1.22179 -0.323254 0.08
0.142409 1.76104 -2.7365 5.29592 -0.984699 0.2
0.0870674 1.86944 -2.79677 5.53888 -0.920607 0.02
-0.54033 3.02336 -3.68697 4.71845 -0.892574 0.2
-0.61567 3.11284 -3.84859 4.22159 -0.852436 0.02
-0.95222 3.35918 -4.5673 1.91303 -0.896646 0.08
-1.07608 4.00075 0.773434 11.8564 -0.51309 0.08
-0.921651 5.60292 1.20105 4.23292 0.999659 0.2
-0.879064 5.7665 0.928281 3.98016 -0.903912 0.04
-0.82939 6.62567 -0.438781 5.24508 -0.868133 0.2
-0.774525 7.41028 0.996147 4.29493 0.891678 0.18
-0.650607 7.89741 1.51384 5.53548 0.447265 0.1
-0.338348 8.86246 3.01955 8.4506 0.837865 0.14
-0.208676 9.21622 3.4435 9.15579 0.887913 0.04
-0.138447 9.40023 3.57069 9.21133 0.763459 0.02
-0.0660435 9.58365 3.66094 9.09573 0.851407 0.02
0.355913 10.4233 1.77194 1.95009 -0.93684 0.16
