-5.95901e-05 1.46645 0.092364 -0.0502658 0 0
0.0920523 1.87432 0.909873 4.0385 0.50122 0.2
0.158178 2.15308 1.30731 5.25856 0.546975 0.06
0.265889 2.60532 1.37201 5.91548 -0.272921 0.08
0.323996 2.84918 1.52434 6.22574 0.238825 0.04
0.514614 3.51621 2.18732 6.60582 0.942144 0.1
0.919393 4.31266 1.98042 1.45608 0.281783 0.2
1.01566 4.20777 -0.33831 -3.0373 -0.997348 0.12
0.954473 3.72332 -0.693849 -4.89306 -0.108767 0.12
0.86599 3.2582 -1.49471 -6.56166 -0.998137 0.08
0.834814 3.12572 -1.61882 -6.66633 -0.794179 0.02
0.727757 2.72804 -1.91607 -6.4152 -0.919926 0.06
0.432869 2.01311 -2.32032 -3.58585 -0.889669 0.14
-0.132782 1.74666 -3.39372 0.804655 -0.920383 0.2
-0.200751 1.76701 -3.40286 1.22763 -0.172283 0.02
-0.48808 1.92059 -3.77178 2.55395 -0.8134 0.08
-1.06888 2.80356 0.260046 12.1898 -0.454484 0.18
-1.05938 3.05436 0.614615 12.7009 0.931545 0.02
-0.952202 4.97235 0.519877 5.94182 0.979619 0.2
-0.760295 5.49147 1.74702 -0.0502552 0.858657 0.18
-0.724154 5.4852 1.86663 -0.573894 0.605722 0.02
-0.647458 5.44645 1.96642 -1.35492 0.18994 0.04
-0.178219 4.80964 3.10292 -5.32194 0.961539 0.18
-0.116529 4.70034 3.06443 -5.60799 0.18393 0.02
0.19691 4.07811 3.18811 -6.71126 0.782663 0.1
0.682061 3.18998 3.91603 -5.14238 0.901732 0.14
1.05231 2.21023 -0.44203 -11.8091 0.327679 0.14
0.960904 0.6955 -0.848486 -5.00906 -0.998612 0.18
0.87266 0.397954 -1.37625 -2.49435 -0.672585 0.08
0.704854 0.268744 -1.97347 -0.203856 -0.563403 0.1
0.521072 0.330109 -2.61456 1.69584 -0.840122 0.08
0.0100057 0.873762 -3.69556 4.96383 -0.854722 0.16
-0.520563 1.70033 -3.79101 6.81217 -0.562618 0.14
-0.823187 2.27942 -3.77455 7.5766 -0.751692 0.08
-1.01533 4.76701 0.258741 12.1274 0.812889 0.2
-1.00253 5.97046 0.0328528 8.38074 -0.962422 0.12
-0.998784 7.33729 0.0645501 7.59129 -0.429575 0.18
-0.727712 9.04574 2.74917 10.5667 0.939872 0.2
-0.672208 9.25623 2.7891 10.441 -0.0334975 0.02
-0.615211 9.46499 2.8984 10.3906 0.748327 0.02
-0.556302 9.67115 2.98108 10.1832 0.995934 0.02
-0.444147 10.0435 2.6185 8.40447 -0.156405 0.04
-0.138614 10.8594 1.41193 2.39065 -0.462536 0.16
