0.0776543 2.11903 -0.0851935 0.036644 0 0
0.225021 2.67319 1.6296 5.30273 0.888846 0.2
0.420851 3.26292 2.21951 6.11219 0.668939 0.1
0.465939 3.38407 2.28622 5.98632 0.689097 0.02
0.51254 3.50256 2.37127 5.84755 0.883076 0.02
0.819149 4.09482 2.73616 3.81343 0.860487 0.12
1.02505 4.18842 -0.357815 -2.54879 0.718962 0.16
0.825308 3.34354 -1.88642 -6.52074 -0.809909 0.18
0.609985 2.68451 -2.32753 -6.18814 -0.774897 0.1
0.324567 2.09811 -2.45643 -3.49896 -0.641656 0.12
-0.208443 1.8609 -2.92903 0.941269 -0.514574 0.2
-0.705362 2.22574 -3.25371 3.39854 -0.487223 0.16
-1.04204 3.46981 0.568446 11.4907 -0.314934 0.18
-1.02229 3.9003 0.402097 9.97371 0.74749 0.04
-0.953797 5.11476 0.688734 3.67795 0.939439 0.18
-0.698637 5.24656 2.1664 -1.97692 0.989434 0.18
-0.332226 4.74817 2.98473 -4.90156 0.94984 0.14
-0.272275 4.64708 3.00875 -5.20477 0.579773 0.02
0.173952 3.81482 3.37279 -6.31117 0.88643 0.14
0.950536 2.83801 4.59256 -2.42965 0.720698 0.2
1.05951 1.95368 -0.789423 -10.9875 0.330702 0.1
0.954979 0.483401 -0.696982 -4.20077 -0.457775 0.2
0.788882 0.170055 -1.67005 -0.552629 -0.674477 0.14
0.551184 0.218734 -2.28405 1.30673 -0.529825 0.12
0.313902 0.388355 -2.46224 2.12453 -0.177583 0.1
-0.242845 1.11256 -3.59075 5.69109 -0.884339 0.18
-0.799437 2.18103 -3.27399 7.67078 -0.386034 0.16
-1.03096 3.99781 0.430365 13.7463 -0.671057 0.16
-0.999935 5.95687 0.0850245 6.7558 0.183663 0.2
-1.00103 6.70795 0.00744293 5.88289 -0.453981 0.12
-0.997093 6.9372 0.188202 5.6234 0.318127 0.04
-0.964505 8.10925 0.319942 7.52499 -0.413072 0.18
-0.946529 8.42205 0.58252 8.12235 0.0380072 0.04
-0.864109 9.41908 0.600234 7.72443 -0.381134 0.12
-0.844946 9.70524 0.344728 6.52543 -0.375005 0.04
-0.84638 10.2573 -0.325972 2.7474 -0.259328 0.12
