0.142617 -2.24654 -0.0758573 -0.0157905 0 0
-0.0510081 -2.81621 -1.90785 -5.38009 -0.948004 0.2
-0.565076 -3.97655 -2.99272 -4.76101 -0.941516 0.2
-0.974969 -4.33336 -2.21923 0.00303745 0.372706 0.16
-1.01835 -4.32812 -1.74873 0.850834 0.552549 0.02
-0.952088 -3.56201 1.00891 5.91743 0.373949 0.18
-0.731155 -2.62816 1.95934 6.46117 0.965219 0.14
-0.282865 -1.77255 2.63806 1.92716 0.893146 0.2
-0.178074 -1.71626 2.60461 0.898967 -0.000239426 0.04
0.0995563 -1.73814 2.94618 -1.27396 0.566682 0.1
0.691847 -2.35318 2.9087 -4.56549 0.223291 0.2
1.05629 -3.1478 0.00264808 -11.5319 0.682936 0.14
1.05118 -3.38647 -0.424111 -12.0983 -0.632776 0.02
1.00082 -4.7571 -0.256299 -7.16443 -0.967858 0.14
0.843816 -5.49452 -1.55369 -0.292423 -0.92926 0.2
0.630189 -5.37017 -1.98756 2.27429 -0.340585 0.12
0.407758 -5.03783 -2.42342 4.28742 -0.649841 0.1
-0.0340986 -4.15345 -3.01812 6.42048 -0.998426 0.16
-0.419422 -3.38771 -3.51195 5.78025 -0.890007 0.12
-1.07224 -2.55354 -0.805354 9.21197 -0.366228 0.18
-1.06533 -2.13849 0.646102 10.4615 -0.190703 0.04
-0.930097 -0.84924 1.15594 3.88171 0.977284 0.18
-0.681433 -0.648261 2.41588 -0.847234 0.966095 0.14
-0.308392 -0.952499 2.8758 -3.41824 0.359683 0.14
0.133976 -1.61088 3.35213 -5.82237 0.750618 0.14
0.201276 -1.73003 3.37641 -6.08907 0.744874 0.02
0.942294 -3.01269 4.26915 -5.35033 0.995636 0.2
1.01531 -5.17972 -0.253416 -10.7147 0.929252 0.18
0.998923 -6.88573 -0.0680107 -7.44975 0.275602 0.2
0.932441 -8.48153 -0.754698 -8.96111 0.341703 0.2
0.86688 -9.207 -0.783587 -8.79818 0.552814 0.08
0.801963 -9.87102 -0.745743 -7.41481 -0.287923 0.08
0.603254 -10.8849 -1.37733 -2.51123 -0.933023 0.2
