0.185958 1.82293 0.0290813 0.0386198 0 0
0.167378 2.21183 -0.166696 3.55449 -0.296833 0.2
0.163116 2.28406 -0.259791 3.66207 -0.867197 0.02
0.20485 2.90764 0.955938 6.54657 0.968394 0.12
0.397335 3.83526 1.62918 5.82746 0.901303 0.14
0.606332 4.36702 1.09499 1.08633 -0.087936 0.16
0.645934 4.38856 0.886796 0.00442658 -0.601544 0.04
0.695259 4.3473 0.755498 -1.35804 -0.186641 0.06
0.776421 3.96243 0.370076 -4.02289 -0.151951 0.14
0.78263 3.87799 0.250276 -4.41825 -0.464478 0.02
0.794167 3.69817 0.330664 -4.53772 0.503748 0.04
0.762972 3.00393 -0.770643 -6.53532 -0.995439 0.12
0.685047 2.50008 -1.1363 -5.81382 -0.996775 0.08
0.384924 1.76469 -1.97576 -1.41302 -0.938368 0.2
-0.103746 1.90332 -2.88932 2.5215 -0.759444 0.2
-0.351704 2.14301 -3.30465 3.38865 -0.960342 0.08
-0.784671 2.5772 -3.935 3.57926 -0.933666 0.12
-1.06214 3.21179 0.176799 12.7928 -0.154403 0.1
-1.05441 3.47257 0.516042 13.0713 -0.291879 0.02
-1.00585 4.93422 0.107684 7.70003 0.364408 0.14
-0.971641 5.68979 0.544914 3.19185 0.548541 0.14
-0.955779 6.11841 -0.3371 3.23976 -0.843608 0.14
-1.00631 6.6086 0.0779441 1.93546 -0.366328 0.18
-1.00069 7.08085 0.00389888 3.47097 -0.6135 0.18
-0.993435 7.3874 0.188023 4.23535 0.23485 0.08
-0.988043 7.47331 0.351649 4.36282 0.965217 0.02
-0.968453 7.87499 0.167103 5.63297 -0.647675 0.08
-0.963382 8.90347 -0.140326 6.68215 -0.795495 0.16
-0.965352 9.92546 -0.0857787 5.09035 0.171569 0.16
-0.973783 10.1029 -0.330053 3.7947 -0.32209 0.04
-0.996045 10.3444 -0.215417 2.23347 0.496189 0.08
