-0.124468 -2.40178 -0.0909416 -0.0322198 0 0
-0.086605 -2.46416 0.634716 -0.786805 0.80669 0.14
-0.103238 -3.00754 -0.806326 -4.80852 -0.808599 0.18
-0.13972 -3.20489 -1.00907 -5.00573 -0.649797 0.04
-0.3855 -3.99605 -1.65792 -3.15712 -0.768038 0.18
-0.690551 -4.2097 -1.77358 0.630932 -0.303298 0.18
-1.04016 -3.69852 0.319331 7.25394 -0.975993 0.2
-1.03256 -3.55105 0.421795 7.44599 0.132883 0.02
-0.950822 -2.7618 1.06925 7.70167 0.889415 0.1
-0.757006 -1.79753 1.19794 2.94357 0.642766 0.18
-0.606907 -1.73658 0.326049 -2.04422 -0.544011 0.2
-0.595851 -1.83463 0.223094 -2.8521 -0.217045 0.04
-0.493166 -2.62637 0.815577 -4.42758 0.657725 0.2
-0.449924 -2.90818 0.637777 -4.87826 -0.198097 0.06
-0.430537 -3.11424 0.340197 -5.37036 -0.831389 0.04
-0.31651 -3.51537 1.5531 -1.31862 0.950283 0.12
0.127933 -3.31886 2.85736 2.85966 0.659122 0.2
0.727031 -2.70033 3.70589 3.31385 0.693786 0.18
1.07479 -2.49171 0.730008 -3.79555 0.86077 0.1
1.06575 -2.72196 -0.683278 -6.71303 0.265168 0.04
0.904528 -3.71904 -1.41076 -6.51757 -0.824795 0.14
0.597754 -4.52472 -1.79784 -1.55124 -0.672478 0.2
0.185806 -4.45603 -2.76958 2.10304 -0.863573 0.18
-0.442051 -3.78918 -3.49743 4.0194 -0.748823 0.2
-0.654956 -3.54363 -3.60929 4.08877 -0.438503 0.06
-1.06024 -2.52274 0.595924 12.4358 -0.4223 0.16
-1.01114 -1.47229 0.32762 8.49268 0.907435 0.1
-0.847086 -0.505721 1.6362 1.24107 0.962588 0.2
-0.775659 -0.478617 1.93428 0.130217 0.728464 0.04
-0.458009 -0.656095 2.58114 -2.57729 0.457709 0.14
0.0364781 -1.34293 3.47416 -5.75024 0.897766 0.16
0.737416 -2.71864 3.55998 -7.33612 0.683425 0.2
1.02954 -4.36508 -0.373639 -12.8415 0.988339 0.16
1.01241 -5.05818 -0.191189 -10.3482 0.936824 0.06
1.00087 -6.36672 -0.0148081 -6.7669 0.314822 0.16
1.00029 -7.29731 -0.00229578 -6.92318 0.552183 0.14
0.887238 -8.31345 -1.67854 -8.23047 -0.956308 0.14
0.650547 -9.36799 -2.09478 -8.68746 0.0997578 0.12
0.570672 -9.69433 -1.87779 -7.54441 0.243832 0.04
0.535667 -9.83563 -1.62275 -6.58535 0.902775 0.02
0.422668 -10.2895 -0.693129 -2.6645 0.68704 0.1
