-0.170264 2.89634 -0.0056469 0.00393308 0 0
-0.131319 3.00841 0.773678 2.11827 0.812055 0.1
-0.112209 3.09108 -0.490576 -0.84673 -0.982794 0.14
-0.313966 2.76293 -1.69373 -2.33033 -0.860618 0.18
-0.423378 2.63005 -1.94992 -2.06217 -0.719463 0.06
-0.686326 2.4384 -2.43117 -1.06689 -0.716753 0.12
-0.786377 2.40415 -2.57178 -0.64594 -0.651788 0.04
-1.03958 2.65256 0.178657 6.25236 0.400759 0.14
-1.03361 2.78268 0.396244 6.70471 0.884214 0.02
-0.903181 3.7865 1.25412 6.58826 0.994119 0.14
-0.665918 4.53669 1.80749 2.69324 0.949963 0.16
-0.413612 4.68041 2.4188 -0.237785 0.808481 0.12
0.0272428 4.38323 3.05002 -3.25859 0.688054 0.16
0.429479 3.92469 3.65542 -4.14425 0.986565 0.12
1.06332 3.2742 1.59721 -9.77188 0.933495 0.16
1.07681 3.03825 0.00613426 -13.1855 -0.733317 0.02
1.06993 2.76342 -0.573089 -13.9774 -0.291572 0.02
1.01087 1.35127 -0.226199 -9.27126 -0.847303 0.12
0.89421 0.287723 -1.39333 -2.60375 -0.97512 0.18
0.864589 0.241721 -1.56851 -2.00277 -0.863976 0.02
0.666648 0.169815 -2.37995 0.451534 -0.830975 0.1
0.333341 0.356718 -3.1654 2.64038 -0.716939 0.12
-0.315438 1.09583 -3.93772 5.49958 -0.647681 0.18
-0.635947 1.58049 -4.04265 6.5909 -0.701825 0.08
-1.03543 3.69811 0.536925 13.8919 -0.525136 0.2
-0.985986 5.62608 0.450535 5.79414 0.947856 0.2
-0.932653 5.99101 0.904808 3.40724 0.575848 0.08
-0.866991 6.24729 0.730879 3.10151 -0.333381 0.08
-0.821 6.51212 0.416259 3.59335 -0.484264 0.08
-0.811377 6.58103 0.545044 3.30767 0.678863 0.02
-0.732953 7.19266 0.460929 4.53682 -0.105268 0.16
-0.620116 8.05276 1.03737 6.40385 0.150739 0.16
-0.497626 8.76107 1.41412 7.67168 -0.14965 0.1
-0.441866 9.06624 1.3547 7.50354 -0.558532 0.04
-0.414348 9.21624 1.39213 7.47536 0.0723594 0.02
-0.385775 9.36577 1.46005 7.45439 0.407962 0.02
-0.279478 10.0423 0.0745883 2.21287 -0.817906 0.14
