0.0877297 -2.84762 -0.0722356 -0.0592289 0 0
-0.000537727 -3.07554 -1.16454 -2.92719 -0.823174 0.14
-0.0522226 -3.20131 -1.4152 -3.32641 -0.76331 0.04
-0.279793 -3.63623 -1.80134 -2.58939 -0.520298 0.14
-0.59968 -3.90071 -2.20539 -0.65854 -0.547071 0.16
-0.979704 -3.74228 -2.02129 2.1924 -0.0614276 0.18
-1.03548 -3.46457 0.17143 6.98983 0.965494 0.06
-1.02043 -3.17122 0.551164 7.56392 0.987225 0.04
-0.840598 -1.92501 1.1714 3.98864 0.907166 0.2
-0.540693 -1.60859 2.22908 -0.393269 0.971641 0.18
-0.494836 -1.62083 2.35633 -0.828612 0.953012 0.02
0.091337 -2.13542 3.44448 -3.86155 0.956822 0.2
0.647542 -2.86023 3.56214 -4.67659 0.363087 0.16
1.07165 -3.40076 0.788981 -10.4371 0.677778 0.12
1.07473 -3.63301 -0.292714 -12.3097 0.014174 0.02
1.06444 -3.88162 -0.648174 -12.343 -0.970063 0.02
0.982506 -5.35716 -0.580598 -6.20901 -0.925822 0.16
0.964585 -6.37271 0.359492 -4.78717 0.595462 0.2
0.983349 -6.64738 0.269024 -4.44587 -0.0630416 0.06
1.00444 -7.39945 -0.0647458 -5.12266 0.934169 0.16
0.999156 -7.72952 -0.126513 -5.88723 0.222813 0.06
0.99512 -7.84968 -0.278585 -6.13504 -0.573942 0.02
0.960204 -9.09622 -0.00509754 -6.89632 0.750895 0.18
1.01459 -9.8475 0.159609 -4.95518 0.667377 0.14
1.00394 -10.3554 -0.0746125 -2.86578 -0.197543 0.12
