-0.00491189 -0.779713 0.0189278 0.0276176 0 0
0.131569 -1.22473 1.38107 -4.57662 0.962404 0.18
0.184133 -1.41781 1.24178 -5.08632 -0.200596 0.04
0.307726 -1.99804 1.19496 -6.4717 0.452776 0.1
0.371674 -2.58315 0.395318 -8.15123 -0.646147 0.08
0.376041 -3.10535 -0.197786 -9.04398 -0.893023 0.06
0.309123 -4.34215 -0.532314 -5.63789 -0.945079 0.16
0.174924 -4.87522 -1.26521 -1.07307 -0.868194 0.16
-0.163529 -4.66497 -2.44618 3.10887 -0.95674 0.18
-0.616171 -3.99488 -3.18142 4.87512 -0.967119 0.16
-0.799939 -3.67647 -2.94754 5.68062 0.116229 0.06
-0.970847 -3.32285 -2.77088 5.98526 0.149116 0.06
-1.01401 -1.69808 0.236834 8.89605 -0.029122 0.16
-0.898944 -0.644527 1.28954 1.68921 0.940619 0.2
-0.653656 -0.672488 2.19657 -1.92414 0.64536 0.14
-0.149902 -1.38639 3.249 -5.66342 0.902752 0.18
0.475654 -2.58183 3.71589 -6.97469 0.973387 0.18
1.06823 -4.14022 -0.66565 -13.2825 0.578859 0.2
0.965472 -6.03214 -0.748268 -5.97815 -0.705902 0.2
0.929608 -6.52849 -0.164383 -6.53537 0.938965 0.08
0.910089 -7.46429 -0.18815 -7.07363 0.356573 0.14
0.893936 -7.90548 -0.366813 -7.66452 0.324769 0.06
0.804519 -8.92082 -1.10538 -9.17358 0.0466836 0.12
0.731848 -9.47144 -1.24182 -8.89565 -0.127021 0.06
0.706969 -9.64611 -1.23926 -8.54393 -0.396488 0.02
0.565157 -10.6383 -0.471565 -2.68867 -0.000412842 0.18
