-0.0169332 1.6994 -0.0184594 0.0679851 0 0
-0.0180172 1.74371 -0.0150594 1.38704 -0.0488745 0.06
-0.0211562 1.86186 -0.083509 2.5266 -0.283381 0.06
-0.0208638 1.9798 0.102438 3.36671 0.439981 0.04
0.108092 2.81881 1.55334 6.98229 0.821863 0.16
0.440604 3.95928 2.36256 6.03886 0.974772 0.16
0.89054 4.61441 2.77013 1.32378 0.675225 0.18
1.0199 4.52787 -0.566289 -2.39156 -0.831652 0.14
0.776018 3.7191 -2.26181 -6.68844 -0.941214 0.18
0.728771 3.58105 -2.46153 -7.1082 -0.844064 0.02
0.256764 2.40767 -3.16986 -6.26365 -0.825901 0.16
0.0057711 1.99708 -3.13526 -4.02128 -0.518192 0.08
-0.549243 1.66638 -3.8644 -0.176307 -0.83889 0.16
-1.01176 1.80452 -3.178 2.75536 -0.0653031 0.12
-0.934137 2.97759 1.40432 8.1038 0.542887 0.18
-0.837482 3.46916 1.7585 8.02515 0.960118 0.06
-0.452217 4.59314 2.22075 2.9633 0.882358 0.2
-0.0536902 4.73652 2.7897 -1.02824 0.563593 0.16
0.0548655 4.67843 2.63565 -1.87055 -0.492437 0.04
0.222651 4.53249 2.94939 -2.95671 0.89028 0.06
0.868587 3.69896 3.50673 -4.75771 0.689043 0.2
1.04594 2.83949 -0.409581 -12.8796 0.509495 0.1
1.00591 1.39114 -0.0906336 -7.63546 0.837884 0.14
0.876365 0.579936 -1.45876 -0.583465 -0.9226 0.2
0.78094 0.584127 -1.71957 0.697978 -0.37669 0.06
0.664571 0.672357 -2.15242 2.21274 -0.771654 0.06
0.572694 0.780218 -2.43622 3.16529 -0.849077 0.04
0.374413 1.07766 -2.504 4.27226 -0.18833 0.08
0.0388424 1.71763 -3.01694 6.2254 -0.999547 0.12
-0.402208 2.66385 -3.34927 6.76975 -0.906007 0.14
-0.541201 2.92206 -3.61786 6.06217 -0.960269 0.04
-1.0645 4.09774 0.605041 11.8719 -0.703699 0.18
-1.03873 4.5435 0.58818 10.3183 0.868487 0.04
-0.894807 5.8637 1.33758 3.01708 0.872374 0.2
-0.808492 6.00861 1.5384 1.86262 0.25776 0.06
-0.660524 6.44189 0.296556 3.78564 -0.923836 0.16
-0.473374 6.98592 1.50507 2.35674 0.732119 0.2
-0.412956 7.08914 1.51752 2.80866 0.113104 0.04
-0.247698 7.54527 1.28499 4.74726 -0.325708 0.12
-0.10957 8.0904 1.51748 6.1716 -0.0777416 0.1
0.111144 9.15041 1.11027 6.27116 -0.771417 0.16
0.426154 10.3447 1.83604 4.37822 0.784521 0.2
0.706732 10.728 2.22704 1.13527 0.66636 0.14
