-0.035956 -1.44026 -0.022089 0.00867724 0 0
-0.0536805 -1.50646 -0.426466 -1.63952 -0.746121 0.08
-0.157522 -2.01756 -0.94484 -4.69822 -0.274842 0.16
-0.197867 -2.21841 -1.07563 -5.33387 -0.0421632 0.04
-0.21995 -2.32782 -1.13273 -5.60175 0.0424015 0.02
-0.339998 -2.84435 -1.85485 -7.19115 -0.751013 0.08
-0.710226 -3.98479 -2.54539 -5.88564 -0.912004 0.16
-0.897386 -4.34567 -2.17546 -3.23277 0.132549 0.08
-1.01757 -4.45166 0.245793 1.41792 -0.442471 0.14
-0.965008 -4.13079 0.661895 3.86945 0.285132 0.12
-0.9152 -3.86314 1.00506 5.03014 0.423223 0.06
-0.781424 -3.27901 1.63181 6.38639 0.537047 0.1
-0.3484 -2.09607 2.53566 4.23474 0.977981 0.2
0.101344 -1.72607 3.15251 0.449464 0.768236 0.16
0.594601 -1.86066 3.87819 -2.22477 0.851055 0.14
0.996268 -2.15762 4.14201 -3.61275 0.618149 0.1
1.04973 -2.87975 -0.734485 -11.2838 -0.652919 0.08
1.033 -3.10738 -0.923646 -11.4285 -0.975867 0.02
0.899727 -4.46022 -0.868586 -7.27861 -0.959571 0.14
0.748477 -5.15283 -1.45539 -2.64071 -0.920449 0.14
0.422484 -5.19678 -2.16396 1.92222 -0.417489 0.18
0.227967 -4.96712 -2.67476 3.74194 -0.930484 0.08
0.00760874 -4.61327 -2.80928 5.06098 -0.533808 0.08
-0.587581 -3.42612 -3.24866 5.83851 -0.718652 0.2
-1.05314 -2.70937 -0.876294 9.73835 -0.550484 0.14
-1.0523 -2.2705 0.470766 11.1427 -0.294396 0.04
-1.01173 -1.34101 0.210568 7.44108 0.124962 0.1
-0.854144 -0.564913 1.59823 0.453075 0.904243 0.2
-0.530519 -0.777658 2.40949 -2.95981 0.517254 0.16
-0.377887 -0.989691 2.66545 -4.08536 0.603087 0.06
-0.0322891 -1.60323 3.02425 -6.02823 0.754827 0.12
0.543214 -2.81426 3.48682 -6.53599 0.889515 0.18
1.06641 -4.058 -0.621192 -12.5918 0.99769 0.18
0.989055 -5.43736 -0.608735 -7.1743 -0.999654 0.14
0.990172 -6.50843 0.544633 -6.82295 0.857514 0.16
0.992086 -7.58149 -0.257952 -6.33249 0.0829732 0.18
0.900527 -8.42857 -1.32886 -8.04501 -0.542046 0.12
0.481387 -10.1277 -2.76341 -8.72664 -0.976386 0.18
0.187593 -10.9565 -1.15201 -2.41296 0.820878 0.16
