0.153274 2.94808 0.0158185 -0.027289 0 0
0.210645 3.09992 0.783262 1.99318 0.577362 0.14
0.351145 3.41206 1.5244 2.94141 0.793151 0.12
0.417481 3.53225 1.78827 3.03632 0.971366 0.04
0.665974 3.85248 2.34262 2.14345 0.827098 0.12
0.908145 3.91381 1.71026 -1.00024 -0.448393 0.12
0.975595 3.86084 1.66202 -1.63638 0.0328574 0.04
1.02167 3.74842 0.326132 -4.54755 -0.853124 0.04
0.993845 3.16438 -0.622967 -6.39358 -0.674843 0.1
0.923681 2.64973 -1.07489 -6.17217 -0.991452 0.08
0.724012 1.92987 -1.48009 -2.68815 -0.787869 0.16
0.32821 1.82502 -2.50238 1.45717 -0.848513 0.2
0.277635 1.85784 -2.55457 1.82149 -0.508933 0.02
0.225957 1.8977 -2.61269 2.16087 -0.573177 0.02
-0.408849 2.51206 -3.74906 3.37914 -0.995001 0.2
-0.709134 2.80117 -3.77052 3.7335 -0.220364 0.08
-1.07505 3.44595 0.275921 12.6184 -0.81238 0.12
-0.991095 5.25155 0.434548 6.62689 0.915081 0.18
-0.977938 5.72615 -0.0788891 5.39324 -0.702478 0.08
-0.842267 6.21661 1.42509 0.109448 0.755156 0.2
-0.73272 6.23062 1.3135 0.242493 -0.161647 0.08
-0.487803 6.23519 1.40455 -0.161798 0.053099 0.18
-0.276624 6.28565 0.943927 0.711606 -0.283478 0.18
-0.235964 6.30666 1.08804 0.348405 0.392725 0.04
-0.0905363 6.31672 1.33247 -0.152258 0.242559 0.12
-0.0102317 6.30851 1.34465 -0.124493 0.0492362 0.06
0.0156737 6.30851 1.2461 0.12307 -0.510975 0.02
0.111474 6.63488 -0.164079 3.49571 -0.859012 0.18
0.102162 6.8504 -0.146521 3.73036 0.00685034 0.06
0.0861008 7.4562 -0.0426666 5.04658 -0.0203494 0.14
0.0844981 7.66893 -0.0306358 5.5896 -0.297982 0.04
0.0879511 8.02835 0.160602 6.40551 -0.0670814 0.06
0.127464 9.43538 -0.0259159 6.30496 -0.512142 0.2
0.128942 10.0935 0.00462948 4.33724 0.392222 0.12
0.124596 10.3611 -0.0950834 2.37402 0.187101 0.08
