0.0384213 -1.13391 0.0933335 0.031599 0 0
0.0571519 -1.24097 0.267746 -2.11193 0.148721 0.1
0.0461935 -1.69214 -0.4757 -4.39531 -0.634079 0.14
-0.0922911 -2.84816 -0.885713 -6.56108 0.121931 0.2
-0.250269 -3.67889 -1.59697 -6.5356 -0.942373 0.12
-0.514253 -4.40853 -1.78959 -2.56144 -0.634054 0.16
-0.709436 -4.54582 -2.13055 -0.226658 -0.615359 0.1
-0.997793 -4.4285 -2.66363 2.07675 -0.736419 0.12
-0.953033 -3.5203 1.40943 7.76015 0.88223 0.16
-0.852614 -3.03258 1.88343 8.26144 0.904273 0.06
-0.773828 -2.70878 2.03417 7.82997 0.966335 0.04
-0.350761 -1.67148 2.36052 2.48229 0.758343 0.2
-0.0877261 -1.55104 2.91519 -0.0316152 0.856548 0.1
0.53144 -1.89208 3.90891 -3.44317 0.913285 0.18
1.06956 -3.05793 -0.70334 -13.6743 0.999378 0.18
0.994899 -4.47453 -0.358942 -9.31725 -0.991526 0.12
0.932858 -5.50255 -0.71859 -3.65157 -0.766388 0.16
0.922463 -6.10164 0.630731 -3.5749 0.997421 0.18
0.998827 -6.48546 0.657232 -3.05262 0.102076 0.12
0.986222 -6.66657 -0.581028 -0.786163 -0.890381 0.12
0.944687 -6.71309 -0.801904 -0.77954 -0.529084 0.06
0.734433 -6.86594 -1.52291 -1.04306 -0.598566 0.18
0.58398 -7.57103 -0.156463 -5.56685 0.920106 0.2
0.574371 -7.80293 -0.330072 -6.04252 -0.166923 0.04
0.515385 -9.05549 -0.255517 -7.19458 0.629094 0.18
0.510609 -9.19778 -0.217318 -7.0141 0.363881 0.02
0.505647 -9.33807 -0.274432 -6.99433 -0.311919 0.02
0.499523 -9.4774 -0.333452 -6.91732 -0.46876 0.02
0.387778 -10.555 -0.758497 -3.22348 -0.715904 0.2
