-0.146677 2.03505 0.0233258 0.0492111 0 0
-0.0317533 2.46189 1.31395 4.55784 0.745346 0.18
0.243297 3.29775 2.50999 6.73253 0.91793 0.14
0.294206 3.43094 2.57735 6.56855 0.769512 0.02
0.346499 3.56035 2.64926 6.35604 0.900733 0.02
0.888388 4.3714 2.8738 1.70168 0.572365 0.2
0.972628 3.94261 -1.04591 -4.9972 -0.651172 0.2
0.817957 3.32651 -2.02569 -7.12473 -0.900232 0.1
0.532153 2.47316 -2.59471 -6.37695 -0.946384 0.12
0.250888 1.94284 -2.17146 -2.62054 -0.0145662 0.12
-0.0330625 1.79318 -2.5818 0.0672621 -0.632251 0.12
-0.59622 2.07656 -3.64795 2.78712 -0.988759 0.18
-0.887591 2.34579 -3.63071 3.879 -0.256051 0.08
-0.960493 2.42485 -3.65989 4.02053 -0.478081 0.02
-1.03386 2.5066 -2.99479 5.46046 -0.388119 0.02
-1.0689 2.89459 0.305824 12.0656 -0.175299 0.04
-1.05886 3.14187 0.622923 12.4673 0.913426 0.02
-0.96495 4.86721 0.47567 6.30828 0.985505 0.18
-0.939497 5.43294 0.0274162 3.34489 -0.382513 0.12
-0.983923 5.82017 -0.519935 1.31798 -0.522036 0.18
-1.00453 5.85582 -0.0791053 -0.287985 0.366428 0.06
