-0.152354 -1.75799 0.0325947 -0.00221119 0 0
-0.152895 -1.8686 -0.0536675 -2.15144 -0.0314347 0.1
-0.162612 -2.1737 -0.159825 -3.88381 0.0774472 0.1
-0.18981 -2.45304 -0.758319 -5.42594 -0.946589 0.06
-0.339532 -3.22728 -1.64457 -6.9615 -0.733153 0.12
-0.373316 -3.36576 -1.72952 -6.86529 -0.802066 0.02
-0.408261 -3.50044 -1.76201 -6.58687 -0.635562 0.02
-0.599475 -4.07791 -2.05294 -4.77426 -0.925485 0.1
-0.960672 -4.52978 -2.54036 -0.927656 -0.703569 0.16
-0.945303 -4.06761 1.18744 4.77907 0.749385 0.2
-0.54028 -2.75968 2.60711 6.88758 0.779128 0.2
-0.322392 -2.26286 2.83004 5.39506 0.968068 0.08
0.254816 -1.67549 3.69063 1.10224 0.9878 0.18
0.998429 -1.82968 4.54579 -2.57594 0.784363 0.18
1.01112 -2.65148 -1.37871 -8.94538 -0.959105 0.12
0.832312 -3.58383 -1.98549 -8.87621 -0.865753 0.1
0.471291 -4.70557 -2.19842 -3.55413 -0.842049 0.18
0.428454 -4.77091 -2.08721 -2.98643 0.628092 0.02
0.0745811 -4.91359 -2.99317 0.848379 -0.916507 0.14
-0.18585 -4.7713 -3.50323 2.64277 -0.948682 0.08
-0.401514 -4.57943 -3.67505 3.72157 -0.605312 0.06
-1.02326 -3.827 -3.35092 6.64534 -0.736096 0.16
-1.06627 -3.38465 0.211116 13.5785 0.156792 0.04
-1.05763 -3.1065 0.567581 14.0152 0.608264 0.02
-1.03396 -2.56538 0.528008 12.7797 0.982156 0.04
-0.982459 -0.833243 0.477548 4.92153 0.918943 0.2
-0.91443 -0.34515 0.51945 2.31984 -0.0709601 0.14
-0.847468 -0.194245 0.812251 0.808368 0.221722 0.1
-0.582833 -0.389201 2.1017 -2.84551 0.76086 0.18
-0.0956319 -1.2228 3.15684 -6.18173 0.908664 0.18
0.364954 -2.2092 3.36868 -7.70099 0.952057 0.14
1.0478 -3.66259 0.988717 -11.2824 0.631417 0.2
1.04998 -4.15779 -0.423489 -12.429 -0.583487 0.04
1.03095 -4.62485 -0.445643 -10.8481 0.0411216 0.04
1.00132 -6.18175 -0.0166795 -5.73109 0.783849 0.2
1.00051 -7.27337 -0.00105379 -5.88978 0.680041 0.2
0.900667 -8.14817 -1.48037 -7.11617 -0.965248 0.14
0.840203 -8.44179 -1.54329 -7.54772 0.539108 0.04
0.648554 -9.2712 -2.20588 -8.68922 -0.320389 0.1
0.505199 -9.79229 -2.50606 -8.4029 -0.920961 0.06
0.240098 -10.5741 -0.986532 -1.93725 0.696196 0.16
