-0.0613191 2.49143 -0.0288952 0.00327652 0 0
0.0695154 2.92481 1.47853 4.42986 0.853634 0.18
0.209501 3.31262 1.98702 5.05213 0.808531 0.08
0.590695 4.03364 2.72901 3.4377 0.947042 0.16
1.05026 4.19704 -0.481468 -3.76179 0.959912 0.2
0.938148 3.58888 -1.40535 -6.27076 -0.643601 0.12
0.663027 2.61172 -2.31998 -6.67639 -0.942907 0.14
0.15359 1.74201 -2.90472 -1.909 -0.843478 0.2
-0.0908797 1.66622 -3.21442 -0.0167838 -0.644921 0.08
-0.672637 1.91557 -4.02493 2.91134 -0.852663 0.16
-0.985718 2.20762 -3.78742 4.35649 0.0908502 0.08
-1.05114 2.73599 0.376512 11.3391 -0.234657 0.06
-1.04129 2.96579 0.590943 11.587 0.790486 0.02
-0.927763 4.53998 0.637692 7.13475 0.985149 0.16
-0.722053 5.30209 1.66722 0.581424 0.860257 0.2
-0.229532 4.86517 3.12978 -4.46559 0.997588 0.2
0.0957044 4.3424 3.34066 -5.89415 0.747058 0.1
0.295926 3.96935 3.33462 -6.48427 0.5713 0.06
0.865318 3.00653 3.98413 -4.56831 0.630575 0.16
1.0618 2.41895 -0.179637 -12.0036 -0.681505 0.08
1.0541 2.17923 -0.512491 -11.8103 -0.630728 0.02
1.00702 1.19148 -0.420741 -7.9635 -0.967755 0.1
0.899543 0.42981 -1.28585 -2.9556 -0.86617 0.14
0.688066 0.193169 -1.72287 -0.650017 -0.247387 0.14
0.494918 0.200007 -2.13473 0.739381 -0.409063 0.1
-0.0879418 0.776037 -3.60683 4.87574 -0.881263 0.2
-0.235513 0.983683 -3.7636 5.49816 -0.758213 0.04
-0.794782 1.89645 -4.12765 7.37293 -0.979686 0.14
-1.0547 3.2145 0.556283 15.6796 0.29982 0.12
-0.999678 5.53853 0.165694 7.71512 0.815035 0.2
-0.94143 6.68339 0.496899 4.56872 0.131597 0.2
-0.82714 7.57149 0.829433 5.65821 0.0557857 0.18
-0.747869 8.34729 0.539293 7.10579 -0.944644 0.12
-0.725744 8.63837 0.562213 7.41279 -0.598899 0.04
-0.705774 8.93243 0.419621 7.21394 -0.915874 0.04
-0.697366 9.0764 0.416922 7.16398 -0.290422 0.02
-0.688049 9.22095 0.510583 7.27073 0.392596 0.02
-0.601187 10.3334 0.27186 3.15356 0.214377 0.2
