0.01614 0.537068 -0.0748502 -0.0638583 0 0
0.0155006 0.536449 0.0109301 0.00144753 0.655037 0.02
-0.157579 1.08843 -1.59482 5.07091 -0.986297 0.2
-0.337471 1.67608 -1.95031 6.57939 -0.974562 0.1
-0.498735 2.23454 -2.08095 7.27341 -0.949417 0.08
-0.962634 3.3432 -3.36176 3.73238 -0.97662 0.18
-1.06311 3.76683 0.263132 10.5873 -0.0729058 0.06
-1.05423 3.9788 0.551915 10.4533 0.807761 0.02
-0.928204 5.34831 1.06432 3.29348 0.954638 0.2
-0.649831 5.44928 2.41902 -1.8124 0.937923 0.16
-0.239478 4.95689 3.3535 -4.97309 0.986025 0.14
0.323942 3.98705 3.63087 -6.84514 0.810741 0.16
0.546826 3.57826 3.82864 -6.63163 0.869507 0.06
1.04603 2.39006 0.183666 -11.951 -0.35672 0.16
1.04427 2.14953 -0.274047 -11.9242 0.741115 0.02
1.02159 1.49806 -0.331481 -9.6709 -0.101042 0.06
0.907566 0.360742 -1.30828 -2.99531 -0.955928 0.18
0.630105 0.244149 -2.63746 1.09106 -0.974576 0.14
0.390925 0.408134 -3.33271 2.98092 -0.966772 0.08
0.0443131 0.764395 -3.58349 4.17669 -0.353278 0.1
-0.508039 1.52692 -4.19515 6.52796 -0.951946 0.14
-0.677084 1.7979 -4.25141 7.00691 -0.928239 0.04
-1.01992 2.38573 -3.56934 8.87971 -0.908728 0.08
-1.02636 4.1539 0.409492 13.822 -0.77688 0.12
-1.01 4.89981 0.163008 11.1363 -0.147777 0.06
-1.00104 6.29113 0.0123978 7.04171 -0.649274 0.16
-0.950777 7.13704 0.696612 5.61657 0.351208 0.14
-0.832853 8.34235 0.755168 7.75331 -0.545134 0.18
-0.729746 9.30937 0.808734 7.70845 -0.418189 0.12
-0.701137 9.59942 0.604277 6.71903 -0.341575 0.04
-0.642273 10.3473 0.171113 2.56721 0.0811849 0.16
