-0.197022 2.2349 -0.0454842 0.0121253 0 0
-0.154751 2.42596 0.763346 3.07915 0.684848 0.12
0.0817961 3.20489 2.12738 6.06329 0.893845 0.16
0.125448 3.32631 2.23444 6.06073 0.857992 0.02
0.615305 4.22224 2.67732 2.47055 0.693799 0.2
1.04746 4.32127 0.654381 -2.84787 0.596291 0.16
1.00253 3.85324 -0.959464 -5.89281 -0.712206 0.1
0.86175 3.16967 -1.79316 -7.43437 -0.771028 0.1
0.48508 2.03298 -2.30114 -4.37779 -0.871558 0.18
0.114728 1.70842 -1.89925 0.48624 0.133839 0.18
-0.243315 2.02173 -2.54114 3.20361 -0.71927 0.16
-0.584391 2.45632 -3.15501 3.79236 -0.949372 0.12
-0.647013 2.53468 -3.10742 4.03716 0.0306165 0.02
-0.896329 2.86988 -3.14449 4.20149 -0.231386 0.08
-1.04097 3.85945 0.534587 10.9832 -0.67623 0.12
-0.944575 5.3034 0.870352 3.63966 0.98418 0.2
-0.634331 5.4159 2.23566 -2.19083 0.73952 0.2
-0.215058 4.80178 2.89829 -5.26264 0.70568 0.16
-0.0989437 4.57964 2.90098 -5.83765 0.494527 0.04
-0.0424765 4.45958 2.74394 -6.17324 -0.529978 0.02
0.0102329 4.33218 2.52491 -6.57299 -0.884698 0.02
0.165088 3.9249 2.64623 -6.91629 0.918353 0.06
0.665856 2.99625 3.82158 -3.71849 0.971957 0.16
1.03883 1.91399 -0.551069 -9.02932 0.476021 0.18
0.951258 1.00363 -0.932386 -4.03539 -0.94333 0.14
0.616469 0.841296 -2.43319 2.09332 -0.830291 0.2
0.0766735 1.57714 -3.4119 5.70878 -0.925967 0.18
-0.0619839 1.81604 -3.51573 6.21792 -0.947554 0.04
-0.203488 2.07349 -3.55785 6.63264 -0.805018 0.04
-0.907912 3.19316 -4.53488 4.5085 -0.922232 0.18
-1.06888 3.96191 0.553339 14.0491 0.481551 0.08
-1.00786 5.55213 0.146261 8.96959 0.143243 0.14
-1.00048 6.91091 0.00477164 6.98662 -0.587918 0.18
-1.0002 8.12195 0.00921875 8.33088 -0.965706 0.16
-0.985348 8.82403 0.335516 9.11108 -0.387987 0.08
-0.979302 9.00434 0.261056 8.88991 -0.968733 0.02
-0.972685 9.18399 0.393922 9.04836 0.463263 0.02
-0.951424 9.54923 0.634604 9.07698 0.788398 0.04
-0.893846 10.6805 0.099411 3.48378 0.224485 0.18
