0.177506 1.71557 0.0104998 0.0498143 0 0
0.302744 2.19547 1.33805 4.6937 0.755296 0.2
0.522899 2.97162 1.74679 5.93304 0.108845 0.14
0.796054 3.75492 0.953221 1.55354 -0.218206 0.2
0.85704 3.8263 1.081 0.824602 0.469599 0.06
0.895671 3.83824 0.852141 -0.214349 -0.515209 0.04
1.02118 3.6839 0.0050116 -3.64729 0.62787 0.14
0.975061 3.20819 -0.884212 -5.59499 -0.897873 0.1
0.882462 2.74514 -1.38225 -5.70885 -0.960389 0.08
0.7925 2.42434 -1.60821 -4.90221 -0.938583 0.06
0.411874 1.866 -2.2882 -0.672435 -0.763137 0.2
-0.0763614 2.03919 -3.11896 2.36484 -0.791491 0.18
-0.411589 2.32344 -3.585 3.1912 -0.864533 0.1
-1.07181 3.01376 -0.80444 10.721 -0.68096 0.18
-1.07497 3.25536 0.297568 12.9561 0.417445 0.02
-1.06456 3.51969 0.653576 13.2406 0.548147 0.02
-0.982053 5.38457 0.494542 5.53647 0.904031 0.2
-0.974207 6.05529 -0.367 4.48116 -0.78499 0.14
-1.00451 6.44487 -0.0694357 3.09335 -0.0377557 0.1
-0.990777 6.77831 0.255673 2.73099 0.283253 0.12
-0.981529 7.0438 -0.0116526 3.9067 -0.399392 0.08
-1.00343 7.62633 -0.0821372 5.59765 -0.587914 0.12
-0.984336 8.68545 0.305745 7.53782 -0.351367 0.16
-0.971943 8.9885 0.298078 7.54308 -0.488256 0.04
-0.786319 10.4882 1.20894 5.63514 0.963409 0.2
-0.66696 10.9022 1.23553 2.71459 0.414441 0.1
