-0.161998 -2.91942 0.0872368 0.0950518 0 0
-0.0444448 -2.77755 1.19064 1.24351 0.797171 0.18
0.0699598 -2.67194 1.6636 1.34364 0.854327 0.08
0.414885 -2.47703 2.63444 0.938818 0.932607 0.16
0.702046 -2.41984 3.10936 0.202077 0.794964 0.1
1.02513 -3.18162 -0.384224 -7.73334 0.21067 0.2
0.992965 -3.63651 -0.645536 -7.22684 -0.962483 0.06
0.952779 -4.02836 -0.695206 -5.78462 -0.786733 0.06
0.72899 -4.68864 -1.6866 -0.797486 -0.988516 0.2
0.558728 -4.65136 -1.71453 1.48088 -0.0736293 0.1
0.452952 -4.52675 -1.80427 2.64788 -0.329771 0.06
-0.0112652 -3.78136 -2.84062 4.14065 -0.973269 0.2
-0.255987 -3.46917 -3.30067 3.51608 -0.855026 0.08
-0.462143 -3.2759 -3.58039 2.86626 -0.582037 0.06
-0.611209 -3.17673 -3.87476 2.08028 -0.811379 0.04
-0.690008 -3.13878 -4.00534 1.71351 -0.705885 0.02
-0.771919 -3.10939 -4.18563 1.2262 -0.973511 0.02
-1.08348 -2.75492 0.327208 11.0011 -0.884411 0.1
-1.07194 -2.5299 0.727474 11.2601 0.981711 0.02
-0.932703 -1.00545 1.00428 4.03303 0.956822 0.2
-0.846814 -0.76737 1.16052 1.97322 0.153877 0.08
-0.64366 -0.764159 2.21377 -1.77711 0.942462 0.12
-0.500153 -0.912269 2.55922 -3.1293 0.693206 0.06
-0.448422 -0.978337 2.61266 -3.47582 0.388939 0.02
-0.0976875 -1.53577 3.16123 -5.6592 0.896584 0.12
0.230008 -2.1627 3.37456 -6.74191 0.919816 0.1
0.725574 -3.08913 3.87735 -5.66296 0.749249 0.14
1.0271 -4.82597 -0.448091 -9.65415 -0.160396 0.2
0.951756 -5.82662 -0.894392 -4.67805 -0.788894 0.14
0.797408 -6.3975 -1.01889 -2.91204 -0.00157783 0.16
0.699287 -6.59178 -1.42241 -2.05627 -0.563219 0.08
0.420184 -6.8877 -2.04387 -1.8923 -0.536815 0.16
0.332831 -6.96117 -2.32208 -1.7994 -0.960756 0.04
0.124679 -7.10539 -2.87748 -1.8665 -0.996207 0.08
-0.484176 -7.73678 -3.29261 -4.53315 -0.273704 0.2
-0.551593 -7.83027 -3.45045 -4.8209 -0.858942 0.02
-0.852827 -8.26972 -4.10862 -6.23403 -0.732894 0.08
-1.05868 -8.59905 -0.921582 -1.92948 0.323817 0.06
-1.06456 -8.6202 0.155794 -0.475256 -0.121054 0.02
