0.0862008 2.54302 -0.0149161 -0.0208524 0 0
0.257128 3.06596 1.69632 4.67949 0.889862 0.2
0.693443 3.95993 2.5509 3.33018 0.809555 0.2
0.894083 4.1488 2.48092 1.4243 0.177565 0.08
1.04258 4.13604 0.0414322 -3.08833 0.64706 0.08
0.999029 3.70258 -0.678779 -5.15073 -0.257282 0.1
0.968037 3.48657 -0.865449 -5.61003 -0.338389 0.04
0.925745 3.24721 -1.23937 -6.29973 -0.986771 0.04
0.871078 2.99097 -1.47873 -6.43398 -0.834177 0.04
0.808146 2.73747 -1.65528 -6.17225 -0.898791 0.04
0.406054 1.8637 -2.43311 -2.23306 -0.946447 0.2
-0.05991 1.83788 -2.75417 1.75216 -0.372171 0.18
-0.494964 2.21484 -3.44443 3.40275 -0.903115 0.14
-0.949528 2.63135 -4.16106 3.26444 -0.991426 0.12
-1.06598 3.36377 0.659968 13.325 -0.975109 0.08
-0.985994 5.25907 0.423947 5.67839 0.922639 0.2
-0.981281 5.75664 -0.310201 4.5109 -0.912259 0.1
-1.001 6.32296 0.0301502 1.91026 -0.0673648 0.2
-1.00059 6.6865 -0.000294572 2.29775 -0.536687 0.18
-0.998832 6.832 0.0579773 2.58127 0.160927 0.06
-0.997596 7.2212 -0.0160573 3.95075 -0.0721926 0.12
-0.999134 8.03196 0.0722153 6.17323 -0.328853 0.16
-0.997938 8.15783 0.0483835 6.40948 -0.775724 0.02
-0.955156 9.5677 0.0839367 6.23618 -0.283989 0.2
-1.01262 10.1921 -0.019905 2.95587 -0.504928 0.16
