-0.19449 3.08344 -0.0495917 -0.00749468 0 0
-0.201358 3.09429 -0.0501346 0.146801 -0.0172144 0.14
-0.201949 3.10996 0.029383 0.365607 0.136131 0.06
-0.173081 3.19868 0.68326 1.77211 0.916392 0.08
-0.168295 3.17354 -0.602535 -1.72994 -0.663539 0.2
-0.296703 2.86869 -1.50124 -3.06632 -0.933214 0.12
-0.512149 2.52211 -2.06883 -2.50346 -0.807093 0.12
-0.855633 2.25995 -2.83992 -1.13712 -0.951318 0.14
-1.01609 2.24113 -2.08118 1.11979 0.505019 0.06
-1.03691 2.49062 0.367571 5.58159 0.148055 0.06
-0.842642 3.69847 1.50658 6.38156 0.838135 0.18
-0.47128 4.5436 2.32445 1.87916 0.978607 0.2
-0.424475 4.57612 2.35692 1.37489 0.349947 0.02
-0.274288 4.61649 2.65216 -0.0118339 0.775092 0.06
-0.221428 4.6116 2.6337 -0.474217 -0.0720924 0.02
0.408601 4.16121 3.61144 -3.62224 0.867043 0.2
1.07425 3.09028 -0.281843 -13.6151 0.749745 0.2
1.0641 2.81246 -0.64347 -13.927 -0.469071 0.02
1.00537 1.09787 -0.08575 -7.63713 0.748064 0.16
0.854936 0.286929 -1.6068 -0.756759 -0.895268 0.2
0.39956 0.560705 -2.90314 3.32584 -0.691079 0.2
-0.224508 1.4807 -3.84964 6.58189 -0.96981 0.18
-0.61749 2.19456 -3.99577 7.56027 -0.983964 0.1
-1.05338 4.16484 0.678641 15.9794 -0.97227 0.18
-0.999019 6.18625 0.296584 9.92017 0.547679 0.16
-0.975102 8.17498 0.33606 10.3417 -0.936483 0.2
-0.883735 9.47769 0.878117 10.4509 -0.221322 0.12
-0.878678 10.7409 -0.621189 2.70573 -0.356715 0.2
