-0.0917802 1.96674 -0.099493 0.0269448 0 0
-0.0467269 2.27658 0.702823 3.72403 0.499704 0.16
0.0651623 2.76348 1.54059 5.90583 0.75972 0.1
0.170297 3.13951 1.93608 6.47921 0.719855 0.06
0.209654 3.26831 1.99602 6.3826 0.558358 0.02
0.523228 4.02802 1.52777 1.97272 0.0598313 0.18
0.660495 3.88057 -0.0115689 -3.36928 -0.912593 0.18
0.65694 3.73283 -0.166471 -3.99919 -0.250712 0.04
0.532002 2.8834 -1.26658 -5.79501 -0.782331 0.16
0.415604 2.44553 -1.61941 -4.96978 -0.97408 0.08
0.038629 1.8769 -2.2416 -0.713282 -0.728908 0.2
-0.440876 2.04179 -3.06985 2.31707 -0.789259 0.18
-0.501328 2.09252 -2.97454 2.75467 0.415783 0.02
-0.884808 2.48277 -3.42392 3.53891 -0.742626 0.12
-1.04684 3.23443 0.458312 11.6445 0.164037 0.1
-0.99581 4.42282 0.324734 7.77026 0.987263 0.12
-0.852579 5.29762 1.40279 1.01838 0.982481 0.2
-0.523492 5.08535 2.6521 -3.38642 0.973208 0.16
-0.170939 4.54527 3.16287 -5.45139 0.900446 0.12
-0.0462391 4.31535 3.06707 -6.04025 0.212702 0.04
0.489339 3.33565 3.78861 -5.29731 0.942675 0.16
1.04643 2.04939 -0.556562 -11.3163 0.886474 0.2
1.01876 1.44395 -0.325368 -8.90749 -0.520199 0.06
1.00114 0.388411 -0.0182017 -4.80954 0.409308 0.16
0.89112 -0.00673039 -1.33341 -0.574156 -0.828408 0.16
0.45772 0.26261 -2.9833 3.21744 -0.932783 0.2
-0.0261584 0.888298 -3.85589 5.65912 -0.879237 0.14
-0.734416 2.10793 -3.87543 7.80865 -0.672429 0.18
-1.03494 4.2956 0.513711 14.732 -0.31188 0.18
-1.0036 5.95455 0.0604805 9.67296 -0.305245 0.14
-1.00257 6.14412 0.0430835 9.29789 -0.464802 0.02
-1.00045 7.19857 0.00756558 8.69945 -0.81626 0.12
-0.981101 8.2851 0.378063 9.56653 -0.694786 0.12
-0.914984 9.10774 1.21048 10.8433 0.342447 0.08
-0.860849 9.54375 1.44207 10.7679 0.702705 0.04
-0.83405 9.75004 1.23033 9.83689 -0.493858 0.02
-0.809487 9.94176 1.22057 9.31242 0.8442 0.02
-0.608414 11.121 1.07485 2.78357 0.525513 0.2
