-0.0683119 -1.94266 -0.0947291 -0.0857046 0 0
-0.122311 -2.24065 -0.615951 -3.49879 -0.273747 0.16
-0.249276 -2.81481 -1.50332 -5.8971 -0.651674 0.12
-0.546249 -3.79081 -1.33618 -3.01081 -0.12873 0.2
-0.803169 -4.08869 -1.89482 -0.671047 -0.700403 0.16
-0.83998 -4.09664 -1.78666 -0.127065 0.521619 0.02
-1.01086 -3.63065 0.230565 5.5215 0.60717 0.18
-0.918716 -2.77156 0.934436 5.94149 0.65761 0.14
-0.663721 -1.9241 1.66861 2.18944 0.889545 0.2
-0.595335 -1.85545 1.75396 1.25007 0.471371 0.04
-0.23927 -1.96985 2.18886 -2.31282 0.467283 0.18
0.178319 -2.45319 3.03796 -3.35875 0.941649 0.16
0.428756 -2.7314 3.23565 -3.48266 0.495535 0.08
0.954774 -3.0683 4.31045 -1.13577 0.920974 0.14
1.07775 -3.22952 0.743608 -9.4051 -0.549021 0.04
1.06838 -3.67883 -0.696693 -11.7291 0.907921 0.04
1.00753 -4.66818 -0.499339 -7.95455 -0.995467 0.1
0.88448 -5.49047 -1.27185 -2.34926 -0.883682 0.16
0.719713 -5.56965 -2.0246 0.678514 -0.777435 0.1
0.67837 -5.55174 -2.10921 1.11072 -0.396555 0.02
0.126819 -4.85989 -3.24029 5.395 -0.840481 0.2
-0.271413 -4.11692 -3.36009 6.8448 -0.743114 0.12
-0.4607 -3.67658 -2.95721 7.77717 0.232796 0.06
-1.08007 -2.37467 0.313007 11.7892 -0.97102 0.2
-1.0691 -2.13867 0.691431 11.6328 0.74204 0.02
-0.942396 -0.665606 1.06078 4.79738 0.970519 0.18
-0.723152 -0.302843 2.08978 0.617986 0.733762 0.14
-0.357019 -0.362604 2.47742 -1.29475 0.204469 0.16
0.238022 -0.973994 3.38276 -4.72204 0.571579 0.2
0.980063 -2.21939 3.88609 -7.31672 0.916677 0.2
1.03717 -2.39901 1.49549 -11.2134 0.434902 0.02
1.05178 -2.65068 0.167069 -13.6121 -0.843336 0.02
1.03134 -3.50222 -0.4381 -13.6739 0.848395 0.06
1.00434 -4.84202 -0.0737556 -8.73537 -0.410511 0.12
0.936747 -5.83959 -0.972229 -2.44405 -0.806004 0.18
0.835696 -6.01654 -1.04309 -1.20397 0.0418655 0.1
0.747544 -6.07924 -1.15682 -0.40803 -0.0748029 0.08
0.581421 -6.12642 -0.915545 -0.228498 0.221511 0.16
0.449692 -6.21791 -0.397054 -0.742292 0.326841 0.2
0.417749 -6.23933 -0.665214 0.00533698 -0.462751 0.06
0.33215 -6.24585 -0.557903 -0.0975593 0.0928655 0.14
0.231282 -6.27231 -0.448988 -0.186839 0.0663801 0.2
0.221286 -6.27353 -0.55042 0.0626048 -0.548105 0.02
0.200015 -6.27263 -0.513311 -0.0161493 0.0986235 0.04
0.083056 -6.23716 -0.656688 0.378352 -0.0795705 0.2
-0.00762834 -6.21629 -0.356763 -0.095729 0.194945 0.18
-0.0151886 -6.21685 -0.399151 0.0379686 -0.209342 0.02
-0.0372847 -6.21616 -0.337577 -0.0134728 0.130715 0.06
-0.0565845 -6.21634 -0.305726 0.00712538 0.0778321 0.06
-0.0625542 -6.21622 -0.291257 0.00456964 0.0987434 0.02
-0.0681532 -6.21635 -0.26866 -0.0169313 0.143241 0.02
-0.0834819 -6.21635 -0.242249 0.0161107 0.0685497 0.06
-0.108089 -6.21362 -0.168108 0.0308673 0.088226 0.12
-0.0633688 -6.35287 0.725922 -1.77874 0.637244 0.16
-0.023595 -6.47457 -0.203878 0.0419372 -0.663023 0.16
