0.148725 -2.65426 0.058884 -0.0919328 0 0
0.0348712 -3.02491 -1.46136 -4.16976 -0.995138 0.16
-0.39472 -3.93928 -2.67778 -3.83699 -0.999392 0.2
-0.938364 -4.2548 -2.82413 0.505733 -0.345537 0.2
-1.03454 -4.2005 -1.01085 3.28457 0.184966 0.04
-0.987338 -3.51157 0.989833 7.01856 0.643238 0.12
-0.779982 -2.48222 1.75218 6.62648 0.932777 0.14
-0.415592 -1.68153 2.42278 2.17699 0.961181 0.18
-0.259666 -1.596 2.7811 0.685715 0.93523 0.06
0.350464 -1.89336 3.26373 -3.3709 0.455336 0.2
0.822619 -2.48454 3.47641 -4.7975 0.537705 0.14
1.05978 -3.47178 -0.616719 -13.3845 0.584577 0.12
0.998408 -5.10906 -0.275999 -7.10636 -0.962528 0.16
0.971067 -5.99765 -0.157667 -3.24136 0.0621101 0.18
0.967035 -6.24562 0.0628642 -3.05547 0.404435 0.08
0.923404 -6.64469 -0.504369 -1.82253 -0.343768 0.18
0.901486 -6.91817 0.0485559 -3.62763 0.610682 0.1
0.927317 -7.77411 0.126296 -5.92378 0.262494 0.18
0.974667 -9.14104 0.46462 -6.75654 0.756111 0.2
0.987227 -9.41998 0.180141 -7.10871 -0.78571 0.04
1.00223 -10.5092 -0.0259499 -3.29486 0.748867 0.2
