-0.184447 2.17616 0.000535639 0.000255505 0 0
-0.153637 2.34424 0.523644 2.70716 0.394984 0.12
-0.0630486 2.73085 1.29539 4.92311 0.729074 0.1
0.069406 3.182 1.97878 6.12766 0.945134 0.08
0.338926 3.87418 2.44405 4.95169 0.877101 0.12
0.788703 4.37465 2.64187 0.712415 0.463099 0.18
0.842511 4.38503 2.73909 0.327822 0.818499 0.02
0.997727 3.83282 -0.878426 -6.14838 -0.941622 0.18
0.910309 3.30275 -1.2663 -6.88359 -0.326685 0.08
0.820611 2.87688 -1.68042 -7.10402 -0.986907 0.06
0.786286 2.73689 -1.7486 -6.87721 -0.89708 0.02
0.376449 1.77439 -2.44649 -2.45287 -0.948017 0.2
0.115829 1.65268 -2.78114 -0.0298777 -0.578331 0.1
-0.396948 1.90262 -3.59507 2.93113 -0.848824 0.16
-0.941035 2.41377 -4.17758 4.07175 -0.853428 0.14
-1.06811 2.90954 0.21825 12.9286 -0.141669 0.06
-1.0592 3.17517 0.584959 13.4085 0.854599 0.02
-0.996567 4.9974 0.224816 6.65886 0.950655 0.18
-0.993495 5.35022 -0.096034 5.17529 -0.470151 0.06
-0.932169 5.77135 0.919941 0.297214 0.653453 0.16
-0.796723 5.65813 1.77109 -2.46803 0.900027 0.1
-0.536821 5.20394 2.49868 -4.96915 0.847228 0.12
-0.0912717 4.21555 2.96606 -7.10522 0.97202 0.16
0.151529 3.63614 3.14825 -7.14667 0.89039 0.08
0.420892 3.11649 3.65294 -5.54591 0.801162 0.08
1.07577 2.14932 -0.729558 -10.6386 0.995488 0.2
0.900203 0.754348 -1.38251 -3.3174 -0.967974 0.2
0.558058 0.603478 -2.41786 1.36345 -0.554277 0.18
0.288486 0.847407 -2.94905 3.45278 -0.61729 0.1
-0.0342428 1.2933 -3.45477 5.36194 -0.87703 0.1
-0.173759 1.51953 -3.51343 5.94108 -0.672908 0.04
-0.315008 1.76788 -3.54295 6.46582 -0.717859 0.04
-0.957067 3.03099 -3.79202 6.48274 -0.655452 0.18
-1.03439 4.51363 0.519741 12.8146 0.781497 0.12
-1.00454 5.77852 0.079809 8.74369 -0.28107 0.12
-0.982158 7.27249 0.292719 7.07628 -0.140231 0.2
-0.828415 8.30311 1.96732 8.30141 0.937785 0.14
-0.489543 9.80377 0.94199 4.74018 -0.774782 0.2
-0.453119 10.1098 -0.494203 -1.2855 -0.630343 0.2
