-0.0718094 0.423079 -0.0723967 -0.0677228 0 0
-0.258487 0.939154 -1.67228 4.86726 -0.939777 0.2
-0.358896 1.25271 -1.66073 5.5927 -0.265061 0.06
-0.465157 1.61546 -1.86289 6.46125 -0.999409 0.06
-0.540333 1.88363 -1.89124 6.93373 -0.797915 0.04
-0.880991 3.00232 -2.58113 5.98408 -0.985957 0.16
-1.04385 3.55113 -0.0876266 10.7055 -0.82252 0.08
-1.04098 3.76935 0.298444 10.9264 0.354719 0.02
-0.994247 4.96866 0.388346 6.04878 0.962241 0.14
-0.898749 5.49363 1.08436 1.52368 0.669629 0.14
-0.790785 5.52328 1.61262 -0.727615 0.664818 0.08
-0.678388 5.4273 2.12438 -2.43012 0.978787 0.06
-0.373858 4.96924 2.88192 -5.0248 0.967508 0.12
0.119817 3.99206 3.2314 -6.86018 0.876128 0.16
0.182602 3.85071 3.04688 -7.2724 -0.559328 0.02
0.295409 3.54129 2.6 -8.1636 -0.836052 0.04
0.831922 2.64463 4.21113 -2.56637 0.992986 0.16
1.04246 1.93177 -0.516507 -8.20552 0.442077 0.12
0.893134 0.97195 -1.28891 -1.50584 -0.830398 0.2
0.767989 0.94667 -1.83861 0.821722 -0.756237 0.08
0.280306 1.57983 -2.88702 5.08485 -0.814226 0.2
-0.0195005 2.1528 -3.08977 6.24556 -0.817809 0.1
-0.571758 3.08926 -4.00384 4.48849 -0.948158 0.16
-0.734231 3.25753 -4.1248 3.89373 -0.247551 0.04
-1.08117 3.7351 -0.0115567 11.4583 -0.929259 0.1
-1.0602 4.20451 0.730715 11.3276 0.14177 0.04
-1.00539 5.13629 0.447949 7.46549 0.70329 0.1
-0.883906 5.91045 1.22801 2.3826 0.626672 0.16
-0.752497 6.07871 1.39306 1.09324 0.0806522 0.1
-0.619468 6.32268 0.498185 2.50017 -0.756117 0.14
-0.61113 6.66157 -0.320715 4.3109 -0.950783 0.1
-0.592365 7.40227 0.521118 4.46351 0.502568 0.18
-0.559361 7.9329 0.187781 6.05454 -0.830782 0.1
-0.554358 8.057 0.314208 6.35907 0.3165 0.02
-0.538206 8.32322 0.498359 6.95392 -0.0204832 0.04
-0.429086 9.13414 1.66335 9.16036 0.853013 0.1
-0.320191 9.68256 1.88994 8.82038 0.621454 0.06
-0.051275 10.7249 1.24848 2.97034 0.135788 0.18
