-0.0172974 -1.98657 0.0486921 0.0562325 0 0
-0.0937558 -2.36898 -0.951988 -4.15453 -0.55617 0.18
-0.234929 -2.90029 -1.86221 -6.30745 -0.854659 0.1
-0.459622 -3.57034 -2.5295 -6.57605 -0.99814 0.1
-0.777371 -4.19751 -2.08358 -2.49375 -0.0652458 0.14
-0.907461 -4.30908 -2.25933 -1.23416 -0.623582 0.06
-1.01285 -4.08675 0.501714 3.99705 0.730254 0.14
-0.950098 -3.69933 1.07611 5.64036 0.587289 0.08
-0.927303 -3.58343 1.20228 5.94005 0.486479 0.02
-0.901249 -3.46038 1.40148 6.35461 0.951767 0.02
-0.871251 -3.3296 1.59546 6.70677 0.997883 0.02
-0.677197 -2.63886 2.18056 6.5823 0.978902 0.1
-0.445704 -2.08028 2.46181 4.46908 0.953052 0.1
0.0647254 -1.66954 3.29386 0.157248 0.866365 0.18
0.131736 -1.67079 3.4072 -0.280573 0.876502 0.02
0.501014 -1.79873 3.96676 -2.19452 0.906482 0.1
0.831354 -2.02343 4.28194 -3.3557 0.783569 0.08
0.999823 -2.17262 4.13778 -4.09606 -0.161575 0.04
1.07098 -2.48256 -0.0116826 -10.6822 -0.840138 0.04
0.954702 -4.06344 -0.861207 -9.54302 -0.954282 0.14
0.786124 -5.25518 -1.2153 -2.61505 -0.785297 0.2
0.704095 -5.35902 -1.52536 -0.869434 -0.551924 0.06
0.294406 -5.0441 -2.93517 3.98412 -0.996361 0.18
0.11699 -4.77601 -2.96451 4.93925 -0.340789 0.06
-0.0635956 -4.45316 -3.04217 5.79429 -0.656149 0.06
-0.245407 -4.08352 -3.01446 6.48565 -0.534275 0.06
-0.963811 -2.99925 -4.44551 2.9957 -0.997482 0.2
-1.04081 -2.19176 0.435903 11.7973 0.609778 0.08
-1.00628 -1.21002 0.276093 7.9087 0.900865 0.1
-0.9802 -0.36946 0.23547 4.35317 0.0922735 0.14
-0.860317 -0.0569655 1.45952 0.43782 0.880357 0.14
-0.696004 -0.0635051 1.82296 -0.535995 0.394103 0.1
-0.53389 -0.146756 2.22901 -1.54586 0.564508 0.08
-0.488179 -0.180533 2.34203 -1.83249 0.631192 0.02
-0.276022 -0.389989 2.95454 -3.40198 0.875937 0.08
0.192469 -1.03295 3.65851 -5.70973 0.776134 0.14
0.628806 -1.80482 3.54852 -7.17235 0.466211 0.12
1.04631 -3.33722 -0.315421 -15.3772 0.781453 0.16
1.00581 -5.13173 -0.101925 -9.92346 -0.66529 0.14
1.00027 -6.50639 -0.00769035 -6.29113 0.187075 0.18
0.953058 -7.74887 -0.553888 -6.79767 0.00403277 0.2
0.930576 -8.03044 -0.576803 -7.27699 0.642956 0.04
0.667657 -9.47225 -2.57596 -10.3617 -0.971761 0.16
0.419228 -10.4986 -0.672758 -2.96285 0.867828 0.16
