-0.183518 -1.66896 0.0225838 0.00222341 0 0
-0.221561 -1.83706 -0.678034 -2.75689 -0.750986 0.12
-0.542713 -2.86706 -2.62822 -7.45544 -0.938642 0.2
-0.770314 -3.48105 -1.85918 -4.52606 0.652239 0.1
-1.02108 -3.85917 0.0297913 1.90616 0.00465471 0.18
-1.01882 -3.81568 0.166947 2.3858 -0.327694 0.02
-0.997388 -3.63418 0.548835 3.62641 0.589071 0.06
-0.926687 -3.27889 1.20355 5.11275 0.83793 0.08
-0.736864 -2.6342 1.8716 5.10319 0.887654 0.12
-0.433625 -2.06823 2.47762 2.78513 0.970004 0.14
-0.146901 -1.91888 2.32618 -0.194258 0.0133937 0.12
0.0569191 -1.98631 2.76657 -1.44791 0.908555 0.08
0.301397 -2.25204 2.09914 -3.83889 -0.662504 0.1
0.702723 -3.00968 2.45328 -3.86866 0.420027 0.18
1.04109 -3.67267 -0.271804 -8.5692 0.743744 0.16
1.00203 -4.79491 -0.0296926 -2.53412 0.680296 0.2
1.00073 -4.81364 0.000721556 2.10009 0.889652 0.2
0.968264 -4.34007 -0.411329 4.48132 -0.617436 0.14
0.919178 -3.47235 -0.243239 5.87829 -0.212958 0.16
0.927975 -2.95681 0.404996 6.70581 0.972963 0.08
0.941555 -2.60944 0.0452839 4.84025 -0.263238 0.06
0.850654 -2.27003 -1.10102 -0.284126 -0.632419 0.16
0.5302 -2.74429 -2.49165 -4.72947 -0.783457 0.18
0.0137296 -3.65303 -3.0857 -4.37666 -0.545177 0.18
-0.0461671 -3.7331 -2.90568 -3.63541 0.672243 0.02
-0.719936 -4.19293 -3.86125 -0.795244 -0.910658 0.2
-0.876685 -4.21039 -3.97703 -0.0844425 -0.584088 0.04
-1.02994 -4.19102 -3.03986 1.81067 0.799983 0.04
-0.942705 -3.0399 1.55931 8.67903 0.896092 0.16
-0.807339 -2.38883 1.76351 7.29212 0.991778 0.08
-0.424311 -1.50592 2.2785 1.62164 0.785983 0.2
-0.246414 -1.45475 2.17362 -0.29813 -0.191728 0.08
0.0565305 -1.6522 2.84835 -2.85752 0.86258 0.12
0.608625 -2.40065 3.24547 -5.05283 0.631743 0.18
1.07544 -3.3835 -0.334112 -13.2886 0.918091 0.16
0.99351 -5.2843 -0.399374 -7.07423 -0.988048 0.18
0.950291 -6.23378 -0.174899 -4.05889 0.157036 0.18
0.960609 -6.76409 0.336482 -4.9451 0.570188 0.12
0.9733 -6.96357 0.296659 -5.05297 0.0276283 0.04
0.970673 -7.70589 -0.369129 -5.85106 -0.360188 0.14
0.951075 -7.94999 -0.617298 -6.37267 -0.352448 0.04
0.714358 -9.21946 -2.33473 -9.44165 -0.758877 0.16
0.454211 -10.1378 -2.69186 -8.19934 -0.982315 0.1
0.0591482 -11.0199 -1.53936 -1.36782 0.3471 0.2
