-0.163077 1.50479 0.0507534 0.0587315 0 0
-0.161643 1.78866 0.0133651 3.34127 -0.100508 0.16
0.0231781 2.91103 1.91115 7.75377 0.866985 0.2
0.152067 3.38959 2.32915 7.95138 0.981598 0.06
0.64425 4.51939 2.68811 3.04599 0.804866 0.2
0.94973 4.69015 2.43198 -0.0814411 -0.209098 0.12
1.00649 4.22315 -0.118655 -4.00309 0.841681 0.2
0.949755 3.70452 -1.04293 -6.35199 -0.816588 0.1
0.868573 3.28566 -1.63953 -7.4821 -0.938926 0.06
0.547244 2.17624 -2.21324 -5.41684 -0.929395 0.16
0.320988 1.77166 -2.35992 -2.71015 -0.606466 0.1
-0.254329 1.70562 -3.40973 1.82761 -0.838731 0.2
-0.696913 2.04156 -3.94305 3.6149 -0.844195 0.12
-1.02212 2.36068 -3.4401 5.53364 -0.734869 0.08
-1.06689 2.75131 0.197723 12.2582 -0.182509 0.04
-1.05831 3.00425 0.582753 12.8476 0.948358 0.02
-1.04515 3.26085 0.712275 12.7422 0.99303 0.02
-1.01669 3.74918 0.660062 11.5091 0.999129 0.04
-0.927417 5.19049 0.716192 4.74819 0.998499 0.18
-0.873431 5.62503 0.212013 2.71486 -0.602187 0.12
-0.872722 5.77995 -0.190729 2.50094 -0.95074 0.06
-0.886018 5.88035 -0.475688 2.5411 -0.969718 0.04
-1.0159 6.27965 -0.0100294 -0.0634905 -0.444496 0.2
