0.0454396 -1.13782 0.0974049 0.0222813 0 0
0.0446613 -1.16726 -0.125135 -0.990719 -0.629153 0.06
0.0381723 -1.22128 -0.201326 -1.70493 -0.346345 0.04
-0.0219809 -1.62462 -0.70621 -4.06627 -0.436961 0.14
-0.0827857 -2.42356 -0.062618 -5.45973 0.929625 0.16
-0.084699 -2.53514 -0.127945 -5.68958 -0.0546931 0.02
-0.194001 -3.74486 -0.693941 -4.93908 -0.454608 0.2
-0.226639 -4.1242 0.201371 -0.0904172 0.430134 0.16
-0.127556 -3.82874 1.06416 3.62198 0.516419 0.16
0.0361031 -3.28708 1.63136 5.10544 0.415281 0.12
0.279471 -2.63713 2.33346 5.1851 0.921478 0.12
0.700838 -2.01771 2.96617 2.35646 0.915728 0.16
1.01536 -1.88794 2.74547 -0.16752 0.700411 0.1
1.0024 -2.30824 -1.00244 -5.25808 -0.885117 0.12
0.849472 -2.95351 -2.03385 -7.45263 -0.935698 0.1
0.715411 -3.40864 -2.38538 -7.49279 -0.882992 0.06
0.478206 -4.04517 -2.3528 -5.08975 -0.575413 0.1
-0.00876254 -4.58042 -3.1563 -0.858706 -0.914471 0.18
-0.587174 -4.4502 -4.05542 2.29604 -0.906341 0.16
-0.744372 -4.34032 -3.79999 3.19701 0.666445 0.04
-1.06616 -3.65938 0.309908 11.0485 0.297924 0.12
-0.924091 -1.81179 0.722662 7.45124 0.940839 0.18
-0.752207 -1.0107 1.42489 1.54707 0.779572 0.18
-0.482023 -1.08101 2.4117 -2.37054 0.824876 0.14
-0.14869 -1.52243 3.08216 -4.81202 0.935327 0.12
-0.0866531 -1.62177 3.11991 -5.11891 0.663256 0.02
0.518594 -2.69287 3.66288 -6.03653 0.888414 0.18
0.591895 -2.81341 3.67014 -6.00242 0.267994 0.02
0.7439 -3.03867 3.94273 -5.20027 0.827751 0.04
1.07751 -3.65174 0.0208637 -12.8301 0.994148 0.1
1.07078 -3.91569 -0.571359 -13.2755 -0.966495 0.02
0.997622 -5.40024 -0.4735 -7.90898 -0.962163 0.14
0.958882 -6.20689 -0.254498 -5.80303 0.163346 0.12
0.987655 -7.36034 0.426567 -7.21773 0.735559 0.18
1.00021 -7.65267 0.183352 -7.42694 -0.113992 0.04
0.99618 -9.11975 0.0473134 -8.13571 0.783375 0.18
1.00148 -9.7331 0.0338128 -7.15218 0.0712524 0.08
0.996747 -10.655 -0.111319 -2.84347 -0.544356 0.18
