0.0721398 -1.23261 0.0847409 0.0238277 0 0
0.0783184 -1.33401 0.0273217 -2.003 -0.152256 0.1
0.0755217 -1.62662 -0.110822 -3.82135 -0.0982404 0.1
0.0552257 -1.88981 -0.580163 -4.97613 -0.794116 0.06
-0.0324489 -2.58717 -0.880856 -6.45912 0.115217 0.12
-0.237102 -3.60938 -1.82237 -7.09904 -0.887891 0.14
-0.515346 -4.39429 -1.41027 -1.8432 -0.15775 0.18
-0.606502 -4.46486 -1.63306 -0.523351 -0.65714 0.06
-0.811528 -4.37401 -1.77559 1.94611 -0.282411 0.12
-0.84766 -4.33187 -1.83714 2.26395 -0.602111 0.02
-1.01399 -4.00632 -1.21035 4.59681 0.235032 0.1
-1.02822 -3.76037 0.122501 7.08384 -0.713752 0.04
-1.01559 -3.46138 0.491108 7.7989 0.700296 0.04
-0.831813 -2.10396 1.27252 5.81276 0.995898 0.18
-0.567881 -1.51395 1.80065 0.857309 0.679282 0.18
-0.359482 -1.5498 2.36204 -1.50231 0.812399 0.1
-0.0924049 -1.7962 2.95748 -3.31421 0.992371 0.1
0.0934166 -2.01908 3.23092 -4.06712 0.933568 0.06
0.514784 -2.54626 3.8174 -4.41228 0.966602 0.12
0.591455 -2.63493 3.85088 -4.44589 0.450379 0.02
1.04757 -3.95951 -0.585908 -12.9834 0.995981 0.18
0.990483 -5.642 -0.374911 -6.09858 -0.707052 0.18
0.991484 -6.43855 0.36456 -5.70854 0.676727 0.14
0.995722 -7.03492 -0.237105 -4.68914 -0.373368 0.12
0.984058 -7.22633 -0.34824 -4.90212 -0.200525 0.04
0.894871 -7.86078 -1.17168 -5.90379 -0.633251 0.12
0.567712 -9.18442 -2.45139 -8.5779 -0.359264 0.18
0.261829 -10.1799 -0.921894 -2.27099 0.655475 0.18
