-0.088059 1.04894 -0.0760105 -0.00570968 0 0
-0.24233 1.55542 -1.33436 4.60932 -0.903856 0.2
-0.304902 2.88132 0.807068 8.8074 0.900282 0.2
-0.265659 3.24095 1.12225 9.04174 0.96153 0.04
-0.00693292 4.60078 1.51604 4.00611 0.923178 0.2
0.252105 4.88564 2.23952 0.133291 0.807075 0.14
0.298096 4.88321 2.35938 -0.373574 0.817038 0.02
0.346454 4.87083 2.47603 -0.861495 0.805649 0.02
0.886262 4.38229 3.44108 -4.2066 0.919663 0.18
0.991949 3.02607 -1.09443 -10.8785 -0.993403 0.16
0.86409 1.92053 -0.988739 -7.19892 -0.904021 0.12
0.641083 1.14884 -1.71018 -1.45831 -0.83707 0.18
0.568837 1.11277 -1.90343 -0.355904 -0.549007 0.04
0.286102 1.26865 -2.77821 2.80153 -0.946807 0.12
-0.155226 1.84613 -3.45465 5.2049 -0.959731 0.14
-0.896829 2.98276 -4.13338 5.00044 -0.781197 0.2
-1.05236 3.75643 0.349055 13.9669 0.117142 0.08
-0.993074 5.80994 0.333822 6.71835 0.642948 0.2
-0.83346 6.60119 1.42426 2.82482 0.606865 0.18
-0.639726 7.19479 1.04137 4.68371 -0.313985 0.16
-0.491549 8.12544 0.927455 6.87598 -0.525686 0.16
-0.472284 8.26568 1.00006 7.14709 -0.216693 0.02
-0.320974 9.43116 0.648807 6.30676 -0.62027 0.16
-0.307243 9.87951 -0.370169 2.6451 -0.880328 0.1
