-0.05567 0.497018 0.0416188 0.0396357 0 0
-0.224343 1.05372 -1.58376 5.09446 -0.990392 0.2
-0.340563 1.49395 -1.29963 5.96496 0.115349 0.08
-0.364244 3.06967 1.06756 9.84455 0.939739 0.2
-0.34152 3.26666 1.19422 9.81296 0.981397 0.02
-0.14192 4.51555 1.31066 5.39051 0.914236 0.16
0.048247 4.94527 1.9369 1.78558 0.941895 0.12
0.172597 5.00306 2.212 0.162219 0.587168 0.06
0.747488 4.55795 3.43252 -4.17557 0.945876 0.2
1.02235 4.17584 2.81568 -6.06515 0.400243 0.08
0.968857 2.51402 -0.785897 -9.70715 -0.667623 0.16
0.807216 1.24879 -1.16499 -3.06164 -0.927989 0.2
0.782711 1.19386 -1.28715 -2.43263 -0.833702 0.02
0.570658 1.12642 -2.25307 1.20564 -0.998022 0.12
0.000676965 1.80841 -3.30248 5.14786 -0.907404 0.2
-0.622808 2.85379 -3.73098 5.62724 -0.716446 0.18
-1.03457 4.45231 0.491268 10.6652 0.0740501 0.2
-0.969203 5.56865 0.752093 5.35507 0.968933 0.14
-0.952924 5.66885 0.87845 4.66664 0.741619 0.02
-0.916067 6.62153 -0.505767 5.57869 -0.883421 0.2
-0.969999 7.64325 -0.0323258 6.25704 0.0505055 0.18
-0.826043 9.01444 1.70511 9.26618 0.590516 0.18
-0.706737 9.59062 2.1878 9.61985 0.93152 0.06
-0.5923 10.0905 1.61847 7.00699 -0.365153 0.06
-0.464676 10.5599 1.6013 4.73303 0.630225 0.08
-0.38 10.7831 1.24379 2.76888 -0.493845 0.06
