-0.0360839 2.02883 0.0455033 -0.0635935 0 0
-0.0311701 2.046 0.200387 0.91133 0.391777 0.04
-0.040726 2.29925 -0.330015 2.53114 -0.676425 0.14
-0.0896368 2.58192 -0.657216 2.98502 -0.59741 0.1
-0.0966352 3.20615 0.500214 5.452 0.878364 0.14
0.0983025 4.14997 1.37756 3.1727 0.913502 0.2
0.263142 4.25604 0.492899 -1.71432 -0.495551 0.18
0.298624 3.90675 0.0747682 -4.01739 -0.234102 0.12
0.250363 3.27732 -0.850369 -6.17919 -0.712976 0.12
0.23234 3.15289 -0.948538 -6.24563 -0.620753 0.02
0.0558046 2.33643 -1.48146 -4.80321 -0.863057 0.14
-0.194618 1.86245 -2.14527 -1.90031 -0.989024 0.14
-0.23702 1.82983 -2.0959 -1.36466 0.187114 0.02
-0.279706 1.80701 -2.17325 -0.91911 -0.67442 0.02
-0.798762 2.01451 -2.98939 2.70202 -0.711692 0.2
-1.04214 2.62109 0.292316 9.2394 -0.765098 0.12
-0.985491 3.40369 0.972366 9.75753 0.967999 0.08
-0.927035 3.94419 0.94904 8.12437 0.880456 0.06
-0.690934 4.95467 1.68204 2.0052 0.986018 0.2
-0.584323 5.02646 1.87656 0.409683 0.39462 0.06
-0.253134 4.83025 2.81502 -3.0149 0.932518 0.14
0.102762 4.34448 3.07228 -4.95456 0.597802 0.12
0.708796 3.38846 3.78771 -4.76795 0.835141 0.18
1.05449 2.13992 -0.709259 -12.4005 0.861211 0.16
1.01259 1.28632 -0.392888 -9.06852 -0.974488 0.08
0.913615 0.384947 -1.25513 -3.78278 -0.991095 0.14
0.724543 -0.0113247 -1.42896 -2.18325 -0.0527924 0.14
0.365504 -0.166441 -2.52575 0.154743 -0.701937 0.18
0.26123 -0.155925 -2.68783 0.370098 -0.528092 0.04
-0.348898 0.142633 -4.09562 3.0411 -0.938177 0.18
-0.993352 0.737829 -5.05443 5.45293 -0.919857 0.14
-0.920533 0.32373 1.56665 -2.78413 0.913182 0.2
-0.739285 0.0380494 2.06794 -3.06351 0.673849 0.1
-0.525623 -0.157671 0.643866 0.251374 -0.957437 0.16
-0.462999 -0.0954553 0.248845 0.66132 -0.356563 0.14
-0.422839 -0.0205839 0.245318 0.352239 -0.0287557 0.16
-0.417103 -0.0156913 0.328139 0.139105 0.439407 0.02
-0.39787 -0.00714237 0.312709 0.148275 -0.0313738 0.06
-0.390879 -0.00598638 0.386226 -0.031212 0.398085 0.02
-0.383147 -0.00663853 0.386949 -0.0340498 0.00695557 0.02
-0.3469 -0.00482367 0.33835 0.0674999 -0.0510554 0.1
-0.310914 -0.00366541 0.380855 -0.0397792 0.0487104 0.1
-0.303345 -0.00434337 0.375991 -0.0281741 -0.0225164 0.02
-0.235317 -0.011105 0.380346 -0.0516358 0.00532944 0.18
-0.16572 -0.0106561 0.316489 0.0491956 -0.0348383 0.2
-0.110385 -0.00149918 0.297603 0.0601025 -0.0110608 0.18
-0.0926795 0.00234164 0.292499 0.0689131 -0.0070741 0.06
-0.0740384 0.0039627 0.328604 -0.01255 0.06934 0.06
-0.0117269 0.0119287 0.294532 0.092772 -0.013547 0.2
0.000851567 0.0139264 0.334201 0.00879134 0.114328 0.04
