-0.19075 -0.652953 -0.0482929 -0.0560342 0 0
-0.182897 -0.781674 0.166305 -2.04068 0.08465 0.12
-0.173724 -1.04292 0.00478071 -3.21055 -0.255507 0.1
-0.173567 -1.18344 -0.00142257 -3.81421 0.0421192 0.04
-0.150772 -1.76473 0.320329 -5.75093 0.697403 0.12
-0.152923 -2.71699 -0.343337 -7.6358 -0.0649463 0.14
-0.161945 -2.87367 -0.555132 -8.0153 -0.953132 0.02
-0.19011 -3.20068 -0.827528 -8.22574 -0.803649 0.04
-0.207559 -3.36414 -0.911035 -8.09245 -0.838939 0.02
-0.43751 -4.55742 -1.46296 -3.38531 -0.947706 0.2
-0.597662 -4.76109 -1.7675 -0.735318 -0.534754 0.1
-0.755028 -4.74262 -2.16432 1.15307 -0.717584 0.08
-0.964422 -4.52479 -2.00192 3.16118 0.119429 0.1
-1.01105 -3.89914 0.431474 6.61265 0.163302 0.12
-0.941649 -3.29857 1.26563 8.20644 0.896786 0.08
-0.914843 -3.13311 1.40827 8.3106 0.886003 0.02
-0.853964 -2.80295 1.60992 8.08427 0.990297 0.04
-0.484806 -1.6553 2.20832 3.07869 0.987808 0.2
-0.399436 -1.5547 2.06598 1.96899 -0.381865 0.04
-0.317114 -1.49673 2.05314 0.940912 -0.0121023 0.04
0.162759 -1.70949 3.23422 -3.01092 0.994034 0.18
0.295549 -1.8427 3.40165 -3.63194 0.837575 0.04
0.847198 -2.5858 3.49167 -5.28507 0.437718 0.16
1.02264 -4.19401 -0.346351 -11.3055 0.303265 0.16
0.979665 -5.49984 -0.545864 -5.16817 -0.97654 0.16
0.992239 -6.3551 0.687225 -5.03133 0.870489 0.18
0.982532 -6.96838 -0.410219 -3.1783 -0.359107 0.18
1.00662 -7.99594 0.073633 -6.71741 0.916389 0.2
1.00081 -9.46643 -0.00235785 -7.03391 0.939946 0.2
1.00072 -9.86124 0.000301489 -6.05134 0.452208 0.06
1.0005 -10.4863 -0.00156953 -2.75748 0.0361014 0.14
