0.00104849 2.37552 0.0178059 -0.0613767 0 0
0.107207 2.75765 1.17251 4.00761 0.617545 0.18
0.483117 3.75774 2.37902 4.67133 0.876097 0.2
0.798127 4.01266 0.864634 -1.65051 -0.711053 0.2
0.858817 3.90163 1.15935 -2.01553 0.810866 0.06
1.01831 3.51086 0.283037 -5.12348 0.318791 0.14
1.02006 3.39981 -0.0524212 -5.847 -0.00301672 0.02
1.00385 3.03027 -0.449711 -6.29279 -0.787891 0.06
0.993885 2.90487 -0.543485 -6.22913 -0.821192 0.02
0.846362 2.02908 -1.09974 -3.06624 -0.833938 0.18
0.689175 1.8226 -1.54669 -0.416536 -0.700257 0.12
0.315742 2.03207 -2.58075 2.48683 -0.942542 0.18
0.0978839 2.26696 -2.86298 3.30865 -0.718855 0.08
-0.144823 2.5434 -3.21437 3.49109 -0.799231 0.08
-0.208006 2.6168 -3.10393 3.84384 0.434846 0.02
-0.619742 3.01183 -3.79883 2.48385 -0.757545 0.12
-1.03369 4.15067 0.48564 9.40085 0.142318 0.2
-0.95222 5.19373 0.815955 3.75795 0.919186 0.16
-0.77984 5.41572 1.67839 -0.459443 0.680146 0.14
-0.5554 5.20913 2.03491 -2.89947 0.310969 0.12
-0.469249 5.07549 2.26596 -3.76407 0.86457 0.04
0.0384364 4.00839 2.69353 -6.4811 0.737572 0.2
0.612875 3.01696 3.92083 -3.39841 0.941889 0.18
0.943949 2.81539 4.35437 -1.62988 0.481865 0.08
1.06408 2.24759 -0.631884 -10.3705 -0.551841 0.08
0.913888 0.892625 -1.21558 -3.20147 -0.96241 0.2
0.736466 0.706144 -1.75499 -0.0212157 -0.415164 0.12
0.283509 1.1551 -2.67312 4.22885 -0.553924 0.2
0.176369 1.33623 -2.67776 4.82542 -0.259145 0.04
-0.22605 2.15113 -3.01528 6.58338 -0.870431 0.14
-0.685951 3.03698 -3.71923 5.25974 -0.922108 0.14
-1.06394 3.75059 0.0977032 12.1192 -0.932093 0.12
-0.96548 5.56546 0.788379 5.3158 0.982941 0.2
-0.824424 6.06881 1.2514 2.15148 0.28361 0.14
-0.668312 6.35589 0.962293 2.14558 -0.280718 0.14
-0.604717 6.91132 -0.125901 4.83779 -0.807505 0.16
-0.651331 7.84604 -0.334847 6.83504 -0.544846 0.16
-0.693251 8.73893 -0.377114 7.80118 -0.799053 0.12
-0.686298 9.43009 0.469576 9.14463 0.947552 0.08
-0.598259 10.7059 0.493509 4.51613 0.665384 0.18
-0.578044 10.8633 0.526254 3.35891 0.432506 0.04
