-0.0819281 2.37553 -0.0724842 0.0807903 0 0
-0.0782297 2.40245 0.257341 1.25203 0.862876 0.04
-0.0619328 2.50206 0.285804 2.038 -0.103273 0.06
-0.0164145 2.78103 0.618983 3.41456 0.252603 0.1
0.0239518 2.99494 0.717378 3.64435 0.141426 0.06
0.278804 3.79589 1.70182 3.40549 0.784241 0.2
0.652605 4.17345 2.47974 0.705522 0.83038 0.18
1.03833 3.78685 -0.163127 -6.66739 -0.146442 0.2
0.973545 3.03085 -1.00987 -7.93603 -0.81778 0.1
0.768798 1.92277 -1.26736 -3.90092 -0.749651 0.18
0.455346 1.61987 -2.28045 0.446916 -0.935472 0.18
0.139366 1.81712 -2.96452 2.70785 -0.921235 0.12
0.0792681 1.87437 -3.04455 3.01325 -0.779959 0.02
-0.605151 2.65809 -3.83345 4.12021 -0.800686 0.2
-0.816635 2.94862 -3.22414 5.48295 0.99509 0.06
-1.03374 3.45557 -0.978275 9.80739 0.988575 0.08
-1.03925 3.89858 0.302036 11.3319 0.873177 0.04
-0.973117 5.44722 0.594301 4.1854 0.791122 0.2
-0.990901 6.17824 -0.797394 3.86417 -0.921555 0.2
-0.974623 6.454 0.56202 0.51684 0.477371 0.18
-0.905983 6.49479 0.807509 0.328041 0.330716 0.1
-0.87893 6.77587 -0.391967 3.6005 -0.92613 0.14
-1.00555 7.76344 -0.311485 6.12335 -0.461055 0.2
-1.00129 8.29618 0.303064 7.25636 0.109821 0.08
-0.988745 8.59336 0.319992 7.56923 -0.668207 0.04
-0.93801 9.248 0.890263 8.54834 0.419866 0.08
-0.87586 10.2961 -0.217979 2.84668 -0.340674 0.18
