-0.0159585 2.70117 -0.0869608 0.0826488 0 0
0.0766765 3.05653 1.08273 3.42897 0.663017 0.18
0.0984443 3.12455 1.09301 3.36598 0.122278 0.02
0.356278 3.72546 2.04649 3.52581 0.908698 0.16
0.845441 4.1533 2.8752 0.6297 0.809133 0.2
0.993657 3.5095 -0.88928 -6.90355 -0.880225 0.18
0.975044 3.37033 -0.968211 -6.99534 -0.300518 0.02
0.8453 2.65281 -1.51268 -6.80466 -0.909763 0.1
0.571671 1.84466 -1.97726 -3.1275 -0.906745 0.16
0.183683 1.65127 -2.90884 0.620278 -0.940794 0.16
-0.409089 2.06153 -3.62619 3.63297 -0.739607 0.18
-0.624274 2.30651 -3.54229 4.4985 -0.155569 0.06
-0.76575 2.49385 -3.53353 4.84032 -0.312488 0.04
-1.03097 2.92624 -2.54783 7.14034 0.376583 0.08
-1.06001 3.37228 0.281215 13.1142 0.783081 0.04
-0.996065 5.22414 0.316605 6.84285 0.969803 0.18
-0.98882 5.35372 0.412991 6.11418 0.917828 0.02
-0.979115 6.30192 -0.274138 4.14925 -0.456086 0.2
-1.0028 6.98658 0.0426756 3.85257 -0.31041 0.18
-1.00056 7.87465 0.00229451 6.12802 -0.929237 0.18
-0.971421 8.41746 0.755599 7.53791 0.63612 0.08
-0.905914 9.16925 0.448864 7.02174 -0.838016 0.1
-0.89587 9.31084 0.551207 7.11672 0.535708 0.02
-0.858792 9.82375 0.33253 5.49035 -0.0166421 0.08
-0.872123 10.1829 -0.556242 1.83259 -0.726712 0.1
