-0.110346 -1.23049 -0.0960449 0.0487892 0 0
-0.0661675 -1.66478 0.44111 -4.09806 0.413356 0.2
-0.0139259 -2.51199 0.175962 -6.25254 0.194587 0.16
-0.00977751 -2.90182 -0.0137119 -6.61399 -0.11554 0.06
-0.0958178 -3.97519 -0.856656 -5.67433 -0.998545 0.16
-0.223242 -4.48603 -1.32176 -2.79977 -0.955872 0.12
-0.544306 -4.60303 -2.2708 1.34065 -0.836612 0.18
-0.968711 -4.17542 -2.99516 3.72836 -0.836752 0.16
-1.04896 -3.6105 0.5117 9.58814 -0.385083 0.08
-1.03634 -3.41482 0.743833 9.95432 0.912717 0.02
-0.944883 -2.46503 0.894266 8.29957 0.683785 0.1
-0.747931 -1.41882 1.33161 2.2544 0.822886 0.2
-0.620282 -1.32962 1.86857 0.00735005 0.914117 0.08
-0.542716 -1.3487 2.00851 -0.950338 0.442302 0.04
-0.0299538 -1.95086 3.01029 -4.6217 0.883786 0.2
0.0307422 -2.0456 3.05885 -4.84636 0.745884 0.02
0.509527 -2.93693 3.0089 -5.67059 0.291979 0.16
0.778059 -3.30387 3.72729 -3.38303 0.913622 0.08
1.06272 -3.77846 -0.126755 -10.2803 0.753226 0.1
1.05553 -3.98622 -0.50773 -10.3126 -0.888027 0.02
0.929223 -5.34266 -1.06453 -3.24709 -0.944234 0.2
0.851626 -5.47661 -1.53148 -1.23754 -0.869304 0.06
0.580878 -5.39217 -2.3128 2.28492 -0.578486 0.14
0.48336 -5.282 -2.55745 3.20696 -0.793168 0.04
-0.0547183 -4.40128 -3.27656 6.22517 -0.899021 0.18
-0.744667 -3.11183 -3.89793 5.22178 -0.721993 0.2
-1.07196 -2.51564 -0.0617797 11.9581 -0.767471 0.1
-1.06624 -2.27074 0.516789 12.2729 0.939097 0.02
-0.952423 -0.558449 0.904447 4.85947 0.87732 0.2
-0.691669 -0.209062 2.35701 -0.143247 0.924818 0.16
-0.478041 -0.291588 2.97816 -1.88953 0.831905 0.08
-0.241802 -0.453081 2.93065 -2.19541 -0.0857757 0.08
-0.118415 -0.559367 3.23484 -3.10923 0.876588 0.04
0.162524 -0.876357 3.76144 -4.76278 0.901381 0.08
0.708004 -1.68268 3.93655 -6.69582 0.615721 0.14
1.04766 -3.33261 -0.628764 -14.5285 0.978075 0.16
0.997152 -5.39663 -0.21092 -6.48176 -0.826311 0.2
0.986669 -5.9427 -0.0373727 -4.61266 0.209782 0.1
0.961152 -6.29782 -0.466379 -2.684 -0.372885 0.1
0.94142 -6.40013 -0.518156 -2.45516 -0.100375 0.04
0.796563 -6.7592 -1.0564 -1.89769 -0.375008 0.18
0.727596 -7.36478 0.0824011 -5.42242 0.935266 0.16
0.711396 -7.95471 -0.441678 -6.49633 -0.282363 0.1
0.624507 -8.83518 -1.01181 -8.08489 0.0552524 0.12
0.542249 -9.46959 -0.950064 -7.38539 0.222538 0.08
0.525241 -9.60982 -0.747799 -6.62491 0.804782 0.02
0.337117 -10.5834 -1.15948 -2.68688 -0.703148 0.2
