-0.0567899 -1.35612 0.00237201 -0.0988748 0 0
0.0510453 -1.82068 0.978812 -4.15061 0.780969 0.2
0.0747257 -2.78535 -0.753549 -7.94331 -0.959696 0.16
0.0373621 -3.11375 -1.09101 -8.37525 -0.875411 0.04
-0.00988369 -3.44496 -1.24542 -8.07434 -0.807667 0.04
-0.304777 -4.60311 -1.81434 -3.15879 -0.962537 0.2
-0.463611 -4.76958 -2.1744 -1.02556 -0.73902 0.08
-0.552898 -4.79065 -2.29088 -0.0377831 -0.419506 0.04
-0.929558 -4.57761 -3.05723 2.90407 -0.851915 0.14
-0.922969 -3.28905 1.58982 8.79548 0.859018 0.2
-0.816253 -2.76162 1.89898 8.50192 0.954387 0.06
-0.452597 -1.6542 2.26915 3.61972 0.934354 0.18
-0.20939 -1.43181 2.62573 0.872344 0.596312 0.1
-0.0173709 -1.43107 2.1747 -0.816961 -0.82694 0.08
0.336901 -1.75322 2.84002 -3.59464 0.785707 0.14
0.845613 -2.62384 2.79856 -5.64937 0.342691 0.18
1.0534 -3.35049 -0.189805 -12.0672 0.747995 0.1
0.98395 -5.17857 -0.465304 -5.47591 -0.990199 0.2
0.98113 -5.94631 0.388515 -2.87426 0.592258 0.2
1.00648 -6.15282 -0.0454188 -1.01446 0.349449 0.1
1.00114 -6.26298 -0.0121578 -0.673984 0.742773 0.14
1.00051 -6.37754 0.000333966 -0.666962 0.449117 0.18
0.999272 -6.4665 -0.0162938 -0.861618 -0.0421134 0.12
1.00075 -6.55214 0.0109612 -1.19915 0.0798237 0.08
1.00066 -6.76814 -0.000495574 -1.99215 0.62789 0.14
0.973925 -7.3135 -0.292474 -3.67975 -0.220285 0.2
0.957603 -7.66147 -0.141749 -4.98885 0.439591 0.08
0.952004 -8.36231 0.00286581 -6.5649 0.679803 0.12
0.919035 -9.23737 -0.469873 -7.59265 -0.0440998 0.12
0.878943 -9.70006 -0.815187 -7.59916 -0.865321 0.06
0.84865 -10.4379 0.318943 -1.93402 0.4358 0.16
