-0.0787208 -2.91956 -0.0050152 0.0316549 0 0
-0.0594098 -2.88962 0.483684 0.682609 0.76156 0.08
0.0387695 -2.79947 0.91223 0.543461 0.461001 0.14
0.0847822 -2.88256 0.0169317 -2.0916 -0.905541 0.1
0.0595799 -3.1127 -0.633678 -3.53681 -0.889775 0.08
0.0460466 -3.40533 0.474103 0.258858 0.571727 0.18
0.0693285 -3.3809 0.688761 0.948898 0.527503 0.04
0.274915 -3.00237 1.82979 3.32956 0.816148 0.16
0.392235 -2.80344 2.07195 3.2326 0.658415 0.06
0.527548 -2.61136 2.43073 3.10298 0.970244 0.06
0.919629 -2.26407 3.16922 1.69889 0.95027 0.14
1.02993 -2.4855 -0.407436 -5.10382 -0.6447 0.1
0.942261 -3.09947 -1.2994 -6.87608 -0.870382 0.1
0.885893 -3.3751 -1.50143 -6.81938 -0.822744 0.04
0.822281 -3.64127 -1.6671 -6.42187 -0.974387 0.04
0.447699 -4.47727 -2.19295 -1.82386 -0.778108 0.2
0.0398981 -4.487 -2.90829 1.55635 -0.737157 0.16
-0.0172507 -4.4513 -2.80585 2.01182 0.578516 0.02
-0.683464 -3.82691 -3.85219 3.65625 -0.952274 0.2
-1.0262 -2.15965 0.40993 11.1753 -0.263015 0.2
-0.968919 -0.781004 0.660225 4.34654 0.931145 0.18
-0.827877 -0.512705 1.71489 0.249384 0.918534 0.12
-0.458349 -0.736277 1.95642 -2.42746 0.0431642 0.2
-0.418822 -0.787894 1.99554 -2.7338 0.204322 0.02
-0.378391 -0.845883 2.04674 -3.06405 0.310461 0.02
0.146605 -1.85599 3.00347 -6.56102 0.995519 0.2
0.514098 -2.69298 3.18628 -6.97258 0.792445 0.12
0.645832 -2.96005 3.41869 -6.2997 0.834363 0.04
1.06607 -4.08214 -0.640323 -12.0688 0.89749 0.16
0.973252 -5.51923 -0.74422 -5.98301 -0.929211 0.16
0.957273 -6.44211 0.518977 -6.15661 0.96737 0.16
0.9871 -7.21513 -0.0838079 -5.38026 -0.313861 0.14
0.964596 -8.38009 -0.298047 -7.58122 0.400371 0.18
0.866512 -9.90889 -0.237232 -5.81738 0.138304 0.2
0.799111 -10.5873 -0.654953 -2.51791 -0.758996 0.16
