-0.088939 2.58443 0.0669962 0.0983861 0 0
-0.0782765 2.63936 0.197234 1.23209 0.0513726 0.08
0.0875318 3.21347 1.58544 4.52743 0.833415 0.18
0.52272 4.06249 2.67689 3.10089 0.997326 0.2
1.02189 4.18848 1.92737 -2.08161 -0.00990066 0.2
0.991792 3.51652 -1.08903 -7.28639 -0.929871 0.12
0.876389 2.89509 -1.70686 -7.84802 -0.966473 0.08
0.577777 1.90268 -2.0467 -4.20396 -0.895371 0.16
0.194925 1.56312 -2.80796 -0.114452 -0.831657 0.16
-0.0463586 1.62619 -3.2182 1.64254 -0.781572 0.08
-0.700136 2.18631 -3.99369 4.20293 -0.844088 0.18
-1.06893 2.72093 -0.841992 11.3799 -0.740218 0.1
-1.07274 2.97524 0.270812 13.6208 0.919262 0.02
-1.01982 4.26285 0.32675 10.8393 -0.839654 0.1
-0.96482 5.59103 0.715363 4.06636 0.924439 0.18
-0.931034 6.19275 -0.311468 3.93213 -0.845156 0.16
-0.958903 6.43839 -0.618182 4.30781 -0.653885 0.06
-1.00937 7.05982 0.136845 3.52913 -0.843425 0.16
-0.999256 7.58009 0.074836 5.15314 -0.215783 0.12
-0.998898 7.79885 -0.0490852 5.77007 -0.839054 0.04
-0.998487 8.4424 0.0809681 7.0444 -0.444017 0.1
-0.95382 9.74744 0.0905991 6.00028 -0.134082 0.18
-1.01265 10.2488 -0.00222949 2.85309 -0.930497 0.14
