0.0115737 -0.956025 -0.0657754 0.000962785 0 0
-0.0401168 -1.13551 -0.598695 -2.21753 -0.566385 0.16
-0.0650831 -1.30962 -0.246834 -3.54468 0.839881 0.06
-0.0725077 -1.46602 -0.130649 -4.2624 0.585981 0.04
-0.100853 -1.85822 -0.603012 -5.5821 -0.477089 0.08
-0.323782 -3.0191 -2.14949 -8.63465 -0.756016 0.16
-0.367463 -3.19095 -2.21109 -8.51983 -0.5055 0.02
-0.649465 -4.09804 -2.41025 -6.11507 -0.870282 0.12
-1.01898 -4.68469 -0.769397 -0.668916 0.0456717 0.18
-0.934494 -4.35753 1.00613 3.78244 0.62165 0.2
-0.887089 -4.18756 1.37081 4.72338 0.930667 0.04
-0.661779 -3.46639 2.38576 7.14105 0.691731 0.12
-0.266922 -2.44776 3.04843 6.40074 0.900871 0.14
0.236775 -1.75651 3.35475 2.26102 0.71871 0.16
0.911161 -1.78818 3.38682 -2.32591 0.123628 0.2
0.920581 -3.08275 -1.63459 -9.01686 -0.99926 0.2
0.886514 -3.26343 -1.7635 -9.01647 -0.976017 0.02
0.631716 -4.30738 -1.84769 -5.5016 -0.81505 0.14
0.165526 -4.85176 -2.96066 -0.00953728 -0.980099 0.2
-0.304834 -4.6288 -3.72252 3.01423 -0.839675 0.14
-0.784988 -4.16314 -4.25525 4.55257 -0.935991 0.12
-0.870962 -4.07081 -4.34256 4.67257 -0.976152 0.02
-1.06909 -3.13724 0.728754 14.2991 0.0562547 0.1
-1.01863 -2.10388 0.37732 11.0897 0.963759 0.08
-0.947431 -0.667002 0.881373 3.46184 0.977109 0.2
-0.846407 -0.505207 1.65191 0.644475 0.995575 0.08
-0.477018 -0.711752 2.41697 -2.79113 0.410428 0.18
-0.374167 -0.842889 2.71897 -3.7477 0.966802 0.04
-0.260227 -1.0099 2.96986 -4.58434 0.94614 0.04
0.33493 -2.09017 3.50737 -7.0737 0.945803 0.18
1.01451 -3.28867 3.56373 -6.69134 0.810807 0.18
1.04554 -4.3044 -0.557629 -13.1108 0.655208 0.08
1.00149 -6.22117 -0.0317683 -7.23134 0.164361 0.2
0.856188 -7.16796 -1.50747 -4.37866 -0.820049 0.18
0.792879 -7.34823 -1.66032 -4.65359 -0.372815 0.04
0.678728 -7.63818 -2.15035 -5.07655 -0.903187 0.06
0.280753 -8.89694 -1.84138 -6.85922 0.716458 0.2
0.15596 -9.38771 -1.21578 -5.12676 0.95793 0.08
0.0891863 -9.69713 -0.448709 -2.56918 0.878744 0.08
