0.183688 -1.37511 0.0829916 -0.0909895 0 0
0.191464 -1.54018 0.0247905 -2.58667 -0.0768422 0.12
0.181093 -1.72955 -0.381296 -3.73657 -0.807413 0.06
0.0690289 -2.77021 -0.746306 -6.1478 0.110512 0.2
0.0449434 -3.38917 0.471313 -2.33615 0.880879 0.14
0.144755 -3.5033 1.1792 0.35707 0.534862 0.12
0.465838 -3.12715 2.34289 3.34011 0.698416 0.18
0.935726 -2.57887 2.8267 2.28792 0.525766 0.18
0.941291 -3.36613 -1.19899 -6.0859 -0.904582 0.2
0.730003 -4.11198 -1.78411 -4.14136 -0.990178 0.14
0.620562 -4.31621 -1.87655 -2.67534 -0.559275 0.06
0.223897 -4.44123 -2.55742 1.13666 -0.673271 0.18
0.00225711 -4.29963 -2.97714 2.34506 -0.896124 0.08
-0.52066 -3.79317 -3.56242 3.63379 -0.73539 0.16
-1.05583 -3.30222 -1.56825 8.91964 -0.915133 0.14
-1.04006 -2.3268 0.575753 11.8679 -0.11859 0.08
-1.0047 -1.20385 0.118644 7.12523 0.502181 0.12
-0.917495 -0.510983 1.13069 1.63324 0.80647 0.16
-0.7363 -0.446604 1.44887 -0.583887 0.133534 0.14
-0.56581 -0.603182 1.94857 -2.50801 0.506349 0.1
-0.234184 -1.15759 2.70521 -5.25359 0.792409 0.14
-0.00852869 -1.62651 2.90383 -6.42022 0.836151 0.08
0.543101 -2.888 3.38533 -6.58792 0.905503 0.18
1.05334 -3.86601 0.0177448 -11.3378 0.713296 0.16
0.986837 -5.31318 -0.584597 -6.1037 -0.99029 0.16
0.90214 -5.84586 -0.887257 -2.92359 -0.270866 0.12
0.845904 -6.36339 0.207942 -3.90964 0.861853 0.16
0.761204 -6.80937 -1.08011 -1.66494 -0.829012 0.18
0.694516 -7.01131 -0.602155 -3.34716 0.652442 0.08
0.660462 -7.2352 -0.541388 -4.12091 0.165352 0.06
0.648291 -7.31836 -0.675873 -4.20202 -0.788901 0.02
0.543937 -8.46029 -0.516808 -6.97589 0.557793 0.2
0.481823 -9.31503 -0.387386 -6.65513 0.47338 0.12
0.458894 -9.69394 -0.348656 -5.83413 -0.153031 0.06
0.466573 -10.099 0.471552 -2.34885 0.61881 0.1
