-0.0769238 -1.50975 0.0708291 -0.0560273 0 0
-0.117793 -1.67017 -0.771577 -2.58999 -0.977337 0.12
-0.399245 -2.49779 -2.48365 -6.76533 -0.957383 0.18
-0.624701 -3.09053 -3.0962 -7.78246 -0.690054 0.08
-0.687745 -3.24632 -3.20229 -7.7704 -0.822366 0.02
-0.819065 -3.55088 -3.34482 -7.3681 -0.897324 0.04
-1.00611 -3.83028 0.607224 2.60645 0.488474 0.18
-0.804013 -3.13461 1.86978 5.56483 0.816831 0.16
-0.446049 -2.3299 2.06262 2.87792 0.46599 0.18
-0.267714 -2.15007 2.40291 1.60227 0.833804 0.08
0.0502038 -2.07789 2.90353 -0.355147 0.752022 0.12
0.567331 -2.30098 3.55447 -2.23153 0.735505 0.16
0.896556 -2.62574 3.02229 -4.17066 -0.415064 0.1
1.01324 -4.19995 -0.223172 -8.59304 0.0690448 0.18
1.00483 -4.64894 -0.0790872 -6.41902 0.439471 0.06
0.986952 -5.05622 -0.42399 -3.76556 -0.928237 0.08
0.929906 -5.25143 -1.02531 -1.13284 -0.958022 0.08
0.622109 -4.99591 -2.32016 3.62433 -0.917678 0.18
0.426893 -4.6495 -2.53464 4.98244 -0.652384 0.08
0.0372052 -3.85044 -3.03773 6.04154 -0.990501 0.14
-0.597666 -2.96985 -4.19419 2.8277 -0.807834 0.18
-0.681985 -2.9161 -4.238 2.54453 -0.131079 0.02
-1.04677 -1.84786 0.71126 9.33 -0.77249 0.18
-0.877425 -0.701653 1.38793 2.28136 0.807399 0.2
-0.587655 -0.616112 1.82201 -1.10969 0.145089 0.18
-0.132882 -1.22499 3.09145 -5.286 0.962304 0.18
0.395963 -2.24477 3.44873 -7.15078 0.926818 0.16
1.07397 -3.67971 0.0199727 -13.6128 0.838723 0.2
1.05527 -4.23067 -0.655639 -13.279 0.600613 0.04
1.04244 -4.4875 -0.606994 -12.3893 -0.538488 0.02
0.942683 -6.21349 -0.979489 -5.1873 -0.78221 0.2
0.908659 -6.42639 -0.723523 -5.4826 0.814726 0.04
0.856574 -7.44283 -0.0673948 -7.24653 0.815341 0.16
0.851727 -8.22148 -0.0724993 -8.30126 0.85529 0.1
0.826169 -8.75583 -0.782194 -9.54033 -0.595477 0.06
0.652146 -10.4239 -0.525671 -5.37503 -0.159791 0.2
0.600326 -10.8177 -0.561606 -2.55957 -0.417668 0.1
