-0.141956 -2.31017 -0.0631707 0.0414954 0 0
-0.182508 -2.47077 -0.618528 -2.61245 -0.412586 0.12
-0.269557 -2.81932 -1.11655 -4.21652 -0.434977 0.1
-0.619391 -3.8 -2.18906 -4.33848 -0.826626 0.2
-0.852366 -4.03486 -0.79526 1.05624 0.856616 0.16
-0.959369 -3.89511 -1.34686 1.6592 -0.881145 0.1
-1.00945 -3.41915 0.374764 5.75201 0.685799 0.12
-0.957269 -2.92956 0.876437 6.2034 0.807635 0.08
-0.896137 -2.56977 1.14076 5.66146 0.960873 0.06
-0.624531 -1.85666 1.94676 2.05706 0.997269 0.18
-0.31123 -1.83423 1.97794 -1.61579 0.138815 0.16
-0.0904549 -2.0715 2.42581 -3.02794 0.814831 0.1
0.162379 -2.4283 2.63067 -3.97246 0.546381 0.1
0.618249 -3.04889 3.14837 -3.23582 0.512189 0.16
1.07313 -3.60954 -0.325713 -9.89231 0.58923 0.16
1.06255 -3.81017 -0.649218 -9.97623 -0.909698 0.02
1.03611 -4.18454 -0.62327 -8.63925 -0.943481 0.04
0.919735 -5.12652 -1.07793 -3.213 -0.932972 0.16
0.704476 -5.27319 -2.01756 0.988461 -0.786376 0.14
0.622378 -5.21753 -2.08489 1.78597 -0.13771 0.04
0.442904 -5.00627 -2.38234 3.44433 -0.530906 0.08
-0.0706785 -3.99878 -2.64129 6.26365 -0.585596 0.2
-0.722617 -2.99429 -4.11924 2.56809 -0.975667 0.2
-1.06541 -2.42039 0.474538 10.9273 -0.893881 0.12
-0.971804 -1.10441 0.754324 5.32958 0.980292 0.16
-0.893112 -0.787711 1.25134 2.60245 0.795708 0.08
-0.598944 -0.756835 2.41186 -1.98834 0.755374 0.16
-0.456859 -0.895488 2.3211 -2.64337 -0.243868 0.06
-0.359038 -1.01951 2.56371 -3.54066 0.818218 0.04
0.105022 -1.81685 3.12049 -6.17718 0.835205 0.16
0.43 -2.47206 3.40364 -6.67883 0.98657 0.1
1.05178 -3.87137 -0.291952 -13.0624 0.941019 0.2
1.00149 -5.34798 -0.321666 -7.87885 -0.934252 0.14
0.953939 -6.20708 -0.46541 -4.69332 -0.151728 0.14
0.763811 -6.88309 -1.36818 -2.86718 -0.486283 0.2
0.641806 -7.50043 -0.477047 -5.73865 0.941967 0.14
0.546169 -8.88835 -0.514801 -7.68015 0.599012 0.2
0.480108 -9.96787 -0.0934643 -4.81215 0.146165 0.16
0.479011 -10.0585 -0.0171482 -4.25372 0.0377512 0.02
0.486451 -10.197 0.380332 -2.69932 0.875953 0.04
