0.0162929 0.702933 0.0482001 -0.0615979 0 0
-0.00513776 0.927362 -0.284133 2.76953 -0.1423 0.16
-0.0233296 1.43942 0.0717083 4.60837 0.251297 0.14
0.150573 2.56225 1.99769 8.26412 0.928407 0.18
0.192945 2.73213 2.23649 8.71065 0.942978 0.02
0.683193 4.22737 2.86812 6.27898 0.944072 0.18
1.02783 4.79075 0.643861 2.18802 0.00738211 0.14
0.983761 4.88833 -0.659871 -0.797889 -0.626088 0.14
0.807489 4.33591 -1.206 -4.63215 -0.264968 0.2
0.415843 3.04111 -2.5837 -7.43032 -0.587601 0.2
0.0185747 2.12721 -3.02701 -5.08273 -0.975117 0.14
-0.234251 1.80082 -3.32122 -3.07193 -0.922881 0.08
-0.501303 1.64072 -3.37256 -0.971886 -0.242004 0.08
-1.03335 1.72309 -3.43842 2.29037 -0.940217 0.14
-0.86599 2.94108 2.15781 8.36078 0.887097 0.2
-0.350584 4.39684 2.81275 4.90012 0.985464 0.2
0.288421 4.82355 3.6923 -0.480072 0.768843 0.2
0.440171 4.78575 3.89324 -1.39722 0.738701 0.04
1.04047 4.40092 3.77804 -4.50642 0.937975 0.14
1.02948 3.5409 -1.37714 -10.4275 -0.975423 0.1
0.999573 3.32894 -1.60297 -10.7331 -0.940507 0.02
0.929727 2.8992 -1.83659 -10.5639 -0.957604 0.04
0.573637 1.41753 -1.94284 -4.15116 -0.893276 0.2
0.461997 1.21746 -1.79393 -2.55808 0.274559 0.06
-0.0113154 1.26607 -2.91362 2.72793 -0.700884 0.2
-0.33184 1.63948 -3.45806 4.6157 -0.978913 0.1
-0.621273 2.05007 -3.76523 5.5534 -0.998092 0.08
-1.06094 3.10003 0.123314 14.4841 -0.923208 0.14
-1.01194 4.68962 0.212246 10.7416 0.964303 0.12
-1.00412 5.26564 0.0733391 8.54663 0.242787 0.06
-1.00014 6.5411 0.00223377 5.21818 -0.152938 0.2
-0.924684 7.53244 0.76933 5.40628 0.307515 0.2
-0.667143 8.72835 2.21131 8.23337 0.506741 0.18
-0.577096 9.06032 2.27074 8.28219 -0.285402 0.04
-0.432538 9.56017 2.48757 8.13032 0.465477 0.06
-0.224936 10.2 1.03676 2.74797 -0.968157 0.12
