-0.158743 1.95963 -0.0189665 0.0753245 0 0
-0.0764574 2.36292 0.991155 4.26435 0.562449 0.18
0.194857 3.30217 2.28269 6.70869 0.844284 0.16
0.57487 4.10011 1.60235 1.34132 -0.0384412 0.2
0.642327 4.14127 1.77161 0.719227 0.762811 0.04
0.87064 4.02872 1.48458 -2.19938 -0.091177 0.14
1.02905 3.63388 0.0104415 -6.34491 0.582002 0.12
1.02649 3.50114 -0.224291 -6.83007 -0.486503 0.02
0.981031 2.91569 -0.834551 -7.441 -0.939194 0.08
0.904201 2.36531 -1.05459 -6.1086 -0.933825 0.08
0.739268 1.76236 -1.38518 -2.51199 -0.757306 0.14
0.411012 1.69496 -2.27707 1.58524 -0.783384 0.18
-0.0919785 2.22058 -3.27468 3.84201 -0.995437 0.18
-0.854619 2.94335 -4.46774 2.56051 -0.905715 0.2
-0.945055 2.99205 -4.57638 2.30595 -0.653914 0.02
-1.08083 3.19453 -0.885235 10.8392 -0.803177 0.04
-1.08426 3.44059 0.330901 13.2208 -0.857983 0.02
-1.07265 3.70995 0.730798 13.4625 0.588333 0.02
-1.01391 4.85358 0.365741 9.33174 0.969267 0.1
-0.898739 6.04136 1.13822 2.8178 0.662274 0.2
-0.641379 6.42385 1.39503 1.46271 0.102092 0.2
-0.613128 6.45252 1.42975 1.40738 0.217877 0.02
-0.260259 6.65821 2.07192 0.902091 0.437204 0.2
0.0723812 6.77108 2.67059 0.80099 0.622281 0.14
0.539383 6.95109 3.16262 1.53856 0.515405 0.16
1.03553 7.20169 3.18454 3.23761 0.823378 0.14
1.03673 7.97802 -0.59555 8.94335 -0.615569 0.1
1.01851 8.34521 -0.328709 9.42056 0.292115 0.04
0.988288 9.28938 -0.456515 8.80929 -0.81359 0.1
0.937034 10.0741 -0.661691 6.46716 0.227726 0.1
0.759948 10.6007 -1.74803 1.42987 -0.641636 0.14
