-0.0337347 -0.693469 -0.000228593 0.0603392 0 0
-0.0355758 -0.712891 -0.0624345 -0.696874 -0.289367 0.06
-0.0556446 -1.12416 -0.186754 -3.41627 -0.159983 0.2
-0.240791 -2.06618 -1.80114 -6.44285 -0.832232 0.2
-0.377133 -2.59403 -1.5743 -6.54865 0.853868 0.08
-0.805993 -3.96557 -2.37846 -5.44322 -0.735373 0.2
-1.01528 -4.33975 -1.53736 -1.90371 0.28988 0.1
-0.999907 -4.04684 0.0864794 3.10618 -0.443817 0.2
-0.893727 -3.36371 1.43775 6.42536 0.933671 0.14
-0.760668 -2.83782 1.82675 6.4103 0.741631 0.08
-0.378683 -1.95411 2.44376 3.01955 0.919151 0.18
-0.188696 -1.79976 2.32342 0.890614 -0.0220544 0.08
0.392395 -1.99911 3.46153 -2.57842 0.937039 0.2
0.600075 -2.18265 3.45593 -3.50941 0.252303 0.06
0.950552 -2.77744 2.36801 -6.28615 -0.796749 0.12
1.02586 -3.72941 -0.314286 -10.9171 -0.758798 0.1
1.0056 -4.63644 -0.0911854 -7.21046 0.230286 0.1
0.914001 -5.37838 -1.1532 -1.06462 -0.94916 0.18
0.83824 -5.39794 -1.37148 0.38636 -0.313175 0.06
0.430319 -4.82255 -2.56008 4.92633 -0.850205 0.2
0.378909 -4.72095 -2.57921 5.23134 -0.527848 0.02
-0.1341 -3.62569 -3.17169 6.19249 -0.950381 0.18
-0.198288 -3.50346 -3.25056 6.01322 -0.700788 0.02
-1.03096 -2.84853 -4.18227 2.40722 -0.991274 0.2
-1.08424 -2.51336 0.268759 11.2657 0.423133 0.04
-1.0734 -2.28473 0.711661 11.3726 0.856832 0.02
-0.921314 -0.757854 1.18694 3.92706 0.975483 0.2
-0.583157 -0.563105 2.57651 -1.46145 0.790261 0.18
-0.129703 -1.0115 3.03754 -4.08437 0.355078 0.16
0.124272 -1.39351 3.28139 -5.41999 0.690025 0.08
0.256571 -1.6219 3.3265 -5.99032 0.657482 0.04
0.515679 -2.14459 3.13456 -7.05321 0.3355 0.08
1.05753 -3.46741 0.678027 -11.9778 0.528521 0.18
1.05253 -3.98985 -0.51288 -13.1053 -0.30485 0.04
1.02338 -4.70341 -0.366243 -10.6096 0.855155 0.06
0.950666 -6.14249 -0.786234 -4.15275 -0.579976 0.2
0.854063 -6.59277 -0.809977 -3.60964 0.0457193 0.12
0.793334 -6.90049 -0.712147 -4.14402 0.177928 0.08
0.701809 -8.0119 -0.387541 -6.88094 0.554903 0.2
0.651754 -8.75757 -0.604374 -7.89857 0.437278 0.1
0.490134 -10.0532 -1.07151 -6.83494 -0.488827 0.16
0.370861 -10.6201 -1.34466 -4.42905 -0.976573 0.1
0.2635 -10.883 -1.36872 -2.18777 -0.310143 0.08
