-0.0953895 -1.42533 -0.0236969 -0.081445 0 0
-0.141389 -1.70204 -0.595922 -3.30542 -0.474723 0.16
-0.442962 -2.80653 -2.53425 -7.7828 -0.894899 0.2
-0.54939 -3.12356 -2.76443 -7.97032 -0.621902 0.04
-1.02815 -4.1873 -0.553111 -0.601763 -0.171137 0.2
-0.99191 -3.90784 0.333657 3.05006 -0.147041 0.16
-0.93565 -3.58169 1.08004 5.04588 0.908452 0.08
-0.744793 -2.86751 1.9954 6.26491 0.929619 0.12
-0.267268 -1.91918 2.8054 2.70906 0.978899 0.2
-0.0290223 -1.77591 3.16356 0.888989 0.80692 0.08
0.697337 -1.99297 4.06907 -2.75766 0.780523 0.2
1.03614 -2.24815 3.58508 -4.75203 0.831333 0.08
1.0795 -2.6031 -0.322223 -11.3519 0.528111 0.04
1.05158 -3.08127 -0.922164 -12.1781 -0.899344 0.04
0.954832 -4.18237 -0.844497 -9.23045 -0.996271 0.1
0.778746 -5.26821 -1.44683 -2.90959 -0.995709 0.18
0.459165 -5.37084 -2.10839 1.53673 -0.342599 0.18
-0.0122279 -4.73281 -2.99683 5.21761 -0.801567 0.18
-0.195545 -4.39465 -3.10218 6.01935 -0.768574 0.06
-0.725904 -3.38534 -3.67044 5.74325 -0.880053 0.16
-0.876998 -3.16972 -3.89482 4.98542 -0.623663 0.04
-1.06726 -2.28798 0.674008 13.1479 -0.670558 0.1
-1.00484 -1.00208 0.389846 8.4027 0.883032 0.12
-0.888579 -0.190243 1.4307 3.29398 0.93644 0.14
-0.572135 0.0665483 2.49014 0.279719 0.696607 0.16
-0.421105 0.0818033 2.54354 0.234596 0.141544 0.06
-0.193544 0.0503523 3.14274 -0.998085 0.875132 0.08
0.291886 -0.177291 3.79676 -2.3352 0.567015 0.14
0.866372 -0.623872 4.39037 -4.11898 0.538303 0.14
0.955338 -0.709908 4.50463 -4.48255 0.820367 0.02
1.00592 -0.4435 -0.105023 0.459937 0.663348 0.2
1.00269 -0.435504 -0.0572384 -0.0520364 0.000275873 0.04
