0.117668 0.528513 -0.075909 0.0371105 0 0
-0.0315971 1.01256 -1.30888 4.5023 -0.71798 0.2
-0.112147 1.39224 -0.694383 5.09693 0.817911 0.08
-0.134884 2.40653 0.505073 7.78261 0.459084 0.16
-0.0506155 3.23853 1.0444 8.29645 0.417356 0.1
0.214493 4.52183 1.62036 3.86535 0.97861 0.2
0.432541 4.78866 2.05726 0.641302 0.634483 0.12
0.963652 4.46684 3.18697 -3.48601 0.893583 0.2
0.9932 3.4852 -1.26355 -9.1973 -0.883544 0.14
0.934723 3.10707 -1.62501 -9.57327 -0.973196 0.04
0.758602 2.23067 -1.79878 -7.48043 -0.996756 0.1
0.506559 1.49504 -1.94402 -3.13729 -0.672996 0.14
0.229251 1.32538 -2.70481 0.245839 -0.895316 0.12
0.0546943 1.38564 -3.10825 1.72974 -0.929262 0.06
-0.587994 2.00417 -3.94443 4.76465 -0.890528 0.18
-0.66511 2.10396 -3.76544 5.2157 0.765469 0.02
-1.03691 3.7289 0.477832 13.4071 0.139485 0.18
-1.00241 5.48099 0.0333089 6.61933 -0.637621 0.18
-0.953017 6.19722 0.644623 2.71746 0.375692 0.16
-0.911814 6.42405 0.380738 3.02756 -0.414146 0.08
-0.927492 7.01271 -0.551269 5.38304 -0.848472 0.14
-1.01035 8.18381 0.128882 7.48786 -0.761528 0.18
-0.969794 8.99909 0.642373 8.62786 -0.0576161 0.1
-0.872765 10.1944 0.346479 5.30095 0.114166 0.16
-0.852847 10.575 0.0980572 2.39956 0.0611094 0.1
