-0.0347761 -1.66853 -0.0572168 0.0867424 0 0
-0.0740813 -1.77942 -0.740744 -2.26887 -0.913062 0.1
-0.3903 -2.69925 -2.54485 -6.94249 -0.881438 0.2
-0.955555 -3.99947 -3.42647 -5.94785 -0.926296 0.18
-0.99961 -4.01578 0.747454 2.59684 0.231121 0.16
-0.801738 -3.39741 2.09299 6.02993 0.953344 0.14
-0.759181 -3.27616 2.1597 6.07899 0.360057 0.02
-0.511674 -2.65329 2.70734 5.93017 0.925427 0.1
0.00471448 -1.92884 3.10647 2.01295 0.715842 0.18
0.465865 -1.86324 3.49361 -0.973328 0.531875 0.14
0.980962 -2.16328 3.84288 -3.14548 0.548576 0.14
1.03765 -2.25675 1.48419 -6.71088 0.57606 0.02
1.0065 -3.23031 -0.972511 -10.5811 -0.970814 0.1
0.986319 -3.43951 -1.0341 -10.2964 -0.960043 0.02
0.778208 -4.87904 -1.27729 -3.98135 -0.955692 0.2
0.550142 -5.14126 -2.03029 0.141688 -0.711762 0.14
0.192856 -4.86602 -3.01875 3.56425 -0.986143 0.14
-0.269729 -4.21133 -3.53473 5.54062 -0.897471 0.14
-0.338783 -4.09633 -3.36924 5.96006 0.57587 0.02
-0.469238 -3.84503 -3.15346 6.58748 0.160201 0.04
-1.0581 -2.75048 -0.827829 10.733 -0.630079 0.18
-1.00894 -1.25095 0.366031 8.25701 0.936641 0.14
-0.880637 -0.31585 1.2921 2.3247 0.711377 0.18
-0.542451 -0.25646 2.43982 -1.39556 0.641301 0.18
-0.0678248 -0.72426 3.44305 -4.39515 0.748916 0.16
0.00200005 -0.815576 3.53769 -4.73443 0.746219 0.02
0.677024 -1.90189 3.80693 -7.19375 0.706817 0.18
1.02192 -2.70065 2.56663 -9.83734 -0.151973 0.1
1.05087 -2.94493 0.610738 -13.9757 -0.83459 0.02
1.04639 -3.5529 -0.458081 -15.4169 -0.221808 0.04
1.00619 -5.29902 -0.0903788 -9.64788 0.939099 0.14
1.00053 -6.67455 -0.00504833 -6.60901 0.540018 0.18
0.902996 -7.62707 -1.20609 -6.04574 -0.645634 0.16
0.710377 -8.44682 -2.062 -7.78699 -0.33865 0.12
0.457518 -9.46998 -1.31048 -5.79837 0.903059 0.14
0.235492 -10.2301 -0.924265 -1.58831 -0.0789935 0.2
