0.148295 2.72282 0.0506087 -0.065772 0 0
0.214358 2.97551 0.579898 2.22292 0.216833 0.2
0.444559 3.58564 1.61994 3.08337 0.712927 0.2
0.478202 3.64686 1.74355 3.03132 0.998799 0.02
0.907636 4.03511 2.5625 0.688771 0.770815 0.2
0.991742 3.46335 -0.885351 -6.49045 -0.956112 0.16
0.794278 2.49357 -1.7384 -6.36507 -0.999203 0.14
0.436502 1.73027 -2.35178 -2.0367 -0.895764 0.18
0.109018 1.65457 -3.11662 0.708907 -0.987405 0.12
-0.448502 2.0045 -3.81173 3.4234 -0.783954 0.16
-1.05945 2.98879 0.0897265 13.1543 -0.704109 0.18
-1.0423 3.52908 0.543775 13.2443 0.849823 0.04
-1.00809 4.64491 0.149331 9.07403 0.847152 0.1
-1.00055 5.76329 0.00610086 3.98154 -0.345487 0.18
-1.00062 6.23672 -0.000338865 2.27557 -0.723548 0.16
-1.00041 6.57662 -0.000329838 2.1919 -0.311447 0.16
-0.89357 6.84048 1.14802 1.09026 0.823832 0.18
-0.809674 7.14997 0.293896 3.94042 -0.813862 0.12
-0.752421 7.94114 0.513376 6.01481 -0.0826135 0.16
-0.6905 9.13827 0.0401472 6.34746 -0.826533 0.18
-0.683114 10.0215 -0.066011 4.0029 0.161023 0.16
-0.68465 10.1675 -0.00928315 3.28738 0.529281 0.04
