-0.0633479 -0.0495532 -0.050707 -0.0940941 0 0
-0.0478322 -0.124744 0.272102 -0.986058 0.238503 0.14
-0.148186 -0.0210939 -1.26339 1.92763 -0.891062 0.2
-0.261369 0.131352 -1.0109 1.22529 0.245564 0.1
-0.356092 0.189758 0.0415661 -0.454621 0.626887 0.2
-0.302351 0.0576306 0.856872 -1.77811 0.814813 0.12
-0.184711 -0.17171 1.11319 -2.15929 0.272453 0.12
-0.163107 -0.213518 1.04774 -2.02696 -0.350247 0.02
-0.0153219 -0.526005 1.88711 -4.19552 0.974417 0.1
0.358463 -1.42229 2.635 -6.80757 0.932611 0.16
0.799133 -2.62845 2.92699 -7.69334 0.996998 0.16
0.970396 -3.09167 2.82943 -7.54297 0.000520253 0.06
1.05527 -3.44894 0.527391 -12.2728 0.759291 0.04
1.04874 -3.97413 -0.489625 -13.0667 0.1856 0.04
0.968881 -5.79936 -0.719272 -5.35669 -0.909516 0.2
0.936484 -6.45692 0.169546 -5.89727 0.926713 0.12
0.948508 -6.80979 0.225055 -5.92564 0.301522 0.06
0.998833 -7.73523 0.389669 -7.33927 0.617396 0.14
0.997737 -8.52703 -0.271463 -8.52993 0.291357 0.1
0.782374 -10.256 -1.51187 -8.39919 -0.969027 0.18
0.634329 -11.0537 -0.784092 -3.40316 0.118803 0.14
