0.183826 1.31295 -0.0683112 -0.0893921 0 0
0.176058 1.37714 -0.119372 1.65616 -0.030199 0.08
0.11588 1.80452 -0.683518 4.25453 -0.718586 0.14
0.130238 2.77273 0.927159 7.85447 0.860657 0.16
0.232154 3.43399 1.51602 8.22767 0.967009 0.08
0.521033 4.53196 1.51793 2.71214 0.558632 0.2
0.550005 4.58023 1.38085 2.12085 -0.815541 0.02
0.685252 4.66483 1.33547 -0.360397 -0.00850069 0.1
0.82799 4.5225 1.50504 -2.4188 0.321143 0.1
1.01964 3.87821 0.187353 -6.53462 -0.160829 0.16
1.02011 3.74075 -0.0917554 -7.11868 0.206115 0.02
0.844767 2.19097 -1.22407 -6.29393 -0.98147 0.2
0.54954 1.49301 -1.90743 -0.787186 -0.777678 0.2
0.228247 1.61557 -2.66109 2.38147 -0.799165 0.14
-0.337814 2.27682 -3.58793 4.49544 -0.998227 0.18
-0.721099 2.7215 -4.11438 4.14292 -0.918976 0.1
-0.888396 2.88251 -4.25641 3.87066 -0.534732 0.04
-1.02331 4.34917 0.359918 11.3933 0.602055 0.14
-0.966571 5.77427 0.714718 4.60629 0.879353 0.18
-0.950788 6.74259 -0.537054 5.71264 -0.815464 0.2
-0.966192 6.96098 -0.237013 5.26197 0.694803 0.04
-1.00177 7.66975 -0.146015 6.50224 -0.451545 0.12
-0.950017 9.19692 0.519717 8.18841 -0.240711 0.2
-0.897936 9.94821 0.41733 6.36852 0.221245 0.1
-0.88999 10.1676 -0.00915512 4.6372 -0.753726 0.04
-0.889862 10.4626 0.0316315 2.74527 0.443722 0.08
