0.0339069 0.228579 -0.0881913 0.0454047 0 0
0.032949 0.230772 0.0560268 0.0290246 0.340138 0.06
-0.125504 0.711811 -1.5598 4.57947 -0.912688 0.2
-0.309521 1.26037 -2.0595 6.29492 -0.961554 0.1
-0.43755 1.66221 -2.18995 7.07163 -0.961788 0.06
-0.828349 3.03725 -2.38065 7.07502 -0.694006 0.18
-0.924455 3.30936 -2.44028 6.4581 0.0092751 0.04
-1.03702 4.12642 0.371588 9.68514 0.645736 0.1
-0.928159 5.35509 1.06071 2.64307 0.949357 0.2
-0.69909 5.40821 2.20818 -1.71246 0.90815 0.14
-0.387636 5.0323 2.92537 -4.39401 0.846454 0.12
-0.328165 4.94075 3.01976 -4.7572 0.928887 0.02
0.058467 4.26336 3.37581 -6.36177 0.926664 0.12
0.707186 3.12678 4.07504 -5.03023 0.778169 0.18
1.05474 2.55334 0.80687 -10.5056 -0.66655 0.1
1.0596 2.32828 -0.158995 -11.6302 -0.733722 0.02
0.950855 0.663742 -0.955249 -4.58358 -0.974636 0.2
0.930893 0.577923 -1.0426 -4.00202 -0.446465 0.02
0.78932 0.333999 -1.79565 -0.99805 -0.739174 0.1
0.678166 0.297251 -1.9075 -0.25117 -0.11357 0.06
0.594559 0.309238 -2.27107 0.835894 -0.942203 0.04
0.163338 0.669777 -3.08515 3.62685 -0.567965 0.16
-0.0244432 0.909379 -3.1655 4.3673 -0.262903 0.06
-0.438677 1.56136 -3.65865 6.35488 -0.944582 0.12
-1.05211 3.14906 -0.538495 13.4727 -0.11081 0.2
-1.0274 4.28308 0.413755 12.935 0.853364 0.08
-1.00117 6.13948 0.0171645 6.76319 -0.44783 0.2
-0.843817 6.93507 1.64288 3.1005 0.956698 0.18
-0.685393 7.4468 1.06203 5.32001 -0.724368 0.12
-0.26671 8.76772 3.29077 8.65506 0.958756 0.2
-0.198708 8.9449 3.50629 9.05129 0.71492 0.02
-0.12652 9.12934 3.70647 9.36923 0.785081 0.02
0.107838 9.69621 4.02193 9.20335 0.817822 0.06
0.589237 10.5492 2.18994 2.12191 -0.879895 0.16
0.632586 10.5863 2.14608 1.59185 -0.0854735 0.02
