0.0228522 0.83437 -0.0410103 0.0858537 0 0
-0.000282215 1.082 -0.212075 2.91564 -0.0345621 0.16
-0.0411443 1.87165 -0.12468 5.78032 -0.184599 0.18
0.020729 2.72458 1.18134 8.44693 0.828566 0.12
0.179944 3.60649 1.81637 8.4258 0.955177 0.1
0.491118 4.64273 1.52149 2.22944 0.345886 0.2
0.709983 4.72837 2.13856 -0.72635 0.771586 0.12
0.843429 4.64608 2.30424 -1.99053 0.452303 0.06
0.929726 4.54945 2.0066 -2.84247 -0.923635 0.04
1.00812 4.42053 1.58722 -3.81748 -0.120875 0.04
0.967431 3.53115 -1.15093 -8.019 -0.829843 0.14
0.913057 3.19691 -1.54453 -8.59394 -0.994278 0.04
0.880744 3.02444 -1.67904 -8.62053 -0.991593 0.02
0.493791 1.70715 -2.22545 -3.92785 -0.999701 0.2
0.0630952 1.43205 -3.21728 0.40354 -0.959163 0.16
-0.690072 1.93001 -4.22352 4.15901 -0.87002 0.2
-0.774444 2.01622 -4.21286 4.45949 -0.303275 0.02
-1.07846 2.71871 0.301486 13.0977 -0.9069 0.1
-1.06758 2.98868 0.697113 13.686 0.702412 0.02
-0.957188 5.06816 0.445217 6.5565 0.987134 0.2
-0.988356 6.04491 -0.67315 4.05081 -0.681599 0.2
-1.00281 6.42876 0.0402882 1.68999 -0.922366 0.18
-1.0005 6.84231 -0.000274393 2.65338 -0.401413 0.2
-0.996292 6.94721 0.20884 2.6137 0.679448 0.04
-1.00424 7.31319 -0.104805 4.33465 -0.783042 0.1
-0.999345 8.03724 0.0901358 6.14627 -0.371526 0.14
-0.997677 8.16263 0.0777244 6.38912 -0.69079 0.02
-0.962121 9.01968 0.476399 7.6189 -0.140094 0.12
-0.915749 9.50451 1.01761 8.31597 0.985825 0.06
-0.851205 10.3689 -0.136053 2.63086 -0.409015 0.16
