0.0970818 2.673 -0.0440205 -0.0488823 0 0
0.198585 2.99318 1.29225 3.70635 0.86177 0.16
0.25362 3.14624 1.4541 3.90872 0.504265 0.04
0.429599 3.55927 2.02544 4.07735 0.862873 0.1
0.892227 4.09847 2.62562 1.11864 0.679124 0.2
1.03738 4.03815 0.054492 -3.82234 -0.385375 0.08
1.02778 3.85855 -0.407052 -4.94651 -0.507065 0.04
0.873826 2.96136 -1.67127 -7.17339 -0.954173 0.14
0.60648 2.09837 -2.11057 -4.7071 -0.959678 0.14
0.353524 1.733 -2.16267 -1.47067 -0.344734 0.12
0.0545886 1.71778 -2.82197 1.13577 -0.861637 0.12
-0.451291 2.11499 -3.46498 3.57333 -0.761951 0.16
-0.968315 2.86852 -3.02518 5.41738 0.0525338 0.16
-1.05039 3.64431 0.512527 12.4102 -0.520637 0.08
-1.01495 4.51827 0.293913 9.27551 0.996695 0.08
-0.952475 5.53708 0.791442 3.52937 0.850296 0.16
-0.920358 6.16306 -0.502959 3.36969 -0.870097 0.2
-0.88537 6.38717 0.899779 -0.181867 0.93392 0.16
-0.850229 6.63695 -0.43953 3.23442 -0.901572 0.16
-0.871534 6.77736 -0.623313 3.79069 -0.552432 0.04
-0.884647 6.85559 -0.687195 4.03325 -0.425364 0.02
-0.9375 7.19978 -0.624862 4.62715 -0.000970763 0.08
-0.997356 8.20722 0.0758752 6.80646 0.131939 0.18
-0.885576 9.49574 1.1349 8.48756 0.394915 0.16
-0.704589 10.6489 0.754066 2.90062 0.285947 0.2
