0.0775294 1.73231 0.0419062 0.0169697 0 0
0.102142 2.07947 0.284706 3.66117 0.0488404 0.18
0.110817 2.47919 -0.122179 4.15147 -0.800531 0.1
0.144113 3.09689 0.628683 5.77699 0.593599 0.12
0.1642 3.7234 -0.393741 1.10362 -0.416527 0.18
-0.00704705 3.52505 -1.49813 -3.005 -0.585765 0.18
-0.3582 2.8179 -2.77938 -5.05968 -0.983745 0.16
-0.528678 2.53743 -2.89704 -4.2251 -0.631946 0.06
-0.9527 2.12751 -3.19126 -1.59389 -0.607829 0.14
-1.01781 2.45766 0.796957 5.27665 0.853976 0.12
-0.953827 2.81258 1.32876 6.48304 0.779775 0.06
-0.782038 3.50757 1.99759 6.88074 0.933515 0.1
-0.37203 4.43243 2.61566 3.06799 0.969612 0.18
0.0689418 4.60128 2.93157 -0.811279 0.395793 0.16
0.683779 4.17715 3.85491 -3.55849 0.909176 0.18
0.982811 3.83994 3.61382 -4.81208 -0.0507893 0.08
1.03616 3.70683 1.38755 -9.15121 0.944844 0.02
1.02856 2.75913 -0.480572 -11.8802 -0.961869 0.08
0.999481 1.76675 -0.144383 -7.97963 -0.911178 0.1
0.915122 0.894906 -1.06783 -1.73233 -0.955405 0.18
0.807207 0.852941 -1.63 0.630493 -0.745267 0.08
0.699157 0.935485 -1.96452 2.09019 -0.614815 0.06
0.41789 1.35123 -2.66141 4.67242 -0.882908 0.12
0.0126864 2.14615 -3.07294 6.43066 -0.92385 0.14
-0.381288 2.90719 -3.60397 5.68302 -0.913966 0.12
-1.08765 3.87461 0.36678 11.3948 -0.658438 0.2
-0.988959 5.18682 0.768602 6.77568 0.998308 0.14
-0.822315 5.78845 1.72932 1.89626 0.844053 0.14
-0.647158 5.99687 1.17998 1.71185 -0.644314 0.12
-0.466621 6.26731 0.803865 1.54306 -0.297355 0.18
-0.291811 6.46513 1.11517 0.879154 0.202014 0.18
-0.055292 6.60647 1.4989 0.825514 0.311723 0.18
0.0329587 6.67109 1.44302 1.33338 -0.00822163 0.06
0.199396 7.22594 0.489529 4.70194 -0.625066 0.18
0.354697 8.40014 1.21165 7.26227 0.0446645 0.2
0.584903 9.71429 1.00985 5.85554 -0.296795 0.18
0.712664 10.3331 0.638084 1.89163 0.0835389 0.16
