-0.0255827 1.58005 -0.0985562 -0.0147264 0 0
-0.0268225 1.65105 0.0736766 1.75614 0.281734 0.08
0.0289038 2.09981 0.780082 4.63663 0.495442 0.14
0.115008 2.53727 1.38417 6.26704 0.575086 0.08
0.503898 3.84985 2.59185 6.64276 0.992595 0.18
0.6544 4.19162 2.44448 4.77447 0.326734 0.06
0.999177 4.58998 2.55405 1.03176 0.372135 0.14
1.02293 4.51698 -0.498376 -2.00231 -0.456895 0.1
1.01184 4.47249 -0.611924 -2.44536 -0.677907 0.02
0.725405 3.52197 -2.35952 -7.00143 -0.83093 0.2
0.396915 2.64734 -2.94893 -6.79164 -0.79347 0.12
-0.16165 1.804 -3.35986 -2.47063 -0.799296 0.18
-0.607933 1.71354 -3.03485 1.0342 0.224646 0.14
-1.04752 2.19704 0.0313892 7.25838 -0.786583 0.16
-1.03388 2.51028 0.511366 8.17781 0.189499 0.04
-0.902776 3.58576 1.41155 8.69851 0.933561 0.12
-0.729205 4.43272 1.52891 5.31041 0.936676 0.12
-0.558511 4.8173 1.94068 2.39736 0.858201 0.1
-0.0965518 4.80914 3.18515 -2.25259 0.976859 0.18
0.218157 4.49027 3.07993 -4.08577 0.0445079 0.1
0.278991 4.40494 3.00215 -4.44746 -0.199407 0.02
0.463195 4.1168 3.13431 -5.10724 0.717997 0.06
1.04773 3.1419 1.30335 -9.95907 0.636616 0.18
1.05922 2.91196 0.0451643 -12.5193 0.888112 0.02
1.04464 2.39841 -0.524146 -12.5105 0.917987 0.04
1.00187 0.664229 -0.0286718 -5.56575 0.498048 0.2
0.857802 0.209802 -1.59468 0.100109 -0.888787 0.18
0.587802 0.319134 -1.77916 1.27724 -0.0797124 0.16
0.23246 0.753829 -2.61715 4.1062 -0.609117 0.16
0.0102964 1.13565 -2.9072 5.40459 -0.678937 0.08
-0.602093 2.47275 -3.14127 7.49628 -0.797344 0.2
-1.04366 3.48065 -0.900327 11.6307 -0.704027 0.14
-1.05062 3.73148 0.0490904 13.0556 0.710032 0.02
-1.00594 5.42589 0.0951474 7.80218 -0.873035 0.16
-1.00116 6.20445 0.0113537 5.52639 -0.922091 0.12
-1.00053 7.15163 0.000631058 5.57572 -0.664057 0.18
-0.827259 8.38692 1.85572 7.61821 0.787924 0.2
-0.596011 9.23754 2.69765 9.10568 0.484508 0.1
-0.541658 9.41823 2.72912 8.93085 0.266124 0.02
-0.371602 9.93615 2.88407 8.09617 0.857577 0.06
-0.0951175 10.5881 2.69264 4.96731 0.501449 0.1
0.237971 10.9808 2.92314 1.64697 0.540192 0.12
0.296297 11.0086 2.91021 1.13362 -0.0353152 0.02
