-0.0151639 -0.0167736 -0.0860402 0.0409465 0 0
-0.0179693 -0.0169461 -0.0543774 -0.0482818 0.079896 0.04
0.0113403 -0.116307 0.420459 -1.20429 0.321432 0.16
0.227201 -0.681469 1.90993 -4.99495 0.977631 0.18
0.306713 -0.892711 2.05808 -5.56279 0.692658 0.04
0.531088 -1.52395 2.36895 -6.98851 0.931375 0.1
0.82463 -2.43102 2.5385 -7.8539 0.995811 0.12
0.979844 -2.8954 2.68286 -7.42437 0.677069 0.06
1.03142 -3.31399 0.186661 -12.701 0.994891 0.04
1.0033 -5.19854 -0.0518325 -7.22324 0.187107 0.18
1.00062 -6.18424 -0.000189847 -3.43244 0.774564 0.2
1.00067 -6.62548 0.000316699 -3.11748 0.764514 0.14
1.00062 -6.68834 -0.00437362 -3.17503 0.0786761 0.02
0.900571 -7.09503 -1.20465 -2.33747 -0.960391 0.16
0.790741 -7.99945 -0.0943007 -6.21057 0.973206 0.2
0.77066 -8.68386 -0.312706 -7.37711 0.352709 0.1
0.764941 -8.83102 -0.255421 -7.32052 0.866852 0.02
0.760583 -8.97597 -0.175626 -7.15324 0.847392 0.02
0.7556 -9.12173 -0.31939 -7.40742 -0.57176 0.02
0.744238 -9.40911 -0.228833 -6.87466 0.250653 0.04
0.787329 -9.9722 0.938519 -2.49576 0.816491 0.12
0.806815 -10.0174 1.00936 -2.02753 0.186853 0.02
