0.189359 0.946868 0.0847345 0.0470773 0 0
0.267091 1.16759 0.801483 2.39803 0.648769 0.18
0.38721 1.89042 0.646447 5.45752 -0.333752 0.18
0.413882 2.11941 0.689892 5.97739 -0.352655 0.04
0.518588 2.80522 1.38204 7.56341 0.411542 0.1
0.580905 3.11825 1.71253 7.99289 0.887673 0.04
0.946562 4.34558 1.91621 3.63369 0.655631 0.2
0.991441 4.417 -0.440413 -1.96939 -0.364194 0.18
0.97184 4.21438 -0.056683 -3.02666 0.844359 0.08
0.970456 4.00931 0.00774047 -3.76913 0.396061 0.06
0.972628 3.85295 0.102419 -4.02219 0.56351 0.04
0.955207 3.4629 -0.533328 -5.62798 -0.718931 0.08
0.907164 3.09681 -1.04098 -6.42417 -0.954976 0.06
0.833927 2.71211 -1.3687 -6.23094 -0.977664 0.06
0.486316 1.83551 -2.18284 -2.21286 -0.973845 0.2
0.0308254 1.86264 -2.37269 2.23491 -0.248964 0.2
-0.175256 2.08427 -2.77251 3.23094 -0.914946 0.08
-0.537062 2.52138 -3.27163 3.81009 -0.810869 0.12
-1.07144 3.39226 0.299568 12.0744 -0.628889 0.18
-1.06132 3.63759 0.62893 12.2432 0.992782 0.02
-1.00961 4.8271 0.1651 7.54948 -0.668419 0.12
-0.861392 5.61816 1.57588 0.432804 0.978207 0.2
-0.715073 5.56988 2.07427 -1.5872 0.627172 0.08
-0.533671 5.37561 2.44469 -3.22915 0.540639 0.08
-0.209669 4.8521 2.88973 -5.37901 0.709155 0.12
-0.0921337 4.62519 2.98018 -5.95264 0.818181 0.04
0.561356 3.3294 3.75317 -5.72304 0.96153 0.2
1.05929 2.32243 -0.3871 -12.2256 0.821906 0.16
1.03813 1.85577 -0.537073 -10.8988 -0.910264 0.04
0.905997 0.447443 -1.3212 -3.26153 -0.999433 0.2
0.606122 0.170111 -1.98994 -0.178451 -0.323309 0.18
0.210861 0.36494 -2.93592 2.56191 -0.635701 0.16
-0.248079 0.882156 -3.56929 4.80145 -0.612086 0.14
-0.394735 1.08829 -3.75452 5.49122 -0.885329 0.04
-1.07192 2.61837 0.271245 14.0054 -0.951115 0.2
-1.04643 3.19807 0.843063 14.5589 0.98943 0.04
-0.964545 5.14937 0.279398 7.21462 0.992 0.18
-0.990016 6.07706 -0.507063 4.94663 -0.542152 0.16
-1.00147 6.75749 0.0194397 3.31303 -0.645173 0.2
-0.998551 7.04195 0.0574286 3.85408 0.0403946 0.08
-1.0018 7.30345 -0.0334984 4.68412 -0.745068 0.06
-1.00064 7.95597 0.0151554 6.25129 -0.549128 0.12
-0.998582 8.08417 0.192099 6.57488 0.633529 0.02
-0.735218 9.78681 2.10417 9.13446 0.866292 0.2
-0.4211 10.8832 1.28632 2.3228 0.0381397 0.2
