-0.152235 -0.966459 0.0462771 0.0849763 0 0
-0.133962 -1.32218 0.0697153 -3.50288 -0.0495657 0.2
-0.141293 -1.75186 -0.251415 -5.10593 -0.199378 0.1
-0.15466 -1.96927 -0.422653 -5.76581 -0.132744 0.04
-0.188507 -2.46228 -0.414437 -6.43742 0.51958 0.08
-0.310628 -3.36784 -1.47056 -7.95085 -0.933984 0.12
-0.564386 -4.40286 -1.1904 -2.40855 -0.327118 0.2
-0.863445 -4.43309 -1.81192 1.87685 -0.552332 0.2
-0.90078 -4.39247 -1.92114 2.18085 -0.924721 0.02
-1.02562 -4.01765 0.0700479 6.02604 0.443946 0.1
-0.874453 -2.7895 1.56627 8.16393 0.996234 0.16
-0.517349 -1.63913 2.14184 3.05735 0.977375 0.2
-0.379907 -1.50489 2.45056 1.42743 0.833169 0.06
-0.16233 -1.47379 2.99127 -0.612041 0.966316 0.08
-0.0379673 -1.51672 3.22467 -1.52047 0.857698 0.04
0.0958671 -1.59429 3.46364 -2.34205 0.938875 0.04
0.544576 -1.99598 3.983 -4.18707 0.861508 0.12
0.696419 -2.18247 3.60236 -5.1455 -0.87428 0.04
1.06045 -3.2718 -0.486087 -14.1436 0.905944 0.14
1.04911 -3.55285 -0.600323 -13.8288 -0.501952 0.02
1.02026 -4.30617 -0.325952 -11.1961 0.942792 0.06
0.960502 -5.78404 -0.753336 -3.81379 -0.813628 0.2
0.950853 -6.55248 0.657177 -5.25146 0.981359 0.18
1.00743 -7.36111 -0.103815 -4.9579 0.852897 0.16
1.00398 -7.57047 -0.0670086 -5.51482 0.539431 0.04
0.947882 -8.17968 -1.09534 -6.87855 -0.928703 0.1
0.755581 -9.25162 -1.53607 -7.86632 0.118321 0.14
0.693617 -9.55874 -1.53999 -7.39471 -0.182363 0.04
0.557939 -10.2393 -0.453448 -2.44556 0.50911 0.14
