-0.0358047 -0.279999 0.0164648 -0.051508 0 0
0.116428 -0.710478 1.5992 -4.50984 0.992334 0.18
0.185312 -0.906141 1.83622 -5.25859 0.929378 0.04
0.223058 -1.01479 1.93597 -5.60204 0.942871 0.02
0.432365 -1.64821 2.19474 -6.99374 0.904622 0.1
0.657709 -2.39329 2.32644 -7.7081 0.961722 0.1
1.05372 -3.7535 -0.187365 -11.5061 0.749525 0.18
0.988764 -5.19885 -0.50556 -6.09368 -0.969859 0.16
0.81028 -5.76857 -1.58863 -0.460263 -0.672526 0.18
0.69871 -5.74208 -2.12558 1.30722 -0.928177 0.06
0.347083 -5.35553 -2.84606 4.10462 -0.62184 0.14
0.102923 -4.96661 -3.22344 5.55209 -0.902239 0.08
-0.0893183 -4.60916 -3.16896 6.36083 -0.404621 0.06
-0.601147 -3.48386 -3.32766 7.02832 -0.72096 0.16
-0.928548 -2.8122 -3.31533 5.95474 0.130789 0.1
-1.05647 -2.3479 -0.0431322 11.0216 -0.198801 0.06
-1.00334 -0.709997 0.0533194 5.27019 -0.891386 0.2
-0.982141 -0.0564137 0.192974 2.51391 -0.00947394 0.18
-0.872951 0.0821069 1.34001 -0.290175 0.887418 0.14
-0.606237 -0.120197 2.46889 -2.61928 0.931246 0.14
-0.0425994 -0.881024 3.69304 -5.78353 0.916518 0.18
0.418617 -1.6717 3.91316 -7.33177 0.841348 0.12
0.573698 -1.97426 3.83712 -7.79013 0.618382 0.04
1.07005 -3.1863 0.731708 -14.8897 0.746685 0.14
1.07261 -3.50677 -0.294856 -16.6804 0.566876 0.02
1.06256 -3.8417 -0.625939 -16.5949 -0.622419 0.02
1.005 -5.95173 -0.0907482 -10.5137 -0.01481 0.16
1.00012 -7.31291 -0.0398679 -9.50688 0.882576 0.14
0.84984 -8.90627 -1.86109 -11.1247 -0.302647 0.16
0.72359 -9.58513 -2.21938 -11.076 -0.561997 0.06
0.420147 -10.9848 -1.0805 -3.48433 0.000344958 0.2
