-0.0336751 2.04512 0.0638234 -0.0347848 0 0
0.153849 2.59595 1.89999 5.41583 0.98263 0.2
0.283494 2.95518 2.40581 6.45405 0.810254 0.06
0.385461 3.22019 2.67647 6.71586 0.865957 0.04
0.440206 3.35462 2.79381 6.70555 0.972307 0.02
0.938388 4.21078 2.78497 2.61804 0.45279 0.18
1.03345 4.17701 -0.403295 -2.65351 0.332358 0.1
0.884976 3.55189 -1.76108 -6.19159 -0.945883 0.14
0.807993 3.29181 -2.07676 -6.75069 -0.782462 0.04
0.622444 2.74382 -2.49477 -6.61596 -0.875945 0.08
0.572602 2.61571 -2.48828 -6.18588 -0.528066 0.02
0.095279 1.8641 -2.90569 -2.07811 -0.746239 0.18
-0.350099 1.79122 -3.46936 0.939574 -0.69346 0.14
-1.06926 2.36233 -0.784807 8.70392 -0.674073 0.2
-1.00805 3.46158 1.00429 10.9907 0.849191 0.1
-0.845581 4.88921 1.02055 4.8703 0.943256 0.18
-0.631681 5.2773 1.73702 0.1105 0.580686 0.16
-0.217955 4.88679 2.76525 -4.11998 0.777292 0.18
-0.161705 4.80081 2.858 -4.47384 0.926589 0.02
0.248684 4.03432 2.95897 -6.28508 0.587543 0.14
0.868883 3.05625 4.15648 -3.45869 0.947351 0.18
1.07039 2.29391 -0.707964 -12.2853 0.549762 0.1
1.01914 1.43752 -0.506037 -9.08394 -0.967462 0.08
0.881506 0.375729 -1.33931 -2.82707 -0.787732 0.18
0.827497 0.273337 -1.36022 -2.31496 0.0585332 0.04
0.645422 0.18567 -2.2707 0.436512 -0.931835 0.1
0.436227 0.295043 -2.95308 2.27035 -0.927777 0.08
-0.215744 1.03987 -4.16132 5.8057 -0.935434 0.18
-0.846233 2.11174 -3.62076 7.73115 -0.191098 0.16
-1.02594 3.79782 0.363522 13.9883 0.381529 0.14
-1.00597 4.97653 0.0823288 9.71563 -0.897201 0.1
-0.996899 6.3708 0.0878154 5.18954 -0.0162328 0.2
-0.956393 6.80771 0.69914 3.82986 0.606745 0.1
-0.845746 7.40513 0.910447 4.87716 0.0978713 0.14
-0.719445 7.94021 1.64599 5.97341 0.679193 0.1
-0.226945 9.4702 3.14257 8.62386 0.50214 0.2
-0.165881 9.63523 2.95905 7.86098 -0.600937 0.02
0.184069 10.3734 1.53624 1.73056 -0.638543 0.16
