-0.188054 -1.08957 0.0803282 0.0754087 0 0
-0.181575 -1.14784 0.0759686 -1.50014 -0.126877 0.08
-0.178691 -1.18289 0.211412 -2.00125 0.866935 0.02
-0.172822 -1.54028 -0.149259 -3.96043 -0.352493 0.12
-0.226563 -2.25834 -0.681615 -6.27586 -0.118035 0.14
-0.303434 -2.81371 -1.21704 -7.46226 -0.40153 0.08
-0.392253 -3.28296 -1.69263 -7.95175 -0.950766 0.06
-0.426826 -3.44022 -1.75928 -7.75003 -0.834787 0.02
-0.778607 -4.48514 -2.21438 -3.53018 -0.9209 0.18
-1.02403 -4.68189 0.366513 1.35786 -0.742635 0.2
-0.903237 -4.19755 1.21689 4.68146 0.560451 0.16
-0.820991 -3.88437 1.53068 5.73463 0.292987 0.06
-0.635157 -3.23676 2.13035 6.89866 0.489904 0.1
-0.591059 -3.09728 2.27477 7.02748 0.944828 0.02
-0.544381 -2.95664 2.38837 7.01379 0.930764 0.02
-0.445123 -2.68171 2.56051 6.65819 0.982728 0.04
0.0540521 -1.83394 3.07135 2.58103 0.866094 0.18
0.661118 -1.75107 3.69332 -1.48153 0.604461 0.18
0.805173 -1.82812 3.50626 -2.36635 -0.510583 0.04
1.01332 -2.77365 -0.782414 -9.11279 -0.778193 0.16
0.924922 -3.52279 -1.28549 -9.05872 -0.926855 0.08
0.638881 -4.7806 -1.77075 -3.33382 -0.995889 0.2
0.312923 -4.96209 -2.33929 0.912983 -0.488303 0.16
-0.185802 -4.45556 -3.11124 4.39417 -0.751781 0.18
-0.483619 -3.93678 -2.82579 5.9134 -0.0651202 0.1
-0.835522 -3.23628 -3.13767 5.24386 -0.532931 0.12
-1.01217 -1.56555 0.239475 7.80872 0.668933 0.2
-0.975578 -0.873841 0.515309 3.78251 0.623342 0.12
-0.95048 -0.354186 -0.267156 1.9361 -0.60421 0.2
-0.961593 -0.253142 -0.0150643 0.654769 0.232715 0.08
-1.00801 -0.131483 -0.015351 -0.328496 -0.479268 0.18
