0.0843317 2.11457 0.0293377 0.00840375 0 0
0.172139 2.55982 0.889798 4.16471 0.365019 0.2
0.298968 3.11518 1.17054 4.72335 0.194015 0.12
0.415589 3.51386 1.70731 5.01248 0.985658 0.08
0.774728 4.18012 2.30353 2.11352 0.787726 0.18
1.02702 4.2992 2.22956 -0.210118 0.808184 0.1
1.05162 4.27172 0.482002 -2.29449 -0.934483 0.02
0.928997 3.50568 -1.45359 -6.45743 -0.684174 0.16
0.67001 2.56904 -2.06696 -6.01403 -0.747649 0.14
0.27618 1.86419 -2.40621 -1.79446 -0.662075 0.18
0.0720538 1.79215 -2.70368 -0.0349121 -0.652356 0.08
-0.403789 2.02817 -3.2184 2.78913 -0.60457 0.16
-0.841257 2.74045 -2.21756 5.90797 0.482273 0.16
-1.03457 3.57771 0.136225 10.1677 -0.258615 0.12
-1.02991 3.77958 0.291114 9.92115 -0.839641 0.02
-0.956408 5.09397 0.732349 3.22842 0.941899 0.2
-0.85423 5.26332 1.33171 0.213231 0.707654 0.1
-0.794538 5.2481 1.65115 -0.95877 0.937259 0.04
-0.590911 5.02088 2.38798 -3.46157 0.992432 0.1
-0.440869 4.77967 2.59874 -4.54573 0.709982 0.06
-0.103496 4.13552 2.99272 -5.98653 0.935153 0.12
0.346718 3.30549 3.56924 -5.1667 0.814824 0.14
0.928502 2.8468 4.75735 -1.27106 0.849903 0.14
1.06777 2.26748 -0.631033 -11.0984 0.55774 0.08
0.943327 0.866081 -1.0271 -4.46446 -0.995588 0.18
0.717485 0.451542 -1.5124 -0.467949 -0.197455 0.18
0.322158 0.777211 -2.81343 3.84668 -0.799324 0.18
-0.026618 1.33968 -2.94501 5.51598 -0.367592 0.12
-0.143267 1.571 -2.88059 6.05244 -0.263304 0.04
-0.74743 2.93256 -3.32974 6.41416 -0.81188 0.2
-1.0566 4.05442 0.549419 12.2297 -0.41887 0.14
-0.981086 5.63905 0.53283 5.60884 0.692211 0.18
-0.875081 6.28486 0.804784 2.91322 0.105246 0.16
-0.860538 7.08807 -0.547545 6.02076 -0.972815 0.18
-0.876542 7.44142 0.0119196 5.87392 0.887091 0.06
-0.827326 8.22016 0.864643 7.32564 0.412155 0.12
-0.675874 9.56045 0.490711 6.11263 -0.56817 0.18
-0.739333 10.1171 -1.03507 -0.237969 -0.637582 0.2
