-0.114022 1.82715 0.00485327 -0.0451794 0 0
-0.105351 1.89799 0.21696 1.77964 0.273129 0.08
-0.100139 1.93807 0.305047 2.2264 0.465797 0.02
0.0215929 2.65246 1.09424 5.46461 0.3062 0.18
0.208014 3.40285 1.89871 6.42989 0.80655 0.12
0.579383 4.24318 1.88897 1.86268 0.405878 0.2
0.905875 4.20704 1.74238 -2.05948 0.0511141 0.18
1.0195 3.71924 -0.187749 -6.44576 -0.664775 0.12
0.928246 2.82941 -1.17123 -7.6215 -0.953232 0.12
0.674248 1.79438 -1.71225 -3.5195 -0.972494 0.18
0.338131 1.56068 -2.53637 0.499084 -0.830373 0.16
0.234853 1.59833 -2.62579 1.37281 -0.362199 0.04
0.181593 1.62991 -2.69961 1.78149 -0.605197 0.02
-0.460045 2.28996 -3.66609 4.29289 -0.9242 0.2
-0.532631 2.37901 -3.59215 4.60808 0.123149 0.02
-1.07344 3.2656 0.000547946 13.1954 -0.85321 0.16
-1.06675 3.53968 0.552357 13.9071 0.8412 0.02
-0.983257 5.55881 0.525941 6.21431 0.976064 0.2
-0.992074 6.51224 -0.59748 6.275 -0.873125 0.16
-1.00367 6.63618 -0.466817 5.91471 -0.0192297 0.02
-0.988086 7.11496 0.605449 4.31913 0.961578 0.1
-0.825461 8.20229 1.16386 6.76616 0.0243665 0.2
-0.692166 9.16592 0.59344 6.22981 -0.962599 0.14
-0.738148 9.79607 -1.13002 0.605227 -0.928093 0.18
