0.0540347 -3.03447 0.0308057 -0.0703745 0 0
0.055719 -3.03385 0.137433 0.130764 0.617487 0.02
-0.0255928 -3.26018 -1.11369 -2.60226 -0.87569 0.16
-0.105672 -3.43211 -1.54545 -3.0522 -0.960296 0.06
-0.428402 -3.89006 -2.45471 -2.3029 -0.947399 0.16
-0.637584 -4.03162 -2.77891 -1.22263 -0.775159 0.08
-1.04423 -4.03713 -1.15449 3.76566 -0.688224 0.14
-1.05419 -3.93946 -0.0181587 5.7364 0.531093 0.02
-1.03978 -3.67938 0.542948 6.90269 0.319841 0.04
-0.990627 -3.2342 1.06235 7.77724 0.804593 0.06
-0.94257 -2.92032 1.31624 7.80848 0.968645 0.04
-0.700426 -1.91737 1.71759 4.31777 0.939339 0.16
-0.317202 -1.56086 2.62151 -0.260146 0.859281 0.18
0.23258 -1.93491 3.42901 -3.59516 0.777213 0.18
0.299753 -2.0112 3.28682 -4.03459 -0.662073 0.02
0.628652 -2.47531 3.29077 -5.10532 0.375492 0.1
0.97444 -2.9655 3.67701 -4.40067 0.635147 0.1
1.03576 -3.81607 -0.390431 -12.2361 -0.0329917 0.08
1.01106 -4.66913 -0.182864 -9.04392 0.117532 0.08
0.919429 -5.76285 -1.10563 -2.0114 -0.82207 0.2
0.776427 -5.89123 -1.27193 -0.247807 -0.0250076 0.12
0.629347 -5.96968 -0.35906 -0.671587 0.684656 0.18
0.671472 -6.20521 0.898194 -2.39473 0.967383 0.16
0.767874 -6.44033 1.513 -3.53254 0.910114 0.08
0.951806 -6.87692 1.55499 -3.92273 0.0941827 0.12
1.00041 -7.45807 -0.227888 -3.5947 0.0622015 0.2
0.996521 -8.49832 0.0578543 -6.47232 0.591447 0.2
1.00093 -9.16832 0.0278654 -6.72695 0.438738 0.1
1.00123 -9.30227 0.00547922 -6.65042 0.732522 0.02
0.999651 -9.80207 0.00175644 -5.60473 -0.261164 0.08
1.001 -10.4278 -0.00626397 -2.12461 0.578796 0.16
