0.157633 -2.33694 -0.055119 0.0582258 0 0
0.0848585 -2.58091 -0.996999 -3.39336 -0.663239 0.14
-0.0674 -3.07928 -1.50285 -4.59765 -0.406158 0.12
-0.4334 -3.91747 -2.4442 -3.83641 -0.919797 0.18
-0.858598 -4.21886 -2.34064 0.310512 -0.177068 0.18
-1.01809 -3.67817 0.27641 5.85342 -0.482605 0.16
-0.909394 -2.75228 1.10051 6.47769 0.750737 0.14
-0.698353 -1.94742 1.32039 2.35156 0.605016 0.18
-0.508355 -1.89278 1.07124 -1.49456 -0.0888785 0.16
-0.487082 -1.92668 1.0555 -1.89384 0.0348079 0.02
-0.445362 -2.01747 1.02784 -2.63542 0.0867307 0.04
-0.226912 -2.77527 1.18194 -4.33498 0.334963 0.2
-0.136577 -3.50786 0.22516 -5.42326 -0.864992 0.14
0.0750594 -3.85646 2.02734 1.09759 0.96439 0.18
0.411697 -3.50017 2.78226 3.7804 0.511724 0.14
0.595335 -3.23597 3.32788 4.93443 0.997222 0.06
0.883949 -2.8182 3.84662 5.26747 0.950257 0.08
0.953619 -3.39195 -1.34329 -6.05979 -0.961112 0.2
0.63481 -4.27608 -1.87359 -2.38949 -0.752511 0.2
0.277094 -4.39839 -2.61836 0.7652 -0.80376 0.16
-0.00378561 -4.23878 -2.9903 2.34658 -0.683513 0.1
-0.191261 -4.0787 -3.2574 2.94722 -0.834023 0.06
-0.773891 -3.57174 -4.06771 2.95909 -0.848167 0.16
-1.07387 -3.0173 0.246323 12.7484 -0.787156 0.1
-1.06416 -2.75636 0.631699 13.1007 0.919882 0.02
-1.01294 -1.63578 0.29575 9.10403 0.950537 0.1
-0.926588 -0.652576 1.08527 3.16937 0.996328 0.16
-0.647082 -0.489447 2.01311 -1.06967 0.470876 0.18
-0.563143 -0.546715 2.18217 -1.78836 0.411693 0.04
-0.518265 -0.586832 2.30489 -2.22108 0.664437 0.02
0.0126818 -1.35406 3.43117 -5.94897 0.971428 0.18
0.14818 -1.60205 3.33682 -6.45625 0.239483 0.04
0.719885 -2.92737 3.14049 -7.4954 0.457338 0.18
1.03594 -4.51612 -0.502996 -10.7385 0.702051 0.18
0.966808 -5.64351 -0.801202 -5.41895 -0.971713 0.14
0.887854 -6.60806 0.000634313 -4.98551 0.541887 0.2
0.887835 -6.70771 -0.00261789 -4.98693 0.10866 0.02
0.913 -7.27789 0.45309 -6.38791 0.810614 0.1
0.95855 -7.83149 0.64622 -7.413 0.958984 0.08
0.971705 -7.98198 0.667776 -7.63332 0.998656 0.02
1.00198 -8.6393 0.0704646 -8.84203 -0.0774688 0.08
0.96793 -9.41446 -0.818734 -10.1722 -0.874458 0.08
0.846393 -10.6184 -0.826852 -6.45397 -0.833581 0.14
0.766224 -11.203 -0.445726 -2.15307 0.0875664 0.14
