0.0366996 2.51214 0.0291406 0.0839853 0 0
0.0571237 2.64212 0.307564 1.96978 0.130463 0.12
0.163986 3.16777 0.822355 3.33614 0.284606 0.18
0.238939 3.47082 0.0181143 0.0251378 -0.365512 0.18
0.205523 3.34958 -0.563733 -1.90935 -0.465662 0.12
0.158882 3.20451 -0.984639 -2.86552 -0.769533 0.06
-0.0474799 2.71498 -1.8976 -3.64978 -0.89974 0.14
-0.418788 2.23612 -2.73488 -2.05468 -0.961119 0.16
-0.651301 2.12216 -3.08357 -0.796253 -0.809796 0.08
-1.03244 2.1578 -2.65927 2.11803 -0.394038 0.12
-0.997175 2.98229 1.2435 8.53661 0.924985 0.12
-0.970757 3.15437 1.39087 8.64079 0.914883 0.02
-0.878818 3.66001 1.62022 7.97759 0.983004 0.06
-0.647817 4.50568 1.76802 4.06077 0.807157 0.14
-0.398063 4.79658 2.44171 0.816177 0.934512 0.12
-0.18402 4.78233 2.90717 -1.12758 0.832278 0.08
0.440525 4.17639 3.24521 -4.61215 0.451669 0.2
0.935345 3.50933 3.89175 -4.41096 0.881775 0.14
1.05417 2.98784 -0.104191 -13.1263 -0.707546 0.06
1.04808 2.72144 -0.430663 -13.3142 0.565901 0.02
1.03867 2.46001 -0.479232 -12.7488 0.916986 0.02
0.98889 0.817135 -0.39839 -5.76072 -0.87745 0.18
0.968264 0.50866 -0.30262 -4.58002 0.210125 0.06
0.769666 0.198171 -1.89162 0.700497 -0.893101 0.18
0.579128 0.229205 -1.29095 -0.125072 0.602003 0.12
0.408818 0.335185 -2.1052 2.1898 -0.861647 0.1
0.0561226 0.819642 -2.88276 4.681 -0.702809 0.14
-0.0593754 1.01539 -2.88715 5.11279 -0.22826 0.04
-0.171156 1.22558 -2.69825 5.4183 0.33121 0.04
-0.741783 2.55574 -2.96953 7.30794 -0.80442 0.2
-1.03837 3.27168 -1.22725 10.8474 -0.649459 0.1
-1.04654 3.77843 0.33404 13.2128 -0.547177 0.04
-0.978297 5.67052 0.596859 5.65441 0.947915 0.2
-0.944224 6.50677 -0.154706 5.32124 -0.619546 0.16
-0.995905 7.33026 -0.507161 6.54887 -0.565736 0.14
-1.00293 8.15025 0.04587 7.44687 -0.878484 0.12
-0.991675 8.46407 0.524142 8.27489 0.772809 0.04
-0.978948 8.63382 0.748781 8.70129 0.604071 0.02
-0.839718 9.85668 0.910048 7.4896 0.104846 0.14
-0.78262 10.5383 0.0183313 2.53444 -0.312038 0.14
