-0.163299 3.09903 0.0624866 0.0389823 0 0
-0.0703378 3.29115 1.23302 2.42654 0.956392 0.14
0.0521791 3.51061 1.81299 2.93063 0.992381 0.08
0.217294 3.74061 2.30404 2.71674 0.989656 0.08
0.590424 4.02594 3.02944 1.25005 0.920799 0.14
1.0539 3.82195 -0.189914 -6.84474 0.302232 0.18
1.04662 3.67795 -0.491198 -7.46309 -0.825193 0.02
1.0351 3.5254 -0.657274 -7.77799 -0.608501 0.02
1.00216 3.20428 -0.968173 -8.18349 -0.769049 0.04
0.981372 3.03984 -1.10376 -8.23115 -0.964021 0.02
0.933686 2.7168 -1.25866 -7.82135 -0.955059 0.04
0.797574 2.04484 -1.47017 -5.46324 -0.99641 0.1
0.416621 1.49187 -2.48166 -0.135665 -0.927774 0.2
0.317579 1.50486 -2.46976 0.775108 0.0399529 0.04
0.266924 1.52491 -2.59529 1.22654 -0.920849 0.02
-0.141249 1.88653 -3.19216 3.74709 -0.768045 0.14
-0.3415 2.13058 -3.48027 4.3311 -0.999171 0.06
-0.558113 2.39966 -3.74598 4.56344 -0.930522 0.06
-0.789255 2.67333 -3.97172 4.46808 -0.729381 0.06
-1.04186 3.94439 0.539846 12.9425 0.290319 0.14
-0.979085 5.60778 0.583817 5.77856 0.997458 0.18
-0.929474 5.88778 1.08863 3.5808 0.917148 0.06
-0.828893 6.10524 1.42312 1.95449 0.357511 0.08
-0.720035 6.3495 0.748043 3.01463 -0.796718 0.1
-0.637177 6.72321 0.625657 3.38187 -0.133068 0.12
-0.570556 7.42364 0.281631 5.40831 -0.378026 0.16
-0.552038 7.77043 0.351228 6.15974 -0.257745 0.06
-0.435856 9.22507 0.701468 7.59745 -0.327395 0.2
-0.407489 9.52178 0.696338 7.14767 0.112112 0.04
-0.383756 9.88065 0.0920772 4.79069 -0.749209 0.06
-0.380211 10.1938 0.00622539 3.02148 0.237822 0.08
