0.0682861 -2.35452 -0.0208616 -0.0375895 0 0
-0.0764499 -2.8605 -1.43945 -4.62023 -0.699109 0.2
-0.296409 -3.48055 -2.14158 -5.2035 -0.798262 0.12
-0.71983 -4.16214 -2.58653 -2.11928 -0.687476 0.18
-1.02179 -4.01122 0.0445276 4.58406 0.872547 0.18
-0.821527 -2.70298 1.68176 7.00008 0.930511 0.2
-0.480037 -1.80043 2.20201 2.82292 0.897486 0.18
-0.00370986 -1.68094 3.11639 -1.33452 0.817747 0.18
0.468679 -2.04053 3.59802 -3.61759 0.682443 0.14
0.687208 -2.27904 3.68413 -4.28666 0.523645 0.06
1.0493 -3.50051 -0.50513 -13.1308 -0.367029 0.16
1.00295 -4.96105 -0.194577 -7.67963 -0.97529 0.14
0.979473 -5.46378 -0.467132 -4.89418 -0.758379 0.08
1.00425 -6.30959 0.575108 -3.9946 0.779859 0.2
0.925096 -6.66724 -0.993656 -0.892444 -0.708377 0.2
0.855296 -6.71243 -1.33053 -0.635541 -0.75455 0.06
0.657045 -6.77277 -1.96779 -0.421347 -0.751754 0.12
0.494048 -6.8278 -2.10741 -0.95872 -0.352673 0.08
0.243766 -7.15219 -1.50679 -3.59343 0.438748 0.14
0.149134 -7.38488 -1.65406 -4.18624 -0.263061 0.06
0.0422931 -7.65547 -1.91682 -4.86245 -0.416838 0.06
-0.213567 -8.34425 -2.40255 -6.66266 -0.0998813 0.12
-0.612614 -9.56417 -1.27027 -3.99002 0.851336 0.2
-0.678782 -9.76105 -0.935335 -2.55758 0.412261 0.06
-0.735712 -9.89376 -0.961804 -1.84749 -0.260238 0.06
