-0.0615364 -0.401293 0.0607265 -0.0507306 0 0
-0.123485 -0.398034 -0.746505 0.0778429 -0.635975 0.18
-0.236317 -0.402451 -1.13397 -0.146552 -0.497092 0.12
-0.527668 -0.386105 -2.09984 0.311997 -0.749989 0.18
-0.918869 -0.327713 -2.79275 0.456789 -0.631433 0.16
-1.03925 -0.663127 0.418882 -7.02327 0.930386 0.1
-0.940209 -2.08917 0.514036 -8.78223 0.887365 0.18
-0.935972 -3.04748 -0.302816 -9.95969 -0.350498 0.1
-0.955413 -3.77283 -0.0937578 -7.8217 -0.28762 0.08
-0.776418 -4.52341 1.62402 -0.543869 0.782224 0.2
-0.552523 -4.30302 0.892928 2.746 -0.667122 0.18
-0.361874 -3.70224 1.87617 5.75883 0.622276 0.14
-0.236051 -3.32823 2.29884 6.59382 0.638366 0.06
0.269672 -2.18489 3.13225 4.93311 0.988569 0.18
0.46168 -1.93361 3.2827 3.44284 0.787444 0.06
0.979747 -1.76868 2.52169 -1.32889 -0.456256 0.18
0.902754 -2.7317 -1.67426 -7.40369 -0.991417 0.2
0.513173 -4.04904 -2.36047 -5.75139 -0.83163 0.18
0.367216 -4.34847 -2.52088 -4.22216 -0.906406 0.06
0.0325979 -4.67047 -3.10394 -1.16528 -0.902201 0.12
-0.161928 -4.69682 -3.38207 0.266519 -0.709777 0.06
-0.69611 -4.4597 -4.21846 2.93409 -0.970635 0.14
-1.04048 -4.17729 -3.57016 5.04941 -0.578114 0.08
-1.05243 -3.37545 0.998914 11.79 0.768165 0.08
-1.00612 -2.90287 1.24867 11.6083 0.97884 0.04
-0.776994 -1.26885 1.32081 4.6864 0.993895 0.2
-0.507069 -0.873536 1.75286 -0.0621081 0.241148 0.18
-0.14729 -1.20691 2.67237 -3.8596 0.722481 0.16
-0.0368158 -1.3764 2.84406 -4.5981 0.819973 0.04
0.199037 -1.79416 3.02703 -5.78897 0.755106 0.08
0.879289 -3.00244 3.99646 -4.95253 0.994733 0.2
1.02484 -4.68136 -0.415108 -10.9352 -0.994699 0.16
1.0069 -5.26856 -0.254748 -8.70057 -0.814275 0.06
0.854372 -6.34993 -1.46635 -2.63774 -0.732032 0.2
0.710704 -6.617 -1.39954 -2.8163 0.0768674 0.1
0.463465 -7.37692 -1.14248 -4.94948 0.199776 0.2
0.193768 -8.30774 -2.32331 -7.03688 -0.58228 0.16
-0.00791028 -8.91372 -2.69952 -7.99556 0.0161007 0.08
-0.0638926 -9.07732 -2.895 -8.34831 -0.783415 0.02
-0.186028 -9.41919 -3.18468 -8.63387 -0.77794 0.04
-0.25065 -9.59105 -3.27019 -8.52104 -0.811781 0.02
-0.90857 -10.8019 -3.39867 -3.30307 -0.695078 0.2
-0.967911 -10.8225 0.911105 2.35481 0.738342 0.2
