0.00773238 0.538876 0.0483794 0.0759075 0 0
-0.0258936 0.739512 -0.504089 2.70708 -0.364851 0.14
-0.0732147 1.00603 -0.662544 3.94494 -0.269562 0.08
-0.170241 1.81689 -0.451732 6.20793 -0.150415 0.16
-0.204998 2.34892 -0.41908 6.99672 -0.569548 0.08
-0.196327 3.14607 0.499793 8.53132 0.786302 0.1
-0.183246 3.58877 -0.0832237 6.14275 -0.655753 0.06
-0.212419 4.32364 -0.0962283 1.27446 0.360292 0.2
-0.216891 4.3554 -0.125503 0.323884 0.0293439 0.04
-0.223467 4.33642 -0.0940794 -0.934405 0.185104 0.06
-0.204864 4.1189 0.394066 -2.56414 0.717334 0.12
-0.150813 3.63929 0.382905 -4.03029 0.213543 0.14
-0.134289 3.28045 0.0501005 -4.78808 -0.372864 0.08
-0.135392 3.08641 -0.0969882 -4.86373 -0.484315 0.04
0.0509865 2.78984 1.90711 1.58005 0.97865 0.2
0.462357 3.29636 3.1708 4.19879 0.912261 0.16
0.870179 3.76204 3.59576 3.29391 0.721099 0.12
1.02477 3.45668 -0.54548 -5.60838 -0.175576 0.14
0.954148 2.96446 -1.16734 -6.41218 -0.941263 0.08
0.658218 1.98016 -1.79503 -2.88003 -0.843354 0.2
0.49728 1.81826 -2.24123 -1.17107 -0.977061 0.08
0.408177 1.79103 -2.2155 -0.201296 -0.0199157 0.04
0.362745 1.791 -2.32774 0.19681 -0.890691 0.02
-0.153157 2.09394 -3.37597 2.8668 -0.976262 0.18
-0.517576 2.41248 -3.91916 3.34819 -0.97059 0.1
-0.676071 2.55056 -4.00779 3.52949 -0.516037 0.04
-0.840199 2.68907 -4.20285 3.36489 -0.77409 0.04
-1.04734 3.50311 0.404415 13.0931 0.365538 0.1
-1.00619 4.97642 0.0952155 7.80986 -0.891297 0.14
-0.923362 5.76129 1.14629 2.03619 0.919841 0.16
-0.830173 6.22567 -0.252058 3.04944 -0.902735 0.2
-0.86062 6.61383 -0.203256 2.76201 0.00223955 0.14
-0.888766 7.0553 -0.192179 3.70119 0.0131434 0.14
-0.90433 7.47912 -0.094347 4.81824 0.00773367 0.1
-0.905384 7.57765 -0.00988729 5.03773 0.3176 0.02
-0.841375 8.27632 1.13678 6.85156 0.861501 0.12
-0.697734 9.25668 0.756167 6.36655 -0.741989 0.14
-0.621258 10.0206 0.149826 2.81293 -0.175059 0.16
