0.0674239 1.47823 0.0538303 0.098561 0 0
0.0765788 1.55635 0.181997 1.8217 0.233196 0.08
0.100198 2.27692 0.144562 5.08323 -0.270014 0.2
0.112299 2.49717 0.462557 5.91787 0.615676 0.04
0.179005 3.03328 1.16809 7.27403 0.813098 0.08
0.462984 4.20965 1.84195 4.76861 0.955095 0.18
0.739966 4.61731 2.18636 1.12802 0.601324 0.14
0.981893 4.61473 2.65194 -1.11803 0.7221 0.1
0.943696 3.83416 -1.09517 -6.00455 -0.502172 0.2
0.598629 2.52129 -2.40016 -6.94998 -0.971934 0.18
0.294453 1.861 -2.72121 -3.97404 -0.961457 0.12
-0.346069 1.57942 -3.75444 0.999788 -0.856554 0.2
-0.8409 1.83862 -4.46577 3.16936 -0.992115 0.12
-0.93095 1.90493 -4.5385 3.45697 -0.782645 0.02
-1.02237 1.97675 -3.79033 4.48953 -0.753228 0.02
-0.940917 3.55326 1.50422 10.5395 0.989827 0.16
-0.711205 4.80932 1.54413 5.16389 0.982673 0.16
-0.389355 5.2231 2.579 0.0852472 0.903519 0.16
-0.0234593 5.03379 3.48282 -3.07704 0.984385 0.12
0.467733 4.43658 3.46402 -5.37854 0.271081 0.14
0.858141 3.47588 2.0914 -8.28501 -0.708344 0.14
0.934189 3.13374 1.73791 -8.70947 -0.920654 0.04
1.02109 2.183 -0.174789 -10.1568 -0.44465 0.1
1.0171 1.98646 -0.209022 -9.47365 -0.892342 0.02
1.00551 1.34742 -0.0808316 -6.57621 0.939711 0.08
0.854187 0.740589 -1.61648 0.381949 -0.980244 0.2
0.611799 0.970759 -2.38597 3.31965 -0.744066 0.12
0.515087 1.11649 -2.44454 3.96233 -0.284191 0.04
0.188937 1.72049 -2.92381 5.94606 -0.920919 0.12
-0.178695 2.49684 -3.22869 6.66616 -0.937612 0.12
-0.613579 3.18348 -4.13788 4.22151 -0.984504 0.12
-1.06234 3.94723 0.402924 11.754 -0.904764 0.14
-0.978792 5.37687 0.687256 5.94118 0.988639 0.16
-0.973787 6.24569 -0.607471 5.56733 -0.984788 0.16
-0.999648 6.77511 0.147028 3.65862 0.600331 0.12
-0.926065 7.27093 0.892254 3.73734 0.64485 0.14
-0.843118 7.60297 1.19594 4.60952 0.386008 0.08
-0.637932 8.6612 1.15833 6.85603 -0.516062 0.18
-0.612351 8.80346 1.40008 7.36729 0.98221 0.02
-0.497786 9.4699 0.780849 5.47567 -0.79776 0.1
-0.372283 10.1582 0.762133 2.80005 0.302512 0.16
