0.154586 -1.4419 -0.0231174 0.0321291 0 0
0.230624 -1.79291 0.802121 -3.63725 0.725306 0.18
0.299373 -2.86773 -0.131338 -6.67925 -0.251364 0.2
0.216432 -3.83147 -0.868572 -6.13755 -0.936965 0.14
0.0840685 -4.44252 -1.09875 -2.59828 -0.669083 0.14
-0.0483362 -4.57095 -1.12893 0.364397 -0.1387 0.12
-0.165438 -4.1354 -0.0954405 4.41159 0.623094 0.18
-0.166597 -3.94615 0.0394608 5.03659 0.0839771 0.04
-0.139956 -3.48252 0.616401 6.43937 0.563574 0.08
-0.126281 -3.35141 0.748059 6.6551 0.627077 0.02
-0.0900176 -3.07687 1.04792 6.98726 0.913528 0.04
-0.0678729 -2.93711 1.16198 6.96615 0.940268 0.02
0.0610009 -2.31387 1.38494 5.24545 0.813338 0.1
0.406021 -1.73081 2.18006 0.602942 0.839703 0.2
0.450442 -1.72322 2.26223 0.157927 0.662944 0.02
0.788347 -1.90467 2.54298 -2.61492 0.403251 0.14
1.03769 -2.25795 0.960909 -6.40571 0.535201 0.1
1.04588 -2.40472 0.00713109 -8.04982 -0.316765 0.02
1.04174 -2.57382 -0.349328 -8.7252 -0.321418 0.02
0.957095 -3.51117 -1.13409 -9.21157 -0.949162 0.1
0.725183 -4.76629 -1.39317 -3.2752 -0.840805 0.2
0.671195 -4.87525 -1.31222 -2.18827 0.210146 0.04
0.409331 -4.88995 -1.95985 1.83071 -0.534358 0.16
0.135234 -4.526 -2.56608 4.07473 -0.878726 0.12
0.0833712 -4.44156 -2.61915 4.36459 -0.709049 0.02
-0.389978 -3.65355 -3.34581 4.90142 -0.964715 0.16
-0.824534 -3.14012 -3.9586 3.30488 -0.648507 0.12
-1.06329 -2.49441 0.474133 11.9208 -0.978037 0.1
-0.969051 -0.925363 0.729884 5.35435 0.999396 0.18
-0.711451 -0.520613 2.19542 -0.598409 0.874474 0.18
-0.13964 -1.10188 3.39594 -4.9087 0.762898 0.2
-0.0712676 -1.20313 3.43943 -5.21401 0.597732 0.02
0.67829 -2.50075 4.00729 -7.09568 0.999431 0.2
1.05862 -3.25434 1.01296 -13.739 0.928338 0.1
1.06565 -3.55428 -0.120281 -15.7551 0.908825 0.02
1.03571 -4.47302 -0.519594 -14.0905 -0.683297 0.06
1.00376 -5.87752 -0.153831 -9.74733 -0.484847 0.12
1.00018 -7.49722 -0.0146776 -8.97792 0.926693 0.18
0.988305 -8.04607 -0.395952 -9.40024 0.294436 0.06
0.80188 -9.54163 -1.98877 -11.2765 -0.654124 0.14
0.595568 -10.9017 -0.354452 -3.10582 0.35906 0.2
