0.105811 -1.7782 -0.0326676 -0.0648302 0 0
0.110945 -1.84929 0.156231 -1.66977 0.420119 0.08
0.123681 -1.98111 0.262889 -2.6966 0.407266 0.06
0.136022 -2.25603 0.0328439 -4.13795 -0.1272 0.08
0.121413 -2.54847 -0.527606 -5.59369 -0.845696 0.06
-0.0126393 -3.35564 -1.5875 -7.23484 -0.97747 0.12
-0.379973 -4.42728 -2.13015 -3.02098 -0.863483 0.2
-0.665607 -4.61437 -2.65751 -0.149004 -0.755892 0.12
-1.01709 -4.41338 -1.29821 3.60369 0.104542 0.14
-1.03184 -4.22763 0.150769 5.38987 -0.310774 0.04
-0.943556 -3.42137 1.29977 7.87204 0.745864 0.12
-0.820208 -2.78294 1.68806 7.66925 0.782589 0.08
-0.488187 -1.77841 2.09109 3.26339 0.870182 0.18
-0.0351879 -1.60038 2.9819 -1.13136 0.790889 0.18
0.0854154 -1.66237 3.04569 -1.95716 0.311448 0.04
0.275968 -1.81226 3.2987 -3.0046 0.767275 0.06
0.8478 -2.44351 3.84139 -4.50326 0.772164 0.16
1.06412 -3.01125 -0.00634837 -12.8867 0.00188604 0.08
1.0002 -5.14314 -0.184476 -6.88869 -0.848371 0.2
0.990578 -5.39136 -0.314587 -5.5243 -0.687069 0.04
0.904035 -6.0562 -0.596763 -1.65219 -0.070311 0.2
0.877833 -6.31273 0.16958 -2.73734 0.774392 0.12
0.76712 -6.48318 -1.35466 0.457247 -0.958958 0.18
0.671863 -6.43282 -1.82062 1.2227 -0.941691 0.06
0.635082 -6.40854 -1.85777 1.20768 -0.292335 0.02
0.411143 -6.49415 -0.650081 -2.01337 0.689883 0.18
0.263694 -6.85727 -0.967725 -2.30096 -0.25802 0.18
0.221568 -6.95021 -1.13755 -2.36275 -0.590817 0.04
0.0336122 -7.2331 -1.98586 -2.52123 -0.980432 0.12
-0.00688927 -7.28547 -2.06466 -2.71778 -0.58214 0.02
-0.19124 -7.53185 -2.55157 -3.49348 -0.829363 0.08
-0.243263 -7.60433 -2.65173 -3.75676 -0.612994 0.02
-0.297852 -7.68195 -2.80807 -4.00944 -0.969554 0.02
-0.47991 -7.94903 -3.27282 -4.92904 -0.857435 0.06
-1.04474 -9.03338 -0.517793 -1.18998 0.837998 0.2
