-0.0831063 -2.0331 0.0321208 0.00375846 0 0
-0.131794 -2.39001 -0.612424 -3.77142 -0.290881 0.18
-0.196799 -2.74498 -1.00819 -5.00472 -0.37475 0.08
-0.44919 -3.69688 -1.62183 -4.52671 -0.564426 0.18
-0.706513 -4.16952 -2.07784 -2.11502 -0.773814 0.14
-0.747919 -4.20697 -2.06372 -1.63207 -0.142132 0.02
-1.0482 -4.15672 0.205365 4.0979 -0.717342 0.16
-1.01553 -3.86215 0.839319 5.64854 0.863626 0.06
-0.948919 -3.48546 1.37279 6.83623 0.748508 0.06
-0.889425 -3.20587 1.58557 7.06488 0.552214 0.04
-0.784512 -2.78284 1.87154 6.84174 0.858853 0.06
-0.404222 -1.88802 2.03887 2.02695 0.562744 0.2
-0.198139 -1.80664 2.09389 -0.338106 0.203306 0.1
0.169256 -2.09702 2.46834 -3.09268 0.493069 0.16
0.218679 -2.16177 2.47345 -3.37858 0.302805 0.02
0.796734 -2.88199 3.39799 -3.04896 0.769285 0.2
1.03701 -3.80666 -0.444188 -10.3643 -0.396828 0.14
0.945036 -5.17068 -0.844177 -3.37868 -0.979984 0.2
0.702523 -5.30161 -1.86582 1.68905 -0.628316 0.18
0.665085 -5.26433 -1.8773 2.0376 -0.00606016 0.02
0.236492 -4.55385 -2.74884 5.49131 -0.875584 0.18
0.123916 -4.3248 -2.87691 5.93738 -0.992318 0.04
0.065814 -4.2043 -2.93329 6.1047 -0.96556 0.02
-0.458918 -3.26138 -3.80477 4.73179 -0.97065 0.16
-0.618588 -3.09449 -4.1835 3.587 -0.985995 0.04
-1.05314 -2.15077 0.601501 11.1759 -0.789161 0.16
-1.02077 -1.55182 0.457434 8.79237 0.965419 0.06
-0.886242 -0.552322 1.35279 2.36763 0.869601 0.18
-0.713009 -0.462091 2.10829 -0.460796 0.74227 0.1
-0.628638 -0.488285 2.10986 -0.847552 -0.096788 0.04
-0.536859 -0.545047 2.4759 -1.97535 0.98765 0.04
-0.257727 -0.850188 3.07635 -4.06156 0.741759 0.1
0.259035 -1.69203 3.26915 -6.3829 0.521199 0.16
0.450253 -2.09919 3.09563 -7.17911 0.314725 0.06
0.806662 -3.00771 2.97084 -7.3846 0.334583 0.12
1.04408 -4.25665 -0.519601 -11.4919 0.674525 0.14
0.988079 -5.48405 -0.499888 -6.21384 -0.823021 0.14
0.987763 -6.38356 0.464257 -5.61605 0.746963 0.16
1.00587 -6.6912 0.0261188 -4.47755 0.174884 0.06
1.00083 -7.5849 -0.00936096 -5.92735 0.831963 0.18
1.00022 -7.83235 -0.0277048 -6.44458 0.462917 0.04
0.744622 -9.51509 -2.42162 -10.09 -0.977803 0.2
0.648017 -9.90128 -2.37977 -9.10905 -0.589995 0.04
0.246374 -11.0194 -1.9065 -2.49442 -0.280154 0.2
