-0.19497 3.09576 -0.0603032 -0.0306906 0 0
-0.196644 3.09426 -0.107017 -0.118671 -0.270778 0.02
-0.192737 3.11693 0.201106 0.653203 0.410392 0.08
-0.260859 3.00187 -0.926103 -1.65438 -0.713576 0.18
-0.470932 2.70192 -1.66699 -1.80679 -0.67645 0.16
-0.817235 2.43749 -2.64425 -1.28995 -0.956116 0.16
-1.04839 2.55127 0.217921 5.54376 -0.0450349 0.12
-1.03134 2.79161 0.550997 6.27264 0.401291 0.04
-0.917419 3.59193 1.20865 6.36455 0.815186 0.12
-0.619885 4.45464 1.86131 2.04425 0.864581 0.2
-0.581627 4.49096 1.96529 1.58837 0.889574 0.02
-0.190112 4.4744 2.92764 -1.64547 0.952931 0.16
0.467175 3.86755 3.6172 -3.9422 0.714472 0.2
0.860495 3.5007 4.28188 -3.1764 0.995296 0.1
1.02917 3.36621 3.41171 -5.24775 -0.243482 0.04
1.04929 2.41115 -0.640468 -12.8505 0.569384 0.08
0.990391 0.646125 -0.331222 -5.34199 -0.566344 0.2
0.855144 0.246816 -1.6252 -0.607852 -0.94818 0.14
0.484799 0.467723 -2.97145 3.22394 -0.91006 0.16
0.293233 0.699301 -3.40067 4.47206 -0.923587 0.06
-0.452961 1.89827 -3.85987 7.29415 -0.790181 0.2
-0.605917 2.19878 -3.78852 7.71206 -0.584578 0.04
-1.04015 4.38798 0.554056 14.6423 -0.873158 0.2
-1.00531 5.84995 0.115267 10.2523 0.306569 0.12
-0.986188 6.76743 0.379113 8.25532 0.0841868 0.1
-0.937068 8.36758 0.362358 9.597 -0.992034 0.18
-0.928297 8.56227 0.513062 9.86929 -0.167632 0.02
-0.905787 8.95997 0.584395 9.92031 -0.635748 0.04
-0.893907 9.15739 0.593679 9.78585 -0.344061 0.02
-0.846608 9.74605 0.89141 9.48926 0.827078 0.06
-0.847473 10.7416 -0.658002 2.29427 -0.545224 0.18
