0.0572646 0.694284 0.0540897 0.00923196 0 0
-0.0127081 1.00931 -0.865837 3.71773 -0.647154 0.16
-0.109646 1.88069 -0.102607 6.15847 0.286704 0.18
-0.0720292 2.59848 0.87371 8.21022 0.64582 0.1
-0.00190425 3.12011 1.4092 8.9559 0.820188 0.06
0.0582313 3.47386 1.56748 8.60728 0.883633 0.04
0.332862 4.56695 1.61473 3.47643 0.675681 0.18
0.393853 4.68249 1.44187 2.32103 -0.444757 0.04
0.68212 4.69745 1.7641 -1.9478 0.279819 0.18
0.796741 4.54654 2.04837 -3.04626 0.813122 0.06
1.03616 4.04515 0.470163 -7.01105 0.633916 0.12
1.00587 3.36276 -0.904559 -9.44948 -0.994226 0.08
0.917054 2.6192 -1.18568 -8.6228 -0.833 0.08
0.724921 1.61986 -1.36038 -3.86286 -0.836956 0.16
0.386338 1.39633 -2.08234 1.39456 -0.530638 0.2
0.0420024 1.79179 -2.78296 4.04338 -0.860058 0.14
-0.0136721 1.87583 -2.78338 4.35853 -0.341467 0.02
-0.305699 2.36305 -3.05789 5.21583 -0.775297 0.1
-0.498327 2.66997 -3.38157 4.90283 -0.964175 0.06
-1.08199 3.58565 0.345775 12.5499 -0.872939 0.18
-1.03023 4.52823 0.500933 10.1602 0.228098 0.08
-0.929606 5.84114 0.965638 3.22144 0.687141 0.2
-0.882263 6.53063 -0.456318 4.90547 -0.978506 0.18
-0.981472 7.22416 -1.12122 6.62093 -0.907374 0.12
-0.991239 8.42982 0.357313 7.59675 -0.405289 0.18
-0.904646 9.28652 1.29712 9.22773 0.62097 0.1
-0.84764 9.65601 1.51752 9.10522 0.906994 0.04
-0.720296 10.5784 0.225835 2.83988 -0.440133 0.16
