0.119074 2.89565 0.0343139 0.062752 0 0
0.0585087 2.81772 -0.884198 -1.04849 -0.833128 0.14
0.0198391 2.77589 -1.04831 -1.03423 -0.607499 0.04
-0.0823348 2.81705 -0.424373 1.47916 0.382376 0.14
-0.0671853 3.15806 0.648106 3.92261 0.972784 0.12
0.168088 3.92149 1.61246 2.90669 0.83874 0.2
0.295907 4.08395 1.59495 1.1789 0.236459 0.08
0.611908 4.09646 2.36024 -0.930091 0.817363 0.16
1.01607 3.79135 2.20467 -3.57112 0.46499 0.16
0.966578 2.36925 -0.627079 -6.91493 -0.721235 0.18
0.782281 1.52475 -1.40582 -1.51563 -0.93603 0.2
0.753165 1.49968 -1.50643 -0.993539 -0.736215 0.02
0.486382 1.59693 -2.28707 2.23047 -0.816816 0.14
0.340384 1.76354 -2.57096 3.28521 -0.842068 0.06
0.288754 1.8326 -2.59104 3.61822 -0.395494 0.02
-0.244974 2.62079 -3.37498 4.50228 -0.895389 0.18
-0.94802 3.21562 -4.52149 1.59718 -0.762175 0.18
-1.05706 4.09193 0.753887 11.4508 -0.410021 0.1
-1.0107 4.87321 0.473683 8.19986 0.892243 0.08
-0.912835 5.67439 1.12176 3.26938 0.812404 0.14
-0.834803 5.90692 0.82664 2.63897 -0.560584 0.08
-0.788161 6.26727 -0.0638344 3.55955 -0.923742 0.12
-0.74433 6.69323 0.570549 2.19444 0.42842 0.16
-0.584794 7.21265 1.02747 3.3069 0.332413 0.2
-0.425967 7.67429 1.64528 4.51406 0.606745 0.12
-0.178893 8.32692 2.53223 6.50239 0.617531 0.12
0.538098 9.98587 4.19122 8.21215 0.931865 0.2
0.855717 10.5234 3.79126 5.30547 0.157304 0.08
1.03626 10.7554 0.902343 1.69334 -0.646844 0.06
