0.115918 1.74496 -0.0651124 -0.0275728 0 0
0.117063 1.78563 0.105613 1.36268 0.334831 0.06
0.183838 2.19469 0.900769 4.44562 0.575745 0.14
0.234561 2.47445 0.784627 4.81007 -0.55771 0.06
0.503189 3.5786 1.97317 6.19445 0.811644 0.18
0.673778 4.03242 0.280738 -0.046762 -0.986643 0.16
0.689575 3.77769 -0.0930839 -2.94188 -0.11933 0.16
0.687697 3.71709 -0.0944043 -3.11331 0.169816 0.02
0.560283 2.95761 -1.40357 -5.67283 -0.907086 0.16
0.431707 2.52031 -1.78075 -5.05645 -0.959676 0.08
0.136609 1.99867 -1.97206 -1.48245 -0.510848 0.16
-0.0352621 1.941 -2.32935 0.0185077 -0.775615 0.08
-0.082839 1.94483 -2.42833 0.362175 -0.825152 0.02
-0.130898 1.95671 -2.37742 0.822743 0.209726 0.02
-0.583131 2.24858 -3.2654 2.57843 -0.943185 0.16
-1.0502 3.13866 0.381547 11.4681 -0.512894 0.18
-0.998648 4.60886 0.175922 6.35336 0.760229 0.16
-0.916064 5.25378 0.840844 0.300131 0.539045 0.2
-0.856596 5.224 0.643002 -1.01941 -0.467074 0.08
-0.84386 5.20003 0.630124 -1.37618 -0.193241 0.02
-0.69128 4.77678 1.47585 -4.43612 0.913099 0.14
-0.403499 3.9082 2.09844 -5.96907 0.996089 0.16
-0.2462 3.20066 1.10357 -7.87132 -0.885466 0.1
-0.191533 2.72828 0.770444 -7.63945 -0.995377 0.06
-0.0985541 1.8886 0.510028 -4.18835 -0.856186 0.14
-0.06907 1.5591 -0.258491 0.402164 -0.716762 0.18
