-0.170221 3.08976 0.0949001 0.0683739 0 0
-0.174053 3.07382 -0.220336 -0.579867 -0.594672 0.06
-0.310014 2.80971 -1.43298 -2.34715 -0.943132 0.16
-0.551979 2.52278 -2.00993 -1.58181 -0.705017 0.14
-0.806602 2.42432 -2.23952 -0.0776327 -0.445914 0.12
-0.850427 2.42755 -2.1432 0.397657 0.403761 0.02
-0.9907 2.45609 -2.53304 0.542661 -0.983107 0.06
-1.03622 2.59098 -0.0764341 5.5508 0.660874 0.04
-0.918852 3.68564 1.17156 6.62304 0.940985 0.16
-0.638396 4.54246 1.76513 1.84459 0.832038 0.2
-0.243833 4.50801 2.61424 -2.02312 0.755885 0.18
-0.135718 4.41372 2.78887 -2.67565 0.790126 0.04
0.43543 3.76631 3.56374 -4.01031 0.849392 0.18
0.507861 3.68703 3.6807 -3.90811 0.938769 0.02
0.981076 3.26589 4.24944 -2.83213 0.653522 0.12
1.05619 2.69219 -0.384405 -12.7074 0.93936 0.06
0.977273 0.858868 -0.586841 -5.3889 -0.983782 0.2
0.87769 0.504 -1.44671 -1.76464 -0.951996 0.1
0.593571 0.540772 -2.59051 2.10851 -0.838868 0.14
0.43742 0.685317 -2.61222 2.72216 -0.00470275 0.06
0.143092 1.06818 -3.22933 4.83448 -0.881257 0.1
-0.3389 1.89599 -3.5666 6.82677 -0.852905 0.14
-0.555296 2.31998 -3.65437 7.22624 -0.915796 0.06
-1.06939 3.63076 0.196362 15.09 -0.892541 0.16
-1.02753 4.76059 0.427643 12.411 -0.718734 0.08
-1.00115 6.66832 0.0161 7.95856 -0.782792 0.2
-1.00046 7.30661 0.00450975 8.13659 -0.894976 0.08
-0.927121 8.90123 0.828491 9.66236 -0.368362 0.18
-0.867204 9.48824 1.08235 9.58982 0.323778 0.06
-0.844767 9.67821 1.15234 9.37135 0.880517 0.02
-0.682656 10.8875 0.671018 2.93925 0.306435 0.2
