-0.0699654 -2.00648 0.0131418 -0.0627277 0 0
-0.182472 -2.50529 -1.20852 -4.73532 -0.602955 0.2
-0.522086 -3.58298 -2.34577 -6.00079 -0.790958 0.18
-0.826834 -4.10363 -1.16161 -0.18046 0.490561 0.18
-0.959805 -3.67371 -0.131936 4.19009 0.457607 0.2
-0.923687 -3.14422 0.815017 6.11258 0.99276 0.1
-0.710265 -2.15627 1.26187 3.06729 0.655329 0.2
-0.35587 -1.92049 2.32253 -0.630961 0.917106 0.2
0.0743471 -2.20896 3.03874 -2.74327 0.797821 0.16
0.637328 -2.6673 4.03757 -2.58264 0.99019 0.16
0.982554 -2.84313 4.60307 -1.7436 0.939776 0.08
1.06246 -3.38935 -0.447073 -12.7364 0.902542 0.06
1.05138 -3.64328 -0.605904 -12.5114 -0.989924 0.02
1.01414 -4.51503 -0.296983 -9.22025 -0.982285 0.08
0.958048 -5.44627 -0.755187 -4.11214 -0.952297 0.14
0.895183 -6.06713 0.136559 -2.70952 0.642953 0.2
0.922192 -6.29654 0.544262 -3.10524 0.648824 0.08
1.00836 -6.70345 0.719035 -3.44913 0.376198 0.12
1.00877 -6.93235 -0.127977 -2.46334 0.790076 0.1
0.96758 -7.18592 -0.691441 -2.71855 -0.770306 0.1
0.905909 -7.44137 -0.86177 -3.68896 -0.27539 0.08
0.658815 -8.18569 -2.30923 -5.95847 -0.997395 0.16
0.205877 -9.34069 -3.25349 -7.90559 -0.327695 0.16
-0.311802 -10.291 -1.97202 -1.59156 0.389121 0.2
