0.130759 1.99429 0.0277218 -0.0375304 0 0
0.221813 2.32096 1.1571 4.02261 0.762901 0.16
0.246364 2.40575 1.29877 4.45412 0.615944 0.02
0.468317 3.09564 2.35318 6.68224 0.864455 0.12
0.723658 3.72797 1.29769 2.27752 -0.559891 0.14
0.867044 3.89506 1.57394 1.0428 0.576715 0.1
1.01261 3.95482 1.6788 -0.189999 0.981714 0.08
1.03184 3.92434 0.422116 -2.55597 0.208374 0.02
0.922736 3.11503 -1.39348 -6.42145 -0.913844 0.16
0.893461 2.98567 -1.53003 -6.49386 -0.994356 0.02
0.606003 2.11419 -2.02862 -3.90118 -0.86754 0.16
0.233637 1.78102 -2.68186 -0.315066 -0.787505 0.16
-0.127379 1.88143 -3.326 1.88533 -0.877775 0.12
-0.817602 2.54614 -3.55283 4.30169 -0.416192 0.2
-1.04196 3.74674 0.556079 12.2858 -0.0189183 0.14
-1.01676 4.40688 0.274486 9.71263 -0.84839 0.06
-0.951491 5.55841 0.83119 3.18517 0.874539 0.18
-0.607483 5.54679 2.57212 -2.90597 0.930026 0.2
-0.383705 5.24819 2.99602 -4.50557 0.759139 0.08
0.139649 4.32302 3.43154 -6.82316 0.87101 0.16
0.706047 3.20532 3.86068 -6.11207 0.742533 0.16
1.03905 1.85901 -0.484975 -11.0441 -0.319785 0.16
0.97288 0.355002 -0.530538 -4.47402 -0.436359 0.2
0.84279 0.0456935 -1.62564 -0.940756 -0.919589 0.12
0.37982 0.199326 -2.9868 2.37296 -0.75801 0.2
-0.0904496 0.675067 -3.70006 4.45811 -0.642476 0.14
-0.165686 0.768022 -3.82162 4.83429 -0.910931 0.02
-0.835048 1.75118 -4.39757 7.22628 -0.996056 0.16
-1.06003 2.51212 0.0803461 13.5976 -0.590984 0.08
-1.04023 3.08045 0.76271 14.4639 0.976291 0.04
-0.969476 4.55779 0.258392 9.6669 0.990912 0.12
-0.932013 5.44808 0.58255 5.19241 0.997427 0.12
-0.910347 6.23226 -0.337273 4.16614 -0.675904 0.18
-0.929375 6.40667 -0.613755 4.5755 -0.855559 0.04
-0.941101 6.49614 -0.559356 4.38147 0.193619 0.02
-0.961979 6.6674 -0.486129 4.21351 0.118423 0.04
-0.916703 7.39242 0.895529 3.79722 0.828654 0.2
-0.810373 8.08468 0.705034 5.98129 -0.508548 0.14
-0.708555 8.76641 1.34775 7.62922 0.245442 0.1
-0.656053 9.06866 1.25791 7.39893 -0.637674 0.04
-0.500009 9.82863 1.7324 7.20919 0.741271 0.1
-0.370001 10.3138 1.53129 4.899 0.306802 0.08
-0.305745 10.4927 1.68611 4.03386 0.989754 0.04
-0.17724 10.7235 1.55233 1.79477 0.0444472 0.08
