0.181278 -1.1981 -0.0257694 -0.0615802 0 0
0.044539 -1.52127 -1.38902 -3.20692 -0.993331 0.2
-0.119021 -1.93199 -1.91788 -5.03271 -0.489549 0.1
-0.715967 -3.37839 -3.87111 -8.43968 -0.955719 0.2
-1.03038 -3.99036 -3.2406 -5.52741 -0.894198 0.08
-0.910321 -3.60645 1.54474 4.53147 0.625703 0.2
-0.510537 -2.60112 2.68947 5.41737 0.885062 0.18
-0.182675 -2.10775 2.8072 2.76768 0.562963 0.12
0.244154 -1.92219 3.31598 -0.0590581 0.701125 0.14
0.876164 -2.21815 3.67998 -2.98076 0.469394 0.18
1.06724 -2.67257 -0.242103 -10.5901 0.951231 0.08
1.02786 -3.34154 -0.847078 -11.0666 -0.87323 0.06
0.86625 -4.91934 -0.984822 -4.53694 -0.971335 0.2
0.822277 -5.07456 -1.22418 -3.22393 -0.945894 0.04
0.420471 -5.09654 -2.78411 2.67502 -0.98019 0.2
0.137718 -4.74018 -2.83759 4.41067 -0.234562 0.1
-0.157924 -4.22695 -3.04898 5.74375 -0.744045 0.1
-0.799352 -3.0576 -3.61128 4.61012 -0.57455 0.2
-1.0526 -2.22257 0.491537 10.8596 -0.0630914 0.12
-1.04192 -2.01161 0.542801 10.187 0.959592 0.02
-0.9345 -0.710887 0.956753 3.04233 0.757669 0.2
-0.830304 -0.243292 0.0615852 2.12312 -0.653896 0.2
-0.822954 -0.176146 0.304327 1.25619 0.568212 0.04
-0.786382 -0.0893181 0.42068 0.547485 0.0686858 0.1
