-0.130929 1.96325 0.0927895 -0.0340564 0 0
-0.190457 2.20033 -0.739922 2.41373 -0.783064 0.18
-0.204815 2.25214 -0.695403 2.76526 0.0759497 0.02
-0.229614 2.9594 0.373207 5.69986 0.600381 0.16
-0.208503 3.19635 0.669854 6.07861 0.897765 0.04
-0.0883388 3.9441 0.991497 4.15247 0.672046 0.14
-0.0158424 4.20537 0.105494 -0.177321 -0.589904 0.14
-0.0297658 4.10433 -0.460468 -2.31413 -0.788474 0.08
-0.143884 3.64685 -1.46977 -5.23211 -0.815555 0.12
-0.2786 3.193 -1.86263 -5.90281 -0.477676 0.08
-0.355411 2.95949 -1.96628 -5.70979 -0.49213 0.04
-0.39574 2.84582 -2.0639 -5.64144 -0.879157 0.02
-0.722946 2.20081 -2.05638 -2.30209 -0.384531 0.16
-0.986216 2.18601 -1.25072 1.91437 0.478194 0.16
-1.01653 2.48616 0.288591 5.20952 0.855505 0.08
-0.962933 2.9719 1.02856 6.76943 0.865196 0.08
-0.940743 3.10946 1.1862 6.96638 0.927525 0.02
-0.796617 3.78626 1.61362 6.12482 0.931048 0.1
-0.500785 4.47781 2.16686 2.42609 0.91104 0.16
-0.20193 4.6004 2.83108 -0.327077 0.89048 0.12
-0.145613 4.58928 2.80047 -0.782553 -0.147793 0.02
0.305376 4.30676 3.61515 -3.05517 0.981544 0.14
1.03504 3.65063 3.68682 -5.40889 0.931307 0.18
1.07638 3.47389 0.855443 -11.4143 -0.879473 0.02
1.07976 3.21688 -0.316089 -13.8093 0.1476 0.02
1.06863 2.93391 -0.700324 -14.2339 -0.956024 0.02
1.00142 1.17228 -0.231554 -7.77841 -0.991984 0.16
0.876486 0.335004 -1.35451 -1.71275 -0.786927 0.18
0.645078 0.342712 -2.48637 1.69761 -0.97657 0.12
0.540188 0.426916 -2.756 2.50793 -0.740695 0.04
0.294812 0.699613 -3.3574 4.2669 -0.927498 0.08
0.0114126 1.09534 -3.69576 5.58662 -0.771621 0.08
-0.535589 2.01556 -4.03538 7.36807 -0.987549 0.14
-1.05614 4.15233 0.722241 16.2547 -0.99366 0.2
-1.03115 4.76204 0.500982 14.2612 0.865831 0.04
-1.02237 5.03853 0.379271 13.4078 0.819921 0.02
-1.01591 5.2992 0.271734 12.6776 -0.531916 0.02
-1.01132 5.5463 0.191729 12.0464 -0.810951 0.02
-1.00098 7.04611 0.0353973 10.0639 -0.890483 0.14
-0.982607 7.84454 0.459528 10.0814 -0.557381 0.08
-0.811946 9.88712 0.484608 7.96433 -0.502252 0.2
-0.831087 10.5992 -0.619964 2.60233 -0.489044 0.14
