-0.0626745 2.00883 0.0400121 0.0548009 0 0
0.0479055 2.4927 1.1303 4.57448 0.51992 0.2
0.0720009 2.58826 1.27927 4.97683 0.646047 0.02
0.160721 2.91516 1.66518 5.82583 0.583177 0.06
0.531524 3.92619 2.29366 4.38896 0.730979 0.18
0.92611 4.24822 1.74087 -0.84241 -0.120777 0.2
0.953239 3.3809 -1.11418 -6.97792 -0.899795 0.2
0.809203 2.66449 -1.6527 -6.80159 -0.892639 0.1
0.508792 1.84762 -2.16639 -3.20878 -0.952641 0.16
0.215987 1.65985 -2.05318 0.382953 -0.00129148 0.14
-0.294835 2.09992 -2.99818 3.62108 -0.834222 0.2
-0.823053 2.73812 -3.65715 3.83955 -0.778907 0.16
-1.04346 3.89852 0.58677 11.8496 0.437842 0.14
-1.02356 4.33805 0.392018 10.1134 0.502012 0.04
-0.94768 5.55127 0.861419 3.49814 0.890629 0.18
-0.930492 5.61717 0.858071 3.09674 -0.138759 0.02
-0.87864 6.13621 -0.311857 3.15236 -0.872309 0.18
-1.00292 6.83691 -0.764165 3.94556 -0.413022 0.2
-0.965682 7.39139 0.651657 3.61357 0.578497 0.18
-0.951335 7.46539 0.783536 3.79049 0.821534 0.02
-0.867473 8.03803 0.6722 5.68158 -0.429319 0.12
-0.821492 8.40561 0.870254 6.56084 -0.106737 0.06
-0.57871 9.83109 1.19753 6.01968 0.0938907 0.2
-0.430845 10.4221 0.966885 2.44505 0.215475 0.14
