-0.142304 -1.81733 -0.0898998 0.0912542 0 0
-0.148406 -1.85205 -0.115138 -1.22666 0.0270197 0.06
-0.236579 -2.26265 -1.20132 -4.63 -0.843605 0.14
-0.311366 -2.56047 -1.28737 -5.2351 0.130522 0.06
-0.444637 -3.0453 -2.01478 -6.69273 -0.898404 0.08
-0.706287 -3.80108 -0.897916 -1.5783 0.43246 0.18
-0.992692 -3.95643 -1.96927 0.0630735 -0.876312 0.2
-1.02117 -3.9341 -0.730381 2.41031 0.656981 0.02
-0.986806 -3.37437 0.767092 5.76228 0.635397 0.12
-0.848397 -2.64638 1.42629 5.75148 0.865876 0.12
-0.547707 -1.92771 1.98075 2.06969 0.811598 0.18
-0.0399048 -1.91132 3.1047 -1.70225 0.924562 0.2
0.498848 -2.35567 3.61323 -3.56694 0.667876 0.16
0.957589 -2.79292 4.067 -3.43964 0.667118 0.12
1.07867 -3.27807 -0.352735 -13.2116 0.583146 0.06
0.994596 -5.18456 -0.370794 -7.09722 -0.986688 0.18
0.986991 -5.31997 -0.394578 -6.44588 -0.507177 0.02
0.872244 -5.96642 -1.12992 -1.89224 -0.493312 0.16
0.795003 -6.46907 0.29127 -4.00464 0.951778 0.18
0.801635 -6.5507 0.371738 -4.16348 0.520489 0.02
0.906149 -7.27272 1.0404 -6.13612 0.758497 0.14
0.92626 -7.39659 0.969599 -6.25671 -0.0523491 0.02
0.97388 -8.05441 -0.0487051 -7.16189 -0.838622 0.1
1.00494 -9.37206 0.223425 -7.16216 0.989689 0.18
1.0069 -9.66487 -0.0445233 -7.23767 -0.287048 0.04
1.00059 -10.5971 -0.0077861 -2.83676 -0.0877339 0.18
