0.0800337 1.4867 0.0646154 0.00811195 0 0
0.0961379 1.64448 0.224141 2.55 0.168137 0.12
0.10023 1.69918 0.18602 2.91765 -0.407794 0.02
0.0905747 2.15067 -0.325182 4.41609 -0.861424 0.12
0.0708914 2.43469 -0.332785 4.9941 -0.358473 0.06
0.0894532 3.05057 0.667808 7.06328 0.960021 0.1
0.205769 3.93544 0.89469 4.97072 0.613411 0.14
0.245298 4.20664 0.133726 1.94788 -0.891235 0.08
0.251768 4.26704 0.192416 1.07869 0.387151 0.04
0.274536 4.28955 0.37963 -0.483622 0.459265 0.08
0.228757 3.71201 -0.914409 -5.10791 -0.627994 0.2
0.209502 3.60716 -1.01015 -5.36827 -0.329259 0.02
-0.149304 2.35299 -2.27525 -5.48184 -0.991509 0.2
-0.6419 1.75021 -2.77564 -0.634241 -0.658727 0.2
-0.95899 1.91043 -1.73033 2.85046 0.934501 0.14
-1.00568 2.52545 0.550162 6.89553 0.741854 0.12
-0.846992 3.60742 1.47015 7.44885 0.845838 0.14
-0.592267 4.48635 1.80099 3.41006 0.852748 0.16
-0.242621 4.70529 2.61343 -0.570261 0.818916 0.16
-0.083075 4.63204 2.70002 -1.84784 0.268045 0.06
0.278987 4.28977 3.30779 -3.69246 0.922344 0.12
0.617265 3.86402 3.45674 -4.67805 0.540189 0.1
1.03883 2.53547 -0.428345 -12.5808 0.607106 0.18
0.975021 0.799469 -0.607087 -4.90037 -0.995967 0.2
0.762552 0.473947 -2.0844 0.597771 -0.973699 0.16
0.51112 0.668537 -2.92056 3.20591 -0.931597 0.1
0.388975 0.814102 -3.18028 4.05842 -0.861668 0.04
0.32519 0.897706 -3.19708 4.30277 -0.228915 0.02
-0.0928891 1.54267 -3.69143 6.30443 -0.931949 0.12
-0.312973 1.94394 -3.63303 7.05644 -0.570439 0.06
-0.844678 2.94519 -4.13027 6.42703 -0.937066 0.14
-1.04663 4.27334 0.569306 14.1133 -0.753514 0.12
-1.00082 5.85222 0.263908 8.85335 0.649139 0.14
-0.955718 6.44816 0.905727 6.17242 0.794134 0.08
-0.871031 7.73638 0.259086 8.1023 -0.929901 0.18
-0.848548 8.41539 0.31132 8.82544 -0.940563 0.08
-0.679132 10.2265 0.752901 6.9268 0.317445 0.2
-0.666803 10.7556 -0.428182 2.2794 -0.885717 0.12
