0.174871 -1.42103 0.0278089 0.00489093 0 0
0.0825058 -1.82358 -1.03032 -3.98849 -0.689524 0.2
0.0117768 -2.0969 -1.33954 -5.12174 -0.364669 0.06
-0.203196 -2.92652 -1.66808 -6.26291 0.0211845 0.14
-0.360714 -3.45378 -2.20561 -6.59197 -0.952444 0.08
-0.703159 -4.18596 -1.69397 -1.66275 -0.0557407 0.18
-0.814941 -4.25642 -2.03504 -0.689049 -0.963226 0.06
-1.03071 -4.07478 0.0926591 4.47307 0.0563941 0.14
-0.877101 -3.0495 1.7185 7.67844 0.994817 0.16
-0.84163 -2.8965 1.82316 7.59656 0.971414 0.02
-0.603653 -2.11071 2.12082 5.18668 0.951187 0.12
-0.160071 -1.59438 2.91935 0.599398 0.875793 0.18
0.221377 -1.68529 3.42598 -2.01059 0.665677 0.12
0.290963 -1.72913 3.53186 -2.3696 0.898162 0.02
0.362397 -1.78 3.6108 -2.71348 0.740046 0.02
0.507429 -1.90252 3.63713 -3.40123 0.329963 0.04
0.580639 -1.97342 3.68317 -3.68418 0.612647 0.02
0.803369 -2.21835 3.73707 -4.43973 0.467916 0.06
1.07396 -2.90983 -0.314801 -13.0297 0.90818 0.1
0.996669 -4.71112 -0.254866 -8.14851 -0.993988 0.16
0.977956 -5.13512 -0.418719 -5.98956 -0.999273 0.06
0.926396 -5.58342 -0.670855 -3.04554 -0.348362 0.1
0.911989 -6.08449 0.539539 -2.99733 0.912308 0.18
0.97373 -6.36728 0.705162 -2.7976 0.265271 0.1
0.9886 -6.4246 0.782039 -2.93856 0.468433 0.02
1.00569 -6.48655 0.738011 -2.8162 0.840048 0.02
0.928928 -6.58693 -1.14992 0.481357 -0.96064 0.18
0.683122 -6.52528 -1.58667 0.26979 -0.37724 0.18
0.471997 -6.48649 -1.93343 0.394605 -0.416152 0.12
0.349153 -6.45624 -2.16176 0.618747 -0.510813 0.06
0.307735 -6.44907 -1.98043 0.102542 0.904215 0.02
-0.0229507 -6.54941 -1.69619 -1.21542 0.103786 0.18
-0.404666 -6.69165 -2.52406 -0.550954 -0.625399 0.18
-0.860272 -6.78287 -3.1635 -0.661223 -0.607649 0.16
-1.00154 -8.01821 0.279663 -8.84723 0.981346 0.2
-1.00263 -9.30813 0.0258554 -8.87448 -0.946584 0.14
-0.823293 -10.3429 1.6939 -1.61111 0.628197 0.2
