0.167983 -0.803232 -0.0622495 -0.0974162 0 0
0.142465 -0.829933 -0.575719 -0.569537 -0.980566 0.08
0.106044 -1.36722 0.0958965 -4.54209 0.439363 0.2
-0.0299933 -2.60574 -1.59517 -8.13639 -0.636438 0.2
-0.284381 -3.65339 -2.39206 -8.2856 -0.942586 0.12
-0.547542 -4.42737 -1.51119 -3.12916 0.21653 0.14
-0.73447 -4.57562 -0.86231 1.05752 0.474462 0.16
-0.950696 -4.01549 -1.23874 4.1814 -0.467087 0.2
-1.01628 -3.59076 0.00512693 7.07081 -0.416983 0.08
-1.01478 -3.44678 0.120926 7.26393 -0.838442 0.02
-1.0108 -3.29911 0.272582 7.48255 0.750092 0.02
-0.886318 -2.07469 0.938842 5.00597 0.94346 0.18
-0.654622 -1.59151 1.7413 0.424351 0.847233 0.18
-0.451621 -1.66169 2.31064 -1.75272 0.859733 0.1
0.0179329 -2.24089 2.85463 -4.3353 0.665336 0.18
0.614951 -2.97192 3.89611 -3.01894 0.885224 0.18
0.77762 -3.07549 4.23955 -2.14581 0.964045 0.04
1.08723 -3.30896 0.817685 -9.88981 0.82703 0.08
1.08922 -3.53545 -0.403103 -12.2081 0.0622885 0.02
1.07627 -3.78389 -0.791331 -12.392 -0.773909 0.02
0.974856 -5.2647 -0.69542 -6.219 -0.987811 0.16
0.983099 -6.24376 0.755421 -5.48427 0.973105 0.18
1.00545 -6.78624 -0.0860209 -3.45175 0.343105 0.14
1.00066 -7.57165 -0.00354785 -5.44748 0.86133 0.18
0.997163 -8.75489 -0.0426573 -7.37873 0.610021 0.18
0.981049 -9.36551 -0.288024 -7.56886 -0.114761 0.08
1.00756 -10.3426 -0.00641974 -2.89339 0.241663 0.2
