-0.0750404 1.64103 0.0341386 -0.0425119 0 0
-0.067372 1.9091 0.102254 3.24652 -0.0382049 0.16
-0.0295753 2.62325 0.385493 5.38441 -0.0744823 0.16
0.0763747 3.37817 1.26849 6.59277 0.851436 0.12
0.363641 4.31884 1.65175 2.47978 0.689671 0.2
0.678151 4.43874 2.3015 -0.87008 0.709585 0.16
1.02074 4.03239 0.811191 -5.62335 0.0153411 0.16
1.02697 3.76026 -0.214288 -7.52656 -0.903653 0.04
0.92977 2.74922 -1.18299 -8.38548 -0.96469 0.12
0.689973 1.65391 -1.60546 -3.58232 -0.957291 0.18
0.475753 1.42293 -2.00244 -0.338943 -0.53476 0.12
0.250169 1.5094 -2.49756 1.98902 -0.706886 0.1
-0.354359 2.23415 -3.47568 4.71968 -0.953144 0.2
-0.423825 2.33065 -3.47112 4.92404 -0.358452 0.02
-0.493587 2.43022 -3.50598 5.0242 -0.588055 0.02
-1.0624 3.51026 0.148092 13.0278 -0.62525 0.18
-1.05499 3.77406 0.510491 13.1427 0.783758 0.02
-0.997006 5.37829 0.318275 7.00012 0.842139 0.16
-0.865975 6.15261 1.2347 2.01437 0.545765 0.18
-0.666634 6.42426 1.23524 1.61664 -0.0235463 0.16
-0.586284 6.50952 1.43925 1.26103 0.409307 0.06
-0.55725 6.53485 1.46386 1.27442 0.194639 0.02
-0.528188 6.56162 1.44225 1.40398 -0.0553617 0.02
-0.498501 6.58866 1.52604 1.30423 0.536877 0.02
-0.175794 6.7086 2.48803 0.363433 0.797411 0.16
0.0446079 6.84875 1.93221 2.3929 -0.526084 0.1
0.124662 6.94643 2.06977 2.50685 0.495824 0.04
0.212718 7.04588 2.33149 2.48706 0.893783 0.04
0.420487 7.39708 1.86196 4.45945 -0.627299 0.1
0.49845 7.58358 2.04031 4.88024 0.413869 0.04
0.746229 8.40766 1.55768 6.62093 -0.978092 0.14
0.893852 9.08242 1.32413 6.50306 -0.707174 0.1
0.92105 9.21336 1.39227 6.57373 0.28091 0.02
0.949404 9.34467 1.4393 6.53843 0.285805 0.02
0.979396 9.47634 1.55583 6.6083 0.790174 0.02
1.00283 9.83634 -0.401146 0.525262 -0.194123 0.14
