-0.00116541 -3.07352 -0.0395879 -0.0879606 0 0
0.0212213 -3.03064 0.480297 0.884612 0.604743 0.1
0.0313755 -3.04773 -0.26804 -1.14311 -0.774408 0.1
0.0951547 -2.99653 1.04002 1.56751 0.927929 0.16
0.389662 -2.61832 2.17703 2.16988 0.894248 0.18
0.580894 -2.46228 2.60068 1.68056 0.887255 0.08
0.849328 -2.45646 1.88449 -1.46176 -0.53416 0.12
1.04205 -2.78224 -0.163586 -6.76799 0.884749 0.12
1.03628 -2.92244 -0.364066 -7.13027 0.693842 0.02
0.982356 -3.51496 -0.901135 -7.29405 -0.997694 0.08
0.814003 -4.40262 -1.25744 -3.579 -0.852542 0.16
0.680639 -4.62983 -1.00484 -0.334679 0.159546 0.12
0.62461 -4.60747 -0.861498 1.05848 0.298321 0.06
0.544344 -4.24862 -0.237061 4.02151 0.455459 0.14
0.542406 -4.0682 0.146727 5.00562 0.930011 0.04
0.547374 -3.96307 0.351534 5.50747 0.921672 0.02
0.591705 -3.27348 0.307136 5.52581 -0.259908 0.12
0.580857 -2.8607 -0.541206 2.62173 -0.781028 0.1
0.29404 -2.91854 -2.28474 -2.77502 -0.879194 0.2
-0.207275 -3.55168 -3.18652 -3.5277 -0.701847 0.18
-0.689455 -3.94797 -3.69866 -1.96343 -0.755121 0.14
-1.04438 -3.90861 -0.598878 5.08001 0.8452 0.12
-0.950632 -2.86655 1.23576 7.96992 0.938381 0.14
-0.713294 -1.81587 1.4782 3.46428 0.763476 0.18
-0.403724 -1.58405 2.43696 -0.482879 0.954593 0.16
-0.304937 -1.62101 2.50078 -1.35486 0.27527 0.04
0.135945 -2.0689 2.96011 -4.0081 0.607851 0.16
0.521079 -2.58752 3.48589 -4.3336 0.876455 0.12
1.06526 -3.5899 -0.500505 -12.9832 0.992721 0.18
1.02999 -4.31793 -0.483736 -10.884 -0.902116 0.06
0.945812 -5.73504 -0.874949 -3.53533 -0.803461 0.2
0.904788 -5.94183 -0.489569 -3.42324 0.861661 0.06
0.814236 -6.13909 -1.31336 -0.674653 -0.813314 0.1
0.7197 -6.13597 -1.83433 0.747759 -0.914756 0.06
0.590007 -6.10664 -1.41214 0.0206113 0.607487 0.08
0.459021 -6.10783 -1.20804 -0.0419948 0.270119 0.1
0.412935 -6.11138 -1.09639 -0.135038 0.354557 0.04
0.321482 -6.14617 -0.732726 -0.563223 0.449233 0.1
0.277593 -6.39695 0.253082 -2.33405 0.638109 0.18
0.321005 -6.63715 0.82685 -3.68976 0.822518 0.08
0.546813 -7.62007 1.28987 -6.18086 0.49118 0.2
0.697656 -8.4512 1.18191 -7.6039 0.582336 0.12
0.734907 -10.0796 -0.259796 -8.51345 -0.941307 0.18
0.716525 -11.1185 -0.195583 -2.18874 -0.470849 0.2
