-0.0969542 1.38633 -0.0187049 0.0090827 0 0
-0.0987103 1.40514 -0.0680325 0.921164 -0.122424 0.04
-0.0554027 1.98017 0.607659 4.76319 0.33517 0.2
-0.0427143 2.07863 0.662133 5.08042 -0.0256416 0.02
0.208706 3.29226 1.97396 7.48775 0.655931 0.18
0.249191 3.441 2.06975 7.36354 0.976907 0.02
0.3773 3.85269 2.18506 6.25221 0.86005 0.06
0.825834 4.59352 2.91843 1.8959 0.976209 0.18
0.99865 4.66079 2.84759 0.372853 -0.0905548 0.06
0.951339 4.30346 -1.20976 -4.02567 -0.824769 0.18
0.882119 4.04107 -1.09989 -4.6714 0.570129 0.06
0.57777 3.00792 -2.58928 -7.51652 -0.934256 0.16
0.0245274 1.88748 -2.9702 -3.19812 -0.774049 0.2
-0.566049 1.75686 -2.97345 1.62992 -0.127695 0.2
-0.751443 1.88619 -3.20061 2.64906 -0.700762 0.06
-1.03967 2.44379 0.0189951 8.79798 -0.0465711 0.12
-1.03584 2.62617 0.304797 9.32059 -0.624231 0.02
-0.941506 3.78192 0.953036 8.7363 0.91856 0.12
-0.722896 4.91275 1.50541 2.59242 0.95842 0.2
-0.396295 4.96151 2.5817 -1.80506 0.89484 0.16
-0.172701 4.74823 2.98862 -3.46019 0.814777 0.08
0.217825 4.223 3.48567 -5.10167 0.934159 0.12
0.422896 3.89238 3.34865 -5.87555 0.17185 0.06
0.609523 3.50603 2.88188 -6.92765 -0.549499 0.06
1.05494 2.27801 -0.421084 -11.0216 0.605516 0.18
1.03473 1.86172 -0.487307 -9.6465 0.960981 0.04
0.907845 0.664273 -1.21114 -2.45021 -0.867049 0.2
0.661249 0.618653 -2.30045 1.614 -0.791959 0.14
0.330026 0.991382 -3.16418 4.44628 -0.921874 0.12
0.199378 1.18422 -3.35953 5.17895 -0.909626 0.04
-0.304664 2.05206 -3.76725 6.99128 -0.99761 0.14
-0.689196 2.7665 -3.99802 6.91624 -0.837838 0.1
-1.02923 4.8615 0.458702 12.1409 -0.7094 0.2
-1.00214 6.43355 0.0323763 8.33618 -0.901044 0.16
-0.999597 7.93831 0.0409795 8.92882 -0.976731 0.18
-0.89522 9.14424 1.64964 11.2289 0.701088 0.12
-0.642255 10.5529 1.68447 7.79598 0.837061 0.14
-0.40367 11.3149 1.89569 3.20712 0.688315 0.14
-0.365722 11.3737 1.90055 2.66801 0.0368917 0.02
