0.105811 1.08069 -0.0767214 -0.0435834 0 0
0.14239 1.40927 0.496773 3.26895 0.452166 0.2
0.281926 2.39427 1.0123 6.43723 -0.00936806 0.2
0.363176 2.82414 1.68504 7.81825 0.957657 0.06
0.398876 2.98375 1.87988 8.11982 0.980123 0.02
0.522259 3.47186 2.17574 7.90216 0.86137 0.06
0.939637 4.5138 2.54993 3.43005 0.875671 0.18
0.9736 4.59047 -0.736344 -2.02659 -0.551114 0.2
0.799783 3.91876 -1.27379 -5.28639 -0.150083 0.18
0.507952 2.892 -2.19914 -6.5987 -0.604623 0.16
-0.0089279 1.88577 -2.99423 -2.91767 -0.998163 0.2
-0.317377 1.71948 -3.1959 -0.459164 -0.442956 0.1
-0.503075 1.73566 -2.99338 0.976106 0.395969 0.06
-0.758795 1.8717 -3.39126 2.36869 -0.844055 0.08
-0.962806 2.04493 -3.4024 3.37928 -0.26669 0.06
-1.05356 2.5941 0.568166 9.54301 0.129535 0.08
-0.977151 3.39522 1.18171 9.89836 0.846923 0.08
-0.782934 4.62062 1.32285 5.17678 0.974814 0.16
-0.666749 4.93625 1.62116 2.73085 0.746124 0.08
-0.376037 5.0325 2.54577 -1.23172 0.861592 0.14
-0.153553 4.85931 2.99856 -3.03173 0.827431 0.08
0.395096 4.04497 3.00769 -5.78858 0.366075 0.18
0.454147 3.92584 2.89716 -6.12016 -0.211122 0.02
1.05322 2.73847 0.170032 -11.6218 0.842762 0.2
1.01071 1.46017 -0.299577 -8.43813 -0.988454 0.12
0.889016 0.526036 -1.33873 -1.99037 -0.898915 0.18
0.648447 0.47873 -2.08613 1.15516 -0.493817 0.14
0.51671 0.577895 -2.3015 2.14268 -0.347921 0.06
-0.0856282 1.45704 -3.51663 6.20828 -0.980813 0.2
-0.155242 1.58371 -3.44309 6.46144 -0.0873408 0.02
-0.680758 2.75922 -3.18304 7.76369 -0.45305 0.16
-1.03253 4.60091 0.474756 10.8609 -0.521837 0.2
-1.02388 4.80995 0.386463 10.0539 0.721977 0.02
-0.932684 6.15397 0.927019 3.73641 0.587056 0.2
-0.866652 6.34119 1.26839 2.57949 0.548884 0.06
-0.736813 6.92105 0.387992 4.77376 -0.664616 0.16
-0.699759 7.98891 0.178747 7.06039 -0.555367 0.18
-0.58813 8.98447 1.70987 9.68363 0.881186 0.12
-0.553267 9.17817 1.76726 9.65369 -0.0112517 0.02
-0.264304 10.4341 2.11656 7.20483 0.959029 0.14
-0.105378 10.9529 1.15864 3.47095 -0.814844 0.1
