-0.113681 2.65808 -0.0505831 0.0828336 0 0
-0.0577583 2.86018 0.97568 3.11578 0.871831 0.12
0.0810831 3.25687 1.76519 4.5505 0.920543 0.1
0.284451 3.70556 2.265 4.15658 0.884446 0.1
0.567159 4.07402 2.46676 1.94573 0.552215 0.12
0.872153 4.16518 2.62877 -0.363162 0.383396 0.12
0.978502 4.13698 2.68837 -1.03684 0.377379 0.04
1.01835 4.09457 1.08702 -3.48774 -0.425887 0.02
1.0142 3.64919 -0.581416 -6.6971 -0.845098 0.08
0.9074 2.89861 -1.43599 -7.76168 -0.986319 0.1
0.715726 2.09458 -1.73438 -5.31557 -0.968127 0.12
0.324978 1.57277 -2.30683 -0.0643203 -0.625192 0.2
-0.0432102 1.77379 -2.92473 2.77541 -0.717523 0.14
-0.22847 1.96591 -3.24478 3.58285 -0.995566 0.06
-0.787857 2.64219 -3.77926 4.39056 -0.740344 0.16
-1.04104 3.85473 0.519156 12.6403 -0.262492 0.14
-0.992838 5.59385 0.278721 5.23686 0.536757 0.2
-1.00518 6.39301 0.0548751 3.27421 -0.859387 0.18
-1.00053 6.86529 0.00910711 3.69887 -0.113933 0.14
-0.974156 7.33249 0.437474 4.26483 0.39494 0.12
-0.964114 7.41906 0.567217 4.39805 0.734228 0.02
-0.897875 8.4556 0.282068 6.83971 -0.690436 0.18
-0.891678 8.59468 0.337009 7.06125 -0.25933 0.02
-0.755679 10.0412 0.631266 5.61573 0.231952 0.2
-0.62792 10.6687 0.763452 0.780309 0.418795 0.2
