-0.114914 1.07527 -0.0440829 -0.0997744 0 0
-0.13445 1.45093 -0.075563 3.69009 0.0119092 0.2
-0.156186 1.79986 -0.446053 4.95137 -0.953657 0.08
-0.143234 2.54596 0.710372 7.54588 0.754346 0.12
-0.106439 2.86399 1.11642 8.29623 0.828095 0.04
-0.0825043 3.03195 1.27069 8.47337 0.792234 0.02
0.0670983 3.84469 1.5989 7.21704 0.914742 0.1
0.131315 4.11151 1.61706 6.11454 0.833389 0.04
0.284272 4.56615 1.50531 3.07072 0.296755 0.1
0.631663 4.70521 2.38544 -1.35491 0.756208 0.18
0.957205 4.40734 3.01071 -3.45771 0.898801 0.12
1.04593 4.22753 0.63563 -6.28747 0.257965 0.04
0.942082 3.0389 -1.41661 -9.35828 -0.838553 0.14
0.912841 2.85338 -1.49917 -9.16002 -0.99061 0.02
0.589353 1.55635 -1.89578 -3.55727 -0.948693 0.2
0.137911 1.39027 -2.65856 1.65296 -0.543796 0.2
-0.358606 1.90509 -3.47621 4.4826 -0.925471 0.16
-0.87133 2.61268 -3.88029 5.21231 -0.767446 0.14
-1.05319 3.58266 0.516937 14.163 0.32653 0.1
-1.01683 4.59097 0.281469 10.8411 0.123931 0.08
-0.957834 6.04597 0.743368 4.0303 0.654468 0.2
-0.812385 6.5437 1.04309 2.63102 0.150871 0.16
-0.760155 6.72963 0.702337 3.57351 -0.638233 0.06
-0.693816 7.12699 0.638153 4.44192 -0.125518 0.1
-0.615045 8.02239 0.464715 6.67793 -0.524524 0.16
-0.505961 9.22279 0.775191 7.65625 -0.300264 0.16
-0.46026 10.0932 -0.249743 2.90985 -0.435104 0.16
