0.105945 -1.81863 -0.0918085 0.0489317 0 0
0.0418092 -1.9979 -1.00043 -2.99171 -0.937067 0.12
-0.21476 -2.76382 -2.25044 -6.42793 -0.700104 0.16
-0.417369 -3.31003 -2.75014 -6.90899 -0.765141 0.08
-0.531069 -3.58125 -2.92082 -6.57809 -0.953744 0.04
-0.960086 -4.29963 -3.24414 -3.52068 -0.837567 0.14
-0.95184 -4.04494 1.14582 3.99131 0.542586 0.2
-0.597311 -2.92967 2.23587 6.0561 0.545413 0.2
-0.127245 -2.04031 2.96868 3.27797 0.97139 0.18
-0.0071875 -1.92878 3.03925 2.30415 0.530325 0.04
0.253556 -1.81226 3.4888 0.621395 0.957736 0.08
0.92709 -2.02316 3.96801 -2.73568 0.527929 0.18
1.04933 -2.52952 -0.429703 -9.29736 0.763701 0.08
0.979101 -3.32582 -1.17873 -10.0732 -0.926365 0.08
0.729933 -4.78351 -1.46178 -4.18071 -0.963826 0.2
0.673206 -4.92771 -1.38287 -3.04638 0.137694 0.04
0.369945 -5.03938 -2.42653 1.48747 -0.850116 0.16
-0.128466 -4.44405 -3.00807 4.83786 -0.634418 0.18
-0.71664 -3.46902 -3.62507 5.16798 -0.817733 0.18
-1.05004 -2.17575 0.642968 12.432 -0.846852 0.16
-1.02753 -1.71369 0.457253 10.6702 0.992186 0.04
-0.933451 -0.306764 0.98254 3.64033 0.742532 0.2
-0.661778 0.00894705 2.00028 0.311403 0.566878 0.18
-0.0908387 -0.319245 3.68981 -3.56883 0.966447 0.2
0.485072 -0.983971 4.45656 -5.86289 0.839666 0.14
0.759112 -1.3625 4.65555 -6.7267 0.974041 0.06
1.08497 -2.18345 -0.341423 -11.4242 0.764352 0.1
1.05352 -2.66683 -1.1306 -12.6123 -0.804249 0.04
1.02807 -2.92296 -1.39827 -12.9527 -0.877725 0.02
0.876412 -4.12456 -1.35826 -10.1743 -0.983478 0.1
0.821628 -5.31411 0.400909 -4.17437 0.742667 0.18
0.857231 -5.53776 0.780681 -3.34597 0.888435 0.06
0.890233 -5.69795 -0.130248 0.0532873 -0.934128 0.1
0.888957 -5.69694 0.0026525 0.0471572 0.947171 0.02
