0.178087 1.97516 0.0903888 -0.0500902 0 0
0.191631 2.33747 0.0790418 3.37749 -0.181254 0.2
0.206068 2.57438 0.404559 4.4825 0.427483 0.06
0.216669 2.74547 0.117958 4.02799 -0.999195 0.04
0.288954 3.4675 0.67758 4.29213 0.473695 0.16
0.318281 3.70817 0.0711648 1.77096 -0.609808 0.08
0.316781 3.79195 -0.0930454 -0.053438 -0.00985 0.1
0.315759 3.78966 -0.00911261 -0.17417 0.6711 0.02
0.292208 3.56901 -0.277483 -2.36646 -0.0568726 0.16
0.230894 3.24295 -0.931441 -3.97135 -0.678498 0.1
0.210721 3.16081 -1.08429 -4.23102 -0.899011 0.02
-0.133755 2.29644 -2.23749 -3.4212 -0.986517 0.2
-0.670783 1.96903 -3.18014 0.128413 -0.872502 0.2
-1.03682 2.26278 -0.540539 6.0016 0.581553 0.14
-1.01009 2.87313 0.830719 8.55454 0.928193 0.08
-0.92806 3.55226 1.11166 7.97158 0.687264 0.08
-0.694339 4.59226 1.59926 3.36813 0.964311 0.18
-0.512222 4.7935 2.07014 0.692156 0.759388 0.1
-0.284434 4.74281 2.47869 -1.63488 0.591723 0.1
0.0992709 4.33205 2.95705 -4.04584 0.679107 0.14
0.340977 3.97109 3.08245 -4.88864 0.585004 0.08
0.401859 3.87031 3.00559 -5.18466 -0.103452 0.02
0.460007 3.76176 2.80866 -5.66764 -0.834168 0.02
1.05662 2.95531 1.42741 -8.46389 0.941101 0.18
1.06873 2.75226 0.0105302 -11.2616 -0.429199 0.02
1.06264 2.51936 -0.511527 -11.7609 -0.815079 0.02
1.03877 2.07033 -0.567057 -10.4662 -0.51052 0.04
0.957409 0.885933 -0.800561 -4.49723 -0.933073 0.16
0.716418 0.619934 -2.24626 0.967045 -0.97623 0.16
0.628424 0.664779 -2.15328 1.27807 0.39108 0.04
0.323138 0.988464 -2.88884 3.98999 -0.758284 0.12
0.264758 1.07167 -2.94759 4.32854 -0.540382 0.02
0.148188 1.25458 -2.87588 4.82311 0.0170517 0.04
-0.358436 2.20947 -3.38587 6.76046 -0.995831 0.16
-0.868604 3.10615 -4.0784 5.2082 -0.867125 0.14
-1.05274 4.29486 0.686562 12.8243 -0.381512 0.12
-0.997049 5.53721 0.45745 8.09672 0.931085 0.12
-0.914147 6.82778 0.493528 5.64444 -0.0531859 0.2
-0.888775 8.0658 -0.0109446 7.94351 -0.930757 0.18
-0.639887 10.011 1.9135 9.57512 0.928891 0.2
-0.462497 10.9745 0.559112 3.19924 -0.475475 0.16
