0.0269961 2.29942 0.0427518 -0.0479631 0 0
0.162073 2.7763 1.32991 4.45961 0.619963 0.2
0.220387 2.96585 1.58007 4.97562 0.641243 0.04
0.325365 3.27654 1.89758 5.25329 0.7009 0.06
0.404924 3.48458 2.07171 5.09529 0.793347 0.04
0.87829 4.20414 2.69146 1.79541 0.755594 0.2
0.965993 3.69273 -1.06358 -5.73222 -0.86745 0.2
0.944437 3.57707 -1.09002 -5.82199 0.0907492 0.02
0.647492 2.44404 -1.96274 -5.42656 -0.801344 0.18
0.188694 1.79279 -2.73143 -1.03014 -0.862376 0.2
-0.094894 1.8014 -2.94054 1.14184 -0.39996 0.1
-0.559665 2.11058 -3.67875 3.07163 -0.926785 0.14
-1.07243 2.68524 -0.803967 10.4284 -0.86673 0.14
-1.06482 3.1812 0.66767 13.1493 0.815459 0.04
-1.01028 4.49616 0.169753 8.47266 -0.990687 0.12
-0.991005 5.16519 0.338171 4.9584 0.827365 0.1
-0.850702 5.52959 1.48596 -0.261128 0.818751 0.16
-0.456242 5.04844 2.77679 -4.70386 0.937254 0.18
-0.40014 4.95106 2.83154 -5.03169 0.685031 0.02
-0.28356 4.73681 2.98971 -5.66248 0.980894 0.04
0.161303 3.84054 3.37002 -6.76149 0.9785 0.14
0.846548 2.84812 4.456 -3.23551 0.733138 0.18
1.07597 2.36854 -0.231714 -11.4085 0.235076 0.08
1.06634 2.13959 -0.63676 -11.3042 -0.854723 0.02
1.01657 1.35666 -0.561372 -8.2459 -0.973651 0.08
0.832158 0.464102 -1.75019 -1.73069 -0.94032 0.18
0.512039 0.487389 -2.80373 1.89318 -0.762967 0.14
-0.109692 1.19421 -3.96094 5.66157 -0.922377 0.18
-0.605205 1.97363 -4.23897 7.18754 -0.973015 0.12
-1.08167 3.28961 0.334231 17.3253 -0.946007 0.14
-1.07024 3.64016 0.711969 17.4696 0.973914 0.02
-1.03038 4.60781 0.493705 14.603 0.995552 0.06
-1.01116 5.40659 0.188317 12.1804 -0.280972 0.06
-1.00796 5.64391 0.134632 11.567 -0.306916 0.02
-0.995986 7.67979 0.163432 9.9299 -0.90202 0.2
-0.986799 8.08239 0.300998 10.217 -0.98654 0.04
-0.979601 8.28868 0.418391 10.4148 -0.677235 0.02
-0.815756 9.69675 1.93783 12.0244 0.948737 0.12
-0.780391 9.92428 1.59448 10.7212 -0.844103 0.02
-0.715542 11.0451 -0.511365 2.95482 -0.892228 0.18
