0.141454 0.684054 -0.0490806 -0.0788576 0 0
0.0866196 1.02676 -0.441629 3.37248 -0.151503 0.2
0.110453 1.94193 0.804139 6.1261 0.601501 0.2
0.179151 2.35056 1.5015 7.53484 0.923062 0.06
0.433604 3.45797 1.88213 7.2187 0.244917 0.14
0.709045 4.25907 1.0258 1.12504 -0.131927 0.2
0.888472 4.23934 1.53909 -1.30389 0.651468 0.14
1.0234 3.89343 -0.0705759 -5.44718 0.0301098 0.12
0.970148 3.24579 -0.943371 -7.21579 -0.77521 0.1
0.950116 3.10079 -1.05491 -7.26159 -0.749466 0.02
0.760225 2.18091 -1.56835 -5.24945 -0.983647 0.14
0.417761 1.63987 -2.34625 -0.79078 -0.879319 0.18
-0.0931663 1.84382 -3.29655 2.79545 -0.850837 0.18
-0.299509 2.03566 -3.57677 3.55455 -0.908915 0.06
-0.445352 2.18607 -3.71468 3.94333 -0.780807 0.04
-1.06578 3.17239 0.130497 13.5946 -0.940122 0.18
-1.00315 5.34873 0.0589445 7.23117 0.235207 0.2
-0.99212 6.37741 0.113041 3.82829 -0.020281 0.2
-1.00409 6.72634 -0.133546 4.34873 -0.905931 0.08
-1.00412 6.97943 0.0479957 4.31799 -0.211323 0.06
-0.902386 7.82081 1.12973 5.5049 0.610453 0.18
-0.828206 8.17739 1.35699 6.39108 0.0127168 0.06
-0.524374 9.39443 2.3061 8.15294 0.30777 0.16
-0.323728 10.0287 2.63085 7.33386 0.995581 0.08
0.033691 10.7584 1.99038 2.12048 -0.0428604 0.16
