-0.0794412 1.81972 -0.01922 -0.0242558 0 0
0.0455952 2.3048 1.36237 4.79168 0.758911 0.2
0.386972 3.33898 2.76136 7.29484 0.912242 0.16
0.722219 4.05424 2.07709 2.96415 -0.115625 0.14
0.929604 4.23438 2.09047 0.687924 0.259268 0.1
0.971587 4.24398 2.10816 0.27417 0.288666 0.02
0.949754 3.57515 -1.27756 -6.24936 -0.886674 0.18
0.922981 3.44773 -1.39736 -6.47841 -0.498775 0.02
0.584799 2.29117 -2.13814 -5.11331 -0.836131 0.18
0.260613 1.80874 -2.55871 -1.78625 -0.763385 0.14
0.209068 1.7779 -2.59651 -1.29949 -0.409937 0.02
-0.142321 1.77552 -3.26104 1.17901 -0.884829 0.12
-0.901841 2.29576 -4.30245 3.54884 -0.939018 0.2
-1.06331 2.93766 0.483447 12.7272 -0.983484 0.08
-0.997045 4.61686 0.131796 7.41557 0.741277 0.16
-0.869716 5.4061 1.4093 0.517101 0.996436 0.2
-0.842014 5.41346 1.36083 0.221353 -0.471462 0.02
-0.587902 5.18676 2.22284 -3.27263 0.727542 0.14
-0.287157 4.65587 2.72471 -5.42395 0.843917 0.12
0.0989726 3.782 2.7915 -6.75557 0.632246 0.14
0.788398 2.80907 4.29593 -2.01684 0.854437 0.2
1.05261 2.51593 0.319215 -9.25636 0.60272 0.08
1.05173 2.32337 -0.295595 -9.75383 -0.891114 0.02
1.01031 1.50028 -0.35458 -6.45989 -0.610629 0.1
0.893575 0.897322 -1.26074 -1.12874 -0.842012 0.16
0.686632 0.975533 -2.16736 2.29073 -0.856362 0.12
0.435826 1.32125 -2.80441 4.49723 -0.963477 0.1
0.006034 2.09732 -3.2754 6.3338 -0.963063 0.14
-0.33754 2.73718 -3.66006 6.1037 -0.941076 0.1
-0.48972 2.96658 -3.96274 5.30124 -0.977161 0.04
-1.07027 4.04832 0.652542 12.4945 -0.874802 0.18
-1.05608 4.29188 0.722405 11.7945 0.935946 0.02
-0.922995 5.86979 1.16598 4.18542 0.906915 0.2
-0.789906 6.74034 0.168525 5.11169 -0.65265 0.2
-0.765807 7.38856 0.266557 5.84498 -0.121918 0.12
-0.741853 8.79871 0.0325066 7.75142 -0.820168 0.2
-0.740614 8.95492 0.0875129 7.85233 -0.133119 0.02
-0.737559 9.26451 0.0424882 7.53143 -0.318148 0.04
-0.731502 10.2656 -0.0659173 4.35138 0.32013 0.16
-0.768561 10.4912 -0.826146 1.41407 -0.958839 0.08
