0.184598 2.64625 0.0815555 0.0727919 0 0
0.228263 2.7929 0.639004 2.23609 0.419363 0.12
0.383692 3.27506 1.24731 3.32258 0.444976 0.16
0.674264 3.81541 1.93705 2.23096 0.691441 0.18
1.02378 4.00098 0.988776 -2.13702 0.771497 0.16
1.02637 3.76113 -0.329683 -4.88326 -0.293415 0.06
0.922586 3.03858 -1.31828 -6.66646 -0.862679 0.12
0.802051 2.52507 -1.65112 -5.91732 -0.941054 0.08
0.511959 1.88171 -1.68319 -1.34452 -0.402267 0.18
0.0657269 1.98899 -2.76804 2.16077 -0.894113 0.2
-0.280845 2.34499 -2.99842 3.61712 -0.506034 0.12
-0.751477 2.82955 -3.77688 2.92148 -0.85597 0.14
-0.991158 2.97768 -4.2186 1.97749 -0.890948 0.06
-1.0654 3.27501 -0.0655093 11.3891 0.912191 0.04
-0.990459 5.01758 0.430086 6.41535 0.993537 0.18
-0.758461 5.58405 2.05288 -0.593923 0.997807 0.2
-0.284025 5.08564 3.10897 -4.64265 0.764972 0.18
0.0465503 4.53945 3.45609 -6.17545 0.934399 0.1
0.531286 3.58419 3.52518 -7.01374 0.659221 0.14
1.06132 2.05275 -0.613558 -11.6405 0.126464 0.2
1.02547 1.42506 -0.5165 -9.26849 -0.981388 0.06
0.881129 0.24689 -1.27382 -2.78936 -0.650276 0.2
0.584232 0.0966073 -2.41113 0.622506 -0.731436 0.16
0.088799 0.46912 -3.75224 3.99494 -0.961344 0.16
-0.675731 1.46845 -4.56004 6.88385 -0.919167 0.18
-1.04433 2.05523 -3.78275 8.67519 -0.978134 0.08
-1.07483 2.84361 0.850943 15.184 0.988383 0.06
-1.05545 3.14874 1.05349 15.2299 0.940711 0.02
-0.937319 5.34745 0.453 6.93992 0.997278 0.2
-0.913808 6.44462 -0.139384 4.8496 -0.374585 0.2
-0.969747 7.52513 -0.312911 6.28743 -0.33005 0.2
-0.976222 7.65345 -0.332452 6.54314 -0.677719 0.02
-0.989823 7.92514 -0.340206 7.03689 -0.693753 0.04
-0.996264 8.06832 -0.302416 7.28039 -0.502469 0.02
-0.86321 9.68743 1.48283 9.66541 0.793774 0.18
-0.690054 10.8203 0.633256 3.28156 0.048681 0.18
