0.0616332 -1.16264 -0.0894907 0.00230841 0 0
0.0311671 -1.24607 -0.526862 -1.64599 -0.70701 0.1
-0.0434524 -1.95408 -0.344414 -5.19467 0.307717 0.2
-0.0644628 -2.28734 -0.357647 -5.86577 0.432557 0.06
-0.276042 -3.60996 -1.6853 -7.35782 -0.845588 0.18
-0.621437 -4.55944 -2.25912 -2.98557 -0.974315 0.18
-0.983512 -4.63925 -1.38684 1.89775 0.562277 0.2
-1.01118 -4.59728 -1.13136 2.3663 -0.0486713 0.02
-1.02179 -4.4019 0.214861 3.95284 -0.707258 0.06
-1.00591 -4.13572 0.316544 4.89098 -0.125499 0.06
-0.984675 -3.91962 0.751378 5.91976 0.992947 0.04
-0.820629 -3.05848 1.87894 7.89796 0.913022 0.12
-0.700371 -2.59985 2.0905 7.19964 0.942814 0.06
-0.237837 -1.65754 2.69239 2.12176 0.893368 0.2
-0.127965 -1.59336 2.80453 1.09527 0.486714 0.04
0.115346 -1.58277 3.27891 -0.791564 0.885263 0.08
0.251173 -1.63149 3.51029 -1.63086 0.894632 0.04
0.62959 -1.88404 4.03861 -3.31276 0.929425 0.1
1.07837 -2.67947 -0.350432 -12.2761 0.47406 0.14
1.0669 -2.93246 -0.72521 -12.8543 -0.878166 0.02
1.01408 -3.68661 -0.873838 -11.7578 -0.97681 0.06
0.89405 -5.16681 -0.834295 -4.95518 -0.973221 0.18
0.834953 -5.80561 0.142849 -2.68299 0.756709 0.18
0.853961 -5.96411 0.494106 -2.65081 0.808496 0.06
0.966616 -6.34927 1.13261 -3.09376 0.601183 0.14
1.01535 -6.49605 -0.0863787 -0.302475 0.898002 0.08
1.00194 -6.50351 -0.356011 0.0362562 -0.558696 0.06
1.00459 -6.72555 0.013825 -1.71751 0.462468 0.18
0.935082 -6.90654 -0.986204 -1.05476 -0.954852 0.14
0.840769 -7.08032 -0.909087 -2.41594 -0.0214272 0.1
0.774662 -7.6347 -0.127373 -5.29032 0.850639 0.14
0.764725 -8.64869 -0.0468346 -7.11734 0.643346 0.16
0.698136 -9.6102 -0.894648 -8.17715 -0.653989 0.12
0.649466 -10.448 0.183702 -2.52529 0.345158 0.16
