0.153433 -0.996622 -0.0657798 -0.0347138 0 0
0.147605 -1.05917 -0.0854335 -1.50101 -0.167748 0.08
0.123042 -1.21764 -0.534958 -2.47991 -0.830585 0.08
0.100722 -1.57166 0.048831 -4.47395 0.959767 0.1
0.102222 -1.66429 0.0997357 -4.78573 0.69013 0.02
0.104279 -1.76305 0.104587 -5.08722 0.421149 0.02
0.101994 -2.09865 -0.193199 -6.10306 -0.196716 0.06
0.0977801 -2.2231 -0.228159 -6.33644 0.314995 0.02
0.0910013 -2.35469 -0.450965 -6.82449 -0.884656 0.02
0.034644 -2.94419 -0.91211 -7.68831 -0.332041 0.08
-0.117499 -3.85731 -1.4614 -6.74832 -0.966389 0.12
-0.405991 -4.63709 -1.89166 -1.94929 -0.76219 0.18
-0.561562 -4.71196 -2.00529 0.0379011 -0.250369 0.08
-0.779618 -4.5984 -2.34358 2.15985 -0.542841 0.1
-1.01803 -4.29225 -1.97002 4.31455 -0.304589 0.1
-0.907689 -2.85242 1.48628 8.91438 0.905902 0.18
-0.659226 -1.75589 1.68748 4.55805 0.903171 0.16
-0.233096 -1.40626 2.66872 -0.888377 0.774138 0.2
0.105913 -1.66479 2.94848 -3.31553 0.417494 0.12
0.790884 -2.54626 3.90892 -4.75698 0.988373 0.2
1.03631 -2.81577 3.47777 -5.95957 0.943305 0.06
1.06668 -3.55934 -0.679973 -14.4162 -0.28456 0.06
1.00341 -5.49465 -0.0640156 -7.52197 -0.157984 0.18
1.00029 -6.45552 -0.00228519 -5.09993 0.268921 0.16
0.965235 -7.10531 -0.483742 -4.59613 -0.296521 0.14
0.877589 -7.57131 -1.27358 -4.92592 -0.882496 0.1
0.746397 -8.26901 -0.966193 -6.55053 0.847036 0.12
0.559077 -9.20194 -2.11772 -8.78656 -0.663449 0.12
0.267221 -10.3141 -1.07559 -3.19886 0.278699 0.18
0.247238 -10.3712 -0.924615 -2.51525 0.670501 0.02
