0.0703713 -2.2981 0.0290769 -0.0663886 0 0
0.0287584 -2.48943 -0.732881 -3.01987 -0.624776 0.12
-0.236997 -3.35398 -2.10471 -5.71662 -0.845619 0.18
-0.421314 -3.79151 -2.47524 -5.02573 -0.977075 0.08
-0.812639 -4.23624 -1.96914 -0.175876 0.0606282 0.18
-0.973247 -4.18916 -2.04477 1.31374 -0.291151 0.08
-0.95818 -3.25162 1.04688 7.01878 0.629247 0.18
-0.693047 -2.10423 1.75232 4.69965 0.950828 0.18
-0.309296 -1.65452 2.60352 0.343719 0.890636 0.18
-0.0879061 -1.69771 2.92758 -1.38005 0.644565 0.08
0.0292983 -1.76926 2.92989 -2.18775 0.131329 0.04
0.348648 -2.06098 3.4432 -3.52693 0.947274 0.1
0.485889 -2.21389 3.41669 -4.10368 0.233178 0.04
0.759863 -2.57265 3.43993 -4.75419 0.359587 0.08
0.829167 -2.66756 3.49208 -4.72593 0.555055 0.02
1.04178 -3.91119 -0.559978 -12.2057 -0.285489 0.14
1.00447 -5.21648 -0.0703926 -6.81026 0.760915 0.14
0.903102 -5.84076 -1.32728 -1.11716 -0.922838 0.16
0.849472 -5.87522 -1.35348 -0.617895 0.0550688 0.04
0.730588 -6.10667 0.0488976 -2.11058 0.985848 0.18
0.693867 -6.30947 -0.429332 -0.424983 -0.247691 0.18
0.611156 -6.38099 -0.482984 -0.434448 -0.0478984 0.18
0.575045 -6.39361 -0.719073 -0.000252882 -0.463704 0.06
0.597656 -6.8205 0.898056 -4.18141 0.894988 0.2
0.658871 -7.0971 1.12986 -5.03607 0.59566 0.06
0.774992 -7.75832 0.761757 -6.12332 -0.0784582 0.12
0.927603 -9.17423 0.885488 -7.09476 0.644408 0.2
1.00467 -10.4929 -0.0691971 -5.09961 -0.571307 0.2
1.00199 -10.7457 -0.0261098 -3.3434 0.570958 0.06
