-0.0164212 -1.89003 0.0477477 0.0744933 0 0
-0.140894 -2.3777 -1.38161 -4.84764 -0.771299 0.2
-0.601834 -3.69295 -2.9171 -6.64423 -0.963104 0.2
-1.03507 -4.35988 0.238569 1.08236 -0.272765 0.2
-0.887619 -3.70612 1.27763 5.20965 0.431808 0.2
-0.800763 -3.36941 1.60262 5.91376 0.45793 0.06
-0.652095 -2.87513 2.05908 6.15332 0.804401 0.08
-0.374698 -2.22097 2.53704 4.43001 0.992187 0.12
0.205245 -1.78513 3.34969 -0.00436055 0.807408 0.2
0.34392 -1.80087 3.58357 -0.772431 0.935849 0.04
0.561234 -1.88325 3.65608 -1.94968 0.312406 0.06
0.94866 -2.14711 4.08256 -3.21855 0.818823 0.1
1.04411 -2.98878 -0.8411 -11.3266 -0.863385 0.1
1.00685 -3.43587 -0.96493 -10.8287 -0.754915 0.04
0.824997 -4.94399 -1.1157 -4.20524 -0.948795 0.2
0.724923 -5.18343 -1.41341 -1.81031 -0.51978 0.08
0.549528 -5.21613 -2.0943 1.07933 -0.796049 0.1
0.19816 -4.83421 -2.85824 4.1674 -0.808601 0.14
-0.234297 -4.10874 -3.27332 5.94142 -0.862506 0.14
-0.789276 -3.17177 -3.83535 4.86235 -0.673519 0.16
-1.03589 -1.79964 0.532882 10.6354 -0.302849 0.16
-1.01331 -1.2327 0.235058 8.36867 -0.150766 0.06
-0.863792 -0.264068 1.51703 1.56318 0.831443 0.2
-0.423224 -0.380972 2.85647 -2.51378 0.698754 0.2
0.205022 -1.16833 3.97705 -5.99339 0.924627 0.18
0.667096 -1.9727 3.66548 -7.46338 0.311017 0.12
1.03452 -2.74532 3.04876 -9.18422 0.774291 0.1
1.01884 -4.77678 -0.312198 -12.5376 -0.141419 0.14
1.00363 -5.84993 -0.0587591 -9.25602 0.447602 0.1
1.0002 -7.17452 -0.0176253 -8.04334 0.577381 0.16
0.988852 -8.19238 -0.242898 -9.02408 0.714973 0.12
0.820854 -9.6547 -1.83759 -10.9296 -0.839146 0.14
0.784102 -9.86841 -1.82846 -10.4084 -0.862003 0.02
0.537265 -11.1091 -1.19134 -3.84823 -0.309523 0.18
0.478991 -11.2945 -0.764185 -2.38687 0.943849 0.06
