-0.0125629 3.05911 -0.0231746 0.0623971 0 0
0.0131493 3.13546 0.527958 1.37689 0.598725 0.1
0.0688156 3.26678 0.85539 1.83438 0.511787 0.08
0.212422 3.52347 1.51337 2.23966 0.765678 0.12
0.578068 3.87856 2.52644 1.41085 0.910625 0.18
0.943948 3.72265 1.54103 -2.88484 -0.481997 0.18
1.02805 3.38753 -0.0810812 -6.71286 0.764979 0.08
0.954155 2.34657 -0.632367 -5.23733 -0.73399 0.16
0.839635 1.82869 -0.884473 -1.30706 -0.539215 0.16
0.751343 1.79106 -1.32618 0.337869 -0.876933 0.08
0.647861 1.94624 -0.727235 2.73077 0.71059 0.1
0.527278 2.34635 -1.28101 3.72985 -0.867954 0.12
0.423902 2.66998 -1.31353 4.24596 -0.285911 0.08
0.33186 3.17935 -0.571582 5.6406 0.781504 0.1
0.321652 3.29287 -0.452193 5.69472 0.85558 0.02
0.303615 3.73801 -0.0331669 5.21239 0.990254 0.08
0.245891 4.23847 -0.43454 0.0582786 0.024091 0.2
0.121914 3.99153 -1.36593 -3.4944 -0.717282 0.14
0.0943086 3.91889 -1.39476 -3.76445 0.0565254 0.02
-0.146145 3.25094 -1.99301 -5.35641 -0.35169 0.14
-0.187347 3.14204 -2.1245 -5.51915 -0.818383 0.02
-0.430655 2.58506 -2.67939 -5.24555 -0.974693 0.1
-0.969163 1.99631 -2.80022 -0.721855 -0.418879 0.2
-1.02637 1.98516 -2.36758 0.139578 -0.996715 0.02
-0.878807 2.95617 1.88471 7.22405 0.911028 0.2
-0.707389 3.54373 2.32174 7.09231 0.91028 0.08
-0.51337 4.05216 2.52163 5.48979 0.962596 0.08
0.0749735 4.65935 3.49402 0.585474 0.970148 0.2
0.715069 4.47934 4.47926 -2.62007 0.97972 0.16
0.983866 4.29048 4.47259 -3.65106 0.246413 0.06
0.902328 2.34965 -1.28321 -9.3067 -0.977461 0.2
0.698641 1.30323 -1.50301 -3.89729 -0.904551 0.16
0.516903 1.07287 -2.16491 -0.744901 -0.867707 0.1
0.166913 1.21643 -2.80441 2.63769 -0.546334 0.14
0.110095 1.27327 -2.87611 3.0437 -0.559197 0.02
-0.48238 2.10135 -3.60553 5.74605 -0.923524 0.18
-1.07165 3.38437 0.234169 14.8574 -0.94662 0.18
-1.06237 3.68543 0.604315 15.0133 0.456291 0.02
-1.01375 4.97709 0.244742 10.7568 0.716765 0.1
-0.901345 6.4197 1.30685 4.01414 0.848598 0.2
-0.813228 6.63597 1.62252 3.2805 0.547953 0.06
-0.611861 6.90794 2.38284 2.36081 0.937988 0.1
-0.279955 7.19233 3.14015 2.54206 0.888063 0.12
0.307112 7.70066 4.22814 4.04634 0.923506 0.16
1.05594 8.5447 0.40613 0.151498 0.528368 0.18
