-0.05265 -2.65119 -0.0461277 0.0390929 0 0
-0.0361277 -2.75435 0.240532 -1.03688 0.310067 0.18
-0.0325283 -2.77914 0.119654 -1.43726 -0.582027 0.02
-0.0301378 -2.80903 0.119687 -1.54888 0.0896531 0.02
-0.0278544 -2.84123 0.108988 -1.66734 0.0190388 0.02
-0.027436 -2.87935 -0.0667809 -2.13917 -0.910806 0.02
-0.0356421 -2.979 -0.341135 -2.81738 -0.721975 0.04
-0.0674471 -3.20684 -0.441139 -2.77833 -0.184222 0.08
-0.0082077 -3.29831 1.00188 1.60728 0.715962 0.2
0.0123956 -3.26469 1.058 1.74993 0.302679 0.02
0.061399 -3.17964 1.38923 2.47542 0.927575 0.04
0.343761 -2.73158 2.08592 2.68988 0.641987 0.16
0.741083 -2.37684 2.8685 1.52495 0.850688 0.16
1.03109 -2.63104 -0.251706 -6.13654 -0.623267 0.16
0.886759 -3.7485 -1.29324 -6.54314 -0.938284 0.16
0.589781 -4.56536 -1.82074 -1.60127 -0.770238 0.2
0.284027 -4.56677 -2.54798 1.46423 -0.813141 0.14
-0.111485 -4.1979 -3.07161 3.60952 -0.728185 0.14
-0.583171 -3.64388 -3.7015 3.91879 -0.851757 0.14
-0.6552 -3.56045 -3.5015 4.41855 0.954168 0.02
-1.07904 -2.79436 0.342851 12.7216 -0.858373 0.14
-1.06774 -2.5364 0.696639 12.8481 0.863635 0.02
-0.987517 -0.989883 0.501683 6.60359 0.944398 0.16
-0.900336 -0.423086 1.02954 2.9551 0.522559 0.12
-0.828523 -0.290507 1.3634 1.51259 0.503653 0.06
-0.545953 -0.28193 2.15181 -1.24509 0.480382 0.16
-0.454292 -0.348032 2.42973 -2.05532 0.747365 0.04
-0.0333162 -0.861819 3.51147 -5.13981 0.987637 0.14
0.26208 -1.32574 3.83438 -6.40277 0.943385 0.08
0.338532 -1.45616 3.80891 -6.64033 0.438308 0.02
0.643498 -2.02562 3.79649 -7.55562 0.764598 0.08
0.952957 -2.63996 3.99051 -7.55306 0.993351 0.08
1.02774 -4.604 -0.432159 -13.8237 0.547691 0.14
1.00311 -5.98962 -0.106073 -9.7295 -0.287473 0.12
1.00028 -7.26291 -0.00433643 -8.95323 0.876058 0.14
0.897776 -8.97716 -1.1227 -10.3249 0.271465 0.18
0.817642 -9.60491 -1.44228 -10.2236 -0.589851 0.06
0.748394 -10.675 0.436574 -2.43322 0.73289 0.18
