-0.0252613 2.42744 -0.0838476 0.0907367 0 0
0.041923 2.74723 0.928448 3.66334 0.605859 0.16
0.0622026 2.82475 1.09896 4.08143 0.866885 0.02
0.0859647 2.91042 1.27624 4.47571 0.930245 0.02
0.426312 3.81679 2.33879 4.52292 0.932163 0.18
0.981292 4.36504 3.27715 0.841866 0.937575 0.2
0.96784 3.73283 -0.926816 -5.50721 -0.351683 0.18
0.864576 3.22995 -1.62101 -6.85957 -0.839804 0.08
0.831202 3.09251 -1.71209 -6.86334 -0.651367 0.02
0.566361 2.25406 -2.00864 -4.62149 -0.734713 0.14
0.146898 1.78545 -2.73329 -0.607363 -0.827713 0.18
-0.302011 1.96199 -2.85495 2.64987 -0.242033 0.16
-0.48062 2.14286 -3.0957 3.33604 -0.79925 0.06
-0.606828 2.28374 -3.21475 3.68575 -0.679752 0.04
-1.05825 3.36337 0.577305 12.5587 -0.882769 0.18
-1.02514 4.06106 0.413526 10.3948 0.121072 0.06
-0.972741 5.23756 0.566553 4.50291 0.925213 0.16
-0.699303 5.4624 2.20573 -1.95245 0.923182 0.2
-0.655025 5.4203 2.22155 -2.2578 0.034283 0.02
-0.0980052 4.54937 3.16391 -6.02016 0.881623 0.2
0.0271252 4.29765 3.08811 -6.55944 0.371573 0.04
0.149341 4.02611 3.02315 -6.9957 0.455499 0.04
0.859768 2.87655 4.37899 -3.09646 0.900996 0.2
1.05049 1.93935 -0.66859 -10.4626 -0.67464 0.12
1.02683 1.55355 -0.521835 -8.85588 -0.826271 0.04
0.867518 0.557301 -1.57427 -2.21508 -0.988095 0.18
0.505433 0.524221 -2.42951 1.60916 -0.433745 0.18
0.0407927 1.03317 -2.68035 4.06189 -0.169685 0.18
-0.310903 1.64765 -3.11035 6.04208 -0.85431 0.12
-0.989876 2.95877 -3.88511 5.766 -0.970352 0.2
-1.01294 4.93934 0.227726 10.5471 0.838772 0.16
-1.00061 6.51612 0.00648995 6.34079 -0.526985 0.2
-0.992978 7.69158 0.175957 7.14597 -0.286816 0.18
-0.978352 7.98548 0.561893 7.58968 0.595441 0.04
-0.903616 8.95696 0.615058 8.23041 -0.706811 0.12
-0.810502 9.80387 1.07964 8.01451 0.661632 0.1
-0.675311 10.5899 1.19916 4.93812 0.826911 0.12
-0.556375 10.9376 1.22877 2.08736 0.322162 0.1
