0.104403 1.90578 -0.0527702 -0.0984151 0 0
0.176915 2.214 1.00655 3.86307 0.73651 0.16
0.463322 3.13595 2.5232 7.1556 0.931657 0.16
0.721326 3.78416 2.58058 5.48692 0.514549 0.1
0.920847 4.13424 2.4319 3.29324 0.234639 0.08
1.01141 4.0193 -0.230226 -2.87927 0.631595 0.18
0.878393 3.21 -1.20139 -5.52805 -0.479875 0.18
0.729236 2.6484 -1.71623 -5.32203 -0.87297 0.1
0.694114 2.54438 -1.79499 -5.0716 -0.943938 0.02
0.31146 1.92854 -2.51695 -1.62512 -0.891539 0.18
-0.305157 1.97618 -3.64728 1.87606 -0.936666 0.2
-0.778496 2.28132 -4.23673 3.04068 -0.895157 0.12
-1.08499 2.86521 0.371592 12.78 -0.894136 0.1
-1.07269 3.12879 0.759662 13.3282 0.817469 0.02
-0.968872 4.96376 0.469314 6.75291 0.997599 0.18
-0.954717 5.21157 0.252441 5.67083 -0.39384 0.04
-0.941033 5.73273 0.0222893 3.22379 -0.270151 0.12
-0.950504 5.9201 -0.340928 3.08166 -0.836114 0.06
-0.983965 6.2482 -0.100104 1.33949 0.0717439 0.16
-1.00462 6.41665 0.0256736 0.92962 -0.502672 0.12
-0.982508 6.47656 0.410188 0.324132 0.464262 0.1
-0.973439 6.48184 0.496543 0.20553 0.537243 0.02
-0.843832 6.50021 0.9395 0.0292999 0.345502 0.18
-0.826863 6.50599 0.757748 0.545669 -0.923245 0.02
-0.698656 6.63929 0.839889 1.18475 0.134561 0.16
-0.663852 6.68924 0.899779 1.32029 0.260681 0.04
-0.615657 7.37829 -0.282505 5.31866 -0.754842 0.2
-0.636031 7.7233 -0.378396 6.16665 -0.632322 0.06
-0.647134 8.87854 0.264302 8.14506 -0.137774 0.16
-0.641642 9.04142 0.27951 8.12127 -0.306913 0.02
-0.635422 9.20413 0.336529 8.12475 0.12213 0.02
-0.729566 10.0896 -1.38812 1.60461 -0.833135 0.18
