-0.135341 -3.02965 0.0183601 0.0838536 0 0
-0.0926801 -2.96657 0.504696 0.615699 0.389955 0.16
0.122276 -2.69433 1.83325 1.99609 0.971619 0.18
0.467027 -2.53169 2.00792 -0.163897 0.315786 0.18
0.91934 -2.69695 2.52909 -1.26809 0.469924 0.2
1.01597 -2.7633 1.90448 -2.91519 -0.512456 0.04
1.03466 -3.14918 -0.336563 -7.68355 0.984702 0.06
0.94245 -4.20467 -0.733281 -4.82837 -0.849966 0.16
0.824303 -4.61823 -0.681604 -0.00450032 -0.157521 0.18
0.637321 -4.37018 -1.62382 2.87225 -0.9439 0.16
0.315326 -3.79684 -2.41234 3.8744 -0.919312 0.16
0.161682 -3.57042 -2.72022 3.59509 -0.808435 0.06
-0.0758248 -3.32003 -3.23438 2.55883 -0.811784 0.08
-0.685283 -3.13935 -4.38377 -0.292096 -0.808791 0.16
-1.05766 -2.44803 0.775208 10.312 -0.283582 0.16
-0.963314 -1.36454 0.775941 5.30597 0.951631 0.14
-0.706286 -0.935862 1.9075 -0.810712 0.707239 0.2
-0.432273 -1.21185 2.61472 -3.64176 0.768516 0.12
0.0308584 -2.01003 3.07976 -6.07309 0.799313 0.16
0.73036 -3.16541 4.18463 -4.05574 0.934847 0.2
1.0604 -4.17455 -0.720797 -12.0363 0.912499 0.14
0.982533 -5.46564 -0.64928 -6.59076 -0.934473 0.14
0.867619 -6.44184 -0.550117 -3.92918 0.11073 0.2
0.856778 -7.03789 0.312197 -5.98235 0.968908 0.12
0.836824 -7.89734 -0.638654 -6.70597 -0.486825 0.14
0.733364 -8.94005 -0.798999 -7.83442 0.525805 0.14
0.730644 -9.96135 0.908529 -1.71082 0.821976 0.2
