-0.00530646 -2.06743 0.0258057 -0.0546458 0 0
-0.0439428 -2.41782 -0.487834 -3.6212 -0.191838 0.18
-0.105038 -2.83658 -0.716763 -4.56908 -0.0921334 0.1
-0.140148 -3.03251 -1.03204 -5.18057 -0.846337 0.04
-0.215316 -3.35929 -1.44837 -5.56708 -0.935471 0.06
-0.428487 -3.96515 -0.752877 -0.594956 0.117767 0.2
-0.458633 -3.94562 -0.253255 1.21394 0.881761 0.06
-0.339005 -3.20136 1.43274 5.65042 0.860904 0.2
-0.203728 -2.73771 1.90142 5.67261 0.934498 0.08
0.123915 -2.0692 2.22998 2.51913 0.682798 0.16
0.485745 -1.90535 2.95975 -0.135772 0.902898 0.14
0.674133 -1.94323 3.31863 -1.104 0.97497 0.06
0.811229 -1.99911 3.53511 -1.67723 0.917279 0.04
1.06439 -2.22874 0.721994 -6.67011 0.699016 0.08
1.04303 -2.73895 -0.848004 -9.38094 -0.790181 0.06
1.00176 -3.12364 -1.18024 -9.71947 -0.798418 0.04
0.731554 -4.63061 -1.51523 -4.6086 -0.938741 0.2
0.461254 -4.99859 -1.94532 -0.133593 -0.440522 0.16
0.0606106 -4.70395 -3.00175 3.54202 -0.970403 0.16
-0.19283 -4.37041 -3.31704 4.7185 -0.881333 0.08
-0.469859 -3.96511 -3.61212 5.29057 -0.932259 0.08
-0.919052 -3.32957 -3.95016 4.85847 -0.584293 0.12
-1.00952 -1.18061 0.174092 9.12362 0.531638 0.2
-0.848639 -0.105655 1.72188 1.89229 0.998619 0.2
-0.621488 0.0483977 2.05007 0.813934 0.279724 0.12
-0.540019 0.0822837 2.02285 0.886155 -0.0513305 0.04
-0.0755744 0.0390752 3.12553 -1.26753 0.727672 0.18
0.343165 -0.200731 3.85525 -2.79075 0.725902 0.12
0.861333 -0.673684 4.74062 -5.06546 0.949395 0.12
1.01277 -0.698685 -0.225181 -0.000301453 0.50895 0.18
