-0.0116998 -1.50382 -0.0223513 0.0309308 0 0
0.0118719 -1.61471 0.480591 -2.16736 0.735712 0.1
0.0510173 -1.92745 0.27482 -4.05097 -0.0974137 0.1
0.0302765 -2.56572 -0.657593 -6.55834 -0.61428 0.12
-0.0821656 -3.30464 -1.48589 -7.72081 -0.885176 0.1
-0.380345 -4.3797 -1.84175 -3.77153 -0.820443 0.18
-0.671813 -4.65752 -2.3709 -0.269092 -0.690316 0.14
-0.977576 -4.53262 -2.70991 2.24987 -0.481586 0.12
-0.915596 -3.40641 1.45511 7.77365 0.73771 0.2
-0.851368 -3.08866 1.73249 8.00974 0.82853 0.04
-0.777757 -2.77149 1.92539 7.74598 0.995775 0.04
-0.402779 -1.75906 2.33704 3.28267 0.887458 0.18
0.0691738 -1.58486 2.94683 -1.16952 0.562215 0.18
0.449285 -1.86495 3.35901 -3.37308 0.640799 0.12
0.73239 -2.1718 3.71327 -4.20491 0.926427 0.08
1.03642 -3.73838 -0.554346 -12.1093 0.582323 0.18
1.00909 -4.56743 -0.170354 -8.70831 -0.782714 0.08
0.975097 -5.35184 -0.576305 -4.37896 -0.962074 0.12
0.951198 -5.66227 -0.0268774 -3.50745 0.936058 0.08
0.949471 -5.88951 -0.0179048 -2.25958 0.156112 0.08
0.953031 -6.01469 0.139293 -1.9543 0.425191 0.06
1.00522 -6.29297 0.495362 -1.90217 0.463659 0.14
1.01077 -6.3202 0.11491 -0.961124 0.637208 0.02
1.00532 -6.34872 -0.239043 -0.145978 -0.521261 0.06
0.989031 -6.35529 -0.303442 -0.0767055 -0.139487 0.06
0.975646 -6.35666 -0.365571 0.0066078 -0.195257 0.04
0.99886 -6.54168 0.687295 -2.61647 0.812443 0.14
0.991423 -6.72345 -0.367255 -1.08982 -0.490436 0.14
0.899137 -6.81881 -1.16048 -0.590349 -0.895726 0.12
0.875265 -6.83146 -1.22665 -0.675166 -0.536075 0.02
0.724254 -6.89958 -1.78994 -0.723535 -0.823848 0.1
0.239418 -7.0695 -3.04606 -1.12964 -0.938925 0.2
-0.292519 -7.53765 -2.93127 -4.00989 0.0246917 0.18
-0.603346 -8.01028 -3.32124 -5.4847 -0.281332 0.1
-1.04936 -8.87265 -0.0551893 -0.69394 0.665847 0.16
