-0.186632 1.62075 0.0657902 0.0209079 0 0
-0.260782 2.01899 -0.745199 3.60456 -0.6994 0.2
-0.203989 3.22547 1.25356 7.78729 0.979328 0.2
0.114469 4.45676 1.91781 3.78213 0.991493 0.2
0.47032 4.72679 2.58605 -0.300154 0.707099 0.16
0.971418 4.25238 2.33888 -4.24925 -0.0135097 0.2
1.04156 3.88397 -0.161189 -8.25349 0.308594 0.06
1.03573 3.71392 -0.388516 -8.68794 -0.425314 0.02
0.921972 2.59698 -1.21421 -8.7794 -0.967748 0.12
0.703705 1.51656 -1.41459 -3.28326 -0.798911 0.18
0.340295 1.38491 -2.6514 1.63494 -0.965639 0.18
-0.253231 2.08605 -3.17626 5.00657 -0.609163 0.2
-0.799544 2.91694 -3.76345 4.65272 -0.749071 0.16
-1.07545 3.58779 0.30918 13.071 -0.646871 0.1
-1.06493 3.85152 0.655546 13.091 0.517803 0.02
-1.01398 4.95752 0.252124 9.04344 0.318889 0.1
-0.976628 6.01155 0.451934 4.38861 0.363595 0.16
-0.819468 6.60763 1.06645 2.26541 0.294854 0.2
-0.740526 7.12548 0.124912 5.03741 -0.831403 0.14
-0.717657 7.42566 0.63653 5.05891 0.917968 0.06
-0.542283 8.23554 1.9404 6.86738 0.857238 0.14
-0.0564651 9.72 3.14449 8.32604 0.544826 0.18
0.348038 10.5357 1.54218 1.3425 -0.651123 0.18
