0.0780781 -1.75865 -0.0900941 0.0293254 0 0
0.047434 -2.09628 -0.300733 -3.59504 -0.0221214 0.18
-0.0958777 -2.85197 -1.77577 -7.07589 -0.996634 0.14
-0.212705 -3.28569 -2.0754 -7.18133 -0.653641 0.06
-0.690756 -4.39719 -2.70979 -3.3138 -0.924305 0.2
-0.745951 -4.45866 -2.81105 -2.83258 -0.985354 0.02
-0.979725 -4.60457 -3.04809 -0.843408 -0.567977 0.08
-0.99367 -4.40151 0.830711 3.17262 0.915324 0.14
-0.907059 -4.07934 1.35586 4.88207 0.598524 0.08
-0.766693 -3.61122 2.162 6.78078 0.880991 0.08
-0.721903 -3.47256 2.31434 7.07184 0.643165 0.02
-0.400885 -2.60235 2.87416 6.66028 0.815049 0.12
0.197017 -1.76661 3.24479 1.69098 0.690558 0.2
0.844959 -1.82209 3.94719 -2.10148 0.663783 0.18
1.04608 -2.44862 -0.688827 -8.35944 -0.527062 0.12
0.892096 -3.55194 -1.60607 -8.97437 -0.885558 0.12
0.572844 -4.75001 -1.80218 -3.01678 -0.769069 0.2
0.171556 -4.83502 -2.22898 1.90881 -0.300779 0.2
-0.369739 -4.10488 -3.09511 4.89886 -0.869972 0.2
-0.556907 -3.7962 -3.1498 5.3188 -0.509695 0.06
-0.681806 -3.57805 -3.10129 5.54654 -0.153393 0.04
-1.03498 -2.44942 0.210959 11.0586 0.158005 0.16
-1.0294 -2.23265 0.31596 10.5497 -0.566468 0.02
-1.01741 -1.84047 0.255631 9.02633 -0.764595 0.04
-1.00159 -0.830067 0.0198353 4.03369 -0.808717 0.16
-1.00035 -0.488696 0.00266239 1.85068 -0.337493 0.12
-1.00067 -0.363483 -0.00124001 0.712033 -0.872174 0.1
