-0.17589 -1.51116 0.0913717 0.0211679 0 0
-0.217681 -1.7818 -0.658096 -3.33881 -0.609826 0.16
-0.269284 -2.2716 -0.214752 -4.61698 0.803492 0.12
-0.347935 -3.23715 -0.514628 -5.19522 -0.0633581 0.18
-0.346642 -3.57503 0.525185 -1.60708 0.943899 0.1
-0.279063 -3.71055 0.220495 0.0971315 -0.364418 0.18
-0.21501 -3.52718 0.6869 2.3475 0.261911 0.14
0.0399505 -2.82384 2.03066 4.61067 0.903645 0.18
0.535128 -2.11715 2.91975 2.01006 0.906315 0.2
0.919437 -2.07876 2.5836 -1.32521 -0.139708 0.14
0.950683 -3.2371 -1.19066 -7.93212 -0.775744 0.2
0.689843 -4.38983 -1.68179 -4.24098 -0.93932 0.18
0.517557 -4.67432 -1.80323 -1.50733 -0.38075 0.1
0.400235 -4.72005 -2.11077 -0.0352391 -0.768279 0.06
0.15694 -4.61321 -2.74321 2.08698 -0.960821 0.1
-0.447865 -3.89194 -3.25475 4.6541 -0.63144 0.2
-0.510975 -3.79378 -3.05549 5.15978 0.883751 0.02
-0.56997 -3.68549 -2.84366 5.66485 0.939164 0.02
-1.06011 -2.43841 0.595519 11.6994 -0.860848 0.2
-0.94422 -0.849539 0.940323 4.23508 0.996944 0.2
-0.746861 -0.505225 1.5529 0.311385 0.328453 0.16
-0.333551 -0.885338 2.95316 -4.23838 0.895359 0.18
0.327657 -2.05559 3.47889 -7.12004 0.849784 0.2
1.01446 -3.25108 3.65452 -6.65245 0.93281 0.18
1.01926 -5.01072 -0.311697 -10.8612 0.737307 0.14
0.919135 -6.52765 -1.09835 -4.78377 -0.665014 0.2
0.879948 -6.72903 -0.865417 -5.29311 0.77416 0.04
0.807404 -7.15947 -0.957796 -5.55951 0.048473 0.08
0.733821 -7.4907 -1.49506 -5.58128 -0.909442 0.06
0.37653 -8.7041 -2.58236 -8.12535 -0.224964 0.18
0.0764316 -9.58193 -3.26287 -8.8098 -0.621575 0.1
-0.174776 -10.1962 -2.99499 -6.41011 -0.304634 0.08
-0.500448 -10.7071 -1.78568 -1.31064 0.770155 0.14
