-0.126318 -0.545134 -0.00460634 0.082555 0 0
-0.0108658 -0.89902 1.3691 -4.22642 0.988263 0.16
0.27162 -1.90781 1.62382 -6.82417 0.616636 0.18
0.376511 -3.08737 -0.0460887 -9.71585 -0.91857 0.14
0.374274 -3.28162 -0.167339 -9.66965 -0.959928 0.02
0.324348 -4.62165 -0.43691 -4.77138 -0.962724 0.18
0.273312 -4.95011 -0.632398 -1.85392 -0.413382 0.1
0.0378895 -4.83675 -1.94857 2.82507 -0.996592 0.18
-0.340724 -4.17477 -2.72209 5.09542 -0.987888 0.16
-0.446991 -3.95892 -2.58973 5.68137 -0.0216639 0.04
-0.99975 -3.08609 -3.73185 3.05983 -0.870883 0.18
-1.0642 -2.77374 0.00430317 11.161 0.151025 0.04
-1.05833 -2.54373 0.482792 11.591 0.905932 0.02
-1.02609 -1.90358 0.453879 9.48436 0.995999 0.06
-0.91795 -0.791182 1.11877 2.93867 0.955382 0.18
-0.553408 -0.791212 2.49822 -2.59055 0.720019 0.2
-0.309118 -1.10831 2.37066 -3.78145 -0.138942 0.1
-0.210999 -1.27464 2.52807 -4.52037 0.722566 0.04
-0.159882 -1.36841 2.58185 -4.85347 0.66241 0.02
0.419691 -2.57842 3.20661 -6.48927 0.951033 0.2
1.07078 -3.75736 -0.187029 -12.1979 0.90729 0.2
1.06217 -4.00336 -0.583664 -12.201 -0.775484 0.02
0.968298 -5.691 -0.662186 -4.90816 -0.693337 0.2
0.727137 -6.16695 -1.74269 -0.394924 -0.515805 0.2
0.475417 -6.4154 -0.766507 -2.20473 0.554653 0.2
0.408425 -7.09739 0.0425488 -4.74714 0.49675 0.2
0.416822 -7.87955 -0.00454639 -6.46291 0.311074 0.14
0.415161 -8.0116 -0.163302 -6.74846 -0.481265 0.02
0.425954 -9.41196 0.575303 -5.70615 0.87138 0.2
0.653697 -9.95906 1.92462 -0.426576 0.650588 0.18
