-0.0505265 -1.92149 -0.00380532 0.0135905 0 0
-0.0255245 -2.0966 0.347276 -2.37593 0.486119 0.14
0.0123797 -2.32129 0.598752 -3.16664 0.632354 0.08
0.0302619 -2.75704 -0.248794 -5.44593 -0.787628 0.1
-0.0479148 -3.47858 -0.942928 -5.97568 -0.761662 0.12
-0.244811 -4.24107 -1.52687 -3.21677 -0.91839 0.16
-0.404654 -4.28527 -0.101489 2.43534 0.830639 0.2
-0.310247 -3.48618 1.19853 6.21435 0.644599 0.18
-0.150091 -2.8105 1.90207 6.78579 0.941101 0.1
0.237914 -1.8952 2.45656 3.0514 0.907007 0.18
0.473971 -1.72656 2.28878 0.402681 -0.0835943 0.1
0.57049 -1.72734 2.53715 -0.432237 0.960471 0.04
0.94253 -1.98204 2.74889 -3.0674 0.364301 0.14
0.997721 -2.93205 -0.975146 -9.02055 -0.845496 0.14
0.727948 -4.4746 -1.53927 -5.11193 -0.976046 0.2
0.308927 -4.9209 -2.77637 0.543516 -0.987557 0.2
0.130497 -4.84461 -3.16496 1.96507 -0.921885 0.06
-0.59687 -4.10335 -4.01831 4.95376 -0.874755 0.2
-0.675715 -4.00001 -3.86505 5.37984 0.5567 0.02
-1.03086 -2.02008 0.475085 12.7478 -0.927309 0.2
-1.01595 -1.54656 0.276791 10.971 0.807489 0.04
-0.913814 -0.101702 1.2538 3.62714 0.939866 0.2
-0.592599 0.156174 2.71577 0.02289 0.999363 0.16
-0.0612651 -0.015657 3.92665 -2.19168 0.913734 0.16
0.77287 -0.566691 4.41747 -3.62469 0.329262 0.2
0.862482 -0.643073 4.54239 -4.01153 0.826939 0.02
0.953845 -0.72584 4.59289 -4.26582 0.421202 0.02
0.928344 -0.336525 -1.64645 3.09109 -0.998287 0.2
0.727874 -0.0936054 -0.882477 0.252942 0.42639 0.16
0.691762 -0.0835411 -0.923275 0.252304 -0.155238 0.04
0.674669 -0.0821796 -0.786362 -0.113299 0.704182 0.02
0.658439 -0.0836002 -0.836598 -0.0295496 -0.306507 0.02
0.422226 0.123322 -2.11291 2.62369 -0.915426 0.16
0.181593 0.317811 -0.608256 -0.0699667 0.965864 0.18
0.148963 0.299992 -0.207917 -0.374163 0.659146 0.08
0.154027 0.249037 0.268183 -0.243748 0.388933 0.18
0.16791 0.250083 0.195684 0.267993 -0.0493919 0.06
0.173027 0.253768 0.315788 0.102154 0.7445 0.02
