0.145117 -0.961494 -0.0292967 0.0786208 0 0
0.159226 -1.03608 0.372343 -1.89085 0.535041 0.08
0.146592 -1.58537 -0.577354 -4.35777 -0.672821 0.18
0.012187 -2.2455 -1.72894 -6.79883 -0.873644 0.12
-0.188543 -2.98787 -2.21342 -7.69931 -0.21916 0.1
-0.331365 -3.45095 -2.49683 -7.50991 -0.810205 0.06
-0.797491 -4.40551 -2.29752 -2.08996 -0.359556 0.2
-1.01021 -4.22695 0.278048 3.59296 -0.000974425 0.2
-0.993549 -4.06544 0.559953 4.48124 0.636953 0.04
-0.9475 -3.75984 0.979935 5.67841 0.538681 0.06
-0.89985 -3.51364 1.39947 6.60105 0.95556 0.04
-0.628158 -2.51766 2.27086 6.58678 0.996121 0.14
-0.231543 -1.76711 2.78005 2.70391 0.922607 0.16
-0.116632 -1.67909 2.96991 1.70082 0.833976 0.04
0.493575 -1.74638 3.79809 -2.23101 0.739042 0.18
0.724791 -1.91199 3.90167 -3.26082 0.457062 0.06
1.0705 -2.37643 0.700381 -9.39056 0.252204 0.1
1.06176 -2.81765 -0.687352 -11.8305 -0.911995 0.04
1.0267 -3.29605 -0.99658 -11.8581 -0.928164 0.04
0.847881 -4.99567 -1.0226 -4.98828 -0.989981 0.2
0.803599 -5.16892 -1.20296 -3.67685 -0.740889 0.04
0.407599 -5.26058 -2.76285 2.44033 -0.924944 0.2
-0.184624 -4.48606 -3.67537 5.76805 -0.968725 0.18
-0.467078 -3.97723 -3.3744 6.92016 -0.110847 0.08
-0.594605 -3.68408 -3.00456 7.71553 0.5709 0.04
-1.04558 -2.50482 -0.698008 10.3343 -0.0755027 0.16
-0.998626 -0.801372 0.208401 5.35427 0.273422 0.2
-0.946407 -0.430677 0.87014 2.14575 0.691403 0.1
-0.85683 -0.338948 1.36578 0.216902 0.577761 0.08
-0.696557 -0.406934 1.83285 -1.53456 0.447714 0.1
-0.309196 -0.940289 2.92311 -4.95311 0.860804 0.16
-0.250291 -1.04218 2.96567 -5.23457 0.53919 0.02
0.268109 -2.06802 3.40623 -7.32026 0.989228 0.16
0.776589 -3.06429 4.06153 -5.98113 0.966929 0.14
1.06516 -3.58966 0.876653 -12.0569 0.1872 0.08
1.06996 -3.85062 -0.211805 -13.584 -0.0322433 0.02
1.06115 -4.12227 -0.582449 -13.4008 -0.884517 0.02
0.996485 -5.60761 -0.452637 -7.98656 -0.886543 0.14
0.988953 -6.65558 0.237129 -7.36287 0.638001 0.14
0.960526 -8.12195 -0.65133 -8.07445 0.0223971 0.2
0.870276 -9.14029 -0.727108 -8.36558 0.624187 0.12
0.854373 -9.30909 -0.856648 -8.48735 -0.639126 0.02
0.641068 -10.6788 -1.18416 -4.29258 -0.765422 0.2
0.601255 -10.8227 -0.816934 -2.93869 0.998629 0.04
