0.0308377 1.62508 0.0693613 0.0502724 0 0
0.0986025 2.06722 0.690982 4.22135 0.30059 0.2
0.43542 3.35889 2.52587 7.69273 0.927328 0.2
0.923079 4.41613 2.92786 3.65459 0.87299 0.18
0.98938 4.46629 -0.639021 -2.12098 -0.489555 0.18
0.976702 4.42014 -0.629468 -2.49165 0.209363 0.02
0.870918 4.05044 -1.5233 -4.92874 -0.951438 0.1
0.460888 2.87019 -2.83659 -7.08701 -0.756911 0.18
0.0970867 2.13289 -3.20563 -4.89203 -0.986772 0.12
-0.316663 1.72074 -3.74311 -1.96784 -0.95943 0.12
-0.616945 1.64423 -3.77212 0.0135173 -0.144211 0.08
-0.995106 1.75576 -3.77977 2.15686 -0.107397 0.1
-0.878236 3.0304 2.04577 8.72157 0.972202 0.2
-0.74508 3.55011 2.32826 8.3309 0.948389 0.06
-0.243276 4.69647 2.85997 2.9453 0.96372 0.2
-0.0612563 4.82317 3.21784 1.28733 0.9301 0.06
0.292509 4.82237 3.85583 -1.23406 0.907572 0.1
0.983283 4.3733 4.71683 -4.08898 0.950653 0.16
0.92214 2.60312 -1.45726 -10.3127 -0.966022 0.18
0.690317 1.32989 -1.40455 -4.06049 -0.772516 0.18
0.379687 1.08464 -2.52984 0.864767 -0.901269 0.16
0.165023 1.22636 -2.82249 2.62931 -0.462397 0.08
-0.216286 1.68766 -3.47579 4.87725 -0.99013 0.12
-0.355451 1.8945 -3.47758 5.45367 -0.469488 0.04
-1.03694 2.92608 -3.44167 6.89023 -0.909577 0.18
-1.0393 4.29311 0.597918 13.3615 0.677438 0.1
-1.02035 4.7901 0.354346 11.543 0.946201 0.04
-0.968801 6.18147 0.702504 5.97338 0.74278 0.16
-0.8826 6.56449 1.43909 3.80962 0.909737 0.08
-0.560973 7.04462 2.53245 2.69455 0.841643 0.16
-0.163194 7.98533 1.6413 6.31671 -0.822697 0.2
-0.13084 8.114 1.59511 6.54509 -0.942712 0.02
0.279042 9.44261 3.42358 9.63933 0.932916 0.16
0.745831 10.5403 3.1997 5.6597 0.555162 0.14
1.03994 10.9547 0.818728 2.3457 0.713896 0.1
