-0.118428 -1.34659 0.0817704 0.00824112 0 0
-0.0939286 -1.76473 0.0777519 -3.9859 0.0541416 0.2
-0.0926606 -2.35249 -0.0819852 -5.68639 0.205713 0.12
-0.100137 -2.82273 -0.0718755 -5.87328 0.306284 0.08
-0.173517 -3.84925 -0.56522 -4.47672 -0.573411 0.18
-0.201319 -4.15955 0.0494635 -0.858909 0.36964 0.12
-0.201643 -4.12513 -0.0560643 1.34921 -0.273025 0.12
-0.168704 -3.85953 0.735196 3.92077 0.812145 0.1
-0.15212 -3.776 0.923944 4.42922 0.908528 0.02
0.0688202 -2.95949 2.12502 6.57054 0.941355 0.14
0.510356 -2.00384 2.76514 3.49417 0.941647 0.18
0.979383 -1.80697 2.49801 -1.06602 -0.04705 0.18
0.905137 -2.75215 -1.63216 -7.30292 -0.966901 0.2
0.832409 -3.0568 -1.98614 -7.84591 -0.894354 0.04
0.79121 -3.21483 -2.12751 -7.92968 -0.964714 0.02
0.302387 -4.46551 -2.74672 -3.83559 -0.979309 0.2
-0.199282 -4.7447 -3.58135 0.25901 -0.864238 0.16
-1.03925 -4.29593 -3.87002 4.64799 -0.989825 0.2
-1.00198 -3.10467 1.48554 11.4532 0.945521 0.12
-0.707618 -1.40717 1.57404 5.09545 0.980055 0.2
-0.346301 -0.997206 2.5419 -0.385622 0.704542 0.18
0.0103161 -1.23398 3.35975 -3.39978 0.893217 0.12
0.73211 -2.23887 3.73739 -6.26173 0.673617 0.2
0.876117 -2.50348 3.46357 -6.95037 -0.318289 0.04
1.01047 -2.79045 2.71291 -8.57915 -0.193747 0.04
1.04228 -3.01122 0.746022 -12.8594 -0.206198 0.02
1.04741 -3.2875 -0.093771 -14.407 -0.760842 0.02
1.04199 -3.57803 -0.382052 -14.4652 -0.626911 0.02
1.01346 -4.61344 -0.227127 -11.2007 -0.910523 0.08
0.96886 -6.15119 -0.60699 -4.61479 -0.565821 0.2
0.832069 -6.62632 -1.31159 -2.59986 -0.50769 0.14
0.58866 -6.92553 -2.13841 -1.94373 -0.769593 0.14
0.220689 -7.19789 -3.10662 -2.13728 -0.990244 0.14
-0.44552 -7.71997 -4.33203 -3.92043 -0.948559 0.18
-1.0523 -8.51521 0.0681039 -1.17694 0.923798 0.18
