0.125184 -1.37104 0.0529416 -0.0207796 0 0
0.0186461 -1.75922 -1.19138 -3.857 -0.843378 0.2
-0.211759 -2.49226 -2.15975 -6.61391 -0.530193 0.14
-0.590375 -3.53597 -3.02787 -7.27394 -0.761966 0.14
-1.01772 -4.28806 -1.99598 -1.90254 -0.0167469 0.16
-0.939577 -3.89237 1.27185 4.54502 0.748702 0.18
-0.570302 -2.78411 2.62562 6.58802 0.865858 0.18
-0.058289 -1.95619 2.60162 1.69301 0.414774 0.2
0.431832 -1.92472 3.53171 -1.18503 0.958777 0.16
0.502384 -1.95244 3.52305 -1.58469 0.104645 0.02
1.07329 -2.63603 -0.29575 -10.7388 0.73895 0.18
1.06295 -2.85869 -0.669534 -11.3716 -0.840084 0.02
0.958263 -4.12702 -0.786142 -8.70588 -0.893473 0.12
0.788502 -5.1433 -1.39259 -2.65491 -0.975491 0.18
0.633663 -5.3081 -1.20097 -0.205455 0.336915 0.12
0.4719 -5.18268 -2.01176 2.60103 -0.987821 0.1
0.245918 -4.81891 -2.46704 4.57153 -0.776827 0.1
0.0389443 -4.40484 -2.68542 5.7118 -0.823693 0.08
-0.12224 -4.04134 -2.68562 6.35571 -0.571246 0.06
-0.605989 -3.10885 -3.55629 4.33141 -0.843321 0.16
-1.05627 -2.3058 0.480698 10.4655 -0.956794 0.16
-0.949376 -0.991749 0.929794 4.08057 0.975822 0.18
-0.736848 -0.761345 2.13957 -0.65769 0.967755 0.14
-0.292779 -1.20783 3.31184 -4.61135 0.969778 0.16
-0.0873831 -1.51489 3.51711 -5.58996 0.847925 0.06
0.585442 -2.67691 4.01343 -6.57856 0.937909 0.18
1.05868 -4.0015 -0.42685 -13.9349 0.161728 0.16
1.02759 -4.77087 -0.434777 -11.5372 -0.679678 0.06
0.931312 -6.37944 -1.04197 -4.89909 -0.720163 0.2
0.695535 -7.17076 -1.5595 -4.50017 -0.259164 0.18
0.359267 -8.1464 -2.28661 -6.60251 -0.210444 0.18
0.0466856 -9.04129 -2.88893 -8.08016 -0.0600289 0.12
-0.0661293 -9.35305 -2.72681 -7.40586 0.514647 0.04
-0.399852 -10.1418 -2.75554 -5.28734 -0.47759 0.12
-0.833602 -10.5548 -1.70888 0.696935 0.412754 0.2
