0.189806 0.334591 -0.01465 -0.000923309 0 0
0.181806 0.363697 -0.249913 0.956416 -0.343972 0.06
0.0847309 0.731195 -0.928728 3.60058 -0.449964 0.16
-0.0398823 1.19456 -1.50914 5.55754 -0.93803 0.1
-0.0684049 1.307 -1.3423 5.69473 0.770899 0.02
-0.190699 2.23582 -0.327273 7.79189 0.369235 0.14
-0.195084 2.396 -0.111111 8.22491 0.639724 0.02
-0.19476 2.56543 0.14237 8.71353 0.887889 0.02
-0.113076 3.67984 0.927648 8.71962 0.923778 0.12
0.0347605 4.68482 1.07486 3.86466 0.818318 0.16
0.132331 4.90136 1.3894 1.57278 0.648318 0.08
0.390437 4.85976 2.28617 -2.01471 0.873074 0.14
0.891134 4.20639 3.1959 -4.82803 0.966324 0.18
1.05372 3.63701 -0.174916 -11.0462 0.559694 0.08
1.0346 3.17692 -0.682865 -11.6884 -0.944174 0.04
1.0199 2.94465 -0.770951 -11.4832 -0.943106 0.02
0.915235 1.53218 -0.637988 -6.02661 -0.941979 0.16
0.773013 0.97498 -1.27456 -1.04486 -0.611883 0.16
0.440057 1.2234 -2.35638 3.49822 -0.734706 0.18
0.0682144 1.88585 -2.87904 5.74641 -0.873278 0.14
-0.574504 3.06427 -3.77931 4.69697 -0.88923 0.2
-1.0779 3.69021 -0.039141 11.3698 -0.867684 0.14
-1.07134 3.92535 0.569925 11.8591 0.901584 0.02
-0.973686 5.35742 0.760617 5.94532 0.995659 0.16
-0.967161 6.41317 -0.668474 5.52894 -0.883491 0.2
-1.01277 7.00343 0.149458 4.10944 -0.989742 0.12
-1.00279 7.47407 0.0455237 5.36896 -0.851349 0.1
-0.834133 8.81495 1.78398 8.52438 0.59387 0.2
-0.597697 9.82721 1.92433 7.41347 0.209169 0.12
-0.296924 10.6749 1.92255 3.15206 0.552144 0.16
-0.172411 10.8212 2.2379 1.72672 0.942713 0.06
