-0.152349 1.29013 0.0539882 -0.0726148 0 0
-0.0436798 1.64346 1.09642 3.57592 0.733793 0.2
-0.00321626 1.79915 0.931134 4.18981 -0.834858 0.04
0.214809 2.79849 1.48664 6.48291 0.0335856 0.18
0.353803 3.34091 1.92306 6.75796 0.704361 0.08
0.712912 4.2225 1.74084 1.95828 0.306288 0.2
0.852539 4.30508 1.75832 0.142649 0.20703 0.08
1.01011 3.7527 -0.178558 -5.04404 0.490943 0.2
1.0048 3.64748 -0.352161 -5.47268 -0.763604 0.02
0.848279 2.62287 -1.38813 -6.19128 -0.881991 0.16
0.674887 2.04286 -1.53702 -3.41204 -0.660285 0.12
0.286539 1.80614 -2.39809 0.900897 -0.76579 0.2
-0.105399 2.08421 -3.18188 2.8763 -0.956155 0.14
-0.234553 2.20886 -3.27472 3.33825 -0.576119 0.04
-0.654145 2.64218 -3.74201 3.62489 -0.738511 0.12
-1.06054 3.66866 0.610171 12.7365 -0.246602 0.16
-1.03578 4.15133 0.547377 11.2288 0.552579 0.04
-0.958422 5.53499 0.773196 4.37115 0.921282 0.18
-0.902665 5.83135 0.627671 3.13719 -0.324014 0.08
-0.896867 6.51851 -0.59703 4.2888 -0.777895 0.2
-0.923868 6.69691 -0.75102 4.64549 -0.528115 0.04
-0.981673 7.07784 -0.687955 4.96183 -0.0376076 0.08
-0.957044 8.14291 0.826904 6.50232 0.471885 0.2
-0.6476 9.61428 2.38601 8.89241 0.697255 0.18
-0.510429 10.0955 2.16817 7.05496 0.288934 0.06
-0.43231 10.3415 1.75263 5.29277 -0.621376 0.04
-0.234676 10.7647 1.60847 1.87797 0.185439 0.12
