-0.11828 -1.41239 -0.0932835 0.0985254 0 0
-0.27217 -1.78683 -1.51755 -3.8489 -0.968515 0.2
-0.336806 -1.956 -1.71988 -4.61055 -0.407677 0.04
-0.507406 -2.4739 -1.68922 -5.58965 0.417243 0.1
-0.710091 -3.10609 -2.30514 -6.71612 -0.560375 0.1
-1.01977 -3.82462 -0.0218937 0.952273 0.416651 0.2
-0.88361 -3.19539 1.30114 4.64188 0.639344 0.2
-0.649381 -2.5385 1.96307 4.18475 0.818951 0.14
-0.162695 -2.003 2.9479 0.986125 0.952051 0.2
0.157634 -1.99052 3.46089 -0.692837 0.868395 0.1
0.778781 -2.26243 4.29448 -2.47243 0.903524 0.16
1.04546 -3.31102 -0.607145 -11.882 0.909415 0.14
0.952137 -4.99986 -0.572755 -4.92698 -0.942308 0.2
0.885007 -5.28422 -1.14321 -2.18366 -0.990891 0.08
0.768761 -5.35672 -1.76732 0.324219 -0.879648 0.08
0.513876 -5.13676 -2.4441 3.20656 -0.691671 0.12
0.358846 -4.90846 -2.70829 4.36707 -0.771863 0.06
-0.0425603 -4.1514 -2.96871 6.24685 -0.733109 0.14
-0.207867 -3.74418 -2.54185 7.29297 0.334495 0.06
-0.701528 -2.83829 -3.80419 3.2211 -0.890527 0.16
-1.06658 -2.1948 0.646426 9.42394 -0.74576 0.14
-0.971715 -1.21402 0.813416 4.60934 0.796902 0.14
-0.713992 -0.915789 2.11559 -1.10972 0.863071 0.18
-0.573078 -1.03122 2.57078 -2.69586 0.935759 0.06
-0.467996 -1.15422 2.67828 -3.44473 0.407401 0.04
-0.0411836 -1.81869 3.33434 -5.80157 0.996653 0.14
0.599477 -2.93758 3.94772 -5.60389 0.855783 0.18
1.06273 -4.05484 -0.496877 -12.2678 0.00794561 0.16
0.974121 -5.78041 -0.590688 -5.21795 -0.598401 0.2
0.935112 -6.05504 -0.715241 -3.9991 -0.138782 0.06
0.802862 -6.66862 -0.723484 -3.33954 0.0511503 0.18
0.788453 -6.7363 -0.717422 -3.43259 0.0420162 0.02
0.707215 -6.98381 -1.30058 -2.88815 -0.892874 0.08
0.565945 -7.83082 -0.434349 -6.20698 0.849108 0.18
0.249513 -9.4537 -2.65747 -9.77385 -0.878838 0.2
0.195458 -9.64774 -2.73827 -9.59177 -0.908413 0.02
-0.137999 -10.6573 -1.58097 -3.40238 0.260134 0.16
-0.501706 -10.8838 -2.50779 0.768439 -0.857203 0.18
