-0.0843753 -0.845654 -0.0929665 -0.0275401 0 0
-0.0143814 -1.18083 0.893924 -3.90591 0.752485 0.16
0.0191262 -1.34765 0.77674 -4.44132 -0.227272 0.04
0.0528852 -1.63811 0.336216 -5.28081 -0.71864 0.06
0.0583664 -1.74693 0.210231 -5.6047 -0.439289 0.02
0.0616934 -1.98469 -0.0504054 -6.29318 -0.363726 0.04
0.0283813 -2.69101 -0.599883 -7.68715 -0.145028 0.1
-0.0722164 -3.50781 -1.25784 -7.98425 -0.872191 0.1
-0.349542 -4.6031 -1.65773 -2.79474 -0.825233 0.2
-0.591819 -4.75251 -2.40265 0.248973 -0.945836 0.12
-0.845153 -4.61823 -2.6494 2.36598 -0.413345 0.1
-1.04244 -4.35552 -0.654875 5.24526 -0.955673 0.08
-1.0323 -3.97267 0.460727 6.9756 -0.197208 0.06
-0.832135 -2.65149 1.7035 8.09943 0.901853 0.16
-0.496054 -1.61439 1.85892 2.35687 0.645105 0.2
-0.0113859 -1.64049 2.98033 -2.34748 0.846147 0.2
0.437755 -2.12803 3.39742 -4.40866 0.685891 0.14
0.577081 -2.30909 3.57076 -4.6127 0.939385 0.04
1.07297 -3.29888 -0.288246 -13.7101 0.756353 0.16
1.04953 -3.85042 -0.66177 -13.2833 -0.767924 0.04
1.0134 -4.76816 -0.243332 -9.75283 -0.769662 0.08
0.959079 -5.76899 -0.813771 -4.52965 -0.945367 0.14
0.93529 -6.74384 0.554205 -5.84855 0.88261 0.2
0.958884 -6.98258 0.62009 -6.1029 0.449785 0.04
0.984314 -7.23286 0.644605 -6.4215 0.435953 0.04
1.00895 -7.75609 -0.0636633 -6.72762 0.565962 0.08
0.962627 -8.82034 -0.61146 -8.3771 0.228753 0.14
0.950548 -8.9873 -0.590567 -8.29544 0.601347 0.02
0.924809 -9.31906 -0.670723 -8.18823 -0.0610848 0.04
0.903111 -9.62423 -0.395177 -6.99242 0.509246 0.04
0.958955 -10.2533 0.997931 -1.16565 0.693478 0.16
