-0.147441 -0.12343 0.00748867 0.0300488 0 0
-0.153876 -0.113781 -0.168053 0.209648 -0.282257 0.08
-0.158049 -0.10826 -0.249198 0.341974 -0.486388 0.02
-0.194728 -0.0511063 -0.667763 1.08925 -0.616529 0.08
-0.387801 0.280091 -1.27641 2.4274 -0.354122 0.2
-0.48855 0.483738 -1.24513 2.72334 0.0575617 0.08
-0.684814 1.02814 -1.17756 4.22241 0.0267037 0.16
-0.829405 1.98384 -0.313455 6.63621 0.283841 0.18
-0.684064 3.66459 1.3273 8.36761 0.846611 0.2
-0.431139 4.7064 1.65776 3.18008 0.866719 0.18
-0.397429 4.76432 1.7149 2.6143 0.538897 0.02
-0.364019 4.81129 1.62732 2.08739 -0.55931 0.02
0.0275819 4.72952 2.26573 -2.62973 0.457668 0.2
0.579517 3.91716 3.20559 -4.88476 0.959872 0.2
1.06674 3.01008 0.000793101 -12.5276 0.858204 0.16
1.0607 2.75056 -0.499945 -13.1467 -0.471364 0.02
0.997073 1.11658 -0.330304 -7.11126 -0.98465 0.16
0.909816 0.532158 -1.23857 -2.63552 -0.988263 0.12
0.788584 0.412415 -1.79184 -0.428266 -0.660999 0.08
0.751244 0.409094 -1.94177 0.0923853 -0.742047 0.02
0.238704 0.858162 -3.10287 4.19688 -0.662098 0.2
-0.165191 1.488 -3.55185 6.17919 -0.843334 0.12
-0.833051 2.74417 -3.95603 6.97366 -0.924515 0.18
-0.911152 2.88524 -3.85782 7.11569 0.332515 0.02
-1.0479 4.0951 0.545363 14.8291 -0.97623 0.1
-1.00791 5.56392 0.126046 10.0675 -0.953564 0.12
-0.914017 6.60205 1.36291 5.11042 0.984996 0.14
-0.61457 7.68831 1.7178 6.22552 -0.0124351 0.2
-0.185793 9.0471 3.08379 8.91481 0.351075 0.18
0.00746291 9.58287 3.28621 8.66189 0.451794 0.06
0.336488 10.3377 3.25951 6.18536 0.69637 0.1
0.467915 10.5632 3.32004 5.08941 0.85498 0.04
0.89743 10.9741 2.903 1.00111 -0.175098 0.14
