-0.0928164 -1.1731 -0.0438742 -0.0187844 0 0
-0.0167527 -1.4962 0.925743 -3.74938 0.847023 0.16
0.0360715 -2.07498 -0.106082 -6.02941 -0.836566 0.12
0.026826 -2.33019 -0.358829 -6.72454 -0.276515 0.04
0.0176272 -2.46917 -0.561283 -7.17081 -0.733993 0.02
-0.00941004 -2.76577 -0.77933 -7.60439 -0.248894 0.04
-0.216418 -3.99553 -1.52779 -6.41948 -0.943799 0.16
-0.521451 -4.7035 -2.01379 -1.51961 -0.747061 0.18
-0.633213 -4.74983 -1.71526 -0.0539518 0.689475 0.06
-0.813946 -4.59815 -1.27779 2.52457 0.471507 0.12
-0.899749 -4.41723 -1.57479 3.46479 -0.899742 0.06
-1.02675 -3.81041 0.216394 7.45037 -0.648964 0.12
-0.949591 -2.96847 1.19001 8.8117 0.987141 0.1
-0.716893 -1.76343 1.44607 4.19434 0.859679 0.18
-0.621151 -1.56184 1.76205 2.52657 0.971536 0.06
-0.462855 -1.44649 2.2074 0.384177 0.820895 0.08
0.0992524 -1.81949 3.33577 -3.72119 0.8993 0.2
0.735191 -2.65869 3.75449 -5.02149 0.656745 0.18
1.02357 -4.53013 -0.381062 -10.8809 -0.158013 0.2
0.960417 -5.88863 -0.757006 -4.39432 -0.767877 0.18
0.921435 -6.73826 0.307888 -5.52581 0.770485 0.18
0.927986 -7.38547 -0.20558 -5.55396 -0.3122 0.12
0.882666 -7.84954 -0.942979 -6.19149 -0.870649 0.08
0.843077 -8.10793 -1.04255 -6.72917 0.264242 0.04
0.68825 -9.24779 -0.718499 -6.60379 0.722677 0.16
0.754742 -9.87274 1.3643 0.296045 0.997811 0.2
