0.152104 0.881986 -0.0842786 -0.061538 0 0
0.159458 0.940326 0.235282 1.20824 0.568453 0.1
0.136125 1.33839 -0.499328 4.28221 -0.724894 0.14
0.130249 2.36213 0.55017 7.2328 0.334277 0.18
0.161868 2.67114 1.0274 8.19583 0.923897 0.04
0.381049 3.86772 1.79683 7.58719 0.975418 0.14
0.445153 4.13578 1.4242 5.86214 -0.408481 0.04
0.5499 4.50147 1.23676 3.3548 0.134831 0.08
0.825043 4.7135 2.24431 -0.615481 0.98277 0.16
0.999199 4.59525 2.09968 -2.31029 -0.187933 0.08
1.0268 4.29872 -0.330744 -4.67705 0.396077 0.08
0.908174 3.55871 -1.68274 -7.65674 -0.996407 0.12
0.872421 3.40175 -1.88864 -8.0205 -0.939913 0.02
0.789683 3.07184 -2.22214 -8.36314 -0.995571 0.04
0.696859 2.74218 -2.395 -8.0128 -0.993223 0.04
0.345867 1.8547 -2.6675 -4.47818 -0.946403 0.14
-0.0709046 1.49473 -3.35393 -0.70999 -0.869772 0.14
-0.207806 1.48602 -3.49143 0.264407 -0.499048 0.04
-0.986025 1.95097 -4.20762 4.03049 -0.663609 0.2
-0.951398 3.47302 1.40103 10.6 0.973984 0.16
-0.705125 4.85706 1.5374 4.70691 0.995492 0.18
-0.61667 5.0884 1.43007 3.04342 -0.134706 0.06
-0.286744 5.17104 2.70251 -1.82021 0.982234 0.16
0.0852522 4.78705 3.44079 -4.40097 0.969914 0.12
0.520121 4.15665 3.7721 -5.92373 0.85412 0.12
1.03403 2.50282 -0.0370353 -12.6273 -0.69171 0.2
0.991124 0.777056 -0.398763 -6.22628 -0.921203 0.18
0.805227 0.101717 -1.50721 -1.08111 -0.556473 0.2
0.774407 0.0824772 -1.57445 -0.846414 -0.326551 0.02
0.388432 0.199816 -2.69928 2.05244 -0.683438 0.18
-0.0318173 0.612206 -3.28561 3.89852 -0.50641 0.14
-0.098972 0.694422 -3.42809 4.31965 -0.959751 0.02
-0.316369 0.989366 -3.79784 5.47425 -0.996006 0.06
-0.95614 2.04374 -4.08647 7.51267 -0.888714 0.16
-1.07706 2.6925 0.340915 14.6717 -0.842652 0.06
-1.06583 2.99248 0.699195 15.1269 0.553509 0.02
-0.999781 4.55752 0.157787 10.2805 0.998684 0.12
-1.00117 5.83857 0.0148733 4.75173 -0.501499 0.18
-0.937294 6.44588 0.587805 1.99478 0.242673 0.2
-0.847702 6.97459 0.314798 3.5438 -0.135313 0.2
-0.829182 7.73436 0.0205633 5.89216 -0.448774 0.16
-0.812915 8.39124 0.338482 7.25158 -0.191505 0.1
-0.715646 9.23713 1.56145 9.47982 0.939387 0.1
-0.683734 9.42584 1.62029 9.35526 0.408664 0.02
-0.45327 10.5238 1.60015 5.82469 0.700441 0.14
-0.250009 11.0123 1.8681 2.37427 0.66499 0.12
