0.0656326 -2.12701 -0.0398564 -0.0989326 0 0
-0.0302574 -2.59355 -0.960678 -4.28274 -0.399782 0.2
-0.09495 -2.87099 -1.1859 -4.88441 -0.290638 0.06
-0.436869 -3.88687 -2.05165 -4.0786 -0.762005 0.2
-0.654928 -4.13586 -1.12193 0.28132 0.60437 0.14
-0.74487 -3.67143 0.170783 4.68682 0.705698 0.18
-0.721167 -3.35842 0.608114 5.65776 0.685672 0.06
-0.671015 -2.99976 1.03464 6.13967 0.891894 0.06
-0.390131 -2.02367 1.75285 2.98035 0.879073 0.2
-0.0442812 -1.81656 2.60354 -0.327725 0.909543 0.16
0.297681 -1.98594 3.08222 -2.38288 0.707216 0.12
0.36012 -2.03626 3.16132 -2.64501 0.763348 0.02
1.00407 -2.79183 2.74274 -5.5599 0.345836 0.2
1.03679 -2.95235 0.800363 -9.86777 -0.874018 0.02
1.04309 -3.16977 -0.0347755 -11.5336 -0.286171 0.02
1.03873 -3.40485 -0.336241 -11.7977 -0.725064 0.02
1.00942 -4.42587 -0.150417 -8.30846 0.704052 0.1
0.992648 -5.383 -0.20559 -2.63761 -0.259692 0.18
0.919768 -5.49434 -0.707635 1.05846 -0.235402 0.16
0.760033 -5.1121 -1.50757 4.21384 -0.736406 0.14
0.69582 -4.92858 -1.69511 4.94406 -0.900707 0.04
0.34921 -3.83189 -2.11904 6.73683 -0.8668 0.18
0.30786 -3.6946 -2.01758 6.98244 0.15785 0.02
0.128475 -3.18359 -2.53317 5.49492 -0.861364 0.08
-0.245266 -2.76056 -3.69198 1.53834 -0.916722 0.12
-1.04517 -2.92415 -4.18914 -0.712085 -0.864089 0.18
-1.09469 -2.69027 0.403057 9.16329 0.273897 0.04
-1.08123 -2.50107 0.834735 9.50366 0.663624 0.02
-0.943462 -1.39588 1.02584 4.27835 0.87907 0.16
-0.694456 -1.11545 2.14903 -0.660272 0.9251 0.16
-0.561464 -1.19413 2.27825 -1.93978 0.226518 0.06
-0.0157333 -1.97409 3.04181 -5.43842 0.782729 0.2
0.682407 -3.04725 4.15442 -4.01882 0.969175 0.2
1.0909 -3.68647 -0.381682 -13.0469 0.966159 0.12
1.00184 -5.23063 -0.525035 -8.31359 -0.985019 0.14
0.993508 -6.1184 0.297354 -6.86356 0.654845 0.12
1.00218 -6.93236 -0.0312548 -5.57116 0.598136 0.14
1.00037 -8.24007 -0.00240316 -7.64011 0.997574 0.2
0.990884 -8.88339 -0.204442 -8.28938 0.413995 0.08
0.985647 -9.05107 -0.314476 -8.45899 -0.222715 0.02
0.96036 -9.55709 -0.465987 -8.15478 -0.313133 0.06
0.931672 -10.4134 0.0324093 -3.98347 -0.110062 0.14
0.938733 -10.545 0.311604 -2.6261 0.616383 0.04
