-0.185172 -1.21986 -0.0464307 -0.0748208 0 0
-0.169014 -1.39343 0.289659 -2.71577 0.346393 0.12
-0.0769005 -2.15816 0.643921 -5.47701 0.573435 0.18
-0.0597572 -2.67452 -0.224081 -7.40335 -0.894898 0.08
-0.168638 -3.78402 -1.06581 -7.2511 -0.951845 0.14
-0.350364 -4.59148 -1.33126 -2.85734 -0.750422 0.16
-0.404137 -4.68399 -1.36253 -1.77816 -0.234 0.04
-0.432418 -4.71439 -1.46635 -1.264 -0.797115 0.02
-0.461558 -4.73464 -1.4482 -0.763361 0.104158 0.02
-0.732886 -4.56596 -1.91396 2.68999 -0.468803 0.16
-0.949115 -4.22429 -2.39429 4.0157 -0.928601 0.1
-1.03189 -3.71401 0.273768 8.62029 0.700926 0.08
-0.993977 -3.16055 0.929722 9.59521 0.999149 0.06
-0.974156 -2.96905 1.04256 9.51555 0.981067 0.02
-0.765711 -1.66003 1.33799 4.62157 0.978259 0.18
-0.380381 -1.32263 2.60921 -1.08759 0.939406 0.2
-0.0397217 -1.60783 3.03057 -3.54427 0.579467 0.12
0.529173 -2.47305 3.25359 -5.65631 0.560481 0.18
1.06527 -3.59912 -0.206234 -12.7173 0.675641 0.18
1.05689 -3.85567 -0.550276 -12.7395 -0.973196 0.02
1.01317 -4.93154 -0.219024 -8.76475 0.951689 0.1
0.931464 -5.87473 -1.05799 -3.07588 -0.841316 0.16
0.828372 -6.04177 -1.5166 -1.18693 -0.527457 0.08
0.770432 -6.08981 -1.37957 -1.22446 0.458038 0.04
0.662601 -6.33085 -0.411177 -2.8743 0.942253 0.12
0.670476 -6.87485 0.492608 -4.97199 0.792825 0.14
0.674342 -7.44044 -0.417748 -4.79915 -0.817348 0.12
0.620921 -7.98471 -0.689888 -6.12623 0.00505319 0.1
0.449985 -9.00984 -1.76342 -8.44844 -0.382552 0.14
0.377187 -9.34745 -1.84933 -8.32323 -0.115971 0.04
0.201645 -10.1962 -0.37596 -2.31686 0.698818 0.16
