-0.153857 -1.0794 -0.077126 -0.0402822 0 0
-0.173731 -1.4667 -0.195801 -3.69859 -0.113237 0.2
-0.185799 -1.62771 -0.412983 -4.3589 -0.548817 0.04
-0.29185 -2.28747 -1.41506 -6.74124 -0.693215 0.12
-0.519417 -3.20942 -2.24772 -8.02852 -0.573103 0.12
-0.90782 -4.26692 -1.71141 -2.46013 -0.145558 0.2
-1.017 -4.23657 0.263056 2.51983 -0.52357 0.16
-0.971063 -3.49704 0.171499 4.28036 -0.273074 0.2
-0.944911 -3.20652 0.685862 5.29947 0.920248 0.06
-0.690133 -2.18998 1.72545 3.77914 0.984777 0.2
-0.405489 -1.86308 2.38125 0.889847 0.893925 0.14
-0.0203736 -1.92446 3.11555 -1.64593 0.864879 0.14
0.510628 -2.36806 3.50344 -3.6283 0.566149 0.16
0.876449 -2.7418 3.83616 -3.65081 0.625971 0.1
1.01457 -4.66333 -0.244864 -9.05037 0.91977 0.2
0.928895 -5.70776 -1.0439 -2.61585 -0.85675 0.18
0.864883 -6.27783 0.445374 -3.63293 0.957348 0.2
0.879984 -6.41292 0.31219 -3.15445 -0.287904 0.04
0.98214 -7.05095 0.925498 -4.95396 0.514793 0.16
1.00854 -7.50721 -0.22617 -4.61354 -0.561545 0.1
0.977708 -8.71058 -0.176562 -7.06681 0.541188 0.2
0.974868 -8.85123 -0.10377 -6.98063 0.905432 0.02
0.971332 -8.99391 -0.247541 -7.27483 -0.482225 0.02
1.01435 -9.86358 0.163187 -4.62492 0.781237 0.16
1.01053 -10.1349 -0.131263 -4.03644 0.629862 0.06
0.982791 -10.448 -0.440009 -2.19252 -0.726956 0.1
