-0.194897 2.70571 0.063087 0.0370193 0 0
-0.157091 2.92226 0.289929 1.81785 0.0364405 0.2
-0.151633 2.95819 0.255392 1.77152 -0.220616 0.02
-0.10232 3.22914 0.42522 1.88991 0.162543 0.14
-0.119129 3.26987 -0.569441 -1.27831 -0.481724 0.2
-0.199204 3.09124 -1.01802 -2.16815 -0.518485 0.1
-0.271721 2.94489 -1.3912 -2.64672 -0.797275 0.06
-0.362571 2.78709 -1.6309 -2.5605 -0.634662 0.06
-0.550407 2.54705 -2.11512 -2.12484 -0.806273 0.1
-1.02147 2.37437 -2.12644 1.19146 -0.526966 0.2
-1.04069 2.65456 0.411881 6.17745 -0.591996 0.06
-1.01655 2.91737 0.786045 6.90968 0.877332 0.04
-0.999212 3.0579 0.943344 7.12308 0.870682 0.02
-0.903967 3.62889 1.36712 6.80381 0.971056 0.08
-0.583162 4.53323 1.9656 2.08554 0.858585 0.2
-0.196409 4.57191 2.87632 -1.46101 0.89163 0.16
0.242626 4.20105 3.36377 -3.64589 0.695347 0.14
0.740233 3.62097 3.77448 -4.271 0.666232 0.14
1.02979 2.06446 -0.450038 -11.2672 -0.492968 0.18
1.00591 1.29542 -0.230154 -8.07778 -0.92505 0.08
0.927933 0.437674 -0.952094 -2.75866 -0.679766 0.16
0.751037 0.254919 -1.56348 -0.0586771 -0.382053 0.14
0.720827 0.252518 -1.45766 -0.18075 0.655815 0.02
0.504543 0.364201 -2.13712 1.99057 -0.579962 0.12
0.058873 0.977799 -3.32916 5.46892 -0.985515 0.16
-0.289287 1.59825 -3.57849 6.8744 -0.869001 0.1
-0.643181 2.34077 -3.4972 7.85645 -0.694153 0.1
-1.04647 3.90427 0.378129 14.8218 -0.763733 0.16
-1.00799 5.38864 0.139873 10.0588 0.297493 0.12
-0.999873 7.02879 0.0302168 7.49315 -0.387507 0.2
-0.925137 8.46419 0.919187 8.93394 -0.155775 0.18
-0.906091 8.64459 0.982616 9.09503 -0.522893 0.02
-0.886633 8.82626 0.957218 9.04899 -0.913242 0.02
-0.830712 9.35635 0.835527 8.34904 -0.488172 0.06
-0.699219 10.5495 0.480534 3.17833 0.26378 0.2
