0.0292624 1.06774 -0.0737516 0.0266761 0 0
-0.0493168 1.38305 -0.84258 3.683 -0.631654 0.16
-0.116942 2.45404 0.300447 7.11901 0.360461 0.2
0.0936184 4.01676 1.35072 6.41566 0.86576 0.2
0.259266 4.60449 1.1299 2.17365 0.192229 0.14
0.564395 4.60833 2.26097 -1.92955 0.951691 0.18
1.02816 3.87081 0.904861 -7.39642 0.400746 0.2
1.03656 3.70464 0.0641135 -8.98976 0.351965 0.02
1.03397 3.51755 -0.25952 -9.57897 -0.128808 0.02
1.01504 3.1229 -0.648414 -10.0096 -0.991623 0.04
0.856054 1.59278 -0.970846 -4.63383 -0.965678 0.2
0.531045 1.2699 -2.36994 1.24114 -0.999195 0.2
0.210413 1.57734 -2.93161 3.74122 -0.745519 0.12
-0.170717 2.1288 -3.39167 5.24962 -0.918116 0.12
-0.748912 2.98365 -3.96357 4.66075 -0.714763 0.16
-1.04116 4.34377 0.583567 11.651 -0.54607 0.16
-1.01584 4.96671 0.268682 9.21999 -0.641512 0.06
-0.9531 6.21441 0.649623 3.74965 0.372925 0.2
-0.896321 6.98526 0.0115859 5.12998 -0.490573 0.18
-0.898924 7.31332 -0.0835147 5.81174 -0.454608 0.06
-0.885303 7.79866 0.44205 6.43688 0.458231 0.08
-0.864166 8.06653 0.621371 6.96796 -0.0233399 0.04
-0.744576 9.00906 1.34476 8.56975 0.0943219 0.12
-0.467309 10.4337 1.19445 4.45268 0.308615 0.2
-0.364488 10.7105 1.39998 2.47668 0.687947 0.08
