-0.0870622 1.02552 0.0985893 -0.0852357 0 0
-0.0658736 1.19197 0.226183 2.39513 0.229181 0.14
-0.0591137 1.30379 0.116709 3.1845 -0.40748 0.04
-0.0420597 2.26753 0.173362 6.21086 -0.313156 0.2
0.0193716 2.98472 1.00657 7.86146 0.645132 0.1
0.0656081 3.30395 1.28003 7.98892 0.94846 0.04
0.378965 4.51793 1.89167 3.57 0.982137 0.2
0.53447 4.71542 2.01783 1.40374 0.372057 0.08
0.707533 4.73609 1.44644 -0.922958 -0.805339 0.1
0.874061 4.32108 0.569283 -4.25018 -0.62432 0.16
0.893522 4.02623 0.0656413 -5.58842 -0.729094 0.06
0.803468 3.0353 -1.23261 -7.92574 -0.87816 0.14
0.750279 2.7233 -1.40633 -7.57812 -0.984931 0.04
0.662363 2.30485 -1.5166 -6.28672 -0.941353 0.06
0.385888 1.63558 -2.05643 -2.07961 -0.875029 0.16
0.0338881 1.58677 -2.97948 1.27177 -0.986139 0.14
-0.50191 2.02229 -3.66818 3.9069 -0.804826 0.16
-0.648355 2.18993 -3.65187 4.45933 -0.302568 0.04
-0.952647 2.55823 -3.97159 4.60181 -0.840003 0.08
-1.06646 2.84034 -0.73108 11.5723 0.395837 0.04
-1.0596 3.37312 0.603121 13.8729 -0.116108 0.04
-1.00972 4.75588 0.158559 9.00443 -0.842812 0.12
-0.98806 5.47499 0.417796 5.3916 0.860837 0.1
-0.965002 5.66049 0.746206 3.88568 0.971875 0.04
-0.923591 6.31949 -0.311148 3.99583 -0.770944 0.18
-0.913053 6.88878 0.379477 2.90655 0.418985 0.18
-0.951494 7.86419 -0.558295 6.4896 -0.854307 0.2
-1.00517 9.06831 0.0448844 8.41441 -0.528426 0.16
-0.962937 9.93451 0.622532 8.16868 0.944031 0.1
-0.982579 10.7623 -0.620262 1.64901 -0.439483 0.18
