-0.0012274 -2.49219 -0.0840987 -0.0551945 0 0
-0.000839642 -2.49844 0.103649 -0.253675 0.730559 0.04
0.00334628 -2.51913 0.10607 -0.771811 0.165228 0.04
0.0683475 -2.64051 0.82922 -0.869577 0.758563 0.14
0.251299 -2.71363 1.78635 -0.149968 0.926454 0.14
0.455944 -2.71975 2.30559 0.023303 0.740884 0.1
0.661026 -2.70474 2.81929 0.334884 0.893407 0.08
1.06204 -2.8896 -0.268093 -7.67865 0.66369 0.16
1.04052 -3.21432 -0.685201 -8.21898 -0.839031 0.04
0.89454 -4.31804 -1.08426 -4.95951 -0.943196 0.16
0.61713 -4.77974 -2.1049 -0.216325 -0.98464 0.18
0.170722 -4.46631 -2.79834 3.43 -0.643949 0.18
-0.324477 -3.78498 -3.39782 4.64912 -0.832127 0.16
-1.05401 -2.93824 -1.00877 10.025 -0.688529 0.2
-1.06128 -2.7129 0.099167 12.0384 0.948768 0.02
-1.05454 -2.46842 0.488594 12.1982 0.979491 0.02
-0.962306 -0.780045 0.764816 4.69905 0.96027 0.2
-0.706226 -0.387177 1.8193 -0.363439 0.497395 0.2
-0.582467 -0.454933 2.301 -1.86905 0.841459 0.06
-0.487277 -0.54231 2.45673 -2.49872 0.411666 0.04
-0.272616 -0.805068 2.89094 -4.03823 0.682686 0.08
-0.21405 -0.889145 2.96416 -4.36778 0.587255 0.02
0.449431 -2.08127 3.49233 -7.19827 0.871333 0.2
1.04264 -3.78532 -0.198492 -14.463 0.865461 0.2
0.995204 -5.78645 -0.342366 -7.73076 -0.862327 0.18
1.00302 -7.12231 0.0667557 -7.26134 0.636446 0.18
0.982922 -7.69855 -0.579731 -7.34212 -0.478347 0.08
0.84201 -9.32395 -0.594339 -7.75432 0.633263 0.2
0.829525 -9.47819 -0.648414 -7.64432 -0.45183 0.02
0.808072 -10.2205 0.313942 -2.95808 0.399506 0.14
0.817216 -10.3269 0.141702 -2.35362 -0.838769 0.04
