-0.114018 -1.3185 -0.0270689 0.0749594 0 0
-0.0903264 -1.53027 0.330114 -2.9617 0.351965 0.14
-0.0838825 -1.59318 0.313097 -3.32726 0.0237161 0.02
-0.0910676 -2.02298 -0.496865 -5.33313 -0.829674 0.1
-0.121921 -2.36358 -0.530777 -5.96573 0.383933 0.06
-0.24741 -3.20693 -1.45741 -7.55661 -0.712516 0.12
-0.460395 -4.12158 -1.20355 -3.60682 -0.293439 0.16
-0.650404 -4.4034 -1.55235 -0.48093 -0.566211 0.14
-0.834115 -4.36177 -2.11969 1.25397 -0.915949 0.1
-0.954942 -4.24674 -1.90184 2.5631 0.323078 0.06
-1.01812 -4.11589 -0.679759 4.69687 0.465347 0.04
-0.990836 -3.46385 0.868256 7.73377 0.95368 0.1
-0.971514 -3.30599 1.059 8.03067 0.945936 0.02
-0.835823 -2.51085 1.52359 7.26827 0.981692 0.1
-0.518608 -1.61892 2.14838 2.54876 0.983365 0.18
-0.214057 -1.50174 2.94477 -0.531322 0.985633 0.12
-0.0285809 -1.57395 3.23259 -1.84599 0.727699 0.06
0.725272 -2.25885 4.2454 -4.46478 0.970453 0.2
1.05538 -3.46479 -0.579683 -14.3432 -0.889559 0.14
1.02406 -4.25683 -0.379211 -11.8459 0.971841 0.06
1.01747 -4.48477 -0.282163 -10.9571 0.884112 0.02
0.983236 -5.87205 -0.425524 -4.79882 -0.5434 0.18
1.00124 -6.86996 0.460094 -5.54734 0.682905 0.2
1.00101 -7.99552 -0.0155412 -6.76918 0.909622 0.2
0.998876 -8.13407 -0.199711 -7.09301 -0.58123 0.02
0.987808 -9.16356 0.189551 -6.86124 0.887904 0.14
1.00688 -9.67691 -0.0037601 -6.50147 0.831717 0.08
0.977989 -10.55 -0.337483 -2.87042 -0.673523 0.18
