0.0889115 0.561923 -0.0430337 0.0589967 0 0
-0.0547373 1.01333 -1.44568 4.61486 -0.929286 0.18
-0.157933 1.41303 -1.11617 5.43747 0.285135 0.08
-0.193244 2.50131 0.792674 8.62681 0.992849 0.16
-0.129794 3.04478 1.26612 9.27335 0.576392 0.06
-0.0739352 3.4155 1.49108 9.11956 0.986732 0.04
0.07484 4.19889 1.47408 6.36643 0.821389 0.1
0.446707 4.89516 2.43581 0.650089 0.944921 0.2
0.7296 4.81438 2.26764 -1.92042 -0.216009 0.12
1.0255 4.44674 2.13523 -4.38412 0.605373 0.12
0.934639 3.23721 -1.5927 -9.2057 -0.86862 0.16
0.90155 3.05298 -1.70727 -9.18175 -0.847989 0.02
0.689582 2.10167 -1.76574 -6.26612 -0.817556 0.12
0.273655 1.4216 -2.57752 -0.626932 -0.842419 0.2
-0.173899 1.61626 -2.98026 2.88079 -0.392429 0.16
-0.551417 2.07748 -3.27911 4.6578 -0.648937 0.12
-0.959641 2.68242 -3.56119 5.09373 -0.652469 0.12
-1.01646 4.45723 0.284751 10.2149 0.531396 0.16
-1.00084 5.83223 0.00892103 4.36389 -0.595945 0.2
-0.981042 6.15959 0.385603 2.35008 0.306686 0.1
-0.96271 6.47476 -0.0890336 3.04567 -0.484552 0.12
-1.00851 7.14686 0.0311425 3.93212 -0.362179 0.18
-1.00131 7.81874 0.0209596 5.78763 -0.71806 0.14
-0.969232 8.76283 0.465058 7.58192 -0.192024 0.14
-0.901286 9.42425 1.15609 8.62406 0.761593 0.08
-0.739758 10.5787 0.523614 2.79422 0.105734 0.2
