-0.057655 -1.00935 -0.0163894 0.079043 0 0
0.00317892 -1.43253 0.528673 -4.04749 0.348757 0.2
0.0171117 -2.03655 -0.355058 -6.13895 -0.648052 0.12
-0.0871809 -2.91131 -1.34578 -8.19355 -0.55134 0.12
-0.115969 -3.0777 -1.52669 -8.41893 -0.996368 0.02
-0.431353 -4.3389 -1.88277 -4.76532 -0.843772 0.18
-0.640917 -4.69564 -1.67324 -1.32053 0.0218581 0.12
-0.840928 -4.64825 -1.17755 1.88615 0.477172 0.14
-0.980486 -3.98174 -0.276178 5.47994 0.420535 0.18
-0.985897 -3.87039 -0.265662 5.64686 -0.33483 0.02
-0.926029 -2.88974 0.957912 7.53182 0.933535 0.14
-0.906132 -2.74124 1.0277 7.29747 0.932131 0.02
-0.689532 -1.79603 1.46976 2.99975 0.857389 0.18
-0.557841 -1.6369 1.83848 0.997532 0.78679 0.08
-0.10672 -1.8733 2.6285 -3.05613 0.659433 0.2
0.0601494 -2.07852 2.92997 -3.73536 0.96885 0.06
0.57255 -2.74415 3.52782 -4.059 0.744196 0.16
1.07605 -3.28873 0.77262 -10.2607 0.729342 0.14
1.06751 -3.76933 -0.682696 -12.4379 0.343383 0.04
0.955341 -5.48309 -0.825823 -4.81223 -0.957731 0.2
0.943901 -6.39388 0.725987 -5.13494 0.981458 0.2
0.937957 -7.13454 -0.698725 -3.22876 -0.80211 0.2
0.859696 -7.40436 -1.25902 -3.60334 -0.909883 0.08
0.693646 -7.81334 -2.08299 -4.70346 -0.994961 0.1
0.388044 -8.61577 -2.32926 -6.64113 0.227138 0.14
0.339576 -8.75287 -2.51761 -7.06565 -0.677677 0.02
0.0147805 -9.64803 -1.94407 -4.9006 0.485656 0.14
-0.325914 -10.2393 -1.86292 -1.53363 -0.258419 0.18
