-0.0636137 1.37091 0.0889972 0.0935362 0 0
-0.0620355 1.80983 0.0152101 4.07405 -0.125421 0.2
-0.0333619 2.20477 0.729217 5.83845 0.82364 0.08
0.297354 3.70065 2.19442 7.31436 0.865309 0.2
0.65016 4.51886 2.33137 2.93444 0.661824 0.16
0.898733 4.68341 2.66135 0.402821 0.57796 0.1
0.95106 4.68665 2.57147 -0.0758989 -0.607965 0.02
0.954329 4.19194 -1.04042 -4.67647 -0.697212 0.2
0.710234 3.22872 -1.94387 -6.81979 -0.413166 0.16
0.629 2.95655 -2.10093 -6.70655 -0.65562 0.04
0.495679 2.56987 -2.31961 -6.04579 -0.912359 0.06
0.250294 2.0658 -2.60624 -3.94578 -0.906361 0.1
-0.0688439 1.77813 -2.75561 -0.921463 -0.41155 0.12
-0.635676 1.93926 -3.52085 2.4809 -0.729108 0.18
-0.930167 2.17755 -3.83621 3.40087 -0.793421 0.08
-1.0454 2.38195 -0.932698 8.35492 -0.462826 0.04
-1.00394 3.44394 0.860175 10.7843 0.96899 0.1
-0.845582 4.93876 0.990438 4.14431 0.925577 0.2
-0.720977 5.19714 1.5389 1.06013 0.733059 0.1
-0.30429 4.89662 2.54384 -3.71193 0.653605 0.2
-0.254636 4.81947 2.42044 -4.00632 -0.674186 0.02
0.250316 3.88514 3.15477 -5.81809 0.996616 0.18
0.31234 3.76572 3.04812 -6.11727 -0.231818 0.02
0.866448 2.96003 4.0244 -3.20875 0.743092 0.16
1.0741 2.71036 0.831056 -9.61735 0.822436 0.06
1.00668 1.32336 -0.53294 -7.533 -0.898775 0.14
0.88423 0.620544 -1.38436 -2.51701 -0.901923 0.14
0.6999 0.535337 -2.30014 0.709688 -0.939922 0.1
0.451793 0.69559 -2.65 2.4632 -0.338046 0.1
-0.174642 1.57714 -3.43421 6.04516 -0.735037 0.2
-0.598687 2.37964 -3.63293 7.08275 -0.894698 0.12
-0.668879 2.52645 -3.38619 7.59577 0.93982 0.02
-0.956618 3.08929 -3.88869 6.12611 -0.918482 0.08
-1.07191 3.70573 0.29837 14.5625 0.105222 0.06
-1.06187 3.99712 0.623243 14.3876 0.809711 0.02
-0.994842 5.77639 0.41583 8.12553 0.859222 0.16
-0.981477 6.71144 -0.099545 7.69678 -0.627907 0.12
-0.983027 6.86412 -0.0540593 7.58086 -0.164204 0.02
-0.870128 8.40312 1.30798 8.71286 0.181191 0.2
-0.766921 8.96913 2.11941 10.132 0.841193 0.06
-0.463888 10.1822 2.59583 8.83712 0.923618 0.12
-0.190866 11.042 1.06583 2.68442 -0.752029 0.16
