-0.00289222 -2.59661 -0.0719032 -0.0560786 0 0
-0.000435479 -2.60756 0.154234 -0.30118 0.591797 0.06
-0.0786528 -3.01053 -0.997481 -3.74697 -0.638713 0.18
-0.100361 -3.08889 -1.17189 -4.07791 -0.996829 0.02
-0.25361 -3.53586 -1.84421 -4.54339 -0.959624 0.1
-0.372835 -3.79425 -2.12268 -3.99666 -0.933768 0.06
-0.751535 -4.21199 -2.64698 -1.16992 -0.733066 0.16
-0.9535 -4.22581 -2.4058 0.778977 0.236038 0.08
-0.958472 -3.33822 1.09036 7.09435 0.728688 0.18
-0.935505 -3.19523 1.20173 7.18312 0.652165 0.02
-0.684557 -2.12188 1.50621 4.023 0.67006 0.18
-0.550812 -1.87139 1.85633 2.23301 0.908357 0.08
-0.186774 -1.79214 2.70883 -1.12423 0.868599 0.16
0.249466 -2.09892 3.5027 -3.05102 0.978303 0.14
0.849662 -2.67816 4.0308 -3.7547 0.677483 0.16
0.931256 -2.75193 4.12988 -3.61398 0.739131 0.02
1.04223 -3.76367 -0.535651 -12.7486 -0.0994538 0.1
0.976327 -5.5069 -0.580055 -4.94943 -0.944551 0.2
0.923323 -6.06463 -0.1878 -3.36301 0.423029 0.14
1.01817 -6.93668 0.212054 -3.98815 0.906021 0.2
1.00378 -7.51802 -0.0642384 -5.05647 0.772682 0.14
0.991223 -8.79242 -0.119568 -7.32284 0.528357 0.2
0.987958 -8.9408 -0.204039 -7.50064 -0.0676771 0.02
0.974936 -9.38443 -0.184682 -7.08982 0.15422 0.06
0.970395 -9.52592 -0.264762 -7.03731 -0.635164 0.02
0.97616 -10.3117 0.307356 -2.69846 0.0264694 0.16
