-0.15539 -0.925877 -0.0395859 -0.0561836 0 0
-0.0431477 -1.4295 1.03339 -4.58478 0.72839 0.2
0.0592419 -2.22419 0.358413 -6.82156 -0.180526 0.14
0.0502429 -2.84677 -0.56471 -8.63742 -0.896666 0.08
0.0370069 -3.02228 -0.752016 -8.88573 -0.936356 0.02
-0.180036 -4.49608 -1.3027 -4.7637 -0.977227 0.2
-0.290337 -4.78339 -1.4884 -2.44793 -0.56643 0.08
-0.671897 -4.789 -2.74813 2.15903 -0.996364 0.18
-0.728031 -4.74173 -2.86422 2.56424 -0.925904 0.02
-0.959603 -4.47795 -2.90673 3.99097 -0.289444 0.08
-1.01861 -4.39548 -2.4504 4.65663 -0.943122 0.02
-0.866802 -2.68515 1.69403 9.15503 0.963266 0.2
-0.51357 -1.45371 2.07685 3.12247 0.921872 0.2
-0.231433 -1.28345 2.65166 -0.209275 0.656886 0.12
0.222956 -1.59617 2.97232 -3.52823 0.328548 0.16
0.880062 -2.55203 3.58534 -5.36859 0.792942 0.2
1.01006 -4.66776 -0.177641 -9.54141 -0.649625 0.2
0.976883 -5.64772 -0.553382 -4.51171 -0.805063 0.14
0.955384 -6.30903 0.296359 -4.24268 0.702743 0.16
1.00731 -6.98988 -0.0598084 -3.8189 0.446975 0.16
0.837851 -7.79246 -1.66034 -4.85166 -0.963392 0.2
0.365047 -9.10501 -3.13231 -8.21238 -0.48293 0.2
0.300672 -9.27177 -3.29923 -8.43824 -0.826597 0.02
0.166663 -9.60406 -3.37441 -8.06507 -0.449257 0.04
-0.113186 -10.2032 -3.57919 -6.66724 -0.985913 0.08
-0.639173 -10.8803 -4.02932 -2.97421 -0.960398 0.14
-1.00999 -11.0409 -2.84783 -0.406955 0.796899 0.1
