-0.113027 -0.509439 0.0587174 -0.000280622 0 0
-0.00876421 -0.866361 1.03625 -3.77977 0.5834 0.18
0.104826 -1.81275 -0.0101142 -6.06123 -0.457511 0.2
0.103174 -1.93743 -0.156757 -6.40967 -0.430132 0.02
-0.013511 -3.02842 -1.44043 -8.81942 -0.642271 0.14
-0.0741665 -3.37698 -1.56231 -8.48618 -0.637236 0.04
-0.377805 -4.52486 -1.87816 -3.9333 -0.88136 0.18
-0.499882 -4.71173 -2.20628 -2.2973 -0.983223 0.06
-0.836191 -4.78294 -2.60967 1.15878 -0.428827 0.14
-0.982561 -4.67685 -2.26295 2.37283 0.761993 0.06
-0.944537 -3.84545 1.24685 6.68329 0.801309 0.18
-0.698373 -2.79589 2.05181 7.31254 0.654903 0.14
-0.400163 -1.98961 2.23963 4.02195 0.763753 0.14
-0.151383 -1.70778 2.76768 1.61443 0.98838 0.1
0.224116 -1.67958 3.49445 -1.06518 0.939177 0.12
0.515136 -1.82668 3.77079 -2.56011 0.62832 0.08
1.06373 -2.7765 -0.51178 -11.9846 0.787879 0.18
1.05137 -3.01841 -0.694448 -12.1248 -0.62109 0.02
1.03609 -3.26048 -0.814969 -12.0201 -0.938801 0.02
0.908809 -4.88736 -0.731686 -5.83413 -0.996894 0.18
0.822743 -5.31091 -1.05562 -2.67816 -0.545801 0.1
0.506991 -5.29943 -2.07925 2.48332 -0.537431 0.2
0.464911 -5.24603 -2.12762 2.85471 -0.311656 0.02
0.11354 -4.64733 -2.80274 5.4733 -0.905836 0.14
-0.282203 -3.7676 -2.85418 6.78374 -0.61998 0.14
-0.67127 -3.07051 -3.75083 4.2734 -0.950436 0.12
-0.998088 -2.82234 -4.41684 1.92606 -0.786133 0.08
-1.05521 -2.09961 0.675513 10.5343 0.654943 0.08
-0.908359 -0.745526 1.24924 3.13417 0.945292 0.2
-0.597711 -0.663558 2.62575 -1.86464 0.904703 0.16
-0.486471 -0.758625 2.9314 -2.87278 0.89535 0.04
-0.236111 -1.05183 3.3029 -4.41095 0.676862 0.08
0.243867 -1.81938 3.46713 -6.45844 0.598037 0.14
0.454898 -2.22376 3.56898 -6.95465 0.923834 0.06
0.748832 -2.77818 3.8349 -6.63421 0.876407 0.08
1.0283 -4.66595 -0.428146 -12.1346 0.668629 0.18
1.0147 -5.11866 -0.255552 -10.5586 -0.734398 0.04
1.01032 -5.3231 -0.186021 -9.89788 -0.433038 0.02
0.998729 -6.91246 -0.060943 -7.04626 0.246583 0.2
0.981962 -8.13093 -0.277557 -8.37099 0.537452 0.16
0.748367 -9.8997 -1.80814 -9.60028 -0.719118 0.18
0.532165 -10.8883 -1.42129 -4.70784 -0.462463 0.14
0.41949 -11.1696 -1.4291 -2.37387 -0.196733 0.08
