-0.00800162 1.9123 -0.0180584 -0.0890913 0 0
-0.00320262 2.0558 0.110761 2.39272 0.0135037 0.12
-0.000606427 2.10738 0.149517 2.76243 0.0606464 0.02
0.00105725 2.51016 -0.126221 3.75067 -0.526569 0.12
0.105149 3.38383 1.30249 6.34626 0.998166 0.16
0.22044 3.98496 -0.0319516 0.0350699 -0.499196 0.2
0.0437703 3.43858 -1.76773 -5.15 -0.888526 0.2
-0.0764356 3.10453 -2.21643 -5.85055 -0.864565 0.06
-0.121333 2.9884 -2.27048 -5.74647 -0.531511 0.02
-0.373729 2.44125 -2.73388 -4.89116 -0.973093 0.1
-0.873295 1.94485 -2.90064 -0.721184 -0.444394 0.18
-1.02702 2.18019 0.374727 4.53156 0.620127 0.12
-0.840453 3.28288 1.5592 6.82224 0.613865 0.18
-0.503793 4.28169 2.15611 3.68353 0.919518 0.18
-0.419332 4.40578 2.07406 2.5365 0.0103546 0.04
-0.0766058 4.54121 2.84311 -0.529537 0.900371 0.14
0.226475 4.39227 3.2065 -2.37144 0.646625 0.1
0.422896 4.22205 3.33547 -3.26921 0.534445 0.06
0.560371 4.08449 3.53818 -3.58498 0.968055 0.04
0.887881 3.63278 3.00586 -5.34291 -0.34683 0.1
1.00972 1.73067 -0.157605 -8.49352 0.55502 0.2
0.927736 0.731979 -1.00136 -1.61304 -0.795451 0.2
0.603925 0.941806 -2.52698 3.58965 -0.962053 0.18
-0.000181951 2.02049 -3.3349 6.72624 -0.978844 0.2
-0.346429 2.70716 -3.65562 6.64519 -0.948985 0.1
-0.841109 3.33809 -4.67398 3.46378 -0.933795 0.12
-1.0691 3.64085 -0.957029 10.7695 0.44802 0.06
-1.07446 3.87765 0.222065 12.4362 0.826782 0.02
-1.0651 4.12702 0.620669 12.3141 0.797157 0.02
-0.933427 5.81488 1.12912 4.62202 0.983162 0.2
-0.805532 6.17375 1.42907 2.72842 0.234477 0.1
-0.563828 6.6512 1.23142 2.94497 -0.141092 0.18
-0.243995 7.10124 2.28405 2.50944 0.770886 0.18
0.265916 7.66236 3.41186 4.02141 0.847801 0.18
0.33573 7.74546 3.5707 4.29321 0.950849 0.02
1.06643 8.82665 0.847302 0.708971 0.0433496 0.2
