0.00403193 0.604155 0.0550648 -0.0265667 0 0
0.122894 0.652746 1.13029 0.531668 0.808395 0.2
0.385333 0.763982 2.1441 0.933539 0.94683 0.16
0.521829 0.83343 2.4062 1.38978 0.711856 0.06
0.899562 1.12121 3.00362 2.79495 0.667203 0.14
1.00169 2.1263 -0.534296 7.10558 -0.947862 0.18
0.986751 3.08053 0.167881 8.27843 0.285163 0.12
0.97407 3.63273 -0.515193 5.38705 -0.57851 0.08
0.788087 4.0938 -1.44947 0.059107 -0.369175 0.18
0.472032 3.77208 -2.5322 -3.92397 -0.69509 0.16
0.184609 3.29072 -3.19229 -5.48362 -0.642724 0.1
-0.143555 2.76819 -3.31937 -4.66427 -0.372785 0.1
-0.727748 2.17069 -3.98173 -2.50665 -0.897998 0.16
-1.03026 2.06299 -2.95508 0.475081 0.415144 0.08
-0.907337 3.13573 1.80672 7.91877 0.93471 0.18
-0.83017 3.45189 2.02782 7.78221 0.998886 0.04
-0.375796 4.5668 2.61847 3.01832 0.957713 0.2
-0.208244 4.7009 2.97703 1.45737 0.986145 0.06
-0.0185053 4.7431 3.35054 -0.0324798 0.926335 0.06
0.426446 4.58111 4.04422 -2.54016 0.905186 0.12
1.08757 3.70152 -0.371231 -12.2325 0.961192 0.18
1.05659 3.187 -1.01111 -13.0832 -0.928153 0.04
0.899439 1.36713 -0.768128 -6.71586 -0.991646 0.18
0.747741 0.696461 -1.27797 -1.81784 -0.469939 0.16
0.528927 0.668266 -1.83854 1.27277 -0.33828 0.14
0.191973 1.10226 -2.89362 4.69045 -0.98647 0.14
0.0732197 1.30353 -3.03582 5.35943 -0.797393 0.04
-0.305227 2.04635 -3.22214 6.88998 -0.813354 0.12
-0.862467 3.11547 -3.97431 5.36944 -0.910257 0.16
-1.07065 3.75634 0.222299 13.4418 -0.599689 0.08
-1.06163 4.02616 0.592104 13.3464 0.88583 0.02
-0.978566 5.79042 0.630173 6.44334 0.862599 0.18
-0.969695 6.8534 -0.424865 7.22712 -0.907428 0.16
-0.988808 7.14854 -0.519796 7.53417 -0.785883 0.04
-0.998434 7.29937 -0.441448 7.55787 -0.109136 0.02
-0.936085 8.57846 1.19318 9.16402 0.429939 0.16
-0.885289 8.9507 1.32554 9.37203 -0.343466 0.04
-0.786192 9.5403 1.89297 9.96542 0.991017 0.06
-0.517246 10.8122 0.981362 3.04074 0.0471329 0.2
