0.00751914 -0.866111 0.0735847 -0.0749329 0 0
-0.0229874 -0.983355 -0.516209 -1.59385 -0.693257 0.14
-0.089285 -1.3776 -0.480282 -3.98289 0.0440095 0.14
-0.222049 -2.21988 -1.27321 -6.62301 -0.28054 0.16
-0.343912 -2.79784 -1.74564 -7.66892 -0.269501 0.08
-0.770487 -4.1942 -2.26966 -4.86359 -0.749 0.2
-0.892406 -4.42134 -1.81849 -2.78077 0.661524 0.06
-1.00809 -4.47176 0.333698 1.90939 0.698461 0.16
-0.995577 -4.38068 0.294626 2.63372 -0.284989 0.04
-0.826897 -3.54741 1.6475 6.48048 0.669841 0.18
-0.792033 -3.41403 1.83649 6.84399 0.903442 0.02
-0.621737 -2.84229 2.34518 7.08817 0.899744 0.08
-0.16178 -1.88713 2.8145 3.19622 0.870544 0.18
0.449467 -1.73707 3.3369 -1.47287 0.49497 0.2
0.731669 -1.9103 3.70827 -2.79687 0.825897 0.08
1.06427 -2.72254 -0.670024 -10.9497 0.675452 0.14
0.983085 -3.61276 -1.14153 -10.5465 -0.962387 0.08
0.812297 -4.85912 -1.19407 -5.08009 -0.988404 0.16
0.703476 -5.16279 -1.56532 -2.52591 -0.7445 0.08
0.642096 -5.24568 -1.50647 -1.63275 0.293764 0.04
0.511279 -5.29487 -1.76557 0.357922 -0.29214 0.08
0.400495 -5.23397 -1.92242 1.64944 -0.240319 0.06
-0.0527777 -4.57232 -2.98001 5.28848 -0.994371 0.18
-0.356514 -3.98411 -3.08686 6.33394 -0.693963 0.1
-0.878278 -3.02282 -3.63045 4.7138 -0.560984 0.16
-1.03688 -1.80254 0.547061 10.0611 -0.859025 0.14
-0.913101 -0.601649 1.24657 3.32559 0.974528 0.18
-0.704207 -0.272666 1.3569 1.07934 -0.0446812 0.16
-0.505082 -0.27282 1.95228 -0.993312 0.482689 0.12
-0.314538 -0.387945 1.86177 -1.35039 -0.153706 0.1
-0.188901 -0.511177 2.31968 -2.73739 0.835069 0.06
0.223111 -1.14023 2.75491 -5.09684 0.438663 0.16
0.679684 -2.13452 2.85847 -7.17056 0.667955 0.16
1.04993 -3.75723 -0.500467 -13.6361 0.657574 0.18
1.00066 -5.7094 -0.0985442 -6.46707 -0.262878 0.2
0.999032 -6.38434 0.0463572 -5.08343 0.217722 0.12
1.00205 -6.68365 0.000127728 -4.84226 0.96402 0.06
1.00048 -7.53026 -0.00389749 -6.07078 0.643176 0.16
0.971517 -8.19337 -0.616013 -7.31748 -0.238361 0.1
0.936843 -8.645 -0.527362 -7.64494 0.940729 0.06
0.915177 -8.95353 -0.540913 -7.71401 0.474868 0.04
0.904017 -9.10795 -0.570093 -7.70721 0.117594 0.02
0.967008 -9.93832 1.31699 -1.26604 0.997641 0.18
