-0.080062 -1.22105 0.0932363 0.0235543 0 0
-0.11935 -1.58594 -0.553024 -3.59891 -0.461726 0.2
-0.154545 -1.92471 -0.344859 -4.80517 0.663654 0.08
-0.349035 -3.10817 -1.75189 -7.78988 -0.630266 0.18
-0.384689 -3.26284 -1.80787 -7.65206 -0.55647 0.02
-0.753037 -4.361 -1.92018 -2.97445 -0.581192 0.2
-0.920726 -4.52431 -2.28675 -1.1216 -0.827105 0.08
-0.996851 -4.16468 0.394919 3.90866 -0.15257 0.2
-0.970405 -3.90461 0.489253 4.72034 -0.107283 0.06
-0.838994 -3.17265 1.64918 7.106 0.944052 0.12
-0.728815 -2.74541 1.98239 6.93457 0.987412 0.06
-0.271639 -1.77169 2.68622 2.49847 0.95994 0.2
0.0184076 -1.6445 3.1303 0.0873237 0.736629 0.1
0.0812895 -1.64735 3.15784 -0.370282 0.253576 0.02
0.627985 -1.95946 3.63464 -3.32485 0.573551 0.16
1.06295 -2.69139 0.0166939 -11.443 0.47835 0.14
1.05744 -2.931 -0.467784 -12.2875 0.840959 0.02
0.948842 -4.8756 -0.516003 -6.17563 -0.991672 0.2
0.779594 -5.45307 -1.51778 -0.363618 -0.745317 0.18
0.378753 -5.06777 -2.83307 4.26979 -0.928015 0.18
-0.170306 -4.05478 -3.16868 6.65689 -0.750872 0.18
-0.506648 -3.40584 -3.64433 5.89592 -0.952129 0.1
-0.73681 -3.08898 -4.04961 4.55755 -0.725857 0.06
-0.819084 -3.0027 -4.17866 4.06503 -0.578938 0.02
-1.05395 -2.05796 0.632947 11.506 -0.602502 0.12
-0.921099 -0.534391 1.20273 3.84109 0.982689 0.2
-0.608546 -0.342219 2.69496 -1.13802 0.952926 0.16
-0.180659 -0.674147 3.38974 -3.57042 0.560761 0.14
0.519518 -1.6244 4.21105 -6.67516 0.948467 0.18
0.689155 -1.90064 4.26661 -7.1198 0.956645 0.04
1.06829 -2.73928 0.846781 -14.3176 0.707713 0.1
1.07221 -3.0515 -0.264162 -16.4673 -0.77312 0.02
1.00666 -5.3043 -0.12542 -10.727 -0.930522 0.16
0.975561 -6.98251 -0.431548 -6.97371 -0.0838242 0.2
0.931413 -7.8842 -0.39041 -8.09463 0.727751 0.12
0.912002 -8.21703 -0.585021 -8.5593 0.324714 0.04
0.809411 -9.15118 -1.39049 -9.8834 -0.211299 0.1
0.719269 -9.73445 -1.52595 -9.22775 -0.514036 0.06
0.631889 -10.477 -0.0508068 -3.55982 0.893461 0.12
