0.11566 -2.10004 0.0569765 0.000292694 0 0
0.0269529 -2.56767 -0.994086 -4.42129 -0.484646 0.2
-0.0829148 -3.04179 -1.16453 -4.80064 -0.0983502 0.1
-0.1257 -3.4074 0.714357 1.0127 0.92067 0.2
-0.111999 -3.38763 0.655563 0.962505 -0.382052 0.02
-0.0475927 -3.27363 0.94832 1.82168 0.371955 0.08
0.135508 -2.9292 1.62805 2.77602 0.613268 0.14
0.330427 -2.63789 2.24763 2.86518 0.936941 0.1
0.702106 -2.30293 3.05485 1.7388 0.993512 0.14
1.0387 -2.59869 -0.514463 -6.28175 0.592545 0.18
0.824019 -3.86498 -1.5547 -6.21052 -0.897522 0.18
0.551073 -4.53585 -1.95931 -2.17382 -0.771735 0.16
0.428359 -4.62141 -2.1377 -0.695618 -0.524788 0.06
0.134625 -4.54744 -2.74887 1.82673 -0.798773 0.12
-0.493331 -3.89775 -3.49535 4.1687 -0.766675 0.2
-0.99812 -3.08057 -2.91343 5.36425 0.276667 0.16
-1.04843 -2.72323 -0.0098615 11.3592 0.857369 0.04
-1.03587 -2.26712 0.438325 10.965 0.883072 0.04
-0.944917 -0.831228 0.918559 3.51783 0.991701 0.2
-0.828771 -0.621716 1.41807 0.757576 0.468637 0.1
-0.486264 -0.88289 2.79736 -3.74034 0.980871 0.16
0.0894872 -1.84511 3.44091 -6.6416 0.884043 0.18
0.157974 -1.98045 3.40691 -6.88995 0.484917 0.02
0.365862 -2.40471 3.53634 -7.15286 0.969064 0.06
1.07465 -3.75078 0.0566498 -13.0264 0.805571 0.2
1.06867 -4.01718 -0.534987 -13.3432 -0.571958 0.02
0.977288 -5.80418 -0.671264 -6.57854 -0.859752 0.18
0.848771 -6.64122 -0.948594 -4.45134 -0.103747 0.16
0.664914 -7.2143 -1.65864 -4.1257 -0.560734 0.14
0.512886 -7.70774 -1.4282 -5.69219 0.554095 0.1
0.415982 -8.07316 -1.8169 -6.52942 -0.39365 0.06
-0.109931 -9.6869 -3.14339 -8.33104 -0.488412 0.2
-0.452112 -10.4193 -1.29772 -1.40048 0.961825 0.16
