0.190298 -2.66652 0.0303704 0.098475 0 0
0.0278735 -3.14165 -1.6062 -4.22577 -0.863195 0.2
-0.232076 -3.70471 -2.05317 -3.4042 -0.616762 0.14
-0.440371 -3.95614 -2.12436 -1.6146 -0.382975 0.1
-0.982915 -4.06527 -3.30956 0.487785 -0.978883 0.2
-1.0445 -3.92946 -0.156974 5.74121 -0.484026 0.04
-1.01078 -3.37662 0.720082 7.45803 0.504504 0.08
-0.791971 -2.10446 1.48817 5.37973 0.992582 0.18
-0.547296 -1.60841 2.09085 1.71517 0.913731 0.14
-0.35914 -1.55136 2.61837 -0.257904 0.978107 0.08
0.206507 -1.92488 3.60861 -3.56632 0.920102 0.18
0.554952 -2.36499 3.34246 -5.1619 0.0127905 0.1
0.822915 -2.79339 3.38301 -5.37353 0.357963 0.08
0.890888 -2.89986 3.41676 -5.26015 0.317567 0.02
1.02667 -4.28486 -0.405822 -10.9972 -0.995439 0.14
0.978471 -5.54986 -0.548568 -4.99989 -0.84698 0.16
0.911766 -6.30671 -0.115606 -3.25361 0.340172 0.2
0.902616 -6.42332 -0.338757 -2.61054 -0.556186 0.04
0.862638 -6.60486 -0.650925 -2.02329 -0.441708 0.08
0.850311 -7.10746 0.40838 -5.03437 0.924839 0.14
0.98256 -8.25946 0.896379 -7.50051 0.915479 0.18
0.997985 -8.41381 0.644251 -7.94259 -0.872696 0.02
1.00177 -9.95496 -0.0201359 -7.29837 0.470799 0.18
1 -10.7756 -0.0218459 -2.88997 -0.341562 0.16
