0.0444284 -0.811854 -0.0803832 -0.0365806 0 0
0.00459922 -1.10491 -0.355366 -2.8533 -0.291462 0.2
-0.160818 -1.95687 -1.42624 -5.89064 -0.518379 0.2
-0.430709 -3.04065 -1.82421 -6.9418 0.0580014 0.16
-0.505089 -3.31296 -1.87844 -6.596 -0.36108 0.04
-0.674415 -3.86594 -0.107554 0.0601946 0.86533 0.18
-0.547827 -3.3535 1.37244 4.60744 0.738451 0.2
-0.23479 -2.52214 2.39339 4.87045 0.983377 0.16
0.0226338 -2.12053 2.76846 3.08155 0.908726 0.1
0.582754 -1.90054 3.49427 -0.539472 0.753729 0.18
1.02988 -2.08413 3.22422 -3.24929 0.699504 0.12
1.02398 -2.88181 -1.12713 -9.72587 -0.925662 0.1
0.825549 -4.14749 -1.45518 -7.25416 -0.926879 0.14
0.513393 -4.97226 -1.90717 -1.18901 -0.647442 0.2
0.250107 -4.92881 -2.47106 1.80549 -0.610606 0.12
0.0955297 -4.78289 -2.67178 3.02876 -0.548007 0.06
0.0412405 -4.71856 -2.75588 3.39965 -0.771019 0.02
-0.258838 -4.30159 -3.2212 4.80475 -0.981476 0.1
-0.453668 -3.9932 -3.27225 5.42186 -0.5588 0.06
-1.026 -3.16666 -1.69636 9.57022 -0.948395 0.16
-1.04419 -2.94148 -0.326155 12.4214 -0.464108 0.02
-1.00485 -1.02682 0.072967 7.43023 -0.879632 0.18
-0.881898 -0.195711 1.30766 1.28438 0.69959 0.2
-0.688399 -0.162142 1.90701 -0.625368 0.501561 0.12
-0.246118 -0.55136 2.97772 -3.68979 0.670057 0.18
0.115301 -1.06331 3.01466 -4.91334 0.16615 0.12
0.769109 -2.32926 3.40297 -7.3154 0.855412 0.2
1.03433 -3.79961 -0.364086 -14.2833 0.676066 0.14
1.00502 -5.21211 -0.119503 -9.3643 -0.976454 0.12
1.00071 -6.51896 -0.00178055 -6.02064 0.926879 0.18
0.95804 -7.16054 -0.690234 -5.08226 -0.506753 0.12
0.885727 -7.86597 -0.584834 -6.65366 0.526524 0.12
0.845595 -8.28834 -0.764312 -7.42611 0.310326 0.06
0.58099 -9.83103 -1.77688 -8.13752 -0.463993 0.18
0.516933 -10.123 -1.43101 -6.47091 0.298117 0.04
0.4192 -10.5693 -0.597395 -2.67806 0.618234 0.1
