0.0641567 -1.50211 -0.0633259 -0.0659679 0 0
0.05515 -1.8575 -0.0999202 -3.70571 0.0557836 0.18
0.0405104 -2.11459 -0.39966 -4.86012 -0.359095 0.06
-0.0100937 -2.56141 -0.870629 -6.2521 -0.350833 0.08
-0.0807921 -2.97463 -1.46462 -7.40211 -0.921836 0.06
-0.332218 -3.96298 -1.96895 -5.87205 -0.878946 0.14
-0.736125 -4.61693 -2.64108 -1.39176 -0.873101 0.18
-1.04212 -4.56475 0.0755609 2.42357 -0.336005 0.14
-1.02246 -4.38036 0.363667 3.60289 -0.395398 0.06
-0.984226 -4.12179 0.92594 5.03377 0.949378 0.06
-0.65699 -2.877 2.51429 7.73034 0.902598 0.18
-0.162779 -1.81536 3.02504 3.66683 0.97033 0.18
0.522998 -1.59547 3.88827 -1.27129 0.719273 0.2
0.852459 -1.75959 4.33611 -2.76804 0.931987 0.08
0.939627 -1.81838 4.37985 -3.10751 0.534186 0.02
0.967863 -3.0676 -1.61257 -10.1801 -0.955348 0.16
0.649146 -4.60247 -1.57161 -4.56944 -0.694644 0.2
0.547013 -4.82337 -1.85262 -2.79819 -0.886975 0.06
0.470988 -4.91295 -1.95354 -1.68969 -0.390813 0.04
0.186074 -4.91721 -2.79238 1.51345 -0.946533 0.12
-0.318008 -4.41988 -3.43527 4.44581 -0.753252 0.16
-0.830651 -3.71607 -3.91531 5.19809 -0.850656 0.14
-1.03493 -2.52861 0.396829 13.4696 0.904256 0.12
-1.00524 -1.20856 0.093673 8.63564 0.523783 0.12
-0.90061 -0.244895 1.32021 2.22199 0.906775 0.18
-0.694986 -0.134917 2.09283 -0.232712 0.646986 0.12
-0.320722 -0.379222 3.23595 -3.20794 0.907377 0.14
0.265419 -1.10688 3.98931 -5.79947 0.745622 0.16
0.949304 -2.34569 3.50881 -7.97716 0.32275 0.18
1.00812 -4.89146 -0.130736 -10.3631 0.149486 0.2
0.927925 -6.26007 -1.05818 -3.63398 -0.773531 0.2
0.843547 -6.65482 -0.63138 -4.37591 0.537107 0.1
0.753484 -7.58692 -0.470688 -6.1391 0.322719 0.18
0.684145 -9.01973 -0.167807 -7.37677 0.830587 0.2
0.667067 -9.46717 -0.356548 -7.33785 -0.317037 0.06
0.661308 -9.60793 -0.216058 -6.72389 0.475572 0.02
0.65344 -10.3127 0.0860323 -3.23002 -0.171079 0.14
