-0.179128 -2.27366 -0.0511786 0.0489832 0 0
-0.0909296 -2.38554 1.03499 -1.13627 0.938941 0.18
0.00178877 -2.66391 0.506445 -3.36681 -0.358422 0.12
-0.0390221 -3.53384 -0.803528 -5.26652 -0.890839 0.18
-0.0391141 -3.89003 0.717261 0.45707 0.883328 0.16
0.155195 -3.51892 1.71886 3.93271 0.603573 0.16
0.318268 -3.14935 2.3334 5.12764 0.850722 0.08
0.366004 -3.04605 2.43772 5.18715 0.745068 0.02
0.522142 -2.73538 2.74686 5.04492 0.89395 0.06
0.97303 -2.29535 1.85313 -0.348189 -0.260397 0.2
0.94398 -3.12293 -1.24025 -6.74 -0.958106 0.18
0.724437 -4.0025 -1.79225 -5.15566 -0.934026 0.14
0.493912 -4.44575 -2.102 -2.24075 -0.728183 0.12
0.154339 -4.53757 -2.76412 0.837503 -0.779263 0.14
-0.489012 -4.04818 -3.62506 3.63692 -0.802783 0.2
-0.63771 -3.89916 -3.81186 3.7852 -0.892305 0.04
-1.05501 -2.54915 0.73348 13.2539 -0.797403 0.18
-1.0212 -1.83647 0.372649 10.4988 0.781373 0.06
-0.91412 -0.500772 1.21296 2.92302 0.996654 0.2
-0.670882 -0.368537 2.25181 -0.826358 0.729845 0.14
-0.580712 -0.407533 2.25665 -1.12571 -0.0566496 0.04
-0.314475 -0.64311 3.04475 -3.51696 0.893244 0.1
0.222569 -1.41867 3.55166 -6.05293 0.660799 0.16
0.437332 -1.80557 3.59267 -6.82247 0.74637 0.06
0.509366 -1.94416 3.61017 -7.03163 0.879406 0.02
1.03015 -2.9539 3.24158 -8.35707 0.839355 0.14
1.00711 -5.5806 -0.120967 -10.0959 0.318635 0.2
1.00267 -6.14359 -0.0417747 -8.78712 0.734401 0.06
0.959374 -7.04804 -0.70815 -6.75579 -0.33161 0.12
0.799219 -8.58281 -1.04119 -8.68451 0.535941 0.2
0.755908 -8.9341 -1.10529 -8.80557 0.489121 0.04
0.686149 -9.45724 -1.15252 -8.36918 0.0238524 0.06
0.639421 -10.1987 0.424679 -2.40814 0.913369 0.14
