-0.032894 1.56651 0.0648284 0.0361273 0 0
-0.00201206 1.72992 0.470415 2.62845 0.435067 0.12
0.1922 2.54723 1.78842 6.45205 0.657049 0.18
0.228862 2.67841 1.87577 6.65422 0.198388 0.02
0.565869 3.69385 2.71802 6.79668 0.904222 0.14
0.907079 4.34507 3.00921 3.95765 0.910169 0.12
1.037 4.51212 -0.511937 -0.808488 0.0527088 0.12
0.78095 3.86702 -2.17121 -5.66252 -0.901919 0.2
0.736975 3.75165 -2.22533 -5.86668 0.0107461 0.02
0.402631 2.92152 -3.21926 -7.32126 -0.927027 0.12
-0.138151 1.99043 -3.54657 -3.95035 -0.834508 0.16
-0.420679 1.76293 -3.54129 -1.78131 -0.259455 0.08
-0.945105 1.74108 -3.95545 1.35321 -0.521367 0.14
-1.02321 1.77269 -3.19049 2.12708 0.584394 0.02
-0.907535 2.84123 1.91392 8.20031 0.948117 0.18
-0.824044 3.17804 2.23372 8.5268 0.914852 0.04
-0.440117 4.3122 2.50702 5.04635 0.870961 0.16
-0.38987 4.40727 2.5202 4.46267 0.578224 0.02
-0.116787 4.71802 2.9827 1.76665 0.887345 0.1
0.0725094 4.7774 3.33156 0.2295 0.864758 0.06
0.436024 4.68405 3.92713 -2.01379 0.894863 0.1
1.0851 3.90264 -0.345018 -10.5904 0.974549 0.18
1.07309 3.68212 -0.776666 -11.3199 -0.57981 0.02
1.05459 3.45104 -1.06316 -11.7577 -0.96134 0.02
1.00542 2.97778 -1.32775 -11.6785 -0.837624 0.04
0.953952 2.5347 -1.21161 -10.359 -0.700937 0.04
0.729521 1.1807 -1.40817 -3.40015 -0.87207 0.2
0.604933 0.94806 -1.10116 -1.35693 0.500337 0.1
0.457995 0.96157 -1.82981 1.53766 -0.813258 0.1
0.237122 1.24264 -2.54821 3.95468 -0.99349 0.1
-0.283975 2.20782 -3.14687 6.34931 -0.917531 0.18
-0.478796 2.5903 -3.3691 6.27392 -0.945893 0.06
-1.06529 3.70145 0.125017 12.6696 -0.884367 0.18
-1.0579 3.95727 0.524162 12.7069 0.973445 0.02
-0.956757 5.72556 0.870754 5.02625 0.971681 0.2
-0.8637 6.24053 0.682121 3.83069 -0.271418 0.12
-0.732242 6.56193 1.47874 1.82164 0.707413 0.12
-0.343072 6.84589 2.37879 1.35359 0.619342 0.2
-0.145539 6.97459 2.55966 1.89004 0.405409 0.08
0.160736 7.29372 2.56594 3.44519 0.0785374 0.12
0.494295 7.79191 3.03157 4.94192 0.396505 0.12
0.617337 8.00166 3.12679 5.5462 -0.0408813 0.04
0.804219 8.3576 3.11002 6.28291 -0.551297 0.06
1.00826 8.77337 3.03699 6.31901 0.705546 0.06
1.04428 8.85302 0.867217 2.21092 -0.525081 0.02
