0.1764 1.7479 0.0788529 -0.0529631 0 0
0.180562 1.7643 0.129805 0.863336 0.118521 0.04
0.18367 1.78607 0.181385 1.31148 0.286529 0.02
0.192637 1.85562 0.2696 2.15799 0.197803 0.04
0.195834 2.21194 -0.202465 3.61307 -0.753505 0.12
0.223046 2.69919 0.763873 6.0689 0.898495 0.1
0.28607 3.09618 1.30948 7.01628 0.940487 0.06
0.545124 4.10063 1.8204 4.77233 0.865897 0.16
0.807892 4.49532 1.55179 0.380471 0.0195235 0.16
0.90033 4.47687 1.52875 -0.972991 0.0355264 0.06
0.929769 4.45258 1.41461 -1.4539 -0.695561 0.02
1.02169 4.17072 -0.0832114 -4.60297 -0.281148 0.1
0.969101 3.5975 -0.976952 -6.7918 -0.730524 0.1
0.947584 3.45772 -1.17234 -7.17289 -0.880584 0.02
0.861014 3.0042 -1.66627 -7.72774 -0.986958 0.06
0.512927 1.89074 -2.19028 -4.0575 -0.956288 0.18
0.42157 1.74893 -2.38437 -3.03196 -0.989496 0.04
-0.0402204 1.61538 -2.77782 1.35347 -0.388015 0.18
-0.502998 2.07128 -2.95199 4.1543 -0.362598 0.16
-1.06854 3.18211 0.286484 12.7237 -0.897572 0.2
-1.05885 3.44117 0.602128 12.9675 0.377204 0.02
-1.01753 4.36302 0.32501 9.81462 0.968883 0.08
-0.955585 5.45571 0.781906 3.91631 0.963463 0.16
-0.909376 5.92732 -0.128451 3.16754 -0.894745 0.14
-0.919342 6.0551 -0.371508 3.24722 -0.801629 0.04
-0.971633 6.34009 -0.940143 3.96603 -0.878483 0.08
-1.0022 6.79653 0.0341827 2.37642 -0.502039 0.2
-1.00055 7.01639 0.0100159 3.15217 -0.014878 0.08
-0.998514 7.90219 0.0671704 5.81578 -0.247539 0.2
-0.74426 9.4842 2.40503 9.69664 0.997224 0.2
-0.492666 10.3634 2.53816 7.44841 0.992317 0.1
-0.0525203 11.1784 2.56764 1.87005 0.434172 0.18
