0.0872696 0.859511 0.0617404 -0.0470914 0 0
-0.0218753 1.34568 -1.02825 4.52539 -0.71001 0.2
-0.180844 2.25737 -0.883385 6.73231 -0.364834 0.16
-0.208076 3.05233 0.278428 8.88097 0.989745 0.1
-0.162084 3.88968 0.520382 7.31552 0.864078 0.1
-0.071468 4.63986 0.884204 3.38891 0.915079 0.14
0.105422 4.84602 1.68082 -0.362861 0.847508 0.14
0.296212 4.59649 1.01001 -3.16516 -0.629552 0.14
0.316968 3.52045 -0.928234 -7.68055 -0.889602 0.2
0.245367 3.037 -1.40546 -8.20352 -0.899066 0.06
-0.031162 1.88835 -1.6696 -4.06735 -0.787146 0.18
-0.385604 1.57895 -2.3401 0.488596 -0.657652 0.18
-0.70142 1.78576 -2.89967 2.8321 -0.767986 0.12
-1.05058 2.42445 -0.0171836 9.04336 -0.443375 0.14
-1.00622 3.22177 0.844682 10.1329 0.684658 0.08
-0.835118 4.64364 1.0835 5.14073 0.995372 0.18
-0.631553 5.06045 1.91408 0.849365 0.930792 0.14
-0.460441 5.04254 2.3598 -1.24749 0.691209 0.08
0.0767904 4.38982 2.88913 -4.95307 0.550431 0.2
0.134914 4.28829 2.92257 -5.19538 0.685301 0.02
0.703071 3.30147 3.53942 -4.81382 0.736171 0.18
0.922029 3.03868 3.77252 -3.86763 0.371732 0.06
1.06063 2.40492 -0.484348 -11.788 0.47365 0.08
1.00411 0.977684 -0.12111 -6.19135 -0.198461 0.16
1.00044 0.135469 0.0007329 -2.83565 0.484829 0.2
0.933041 -0.0622008 -0.937003 -0.252616 -0.695776 0.14
0.713739 0.0405644 -1.80066 1.51799 -0.624336 0.16
0.371938 0.363947 -2.0119 2.28623 -0.13658 0.18
-0.0907071 1.08616 -3.00926 5.57628 -0.782079 0.18
-0.40807 1.71773 -3.28544 6.96949 -0.959095 0.1
-0.47332 1.85964 -3.23838 7.22016 -0.456595 0.02
-1.06254 3.53491 0.182969 14.9017 -0.968837 0.2
-1.00871 5.31737 0.156701 10.0022 0.443556 0.14
-0.963963 6.55575 0.633453 5.85214 0.417482 0.16
-0.883028 6.96093 1.3677 4.51796 0.935489 0.08
-0.741393 7.45285 1.49002 5.39593 -0.0186484 0.1
-0.491194 8.48376 1.72599 7.44102 -0.36898 0.16
-0.391244 8.93186 1.57351 7.34229 -0.856757 0.06
-0.160775 10.0232 0.561855 2.68358 -0.400059 0.2
