-0.00747916 -2.39914 -0.0053606 -0.0437776 0 0
0.02525 -2.42233 0.660538 -0.398519 0.996086 0.1
0.0952902 -2.469 1.09159 -0.74218 0.831819 0.08
0.11596 -2.48862 0.975435 -1.21741 -0.537914 0.02
0.175081 -2.98136 -0.223182 -4.58291 -0.742565 0.16
0.110376 -3.61556 -0.62393 -3.96616 -0.518493 0.14
0.0513041 -3.93556 -0.0858084 0.236866 0.123086 0.18
0.0511538 -3.908 0.0782535 1.12962 0.349115 0.04
0.0544178 -3.85156 0.0850272 1.68012 -0.144157 0.04
0.0750911 -3.60841 0.326611 3.07549 0.13173 0.1
0.148903 -3.20023 1.12541 4.86443 0.841719 0.1
0.371331 -2.49034 1.95232 4.62704 0.985621 0.14
0.689468 -2.00442 2.62167 2.18486 0.996975 0.14
0.91027 -1.89755 2.90735 0.507618 0.677125 0.08
1.02711 -1.89488 2.39516 -0.772843 0.230964 0.04
0.92036 -2.74654 -1.62583 -6.92098 -0.806481 0.18
0.88616 -2.88806 -1.791 -7.21394 -0.761472 0.02
0.763522 -3.33934 -2.24856 -7.60596 -0.995012 0.06
0.670263 -3.63596 -2.39862 -7.1451 -0.988263 0.04
0.252386 -4.49036 -2.90214 -3.3503 -0.986388 0.16
0.193324 -4.55224 -3.00562 -2.83715 -0.980547 0.02
0.00300573 -4.67646 -3.34777 -1.311 -0.948167 0.06
-0.283519 -4.7037 -3.81764 0.593589 -0.887068 0.08
-0.360308 -4.68741 -3.86095 1.03345 -0.364202 0.02
-0.603314 -4.58898 -4.23333 2.21287 -0.990066 0.06
-1.07217 -3.97209 0.246471 9.51425 -0.25375 0.14
-0.886138 -2.29988 1.36514 9.06114 0.967995 0.16
-0.631055 -1.22178 1.75993 3.04221 0.905111 0.18
-0.421388 -1.07361 2.45183 -0.0257154 0.85649 0.1
-0.0708787 -1.27417 3.35215 -3.15169 0.991754 0.12
0.208666 -1.58617 3.61177 -4.59104 0.681265 0.08
0.723267 -2.36051 3.7113 -6.23709 0.595819 0.14
1.07493 -3.34177 -0.304314 -15.1317 0.947241 0.12
1.0056 -5.3674 -0.200612 -9.46026 -0.95875 0.16
1.00056 -6.90317 -0.000815527 -6.8857 0.796048 0.2
1.00034 -7.62103 -0.00374125 -7.60706 0.779114 0.1
0.909977 -8.80759 -1.33378 -9.63857 -0.357814 0.14
0.821454 -9.39245 -1.5353 -9.56303 -0.0780281 0.06
0.719894 -10.355 0.185969 -2.70944 0.805899 0.16
