0.0431353 -1.59211 -0.0411265 -0.08174 0 0
-0.0394121 -2.04194 -0.871815 -4.30979 -0.455848 0.2
-0.354084 -3.18495 -2.55447 -7.78176 -0.880865 0.18
-0.406359 -3.34044 -2.66726 -7.74043 -0.969224 0.02
-0.998922 -4.50741 -3.30395 -3.38722 -0.991846 0.2
-1.01451 -4.58941 0.784134 1.00127 0.784111 0.12
-0.915917 -4.32304 0.887161 3.35863 -0.0102624 0.12
-0.670667 -3.41802 1.84674 6.32201 0.385011 0.18
-0.232778 -2.2567 2.78975 5.26151 0.999674 0.18
-0.0179358 -1.93299 2.61485 2.89191 0.137023 0.08
0.44551 -1.76713 3.20952 -0.7053 0.667363 0.16
0.789067 -1.92829 3.64988 -2.4345 0.769464 0.1
1.05312 -2.56131 -0.495693 -9.52123 0.894222 0.12
0.978194 -3.37155 -1.21746 -10.1556 -0.945528 0.08
0.762109 -4.72133 -1.3129 -4.64642 -0.897802 0.18
0.576985 -5.09217 -1.4014 -0.796072 -0.131021 0.14
0.548189 -5.10286 -1.47837 -0.275721 -0.426503 0.02
0.220814 -4.81527 -2.5492 3.59291 -0.935945 0.16
-0.375782 -3.82996 -3.38008 5.57541 -0.968017 0.2
-1.04586 -2.71337 -0.311721 11.6602 -0.639447 0.2
-1.0455 -2.47251 0.246187 12.1725 0.881254 0.02
-1.00579 -1.10484 0.10602 7.24919 0.198316 0.14
-0.996722 -0.342143 0.103956 3.94696 0.0190377 0.14
-0.88548 0.0819003 0.964456 0.866203 0.41188 0.2
-0.865164 0.0969435 1.06673 0.641461 0.577338 0.02
-0.657926 0.211353 1.22582 0.728408 0.144086 0.18
-0.581079 0.254778 1.33436 0.732574 0.271039 0.06
-0.26621 0.216784 2.59297 -1.13668 0.979252 0.16
0.0285838 0.051718 3.30788 -2.21732 0.891034 0.1
0.166476 -0.0467702 3.58739 -2.71864 0.850932 0.04
0.50317 -0.262268 3.16217 -1.74245 -0.423653 0.1
1.05951 -0.639244 -0.56396 2.86468 0.917336 0.2
1.00324 -0.451154 -0.0515251 -0.507818 0.925957 0.18
