0.11767 -2.30795 -0.0151126 -0.00828335 0 0
0.10265 -2.36053 -0.486589 -1.71709 -0.831151 0.06
0.0441353 -2.57038 -0.981983 -3.47686 -0.581197 0.08
-0.00173885 -2.72752 -1.31152 -4.35826 -0.8001 0.04
-0.127244 -3.1197 -1.79887 -5.26108 -0.654442 0.08
-0.245765 -3.44136 -2.12842 -5.32438 -0.8479 0.06
-0.430859 -3.8411 -2.48074 -4.51277 -0.953355 0.08
-0.860585 -4.30624 -2.94349 -1.27787 -0.711898 0.16
-1.01679 -4.04968 0.405892 4.44788 0.527845 0.14
-0.870342 -3.21095 1.64035 7.12788 0.81482 0.14
-0.634524 -2.38386 2.17418 6.02334 0.992413 0.12
-0.252294 -1.73366 2.7022 2.07827 0.866829 0.16
-0.141442 -1.67045 2.84361 1.08892 0.617338 0.04
0.103444 -1.65707 3.27972 -0.717594 0.841948 0.08
0.493174 -1.89313 3.18925 -3.138 0.0381466 0.12
0.985706 -2.42532 3.85122 -4.14052 0.935662 0.14
1.04182 -2.54825 1.43691 -8.7778 -0.230494 0.02
1.05158 -2.99363 -0.389032 -12.2977 -0.916833 0.04
1.01184 -3.92378 -0.402038 -10.2908 -0.893022 0.08
0.927301 -5.25229 -0.867616 -3.14977 -0.993079 0.2
0.908605 -5.30866 -1.00357 -2.48887 -0.820961 0.02
0.627191 -5.29079 -2.10196 2.41918 -0.668092 0.18
0.0877551 -4.3955 -3.11738 6.02931 -0.989547 0.2
-0.512325 -3.26369 -3.74784 5.42889 -0.820576 0.18
-0.92293 -2.84787 -4.48255 2.76843 -0.69062 0.1
-1.03442 -1.77882 0.509582 9.78953 0.385721 0.12
-0.911754 -0.62149 1.25155 3.10599 0.96703 0.18
-0.642728 -0.519438 2.58454 -1.44102 0.986123 0.14
-0.42768 -0.681923 2.78486 -2.61698 0.241838 0.08
-0.25074 -0.875822 3.10128 -3.82204 0.68241 0.06
0.370974 -1.84315 3.65043 -6.65781 0.81676 0.18
1.03705 -3.37535 0.901943 -12.764 0.393948 0.2
1.00523 -5.51189 -0.0891588 -8.77048 0.1236 0.18
0.98645 -6.90451 -0.219415 -6.07174 0.0371257 0.2
0.982334 -7.43252 0.073349 -7.09934 0.895792 0.08
0.981725 -8.52958 -0.137936 -8.53609 0.648451 0.14
0.979023 -9.1978 0.169853 -7.77019 0.961995 0.08
0.983766 -9.65733 0.0373543 -7.33219 -0.420784 0.06
1.00199 -10.633 -0.0299574 -2.50337 -0.117251 0.2
