-0.197517 -2.94444 0.0813358 -0.0766439 0 0
-0.126693 -2.92643 0.621103 0.212113 0.369291 0.2
-0.115047 -3.07188 -0.408955 -2.44841 -0.90401 0.12
-0.172064 -3.31081 -0.998108 -3.38372 -0.897575 0.08
-0.229534 -3.50248 -0.163607 -0.501771 0.76828 0.1
-0.224331 -3.48428 0.333756 1.07259 0.825523 0.06
-0.206111 -3.42613 0.576 1.81738 0.602187 0.04
-0.130555 -3.19545 0.920049 2.65431 0.367249 0.1
-0.09143 -3.08694 1.03299 2.74574 0.380823 0.04
-0.0448079 -2.97001 1.29369 3.0674 0.842127 0.04
0.279841 -2.42923 2.25936 2.42273 0.883429 0.18
0.628076 -2.23035 2.72865 0.415733 0.670296 0.14
1.04009 -2.30931 1.23378 -4.40093 0.843895 0.14
1.04748 -2.56173 -0.373641 -7.39183 -0.771884 0.04
1.0377 -2.71423 -0.602366 -7.8476 -0.937957 0.02
1.02373 -2.87458 -0.790524 -8.16835 -0.811612 0.02
1.00614 -3.04038 -0.96159 -8.386 -0.891158 0.02
0.985351 -3.2093 -1.11049 -8.47504 -0.992144 0.02
0.706363 -4.53292 -1.67903 -4.03487 -0.988635 0.2
0.278075 -4.79949 -2.67331 1.18205 -0.779293 0.2
0.046022 -4.63735 -3.11407 2.808 -0.875996 0.08
-0.357551 -4.19071 -3.58461 4.45963 -0.841583 0.12
-0.497662 -3.99851 -3.41794 5.14026 0.141863 0.04
-0.938599 -3.39961 -4.00372 4.40801 -0.844927 0.12
-1.0345 -2.08336 0.500394 12.1614 -0.756563 0.12
-0.996959 -0.921502 0.341582 7.39662 0.991074 0.12
-0.840418 -0.218973 1.7365 1.59513 0.989829 0.16
-0.39536 -0.316919 3.17963 -2.47628 0.85366 0.18
0.385392 -1.22161 4.44276 -6.28486 0.957706 0.2
1.05859 -2.44632 1.03108 -13.226 0.818413 0.16
1.05792 -3.04942 -0.542422 -15.8597 -0.494534 0.04
1.00093 -5.44023 -0.122075 -7.99082 -0.825211 0.2
1.00095 -5.88359 0.0214248 -6.71141 0.742913 0.06
0.959643 -6.49369 -0.715247 -3.80658 -0.582162 0.12
0.851466 -6.80176 -1.42355 -2.5844 -0.808191 0.1
0.543045 -7.3341 -2.01182 -3.61626 -0.448825 0.18
0.19917 -8.38917 -1.58084 -6.59351 0.669923 0.2
0.0664165 -8.94653 -1.71052 -7.17352 0.30384 0.08
0.032867 -9.08822 -1.63968 -6.97392 0.648721 0.02
-0.151647 -9.78784 -1.94395 -6.51326 -0.525578 0.1
-0.297422 -10.238 -1.02132 -2.64145 0.678908 0.1
