0.00645838 0.817102 0.0350152 -0.0671932 0 0
0.00598984 0.821048 -0.0815324 0.458506 -0.571996 0.02
0.003986 0.834075 -0.118508 0.842079 -0.0800968 0.02
-0.0317824 1.33576 -0.157075 4.09418 -0.00134445 0.2
-0.00600125 2.05967 0.600886 6.352 0.363903 0.14
0.335591 3.7118 2.3732 8.29539 0.993591 0.2
0.791308 4.74859 2.87048 3.15129 0.999803 0.18
1.0357 5.00622 -0.332943 1.19447 -0.372955 0.14
0.953507 4.87843 -0.582136 -2.47279 -0.244431 0.18
0.905407 4.25556 -0.0929266 -5.05231 0.676594 0.16
0.785624 3.19682 -1.33713 -7.67585 -0.621508 0.16
0.757524 3.04255 -1.46697 -7.72525 -0.925206 0.02
0.398666 1.82883 -2.11482 -3.70032 -0.97662 0.2
-0.0608921 1.60923 -2.53838 1.26901 -0.399764 0.2
-0.470714 1.96335 -3.28008 3.57736 -0.926734 0.14
-1.02978 2.64673 -3.04226 5.95657 -0.68133 0.16
-1.06391 2.82273 -0.706932 10.9309 -0.721126 0.02
-1.05734 3.32796 0.581318 13.1883 -0.0321844 0.04
-1.02433 4.06175 0.409804 10.9681 0.969436 0.06
-0.974892 5.40626 0.557415 4.23075 0.866838 0.18
-0.917971 5.88369 0.16686 2.08815 -0.418136 0.16
-0.980333 6.33295 -0.823238 2.80886 -0.647413 0.2
-1.009 6.43339 -0.310243 1.53108 -0.0911189 0.04
-0.990509 6.58879 0.193921 1.05148 0.136998 0.18
-0.991938 6.76856 -0.215642 2.54223 -0.403891 0.1
-0.996668 7.03136 0.116695 2.81798 0.448353 0.1
-0.966698 7.34742 0.490286 3.5842 0.489749 0.1
-0.907956 7.66475 0.99052 4.41421 0.735602 0.08
-0.886931 7.75574 1.11326 4.68823 0.616914 0.02
-0.728603 8.42984 1.57656 6.55979 0.0724409 0.12
-0.254478 9.99835 2.73349 7.22317 0.670019 0.2
0.139628 10.7561 2.97679 3.55156 0.825015 0.14
0.725802 10.9404 2.93553 -1.43409 0.0668371 0.2
