0.0168973 1.79102 0.00339965 0.0647535 0 0
0.102793 2.11665 1.12464 3.95083 0.821419 0.16
0.317173 2.91515 1.51045 5.54123 0.0516507 0.16
0.383453 3.14597 1.79223 5.93591 0.829306 0.04
0.419877 3.26393 1.84714 5.84447 0.51144 0.02
0.497218 3.4945 2.00941 5.62364 0.793304 0.04
0.868248 4.18283 2.16344 1.90646 0.495089 0.18
0.983374 3.81186 -0.83119 -5.06007 -0.869122 0.2
0.729283 2.76871 -2.14586 -6.90956 -0.964996 0.16
0.24511 1.79681 -2.78577 -2.50713 -0.913653 0.2
-0.274839 1.6929 -3.73275 1.09129 -0.944362 0.16
-0.940131 2.08215 -4.54708 3.50054 -0.915752 0.16
-1.07958 2.50062 0.279794 11.0738 -0.892745 0.06
-1.06897 2.7309 0.684653 11.755 -0.977662 0.02
-0.91057 4.43785 0.878539 8.01122 0.975241 0.16
-0.704713 5.32262 1.68277 1.87099 0.915096 0.18
-0.669375 5.35336 1.85171 1.20522 0.96849 0.02
-0.245505 5.14763 2.80123 -3.21792 0.608919 0.18
0.334638 4.27624 3.51937 -6.07923 0.923442 0.18
0.537919 3.88462 3.25493 -6.94204 0.0258098 0.06
1.04067 2.48383 -0.178406 -13.193 0.863882 0.18
1.00762 1.15135 -0.143028 -8.80135 -0.66731 0.12
0.881838 0.173084 -1.50272 -2.237 -0.977088 0.18
0.535259 0.118723 -2.80422 1.31731 -0.864281 0.16
0.420696 0.177817 -2.9242 1.64327 -0.344674 0.04
0.0129197 0.521566 -3.84879 4.06532 -0.904255 0.12
-0.315742 0.907421 -4.33556 5.53439 -0.934568 0.08
-1.04196 1.96991 -3.77241 8.37346 -0.881931 0.16
-1.02935 3.28572 1.24881 14.3586 0.99695 0.1
-0.869541 5.30695 0.752031 6.18515 0.950528 0.2
-0.743533 5.99234 0.893313 2.73104 0.0558009 0.16
-0.660907 6.54652 0.00496906 3.805 -0.616106 0.18
-0.722025 7.52847 -0.487478 6.11492 -0.482415 0.2
-0.749835 7.91739 -0.422966 6.85376 -0.436049 0.06
-0.758403 8.05684 -0.432536 7.08796 -0.802601 0.02
-0.716603 9.23553 0.976108 9.5528 0.610327 0.14
-0.686895 10.3397 -0.629829 2.67276 -0.642939 0.18
