0.114535 -2.01647 -0.00448091 -0.0246691 0 0
0.122904 -2.04597 0.282928 -0.938127 0.789468 0.06
0.0564513 -2.70065 -1.01155 -5.36004 -0.605925 0.2
-0.245546 -3.80966 -2.09731 -5.59847 -0.916706 0.18
-0.608942 -4.41616 -2.52129 -1.94856 -0.753616 0.16
-0.989773 -4.46837 -2.92927 1.09565 -0.532456 0.14
-1.04075 -4.28827 0.292998 4.3325 -0.593808 0.06
-0.838193 -3.15349 1.89418 7.72417 0.793377 0.18
-0.543773 -2.19482 2.21822 5.35423 0.835293 0.14
-0.035958 -1.6324 2.98989 0.349026 0.805569 0.2
0.079467 -1.63775 2.78126 -0.606708 -0.695823 0.04
0.254232 -1.71157 3.03978 -1.82591 0.698414 0.06
0.956525 -2.35852 3.94729 -4.11724 0.880234 0.2
1.07211 -2.6082 0.726583 -10.4133 0.613439 0.04
1.06344 -3.09783 -0.665825 -12.9485 -0.690988 0.04
0.982986 -4.60532 -0.377617 -8.05956 -0.976136 0.14
0.928337 -5.32149 -0.688284 -3.92624 -0.756584 0.12
0.887603 -5.78889 0.17172 -2.29446 0.787629 0.16
0.919029 -5.96743 0.619402 -2.24554 0.784112 0.08
0.960416 -6.09418 0.7632 -2.02045 0.386699 0.06
0.976774 -6.13566 0.872879 -2.13173 0.702276 0.02
1.00814 -6.20439 0.0684035 0.0350922 -0.675476 0.06
