0.109349 0.0174822 -0.0875162 -0.0886334 0 0
0.0900035 0.0459199 -0.555279 1.02015 -0.848522 0.06
0.0281836 0.16362 -0.684972 1.37817 -0.141914 0.1
0.0136408 0.193507 -0.769278 1.61131 -0.448381 0.02
-0.0790498 0.411219 -0.781614 2.11114 0.0207579 0.12
-0.295339 1.02484 -1.82139 5.37328 -0.866232 0.16
-0.669851 2.21778 -2.22397 7.5415 -0.939813 0.18
-1.04796 3.61364 0.137986 11.8743 -0.877225 0.18
-1.04198 3.8514 0.399022 11.752 0.775699 0.02
-0.960956 5.45306 0.773348 4.28937 0.99926 0.2
-0.649809 5.66322 2.3512 -1.83 0.822888 0.2
-0.0404816 4.84012 3.54865 -5.96864 0.940794 0.2
0.552022 3.56103 3.03966 -7.90008 0.279082 0.18
0.614004 3.40652 3.165 -7.5246 0.964323 0.02
1.04072 2.69026 1.62028 -9.32745 0.990758 0.12
1.0542 2.23792 -0.351137 -11.874 0.618316 0.04
0.984022 0.801199 -0.583586 -6.02357 -0.883385 0.16
0.740676 0.293627 -2.18003 0.0430567 -0.938839 0.18
0.569822 0.310224 -2.09106 0.36939 0.194871 0.08
0.526849 0.321513 -2.20591 0.757415 -0.574607 0.02
-0.00632417 0.851845 -3.62287 4.90724 -0.952312 0.18
-0.227239 1.17043 -3.72474 5.70743 -0.527165 0.06
-0.375928 1.40864 -3.70236 6.20512 -0.406499 0.04
-1.05278 3.0111 -0.165174 15.0823 -0.849678 0.2
-1.04137 3.63542 0.472339 15.4045 -0.043402 0.04
-1.00397 5.54876 0.0562379 8.94903 -0.740461 0.16
-1.0011 6.18891 0.0213889 7.26294 -0.128298 0.08
-1.00052 7.01456 0.000473017 6.84098 -0.807879 0.12
-0.964213 7.68949 0.739692 6.93711 0.480742 0.1
-0.637534 9.20737 2.91281 10.2146 0.841159 0.18
-0.57856 9.41073 2.97308 10.0796 0.386884 0.02
-0.40523 9.96829 2.75139 8.30263 0.229156 0.06
0.0387466 10.9226 2.93866 3.62714 0.823235 0.16
0.600561 11.1388 3.35356 -1.02611 0.370305 0.18
