0.0369664 -2.99951 -0.00587588 0.0430601 0 0
0.107136 -2.89704 0.766022 0.92741 0.548085 0.18
0.309195 -2.68469 1.73173 1.48517 0.837263 0.16
0.610639 -2.49305 2.56288 1.11949 0.917924 0.14
1.04266 -2.72164 -0.331275 -6.92871 0.517677 0.2
1.02299 -3.00996 -0.629556 -7.39692 -0.680987 0.04
1.00892 -3.15937 -0.771526 -7.51948 -0.886074 0.02
0.992142 -3.31022 -0.90112 -7.5394 -0.99794 0.02
0.786637 -4.37922 -1.38584 -3.8235 -0.901115 0.18
0.581333 -4.64023 -1.2391 0.365492 0.000699333 0.16
0.401915 -4.22751 -0.685407 4.09858 0.276371 0.18
0.372723 -3.58443 0.217112 6.51354 0.58829 0.12
0.257187 -2.77862 -1.46995 1.02316 -0.85142 0.2
0.00576481 -2.82326 -2.10862 -1.51514 -0.420085 0.14
-0.502528 -3.38936 -3.45148 -4.05975 -0.892659 0.18
-0.644262 -3.54936 -3.63035 -3.90376 -0.804725 0.04
-0.949585 -3.83712 -3.995 -3.19151 -0.898848 0.08
-1.06605 -3.7812 0.248644 5.17124 0.992135 0.06
-1.0025 -3.27429 1.19522 7.08858 0.969497 0.08
-0.917845 -2.83992 1.58166 7.177 0.980093 0.06
-0.709148 -2.10678 1.88784 4.77988 0.923125 0.12
-0.232905 -1.63484 2.98058 -0.0179524 0.985048 0.2
0.224777 -1.84019 3.53119 -2.75982 0.672361 0.14
0.52062 -2.10416 3.85673 -3.7617 0.835801 0.08
0.822162 -2.45328 3.677 -4.89729 0.0592393 0.08
1.06461 -3.2287 -0.30004 -13.5487 -0.331044 0.1
1.05513 -3.50258 -0.574797 -13.6435 -0.291651 0.02
1.01148 -4.67009 -0.217269 -9.54347 -0.982356 0.1
0.950866 -5.88921 -0.769065 -2.91197 -0.614378 0.2
0.853178 -6.4154 -0.173022 -2.84578 0.412007 0.2
0.839879 -6.85152 -0.0142464 -3.57552 0.140992 0.14
0.830929 -7.14989 -0.211826 -3.95695 -0.272155 0.08
0.746 -7.90073 -0.916352 -5.65764 -0.376884 0.16
0.678975 -8.3923 -0.771109 -6.54842 0.819413 0.08
0.487909 -9.67867 -1.06766 -6.41288 -0.0130301 0.18
0.422362 -10.1398 -0.274201 -2.88175 0.537705 0.1
