-0.0793738 -2.79243 -0.0776134 0.0258873 0 0
-0.27546 -3.26799 -1.80986 -4.06091 -0.952444 0.2
-0.483045 -3.67195 -2.30971 -3.77883 -0.849109 0.1
-0.576487 -3.81036 -2.36308 -3.13046 -0.509448 0.04
-0.92294 -4.0762 -2.60905 -0.679801 -0.491866 0.14
-1.04423 -3.94754 0.198245 4.70166 0.720349 0.08
-1.03778 -3.84761 0.404934 5.21579 0.302657 0.02
-0.947567 -3.12714 1.0196 6.32583 0.45337 0.12
-0.8752 -2.74586 1.36071 6.21357 0.971999 0.06
-0.818024 -2.50797 1.49265 5.63777 0.924097 0.04
-0.50998 -1.85053 2.02027 1.6147 0.770951 0.18
-0.0934437 -1.90604 2.60292 -2.03226 0.577131 0.18
-0.0423645 -1.95117 2.50412 -2.47995 -0.497194 0.02
0.297334 -2.31903 3.15596 -3.44782 0.980524 0.12
0.707903 -2.73842 3.71915 -3.26954 0.787536 0.12
1.02272 -4.27214 -0.359724 -9.9079 0.371385 0.2
0.961908 -5.37947 -0.727813 -4.04054 -0.950258 0.16
0.927827 -5.99543 0.396042 -2.74572 0.792927 0.2
0.94273 -6.09503 0.350405 -2.25739 -0.00740829 0.04
0.948848 -6.13658 0.261827 -1.90299 -0.385365 0.02
0.942678 -6.20981 -0.408141 -0.00810773 -0.856 0.08
0.906443 -6.21264 -0.3167 -0.0481545 0.121454 0.1
0.931307 -6.35093 0.728039 -2.24408 0.980645 0.12
0.959952 -6.53783 -0.371948 -0.159674 -0.703438 0.18
0.993146 -6.80128 0.815535 -3.50077 0.913884 0.14
1.00108 -7.39923 -0.0231254 -4.11624 0.14359 0.2
0.948267 -8.36331 -0.683983 -6.71608 -0.114287 0.18
0.878811 -9.06452 -0.642733 -6.97425 0.530536 0.1
0.790605 -10.015 -0.318276 -4.15564 0.0034412 0.16
0.786418 -10.149 0.10045 -2.57431 0.937972 0.04
