-0.110741 -2.18957 -0.0616285 0.094837 0 0
-0.17746 -2.42488 -0.911335 -3.33408 -0.60483 0.14
-0.377035 -3.12644 -1.51756 -4.87741 -0.337829 0.16
-0.60322 -3.72512 -2.18042 -4.63486 -0.932809 0.12
-0.981787 -4.12815 -1.69312 0.34316 0.0317149 0.2
-0.922728 -3.24631 1.34728 6.60938 0.811536 0.2
-0.678013 -2.34355 2.01362 5.50113 0.986539 0.14
-0.299909 -1.77075 2.29976 0.972095 0.545827 0.18
-0.208845 -1.75151 2.25462 0.000503447 -0.0685687 0.04
0.0915975 -1.89276 2.73913 -2.24705 0.68983 0.12
0.598895 -2.38563 3.59926 -3.54976 0.973295 0.16
0.74499 -2.53127 3.70794 -3.70441 0.592016 0.04
1.02406 -2.87869 2.69861 -6.19783 -0.427341 0.08
1.05453 -3.05574 0.644697 -10.7991 0.689609 0.02
1.05742 -3.29186 -0.208666 -12.4349 0.770805 0.02
1.04966 -3.54373 -0.496117 -12.5634 -0.918156 0.02
0.982976 -5.30374 -0.466596 -5.09668 -0.90688 0.2
0.96572 -5.48858 -0.403412 -4.16626 0.19269 0.04
0.995311 -6.1418 0.750624 -3.68463 0.85993 0.18
1.00521 -6.29955 -0.213349 -1.04607 -0.628845 0.08
1.00082 -6.60331 0.000108015 -1.79492 0.956896 0.2
0.930944 -6.95091 -0.673873 -1.99894 -0.476305 0.2
0.858582 -7.1165 -1.13219 -2.20001 -0.812978 0.08
0.769466 -7.44093 -0.686082 -4.20948 0.598475 0.1
0.71983 -7.71393 -0.978565 -4.92066 -0.461292 0.06
0.681966 -7.923 -0.921271 -5.522 0.587265 0.04
0.549078 -9.05497 -0.467755 -6.24571 0.79793 0.18
0.503794 -9.95138 0.0838935 -3.01193 0.17418 0.18
