-0.147868 -2.13131 -0.0421821 0.0350408 0 0
-0.15499 -2.35424 -0.0583638 -2.63825 0.157391 0.16
-0.164088 -2.48047 -0.399444 -3.66362 -0.845489 0.04
-0.226994 -2.85281 -1.17041 -5.5479 -0.942256 0.08
-0.506842 -3.82157 -2.13782 -5.48855 -0.978978 0.16
-0.969387 -4.45288 -2.60049 -0.86613 -0.651788 0.2
-0.992092 -4.08959 0.797204 4.29391 0.407116 0.16
-0.685572 -2.94982 2.47134 7.47668 0.955094 0.18
-0.289802 -2.03694 2.4979 3.68557 0.57045 0.16
0.178435 -1.73357 3.40575 0.139124 0.991286 0.16
0.869784 -2.01413 4.24031 -2.98202 0.808176 0.18
1.07546 -2.4782 -0.324632 -10.3546 -0.315561 0.08
0.930082 -3.99868 -1.1395 -9.35744 -0.982851 0.14
0.691476 -5.17257 -1.61362 -2.54926 -0.884939 0.2
0.352165 -5.22019 -2.15417 1.79781 -0.285724 0.18
-0.15708 -4.46015 -2.78988 5.45799 -0.645306 0.2
-0.213268 -4.34858 -2.82809 5.69483 -0.78951 0.02
-0.829298 -3.17223 -3.56329 4.74762 -0.756232 0.2
-1.04247 -2.21556 0.468475 11.3435 -0.958705 0.12
-1.00147 -0.668943 0.0275281 4.82765 -0.130889 0.2
-1.0005 -0.0471742 -0.000686657 2.56095 -0.542648 0.18
-0.953579 0.0851118 0.922181 0.239996 0.985653 0.1
-0.803144 0.0356454 1.5818 -1.03952 0.643291 0.12
-0.771823 0.0160747 1.55057 -0.920414 -0.120918 0.02
-0.629762 -0.095109 2.00155 -1.87393 0.651453 0.08
-0.175493 -0.667727 3.00538 -4.56438 0.683268 0.18
0.225852 -1.34479 3.5943 -6.58243 0.993614 0.12
0.439159 -1.76119 3.50035 -7.30257 0.510337 0.06
0.644245 -2.22074 3.33349 -7.99035 0.481527 0.06
1.03914 -4.06292 -0.429272 -14.2876 0.734781 0.18
1.01242 -5.0653 -0.198329 -10.8582 0.431789 0.08
0.969888 -6.39138 -0.633864 -5.97974 -0.549076 0.16
0.946978 -6.63196 -0.515334 -6.07382 0.504627 0.04
0.919492 -6.86014 -0.85408 -5.39854 -0.785618 0.04
0.901077 -6.96646 -0.986701 -5.2451 -0.62363 0.02
0.836686 -7.28674 -1.16503 -5.48554 -0.162677 0.06
0.585178 -8.28914 -2.07406 -7.35047 -0.27467 0.16
0.298428 -9.25743 -2.59826 -8.31819 -0.0237995 0.12
0.247058 -9.42024 -2.5321 -7.93698 0.255034 0.02
-0.0910023 -10.2884 -0.947495 -0.99066 0.58223 0.2
