-0.183181 2.5192 0.0557761 -0.0431535 0 0
-0.0524723 2.94728 1.23235 3.85006 0.568908 0.2
0.228747 3.65947 2.16886 4.29161 0.860675 0.16
0.690299 4.14971 2.50103 0.591581 0.511361 0.2
0.9037 4.14903 2.83512 -0.581507 0.73933 0.08
1.0013 3.38218 -0.780803 -7.31679 -0.515143 0.16
0.943351 2.93483 -1.10378 -7.37992 -0.750611 0.06
0.691121 1.88339 -1.70671 -3.77622 -0.987957 0.18
0.359393 1.6023 -2.49542 0.180314 -0.834323 0.16
0.0804994 1.72591 -3.06986 2.20712 -0.900235 0.1
-0.245848 2.02659 -3.43942 3.70127 -0.751318 0.1
-1.03857 2.81564 -3.72029 5.28451 -0.973129 0.2
-1.07997 2.99569 -0.838524 11.7506 0.756674 0.02
-1.08278 3.26001 0.350567 14.1573 0.751839 0.02
-1.071 3.54861 0.729812 14.4459 0.976806 0.02
-1.00959 4.98086 0.245746 9.3945 0.998946 0.12
-0.992553 6.33491 0.158892 4.88531 0.0592021 0.2
-0.857179 6.98001 1.27663 3.02992 0.688051 0.18
-0.630865 7.44896 1.96662 3.87776 0.638191 0.14
-0.551523 7.61582 2.00584 4.46542 -0.0144535 0.04
-0.378857 8.01912 2.33513 5.64699 0.246828 0.08
0.0252548 9.07972 2.66918 7.14524 -0.207269 0.16
0.135224 9.36812 2.81096 7.19068 0.36922 0.04
0.644749 10.3852 2.7981 3.55771 0.437895 0.18
0.978689 10.632 2.80303 0.636557 0.255099 0.12
