-0.0307562 0.660179 -0.0535397 0.0758537 0 0
-0.117421 1.02601 -0.839596 3.79132 -0.47519 0.18
-0.135531 1.99919 0.783994 6.45455 0.820114 0.2
-0.104189 2.26503 0.781359 6.80898 -0.616223 0.04
0.200657 3.75089 2.18607 7.90341 0.962438 0.18
0.496545 4.55613 2.15582 3.67919 0.609853 0.14
0.634203 4.72749 2.44689 2.03946 0.864676 0.06
0.731878 4.78818 2.43999 1.00627 0.0157567 0.04
1.02906 4.66941 0.296096 -2.42136 -0.862642 0.16
1.03002 4.61648 -0.128037 -2.86585 -0.312589 0.02
1.02022 4.48607 -0.280639 -3.62282 0.228472 0.04
0.771317 3.30332 -2.26573 -8.02763 -0.911423 0.2
0.404858 2.23765 -2.79218 -6.28081 -0.987175 0.14
-0.176932 1.54914 -3.20182 -0.775403 -0.609402 0.2
-0.841271 1.77339 -4.1373 2.99574 -0.829457 0.18
-0.92357 1.8371 -4.09143 3.37309 0.077656 0.02
-0.942607 3.30346 1.46501 10.0256 0.930426 0.18
-0.667635 4.67379 1.66958 4.8356 0.97054 0.18
-0.472916 5.00305 2.27609 1.75692 0.988579 0.1
-0.0603165 4.94933 2.29276 -2.16414 -0.0468562 0.18
0.472227 4.155 2.91903 -5.35867 0.720193 0.2
0.530122 4.04506 2.87018 -5.6304 0.156564 0.02
0.637061 3.80111 2.47345 -6.56305 -0.768363 0.04
1.04616 2.38494 -0.43879 -10.9864 0.63398 0.2
1.03671 2.17104 -0.47765 -10.3494 -0.792853 0.02
0.935858 0.845415 -0.967345 -3.06919 -0.91093 0.2
0.712503 0.748967 -2.22506 1.51472 -0.973049 0.14
0.194539 1.41356 -3.3798 5.47653 -0.968579 0.18
-0.0834588 1.89609 -3.547 6.52362 -0.874454 0.08
-0.607626 2.83885 -4.06774 6.23507 -0.974952 0.14
-0.77368 3.07667 -4.24831 5.59221 -0.550785 0.04
-1.03297 4.86906 0.530768 11.3808 -0.719794 0.18
-0.922128 6.48476 1.07881 5.20178 0.632451 0.2
-0.829676 6.88562 1.23066 4.95283 0.0963873 0.08
-0.704915 7.73564 0.673263 7.04994 -0.902736 0.14
-0.562318 8.68298 1.74897 8.93018 0.388142 0.12
-0.257906 9.9738 2.22853 8.10069 0.479838 0.14
-0.0719562 10.6174 0.999633 3.0368 -0.74281 0.12
