-0.0844195 2.25119 -0.0104475 0.0599541 0 0
-0.0575549 2.38212 0.554044 2.49055 0.550925 0.1
0.186751 3.25389 1.79704 5.36863 0.643379 0.2
0.302471 3.56962 2.04154 5.03906 0.787112 0.06
0.675587 4.1051 1.76984 0.4404 0.142095 0.2
0.855953 3.98274 1.22927 -2.38448 -0.405205 0.12
0.988771 3.70313 1.43322 -3.07958 0.454744 0.1
1.01123 3.25685 -0.275931 -6.6749 -0.878495 0.08
0.951819 2.58244 -0.817162 -6.32152 -0.966771 0.1
0.713531 1.74005 -1.67884 -1.89115 -0.999177 0.2
0.333716 1.76705 -2.53801 1.98886 -0.762776 0.18
6.78682e-06 2.11574 -3.0033 3.66619 -0.768425 0.12
-0.189507 2.34588 -3.31728 3.93987 -0.9905 0.06
-0.46479 2.66919 -3.58058 4.0094 -0.654717 0.08
-0.768264 2.95931 -4.0276 3.11282 -0.744276 0.08
-1.06395 3.73702 0.601475 12.5473 -0.952676 0.12
-0.960557 5.48336 0.784177 4.94922 0.985981 0.2
-0.899035 5.904 0.457719 3.64288 -0.471374 0.1
-0.829203 6.30026 0.522386 2.31725 -0.0410591 0.14
-0.621178 6.45474 1.75185 -0.276867 0.778396 0.18
-0.585779 6.44924 1.78816 -0.273893 0.279651 0.02
-0.429917 6.41104 2.10861 -0.685405 0.517889 0.08
-0.0728439 6.48236 1.47272 1.32056 -0.292518 0.2
0.077164 6.72583 1.03213 2.77459 -0.365051 0.12
0.273537 7.09114 1.75498 2.70197 0.686118 0.14
0.342327 7.2117 1.68813 3.32358 -0.177066 0.04
0.696829 8.00324 2.34575 5.64629 0.311538 0.18
0.8365 8.36463 2.31682 6.3623 -0.601368 0.06
1.00605 9.13165 -0.634433 1.18062 -0.542942 0.2
