0.0493804 -0.823046 0.027797 0.0968363 0 0
0.0977805 -1.03639 0.626306 -3.00518 0.447717 0.14
0.0764814 -1.85918 -0.943989 -5.64496 -0.895472 0.2
-0.119564 -2.92563 -1.43128 -7.13813 0.044831 0.16
-0.254765 -3.50936 -1.87025 -7.08564 -0.867588 0.08
-0.634332 -4.45204 -2.41414 -3.09523 -0.928178 0.18
-0.941565 -4.64005 -2.73536 -0.109825 -0.506058 0.12
-0.951773 -4.11883 1.17946 4.94397 0.747893 0.2
-0.55726 -2.79205 2.51339 6.94477 0.699552 0.2
0.00183805 -1.80553 3.16125 2.58949 0.926749 0.2
0.495438 -1.67501 3.91161 -0.642121 0.872408 0.14
1.0483 -1.97381 1.59567 -5.43625 0.541183 0.14
0.956945 -3.16492 -1.45821 -9.6196 -0.783735 0.14
0.895057 -3.54295 -1.60223 -9.14632 -0.968729 0.04
0.676945 -4.5308 -1.59908 -4.90845 -0.802361 0.14
0.292613 -4.93849 -2.3572 0.636195 -0.617327 0.2
0.245438 -4.92144 -2.35982 1.06714 0.0150155 0.02
-0.345966 -4.30323 -3.44773 4.63549 -0.96059 0.2
-0.483882 -4.10743 -3.44613 5.13689 -0.424313 0.04
-0.61695 -3.88723 -3.20494 5.862 0.321832 0.04
-1.02123 -3.20281 -1.58382 9.80367 -0.938369 0.12
-1.03354 -2.46156 0.335282 12.6706 -0.797569 0.06
-1.01513 -1.7708 0.226916 10.268 -0.916418 0.06
-0.932379 -0.464488 1.05576 2.89124 0.910772 0.2
-0.800257 -0.294968 1.58286 0.617824 0.474944 0.1
-0.649927 -0.321048 2.16948 -1.22264 0.747181 0.08
-0.174596 -0.824687 3.05241 -4.31568 0.584099 0.18
-0.113476 -0.913212 3.05857 -4.53827 0.188422 0.02
0.146827 -1.33365 3.41263 -5.90982 0.919984 0.08
0.641265 -2.28162 3.61166 -7.3946 0.890683 0.14
1.05361 -3.80472 -0.411705 -15.0045 0.333465 0.16
1.01804 -4.88042 -0.302289 -11.6967 -0.863746 0.08
1.00086 -6.67195 -0.0104768 -7.46544 0.736392 0.2
0.969739 -7.69984 -0.497413 -7.61749 0.100893 0.14
0.637812 -9.53463 -2.62451 -10.3292 -0.698764 0.2
0.493111 -10.0852 -2.17117 -7.92042 0.0773748 0.06
0.166923 -10.9508 -1.6657 -2.09679 -0.119059 0.18
