0.0133462 -2.95976 -0.00960821 0.06595 0 0
0.014576 -2.95601 0.132318 0.306681 0.843172 0.02
0.110959 -2.79684 1.21746 1.74622 0.976154 0.14
0.480631 -2.4487 2.4437 1.35834 0.940455 0.2
0.948266 -2.32305 3.40225 0.174931 0.97198 0.16
1.03463 -2.79013 -0.584747 -7.41476 -0.533342 0.1
0.985185 -3.25426 -1.01462 -7.83744 -0.830566 0.06
0.964151 -3.40947 -1.08348 -7.65883 -0.797451 0.02
0.827616 -4.26674 -0.699473 -3.07257 -0.221081 0.16
0.74194 -4.45468 -0.757513 -0.145547 -0.234487 0.12
0.544021 -4.18832 -1.41315 2.84937 -0.652312 0.18
0.494825 -4.05331 -1.04138 3.90148 0.964557 0.04
0.353336 -3.29414 -0.790791 5.03836 -0.0219973 0.16
0.307697 -2.87534 -0.389406 5.20152 0.706391 0.08
0.0216129 -2.57685 -2.38225 -1.74481 -0.964756 0.2
-0.0783689 -2.66325 -2.61683 -2.55846 -0.572195 0.04
-0.132533 -2.71952 -2.79956 -3.06393 -0.950963 0.02
-0.373979 -3.0104 -3.22291 -4.08103 -0.55811 0.08
-0.891279 -3.64908 -4.07452 -4.43531 -0.925366 0.14
-0.96877 -3.01115 1.1356 6.52823 0.969839 0.18
-0.659417 -1.95988 1.93204 3.26775 0.970273 0.2
-0.535953 -1.80607 2.19361 1.86315 0.841458 0.06
-0.444084 -1.74981 2.40238 0.954466 0.866915 0.04
-0.172021 -1.7595 3.03823 -1.0898 0.992237 0.1
0.511591 -2.29327 3.75378 -3.82481 0.717005 0.2
1.05459 -3.65754 -0.656794 -13.5568 0.862449 0.2
1.00372 -5.29004 -0.069408 -7.24965 -0.214244 0.16
1.00095 -5.78617 -0.0149167 -5.29163 0.303978 0.08
0.974333 -6.56001 -0.228577 -3.18808 -0.0383652 0.2
0.911607 -7.17166 -0.47068 -3.95242 -0.149534 0.18
0.764811 -8.19528 -1.13392 -6.50321 -0.139745 0.2
0.565563 -9.33085 -1.18946 -6.82887 0.36293 0.16
0.399878 -10.2088 -0.625984 -2.58666 0.0341395 0.18
