-0.0503268 2.91663 0.0536801 0.0148127 0 0
0.0974565 3.26721 1.52978 3.34265 0.913199 0.18
0.272196 3.59702 1.94223 3.07035 0.690431 0.1
0.711886 3.96406 2.47058 0.497715 0.577773 0.2
0.971786 3.94777 2.72941 -0.779769 0.525432 0.1
1.05193 3.85571 0.494076 -5.12308 0.544548 0.04
1.03367 3.45226 -0.658591 -7.42161 -0.66149 0.06
1.01866 3.30083 -0.838163 -7.70138 -0.897183 0.02
1.00047 3.14544 -0.974616 -7.81194 -0.831961 0.02
0.979997 2.98961 -1.06715 -7.74494 -0.786042 0.02
0.740089 1.87904 -1.59424 -4.02723 -0.957238 0.18
0.596906 1.63947 -2.00928 -1.96497 -0.960956 0.08
0.271566 1.60453 -2.64395 1.34822 -0.691913 0.14
0.164632 1.67489 -2.69986 2.15923 -0.293071 0.04
-0.392881 2.29862 -3.45616 4.34881 -0.850543 0.18
-1.05038 3.10583 -1.49875 9.61588 -0.678582 0.18
-1.04867 3.8552 0.568683 12.7795 -0.769819 0.06
-1.00963 4.92421 0.196951 8.68138 0.741378 0.1
-0.923405 5.84508 1.13623 2.85218 0.914487 0.16
-0.689521 6.05074 1.77153 -0.0181517 0.34434 0.16
-0.556568 6.05249 1.55269 0.0597221 -0.361189 0.08
-0.339091 6.17187 0.618409 1.18194 -0.576083 0.2
-0.307788 6.24934 0.423309 1.41919 -0.400797 0.06
-0.34759 6.70598 -0.901636 4.35501 -0.954258 0.16
-0.45484 7.34264 -0.612034 4.9878 0.127538 0.14
-0.506674 8.02352 -0.196953 6.45608 0.0585725 0.12
-0.575141 9.39552 -0.758812 5.82569 -0.752572 0.2
-0.842523 10.0397 -1.88663 0.595212 -0.428929 0.2
