-0.127571 -0.38196 -0.0181016 0.0469493 0 0
-0.141472 -0.393555 -0.260151 -0.274345 -0.391648 0.1
-0.143356 -0.482462 0.206381 -1.91673 0.569437 0.08
-0.0687747 -0.985576 0.67169 -4.34833 0.35608 0.16
0.0301463 -1.73324 0.658585 -6.31019 0.352227 0.14
0.025902 -2.96898 -0.663089 -8.84696 -0.476145 0.16
0.0109446 -3.14758 -0.824557 -8.97984 -0.967679 0.02
-0.20437 -4.56006 -1.30819 -4.35371 -0.967411 0.2
-0.354582 -4.85212 -1.73788 -1.51568 -0.759051 0.1
-0.536036 -4.8797 -1.89339 0.89944 -0.188425 0.1
-0.70069 -4.73715 -2.20964 2.61064 -0.602838 0.08
-1.04182 -4.0489 -0.0542852 7.88458 -0.773758 0.16
-1.03859 -3.88362 0.320178 8.55753 0.756257 0.02
-0.946611 -2.93053 1.33265 9.80785 0.978918 0.1
-0.686124 -1.55122 1.43823 3.81875 0.798546 0.2
-0.488287 -1.29966 1.90067 0.442907 0.57301 0.12
-0.406835 -1.30359 2.17126 -0.627178 0.884125 0.04
0.157668 -1.86833 3.35992 -4.54405 0.988836 0.2
0.769915 -2.84264 3.51246 -5.58243 0.482315 0.18
1.06033 -3.51488 0.0831904 -12.6249 0.677897 0.1
1.05589 -3.77427 -0.425443 -13.0561 -0.985203 0.02
0.971765 -5.63542 -0.68906 -5.47689 -0.981641 0.2
0.957618 -5.73983 -0.727524 -4.9683 -0.199141 0.02
0.934494 -6.55915 0.428757 -5.75967 0.91449 0.16
1.00791 -7.68271 -0.0890213 -6.52047 0.666589 0.18
1.0033 -8.09599 -0.0552603 -7.23603 0.947215 0.06
1.00238 -9.59837 -0.0086328 -7.01645 0.759518 0.2
1.00168 -9.98758 -0.00960196 -5.87921 0.969668 0.06
0.994308 -10.5286 -0.1515 -3.09715 -0.607744 0.12
