0.0441584 2.65101 -0.0813855 -0.0510154 0 0
0.194603 3.13303 1.53868 4.25026 0.852104 0.2
0.25783 3.30064 1.61677 4.0912 0.373081 0.04
0.291015 3.38225 1.70033 4.0602 0.686023 0.02
0.678337 3.96958 2.16942 1.49927 0.570344 0.2
0.758566 4.00378 1.84505 0.229124 -0.824181 0.04
0.945948 3.94529 1.90319 -1.33913 0.260105 0.1
1.01574 3.86936 0.821968 -3.75602 0.981728 0.04
1.00346 3.29597 -0.49711 -6.44744 -0.499527 0.1
0.942292 2.76539 -0.968064 -6.49236 -0.910657 0.08
0.829526 2.19648 -1.27942 -4.70146 -0.939222 0.1
0.488094 1.71604 -2.23353 -0.139554 -0.901379 0.2
0.174263 1.83983 -2.9846 2.08805 -0.993273 0.12
0.0517578 1.93604 -3.13829 2.70733 -0.73242 0.04
-0.0115619 1.99312 -3.1931 2.99643 -0.616155 0.02
-0.353601 2.33883 -3.64837 3.76783 -0.890202 0.1
-0.426462 2.4164 -3.63781 3.9834 -0.227634 0.02
-1.07844 3.24666 -0.0106142 12.9332 -0.969283 0.18
-1.07146 3.51694 0.584632 13.7678 0.371953 0.02
-1.00432 5.0813 0.293285 8.3509 0.998036 0.14
-0.99212 5.38786 0.341239 6.98191 0.670494 0.04
-1.00528 6.34637 -0.00432139 4.60648 -0.73248 0.16
-0.961501 7.18818 0.424941 4.48053 0.17289 0.2
-0.882912 7.65846 1.15962 5.09657 0.798539 0.1
-0.752772 8.37102 1.05465 6.66099 -0.63873 0.12
-0.480962 9.80678 1.29929 6.01881 0.0214096 0.2
-0.393114 10.1905 0.914679 3.59508 -0.127889 0.08
-0.333064 10.3866 0.606725 1.3639 -0.211642 0.08
