-0.0507864 2.58286 0.0513112 0.0585191 0 0
-0.0487698 2.62067 -0.00287625 0.854849 -0.223872 0.08
-0.123253 2.76572 -0.835623 0.630309 -0.653956 0.18
-0.140886 2.77777 -0.927743 0.574085 -0.631805 0.02
-0.386015 2.82141 -1.79435 -0.0867067 -0.652537 0.18
-0.770029 2.70193 -2.9825 -1.21334 -0.994114 0.16
-1.03009 2.59984 -2.84763 0.0754342 -0.981884 0.08
-1.06414 2.77341 0.264795 6.73972 -0.836282 0.04
-1.05502 2.91602 0.588176 7.37929 0.983973 0.02
-0.940178 3.80448 1.1667 6.65509 0.939363 0.12
-0.652547 4.63733 1.86712 1.6212 0.891853 0.2
-0.57888 4.68168 1.81862 0.608101 -0.118027 0.04
-0.309899 4.54622 2.00402 -2.41697 0.252225 0.14
0.0469092 3.84478 1.9085 -5.08788 0.227736 0.18
0.0846856 3.74105 1.86994 -5.27678 0.0925394 0.02
0.417283 3.15035 2.97193 -2.67911 0.975467 0.14
0.680711 3.01147 3.61268 -0.795432 0.832897 0.08
0.753714 2.99819 3.68754 -0.533548 0.381103 0.02
1.05058 2.80043 0.183559 -7.97802 0.24743 0.1
1.04826 2.63212 -0.32011 -8.61545 0.163975 0.02
0.966002 1.58571 -0.718138 -4.13916 -0.93691 0.16
0.736678 1.31495 -1.89646 0.99194 -0.93542 0.18
0.697776 1.33952 -1.99309 1.46197 -0.650143 0.02
0.235807 2.01812 -2.51287 4.97329 -0.578213 0.2
-0.338146 3.03429 -3.40685 4.04153 -0.805404 0.2
-0.481472 3.17537 -3.7627 2.99366 -0.932618 0.04
-0.999523 3.33482 -4.86054 -0.268025 -0.954945 0.12
-1.04669 4.20906 0.687857 9.77091 0.445527 0.1
-1.0018 5.45595 0.0232058 3.43572 -0.988565 0.2
-0.994275 5.77254 0.068414 0.387116 -0.126525 0.18
-0.991329 5.77465 0.225876 -0.172204 0.770131 0.02
-0.985721 5.76603 0.0546376 -0.259607 -0.639292 0.04
-0.986008 5.76146 -0.083157 -0.198246 -0.947232 0.02
