-0.135096 2.53174 0.065284 -0.045263 0 0
0.0648401 3.07608 1.90788 4.9098 0.966788 0.2
0.146159 3.27784 2.14855 5.12108 0.818539 0.04
0.386772 3.77217 2.62411 4.48276 0.91893 0.1
0.491593 3.93386 2.62011 3.59834 0.413426 0.04
0.999446 4.25852 3.07138 0.0737121 0.590417 0.18
0.886227 3.18616 -1.85106 -7.71906 -0.970642 0.2
0.767702 2.73222 -2.05554 -7.20737 -0.775625 0.06
0.372626 1.81072 -2.42776 -2.866 -0.801975 0.18
0.323513 1.75854 -2.48484 -2.35269 -0.611494 0.02
0.223557 1.68531 -2.51692 -1.31885 -0.24632 0.04
0.0618078 1.64814 -2.87726 0.0627159 -0.925631 0.06
-0.625265 2.03866 -3.93803 3.45321 -0.908242 0.2
-1.07055 3.10126 0.728824 13.5232 -0.890223 0.16
-0.974 4.96998 0.40189 6.90534 0.990615 0.18
-0.999119 5.88486 -0.570946 3.92805 -0.624179 0.18
-1.00134 6.23849 0.0169193 1.1699 -0.722522 0.2
-1.00076 6.4349 -0.000337957 1.12685 -0.90323 0.18
-0.945094 6.52818 0.680124 0.177523 0.526083 0.16
-0.930634 6.53084 0.765807 0.0899651 0.558339 0.02
-0.830269 6.71971 0.356443 2.01524 -0.178324 0.18
-0.800785 6.83707 0.622892 1.93544 0.59667 0.06
-0.752776 7.19164 0.209457 3.93844 -0.394835 0.12
-0.749641 7.27435 0.105859 4.32879 -0.778318 0.02
-0.739148 7.45065 0.419849 4.51504 0.90653 0.04
-0.703327 8.23413 0.171748 6.52677 -0.691499 0.14
-0.681316 9.20283 0.0175042 6.6413 -0.580935 0.14
-0.680355 9.33575 0.0746386 6.63154 0.317465 0.02
-0.667474 9.73225 0.320083 6.41127 0.710067 0.06
-0.644987 10.3205 0.0794494 3.34801 0.206619 0.12
