-0.0419507 2.97259 0.0883111 -0.0461203 0 0
-0.126417 2.83216 -0.903838 -1.10882 -0.640354 0.2
-0.233585 2.7669 -0.884849 0.00733359 -0.116432 0.12
-0.4191 2.89442 -0.987198 1.07216 -0.158426 0.2
-0.46225 3.00076 -0.455753 2.41964 0.929238 0.06
-0.478788 3.23241 0.0265036 3.24492 0.707931 0.08
-0.415011 3.74092 0.720821 2.67815 0.719233 0.16
-0.343693 3.91739 0.716552 0.868028 0.234561 0.1
-0.311859 3.94324 0.875575 0.426159 0.695765 0.04
-0.250782 3.90934 0.652687 -1.23045 -0.174765 0.08
-0.254263 3.2282 -0.662513 -4.99789 -0.641199 0.2
-0.287005 3.01973 -0.964229 -5.36408 -0.960955 0.04
-0.330676 2.80381 -1.20887 -5.37004 -0.980666 0.04
-0.439329 2.40945 -1.49483 -4.35666 -0.860398 0.08
-0.732121 1.97669 -1.82559 -0.515074 -0.52751 0.18
-0.809917 1.96923 -2.06455 0.136052 -0.969377 0.04
-0.897065 1.98716 -2.29262 0.751437 -0.930821 0.04
-0.977613 2.76277 0.947041 7.05035 0.886874 0.18
-0.78047 3.78872 1.65188 6.56256 0.87411 0.14
-0.381934 4.62716 2.48011 1.70356 0.986487 0.2
0.0683613 4.59734 3.1435 -1.91035 0.654771 0.16
0.338204 4.39062 3.59095 -3.18613 0.979055 0.08
0.712178 4.01059 3.88068 -4.28282 0.710317 0.1
0.953512 3.75092 4.17338 -4.2903 0.923513 0.06
1.05302 2.66548 -0.706366 -13.5767 0.688038 0.1
1.0057 1.35627 -0.193441 -8.44451 -0.977124 0.12
0.874569 0.379351 -1.41137 -1.4871 -0.848979 0.2
0.845308 0.354045 -1.51457 -1.04787 -0.461111 0.02
0.441717 0.523217 -2.49005 2.57457 -0.482905 0.2
0.168739 0.869687 -2.94107 4.32064 -0.591856 0.1
-0.0169409 1.16234 -3.22875 5.40041 -0.875395 0.06
-0.149181 1.39117 -3.37427 6.02571 -0.946888 0.04
-0.426363 1.91499 -3.5323 7.00596 -0.949351 0.08
-1.06848 3.25908 -0.831431 13.636 -0.985684 0.18
-1.01959 4.97075 0.336325 11.9987 0.815532 0.12
-1.00012 6.69882 0.0562784 8.18772 -0.293108 0.18
-0.996998 8.0695 0.123222 9.14718 -0.87259 0.16
-0.980186 8.45027 0.724303 9.9486 0.823519 0.04
-0.918887 9.07599 1.2691 10.7686 0.202689 0.06
-0.83572 9.71247 1.39143 10.0535 0.425967 0.06
-0.808897 9.90647 1.28613 9.32965 0.268972 0.02
-0.740473 10.7524 -0.118778 3.34507 -0.649508 0.14
