0.183434 -0.926721 0.0557201 0.0944164 0 0
0.209413 -1.11204 0.287221 -2.64312 0.109492 0.14
0.228963 -1.37404 0.184307 -3.90336 -0.107428 0.08
0.22977 -1.635 -0.16956 -4.81913 -0.582388 0.06
0.135008 -2.35803 -1.47934 -7.41738 -0.965775 0.12
-0.0562902 -3.17892 -2.23387 -8.5217 -0.619318 0.1
-0.102002 -3.34861 -2.33018 -8.41771 -0.914714 0.02
-0.393419 -4.2121 -2.50095 -5.65617 -0.903561 0.12
-0.695068 -4.67853 -2.60374 -2.20487 -0.471289 0.12
-0.907598 -4.77206 -2.71909 -0.173207 -0.249261 0.08
-1.02334 -4.60144 0.426262 2.58341 -0.112376 0.14
-0.915598 -4.1357 1.42436 5.23915 0.885076 0.12
-0.816741 -3.78514 1.87619 6.42536 0.536157 0.06
-0.689041 -3.36777 2.35931 7.37084 0.675174 0.06
-0.478561 -2.76425 2.8178 7.32603 0.91674 0.08
0.0408908 -1.8728 2.52832 1.75028 0.280458 0.2
0.546045 -1.90591 3.08358 -1.9243 0.563444 0.18
0.80456 -2.10618 3.3723 -3.01848 0.715416 0.08
1.04553 -2.62537 0.0440196 -9.73091 -0.657437 0.1
1.04195 -2.82829 -0.327333 -10.3924 0.952501 0.02
1.02118 -3.25142 -0.661645 -10.5864 -0.965791 0.04
0.875449 -4.81374 -0.917976 -4.60997 -0.997345 0.2
0.856738 -4.89975 -0.955793 -3.9937 -0.484705 0.02
0.618215 -5.14022 -2.07722 0.863247 -0.918157 0.16
0.575677 -5.11805 -2.17592 1.35073 -0.600129 0.02
0.530918 -5.08607 -2.29907 1.84349 -0.802004 0.02
0.484924 -5.04544 -2.29952 2.21734 0.0114837 0.02
-0.0209137 -4.33039 -3.20979 5.315 -0.97347 0.18
-0.0855626 -4.22201 -3.2548 5.51736 -0.807675 0.02
-0.80323 -3.13914 -4.14654 4.03783 -0.779471 0.2
-1.04892 -2.64943 -0.276113 11.762 0.0144922 0.08
-1.04788 -2.40739 0.278125 12.1946 0.693389 0.02
-1.03135 -1.94076 0.431318 10.9257 0.759793 0.04
-1.01717 -1.53697 0.273913 9.29364 -0.79826 0.04
-0.905808 -0.469385 1.3172 2.56801 0.996295 0.18
-0.666001 -0.265276 1.6665 0.223144 0.136996 0.16
-0.379823 -0.409302 2.40841 -2.22012 0.54291 0.14
-0.277909 -0.514874 2.68415 -3.05241 0.784634 0.04
-0.167027 -0.649736 2.8565 -3.68938 0.541142 0.04
0.470418 -1.7041 3.33095 -6.68075 0.651957 0.2
1.059 -3.07568 0.747563 -13.4585 0.913529 0.18
1.06273 -3.36681 -0.209964 -15.2257 0.650204 0.02
1.00603 -5.40074 -0.110297 -9.60694 -0.499888 0.16
0.939522 -6.81605 -0.762056 -5.36735 -0.35935 0.2
0.735742 -7.64691 -1.79511 -5.56684 -0.618444 0.16
0.47599 -8.4146 -2.59239 -7.36869 -0.353668 0.12
0.136221 -9.36213 -2.93164 -7.81935 0.043614 0.12
0.0146657 -9.6742 -3.12289 -7.67982 -0.846495 0.04
-0.305413 -10.3073 -1.55847 -1.73816 0.912368 0.14
