-0.00908456 1.97339 0.00103134 -0.0616597 0 0
-0.0252982 2.14375 -0.220397 2.36065 -0.364788 0.14
0.000138071 2.85409 0.501443 5.11812 0.279724 0.18
0.0120751 2.96031 0.690446 5.49231 0.996857 0.02
0.0667958 3.30747 1.10598 5.92629 0.893338 0.06
0.265355 4.04763 1.68287 4.18552 0.946964 0.14
0.611887 4.43592 2.23752 0.205197 0.666182 0.18
0.704531 4.42821 2.39458 -0.58118 0.66536 0.04
1.02836 3.76469 -0.292956 -7.22349 -0.2359 0.2
0.876329 2.48496 -1.26659 -7.26342 -0.889968 0.16
0.608375 1.60279 -1.86398 -2.47233 -0.953346 0.18
0.440913 1.48988 -2.3342 -0.37522 -0.883372 0.08
0.11748 1.61307 -3.0382 2.30703 -0.875834 0.12
-0.480906 2.28195 -3.55689 4.74943 -0.691045 0.18
-1.0598 3.10766 -0.910031 11.4995 -0.799455 0.16
-1.06535 3.36351 0.172945 13.6128 0.424544 0.02
-1.05734 3.64019 0.541828 13.8287 0.786951 0.02
-1.00414 5.18709 0.217217 8.27566 0.92617 0.14
-0.910678 6.16714 1.01173 2.9555 0.567223 0.18
-0.691232 6.46113 1.6968 1.06504 0.453536 0.16
-0.616901 6.49106 2.01776 0.448139 0.943803 0.04
-0.176119 6.59045 2.38077 0.634337 0.29415 0.2
0.188874 6.8102 2.18591 2.15646 -0.0361479 0.16
0.419684 7.19583 1.69797 4.22584 -0.475285 0.12
0.492941 7.36758 1.96565 4.38882 0.780531 0.04
0.696255 8.01833 1.49398 6.29743 -0.923576 0.12
0.763384 8.28426 1.87001 7.02206 0.665776 0.04
0.873194 8.71664 1.77517 7.29024 -0.84586 0.06
1.02006 9.50345 -0.290665 1.70121 0.538785 0.16
