-0.120178 0.729704 0.0903673 0.0603788 0 0
-0.0445076 0.778041 0.989323 0.641597 0.968067 0.14
-0.0234434 0.791803 1.11705 0.735357 0.968749 0.02
0.0526931 0.920208 0.79816 2.43375 -0.38598 0.08
0.208611 1.36146 1.45933 3.98793 0.619397 0.14
0.238864 1.44404 1.56715 4.27274 0.57482 0.02
0.517059 2.44509 1.58246 6.52888 -0.425057 0.18
0.724906 3.19416 2.48501 8.02401 0.873113 0.1
1.00948 3.9829 0.16562 -0.192025 -0.800062 0.2
0.891282 3.43173 -1.31061 -4.84025 -0.692774 0.2
0.863255 3.33115 -1.49054 -5.20572 -0.953415 0.02
0.49199 2.35329 -2.46393 -4.56248 -0.949114 0.18
-0.0108683 1.86482 -3.19413 -0.840796 -0.851765 0.18
-0.417375 1.91009 -3.57808 1.50769 -0.583756 0.12
-1.07522 2.46842 -0.757811 9.26377 -0.72422 0.18
-0.994532 3.83636 0.865485 10.4055 0.94818 0.12
-0.863128 5.16889 0.855625 3.29883 0.692805 0.2
-0.763653 5.36212 1.15283 0.635511 0.277855 0.1
-0.548368 5.19951 1.88803 -2.79341 0.589379 0.14
-0.0763638 4.26626 2.676 -6.08379 0.876192 0.2
-0.0236029 4.14161 2.59937 -6.37919 0.0812015 0.02
0.0766708 3.8748 2.41504 -6.942 -0.00602102 0.04
0.229609 3.47064 2.7198 -6.35808 0.964148 0.06
0.853302 2.76231 4.2677 -1.18018 0.864963 0.18
1.03123 2.73917 3.76472 -1.88658 0.924373 0.04
1.05379 2.08002 -0.712025 -8.92218 -0.429443 0.08
0.868201 0.993519 -1.51075 -2.01607 -0.981879 0.2
0.801818 0.938419 -1.81063 -0.749082 -0.849417 0.04
0.345728 1.26523 -3.16469 4.00281 -0.968816 0.18
-0.115336 1.9819 -3.34977 6.09218 -0.604259 0.14
-0.785396 3.0553 -4.31518 4.64877 -0.983809 0.18
-1.06673 4.05744 0.67694 13.3676 0.437556 0.12
-0.993435 5.53094 0.529518 7.83224 0.98693 0.14
-0.915302 6.6772 0.440445 5.57224 -0.114331 0.18
-0.905599 6.78688 0.529475 5.40673 0.340656 0.02
-0.865911 7.81666 0.11567 7.40076 -0.777906 0.16
-0.670063 9.57689 1.56852 9.26079 0.358668 0.2
-0.639691 9.75584 1.46333 8.61386 0.00377337 0.02
-0.551612 10.4458 0.114373 3.24656 -0.813085 0.12
