-0.152582 2.036 0.0254635 -0.0714861 0 0
-0.172232 2.14443 -0.348394 1.78434 -0.570532 0.12
-0.210848 2.54623 -0.193949 3.76032 -0.0699019 0.14
-0.22152 2.7832 -0.169844 4.06832 -0.114449 0.06
-0.147584 3.59827 0.94746 5.21282 0.925444 0.16
-0.113167 3.96498 -0.495871 -1.0882 -0.634225 0.2
-0.122153 3.69115 0.411776 -1.68149 0.778222 0.18
-0.174973 3.11033 -1.02666 -5.07052 -0.956988 0.16
-0.371582 2.42027 -1.70505 -4.2349 -0.905531 0.14
-0.704796 1.96061 -2.50029 -1.40619 -0.975647 0.16
-0.881099 1.94164 -1.91201 0.876664 0.873917 0.08
-0.996365 2.02892 -1.9266 2.00894 -0.194145 0.06
-0.95168 2.92925 1.25749 7.55165 0.891382 0.16
-0.679055 4.08896 1.94417 5.8218 0.998201 0.16
-0.322488 4.68581 2.62408 1.63886 0.938328 0.16
-0.0301445 4.7255 3.22705 -0.788611 0.896971 0.1
0.502452 4.34232 3.3757 -3.83102 0.294043 0.16
1.06154 3.34339 0.0239044 -12.5037 0.64872 0.18
1.04568 2.81981 -0.556877 -12.9752 0.237528 0.04
0.995741 1.01248 -0.225955 -5.3793 -0.693613 0.2
0.970161 0.675457 -0.444829 -3.09535 -0.316105 0.08
0.857119 0.536962 -1.44143 0.646053 -0.835599 0.12
0.465787 1.07343 -2.78566 4.9768 -0.943272 0.18
0.351693 1.28544 -2.91061 5.61182 -0.768246 0.04
0.062193 1.9135 -2.83919 6.92668 -0.500792 0.1
-0.429151 3.02576 -3.52093 5.90159 -0.964398 0.16
-0.830621 3.45312 -4.52179 2.56046 -0.970067 0.1
-1.07256 3.86942 0.1438 10.9146 -0.837811 0.08
-1.06429 4.08982 0.585172 10.9293 0.882178 0.02
-0.919464 5.54009 1.21367 3.56061 0.981141 0.2
-0.752914 5.94196 0.86558 1.7862 -0.387574 0.16
-0.693424 6.34977 -0.22935 3.04533 -0.757307 0.18
-0.631955 6.68002 0.859865 1.09052 0.70407 0.18
-0.318314 6.77501 2.25363 0.0493814 0.943018 0.2
0.0200763 6.96249 1.99237 2.25523 -0.0558414 0.16
0.280847 7.42694 1.78135 4.35751 -0.192395 0.14
0.502907 8.0516 1.97659 6.06522 -0.115522 0.12
0.783651 8.8953 2.71104 7.91261 0.210201 0.12
0.89545 9.2163 2.85823 8.04982 0.172137 0.04
1.00964 9.58591 -0.169617 -0.339111 0.969289 0.2
