-0.0883518 0.827373 -0.0263467 0.0143618 0 0
-0.108662 0.973408 -0.293204 2.34688 -0.160171 0.12
-0.213969 1.60775 -0.915973 5.34802 -0.703792 0.16
-0.253323 2.53941 0.423393 8.11661 0.686367 0.14
-0.226718 2.88217 0.891176 8.95605 0.960381 0.04
-0.0221664 4.21496 1.41407 6.46423 0.993435 0.16
0.243484 4.88535 1.71158 1.17006 0.518924 0.18
0.312306 4.9125 1.73066 0.197866 0.0254618 0.04
0.347528 4.91157 1.79144 -0.28846 0.381386 0.02
0.610297 4.707 2.5574 -2.9744 0.94435 0.12
0.662202 4.64388 2.63194 -3.33364 0.715067 0.02
0.767221 4.49649 2.61414 -4.02757 0.195142 0.04
1.04009 3.64628 -0.290771 -10.0732 0.918962 0.14
0.986326 2.80921 -0.869139 -10.1937 -0.889267 0.08
0.952443 2.42439 -0.810243 -8.98261 -0.848334 0.04
0.822442 1.41048 -1.02345 -3.78568 -0.87613 0.16
0.622237 1.17683 -1.88074 0.356555 -0.814156 0.14
0.541627 1.21234 -2.14732 1.40409 -0.844503 0.04
0.349937 1.39984 -2.62549 3.21309 -0.870544 0.08
-0.0640846 2.01362 -3.23125 5.30209 -0.945141 0.14
-0.397539 2.57783 -3.46411 5.74215 -0.745531 0.1
-0.466214 2.69438 -3.40517 5.90178 0.044806 0.02
-0.929406 3.25446 -4.3861 3.07191 -0.930906 0.12
-1.05713 3.48046 -0.958147 10.4904 0.791429 0.04
-1.04502 4.1993 0.572919 11.5994 0.643134 0.06
-0.995606 5.30224 0.429229 6.95499 0.891335 0.12
-0.955831 6.25451 0.0965266 4.23546 -0.233457 0.18
-0.964449 6.53233 -0.379698 5.06107 -0.974338 0.06
-0.973071 6.63556 -0.481586 5.26466 -0.707819 0.02
-0.962 7.37769 0.590189 4.63376 0.701054 0.16
-0.857279 8.01438 1.20482 6.11243 0.362321 0.12
-0.681554 8.72745 2.35171 8.28099 0.871231 0.1
-0.35635 9.76639 2.82939 8.08234 0.443649 0.12
-0.123897 10.3475 2.9673 6.29102 0.977466 0.08
0.316504 10.9321 2.09297 0.675198 -0.36535 0.18
