0.0472521 -1.91859 -0.0429365 -0.0544176 0 0
-0.0293673 -2.18213 -1.08914 -3.65064 -0.858257 0.14
-0.186762 -2.67448 -2.07965 -6.14887 -0.935546 0.1
-0.4393 -3.36451 -2.87225 -7.15893 -0.940132 0.1
-0.877321 -4.1161 -1.64639 -0.724426 0.372896 0.2
-1.01767 -3.9126 0.186528 4.12338 -0.741187 0.14
-0.952727 -3.3837 1.10308 6.29017 0.856814 0.1
-0.871119 -2.98447 1.5807 6.83272 0.997484 0.06
-0.568566 -2.0583 2.16207 4.19386 0.978776 0.16
-0.0857268 -1.71654 2.7488 -0.603624 0.594406 0.2
0.287121 -1.91924 3.44745 -2.64104 0.964049 0.12
0.694662 -2.35383 3.32354 -4.47905 0.162294 0.12
0.759063 -2.44871 3.11552 -5.00709 -0.948549 0.02
1.06054 -3.24162 -0.212064 -12.5519 0.870703 0.12
1.05245 -3.49671 -0.521204 -12.7551 -0.898966 0.02
0.993607 -5.18069 -0.313191 -5.97985 -0.876165 0.18
0.927927 -5.59676 -1.06662 -2.35084 -0.957097 0.1
0.687016 -5.6016 -2.35755 2.08031 -0.977926 0.14
0.350769 -5.17844 -3.18256 4.80816 -0.946439 0.12
0.155171 -4.86161 -3.31964 5.73118 -0.680629 0.06
-0.0489964 -4.49288 -3.47163 6.52246 -0.953257 0.06
-0.256663 -4.0814 -3.44874 7.1484 -0.664337 0.06
-0.39366 -3.78947 -3.40904 7.40317 -0.51029 0.04
-0.875903 -2.8161 -3.68344 5.59221 -0.250622 0.14
-1.05795 -2.01049 0.558031 10.7738 -0.172491 0.1
-0.955042 -0.766664 0.978244 4.79431 0.983613 0.16
-0.740854 -0.427067 2.11207 0.245839 0.835737 0.14
-0.181001 -0.84315 3.40335 -4.16076 0.732526 0.2
0.508582 -1.87509 4.09044 -6.972 0.980681 0.18
0.907681 -2.62295 3.92591 -7.76496 0.488612 0.1
1.01435 -5.04312 -0.225216 -12.2243 0.677774 0.18
1.00113 -6.64195 -0.0186414 -8.68171 0.572499 0.16
0.990598 -8.24614 -0.228443 -9.54625 0.860154 0.18
0.968466 -9.54528 0.288343 -7.6494 0.942611 0.14
0.973175 -9.69748 0.187831 -7.54665 -0.955472 0.02
0.97689 -9.84462 0.186779 -7.15174 -0.545894 0.02
1.00191 -10.7692 -0.0653193 -2.1633 -0.256864 0.2
