0.168318 0.89946 0.0505367 -0.0214764 0 0
0.167148 0.99413 -0.0634414 1.86753 -0.0122213 0.1
0.165396 1.03541 -0.110923 2.25813 -0.243054 0.02
0.163006 1.08407 -0.127234 2.60673 -0.0690725 0.02
0.157986 1.34087 0.0176584 3.81598 0.194128 0.08
0.279918 2.29245 1.46808 7.04616 0.709718 0.18
0.309719 2.43515 1.51034 7.2138 -0.293096 0.02
0.342181 2.58415 1.73522 7.68055 0.870529 0.02
0.456721 3.0608 2.0375 8.0132 0.382284 0.06
0.673899 3.80996 2.21279 6.51323 0.696157 0.1
1.01252 4.45039 0.57848 -0.105589 -0.178012 0.2
0.932848 3.98811 -1.14524 -4.72076 -0.767161 0.18
0.810552 3.53448 -1.91418 -6.55001 -0.854792 0.08
0.525941 2.68433 -2.66985 -6.84646 -0.913091 0.12
-0.0663791 1.74787 -3.36595 -2.2827 -0.949695 0.2
-0.702949 1.72732 -3.71402 1.85386 -0.369219 0.18
-0.915691 1.87797 -3.36811 3.1637 0.626232 0.06
-1.04286 2.32328 0.293721 8.10589 -0.152681 0.08
-1.00178 2.85388 1.05042 9.48485 0.944025 0.06
-0.978951 3.04572 1.22308 9.6652 0.86367 0.02
-0.925112 3.43081 1.42986 9.43711 0.967338 0.04
-0.661452 4.67419 1.63033 4.19381 0.899267 0.18
-0.350961 4.97729 2.31727 -0.282768 0.641441 0.16
-0.0355028 4.7736 2.9094 -2.98128 0.719092 0.12
0.544455 3.9899 3.47438 -5.31055 0.782956 0.18
1.02925 3.19688 1.49242 -10.2127 0.540944 0.14
1.04465 2.96195 0.237398 -12.7916 0.136597 0.02
0.999561 1.01347 -0.248205 -7.44164 -0.996476 0.18
0.795166 0.260533 -1.9536 -0.412416 -0.972294 0.2
0.486642 0.262448 -1.89884 0.393959 0.101198 0.16
0.253701 0.424478 -2.74644 2.79333 -0.919377 0.1
0.0809113 0.619581 -3.00672 3.71133 -0.533901 0.06
-0.402355 1.33411 -3.78354 6.29301 -0.991961 0.14
-0.936538 2.50917 -2.83327 8.49101 0.0531955 0.16
-1.04384 3.1502 -0.0585154 14.2354 -0.572552 0.06
-1.04058 3.44022 0.309238 14.5603 0.272245 0.02
-1.00193 5.60215 0.0336962 7.30305 0.0985576 0.2
-1.00066 6.44815 0.000551837 5.26538 -0.843009 0.14
-1.00044 6.86435 0.00204142 5.26585 -0.427584 0.08
-0.925988 7.85606 0.887274 6.2675 0.347771 0.18
-0.881494 8.11892 1.34528 6.9129 0.99073 0.04
-0.796959 8.55487 1.4728 7.57972 -0.434605 0.06
-0.40884 10.0718 2.38748 7.41 0.667085 0.18
-0.211523 10.631 1.0286 2.3446 -0.984358 0.12
