-0.0417377 1.79686 0.0820325 -0.0510559 0 0
-0.0314485 1.83651 0.263044 1.35175 0.343496 0.06
0.0756324 2.41499 0.996458 4.92463 0.317801 0.18
0.17886 2.93372 1.02548 5.17499 -0.150648 0.1
0.223958 3.14604 1.21979 5.38426 0.589853 0.04
0.501337 3.99321 1.50893 2.51764 0.494706 0.2
0.530565 4.03777 1.41506 1.94202 -0.330803 0.02
0.73915 4.16984 2.06977 0.262247 0.930301 0.12
1.03411 3.80052 -0.321263 -6.18849 0.625652 0.18
0.99732 3.39151 -0.888975 -7.34664 -0.815557 0.06
0.932429 2.94111 -1.22629 -7.44944 -0.770029 0.06
0.681125 1.91584 -1.59095 -3.5392 -0.801778 0.18
0.538955 1.71075 -1.98246 -1.59507 -0.898028 0.08
0.215824 1.71222 -2.63412 1.49725 -0.735658 0.14
-0.266659 2.15421 -3.36189 3.74144 -0.85158 0.16
-0.70177 2.62959 -3.91926 3.88947 -0.863874 0.12
-0.780891 2.70675 -3.99405 3.81775 -0.627397 0.02
-0.861007 2.7832 -4.0187 3.81931 -0.300059 0.02
-1.04893 3.87807 0.629104 12.8428 -0.766935 0.12
-0.996006 5.2628 0.356003 7.18398 0.989278 0.14
-0.966229 5.62945 0.675763 5.03455 0.825399 0.06
-0.950021 6.42006 -0.473651 5.38722 -0.90528 0.16
-0.9805 6.74257 -0.538886 5.42442 -0.277674 0.06
-1.00643 6.97078 -0.597698 5.70344 -0.849432 0.04
-0.940751 8.0659 0.923183 6.54316 0.363621 0.2
-0.795505 9.07854 1.07524 7.44303 -0.423496 0.14
-0.758192 9.35837 0.76998 6.46211 -0.879014 0.04
-0.758484 9.99718 -0.742525 0.681344 -0.723853 0.18
