-0.168781 -1.61142 -0.0646188 -0.0360862 0 0
-0.170885 -1.63108 -0.041458 -0.937136 0.102033 0.04
-0.237599 -2.13964 -0.782836 -4.63538 -0.394812 0.18
-0.304052 -2.63159 -0.521225 -4.97591 0.63943 0.1
-0.449317 -3.45667 -1.41828 -6.04609 -0.779723 0.14
-0.676369 -4.1515 -1.82403 -3.60342 -0.83299 0.14
-1.02009 -4.45273 -2.04923 0.083748 -0.815656 0.16
-1.01505 -4.20933 0.770778 3.86401 0.970331 0.1
-0.791138 -3.31954 2.01809 6.91283 0.677175 0.16
-0.704204 -3.03591 2.30966 7.17779 0.944113 0.04
-0.656911 -2.89282 2.41498 7.10921 0.96061 0.02
-0.125812 -1.85678 2.95293 2.84783 0.858828 0.2
0.302138 -1.70323 3.1886 -0.541607 0.362831 0.14
0.953225 -2.08844 4.00198 -3.42671 0.815451 0.18
1.03259 -2.16066 3.22931 -4.72628 -0.145206 0.02
1.00242 -3.36845 -1.1582 -11.0523 -0.931141 0.12
0.784895 -4.92752 -1.25227 -4.43648 -0.938332 0.2
0.51041 -5.23551 -2.2456 0.46594 -0.798629 0.16
0.112151 -4.88464 -2.66916 3.74975 -0.366852 0.16
0.00127451 -4.72009 -2.86828 4.45818 -0.964422 0.04
-0.169111 -4.42424 -2.79855 5.39099 -0.245649 0.06
-0.337172 -4.07872 -2.79977 6.08262 -0.537394 0.06
-0.393676 -3.95616 -2.85199 6.16239 -0.862013 0.02
-0.752972 -3.2352 -3.24401 5.30517 -0.625864 0.12
-1.04021 -2.05875 0.516912 10.186 -0.191739 0.16
-0.981177 -1.00184 0.553968 5.07443 0.781722 0.14
-0.903853 -0.40928 0.349512 1.93523 -0.237038 0.18
-0.812338 -0.254891 0.545363 -0.128536 0.00520648 0.2
-0.797008 -0.249798 0.22188 0.376927 -0.974412 0.04
-0.792237 -0.244272 0.255003 0.17766 0.0978841 0.02
-0.776059 -0.233523 0.0678604 0.0466789 -0.285029 0.1
-0.774476 -0.233349 0.0111834 -0.0368095 -0.232344 0.04
