0.139758 -2.64835 -0.00509893 0.0904311 0 0
0.111366 -2.7315 -0.701901 -2.10267 -0.88249 0.08
-0.0866098 -3.27661 -1.70845 -4.16574 -0.711145 0.16
-0.1573 -3.43989 -1.82095 -3.96239 -0.54504 0.04
-0.194447 -3.51803 -1.8927 -3.84277 -0.688917 0.02
-0.546536 -4.0038 -2.5042 -1.9869 -0.778632 0.16
-0.596323 -4.0389 -2.47526 -1.52522 -0.0689498 0.02
-0.886232 -4.06885 -2.36506 0.940728 -0.0785658 0.12
-1.03081 -3.62928 0.349192 6.80909 0.644657 0.12
-1.02162 -3.4886 0.568274 7.24737 0.986592 0.02
-0.991331 -3.18642 0.927319 7.77402 0.945159 0.04
-0.903998 -2.58539 1.18625 6.9171 0.822929 0.08
-0.609342 -1.67521 1.90471 2.03933 0.944713 0.2
-0.570251 -1.63948 2.00524 1.53479 0.817448 0.02
-0.119045 -1.73676 2.98944 -2.38283 0.848247 0.18
0.481976 -2.38367 3.66189 -4.36772 0.794974 0.18
1.05452 -3.41465 0.0980177 -12.4175 0.175729 0.18
0.998592 -5.26479 -0.278009 -6.93909 -0.864868 0.18
0.826679 -5.99304 -1.57498 -0.70703 -0.720309 0.2
0.689026 -6.00056 -1.86266 0.482867 -0.322764 0.08
0.469608 -6.06898 -0.580112 -1.20733 0.874122 0.18
0.383754 -6.28005 -0.258282 -1.11845 0.23061 0.2
0.297161 -6.38327 -0.686843 -0.184794 -0.26951 0.18
0.282969 -6.65775 0.49219 -3.21619 0.796318 0.16
0.311803 -7.31471 -0.198418 -3.82855 -0.41787 0.2
0.286755 -7.6583 -0.445225 -4.79572 -0.255619 0.08
0.247113 -8.33839 -0.262158 -6.40698 0.694232 0.12
0.225774 -9.25822 0.0971477 -6.003 0.674838 0.14
0.21343 -10.1952 -0.126824 -3.64893 -0.447753 0.18
