-0.0403925 1.93202 7.61024e-05 0.0497171 0 0
0.0524093 2.27372 1.21339 4.14964 0.846642 0.16
0.433946 3.42795 2.40954 6.17831 0.637905 0.2
0.533554 3.66763 2.56245 5.75194 0.922708 0.04
0.99026 4.26112 2.12784 0.444718 0.0623722 0.2
1.02123 4.25389 0.807414 -1.3333 -0.690226 0.02
0.91714 3.48935 -1.40008 -6.28104 -0.787162 0.18
0.853726 3.22468 -1.7577 -6.88369 -0.944586 0.04
0.651812 2.54768 -2.19186 -6.19284 -0.894645 0.1
0.1776 1.78285 -2.67757 -1.43544 -0.726432 0.2
-0.234771 1.79737 -3.21305 1.52535 -0.645314 0.14
-0.435784 1.91899 -3.48249 2.49577 -0.801493 0.06
-0.579232 2.02899 -3.68829 2.98554 -0.945071 0.04
-0.806881 2.22765 -3.89836 3.58988 -0.752677 0.06
-1.07241 2.86896 0.335734 12.4109 -0.0430366 0.1
-1.06168 3.12331 0.661143 12.828 0.932686 0.02
-0.973726 4.76326 0.414051 7.2336 0.99653 0.16
-0.952618 5.55857 0.00722751 3.07355 -0.186108 0.16
-0.940616 5.78113 0.19693 0.778457 0.0289095 0.12
-0.930776 5.82063 -0.0366227 -0.0672265 -0.368849 0.12
