-0.0725494 -2.20226 0.0925614 0.00453955 0 0
-0.197109 -2.71931 -1.38475 -4.89143 -0.736412 0.2
-0.467483 -3.52888 -2.33904 -5.8867 -0.890947 0.14
-0.647746 -3.92082 -2.17673 -3.88543 -0.224991 0.08
-1.0148 -4.15698 -1.28275 1.5624 0.171109 0.2
-0.983242 -3.53524 0.762142 5.78518 0.446073 0.14
-0.893847 -3.0226 1.41912 6.74543 0.93934 0.08
-0.864307 -2.88793 1.53087 6.70104 0.971069 0.02
-0.79952 -2.62678 1.69735 6.29211 0.983897 0.04
-0.385568 -1.77401 2.5439 1.99169 0.999326 0.2
-0.10694 -1.69142 3.03835 -0.294869 0.799623 0.1
0.141392 -1.78297 3.1629 -1.95167 0.322427 0.08
0.702188 -2.2748 3.82165 -3.88623 0.817641 0.16
0.996172 -2.63486 3.52942 -5.02754 -0.141004 0.08
1.00659 -4.77312 -0.107974 -8.01572 0.428346 0.2
0.939609 -5.59947 -0.962205 -2.33154 -0.89098 0.16
0.796699 -5.8619 -0.454278 -0.608307 0.448346 0.2
0.787752 -5.87228 -0.440269 -0.432143 0.212452 0.02
0.754662 -5.88087 -0.385283 0.19758 0.200317 0.08
0.748053 -5.87754 -0.275677 0.136637 0.740203 0.02
0.737537 -5.86275 0.0121545 0.237231 0.530606 0.08
