0.199144 -1.54313 -0.0878589 0.002021 0 0
0.195582 -1.5839 -0.0337388 -1.33839 0.132306 0.06
0.189481 -1.65441 -0.274222 -2.18463 -0.802428 0.04
0.183542 -1.70212 -0.32059 -2.58439 -0.220922 0.02
0.165243 -1.88955 -0.298342 -3.63975 0.246048 0.06
0.0819416 -2.67467 -0.757984 -5.88676 -0.0386662 0.16
0.0442435 -2.92548 -1.11861 -6.60243 -0.861997 0.04
-0.0699389 -3.479 -1.66447 -6.88411 -0.981586 0.08
-0.450227 -4.44914 -2.21948 -2.51634 -0.84531 0.2
-0.494153 -4.4939 -2.17441 -1.96318 0.131749 0.02
-0.728673 -4.57249 -2.52563 0.340763 -0.596441 0.1
-1.02926 -3.9432 0.498592 6.45744 0.0807708 0.2
-0.956569 -3.35726 1.289 8.02506 0.810265 0.08
-0.83566 -2.71546 1.63901 7.60371 0.81119 0.08
-0.744219 -2.3161 1.41653 5.69852 0.233413 0.06
-0.551334 -1.80408 1.85359 2.80122 0.931075 0.12
-0.148405 -1.68979 2.64869 -1.36316 0.720423 0.18
0.368629 -2.2144 3.04218 -4.1652 0.532231 0.18
0.884056 -2.92385 3.48086 -4.10589 0.563758 0.16
1.06279 -3.4709 -0.227186 -12.0455 0.432896 0.08
1.05444 -3.71437 -0.532535 -12.1111 0.464688 0.02
1.04314 -3.95115 -0.565374 -11.4948 -0.280643 0.02
1.01717 -4.56469 -0.286677 -8.97667 0.560425 0.06
1.00076 -5.73196 -0.00857823 -3.41146 0.551157 0.2
1.00064 -6.16647 0.00028455 -1.3438 0.753934 0.2
0.987325 -6.27151 -0.212252 -0.505451 -0.153284 0.12
0.955176 -6.31223 -0.319529 -0.211166 -0.0946775 0.12
0.932292 -6.31696 -0.442442 0.0461527 -0.234209 0.06
0.899051 -6.32073 -0.389014 -0.136549 0.0579618 0.08
0.984818 -6.7393 1.21495 -4.03073 0.896819 0.2
1.00053 -7.27956 -0.10144 -3.55117 0.0894923 0.2
0.95881 -8.01837 -0.50667 -5.76251 -0.10204 0.16
0.866393 -8.81784 -1.0472 -7.46459 -0.0174737 0.12
0.845169 -8.96774 -1.07135 -7.50821 0.262788 0.02
0.775612 -9.51375 -0.594952 -5.8271 0.673853 0.08
0.661032 -10.3283 -0.558627 -2.00308 -0.314765 0.2
