0.0711395 1.90248 -0.0577052 -0.0677907 0 0
0.0661702 1.91512 -0.190554 0.690569 -0.570977 0.04
0.0848002 2.17236 0.530117 3.54805 0.643886 0.12
0.16769 2.70201 0.845749 5.07291 0.0676422 0.12
0.185758 2.80616 0.959651 5.33163 0.49915 0.02
0.206199 2.91525 1.0825 5.56512 0.605059 0.02
0.240386 3.45397 -0.749473 -0.249029 -0.894228 0.2
0.0130725 3.14829 -1.48074 -2.36675 -0.378565 0.2
-0.0480017 3.05276 -1.57035 -2.38834 -0.331458 0.04
-0.116637 2.94898 -1.85736 -2.76936 -0.919906 0.04
-0.587185 2.43543 -2.80116 -1.86744 -0.794474 0.2
-0.906358 2.36764 -2.53118 0.651228 0.0643487 0.12
-1.03396 2.72164 0.311743 6.79548 -0.415176 0.1
-0.98149 3.30781 0.925738 7.50832 0.886586 0.08
-0.759793 4.39181 1.5311 3.95358 0.996781 0.18
-0.588709 4.65638 1.92445 1.36407 0.751549 0.1
-0.366519 4.6733 2.52094 -0.966326 0.892602 0.1
0.0849429 4.27828 3.07407 -3.73745 0.663718 0.16
0.204771 4.11391 2.91328 -4.4743 -0.197495 0.04
0.436864 3.72327 2.89633 -5.17899 0.330566 0.08
1.06724 2.82986 0.711592 -9.40801 0.631427 0.2
1.05995 2.39723 -0.609753 -11.0722 -0.815813 0.04
1.04717 2.18173 -0.634383 -10.4156 -0.876445 0.02
1.01808 1.63123 -0.324918 -7.98043 -0.354392 0.06
0.871345 0.738365 -1.44536 -1.01814 -0.901162 0.2
0.687816 0.784148 -2.21258 1.83806 -0.815813 0.1
0.596541 0.873094 -2.34776 2.60139 -0.371349 0.04
0.548427 0.929609 -2.46223 3.04635 -0.733456 0.02
0.498166 0.994722 -2.56236 3.4614 -0.696041 0.02
0.446323 1.06752 -2.62052 3.81627 -0.475923 0.02
-0.0181838 1.89654 -3.07508 6.31484 -0.790709 0.16
-0.402871 2.69305 -3.40467 6.51776 -0.89618 0.12
-0.778704 3.24332 -4.18285 4.15187 -0.895224 0.1
-0.863706 3.32128 -4.31782 3.63964 -0.605208 0.02
-1.05363 4.33149 0.709023 11.2611 0.153959 0.12
-0.916959 5.81603 1.18753 3.78289 0.87164 0.2
-0.892826 5.88768 1.22618 3.38786 0.103777 0.02
-0.676802 6.35307 1.14444 2.22595 -0.127127 0.18
-0.594814 7.0449 -0.156004 5.45188 -0.8898 0.18
-0.597254 8.18025 0.258486 7.37046 -0.185454 0.18
-0.515755 9.0202 1.36301 9.40103 0.668386 0.1
-0.454335 9.40462 1.67211 9.68527 0.741788 0.04
-0.383581 9.78665 1.82945 9.27377 0.954021 0.04
-0.17537 10.772 0.946307 3.42178 -0.0509324 0.16
