0.174393 0.941409 0.0195242 -0.00971494 0 0
0.162104 1.31487 -0.0718917 3.59855 0.000815384 0.2
0.260886 2.22286 1.29699 6.75827 0.685337 0.18
0.289177 2.36296 1.53327 7.25434 0.925569 0.02
0.495619 3.18756 2.48838 8.77773 0.860401 0.1
0.835844 4.19923 1.05512 1.67536 -0.425609 0.2
0.918218 4.25908 1.01107 -0.140017 0.0932053 0.08
0.976798 3.88805 -0.333524 -4.42024 -0.907985 0.16
0.962115 3.70283 -0.398398 -4.81241 0.0688192 0.04
0.901785 3.25367 -1.08514 -6.23931 -0.845968 0.08
0.792268 2.73839 -1.59225 -6.32711 -0.990301 0.08
0.501404 1.96418 -2.08036 -3.10567 -0.879892 0.16
0.229763 1.76233 -2.47531 -0.312451 -0.632893 0.12
-0.313265 2.00168 -3.53005 2.69734 -0.966428 0.18
-0.527301 2.18941 -3.60031 3.52524 -0.42817 0.06
-0.742979 2.42274 -3.58854 4.20603 -0.282188 0.06
-1.03511 2.76913 -3.03142 5.87207 -0.451838 0.08
-1.03519 3.9639 0.541268 11.8037 0.299803 0.1
-1.00919 4.7681 0.15912 8.44178 -0.288927 0.08
-0.966494 5.60554 0.661104 3.56485 0.757449 0.14
-0.865878 5.86998 1.02169 1.00124 0.210652 0.12
-0.801193 6.12253 -0.230307 2.32311 -0.990191 0.16
-0.83991 6.38986 -0.42783 2.28856 -0.241224 0.12
-1.00579 7.06687 -0.969298 4.28653 -0.476376 0.2
-1.00706 7.49207 0.129396 4.18393 -0.274526 0.12
-0.969332 8.62423 0.369361 6.96413 -0.291293 0.2
-0.962213 8.76398 0.3399 6.99603 -0.701545 0.02
-0.893604 9.52277 0.922598 7.68347 0.530704 0.1
-0.872243 10.245 -0.568333 1.59991 -0.731296 0.16
