-0.111654 -0.699848 0.0393811 0.0260286 0 0
-0.0919658 -0.797065 0.343448 -1.91884 0.237207 0.1
-0.0267363 -1.38164 0.302951 -4.56825 0.0103014 0.18
-0.03881 -1.91175 -0.585419 -6.16966 -0.844559 0.1
-0.0777846 -2.30475 -0.715214 -6.89052 0.30873 0.06
-0.120145 -2.72363 -0.669425 -6.93496 0.524817 0.06
-0.356905 -4.08655 -1.40519 -5.09907 -0.783875 0.2
-0.383832 -4.1815 -1.29028 -4.4027 0.252464 0.02
-0.716641 -4.58157 -2.12805 0.294044 -0.783496 0.2
-0.933679 -4.37891 -1.46376 3.0403 0.657018 0.12
-1.0126 -3.92402 0.07673 6.21933 0.451556 0.1
-1.00161 -3.65727 0.471414 7.09847 0.7684 0.04
-0.908335 -2.87596 1.26172 7.93438 0.92497 0.1
-0.606512 -1.72097 1.84542 3.20968 0.960088 0.2
-0.441251 -1.54872 2.3042 1.11038 0.9339 0.08
-0.000831758 -1.67227 3.17761 -2.45623 0.829288 0.16
0.0636957 -1.72493 3.27424 -2.80634 0.857409 0.02
0.128113 -1.78515 3.16636 -3.21559 -0.554814 0.02
0.258552 -1.92516 3.35263 -3.76451 0.927683 0.04
0.772957 -2.52492 4.01798 -4.41832 0.958569 0.14
1.02411 -4.27806 -0.386869 -11.5833 -0.773237 0.18
0.995376 -5.37771 -0.316488 -6.90653 -0.971251 0.12
0.908098 -6.03965 -1.01725 -2.75451 -0.55704 0.14
0.780367 -6.30456 -1.09676 -1.84625 -0.00440641 0.12
0.682579 -6.51119 -0.853784 -2.36192 0.271232 0.1
0.576321 -6.81085 -0.910299 -2.7665 -0.0874155 0.12
0.510214 -7.28545 -0.248124 -5.05021 0.743873 0.12
0.457438 -7.96631 -0.683886 -6.4132 -0.104105 0.12
0.399528 -8.65394 -0.46415 -7.13429 0.955234 0.1
0.26655 -9.86067 -0.906591 -6.6574 -0.318918 0.16
0.190002 -10.433 -0.427371 -2.97703 0.0211998 0.12
