0.172862 3.12857 -0.0784435 0.0011985 0 0
0.17132 3.12871 -0.0757835 0.012615 0.00989202 0.02
0.138831 3.07078 -0.728686 -1.39289 -0.915361 0.08
0.0586936 2.9248 -1.26333 -2.16329 -0.834148 0.08
-0.0197433 2.91998 0.119599 1.88737 0.994029 0.14
0.10556 3.43617 1.36744 3.95689 0.946354 0.16
0.433961 4.0007 1.91859 1.39847 0.622011 0.2
0.556487 4.05992 2.16752 0.578533 0.751883 0.06
0.795347 4.05442 2.61125 -0.650635 0.769087 0.1
0.897517 4.01153 2.49658 -1.48306 -0.180288 0.04
0.991368 3.93106 2.19369 -2.53153 -0.757889 0.04
1.02958 3.59966 -0.213374 -7.20766 0.422326 0.06
1.02341 3.45186 -0.400576 -7.55705 -0.805163 0.02
0.878705 2.24746 -1.15328 -6.21997 -0.984649 0.16
0.665062 1.60121 -1.63972 -1.89527 -0.801389 0.16
0.318087 1.61235 -2.694 1.86493 -0.978258 0.16
-0.328108 2.2875 -3.71681 4.34089 -0.968527 0.2
-0.632285 2.64926 -3.9039 4.56268 -0.587215 0.08
-1.04764 4.06605 0.616286 12.7478 -0.256485 0.18
-1.02634 4.5402 0.42598 10.9591 0.128653 0.04
-0.958593 5.91468 0.774013 4.50559 0.753217 0.18
-0.916927 6.48962 -0.0779872 5.32645 -0.890177 0.12
-0.925854 6.714 -0.362073 5.89747 -0.966788 0.04
-0.98781 8.01917 -0.0980718 7.49526 -0.298664 0.2
-0.983848 8.98739 0.0989661 8.29925 -0.53299 0.12
-0.980089 9.15632 0.271755 8.57218 0.691928 0.02
-0.966011 9.49841 0.402976 8.41397 0.428789 0.04
-0.933216 10.5744 0.0086155 3.37093 0.260623 0.18
