-0.0909181 0.450683 -0.090432 -0.0176918 0 0
-0.239226 0.867886 -1.47013 4.38022 -0.87401 0.18
-0.373784 1.27778 -1.85725 5.80126 -0.922649 0.08
-0.658916 2.21499 -2.16694 7.33717 -0.975205 0.14
-0.790252 2.66049 -2.24035 7.37066 -0.716867 0.06
-1.02776 3.96999 0.201893 10.0337 0.339166 0.16
-0.971987 5.21903 0.612645 3.81897 0.890091 0.18
-0.804934 5.41885 1.80418 -0.838492 0.978525 0.14
-0.591052 5.20738 2.44401 -3.28811 0.787635 0.1
-0.317563 4.77664 2.97761 -5.20309 0.971243 0.1
-0.197676 4.55682 3.01054 -5.77799 0.598885 0.04
-0.0144947 4.1889 3.08996 -6.43991 0.789 0.06
0.15367 3.76432 2.51068 -7.70558 -0.610041 0.06
0.78678 2.66099 4.03652 -2.31957 0.816264 0.2
0.955159 2.59417 4.37873 -1.03834 0.837253 0.04
1.04126 1.79957 -0.688694 -7.32522 -0.495401 0.12
0.891862 1.05532 -1.37872 -2.02352 -0.871783 0.16
0.635685 1.05671 -2.27116 1.88279 -0.729979 0.14
0.129896 1.74554 -3.21586 5.38264 -0.93206 0.18
-0.129083 2.21577 -3.25051 6.29571 -0.617327 0.08
-0.773162 3.25397 -4.13977 4.0671 -0.763436 0.18
-1.04414 4.52207 0.659978 10.4915 -0.947416 0.16
-0.922325 5.90065 1.03859 3.58557 0.662433 0.2
-0.821434 6.10974 1.48077 1.74116 0.507996 0.08
-0.533152 6.39571 1.37382 1.42026 -0.0845266 0.2
-0.434043 6.53786 1.10307 2.16006 -0.347704 0.08
-0.389459 6.62564 1.12505 2.2439 0.0982342 0.04
-0.278906 7.43733 0.122575 5.7118 -0.698263 0.2
-0.268786 7.67179 0.38785 6.03894 0.504814 0.04
-0.260995 7.7952 0.393087 6.30181 -0.490654 0.02
-0.240964 8.19549 0.285678 7.00295 -0.917827 0.06
-0.233248 8.33938 0.487703 7.39164 0.64029 0.02
-0.221421 8.49132 0.696341 7.80592 0.621636 0.02
-0.180079 8.96491 0.6471 7.8259 -0.689088 0.06
-0.133536 9.44097 0.853267 7.8256 0.302605 0.06
-0.109511 10.2218 -0.496894 2.04855 -0.619904 0.16
