-0.107223 0.722666 -0.0493246 0.0704245 0 0
-0.104508 1.01074 0.110075 2.77623 0.218404 0.2
-0.0259362 1.60702 0.932295 4.83877 0.588969 0.16
-0.00736656 1.70685 0.926122 5.14171 -0.418645 0.02
0.184167 2.71449 1.46663 7.15086 -0.0373413 0.16
0.45282 3.75826 2.14351 6.69228 0.822777 0.14
0.772933 4.45797 2.50189 3.23386 0.876653 0.14
0.908028 4.59601 2.01511 1.42324 -0.981201 0.06
1.03383 4.62574 0.0742297 -0.829057 0.835265 0.08
1.02579 4.57297 -0.340446 -1.77298 -0.60442 0.04
1.00251 4.15833 -0.041444 -3.99065 0.975961 0.14
0.971773 3.66702 -0.581824 -5.73893 -0.356 0.1
0.959171 3.5499 -0.676727 -5.96193 -0.31288 0.02
0.718762 2.37093 -1.72595 -5.69181 -0.960486 0.18
0.363353 1.7345 -2.33291 -1.37506 -0.81787 0.18
-0.117136 1.84221 -2.98923 2.35444 -0.619119 0.18
-0.640007 2.38204 -3.53123 4.06212 -0.73029 0.16
-1.0584 3.18584 0.116592 12.6417 -0.758417 0.14
-1.05167 3.44429 0.475155 12.9854 0.640268 0.02
-0.992369 5.18177 0.347207 6.23198 0.991694 0.18
-0.995657 5.94929 -0.326344 3.852 -0.528402 0.16
-0.882079 6.15753 1.42196 -1.27448 0.897223 0.2
-0.739842 5.98564 2.12823 -3.01448 0.984837 0.08
-0.698929 5.92859 1.96422 -2.70031 -0.89713 0.02
-0.182786 5.01474 3.02125 -6.21245 0.832156 0.2
0.181532 4.18014 3.00251 -7.62241 0.707658 0.12
0.875752 2.86417 4.32738 -3.82394 0.970276 0.2
1.04543 2.4687 0.346841 -11.102 -0.305982 0.06
0.991332 0.749463 -0.349326 -5.25228 -0.502982 0.2
0.792372 0.357218 -1.89474 0.551587 -0.885175 0.18
0.31777 0.820829 -2.7897 3.9974 -0.502732 0.2
0.201935 0.996078 -2.99431 4.75118 -0.814249 0.04
-0.329947 1.96151 -3.53397 7.04027 -0.999808 0.16
-0.67964 2.70311 -3.51523 7.49083 -0.609585 0.1
-1.02687 4.46153 0.344441 11.9754 -0.328397 0.18
-1.00137 6.18317 0.0172289 6.33678 -0.768978 0.2
-0.976337 6.60894 0.599639 4.51074 0.67207 0.08
-0.864448 7.50184 0.707727 5.71979 -0.0960432 0.18
-0.66191 8.89836 1.38511 8.11172 -0.164575 0.2
-0.63212 9.06447 1.59023 8.48359 0.805417 0.02
-0.59837 9.23717 1.77873 8.76131 0.877145 0.02
-0.233372 10.5917 2.11065 5.24311 0.819397 0.18
-0.119464 10.8436 1.71236 3.22513 -0.547455 0.06
-0.084687 10.9026 1.76694 2.67984 0.583459 0.02
