0.100819 -0.524961 -0.0527272 -0.0990579 0 0
0.13055 -0.757119 0.39806 -2.73298 0.230579 0.16
0.124803 -1.26658 -0.487813 -3.88291 -0.717938 0.16
0.0558302 -2.21699 -0.379837 -6.43828 0.493082 0.18
-0.0255917 -2.95507 -1.20112 -8.06691 -0.588523 0.1
-0.287597 -4.21504 -1.54983 -4.91698 -0.746549 0.18
-0.419779 -4.54659 -1.14575 -1.84675 0.265061 0.1
-0.555663 -4.61296 -1.57992 0.468358 -0.687485 0.1
-0.967553 -4.16099 -2.4828 3.65457 -0.804554 0.2
-1.04441 -3.81454 0.156596 8.22417 -0.905682 0.06
-0.973904 -2.9057 1.04976 9.21045 0.88444 0.1
-0.744626 -1.59054 1.38322 3.65645 0.902714 0.2
-0.691181 -1.46714 1.29612 2.52985 -0.176545 0.04
-0.343632 -1.45638 2.56281 -2.18033 0.984737 0.18
-0.00424067 -1.85252 3.05296 -4.27064 0.788575 0.12
0.682297 -2.82547 3.91648 -4.49702 0.879621 0.2
0.76215 -2.91184 4.07076 -4.12892 0.958759 0.02
1.0594 -3.5529 0.0406831 -12.5024 -0.684169 0.1
1.01879 -4.71896 -0.302355 -9.73362 0.801078 0.1
0.992956 -6.05919 -0.176206 -4.36621 -0.0901074 0.2
0.901162 -6.60976 -0.797175 -2.34128 -0.332945 0.18
0.875889 -6.72133 -0.46964 -3.23155 0.905666 0.04
0.842184 -6.91447 -0.651122 -3.25746 -0.366373 0.06
0.776614 -7.18281 -0.987495 -3.53131 -0.530985 0.08
0.755848 -7.25454 -1.08931 -3.64652 -0.637762 0.02
0.665166 -7.70883 -0.770181 -5.36544 0.635537 0.1
0.522174 -8.87698 -0.835346 -7.19888 0.505153 0.18
0.460507 -9.43045 -0.634967 -6.31902 0.383971 0.08
0.431921 -9.9814 0.160789 -2.78017 0.463071 0.12
