-0.18722 1.33416 0.0866838 -0.0357694 0 0
-0.203978 1.45156 -0.405869 2.29942 -0.666184 0.1
-0.262943 2.05124 -0.254834 5.08044 -0.109478 0.16
-0.175962 3.14736 1.26548 8.09439 0.839386 0.16
0.0640726 4.25385 1.65165 5.04215 0.899424 0.16
0.390192 4.717 2.08205 0.256176 0.542139 0.18
0.625183 4.62995 2.60775 -1.91959 0.798828 0.1
1.0332 3.70856 -0.373887 -8.75985 0.985228 0.2
0.989786 3.14832 -1.00949 -9.67165 -0.963705 0.06
0.849832 2.1087 -1.20537 -7.04888 -0.985835 0.12
0.569898 1.31407 -1.82434 -1.04335 -0.742444 0.2
0.493072 1.29371 -2.01767 0.0151475 -0.613169 0.04
0.362332 1.33984 -2.33597 1.49303 -0.699414 0.06
-0.145208 1.93164 -3.20924 4.71104 -0.886936 0.18
-0.208588 2.02935 -3.12759 5.0593 0.129668 0.02
-0.926967 3.02259 -4.2448 3.70344 -0.940924 0.2
-1.0249 4.50905 0.390804 10.8753 -0.360538 0.14
-0.946329 5.94932 0.88179 3.77476 0.746215 0.2
-0.699405 6.29471 1.82738 0.518285 0.517137 0.18
-0.552331 6.42807 1.11621 2.14894 -0.767601 0.1
-0.36817 6.79075 1.1717 2.61039 0.0752487 0.16
-0.174739 7.19173 1.5922 3.29914 0.41719 0.14
0.250273 8.05062 2.75757 5.65585 0.625201 0.2
0.797493 9.33026 2.52937 5.97832 -0.491318 0.2
0.90181 9.56933 2.67377 5.90844 0.582406 0.04
1.03147 9.80984 -0.0268699 -1.08574 -0.475054 0.08
