0.0584958 1.35967 0.0456058 0.0428474 0 0
0.200133 1.74445 1.44177 3.82631 0.957088 0.2
0.545893 2.72857 2.44904 6.90589 0.358557 0.18
0.878755 3.58386 2.9411 6.6031 0.659827 0.12
1.00166 3.76246 -0.73143 -2.70775 -0.901543 0.16
0.870682 3.30859 -1.43202 -4.60573 -0.560509 0.12
0.730592 2.90244 -2.0311 -5.31046 -0.975865 0.08
0.552669 2.49771 -2.39405 -4.63426 -0.93819 0.08
0.0483669 1.93888 -3.26069 -1.4185 -0.978442 0.18
-0.229514 1.88702 -3.6905 0.0995868 -0.903925 0.08
-0.376423 1.90879 -3.65436 0.979049 -0.0156714 0.04
-0.942573 2.17836 -4.42146 2.67914 -0.951688 0.14
-1.02987 2.2364 -3.55316 4.23703 0.480748 0.02
-1.06427 2.78686 0.646475 11.2893 0.0696881 0.06
-1.02999 3.24675 1.00623 11.4971 0.988585 0.04
-0.857748 4.81527 1.00832 5.62092 0.991807 0.18
-0.698707 5.25113 1.72783 1.66011 0.904623 0.12
-0.382936 5.19145 2.76169 -2.3305 0.877405 0.14
0.201755 4.44372 3.60334 -5.59995 0.910548 0.18
0.672433 3.52704 3.14837 -7.17726 0.110443 0.14
1.05399 2.24196 -0.494077 -12.4579 0.763409 0.16
0.983395 0.744291 -0.585795 -6.33658 -0.948053 0.16
0.693699 0.173167 -2.35921 0.118016 -0.934001 0.2
0.369717 0.307126 -3.03323 2.08712 -0.602209 0.12
0.108297 0.529799 -3.49292 3.47651 -0.670382 0.08
-0.534489 1.34166 -4.3969 6.42389 -0.991358 0.16
-1.04699 3.29309 0.636982 14.5196 -0.13531 0.2
-1.00345 5.06553 0.0546421 7.89453 -0.0756095 0.16
-1.00006 5.98217 0.0144656 4.10705 -0.0924377 0.16
-1.00013 6.06256 -0.0236614 3.94472 -0.734494 0.02
-1.00059 6.73644 -0.000218357 3.37478 -0.612481 0.2
-1.00053 6.87578 0.00232536 3.61104 -0.326269 0.04
-0.98771 7.26061 0.261122 4.19179 0.275851 0.1
-0.955351 7.98734 0.282279 6.17098 -0.30846 0.14
-0.87407 9.26062 0.483443 7.14162 -0.342676 0.18
-0.783784 10.2397 0.535893 4.40974 0.42232 0.16
-0.77035 10.3844 0.146392 2.86201 -0.884011 0.04
