0.104811 -1.04055 -0.0545851 0.0321067 0 0
0.0878869 -1.33414 -0.182881 -3.18961 -0.165772 0.18
0.0691835 -1.64314 -0.306212 -4.52575 -0.0261977 0.08
-0.0755676 -2.73594 -1.34896 -7.45034 -0.305553 0.18
-0.294799 -3.68543 -2.10215 -7.4653 -0.971679 0.12
-0.604017 -4.48804 -1.89389 -2.718 -0.363982 0.16
-0.929541 -4.56581 -1.74452 1.63666 0.0313257 0.18
-0.996104 -4.48307 -1.58025 2.49526 0.45045 0.04
-0.953746 -3.67 1.20132 7.0551 0.860184 0.16
-0.927563 -3.52452 1.41486 7.48145 0.921207 0.02
-0.826536 -3.05177 1.90294 8.05564 0.917939 0.06
-0.746439 -2.73431 2.08021 7.71786 0.999976 0.04
-0.279232 -1.66062 2.72784 2.76024 0.989223 0.2
-0.169226 -1.57192 2.77733 1.68487 0.294254 0.04
0.141159 -1.52994 3.43479 -0.788827 0.967474 0.1
0.584522 -1.773 3.926 -3.13548 0.703671 0.12
1.05068 -2.94673 -0.618035 -11.9465 0.726208 0.18
0.907421 -4.83914 -0.722041 -5.9996 -0.996959 0.2
0.785821 -5.3731 -1.12413 -1.73408 -0.452846 0.14
0.471751 -5.22333 -2.31495 3.09759 -0.754966 0.18
0.424684 -5.15744 -2.39031 3.48907 -0.57294 0.02
-0.135327 -4.12085 -3.07081 6.40171 -0.887947 0.2
-0.515443 -3.34294 -3.37049 6.01622 -0.672977 0.12
-0.732545 -3.0297 -3.8852 4.33253 -0.874959 0.06
-1.05071 -2.08885 0.576825 10.7816 -0.924614 0.14
-0.958403 -0.755233 0.784019 4.23066 0.763043 0.18
-0.780557 -0.470543 1.77671 0.0252728 0.706815 0.14
-0.74466 -0.472904 1.81279 -0.259572 0.0898986 0.02
-0.501217 -0.62822 2.23136 -2.28577 0.321486 0.12
-0.177987 -1.07575 3.08877 -5.00755 0.984686 0.12
0.496684 -2.35726 3.54712 -7.32115 0.917051 0.2
0.56811 -2.50359 3.59896 -7.29537 0.905769 0.02
1.08123 -3.75614 -0.333436 -14.5837 0.85957 0.16
1.00546 -5.85489 -0.0968911 -8.86079 0.463982 0.18
0.996468 -7.27899 -0.118627 -7.69937 0.36168 0.18
0.933192 -8.24184 -0.989766 -8.67245 -0.131306 0.12
0.721747 -9.4322 -2.36947 -10.6808 -0.756712 0.12
0.630268 -9.83563 -2.17125 -9.37344 -0.0773227 0.04
0.588568 -10.0144 -1.99809 -8.49666 0.0957933 0.02
0.388957 -10.8013 -1.01919 -3.18221 0.310352 0.14
