-0.0668204 -2.52768 0.0496232 -0.00671433 0 0
-0.0278809 -2.55846 0.601108 -0.47162 0.708815 0.12
0.134749 -2.77235 1.04367 -1.40795 0.392493 0.2
0.253756 -3.29164 0.219345 -3.13283 -0.453114 0.2
0.211789 -3.85111 -0.591725 -1.95094 -0.701507 0.2
0.24962 -3.69225 1.01039 3.42857 0.917121 0.18
0.269208 -3.62372 0.947529 3.41707 -0.517732 0.02
0.314734 -3.46756 1.32763 4.36504 0.96561 0.04
0.527721 -2.85422 2.13941 5.34996 0.865262 0.12
0.833245 -2.2768 2.23423 2.74233 0.470465 0.14
1.00616 -2.48521 -0.507486 -4.33741 -0.311735 0.2
0.994871 -2.57546 -0.621075 -4.68183 -0.44043 0.02
0.923504 -3.00127 -1.13958 -5.79314 -0.608878 0.08
0.841072 -3.36566 -1.57694 -6.18539 -0.984581 0.06
0.443671 -4.32963 -2.39972 -2.86605 -0.973079 0.2
0.137475 -4.50283 -2.72836 -0.0840807 -0.547085 0.12
-0.0829121 -4.44016 -2.77698 1.61067 -0.197782 0.08
-0.452167 -4.14477 -3.36316 3.15619 -0.885188 0.12
-0.706342 -3.83063 -2.98109 4.65164 0.304433 0.08
-1.04572 -2.51546 0.603616 11.8119 -0.920586 0.18
-0.971346 -1.02983 0.606834 4.94696 0.970963 0.18
-0.898528 -0.74954 1.24704 2.07387 0.965234 0.08
-0.698544 -0.711491 2.07955 -1.31267 0.702218 0.12
-0.425842 -1.00303 2.43428 -3.48705 0.337797 0.12
0.147797 -2.0534 3.1356 -6.5811 0.89245 0.2
0.617184 -2.97062 3.72452 -5.73549 0.909258 0.14
1.06756 -3.58459 0.929071 -10.6491 0.715815 0.12
1.06374 -4.06768 -0.599706 -12.2798 0.356715 0.04
0.970388 -5.77594 -0.630848 -5.10503 -0.62157 0.2
0.967844 -6.8345 0.558519 -6.10801 0.796378 0.2
1.00031 -8.13186 -0.165288 -7.29715 0.583003 0.2
0.992907 -8.43215 -0.204592 -7.69767 0.66736 0.04
0.864277 -9.68005 -1.37083 -9.1202 -0.716133 0.14
0.820518 -10.0026 -0.819121 -7.01776 0.883399 0.04
0.720899 -10.6988 -0.696445 -3.01104 -0.406068 0.14
