-0.0583479 2.6449 0.0584622 0.0235987 0 0
-0.190811 2.58277 -1.36796 -0.521588 -0.993918 0.2
-0.299046 2.92967 0.151962 3.98732 0.8489 0.18
-0.288078 3.09819 0.39039 4.39588 0.675482 0.04
-0.278697 3.18846 0.545694 4.61829 0.954543 0.02
-0.124446 3.8971 1.30635 3.62974 0.8717 0.16
-0.0275509 4.00683 -0.178563 -2.0557 -0.852174 0.18
-0.15584 3.37523 -1.4332 -5.53971 -0.758574 0.16
-0.219587 3.14302 -1.74289 -6.00664 -0.897183 0.04
-0.294917 2.89878 -2.00948 -6.12988 -0.993111 0.04
-0.42298 2.54659 -2.2417 -5.49338 -0.917767 0.06
-0.813836 1.93187 -2.70503 -2.10345 -0.788654 0.16
-0.984729 1.8439 -2.99683 -0.837588 -0.851984 0.06
-0.943372 2.39586 1.35429 5.50208 0.908542 0.18
-0.702411 3.27471 1.95775 6.34431 0.399625 0.14
-0.247165 4.26705 2.58058 2.97357 0.83663 0.2
0.37262 4.44271 3.65367 -1.07846 0.914032 0.2
0.752903 4.24843 3.93978 -2.72542 0.584322 0.1
0.999101 4.0685 4.26621 -3.22279 0.995074 0.06
1.06053 3.96619 1.49779 -7.61843 0.027768 0.02
1.0732 3.78399 0.00385289 -10.2357 0.643704 0.02
1.06648 3.5667 -0.568814 -11.2799 -0.962596 0.02
1.05261 3.33763 -0.80488 -11.5851 -0.890671 0.02
0.889342 1.62421 -0.849498 -6.46741 -0.942345 0.18
0.723371 1.04621 -1.65828 -1.79582 -0.970564 0.14
0.653505 0.996617 -1.83677 -0.694365 -0.465319 0.04
0.480432 1.03725 -2.48188 1.64688 -0.953998 0.08
0.258388 1.24917 -3.04547 3.5707 -0.983752 0.08
-0.266301 2.03341 -3.42316 5.99094 -0.720152 0.16
-0.930488 3.10547 -4.1708 4.76987 -0.801758 0.18
-1.05224 3.92817 0.466993 13.5739 0.715241 0.08
-0.9893 5.87896 0.388441 6.31296 0.592979 0.2
-0.971926 6.84385 -0.118342 6.20143 -0.504058 0.16
-0.978673 7.0988 -0.211103 6.55263 -0.61397 0.04
-0.983621 7.23238 -0.280919 6.80324 -0.892119 0.02
-0.989287 7.37021 -0.283608 6.98147 -0.54757 0.02
-0.992776 7.94995 0.220317 7.63512 0.170741 0.08
-0.93734 9.41419 0.102165 7.35304 -0.630104 0.18
-0.928218 9.709 0.333461 7.29067 0.961774 0.04
-0.913841 9.9868 0.376499 6.54676 0.694035 0.04
-0.899162 10.4774 -0.0322883 3.36092 -0.0149653 0.1
