-0.172767 0.475794 0.0441623 -0.0841677 0 0
-0.109738 0.481096 0.742817 0.14612 0.647984 0.16
0.0265204 0.477418 1.52586 -0.193748 0.90891 0.12
0.447198 0.40976 2.68305 -0.52976 0.826565 0.2
0.992597 0.330047 3.38256 -0.432192 0.593086 0.18
0.996438 1.48118 -0.529219 8.83812 -0.983004 0.16
0.977827 2.22268 0.0757213 9.78902 -0.154599 0.08
0.879938 3.76331 -1.53488 3.82025 -0.948803 0.2
0.547592 3.97437 -2.56395 -0.915358 -0.600681 0.16
-0.107058 3.31962 -3.9859 -5.15574 -0.723504 0.2
-0.358741 2.99318 -4.37937 -5.58588 -0.87013 0.06
-0.538298 2.7709 -4.58821 -5.46754 -0.949109 0.04
-1.06388 2.4647 0.574564 5.50023 -0.917697 0.16
-0.887571 3.42001 1.77767 7.29674 0.95473 0.14
-0.619666 4.25094 2.05572 4.29254 0.839337 0.14
-0.443458 4.51506 2.37333 2.31403 0.857653 0.08
0.0696608 4.55614 3.33745 -1.67628 0.853286 0.18
0.277849 4.42381 3.59609 -2.70142 0.775936 0.06
0.350749 4.36692 3.69331 -2.98233 0.909402 0.02
0.502067 4.23759 3.87076 -3.46441 0.883631 0.04
0.996193 3.77109 4.37931 -4.05373 0.855383 0.12
1.07242 3.40839 0.0199648 -12.9148 -0.360231 0.04
1.06604 3.13777 -0.541305 -13.8563 -0.111848 0.02
1.00717 1.52968 -0.134479 -8.60194 -0.709994 0.14
0.948795 0.475687 -0.756548 -2.19593 -0.559053 0.2
0.712482 0.432645 -1.58343 1.49587 -0.361003 0.2
0.41106 0.880898 -2.65364 4.73958 -0.942764 0.14
-0.121151 1.98421 -3.10478 7.25954 -0.87296 0.18
-0.583622 2.99458 -3.69145 6.28536 -0.978409 0.14
-0.735815 3.2286 -3.92932 5.36234 -0.567311 0.04
-1.06639 3.82622 -0.131944 11.6206 -0.696572 0.1
-0.975524 5.49528 0.738933 5.93798 0.973844 0.18
-0.861951 6.39672 0.421382 3.82348 -0.250851 0.2
-0.854244 6.75741 -0.212582 5.20898 -0.981104 0.08
-0.866721 7.28951 -0.022105 5.57672 0.0285097 0.1
-0.864546 7.51834 0.135327 5.88477 0.179952 0.04
-0.781049 8.30432 1.31623 7.51524 0.778375 0.12
-0.754348 8.45669 1.35339 7.71631 -0.530015 0.02
-0.725379 8.61494 1.54379 8.1085 0.484263 0.02
-0.514126 9.52443 2.53585 9.52432 0.872843 0.1
-0.235518 10.4971 1.06978 2.98281 -0.555482 0.16
