-0.0150171 0.335642 -0.0175524 0.0880466 0 0
-0.106519 0.632441 -1.08683 3.50201 -0.711406 0.16
-0.205225 0.963222 -1.35889 4.75099 -0.520527 0.08
-0.329271 1.39951 -1.70526 6.09044 -0.943497 0.08
-0.469395 2.94747 0.338269 9.53001 0.693807 0.2
-0.461145 3.13906 0.477009 9.59267 0.82229 0.02
-0.333656 4.61645 0.802648 4.48424 0.912944 0.2
-0.276028 4.83224 1.13768 2.70892 0.992924 0.06
-0.0546686 4.93508 2.04102 -1.12532 0.879092 0.14
0.470258 4.30439 3.09851 -4.7063 0.938394 0.2
0.793084 3.79338 3.37172 -5.30983 0.769513 0.1
0.996162 3.47033 3.41516 -5.3516 0.344648 0.06
1.05567 3.0844 0.0242017 -12.7738 -0.385073 0.04
1.05093 2.82149 -0.408354 -13.2768 -0.107113 0.02
1.00824 1.48064 -0.150515 -8.74971 -0.687324 0.12
1.00067 0.386986 -0.00555305 -4.06035 0.588634 0.18
0.937145 0.00750998 -0.765622 -1.07427 -0.437944 0.16
0.708216 0.0882404 -2.08108 1.96816 -0.913126 0.16
0.460101 0.377838 -2.87143 3.84009 -0.920653 0.1
0.207192 0.74643 -3.42391 5.34208 -0.956533 0.08
-0.356335 1.75571 -3.49559 7.27353 -0.582633 0.16
-0.425924 1.90353 -3.4624 7.50592 -0.615353 0.02
-0.630434 2.37187 -3.363 8.04197 -0.609682 0.06
-1.02714 3.33211 -1.45806 11.7817 -0.588502 0.12
-1.04232 3.59448 -0.243535 13.9701 0.750649 0.02
-1.01066 5.11034 0.185753 10.297 0.858516 0.12
-1.00053 6.69523 0.00531837 6.70863 -0.540209 0.2
-0.988564 7.81538 0.248527 7.59962 -0.321868 0.16
-0.93905 8.80405 0.559179 8.71592 -0.528247 0.12
-0.899072 9.33261 0.711346 8.66229 -0.00427155 0.06
-0.883108 10.3498 -0.501175 2.59038 -0.386803 0.18
