-0.0570611 2.43323 -0.0527386 -0.0176477 0 0
0.0749023 2.92137 1.36908 4.44458 0.705038 0.2
0.388133 3.73586 2.40241 4.83677 0.97525 0.16
0.883147 4.26642 2.63092 0.534567 0.465438 0.2
1.00138 3.69716 -0.524871 -5.53042 -0.0824621 0.18
0.934396 3.20251 -1.11224 -6.6167 -0.709157 0.08
0.758869 2.42232 -1.70508 -5.77637 -0.997698 0.12
0.453502 1.79766 -2.1982 -1.99905 -0.818308 0.16
0.213884 1.71425 -2.60417 0.283502 -0.677847 0.1
-0.0146771 1.79881 -3.10402 1.77925 -0.990145 0.08
-0.536291 2.28692 -3.38203 4.07273 -0.490118 0.16
-0.671244 2.45828 -3.36651 4.47096 -0.269372 0.04
-1.03804 4.05296 0.569605 11.7049 -0.917239 0.2
-1.0084 4.85119 0.247818 8.39058 0.891907 0.08
-0.918706 5.87444 0.937026 2.11597 0.554381 0.2
-0.814789 6.01011 1.13531 0.695624 0.107393 0.1
-0.666128 6.01897 1.33682 -0.493268 0.11255 0.12
-0.572807 6.03206 0.533946 0.718652 -0.968164 0.1
-0.543592 6.09979 0.194486 0.995577 -0.552077 0.08
-0.499168 6.13717 0.538151 -0.296452 0.258072 0.12
-0.442513 6.09765 0.408365 -0.383167 -0.160357 0.12
-0.427462 6.10051 -0.153411 0.397677 -0.575162 0.12
-0.432468 6.11009 -0.0974866 0.0874652 0.0869783 0.04
-0.434604 6.11146 -0.116202 0.0497255 -0.162372 0.02
-0.545528 6.28054 -1.27219 2.09322 -0.853917 0.16
-0.857881 6.83778 -2.18068 4.275 -0.614691 0.18
-0.902905 6.92724 -2.31994 4.66833 -0.947746 0.02
-0.997641 7.12341 -2.41147 5.14312 -0.462531 0.04
-0.925005 7.68897 1.30936 3.61772 0.986933 0.2
-0.716053 8.70428 0.847731 6.00525 -0.695152 0.2
-0.659184 9.42262 -0.164336 3.60632 -0.935363 0.14
-0.662359 9.49374 -0.15428 3.49823 0.156191 0.02
-0.6741 9.74605 -0.148955 2.72644 0.17402 0.08
