-0.0608604 3.09923 0.0787514 -0.0622811 0 0
-0.0430419 3.12739 0.511683 0.969272 0.783783 0.06
0.107462 3.38242 1.12679 1.56698 0.452687 0.18
0.278305 3.58107 1.7052 1.60463 0.713066 0.12
0.687096 3.84437 2.81681 1.08536 0.957977 0.18
1.05128 3.78262 0.0719865 -5.85339 0.800502 0.14
1.03806 3.51499 -0.55603 -7.1508 -0.733401 0.04
0.940306 2.74929 -1.2637 -7.54498 -0.975745 0.1
0.801899 2.09551 -1.5031 -5.35434 -0.986207 0.1
0.534621 1.58861 -1.94176 -1.07067 -0.654306 0.16
0.315618 1.60054 -2.43647 1.244 -0.739135 0.1
0.159931 1.71101 -2.74668 2.40504 -0.840015 0.06
-0.406452 2.36017 -3.51937 4.35361 -0.871025 0.18
-0.8373 2.9065 -3.71067 4.4041 -0.409696 0.12
-1.04903 3.19101 -1.45186 9.48074 -0.756222 0.06
-1.04726 3.92091 0.553433 12.3626 -0.534348 0.06
-1.00119 5.11036 0.324629 7.59209 0.986558 0.12
-0.952764 5.69899 0.741455 4.20357 0.683444 0.1
-0.855188 6.23194 0.466351 2.87138 -0.299091 0.16
-0.802975 6.56335 0.390572 2.83591 -0.103684 0.12
-0.845372 7.4804 -0.651419 6.177 -0.783388 0.2
-0.936251 8.62194 -0.418695 7.99011 -0.513781 0.16
-0.944709 8.78217 -0.430863 8.01627 -0.726735 0.02
-0.960909 9.10393 -0.39965 7.98615 -0.317281 0.04
-0.968067 9.2642 -0.321936 8.01622 0.308754 0.02
-1.01121 9.82317 -0.19528 7.1073 -0.792812 0.08
-1.0021 10.7177 0.0324034 3.35767 -0.219137 0.16
