0.0645144 1.82487 0.0734477 0.0229293 0 0
0.115675 2.11672 0.606939 3.50258 0.313829 0.16
0.212441 2.57716 1.34786 5.65151 0.636499 0.1
0.301307 2.9343 1.59472 6.13772 0.303299 0.06
0.508237 3.69125 0.447816 1.15449 -0.441854 0.2
0.530705 3.7134 0.11896 -0.557442 -0.319352 0.08
0.444506 3.26318 -1.05109 -3.99864 -0.65007 0.18
0.1271 2.42809 -1.99508 -3.39063 -0.794658 0.2
-0.284537 2.08984 -2.61483 -0.358755 -0.710814 0.18
-0.660507 2.21692 -2.75022 2.04692 -0.313636 0.14
-1.05602 2.80954 0.196053 9.6359 -0.782666 0.16
-1.03727 3.2109 0.612411 10.0745 0.813279 0.04
-0.887162 4.72877 0.957681 4.53757 0.998656 0.2
-0.793873 4.99309 1.40746 2.07851 0.90806 0.08
-0.564267 5.02846 1.87392 -1.44045 0.385564 0.14
-0.323541 4.7093 2.09791 -3.78456 0.3431 0.12
0.179463 3.7224 2.93512 -5.32448 0.950713 0.2
0.744657 3.08472 4.23253 -2.09699 0.980566 0.16
1.07065 2.68442 0.0164937 -10.7343 -0.108697 0.1
1.06446 2.46216 -0.523811 -11.2243 -0.795963 0.02
0.998235 1.36179 -0.541167 -6.9434 -0.996012 0.12
0.891049 0.716088 -1.131 -2.3508 -0.646796 0.14
0.645663 0.704684 -2.35905 1.99327 -0.928833 0.14
0.185742 1.31187 -3.27522 5.33315 -0.863368 0.16
-0.298815 2.19009 -3.59507 6.97016 -0.929522 0.14
-0.675122 2.87522 -4.02401 6.28655 -0.9474 0.1
-0.928712 3.2127 -4.45391 4.84384 -0.765643 0.06
-1.06007 4.05093 0.541139 13.906 -0.0568882 0.08
-1.00067 5.60637 0.359975 8.49197 0.860416 0.14
-1.00303 6.85938 -0.0774956 7.31751 -0.555668 0.16
-1.00165 7.59911 0.0257596 7.77292 -0.855658 0.1
-0.950499 9.14656 0.421991 8.8398 -0.534636 0.18
-0.820774 10.4696 0.942026 6.44411 0.957991 0.16
-0.742564 10.9471 0.695523 3.23689 0.106396 0.1
