-0.0218175 -2.3407 0.0217041 -0.0410719 0 0
-0.151529 -2.79122 -1.48676 -4.68071 -0.85114 0.18
-0.379974 -3.43304 -2.23207 -5.49116 -0.802147 0.12
-0.689891 -4.01104 -2.2115 -2.64727 -0.373568 0.14
-1.0337 -4.01082 0.398576 4.26206 -0.94377 0.2
-0.97406 -3.59616 1.09821 6.04513 0.767932 0.08
-0.86921 -3.08593 1.4708 6.44081 0.497479 0.08
-0.696151 -2.46484 1.92677 5.59974 0.974329 0.1
-0.242416 -1.77957 2.72057 1.17446 0.893464 0.2
0.360001 -1.96647 3.2747 -2.76877 0.522664 0.2
0.818647 -2.49357 3.26436 -4.53813 0.289762 0.14
0.951905 -2.67428 3.40452 -4.45664 0.667942 0.04
1.02075 -2.76233 2.84656 -5.74573 0.625517 0.02
1.03002 -3.88753 -0.442637 -11.1847 0.738557 0.1
1.00172 -4.80488 -0.235076 -7.29005 -0.991875 0.1
0.963864 -5.36087 -0.622247 -3.84077 -0.801044 0.1
0.799255 -5.56942 -1.75341 0.713159 -0.869516 0.14
0.474392 -5.20512 -2.81601 4.25956 -0.955863 0.14
-0.149167 -4.04476 -3.28403 6.92424 -0.829247 0.2
-0.422345 -3.4972 -3.60273 6.48566 -0.932781 0.08
-1.0779 -2.49276 -0.0438359 11.8732 -0.766308 0.18
-1.07143 -2.24916 0.566656 12.2178 0.911721 0.02
-0.954941 -0.541617 0.854985 4.93507 0.780492 0.2
-0.639222 -0.119921 2.28792 -0.166567 0.718804 0.2
-0.310521 -0.281416 3.18157 -2.49286 0.82084 0.12
0.108693 -0.691416 3.77866 -4.35046 0.629976 0.12
0.263785 -0.879134 3.96864 -5.02655 0.771598 0.04
1.05424 -2.17381 1.43862 -10.5294 0.59548 0.2
1.06673 -2.40833 0.0294262 -12.6563 0.427447 0.02
1.06088 -2.67212 -0.524104 -13.5609 -0.84823 0.02
1.02888 -3.22672 -0.978194 -13.8762 -0.993146 0.04
0.908996 -5.08698 -0.552806 -6.80691 -0.998822 0.18
0.880001 -5.83444 0.0580641 -4.25314 0.481263 0.14
0.905788 -6.3491 0.322822 -3.44046 0.314152 0.14
0.937721 -6.74037 0.222905 -3.2952 -0.0585429 0.12
0.897434 -7.14187 -0.769593 -2.78002 -0.898576 0.14
0.882016 -7.2001 -0.77288 -3.04301 -0.0569077 0.02
0.771189 -7.64902 -1.10675 -4.50244 -0.293685 0.12
0.698517 -7.94535 -1.32927 -5.38927 -0.19892 0.06
0.492851 -9.05356 -0.871362 -6.12393 0.778794 0.18
0.417378 -9.67847 -0.309638 -3.89012 0.427121 0.12
0.40468 -9.875 -0.114529 -2.64548 0.12492 0.06
