0.179863 0.92444 -0.0511397 -0.086385 0 0
0.152987 1.21794 -0.196174 3.21718 -0.0223427 0.18
0.0632349 1.96116 -0.830933 5.77157 -0.877716 0.16
0.0478994 2.08021 -0.701242 6.13429 0.336943 0.02
0.0160887 2.78492 0.0464662 7.80655 0.433195 0.1
0.060284 3.60121 0.681341 7.83817 0.957754 0.1
0.174888 4.46206 1.01568 4.29586 0.975567 0.14
0.26682 4.71684 1.31066 2.09064 0.735935 0.08
0.502442 4.7589 2.06126 -1.36945 0.776334 0.14
0.974257 4.12088 2.57019 -4.63474 0.58214 0.2
1.04907 3.70117 -0.228931 -9.5873 0.151153 0.06
1.04143 3.50399 -0.509299 -10.0706 -0.93917 0.02
0.995011 2.88641 -0.934534 -10.1369 -0.924149 0.06
0.82278 1.53568 -1.11626 -4.6579 -0.96749 0.18
0.550599 1.1817 -1.996 0.569779 -0.68474 0.18
0.367548 1.31039 -2.56477 2.57754 -0.959442 0.08
-0.0457555 1.85742 -3.27222 4.99093 -0.971188 0.14
-0.459872 2.51529 -3.65207 5.65875 -0.875916 0.12
-0.533207 2.62863 -3.68345 5.66305 -0.517335 0.02
-1.04719 4.13618 0.547348 12.3328 -0.35495 0.2
-0.968593 5.8305 0.667449 4.94622 0.722756 0.2
-0.715706 6.3418 1.82756 0.814661 0.576123 0.2
-0.644152 6.37828 1.74979 1.01326 -0.188809 0.04
-0.481431 6.72188 0.596217 3.88074 -0.905874 0.14
-0.450004 7.80772 -0.0841661 6.81989 -0.721045 0.2
-0.472456 9.00883 -0.282669 7.55607 -0.841862 0.16
-0.477865 9.1597 -0.26322 7.5098 -0.108636 0.02
-0.482826 9.30916 -0.238078 7.4133 0.093495 0.02
-0.520386 10.459 -0.20394 3.38654 0.436639 0.2
