0.0436287 -0.586487 0.0467722 -0.0428928 0 0
0.0492853 -0.747826 0.0120697 -1.95099 -0.15892 0.16
0.00817499 -1.01276 -0.696978 -2.5807 -0.841925 0.12
-0.0574815 -1.25937 -0.956339 -3.60607 -0.42483 0.08
-0.0950386 -1.41715 -0.927343 -4.27643 0.259331 0.04
-0.253085 -2.41935 -0.892224 -6.53847 0.472824 0.18
-0.373024 -3.13388 -1.42191 -7.34101 -0.411883 0.1
-0.609771 -4.09365 -1.48252 -4.1487 -0.52146 0.16
-0.729486 -4.34813 -0.952618 -1.07126 0.448942 0.1
-0.773915 -4.02203 0.571187 4.1824 0.864716 0.2
-0.721011 -3.72371 1.20126 5.74974 0.988995 0.06
-0.556678 -3.06189 2.01013 7.08446 0.843864 0.1
-0.4282 -2.64817 2.2402 6.53863 0.89056 0.06
0.0658419 -1.7874 2.81648 1.92972 0.829587 0.2
0.503095 -1.74059 3.4383 -1.15526 0.730734 0.14
0.791479 -1.89114 3.76205 -2.5534 0.726928 0.08
1.02429 -2.06909 3.27497 -4.15554 0.7854 0.06
1.06642 -2.35423 -0.208724 -9.02596 0.88701 0.04
1.05786 -2.54257 -0.565101 -9.65981 0.622402 0.02
0.977175 -3.36414 -1.28759 -10.2922 -0.922734 0.08
0.830817 -4.38557 -1.15463 -6.53398 -0.824578 0.12
0.5737 -5.05703 -1.88706 -1.01998 -0.796948 0.18
0.322478 -4.99506 -1.69046 1.80586 0.271671 0.14
-0.0769269 -4.3475 -2.64459 4.98298 -0.967837 0.18
-0.239736 -4.03067 -2.78245 5.51703 -0.771707 0.06
-0.745978 -3.21679 -3.69342 3.84328 -0.879032 0.16
-1.05744 -2.31503 0.588688 11.1029 0.330362 0.14
-0.981787 -1.12797 0.648779 5.90412 0.993336 0.14
-0.801704 -0.557813 1.45863 0.672708 0.493772 0.18
-0.542228 -0.690863 2.22361 -2.44501 0.543127 0.14
-0.394412 -0.882756 2.68865 -3.90934 0.987537 0.06
0.23887 -2.01599 3.45533 -6.9763 0.983112 0.2
0.837899 -3.09725 4.26826 -5.41469 0.98671 0.16
1.03632 -4.55811 -0.518606 -12.2519 0.679811 0.14
1.01406 -5.21986 -0.23512 -9.93573 0.707131 0.06
0.952335 -6.14 -1.00144 -5.37858 -0.981836 0.12
0.86666 -6.5303 -1.13724 -4.52681 -0.0828567 0.08
0.727302 -7.69063 -0.451337 -7.04709 0.721581 0.2
0.670178 -8.45304 -0.717435 -8.19467 0.460193 0.1
0.505579 -9.56948 -1.82133 -9.66631 -0.72424 0.12
0.286899 -10.6957 -0.762355 -3.15303 0.126117 0.18
