0.0373681 2.59951 -0.00236315 0.0154419 0 0
0.142711 2.93344 1.30673 3.83944 0.834522 0.16
0.27079 3.2816 1.8669 4.67327 0.859275 0.08
0.438941 3.65453 2.30935 4.46169 0.949333 0.08
0.942008 4.19142 2.77547 0.835157 0.613662 0.2
0.972669 3.52193 -1.00928 -6.12481 -0.53328 0.18
0.760482 2.58883 -1.83703 -6.25882 -0.898669 0.14
0.424914 1.85231 -2.42335 -2.77896 -0.963898 0.16
0.212553 1.70463 -2.89905 -0.92345 -0.997706 0.08
-0.44478 1.93907 -3.63522 2.96922 -0.647964 0.2
-0.745238 2.21644 -3.87074 3.88644 -0.692312 0.08
-0.89224 2.39275 -3.47418 4.92817 0.916046 0.04
-1.05914 3.27678 0.608603 13.245 -0.864582 0.1
-1.01327 4.41878 0.219089 9.30781 -0.990568 0.1
-0.972815 5.36246 0.607553 4.22576 0.949307 0.14
-0.947565 5.84586 -0.242938 3.02348 -0.849479 0.14
-1.00182 6.26331 -0.269721 1.46515 -0.149166 0.2
-1.00527 6.30292 0.0168075 0.720775 0.0702153 0.04
-1.00398 6.31496 0.112189 0.486674 0.511603 0.02
-0.95678 6.36953 0.350912 0.139891 0.147803 0.2
-0.941919 6.37467 0.391956 0.118754 0.142905 0.04
-0.917953 6.48186 -0.0479691 1.41527 -0.315184 0.14
-0.985527 6.97716 -0.604478 3.67038 -0.296795 0.2
-0.994028 7.68176 0.242954 4.86288 0.0986155 0.18
-0.987507 7.7815 0.410423 5.1173 0.862134 0.02
-0.82554 8.67579 1.99781 7.97278 0.983803 0.14
-0.512291 9.94636 0.826355 3.35986 -0.607381 0.2
-0.486157 10.053 0.48585 1.99333 -0.735352 0.04
