0.113892 3.10014 0.0300621 -0.0691089 0 0
0.0839691 3.02769 -0.446469 -0.867778 -0.406352 0.14
0.115937 3.17197 0.765532 2.13639 0.721427 0.18
0.335073 3.61654 1.61158 2.31886 0.691371 0.18
0.706242 3.9278 2.50582 0.951359 0.845401 0.18
0.802648 3.94528 2.31613 -0.0642859 -0.392252 0.04
0.937037 3.90501 2.16366 -1.2536 -0.131068 0.06
1.01888 3.48303 -0.202901 -6.34116 0.138646 0.1
1.01305 3.35288 -0.377252 -6.658 -0.857667 0.02
0.945858 2.67463 -0.866874 -6.40797 -0.82255 0.1
0.734906 1.83956 -1.54784 -2.61663 -0.963684 0.18
0.703418 1.79224 -1.60215 -2.11709 -0.573875 0.02
0.517282 1.69619 -2.13167 0.155811 -0.848596 0.1
0.275077 1.81052 -2.70242 2.05007 -0.910617 0.1
-0.151055 2.2284 -3.36745 3.67626 -0.895491 0.14
-0.741547 2.83524 -4.07921 3.38285 -0.763447 0.16
-1.05129 3.1442 -1.53335 9.25958 -0.307108 0.08
-1.06515 3.36561 -0.0811027 12.2933 0.388852 0.02
-1.0603 3.62068 0.45678 12.9305 -0.476674 0.02
-0.978254 5.47691 0.57391 5.50217 0.934799 0.2
-0.992084 6.47486 -0.699738 5.31812 -0.809547 0.2
-1.00686 6.96884 0.10441 3.94903 -0.329434 0.12
-1.00501 7.05 0.0807303 4.17065 -0.596303 0.02
-0.968748 7.8436 0.449901 5.90869 0.0621707 0.16
-0.91584 8.36367 0.897034 7.12956 0.157055 0.08
-0.821949 9.54045 -0.158967 4.53566 -0.91776 0.18
-0.846718 9.97864 -0.264844 2.61921 0.15052 0.12
