0.0559494 0.412143 -0.0504215 -0.0429252 0 0
0.102255 0.361915 0.822035 -0.797957 0.958539 0.12
0.119574 0.345893 0.910046 -0.805814 0.630134 0.02
0.239777 0.243317 1.49792 -1.28674 0.781799 0.1
0.582701 -0.0610462 2.33101 -2.30907 0.595613 0.18
0.965007 -0.511314 3.11504 -4.21402 0.685191 0.14
0.939781 -0.31397 -1.29818 2.12766 -0.923353 0.2
0.597557 0.155068 -2.15412 2.95753 -0.564143 0.2
0.553233 0.216967 -2.27805 3.23463 -0.735903 0.02
0.256305 0.674299 -2.65333 4.47403 -0.431881 0.12
-0.0982915 1.33525 -3.17328 6.42764 -0.894878 0.12
-0.161848 1.46632 -3.18038 6.67906 -0.673118 0.02
-0.352809 1.88885 -3.17237 7.38737 -0.748805 0.06
-0.738264 2.81024 -3.36183 7.4303 -0.834438 0.12
-1.03566 4.32459 0.413976 11.7898 0.527729 0.16
-0.946437 5.91391 0.953739 4.27417 0.885172 0.2
-0.856972 6.40317 0.529423 4.13728 -0.484447 0.12
-0.81453 6.62363 0.876919 3.30164 0.592551 0.06
-0.797218 6.69075 0.85436 3.41434 -0.136639 0.02
-0.753337 6.91994 0.615611 4.23252 -0.497285 0.06
-0.717643 7.3093 0.305477 5.47567 -0.65523 0.08
-0.665236 8.65879 0.336075 7.78216 -0.595738 0.2
-0.598714 9.35519 1.25889 9.35308 0.978368 0.08
-0.572165 9.5425 1.3866 9.34094 0.969563 0.02
-0.493831 10.3926 -0.165752 3.13066 -0.795148 0.14
