-0.104785 1.42569 -0.0931298 0.0949016 0 0
-0.141761 1.55212 -0.630495 2.34679 -0.769345 0.1
-0.301241 2.23972 -1.07608 4.94538 -0.617361 0.18
-0.568866 3.06601 -2.0463 3.34995 -0.808566 0.18
-0.708615 3.21892 -2.61402 1.733 -0.983385 0.06
-1.05532 3.45793 -0.00103425 6.92792 -0.60067 0.14
-0.93171 4.57138 0.955802 3.01842 0.901257 0.2
-0.816114 4.74184 1.37835 0.43236 0.680205 0.1
-0.417083 4.39905 2.54745 -3.47572 0.934309 0.2
-0.365134 4.32706 2.64692 -3.7182 0.977564 0.02
-0.207961 4.07633 2.58594 -4.60902 0.208634 0.06
0.368594 3.16283 3.34173 -3.49682 0.626092 0.2
1.0602 2.84334 1.07882 -7.55512 0.893798 0.18
1.04814 2.26849 -0.616082 -9.52259 -0.600453 0.06
0.991572 1.49648 -0.617192 -5.98834 -0.962509 0.1
0.824657 0.964197 -1.60504 -0.717483 -0.892118 0.16
0.64901 1.00859 -1.89949 1.53856 -0.25918 0.1
0.372892 1.36613 -2.6467 4.24878 -0.909956 0.12
0.0380351 1.9877 -2.88508 5.97701 -0.714532 0.12
-0.0798137 2.2325 -3.00971 6.22721 -0.991561 0.04
-0.714459 3.19843 -4.26359 3.38795 -0.995891 0.18
-1.06623 3.66108 -0.170472 11.3587 -0.589039 0.1
-1.06233 3.89635 0.44167 11.8885 0.814678 0.02
-0.948648 5.55327 0.946853 4.52467 0.994525 0.2
-0.886808 5.8774 0.60272 3.69808 -0.60401 0.08
-0.851075 6.0764 0.586879 2.9949 -0.146422 0.06
-0.816812 6.39648 0.0910389 3.53617 -0.621341 0.1
-0.833491 6.96225 -0.310242 4.70965 -0.396217 0.14
-0.815697 8.0319 0.59272 6.45929 0.293945 0.2
-0.803129 8.16389 0.665437 6.74101 -0.143328 0.02
-0.734072 9.1386 0.185698 6.45352 -0.918765 0.14
-0.729965 10.1242 -0.246349 2.69539 -0.00555369 0.2
