0.111575 -2.93457 -0.0717026 0.0122113 0 0
0.163766 -2.84633 0.801176 1.11372 0.786104 0.14
0.219588 -2.92459 -0.0831935 -1.87439 -0.522327 0.16
0.193014 -3.12149 -0.569515 -2.94098 -0.669979 0.08
0.144807 -3.32029 -1.02531 -3.59699 -0.948896 0.06
0.0418464 -3.58752 -0.038609 0.766147 0.390538 0.2
0.0398683 -3.52615 -0.0291174 1.25468 -0.0932213 0.06
0.116967 -3.13785 1.09654 3.93719 0.865982 0.14
0.258604 -2.71913 1.69459 4.15458 0.892717 0.1
0.521215 -2.27236 2.06493 2.08813 0.653671 0.14
0.843865 -2.13947 2.55817 -0.148252 0.677014 0.14
1.03209 -2.23411 0.682813 -4.16029 0.699168 0.08
0.889797 -3.47993 -1.53 -7.69359 -0.974774 0.18
0.567442 -4.52703 -1.81886 -2.62475 -0.720341 0.2
0.328753 -4.66109 -2.17972 0.314611 -0.512286 0.12
-0.135594 -4.29016 -2.92748 3.51288 -0.737222 0.18
-0.450648 -3.89806 -3.37857 4.15777 -0.910052 0.1
-1.07004 -3.09008 -0.737221 10.7778 -0.611909 0.18
-1.03741 -2.10539 0.556436 11.3199 -0.903791 0.08
-0.931174 -0.627992 1.06187 3.62583 0.995033 0.2
-0.751991 -0.411397 1.9299 0.139593 0.706944 0.12
-0.257371 -0.786058 2.95526 -3.72497 0.555885 0.2
-0.0760939 -1.03596 3.07535 -4.60009 0.386673 0.06
0.456872 -1.97258 3.47331 -6.88324 0.851408 0.16
1.02101 -3.34373 2.52023 -8.36307 0.0703135 0.18
1.02062 -4.77738 -0.324129 -10.4234 0.358191 0.12
0.98285 -6.25196 -0.344648 -4.99026 -0.227484 0.2
0.951335 -7.06818 -0.0814174 -5.55445 0.330173 0.16
0.867743 -8.34941 -0.90015 -7.649 -0.035194 0.2
0.800463 -8.83736 -1.33408 -8.57223 -0.189639 0.06
0.584478 -9.92097 -1.99444 -8.41517 -0.77182 0.12
0.27059 -10.9024 -1.68656 -2.74051 -0.355652 0.18
