0.0304837 -2.34856 -0.00795395 0.0900228 0 0
-0.109219 -2.78618 -1.56856 -4.67184 -0.887048 0.18
-0.495376 -3.74527 -2.53553 -4.85264 -0.821547 0.18
-0.696287 -4.05873 -2.50308 -2.98366 -0.367462 0.08
-1.02389 -4.09357 0.124428 3.76904 0.0484829 0.18
-0.961819 -3.40886 0.71484 5.64377 0.242856 0.14
-0.820895 -2.66918 1.51229 6.02732 0.973571 0.12
-0.440369 -1.83462 2.37251 2.02642 0.99017 0.2
0.0806114 -1.81606 3.4218 -1.64549 0.938949 0.18
0.215071 -1.89896 3.29807 -2.4925 -0.261554 0.04
0.943542 -2.60639 3.99985 -3.97236 0.730861 0.2
1.06735 -3.09955 -0.21421 -13.0371 0.790629 0.06
1.05862 -3.36636 -0.573249 -13.4154 -0.554178 0.02
1.00218 -5.29104 -0.0398127 -6.04156 -0.0876046 0.2
0.999072 -6.07461 -0.014366 -2.45044 0.120009 0.2
1.00089 -6.44028 -0.00392787 -1.81421 0.91651 0.18
0.957372 -6.53434 -0.851948 -0.186274 -0.982014 0.1
0.909361 -6.8276 0.221229 -3.39914 0.706907 0.16
0.80011 -7.45613 -1.28675 -3.51244 -0.97178 0.2
0.745236 -7.60664 -1.46074 -4.02202 -0.498889 0.04
0.550722 -8.32357 -1.38614 -6.09528 0.454773 0.14
0.522002 -8.44871 -1.48673 -6.41707 -0.119735 0.02
0.255922 -9.61542 -1.21102 -5.28067 0.335126 0.18
0.0658155 -10.2285 -0.738597 -0.841498 -0.00915147 0.2
