-0.136194 -2.35761 -0.0849132 0.0490513 0 0
-0.263965 -2.7593 -1.35087 -4.22142 -0.69207 0.18
-0.355455 -3.03546 -1.68571 -4.889 -0.582727 0.06
-0.470553 -3.34732 -2.12759 -5.3679 -0.976909 0.06
-0.708106 -3.85356 -2.5894 -4.49071 -0.957039 0.1
-1.04209 -4.20172 0.297068 2.12673 -0.984395 0.16
-0.811668 -3.28882 2.01848 6.57331 0.833424 0.2
-0.576069 -2.61599 2.59581 6.38115 0.995603 0.1
-0.183338 -1.92326 3.05908 3.35687 0.959382 0.14
0.275754 -1.69456 3.53845 -0.00932742 0.644252 0.14
0.892272 -1.94887 4.13526 -2.96391 0.672579 0.16
1.04046 -2.62101 -0.496831 -9.58313 -0.194093 0.1
1.01312 -3.01506 -0.836115 -9.99829 -0.630147 0.04
0.954177 -3.60378 -1.04361 -9.29823 -0.893446 0.06
0.871205 -4.25501 -1.03968 -6.90515 -0.970783 0.08
0.656136 -4.99253 -1.54848 -1.42185 -0.698255 0.18
0.33307 -4.88138 -2.46093 2.59783 -0.761249 0.16
-0.17992 -4.13851 -3.15602 5.25879 -0.850331 0.18
-0.8735 -3.11628 -3.9855 3.77327 -0.695381 0.2
-1.04034 -1.87117 0.605813 10.759 -0.624049 0.14
-1.02052 -1.47424 0.405258 9.13322 0.731131 0.04
-0.860307 -0.376268 1.56082 1.95615 0.903313 0.2
-0.655404 -0.336524 2.52744 -1.04872 0.991882 0.1
-0.498215 -0.42283 2.71064 -1.8286 0.297414 0.06
-0.38468 -0.512348 2.96354 -2.64136 0.700433 0.04
0.06704 -1.03777 3.43291 -4.82721 0.496062 0.14
0.703737 -2.25733 2.79048 -7.48343 0.10008 0.2
1.03677 -3.9472 -0.420712 -12.9206 0.747106 0.18
1.00144 -5.76734 -0.0255161 -6.08537 0.12724 0.2
1.00053 -6.75189 0.00029175 -4.54447 0.584717 0.2
1.00039 -7.57152 -0.00238388 -5.96312 0.55053 0.16
1.00042 -8.08977 -0.000648417 -6.97451 0.952183 0.08
1.00038 -8.23147 -0.00214968 -7.19158 0.858157 0.02
1.00078 -9.70847 0.00390858 -6.61918 0.791628 0.2
1.00068 -10.0714 -0.0027886 -5.41226 0.022065 0.06
0.997351 -10.4956 -0.0924525 -3.06147 -0.547256 0.1
