0.162239 1.30457 -0.03871 0.0599253 0 0
0.196541 1.49953 0.554481 2.68058 0.62712 0.14
0.31245 1.95652 1.42837 5.00452 0.798319 0.12
0.645743 3.08913 2.16985 6.83404 0.205789 0.18
1.04492 4.07717 -0.181021 -0.337286 0.640037 0.2
0.893676 3.55039 -1.22992 -4.39231 -0.389167 0.2
0.836675 3.35692 -1.61591 -5.24278 -0.995064 0.04
0.764972 3.13494 -1.95883 -5.79436 -0.997966 0.04
0.329237 2.18146 -2.78148 -3.95271 -0.966068 0.18
-0.156789 1.83426 -3.34939 -0.436896 -0.736692 0.16
-0.847993 2.1473 -3.52038 3.29097 -0.297457 0.2
-1.05227 2.7826 0.401637 10.8417 -0.674164 0.1
-1.04184 3.00266 0.628302 11.1213 0.992514 0.02
-1.02806 3.22466 0.735501 11.0279 0.795291 0.02
-0.892265 4.82737 0.761731 4.69862 0.872614 0.2
-0.821541 5.10472 1.04005 2.26087 0.565988 0.08
-0.598163 5.12116 2.14602 -1.86615 0.978055 0.14
-0.463223 4.97126 2.34161 -3.10289 0.475927 0.06
0.0365418 4.13971 3.11821 -5.69773 0.962072 0.18
0.586019 3.25568 3.90646 -4.48648 0.866222 0.16
0.745756 3.08899 4.0857 -3.81667 0.444911 0.04
1.0418 1.88915 -0.600265 -10.4696 0.311526 0.16
1.0021 1.17776 -0.499575 -7.40614 -0.940051 0.08
0.880967 0.40357 -1.17236 -2.44895 -0.556985 0.16
0.460582 0.503205 -2.98168 3.08576 -0.952925 0.2
0.0499961 1.02923 -3.79021 5.54501 -0.980762 0.12
-0.393616 1.77704 -3.54194 6.979 -0.26584 0.12
-0.877426 2.83703 -3.47494 7.597 -0.575566 0.14
-1.01387 3.14069 -2.78157 8.8934 0.257559 0.04
-1.01523 4.96254 0.243736 11.0323 -0.330203 0.14
-0.89069 6.43106 1.45533 3.9519 0.954085 0.2
-0.670048 6.95913 1.68422 3.89977 0.158663 0.14
-0.451855 7.95547 0.921778 6.87124 -0.900064 0.18
-0.32626 8.99718 0.792636 7.48935 -0.764353 0.14
-0.296895 9.28789 0.654636 6.95621 -0.513322 0.04
-0.220538 10.2557 0.0800078 2.31174 -0.0157158 0.2
