-0.0333312 -1.60938 0.0613443 0.0202364 0 0
-0.00850891 -1.94673 0.158781 -3.56434 0.185275 0.18
-0.018097 -2.60868 -0.314295 -5.69913 -0.106835 0.14
-0.206266 -3.81128 -1.48601 -6.15404 -0.94857 0.18
-0.362634 -4.34386 -0.849312 -1.70602 0.19804 0.14
-0.39198 -4.389 -0.6211 -0.567293 0.649569 0.04
-0.386902 -4.06469 0.736246 4.06963 0.864577 0.18
-0.324167 -3.77305 1.36553 5.64641 0.997774 0.06
0.120008 -2.40136 2.7131 6.20402 0.986322 0.2
0.338649 -1.98962 2.78018 4.08935 0.682844 0.08
0.99575 -1.65549 3.86831 -0.639779 0.937526 0.2
0.9115 -2.40811 -1.68094 -6.15336 -0.810954 0.2
0.755948 -2.9478 -2.17198 -7.13871 -0.450734 0.08
0.612885 -3.38709 -2.55098 -7.28976 -0.91092 0.06
0.225608 -4.24413 -2.96634 -4.57563 -0.977265 0.14
-0.224938 -4.63555 -3.53574 -1.05245 -0.823297 0.14
-0.37122 -4.65878 -3.77942 -0.117138 -0.936872 0.04
-0.858701 -4.51977 -4.32873 2.3216 -0.751792 0.12
-0.946041 -4.46993 -4.40452 2.65849 -0.72899 0.02
-1.04894 -3.85359 0.946339 8.58768 0.857002 0.1
-0.968573 -3.2958 1.68739 9.838 0.995586 0.06
-0.895662 -2.90186 1.91612 9.69873 0.949533 0.04
-0.819351 -2.53352 1.88107 8.64031 0.75066 0.04
-0.782404 -2.3676 1.81422 7.94898 0.573745 0.02
-0.401755 -1.39717 2.24763 1.89347 0.770343 0.2
0.0272276 -1.43214 3.10285 -2.14188 0.734436 0.16
0.666825 -2.10289 3.92361 -4.90669 0.915474 0.18
1.06172 -3.19064 -0.479337 -14.4619 0.873898 0.14
1.05029 -3.47887 -0.611709 -14.2169 -0.998831 0.02
1.00489 -5.05148 -0.090368 -8.41274 -0.558185 0.14
0.891541 -5.96216 -1.41847 -1.80843 -0.975591 0.18
0.817247 -6.07805 -1.05498 -2.08747 0.77491 0.06
0.745093 -6.33114 -0.381154 -3.06776 0.807695 0.1
0.654561 -6.75394 -0.720608 -2.57106 -0.238691 0.16
0.371224 -7.19662 -2.07438 -2.34414 -0.920486 0.2
0.288627 -7.30278 -2.05866 -2.96169 -0.00837445 0.04
0.0835127 -7.80808 -1.42821 -5.28803 0.894831 0.12
-0.117678 -8.67615 -1.47363 -6.90536 0.495426 0.14
-0.270712 -9.29879 -2.30636 -8.44157 -0.89995 0.08
-0.317816 -9.46753 -2.39696 -8.40325 -0.655129 0.02
-0.532669 -10.1997 -0.74033 -2.27892 0.969485 0.14
