0.144219 -1.58458 -0.0306769 0.0587173 0 0
0.162666 -1.68867 0.388334 -2.06483 0.637139 0.1
0.178117 -1.7868 0.380644 -2.83252 0.109632 0.04
0.187044 -1.91795 0.0601737 -3.72936 -0.902563 0.04
0.122131 -2.75938 -0.898328 -6.57394 -0.418356 0.16
0.0526871 -3.17966 -1.38035 -7.25775 -0.878698 0.06
0.0237774 -3.32515 -1.50552 -7.26715 -0.988294 0.02
-0.213074 -4.18491 -1.84963 -4.6123 -0.874415 0.14
-0.580813 -4.60001 -2.32716 -0.12839 -0.589108 0.18
-0.99458 -4.1871 -1.73501 4.08751 0.251279 0.2
-0.955472 -3.00817 1.02514 8.41831 0.787653 0.16
-0.699308 -1.72866 1.57633 3.78377 0.976778 0.2
-0.37852 -1.46983 2.48805 -0.453681 0.885813 0.16
-0.327971 -1.48355 2.56656 -0.915521 0.561828 0.02
-0.275363 -1.50643 2.69358 -1.36886 0.9291 0.02
0.00475792 -1.74383 2.88563 -3.30713 0.399123 0.1
0.6549 -2.61669 3.63423 -4.70524 0.82581 0.2
0.876095 -2.89609 3.75478 -4.51056 0.39938 0.06
1.06342 -3.75063 -0.625827 -13.2864 0.997585 0.1
0.980584 -5.49838 -0.580574 -6.23313 -0.998038 0.18
0.945813 -6.45931 0.157406 -5.12451 0.532636 0.18
0.99992 -7.1504 0.684513 -6.44037 0.74024 0.12
0.98461 -8.481 -0.333119 -7.7373 0.454288 0.2
0.915037 -9.1807 -1.37256 -9.62853 -0.986314 0.08
0.856262 -9.56462 -1.52692 -9.41867 -0.571106 0.04
0.790409 -10.4783 0.592935 -1.44733 0.980245 0.18
