0.0794484 -2.80304 0.0311313 -0.0346218 0 0
0.0958525 -2.91917 0.148685 -0.949362 0.150563 0.2
-0.00035902 -3.39053 -1.03077 -3.08458 -0.697665 0.2
-0.28858 -3.92647 -2.12256 -2.35977 -0.992177 0.18
-0.633916 -4.12729 -2.82244 -0.48569 -0.887763 0.14
-0.939459 -4.00779 -2.26266 2.38309 0.420349 0.12
-0.985861 -3.95922 -2.37771 2.46974 -0.953848 0.02
-1.02917 -3.62422 0.190615 7.3622 -0.290635 0.06
-0.983341 -2.98671 0.867511 8.18943 0.930574 0.08
-0.762532 -1.75554 1.38758 3.58526 0.92949 0.2
-0.467241 -1.5184 2.35207 -0.530355 0.938966 0.16
-0.140154 -1.73493 3.0726 -2.93649 0.948744 0.12
0.105105 -2.02505 3.04285 -4.27499 0.23338 0.08
0.706796 -2.8627 3.73956 -4.25364 0.768667 0.18
1.05196 -4.04632 -0.670602 -12.1704 0.906658 0.16
1.00161 -5.72301 -0.0304968 -5.4943 0.120292 0.2
1.00017 -6.49829 0.000119525 -3.69858 0.194954 0.18
1.00064 -7.2232 -0.000948931 -4.71289 0.745318 0.18
1.0004 -8.27777 -0.00227368 -6.98039 0.887427 0.18
1.00092 -9.44027 -0.00222141 -6.99262 0.646116 0.16
1.0006 -10.2503 7.35044e-06 -4.28164 0.120915 0.14
1.00076 -10.514 0.000344036 -2.31235 0.599234 0.08
