0.0849643 -1.94292 -0.0912693 0.09497 0 0
0.0816369 -2.17226 0.0285399 -2.7852 0.254487 0.16
-0.0826657 -3.18506 -1.6189 -6.63133 -0.816724 0.2
-0.190343 -3.58096 -1.93719 -6.39141 -0.982389 0.06
-0.586307 -4.41136 -2.52957 -2.59646 -0.90244 0.18
-1.03885 -4.41519 0.0490398 3.36817 -0.31398 0.2
-1.02118 -4.17381 0.318619 4.45907 -0.695659 0.06
-0.769394 -2.86548 2.00508 7.45784 0.861883 0.2
-0.599435 -2.31882 2.21921 6.02094 0.970685 0.08
-0.465457 -2.00638 2.2636 4.39725 0.676386 0.06
-0.0447134 -1.62258 3.06884 0.442373 0.914653 0.16
0.150395 -1.63683 3.43369 -0.893452 0.922793 0.06
0.954346 -2.15542 4.5485 -3.82773 0.988917 0.2
1.08555 -2.39422 0.791986 -10.0007 0.111549 0.04
1.0873 -2.61957 -0.408498 -12.175 -0.25725 0.02
1.05582 -3.1297 -1.00758 -12.9291 -0.949933 0.04
1.03485 -3.3857 -1.0685 -12.6042 -0.955115 0.02
0.96119 -4.27243 -0.739083 -9.42657 -0.926123 0.08
0.889819 -5.02996 -0.821392 -5.79892 -0.981288 0.1
0.868954 -5.8663 0.551962 -3.36765 0.888637 0.2
0.925279 -6.1452 0.581425 -2.35847 0.156713 0.1
1.00703 -6.40995 0.85313 -2.54694 0.594044 0.1
0.994636 -6.48209 -0.354809 -0.162069 -0.329788 0.14
0.977341 -6.48488 -0.509543 0.0190975 -0.493057 0.04
0.964578 -6.77071 0.362198 -2.85991 0.436459 0.2
1.00768 -7.11205 0.0487385 -3.24698 0.567085 0.1
1.00304 -7.4874 -0.0432448 -4.44833 0.874089 0.1
1.00105 -7.89139 -0.0122896 -5.63947 0.986883 0.08
0.99922 -8.12835 -0.0851579 -6.20584 0.278368 0.04
0.992227 -8.52225 -0.150265 -6.88282 0.476016 0.06
0.881046 -9.88217 -0.738683 -6.6839 -0.331848 0.18
0.767088 -10.6282 -0.76713 -2.63039 -0.496389 0.16
