0.0244905 1.62427 -0.0512602 -0.0260603 0 0
-0.0377264 2.02378 -0.505331 3.71417 -0.448107 0.2
0.0406421 3.09479 1.36387 7.77816 0.99053 0.18
0.350249 4.30275 1.96685 4.72453 0.977948 0.18
0.813475 4.7195 2.77195 -0.410019 0.736996 0.2
0.867713 4.70681 2.65161 -0.856745 -0.829417 0.02
0.920676 4.68532 2.64427 -1.29027 -0.00446032 0.02
1.01443 4.23608 -0.774104 -5.0035 -0.883391 0.14
0.94948 3.89251 -1.40507 -6.46556 -0.921313 0.06
0.854355 3.47917 -1.74779 -7.21046 -0.324648 0.06
0.642848 2.72332 -2.35155 -7.30537 -0.903221 0.1
0.500631 2.32495 -2.38553 -5.91029 -0.747753 0.06
0.0737445 1.68985 -3.0498 -1.98282 -0.971388 0.16
-0.415096 1.64489 -3.94062 1.2337 -0.980954 0.14
-1.07025 2.26324 -0.0535695 9.06518 -0.553032 0.18
-0.932565 3.72613 1.27176 9.72978 0.858226 0.14
-0.675971 5.00169 1.61732 3.13399 0.921458 0.2
-0.28717 5.09409 2.28259 -1.93923 0.376494 0.2
0.204472 4.41786 3.06411 -5.21991 0.831192 0.18
0.265332 4.31044 3.02079 -5.5208 0.193498 0.02
0.841197 3.25977 3.54601 -5.13881 0.690573 0.18
0.976476 3.04458 3.22874 -5.55749 -0.94402 0.04
1.02464 2.89753 1.29299 -9.79127 0.398117 0.02
1.03807 2.67832 0.213192 -11.7065 -0.291362 0.02
1.03724 2.43996 -0.216849 -11.9315 -0.768452 0.02
1.02445 1.98485 -0.332852 -10.6488 -0.523526 0.04
0.949712 0.605353 -0.860688 -3.31773 -0.842994 0.2
0.806807 0.270652 -0.91788 -1.16041 0.087419 0.16
0.772122 0.225785 -0.815493 -1.09291 0.377298 0.04
0.482568 0.396918 -2.05129 2.64595 -0.642068 0.2
0.35357 0.578402 -2.24454 3.41342 -0.380776 0.06
-0.0248012 1.25573 -3.05339 6.06905 -0.957599 0.14
-0.0856846 1.3795 -3.03309 6.30929 -0.385759 0.02
-0.462142 2.22124 -3.21381 7.53915 -0.952521 0.12
-0.659746 2.67222 -3.40864 7.32819 -0.979124 0.06
-1.03863 4.5605 0.568106 11.9973 -0.845994 0.2
-1.02841 4.79179 0.452468 11.146 -0.481772 0.02
-1.00238 6.04786 0.0442637 7.35671 -0.220761 0.14
-0.896319 7.04078 1.10185 4.62906 0.537297 0.18
-0.671354 7.70892 2.13006 5.27887 0.794714 0.14
-0.430954 8.30969 2.71863 6.81219 0.314288 0.1
-0.152555 9.03089 2.79438 7.31119 -0.414084 0.1
0.026337 9.48348 3.12345 7.57142 0.618991 0.06
0.0896457 9.63393 3.20225 7.44987 0.7961 0.02
0.153087 9.77796 3.13924 6.94073 0.15085 0.02
0.565968 10.392 1.59841 0.391156 -0.689956 0.18
