-0.0861592 0.680969 -0.0354981 0.0382649 0 0
-0.0774856 0.689615 0.324492 0.249099 0.90034 0.06
0.0280774 0.95356 0.750847 2.41677 0.398932 0.2
0.101804 1.58651 0.273088 5.30755 -0.559547 0.16
0.112203 1.8102 0.252474 5.86627 -0.551542 0.04
0.196362 2.64385 1.16571 7.97693 0.409646 0.12
0.251423 2.97781 1.56783 8.63827 0.899093 0.04
0.39548 3.66271 1.92708 8.02936 0.948952 0.08
0.767139 4.66966 2.35841 3.07588 0.92111 0.18
1.01934 4.83919 -0.331419 -0.975551 -0.169075 0.2
0.888205 4.34377 -1.2108 -4.5199 -0.564389 0.18
0.52094 3.1006 -2.35146 -7.06275 -0.435937 0.2
0.0907286 2.1043 -2.94142 -4.68032 -0.983599 0.16
-0.278887 1.72761 -3.27206 -1.63515 -0.685908 0.12
-0.983563 1.85254 -3.75289 2.62142 -0.452288 0.2
-0.950471 2.97798 1.56507 9.15688 0.976124 0.16
-0.598697 4.45937 1.83953 4.66587 0.792498 0.2
-0.367613 4.81244 2.07217 1.29659 0.455011 0.12
-0.236354 4.84413 2.30515 -0.218114 0.538604 0.06
-0.0403981 4.75343 2.58477 -2.0013 0.514662 0.08
0.122081 4.59828 2.82217 -3.13707 0.700756 0.06
0.476564 4.11274 3.058 -4.80207 0.598751 0.12
0.941701 3.43166 3.66659 -4.39281 0.81347 0.14
1.03035 2.18474 -0.442449 -11.449 0.409605 0.12
1.0223 1.96436 -0.359558 -10.5872 -0.899857 0.02
1.00083 0.544825 -0.0124963 -4.41651 0.323292 0.2
0.876475 0.223969 -1.36122 0.445846 -0.736589 0.18
0.65856 0.432401 -2.25484 2.98006 -0.806855 0.12
0.612567 0.494979 -2.34393 3.2783 -0.529814 0.02
0.0878219 1.40312 -3.30981 6.52571 -0.944749 0.18
-0.391598 2.42053 -3.53649 7.67905 -0.985156 0.14
-0.857898 3.23373 -4.40146 5.1563 -0.992427 0.12
-1.07385 4.15121 0.728745 13.6569 -0.617759 0.1
-0.991143 5.8366 0.492919 7.73139 0.674031 0.16
-0.971322 6.59381 -0.0389242 7.5853 -0.724421 0.1
-0.992446 7.38648 -0.302926 8.28791 -0.893557 0.1
-0.993962 7.88787 0.263467 8.54993 0.365973 0.06
-0.823296 9.26629 2.09467 11.1291 0.764021 0.14
-0.630773 10.5269 0.126335 3.15232 -0.774164 0.18
