0.0700533 1.30504 0.0931519 -0.0397483 0 0
-0.0124409 1.6794 -0.930304 3.86647 -0.852679 0.18
-0.136982 2.24404 -1.1214 5.37503 -0.597377 0.12
-0.173881 2.47826 -0.719902 6.3319 0.827058 0.04
-0.192186 3.21615 0.26617 7.9961 0.972998 0.1
-0.163277 3.81274 0.405033 6.6513 0.760899 0.08
-0.155206 3.94053 0.402868 6.12503 0.676661 0.02
-0.0500749 4.61928 0.898443 1.46404 0.737149 0.18
0.0774713 4.54847 0.685079 -2.19568 -0.138164 0.16
0.128567 4.13793 0.124379 -4.62195 -0.401684 0.12
0.127533 3.93586 -0.180447 -5.47819 -0.604104 0.04
0.122593 3.82259 -0.313641 -5.84432 -0.440717 0.02
0.0856426 3.43161 -0.907233 -7.10758 -0.866567 0.06
-0.0437356 2.68536 -1.55246 -7.21883 -0.984149 0.1
-0.351849 1.77012 -1.97651 -2.80473 -0.837962 0.18
-0.669061 1.64866 -2.01512 1.11829 -0.11393 0.16
-0.894598 1.85461 -2.47851 2.90798 -0.793362 0.1
-0.990987 1.98666 -2.33656 3.68923 0.235502 0.04
-1.02583 2.49053 0.322672 7.55156 -0.150253 0.08
-1.0178 2.64481 0.477713 7.86481 0.448896 0.02
-0.948661 3.3206 1.14891 8.60205 0.927074 0.08
-0.761699 4.38861 1.21487 4.45387 0.718025 0.16
-0.615188 4.70153 1.75561 1.80657 0.993634 0.1
-0.252082 4.67489 2.77656 -1.96351 0.944429 0.16
-0.0807973 4.52285 2.92465 -3.07595 0.505398 0.06
0.232615 4.14737 3.32944 -4.30239 0.864074 0.1
0.439602 3.87917 3.5755 -4.56449 0.885002 0.06
0.708568 3.46415 3.16111 -5.68445 -0.338199 0.08
1.03987 2.71535 0.247703 -11.2263 0.439429 0.12
1.03927 2.4851 -0.221914 -11.5839 -0.962275 0.02
0.979473 0.960778 -0.566147 -5.15294 -0.996207 0.18
0.698204 0.631175 -2.30304 1.54368 -0.950037 0.2
0.16924 1.29114 -3.43108 5.44662 -0.906426 0.18
0.102059 1.40201 -3.2858 5.64644 0.598767 0.02
-0.376578 2.31306 -3.52127 7.10185 -0.878071 0.14
-1.04108 3.49003 -1.63516 10.3531 -0.663685 0.18
-1.05719 3.72762 -0.196861 12.8459 0.303025 0.02
-1.04525 4.24749 0.511859 12.5398 0.737366 0.04
-0.966225 5.86645 0.781857 5.61462 0.915003 0.18
-0.907636 6.27717 0.687744 4.78791 -0.225396 0.08
-0.881953 7.07703 -0.23729 6.68307 -0.955917 0.14
-0.856199 8.38866 0.643865 8.3263 -0.0263422 0.18
-0.67709 9.8182 1.19492 8.02956 0.214688 0.16
-0.571047 10.6283 0.278313 2.44746 -0.213828 0.16
