0.124702 -1.35835 0.0296265 -0.0880225 0 0
0.0315687 -1.67984 -1.11782 -3.47711 -0.886112 0.18
-0.265601 -2.61657 -2.26918 -6.87475 -0.478003 0.18
-0.567408 -3.46389 -2.60798 -6.53371 -0.39792 0.12
-0.988488 -4.19582 -2.16316 -1.69981 -0.106727 0.18
-1.00494 -3.79614 0.0845455 3.49613 -0.978913 0.18
-0.993515 -3.48728 0.189701 4.1099 -0.0108048 0.08
-0.870927 -2.68791 1.20289 5.0102 0.85659 0.16
-0.537339 -1.97358 2.17077 1.78947 0.988801 0.2
-0.18413 -1.91228 2.88457 -0.833211 0.857787 0.14
0.29134 -2.26769 3.03061 -3.40457 0.33511 0.16
0.404824 -2.42527 2.63905 -4.47063 -0.937972 0.04
0.761615 -2.91629 3.36541 -3.35837 0.884949 0.12
0.828116 -2.98518 3.28569 -3.52282 -0.385855 0.02
0.964267 -3.11272 3.52526 -2.83252 0.65392 0.04
1.05605 -3.74951 -0.583786 -11.0414 -0.6329 0.08
0.957454 -5.23164 -0.720942 -3.90738 -0.826528 0.2
0.849678 -5.45498 -1.46225 -0.610053 -0.848889 0.1
0.747974 -5.43797 -1.92406 1.14273 -0.833101 0.06
0.370503 -4.96402 -2.70427 4.5501 -0.688045 0.16
-0.0455801 -4.18138 -3.18008 6.37144 -0.97391 0.14
-0.770474 -3.03011 -4.35714 3.69381 -0.910938 0.2
-1.07777 -2.21144 0.785027 12.3981 -0.689359 0.12
-1.04586 -1.74613 0.711852 10.7698 0.871126 0.04
-0.91205 -0.319251 1.13718 3.77464 0.710558 0.2
-0.790137 -0.121424 1.90576 1.28405 0.966763 0.08
-0.313723 -0.14073 2.8389 -1.30992 0.503085 0.2
-0.193404 -0.209963 3.17594 -2.14916 0.940976 0.04
0.0878594 -0.450547 3.84435 -3.85403 0.980217 0.08
0.773844 -1.28759 4.59725 -6.45655 0.868891 0.16
1.04232 -1.69443 3.55441 -7.36766 0.0795537 0.06
1.02566 -2.69102 -1.45288 -11.5584 -0.929362 0.1
0.920281 -3.40037 -1.91307 -11.5985 -0.914989 0.06
0.704538 -4.5463 -1.70898 -7.36879 -0.996682 0.12
0.556089 -5.47797 0.0289309 -2.89131 0.99972 0.2
0.657986 -5.88646 1.11895 -2.04886 0.881952 0.18
0.681574 -5.92769 1.24019 -2.07808 0.836922 0.02
0.743014 -6.00511 0.81032 -0.546294 -0.667703 0.06
0.75747 -6.01062 0.635763 -0.00887041 -0.863332 0.02
