0.0517284 -2.92753 0.0864077 -0.0442258 0 0
-0.0536889 -3.23418 -1.35776 -3.35565 -0.996363 0.16
-0.396738 -3.85634 -2.37849 -2.91293 -0.924015 0.18
-0.917427 -4.10017 -2.86226 0.398241 -0.551041 0.2
-1.03151 -3.85103 0.166549 5.96399 -0.49378 0.08
-1.02653 -3.72775 0.314624 6.3259 0.404237 0.02
-1.01927 -3.59894 0.408649 6.54368 0.236109 0.02
-0.994641 -3.32097 0.811548 7.29377 0.970164 0.04
-0.95554 -3.02166 1.12195 7.57193 0.997234 0.04
-0.932 -2.87089 1.22689 7.48085 0.991519 0.02
-0.763427 -2.09706 1.56402 5.10956 0.984946 0.12
-0.457475 -1.60466 2.35312 1.05489 0.957161 0.16
0.0605194 -1.77798 3.37014 -2.72124 0.885968 0.18
0.399966 -2.13302 3.3981 -4.29987 0.328152 0.1
0.588825 -2.43228 2.88706 -5.66958 -0.696239 0.06
0.645463 -2.54877 2.77726 -5.97263 -0.279094 0.02
0.9482 -3.09041 3.34852 -4.50422 0.782229 0.1
1.03888 -4.02967 -0.486096 -11.1405 0.932147 0.1
0.942843 -5.49139 -0.943438 -3.61912 -0.992635 0.2
0.875471 -5.80304 -0.403737 -2.7739 0.777914 0.1
0.890097 -6.2686 0.612117 -3.39919 0.823774 0.16
0.933799 -6.55271 0.277964 -2.45982 -0.323369 0.1
0.923466 -6.95256 -0.363687 -2.34023 -0.467443 0.18
0.790543 -7.36478 -1.29638 -3.0634 -0.806954 0.16
0.706809 -7.5714 -1.5026 -3.83819 -0.416141 0.06
0.571242 -7.92397 -1.90782 -5.01379 -0.481853 0.08
0.262925 -9.07688 -1.0672 -5.46796 0.938572 0.2
0.15021 -9.74332 -0.266802 -2.41346 0.448278 0.16
