0.189278 0.790508 -0.00592765 0.0248587 0 0
0.175374 0.893957 -0.260363 1.99156 -0.185498 0.1
0.100659 1.3693 -0.736449 4.65999 -0.525856 0.14
0.120046 2.47782 1.09038 8.07936 0.85906 0.18
0.359481 3.71341 1.99387 8.21056 0.886205 0.14
0.541761 4.36406 1.71324 4.88124 0.385698 0.1
0.611505 4.5363 1.78329 3.73719 0.639023 0.04
0.920384 4.77343 1.70585 -0.867603 0.00402955 0.18
0.953136 4.75191 1.56893 -1.28305 -0.962891 0.02
1.01647 4.58077 -0.0738969 -3.00624 0.0238032 0.08
0.899018 3.59883 -1.17531 -6.63045 -0.379652 0.2
0.873636 3.46244 -1.36064 -6.99568 -0.832593 0.02
0.658873 2.58363 -2.05015 -6.8459 -0.941236 0.12
0.245082 1.7473 -2.24486 -1.60173 -0.566167 0.2
-0.033768 1.72617 -2.40687 1.16087 -0.273531 0.12
-0.083058 1.75313 -2.52166 1.53225 -0.91906 0.02
-0.348086 1.99481 -2.76203 3.21758 -0.524682 0.1
-0.833032 2.61452 -3.32466 4.08484 -0.736278 0.16
-1.04312 3.74762 0.57839 11.6742 -0.214094 0.14
-0.986958 5.10728 0.406426 5.5719 0.897281 0.16
-0.95327 5.37962 0.743831 3.5079 0.81657 0.06
-0.925728 5.50499 0.635975 2.78128 -0.449479 0.04
-0.617465 5.41104 2.39206 -3.30574 0.970657 0.2
-0.0467943 4.38156 3.12641 -6.59755 0.867375 0.2
0.0151788 4.24694 3.07012 -6.86237 0.316078 0.02
0.637228 3.09268 4.12648 -4.59779 0.999213 0.18
0.995696 2.8227 4.83365 -2.14082 0.840945 0.08
1.06006 2.033 -0.721798 -11.5206 -0.00552481 0.08
1.00501 1.08184 -0.465915 -7.65788 -0.756009 0.1
0.815571 0.287892 -1.81495 -1.37135 -0.898441 0.18
0.735509 0.256541 -2.18656 -0.215869 -0.944509 0.04
0.69 0.257533 -2.36394 0.311255 -0.918609 0.02
0.129437 0.697365 -3.79714 4.40706 -0.920656 0.18
-0.349568 1.33368 -4.11661 6.1465 -0.658527 0.12
-0.516222 1.59054 -4.20816 6.68358 -0.948402 0.04
-1.04843 2.71111 -0.949015 13.8022 -0.544496 0.14
-1.04948 3.3316 0.438426 16.096 -0.108294 0.04
-1.00677 5.18804 0.0983926 10.3065 -0.851637 0.14
-1.00102 6.5076 0.00856806 7.00282 -0.976678 0.16
-0.965186 7.13065 0.693761 5.81023 0.546239 0.1
-0.834019 7.85358 1.5245 6.52961 0.531518 0.12
-0.428623 9.28524 2.91417 9.05097 0.397303 0.18
-0.370649 9.46298 2.87509 8.69162 -0.0449711 0.02
-0.312255 9.63566 2.95701 8.54594 0.85893 0.02
0.157471 10.6606 2.38278 2.9516 0.172037 0.18
0.584342 10.8304 2.98563 -0.713968 0.665548 0.16
