-0.0828374 -2.67933 0.0501105 0.0137902 0 0
-0.0430898 -2.65798 0.741313 0.385323 0.945544 0.1
0.0265438 -2.77401 0.263401 -1.88623 -0.263582 0.14
0.0302433 -2.86823 -0.0771113 -2.80196 -0.873894 0.04
0.0204328 -3.04883 -0.242457 -3.15555 -0.287384 0.06
0.115325 -3.26045 1.17803 0.938046 0.722734 0.2
0.139534 -3.23996 1.2425 1.10785 0.348138 0.02
0.35166 -2.97424 2.26059 3.05206 0.999352 0.12
0.552357 -2.71942 2.73962 3.18612 0.901726 0.08
1.05422 -2.38581 0.0874885 -4.07154 0.971011 0.18
0.946317 -3.21169 -1.2503 -6.62481 -0.705224 0.14
0.60827 -4.31283 -2.07439 -3.54858 -0.990519 0.2
0.523654 -4.43442 -2.16223 -2.5362 -0.587453 0.04
0.0830663 -4.51275 -2.75198 1.48694 -0.57503 0.18
-0.0844736 -4.3894 -2.82666 2.5996 -0.336372 0.06
-0.597432 -3.84455 -3.58712 3.82387 -0.904725 0.16
-1.05131 -3.13881 -0.213795 11.9206 -0.702591 0.14
-1.04921 -2.88965 0.321893 12.7249 0.63753 0.02
-1.04085 -2.63648 0.467625 12.4672 0.979664 0.02
-0.984199 -0.916731 0.445438 4.92029 0.864589 0.2
-0.808302 -0.485804 1.36138 -0.244631 0.428418 0.2
-0.779217 -0.496662 1.54661 -0.837126 0.958878 0.02
-0.369634 -1.05789 2.88269 -5.07815 0.941883 0.18
-0.311997 -1.16191 2.87941 -5.32456 0.280053 0.02
0.250845 -2.33737 3.29472 -7.31579 0.948399 0.18
0.840245 -3.34909 4.31092 -4.25564 0.863718 0.16
1.0442 -4.37393 -0.551268 -11.0747 -0.250978 0.12
0.97616 -5.54548 -0.695546 -5.77466 -0.918995 0.14
0.786436 -6.16958 -1.44423 -1.6277 -0.389957 0.18
0.735304 -6.24638 -1.11175 -2.21998 0.956664 0.04
0.536366 -6.53183 -1.34955 -1.61099 -0.165027 0.16
0.397305 -7.23254 -0.150208 -5.27326 0.740522 0.2
0.413519 -8.5616 0.169316 -7.6705 0.820974 0.2
0.414428 -8.71992 -0.07874 -8.16211 -0.87098 0.02
0.391236 -9.39797 -0.409031 -8.41878 -0.188954 0.08
0.382073 -9.56582 -0.500276 -8.33726 -0.774625 0.02
0.316222 -10.6954 -0.25561 -2.8418 -0.372352 0.2
