0.126822 1.1136 -0.0474933 -0.063507 0 0
0.192444 1.35427 0.808356 2.71426 0.734025 0.18
0.31975 1.80213 1.35964 4.78183 0.462536 0.12
0.77895 3.17234 3.16548 8.34538 0.784541 0.2
0.971751 3.64801 3.22062 7.32532 0.638846 0.06
0.921465 3.46635 -1.4078 -4.0327 -0.88698 0.2
0.656791 2.79197 -2.27274 -4.96337 -0.814858 0.14
0.150178 2.10407 -2.82424 -1.64819 -0.701132 0.2
-0.0261801 2.03776 -3.0578 -0.570633 -0.729402 0.06
-0.673785 2.15909 -4.13353 1.72169 -0.990967 0.18
-0.916415 2.2978 -3.94975 2.87771 0.163591 0.06
-1.05682 2.8696 0.460672 11.3104 0.364672 0.08
-1.03124 3.32617 0.751839 11.294 0.962671 0.04
-0.907538 4.83997 0.771474 5.33634 0.984157 0.18
-0.842523 5.16873 0.893551 2.9229 0.337634 0.08
-0.706267 5.31834 1.39332 -0.331335 0.426439 0.12
-0.613391 5.25358 1.69653 -1.79739 0.558169 0.06
-0.498962 5.10102 2.10493 -3.24466 0.918913 0.06
-0.456426 5.03248 2.14735 -3.60742 0.393775 0.02
-0.108336 4.35682 2.75094 -5.79719 0.972685 0.14
0.241787 3.6221 3.13999 -6.03796 0.902277 0.12
0.752262 2.97209 4.24561 -2.77428 0.893126 0.14
1.06728 2.29544 -0.623371 -11.2708 0.993123 0.12
0.966509 0.964836 -0.822166 -5.36362 -0.975289 0.16
0.788429 0.541755 -1.78437 -0.813411 -0.750277 0.14
0.586571 0.568815 -2.24495 1.28842 -0.418234 0.1
0.198787 0.989819 -3.22436 4.53809 -0.882655 0.14
-0.00108277 1.29227 -3.41972 5.51771 -0.738497 0.06
-0.720293 2.62745 -3.77215 7.13681 -0.85579 0.2
-0.957646 3.02644 -4.18121 5.97985 -0.947672 0.06
-1.02852 4.80753 0.470537 12.49 0.852562 0.14
-1.00115 6.75541 0.0160113 8.28261 -0.863597 0.2
-0.985926 8.12367 0.306984 9.13732 -0.652125 0.16
-0.869656 9.95598 0.205414 6.87587 -0.321964 0.2
-0.914907 10.5509 -0.736838 1.94425 -0.433182 0.14
