0.162613 1.77405 0.00624025 -0.0547503 0 0
0.0473322 2.10575 -1.12284 3.0024 -0.927722 0.2
-0.00719517 3.03653 0.516124 6.93076 0.863643 0.18
0.0912988 3.84398 1.01046 5.90424 0.891044 0.12
0.268599 4.47142 1.08091 1.21014 0.409678 0.18
0.369194 4.27694 0.00258591 -3.22293 -0.718366 0.18
0.311102 3.72198 -1.01094 -5.99957 -0.766764 0.12
0.233719 3.32664 -1.54935 -7.06495 -0.825373 0.06
0.167564 3.04168 -1.73952 -7.09483 -0.653867 0.04
-0.112647 2.16452 -2.19961 -4.9023 -0.942891 0.14
-0.488908 1.73692 -2.0847 -0.0900819 -0.152574 0.18
-0.78171 1.86453 -2.7831 2.10396 -0.934645 0.12
-1.03401 2.19393 -0.67599 6.33442 -0.288134 0.1
-1.03478 2.49198 0.333852 8.11202 0.621007 0.04
-1.0114 2.83552 0.821968 9.00962 0.972209 0.04
-0.818536 4.18552 1.31392 6.56877 0.939019 0.16
-0.536674 4.88907 1.99468 1.31862 0.845046 0.18
-0.454172 4.92093 2.13181 0.284274 0.447457 0.04
-0.370163 4.91463 2.0682 -0.58979 -0.272384 0.04
0.169739 4.37085 3.22791 -4.38389 0.973442 0.2
0.820318 3.50425 4.09135 -4.44637 0.942801 0.18
1.01254 1.47436 -0.21402 -9.85509 -0.289028 0.2
0.933432 0.194727 -0.963716 -3.21144 -0.693196 0.2
0.888154 0.0887428 -1.29827 -2.11854 -0.827277 0.04
0.634777 -0.0127289 -2.29982 0.467558 -0.772174 0.14
0.262791 0.162848 -3.01465 2.07326 -0.592238 0.14
0.13534 0.26242 -3.35642 2.9052 -0.976676 0.04
-0.675823 1.22486 -4.56659 6.48067 -0.952373 0.2
-0.767269 1.35689 -4.57591 6.7224 -0.678773 0.02
-0.859089 1.49387 -4.604 6.97281 -0.901864 0.02
-0.95109 1.63571 -4.59436 7.21035 -0.714171 0.02
-1.02426 2.90781 1.44843 12.8864 0.967427 0.12
-0.788867 4.64134 1.26274 7.8128 0.949915 0.16
-0.700982 5.54304 -0.00244565 4.11438 -0.797863 0.16
-0.753547 6.14099 -0.535846 2.4476 -0.430008 0.2
-0.779421 6.24413 -0.759135 2.72648 -0.6953 0.04
-0.946297 6.77973 -1.10686 3.55483 -0.253422 0.18
-0.988725 7.29244 0.526193 2.80666 0.913677 0.18
-0.858442 7.90576 1.16946 4.97805 0.422649 0.16
-0.671261 8.97295 0.871391 6.23069 -0.662758 0.18
-0.653332 9.09848 0.918782 6.30802 0.0776342 0.02
-0.54048 9.73865 1.25007 6.04972 0.519107 0.1
-0.461229 10.1837 0.130428 1.56349 -0.764294 0.12
