0.0482718 -1.02492 -0.0709971 0.0934805 0 0
-0.0627332 -1.27646 -1.06901 -2.60919 -0.779596 0.2
-0.0827671 -1.33313 -0.935829 -3.0529 0.97101 0.02
-0.312116 -2.27731 -1.4869 -6.31928 -0.052242 0.2
-0.623114 -3.35997 -2.77503 -8.31064 -0.917896 0.14
-1.00846 -4.26216 -1.3757 -1.76895 0.282025 0.18
-0.905863 -3.83904 1.47386 4.81986 0.924252 0.2
-0.507594 -2.69194 2.26802 5.26995 0.511967 0.2
-0.258942 -2.22948 2.70066 3.82028 0.998212 0.1
-0.0342426 -1.99289 2.93312 2.09539 0.715519 0.08
0.413404 -1.90155 3.47625 -0.707028 0.701213 0.14
1.07312 -2.32303 0.818224 -7.99493 0.872038 0.18
1.06578 -2.71339 -0.669777 -10.6137 0.373478 0.04
0.962996 -3.77725 -1.10215 -9.64744 -0.904892 0.1
0.811417 -4.79843 -1.22509 -4.98932 -0.996034 0.14
0.764537 -4.97423 -1.12935 -3.82062 0.124528 0.04
0.526552 -5.20953 -1.88967 0.726668 -0.573439 0.16
0.257792 -4.94725 -2.54786 3.49997 -0.751142 0.12
-0.206405 -4.17885 -3.17921 5.76894 -0.938388 0.16
-0.544805 -3.59619 -3.64059 5.55932 -0.996566 0.1
-1.02276 -2.79241 -1.44111 9.47613 0.0988818 0.14
-1.03832 -2.34635 0.188447 11.6379 -0.736173 0.04
-1.01914 -1.70361 0.295339 9.55831 0.858902 0.06
-1.00033 -0.505781 0.0379551 4.37316 -0.0458268 0.18
-0.951347 -0.238387 0.946343 1.11705 0.902849 0.1
-0.853306 -0.220011 1.49905 -0.602765 0.694232 0.08
-0.567497 -0.516214 2.55739 -3.56762 0.838902 0.14
-0.103303 -1.29266 3.13232 -6.03951 0.675548 0.16
0.525198 -2.72094 3.17901 -7.59136 0.695803 0.2
1.06889 -4.18229 -0.687491 -11.8065 0.783137 0.2
0.923773 -5.77735 -1.19388 -4.23881 -0.93187 0.2
0.746313 -6.11174 -1.76307 -1.54701 -0.427147 0.12
0.483148 -6.14438 -2.61013 0.881251 -0.739484 0.12
0.0747442 -6.16559 -1.48754 -0.982235 0.647678 0.2
-0.193076 -6.21539 -1.84869 0.250352 -0.227531 0.16
-0.445333 -6.3312 -0.957041 -1.52746 0.550482 0.18
-0.503499 -6.95453 0.323535 -4.77296 0.751251 0.2
-0.43097 -7.87718 0.465736 -6.76266 0.488651 0.16
-0.402239 -8.61788 0.0936418 -8.01815 0.261792 0.1
-0.423878 -9.31255 -0.561912 -9.06035 -0.540085 0.08
-0.436477 -9.4943 -0.689328 -9.07934 -0.876909 0.02
-0.544085 -10.7674 -0.467465 -3.42671 -0.45438 0.2
