0.159571 -1.71731 0.0340651 0.054623 0 0
0.163329 -2.04774 -0.0427103 -3.53144 0.0716162 0.18
0.0942621 -2.83917 -0.818705 -6.02816 -0.319233 0.16
0.0761856 -2.96288 -0.986291 -6.3275 -0.86145 0.02
-0.159073 -3.97123 -1.78263 -5.26794 -0.971753 0.16
-0.233004 -4.16477 -1.91819 -4.39812 -0.968938 0.04
-0.60351 -4.54558 -2.28141 0.0199059 -0.497166 0.18
-1.0084 -4.29234 -2.27248 3.41523 -0.55419 0.16
-0.998967 -3.4888 0.845787 8.06758 0.552807 0.12
-0.97999 -3.32406 1.04664 8.38378 0.965598 0.02
-0.957516 -3.1549 1.19377 8.50287 0.877344 0.02
-0.876481 -2.65385 1.45258 7.95693 0.993339 0.06
-0.542579 -1.5812 2.06425 2.6198 0.968673 0.2
-0.0788462 -1.56278 2.57634 -2.17739 0.389977 0.2
0.502509 -2.31811 3.16879 -4.90568 0.699209 0.2
0.918675 -2.87927 3.8351 -4.03684 0.899434 0.12
1.05777 -3.5735 -0.457898 -13.0478 0.144673 0.08
1.00822 -4.88354 -0.234119 -8.51021 -0.93617 0.12
0.951754 -5.81929 -0.706311 -3.33162 -0.567647 0.16
0.885853 -6.09744 -0.605697 -2.37662 0.231779 0.1
0.834403 -6.32519 -0.414075 -2.29178 0.275882 0.1
0.830072 -6.69859 0.333237 -4.00205 0.723229 0.12
0.840039 -6.85481 0.167321 -3.84166 -0.433621 0.04
0.849374 -7.01929 0.295182 -4.38387 0.452976 0.04
0.932867 -7.79643 0.789729 -6.57777 0.812303 0.14
0.984909 -9.02661 -0.134342 -8.65445 -0.0563406 0.16
0.959674 -10.1228 -0.0117781 -6.07201 -0.224013 0.14
1.00777 -10.5245 0.345493 -2.83088 0.931303 0.1
