-0.156428 1.96576 0.0776352 0.0183235 0 0
-0.0431636 2.31306 1.39273 4.25373 0.920346 0.16
0.36699 3.4273 2.98983 7.06475 0.975638 0.18
0.743566 4.08757 1.8261 1.49342 -0.47615 0.16
1.03119 3.88381 -0.310643 -5.05304 0.408562 0.2
0.97504 3.40589 -1.08183 -6.77482 -0.870066 0.08
0.895379 2.97994 -1.53175 -7.22257 -0.941783 0.06
0.725392 2.32042 -1.82254 -5.65487 -0.913716 0.1
0.337321 1.68732 -2.60103 -1.34395 -0.942894 0.18
0.0503201 1.66814 -3.1412 0.903455 -0.838622 0.1
-0.668318 2.18961 -3.98833 3.88866 -0.801952 0.2
-1.04042 3.69239 0.583261 12.7919 -0.712317 0.18
-1.00736 4.75242 0.134883 8.55118 0.50155 0.1
-0.970471 5.82599 0.492951 2.55837 0.366409 0.2
-0.866893 6.08111 0.638365 0.578096 -0.019788 0.18
-0.863749 6.36498 -0.613505 2.70478 -0.822078 0.18
-0.886624 6.49307 -0.156699 1.63341 0.817597 0.06
-0.887846 6.57788 0.111788 1.2313 0.537944 0.06
-0.878539 6.62044 0.351784 0.911641 0.744825 0.04
-0.900764 6.91468 -0.687504 3.89072 -0.963441 0.12
-0.915247 6.99545 -0.759662 4.18597 -0.503933 0.02
-1.00827 7.7819 -0.0177893 5.66469 0.00741195 0.16
-0.972615 8.85812 0.447 7.57469 -0.243011 0.16
-0.954644 9.15979 0.432114 7.42427 -0.331813 0.04
-0.935905 9.45362 0.484579 7.1775 0.190383 0.04
-0.925472 9.59624 0.554143 7.06318 0.662334 0.02
-0.964775 10.318 -0.820901 0.513172 -0.499181 0.2
