0.0851682 2.24737 0.0380021 0.0195269 0 0
0.185481 2.59236 1.24498 4.12156 0.764649 0.16
0.309976 2.98262 1.85022 5.48555 0.750364 0.08
0.34846 3.09459 1.99551 5.69583 0.859667 0.02
0.525112 3.55249 2.37658 5.50067 0.823688 0.08
0.95715 4.15143 2.0378 0.63428 0.12435 0.2
0.961199 3.54009 -1.10014 -5.92532 -0.79308 0.18
0.877738 3.15175 -1.65422 -6.8687 -0.990961 0.06
0.843374 3.01372 -1.77767 -6.91164 -0.909563 0.02
0.728058 2.60994 -2.03654 -6.38723 -0.966451 0.06
0.362102 1.85387 -2.60295 -2.88659 -0.961235 0.16
-0.0420332 1.68526 -3.19876 0.395217 -0.728165 0.14
-0.785109 2.11871 -4.17958 3.53866 -0.87179 0.2
-1.08292 2.74247 0.371784 12.5406 -0.729808 0.1
-1.07078 3.00117 0.762419 13.134 0.975119 0.02
-0.934956 5.00554 0.620367 6.28772 0.994427 0.2
-0.916463 5.69043 -0.29016 3.91623 -0.780566 0.14
-0.966478 6.0798 -0.54798 2.80158 -0.373886 0.12
-0.98808 6.18455 -0.533776 2.45964 -0.0634783 0.04
-1.00526 6.34464 0.0753046 0.758425 -0.241737 0.12
-1.00235 6.35657 0.215264 0.438393 0.768776 0.02
-0.978087 6.3795 0.389188 0.153049 0.26207 0.08
-0.969836 6.38187 0.435816 0.0848751 0.288145 0.02
-1.00834 6.69999 -0.201087 2.02908 -0.837194 0.18
-1.00069 7.17664 0.0128676 3.48778 -0.0673924 0.2
-0.985272 7.57636 0.316774 4.5691 0.299212 0.1
-0.96725 7.76858 0.589169 5.06038 0.678003 0.04
-0.882549 8.61095 0.660665 6.80351 -0.456189 0.14
-0.858939 8.88154 0.50686 6.66024 -0.921732 0.04
-0.847175 9.01818 0.667622 6.99268 0.628225 0.02
-0.820899 9.29362 0.628746 6.69995 -0.212162 0.04
-0.807524 9.42774 0.704677 6.69188 0.515153 0.02
-0.752115 10.1167 0.0802416 2.9915 -0.174078 0.14
