0.0768388 0.363247 0.060815 0.0240992 0 0
-0.0260375 0.734732 -1.14368 3.93113 -0.728174 0.18
-0.109223 1.07068 -0.926936 4.52888 0.24037 0.08
-0.302295 1.99819 -1.37731 6.81117 -0.873981 0.16
-0.351453 2.28474 -1.07743 7.51706 0.29092 0.04
-0.385435 2.60385 -0.624337 8.42215 0.765884 0.04
-0.405053 3.13764 -0.0887263 9.13545 0.811287 0.06
-0.600338 4.07922 -1.9589 1.71202 -0.835797 0.18
-0.87802 4.11203 -1.99733 -1.13025 0.113702 0.14
-0.918088 4.08582 -2.00975 -1.48814 0.0625561 0.02
-0.994822 3.96331 0.42134 -1.04568 0.372411 0.2
-1.00878 3.45123 0.0794107 -2.97113 -0.852651 0.18
-0.995616 3.04772 0.126755 -2.54405 0.000567713 0.14
-0.867919 2.91199 1.12831 1.03022 0.463797 0.2
-0.559432 3.31203 1.89664 2.43798 0.462866 0.2
-0.184406 3.71997 2.7489 2.28498 0.831269 0.16
-0.0172441 3.83102 2.82539 1.41226 0.411854 0.06
0.611962 3.88681 3.47666 -0.758102 0.618534 0.2
1.02605 2.97848 -0.301518 -9.48187 -0.594395 0.2
1.00095 2.29265 -0.281065 -7.43241 -0.781277 0.08
0.991932 2.02269 -0.181612 -6.08116 -0.474461 0.04
0.883071 1.38475 -1.08444 -0.390635 -0.852792 0.2
0.66569 1.56933 -1.9873 2.84115 -0.931586 0.14
0.625224 1.62983 -2.05817 3.20583 -0.670093 0.02
0.202998 2.42406 -2.60345 5.14755 -0.758281 0.18
-0.435693 3.22411 -3.93934 1.97572 -0.847807 0.2
-1.08065 3.63096 0.29981 10.187 -0.486326 0.18
-1.06977 3.8388 0.692436 10.3752 0.0479414 0.02
-0.964444 5.04968 0.781569 4.78077 0.85273 0.16
-0.786533 5.38773 1.82711 0.123156 0.923493 0.14
-0.391413 5.05019 3.02993 -4.03434 0.970846 0.16
-0.330075 4.96586 3.10203 -4.39545 0.718788 0.02
-0.0722946 4.56213 3.31568 -5.64012 0.771604 0.08
0.124494 4.19908 3.23516 -6.43838 0.407822 0.06
0.188517 4.0676 3.16696 -6.70566 0.181787 0.02
0.910803 2.91317 4.35069 -3.41439 0.832692 0.2
1.07525 2.51962 0.014307 -11.7841 0.167719 0.06
0.976249 0.817892 -0.72676 -6.11543 -0.958869 0.18
0.688937 0.245094 -2.2073 -0.0650306 -0.772569 0.2
0.598725 0.251411 -2.30267 0.375623 -0.207318 0.04
0.193298 0.53851 -3.45724 3.63057 -0.921456 0.14
-0.609784 1.63103 -4.3505 6.95963 -0.939991 0.2
-0.782837 1.919 -4.29755 7.43261 -0.631045 0.04
-1.06436 3.26441 0.657671 16.4997 -0.403557 0.12
-1.03819 3.89734 0.568491 14.9099 -0.986948 0.04
-0.990807 5.87183 0.409336 7.47974 0.944261 0.18
-0.940218 7.09282 0.257093 6.69278 -0.30208 0.18
-0.90935 7.80035 0.408233 7.53811 -0.399768 0.1
-0.773132 8.82366 1.90776 9.8089 0.761731 0.12
-0.73256 9.02394 2.14358 10.2 0.754594 0.02
-0.687307 9.23147 2.37216 10.5192 0.977392 0.02
-0.640686 9.43711 2.27783 10.002 -0.412907 0.02
-0.594796 9.63434 2.30125 9.6844 0.581209 0.02
-0.397909 10.5039 0.655342 3.22372 -0.835322 0.14
