-0.152736 0.743105 0.0316715 0.0851848 0 0
-0.223906 1.06919 -0.855494 3.77504 -0.638113 0.16
-0.242986 1.92143 0.741637 6.14824 0.948819 0.18
-0.162382 2.46866 1.28177 7.50865 0.287029 0.08
-0.0766052 2.93546 1.5401 7.88689 0.179725 0.06
0.192103 4.00099 2.10673 6.3711 0.973386 0.14
0.576128 4.67978 2.31515 1.33564 0.522504 0.18
1.0065 4.48486 1.62426 -3.24686 -0.187369 0.2
0.932181 3.41102 -1.28008 -7.70416 -0.639242 0.18
0.734025 2.48157 -1.84383 -6.95608 -0.924323 0.12
0.325885 1.61652 -2.41181 -1.69563 -0.825219 0.2
0.225928 1.56895 -2.58844 -0.69049 -0.686869 0.04
-0.401908 1.86476 -3.6334 3.29792 -0.850139 0.2
-1.06914 2.69865 -0.83154 11.2321 -0.81607 0.18
-1.06282 3.22547 0.636029 13.8877 0.699021 0.04
-1.04954 3.49926 0.656744 13.39 -0.981832 0.02
-0.989949 5.34811 0.35526 5.48143 0.860857 0.2
-0.970459 6.1286 -0.128728 2.98832 -0.36822 0.2
-1.0101 6.50302 0.0185809 2.16058 -0.839004 0.12
-0.983541 6.7899 0.326011 2.17102 0.277669 0.14
-1.00769 7.48994 -0.0968868 5.05351 -0.684355 0.18
-1.00159 8.31689 0.0287764 6.75555 -0.736863 0.14
-0.921832 9.55341 0.749015 7.71467 0.225313 0.16
-0.907895 9.70196 0.641439 7.12677 -0.177437 0.02
-0.918545 10.2322 -0.740509 1.98262 -0.978975 0.12
