-0.0501416 -2.97062 0.0386826 -0.0983408 0 0
-0.0514395 -2.99977 -0.0685091 -0.60451 -0.0999886 0.08
-0.240752 -3.48876 -1.72358 -3.47644 -0.998249 0.2
-0.313937 -3.62555 -1.93216 -3.33292 -0.881867 0.04
-0.673971 -4.01999 -2.57327 -1.43522 -0.783065 0.16
-0.96426 -4.02648 -2.27229 1.23043 0.127049 0.12
-1.03253 -3.70378 0.302124 6.28 -0.920066 0.08
-0.99591 -3.2893 0.895635 7.4093 0.930301 0.06
-0.976888 -3.14045 1.00133 7.45222 0.676885 0.02
-0.695546 -1.90324 1.74074 3.99174 0.995514 0.2
-0.349622 -1.58787 2.64524 0.00833124 0.950144 0.16
0.275642 -1.98796 3.54174 -3.64093 0.781091 0.2
0.415988 -2.14672 3.47229 -4.28602 0.101709 0.04
1.03565 -2.83376 3.53681 -5.5468 0.94076 0.16
1.07801 -3.27646 -0.321536 -13.9403 -0.403901 0.04
1.02041 -4.56721 -0.355515 -10.7731 -0.636457 0.1
1.00058 -5.73041 -0.0861947 -6.24342 -0.205526 0.14
1.00096 -6.57207 -0.00819061 -4.63607 0.251837 0.16
0.871901 -7.23124 -1.36306 -3.43008 -0.885906 0.18
0.635795 -8.24033 -1.16061 -6.47623 0.458858 0.2
0.519764 -9.03646 -0.684222 -6.27921 0.972179 0.12
0.281294 -10.2463 -1.69153 -5.69902 -0.971228 0.18
0.246986 -10.3557 -1.74036 -5.23644 -0.921069 0.02
0.0730978 -10.7408 -1.78346 -2.51528 -0.445598 0.1
