-0.186527 -3.12551 0.0425944 0.0750399 0 0
-0.21893 -3.2021 -0.57047 -1.24274 -0.573288 0.12
-0.314376 -3.39053 -1.31881 -2.36748 -0.926256 0.1
-0.563697 -3.74427 -2.20846 -2.38162 -0.962552 0.14
-1.02542 -3.99436 -1.19698 2.35573 -0.873944 0.18
-1.01246 -3.40166 0.2131 5.18819 -0.536056 0.12
-1.00726 -3.29639 0.304682 5.32664 0.475947 0.02
-0.957648 -2.83928 0.886565 5.8251 0.993865 0.08
-0.802163 -2.16308 1.32796 3.54337 0.838653 0.14
-0.427924 -1.84915 2.46923 -0.362241 0.988032 0.2
-0.101854 -2.01849 2.95278 -2.34757 0.716045 0.12
0.412774 -2.52326 3.48548 -3.61146 0.685768 0.16
0.713191 -2.78747 4.04371 -2.87007 0.9911 0.08
0.794349 -2.84485 4.0728 -2.8615 0.281666 0.02
1.05344 -3.92302 -0.715604 -12.2139 0.213095 0.14
0.964546 -5.45882 -0.724626 -5.14589 -0.967129 0.18
0.942169 -6.20901 0.446918 -4.81016 0.927043 0.16
0.950405 -6.30181 0.376887 -4.47883 -0.2637 0.02
0.983746 -6.72338 0.297657 -4.14114 -0.00307653 0.1
0.999625 -7.64055 -0.109331 -5.49183 0.169223 0.2
0.913504 -8.40068 -1.39247 -7.46139 -0.921529 0.12
0.80209 -9.01181 -1.34061 -7.56954 0.640618 0.08
0.775829 -9.1612 -1.28009 -7.34619 0.538557 0.02
0.577498 -10.226 -0.620224 -2.69162 0.0797485 0.2
