0.112577 2.70445 -0.0822638 -0.0868897 0 0
0.0823393 2.67966 -0.670552 -0.50752 -0.987816 0.08
0.0920291 2.99752 0.751975 3.62312 0.802533 0.18
0.271496 3.60247 1.7219 4.41844 0.966352 0.14
0.69002 4.20036 2.49619 1.32433 0.818175 0.2
1.03145 3.97799 -0.0754188 -5.34886 -0.251496 0.18
0.975648 3.33338 -0.980599 -7.27437 -0.737179 0.1
0.873724 2.73515 -1.48377 -7.29016 -0.993764 0.08
0.521439 1.71808 -2.15412 -2.60251 -0.961299 0.2
0.384093 1.60794 -2.43249 -1.0808 -0.771541 0.06
0.336144 1.59136 -2.36293 -0.58087 0.452776 0.02
0.238261 1.58705 -2.53134 0.355692 -0.634459 0.04
-0.160668 1.83715 -3.13531 3.04774 -0.730279 0.14
-0.622364 2.38968 -3.44677 4.58735 -0.618918 0.14
-1.0423 3.92419 0.558199 12.2238 -0.157575 0.2
-0.987386 5.3588 0.443903 5.96197 0.931569 0.16
-1.00483 6.1136 -0.528447 4.98101 -0.973113 0.14
-0.980116 6.7233 0.297829 2.7795 0.144448 0.2
-0.853439 7.12089 1.25835 2.53687 0.792493 0.16
-0.741756 7.46348 1.00729 4.27087 -0.359419 0.1
-0.595834 8.20657 1.15412 6.31611 -0.239081 0.14
-0.349524 9.47514 1.36096 6.66076 -0.18571 0.18
-0.201515 10.0866 1.54964 5.25942 0.653342 0.1
-0.126685 10.3288 0.968622 2.89189 -0.796864 0.06
