-0.0459845 1.08493 -0.0249542 -0.0435406 0 0
-0.0618937 1.40207 -0.092814 3.42248 -0.00678494 0.18
-0.09979 2.04203 -0.388342 5.53416 -0.62911 0.14
-0.112372 2.40597 -0.0254761 6.57808 0.285365 0.06
-0.110658 2.54242 0.19697 7.06258 0.892716 0.02
-0.104803 2.68767 0.386795 7.45265 0.727293 0.02
-0.0651631 3.16151 0.88826 8.13661 0.853097 0.06
-0.00391691 3.63723 1.10708 7.50833 0.908401 0.06
0.232846 4.60576 1.42926 2.17144 0.710374 0.2
0.403922 4.69871 2.00345 -0.267446 0.873245 0.1
0.883264 4.25109 2.71909 -3.85171 0.661608 0.2
0.995899 4.09039 2.91276 -4.15646 0.981248 0.04
1.04732 3.81875 0.0332133 -8.91221 0.240094 0.04
0.961169 2.62724 -1.01574 -9.47874 -0.967376 0.12
0.759762 1.37744 -1.28044 -3.10732 -0.849608 0.2
0.513947 1.23466 -2.2555 0.958321 -0.919822 0.14
0.0234701 1.76019 -3.09378 4.54665 -0.790269 0.18
-0.663102 2.81175 -3.87384 4.98729 -0.876133 0.2
-0.909435 3.07503 -4.35425 3.70036 -0.935881 0.06
-1.01572 4.95226 0.273547 9.65605 0.0043774 0.18
-0.927575 6.02779 1.13278 3.82669 0.902527 0.16
-0.791688 6.31485 1.57305 2.09504 0.407572 0.1
-0.509528 6.69855 1.54059 2.45693 0.00229126 0.18
-0.320384 6.90788 2.22684 1.8757 0.894906 0.1
-0.0360445 7.62348 1.08793 5.71445 -0.908504 0.18
0.3838 9.0881 3.21473 9.33221 0.801438 0.2
0.582971 9.64157 3.34589 8.81544 0.397008 0.06
0.708797 9.9594 2.94185 7.06011 -0.483532 0.04
1.01503 10.4837 -0.241732 -1.60881 -0.767969 0.2
