-0.0724762 1.87076 -0.0282648 -0.093158 0 0
-0.0716926 1.87429 0.106595 0.443974 0.847729 0.02
0.0828069 2.37643 1.70081 5.11987 0.985986 0.18
0.155678 2.59509 1.94173 5.78937 0.420919 0.04
0.442269 3.40348 2.01975 5.05654 0.107535 0.14
0.642777 3.82216 1.98854 3.22068 0.325204 0.1
0.831451 4.02565 1.80491 0.900722 0.0393276 0.1
1.02072 3.95997 0.390646 -3.37227 -0.00455208 0.12
1.01462 3.69084 -0.388567 -5.214 -0.728411 0.06
0.77916 2.42991 -1.65668 -5.70057 -0.928532 0.2
0.745689 2.3203 -1.69105 -5.25717 -0.802541 0.02
0.345802 1.73827 -2.42299 -0.595359 -0.800178 0.2
0.0305002 1.81977 -2.82353 1.8576 -0.572912 0.12
-0.147152 1.95953 -3.09326 2.76552 -0.818209 0.06
-0.615445 2.44733 -3.59795 3.91864 -0.755633 0.14
-0.837946 2.68227 -3.82877 3.83587 -0.692107 0.06
-1.01992 4.38193 0.325395 10.1702 -0.562218 0.18
-0.97978 5.53408 0.493588 4.41533 0.72204 0.16
-0.995679 6.19956 -0.70899 4.43442 -0.968894 0.16
-1.0061 6.47696 0.0778379 2.27861 -0.887574 0.1
-1.00115 6.78023 0.0130646 2.86823 -0.66188 0.12
-0.9175 7.40578 0.829257 3.80427 0.524256 0.2
-0.76473 7.93934 1.75518 5.2634 0.860634 0.12
-0.728086 8.04796 1.91097 5.60264 0.669906 0.02
-0.55903 8.54817 2.33322 6.90073 0.164828 0.08
-0.208791 9.59692 1.81094 5.11929 -0.502328 0.16
0.140708 10.2607 1.70923 1.34716 0.248701 0.2
