-0.0307891 -2.79119 0.0193323 -0.0913053 0 0
-0.0426417 -2.83845 -0.411641 -1.44778 -0.713518 0.06
-0.119386 -3.12373 -0.52012 -1.86005 -0.0579517 0.16
-0.335534 -3.63021 -1.79496 -3.09884 -0.954515 0.18
-0.704873 -3.92525 -1.92844 0.106269 -0.320675 0.2
-1.00213 -3.70667 -1.48981 3.0266 -0.0744064 0.16
-1.02338 -3.50315 0.0198818 6.28011 0.349524 0.04
-1.01443 -3.23676 0.401126 6.9405 0.949636 0.04
-1.00578 -3.09849 0.459199 6.86558 0.457941 0.02
-0.941388 -2.3088 0.424278 4.06604 0.401918 0.14
-0.757034 -1.87308 1.48485 0.254401 0.963583 0.2
-0.605845 -2.16042 0.358386 -3.76549 -0.80013 0.16
-0.576656 -2.60042 0.229227 -4.88867 0.125981 0.1
-0.574474 -2.81261 -0.116881 -5.68731 -0.800398 0.04
-0.527948 -3.40603 0.841788 -2.45068 0.667881 0.14
-0.304588 -3.47669 1.92534 1.37524 0.647246 0.16
0.0840859 -3.09832 2.34918 2.41751 0.267766 0.18
0.479391 -2.68855 3.24675 3.04047 0.913139 0.14
0.863899 -2.45017 3.17456 0.937625 0.191916 0.12
1.04002 -2.80583 -0.484563 -6.92063 0.687361 0.12
1.0291 -2.94613 -0.604039 -7.09094 -0.550128 0.02
0.858449 -4.04882 -1.33655 -5.61168 -0.986595 0.16
0.528929 -4.66058 -2.09796 -0.568486 -0.813775 0.2
0.485742 -4.66729 -2.22094 -0.104379 -0.920875 0.02
0.301416 -4.60431 -2.38178 1.63668 -0.344747 0.08
-0.149156 -4.14192 -3.21395 3.83476 -0.947083 0.16
-0.888603 -3.37009 -4.29507 3.01835 -0.874567 0.2
-1.0582 -2.98668 -0.217217 12.2001 -0.764532 0.06
-0.997688 -1.09566 0.318599 7.14482 0.992117 0.18
-0.778899 -0.407202 2.03736 -0.0204667 0.999422 0.2
-0.557575 -0.490682 2.38269 -1.61686 0.3098 0.1
-0.21332 -0.862829 3.30385 -4.45334 0.947525 0.12
0.0635207 -1.27261 3.58406 -5.74778 0.75718 0.08
0.134856 -1.38998 3.54775 -5.99095 0.224029 0.02
0.803995 -2.63588 3.9205 -7.18901 0.93508 0.18
0.96019 -2.9229 3.90668 -7.08303 0.220316 0.04
1.02801 -4.78817 -0.447934 -12.9818 0.0277462 0.14
0.956262 -6.72497 -0.814422 -6.9743 -0.51045 0.2
0.856826 -8.14452 -0.506586 -8.7574 0.957731 0.18
0.718036 -9.62833 -0.842759 -8.4129 0.21798 0.16
0.687646 -10.1542 0.0608208 -4.79994 0.758495 0.08
0.737544 -10.4949 0.711095 -1.06006 0.404013 0.12
