0.178662 0.922819 -0.00261804 -0.0341145 0 0
0.101342 1.36079 -0.669977 4.13698 -0.41736 0.2
0.0644853 1.63688 -0.545164 5.06686 -0.00165272 0.06
0.0219994 2.35451 -0.129338 6.83569 -0.0568819 0.12
0.0340737 2.80604 0.518752 8.13978 0.849549 0.06
0.109656 3.72315 0.577323 6.41556 0.361997 0.12
0.212509 4.43052 0.79978 2.41985 0.635635 0.16
0.270254 4.53453 1.13201 1.05413 0.921127 0.06
0.344453 4.53674 0.724374 -0.954711 -0.65614 0.08
0.376955 4.43712 0.352589 -2.35567 -0.766578 0.06
0.386293 4.32505 0.109822 -3.24646 -0.652084 0.04
0.351287 3.68034 -0.64336 -5.83521 -0.376126 0.14
0.337657 3.56171 -0.717835 -6.01644 -0.18356 0.02
0.229052 2.90394 -1.36235 -6.67035 -0.787492 0.1
0.200904 2.77192 -1.44913 -6.51426 -0.934626 0.02
-0.145424 1.85539 -2.08913 -2.34559 -0.873243 0.2
-0.18571 1.81464 -1.94083 -1.73476 0.864937 0.02
-0.512144 1.7821 -2.72828 1.16932 -0.898934 0.14
-0.565774 1.81011 -2.63416 1.6305 0.542825 0.02
-0.732228 1.93721 -2.90947 2.57193 -0.816082 0.06
-0.966725 2.19315 -2.94355 3.77031 -0.324855 0.08
-1.05605 2.5781 0.233672 9.47127 -0.934658 0.06
-1.04793 2.77377 0.538953 10.0089 0.961691 0.02
-0.998497 3.39071 1.00571 10.1775 0.996501 0.06
-0.82678 4.72879 1.04845 4.55929 0.85467 0.18
-0.513134 5.04488 2.17382 -1.20112 0.786484 0.2
-0.23499 4.75111 2.42371 -3.59858 0.351812 0.12
0.33135 3.77889 3.21939 -5.42442 0.928439 0.2
0.455767 3.55044 3.006 -5.96152 -0.324581 0.04
1.07888 2.53415 -0.315039 -11.3505 0.890439 0.2
1.00657 1.36019 -0.543291 -7.54489 -0.917198 0.12
0.824399 0.57821 -1.70346 -1.22071 -0.888739 0.18
0.516613 0.616938 -2.12869 1.5719 -0.188545 0.16
0.321295 0.824334 -2.73352 3.54924 -0.900529 0.08
-0.117065 1.51472 -3.42261 6.09831 -0.953741 0.14
-0.253667 1.76923 -3.40126 6.62183 -0.56272 0.04
-0.991904 3.12037 -4.28231 5.33416 -0.962716 0.2
-1.05362 3.28172 -1.53183 11.5912 0.833615 0.02
-1.0215 4.90243 0.346772 11.5181 -0.514624 0.12
-0.938407 6.54927 0.944717 5.43647 0.613587 0.2
-0.725656 7.17475 2.04738 4.0687 0.860671 0.14
-0.567359 7.54742 1.9355 5.23516 -0.360219 0.08
-0.350808 8.27811 1.72778 6.81698 -0.766777 0.12
-0.315991 8.41667 1.75398 7.03328 -0.489731 0.02
0.040108 9.74331 1.87462 6.24534 -0.0609664 0.18
0.282577 10.3749 2.16176 4.0632 0.799822 0.12
0.738674 10.7559 2.97174 0.206415 0.858114 0.18
