0.144038 2.04417 0.0113291 -0.0160881 0 0
0.172725 2.25721 0.417348 2.93878 0.220805 0.14
0.244509 2.71963 0.775472 4.576 0.15046 0.12
0.50117 3.71006 1.87374 5.22708 0.869841 0.18
0.751359 4.17517 1.33684 0.792673 -0.0981262 0.16
0.913623 3.91643 0.436954 -3.4704 -0.471907 0.18
0.911841 3.34969 -0.452605 -5.73485 -0.67821 0.12
0.901589 3.23326 -0.569815 -5.89272 -0.654962 0.02
0.841336 2.76272 -0.890004 -5.61491 -0.699434 0.08
0.615586 1.99281 -1.6419 -2.58007 -0.950095 0.18
0.582194 1.94577 -1.69821 -2.12448 -0.625006 0.02
0.2915 1.84678 -2.46889 0.639137 -0.909411 0.14
0.132376 1.91495 -2.83269 1.60516 -0.98511 0.06
-0.228307 2.2142 -3.16469 3.24338 -0.598321 0.12
-0.41311 2.43808 -2.99235 4.18413 0.0757558 0.06
-0.473774 2.5218 -3.07513 4.17899 -0.777594 0.02
-0.534615 2.60791 -3.00947 4.42523 0.140229 0.02
-1.05242 3.68952 0.475975 11.4648 -0.822109 0.2
-0.992681 4.94742 0.436503 6.41126 0.986781 0.14
-0.921039 5.41118 1.07855 2.85312 0.975873 0.1
-0.852273 5.53806 1.21854 1.40699 0.148949 0.06
-0.605998 5.44745 2.27145 -2.5142 0.808734 0.14
-0.559634 5.39304 2.36379 -2.9245 0.570567 0.02
-0.113849 4.66842 3.085 -5.86799 0.865405 0.16
0.0759353 4.29454 3.23291 -6.54651 0.9717 0.06
0.140112 4.16106 3.1844 -6.79783 0.348977 0.02
0.620619 3.2394 3.85477 -5.52409 0.924129 0.14
0.698391 3.132 3.92483 -5.20376 0.325197 0.02
0.778269 3.03305 4.06447 -4.68315 0.637949 0.02
1.02729 1.51236 -0.444643 -9.41636 0.133056 0.18
0.96115 0.647975 -0.867993 -4.9817 -0.930813 0.12
0.816926 0.161796 -1.2039 -2.2618 -0.171856 0.14
0.508655 0.0328875 -2.1921 0.542717 -0.576969 0.18
0.466229 0.0404006 -2.05086 0.211888 0.747191 0.02
-0.111379 0.484796 -3.68796 4.20461 -0.943671 0.2
-0.344661 0.770616 -4.07128 5.30131 -0.934003 0.06
-1.08708 2.21474 0.389257 11.7028 -0.962335 0.2
-1.07433 2.45611 0.817389 12.3394 0.464569 0.02
-1.02812 2.97003 1.43598 13.2034 0.960083 0.04
-0.835125 4.53838 1.11365 8.42907 0.897585 0.14
-0.805489 5.60178 -0.57312 4.34781 -0.946453 0.18
-0.875391 5.9359 -1.17765 4.14558 -0.995596 0.08
-0.935311 6.13812 -0.820309 2.66003 0.532596 0.06
-0.952003 6.19056 -0.849336 2.58894 -0.256205 0.02
-0.968459 6.23991 -0.796788 2.35277 0.200976 0.02
-1.0157 6.38566 0.145606 0.0183297 -0.904152 0.1
