-0.152984 -2.59945 -0.0866932 -0.0973334 0 0
-0.255077 -2.93887 -1.02721 -3.29878 -0.497165 0.18
-0.322258 -3.14566 -1.20227 -3.52031 -0.357991 0.06
-0.346997 -3.21645 -1.27043 -3.55013 -0.485464 0.02
-0.57975 -3.72613 -2.00047 -3.30764 -0.845088 0.14
-1.02203 -4.13575 -2.3829 -0.357016 -0.940088 0.18
-0.897996 -3.15899 1.55956 6.70028 0.737139 0.2
-0.830322 -2.88858 1.80691 6.73464 0.969265 0.04
-0.454553 -1.94775 2.38587 3.28309 0.915052 0.18
-0.192182 -1.73621 2.88518 0.963783 0.894906 0.1
0.273909 -1.80488 3.76494 -1.81171 0.99343 0.14
1.07859 -2.49873 0.906629 -10.2746 0.943214 0.2
1.08234 -2.73176 -0.322859 -12.6282 -0.567773 0.02
0.961493 -4.73901 -0.479189 -7.81389 -0.995117 0.18
0.914907 -5.60229 -0.294478 -3.29073 -0.0540774 0.16
0.923541 -6.03449 0.417334 -2.46978 0.652369 0.16
0.961879 -6.19776 0.864028 -3.01445 0.923142 0.06
1.00764 -6.41328 -0.110054 -0.544433 0.147713 0.14
0.956597 -6.45872 -0.520442 -0.0892993 -0.329003 0.16
1.006 -6.89797 0.621862 -3.52963 0.836071 0.2
0.975314 -7.46276 -0.496885 -3.92365 -0.389574 0.18
0.932152 -7.82395 -0.605467 -5.10805 0.0462897 0.08
0.891012 -8.15748 -0.779589 -6.01165 0.0546126 0.06
0.664292 -9.56175 -1.23688 -6.73897 0.0203378 0.2
0.573151 -10.1218 -0.311833 -2.6417 0.527352 0.12
