-0.0549645 -0.396414 0.0310904 0.0321325 0 0
0.00421149 -0.571044 0.932618 -2.84667 0.783711 0.12
0.186155 -1.21218 1.26447 -5.14665 0.361908 0.16
0.24535 -1.53617 0.699237 -5.72573 -0.945905 0.06
0.313728 -2.17411 0.644673 -6.95752 0.537551 0.1
0.325914 -2.31573 0.57445 -7.1977 0.188147 0.02
0.339513 -2.62295 0.107324 -8.14797 -0.861524 0.04
0.325613 -3.14623 -0.515835 -9.07026 -0.999936 0.06
0.197218 -4.46868 -0.860604 -4.90129 -0.924319 0.18
0.166743 -4.63877 -0.674293 -3.6296 0.322466 0.04
-0.0375246 -4.8481 -1.64392 1.14318 -0.792561 0.18
-0.281538 -4.55923 -2.3872 3.50902 -0.992248 0.12
-0.431998 -4.32271 -2.62065 4.33008 -0.854062 0.06
-0.835096 -3.65449 -3.17763 4.77977 -0.862551 0.14
-1.04403 -2.47596 0.583665 11.9098 -0.649948 0.14
-0.960337 -0.884964 0.736165 4.26441 0.966713 0.2
-0.759851 -0.554144 1.52138 -0.303588 0.393943 0.18
-0.355501 -1.03439 2.8619 -4.70579 0.913256 0.18
-0.175294 -1.34869 3.12482 -5.73335 0.936418 0.06
0.0839227 -1.85165 3.32978 -6.77422 0.975544 0.08
0.796251 -3.21245 4.12274 -5.2226 0.848885 0.2
1.05032 -4.43712 -0.671855 -11.4844 -0.603199 0.14
0.923412 -5.97761 -1.1346 -4.15407 -0.817751 0.2
0.590566 -6.4212 -2.14371 -0.898405 -0.513786 0.2
0.360066 -6.48604 -2.46047 -0.450075 -0.410705 0.1
-0.188571 -6.39958 -3.63118 1.38025 -0.814 0.18
-0.920225 -6.01856 -4.50876 3.0523 -0.610428 0.18
-1.00801 -6.86032 0.599373 -7.34766 0.389041 0.16
-0.89911 -8.14038 0.60979 -8.7358 0.807176 0.16
-0.83194 -9.2175 0.688702 -8.52402 0.81997 0.12
-0.819161 -9.38826 0.596376 -8.52239 -0.524301 0.02
-0.496883 -10.2929 2.51097 -0.875835 0.80327 0.2
