-0.113525 1.06657 0.0203828 0.00653089 0 0
-0.199909 1.46262 -0.888683 4.08398 -0.692854 0.18
-0.235855 1.63914 -0.902674 4.73416 -0.340066 0.04
-0.212421 3.00336 1.17905 8.8241 0.874088 0.2
0.0687248 4.43673 1.52728 4.53037 0.815315 0.2
0.421206 4.79417 2.09351 -0.742284 0.50852 0.2
0.509952 4.74632 2.34142 -1.6362 0.91106 0.04
1.01912 4.04786 1.13478 -7.02226 0.576017 0.2
1.03079 3.70987 -0.172874 -9.28307 0.512592 0.04
0.923728 2.22978 -0.734206 -7.50154 -0.803969 0.16
0.756724 1.37357 -1.33294 -2.06808 -0.893965 0.18
0.51775 1.34954 -2.08128 1.58931 -0.704058 0.14
0.0198245 2.04918 -2.78649 4.9965 -0.724692 0.2
-0.47973 2.86528 -3.56808 4.46931 -0.913808 0.16
-1.06358 3.92613 0.612859 11.5126 -0.555035 0.2
-0.985297 5.28854 0.508335 5.63213 0.716971 0.16
-0.781014 5.75366 1.84383 -0.227449 0.806804 0.18
-0.654008 5.6872 2.38302 -1.95198 0.960268 0.06
-0.401547 5.41287 2.64748 -3.52008 0.307588 0.1
-0.292044 5.25688 2.82109 -4.26811 0.669705 0.04
0.134132 4.49854 3.17511 -6.41425 0.766811 0.14
0.197777 4.36792 3.18861 -6.64338 0.776244 0.02
0.529078 3.67862 3.48652 -6.82794 0.992561 0.1
0.731957 3.25928 3.31034 -6.98758 -0.123068 0.06
1.03007 1.69235 -0.434583 -10.1088 0.381535 0.18
0.893707 0.421926 -1.3983 -2.65722 -0.963454 0.2
0.758816 0.297454 -1.97105 -0.533647 -0.69101 0.08
0.717827 0.291848 -2.12752 -0.0309299 -0.788114 0.02
0.263822 0.546291 -2.89403 2.80599 -0.437192 0.18
-0.424302 1.48984 -3.79409 6.33125 -0.817914 0.2
-1.02177 2.84959 -2.35831 9.64803 -0.00539493 0.18
-1.04397 3.67159 0.4272 14.6926 -0.543718 0.06
-1.01939 4.48225 0.308983 12.1664 0.555215 0.06
-0.982522 5.93516 0.521872 6.17556 0.827432 0.16
-0.976561 6.84312 -0.36554 7.05208 -0.89049 0.14
-0.983575 6.98397 -0.334662 7.04032 -0.219552 0.02
-0.99213 7.54155 0.13228 7.06534 0.244911 0.08
-0.722095 9.24249 2.60163 10.4403 0.868762 0.2
-0.613782 9.6574 2.76633 10.1308 0.769605 0.04
-0.302452 10.6959 1.31326 3.40231 -0.468269 0.16
-0.276931 10.7579 1.24076 2.8042 -0.254205 0.02
