0.181392 -2.93411 0.0222463 0.0992506 0 0
0.282835 -2.77775 1.2149 1.60171 0.945386 0.16
0.40641 -2.85144 0.182814 -2.14168 -0.524828 0.18
0.364458 -3.34535 -0.643604 -3.52064 -0.613966 0.16
0.432304 -3.41243 1.27226 2.44253 0.949009 0.2
0.520614 -3.2371 1.66442 3.33537 0.71419 0.06
0.593079 -3.09334 1.95336 3.81258 0.873691 0.04
0.721176 -2.85568 2.30243 4.01252 0.844714 0.06
0.978721 -2.47429 2.82712 3.41766 0.948462 0.1
0.928642 -3.12178 -1.22578 -5.34177 -0.748812 0.2
0.705258 -3.85203 -1.87674 -4.49214 -0.884297 0.14
0.41766 -4.28403 -2.27347 -1.65222 -0.711827 0.14
-0.0958123 -4.22379 -2.86033 2.0213 -0.566341 0.2
-0.627365 -3.80967 -3.79637 2.81415 -0.986664 0.16
-1.0779 -3.39601 -0.815803 10.2375 -0.931009 0.12
-1.08066 -3.16234 0.339471 12.6401 -0.00269176 0.02
-1.06918 -2.90289 0.713518 13.0552 0.880286 0.02
-0.984473 -1.17394 0.439372 6.17966 0.959185 0.18
-0.861243 -0.654013 1.42796 1.30564 0.877274 0.14
-0.628222 -0.716687 2.43573 -2.20649 0.891156 0.12
-0.225933 -1.24258 3.22514 -5.11221 0.837254 0.14
0.471302 -2.51926 3.70315 -7.01627 0.916846 0.2
0.954852 -3.25475 4.4864 -4.64502 0.84306 0.12
1.03498 -4.64275 -0.511321 -11.8172 0.878708 0.12
1.00248 -5.8057 -0.176728 -7.8966 -0.318237 0.12
1.00058 -7.08823 -0.00295747 -6.90349 0.817435 0.18
0.975044 -8.64893 -0.371618 -8.77877 0.554996 0.2
0.966625 -8.82648 -0.466508 -8.96163 0.153672 0.02
0.943557 -9.19098 -0.660202 -9.16309 -0.143418 0.04
0.928972 -9.37531 -0.789735 -9.23566 -0.704672 0.02
0.901815 -10.4628 0.427168 -2.89072 0.334204 0.18
