0.142437 1.83385 -0.0716356 -0.016704 0 0
0.291249 2.34802 1.66517 5.13324 0.985893 0.2
0.357278 2.5579 1.63156 5.32286 -0.412368 0.04
0.505656 3.02368 2.04497 6.12109 0.458702 0.08
0.78919 3.75332 2.57982 5.4687 0.858694 0.12
1.01468 4.10648 0.582031 -0.197974 -0.934963 0.12
1.00173 3.61057 -0.027718 -3.35957 0.667834 0.2
0.866146 2.74654 -1.32333 -5.21303 -0.889738 0.18
0.653537 2.16696 -1.7234 -2.8706 -0.759999 0.14
0.417912 1.96118 -2.2245 -0.576315 -0.788413 0.12
0.191869 2.0075 -2.29442 1.44152 -0.24493 0.1
-0.305817 2.4267 -3.23676 2.83861 -0.902567 0.18
-0.439997 2.5395 -3.47483 2.77668 -0.938823 0.04
-1.06617 3.38188 0.515806 12.347 -0.951302 0.2
-1.05391 3.62774 0.655411 12.0966 0.995748 0.02
-0.963525 5.26854 0.668948 4.5494 0.94534 0.2
-0.946778 5.94108 -0.493091 2.84446 -0.81114 0.2
-1.01457 6.24324 0.137398 0.32866 -0.826495 0.14
-1.00095 6.31268 0.0123489 0.483757 -0.491091 0.18
-0.982751 6.37267 0.182283 0.253222 0.117329 0.18
-0.95436 6.38393 0.383662 -0.0119908 0.252431 0.1
-0.998328 6.65106 -0.912852 3.2959 -0.879943 0.16
-1.00175 7.0796 0.0276175 3.03981 -0.449993 0.2
-1.00093 7.21142 0.014566 3.55658 -0.242283 0.04
-1.00033 8.08239 0.0028077 6.11788 -0.628796 0.18
-1.00039 9.16545 -0.00461197 6.92611 -0.61731 0.16
-1.00086 9.91879 -0.00166872 5.33895 -0.776514 0.12
-0.994216 10.4599 0.135398 2.34029 0.507827 0.14
