0.167144 2.56167 0.0992634 -0.0971775 0 0
0.151868 2.56572 -0.40499 0.168633 -0.756372 0.1
0.134609 2.68411 0.0570185 2.11148 0.402236 0.1
0.186817 3.01631 0.973432 4.35186 0.96173 0.1
0.286005 3.39131 1.47288 4.81305 0.843438 0.08
0.664428 4.14695 2.29855 2.23897 0.864568 0.2
1.00601 4.11883 1.26011 -2.64403 -0.408377 0.18
0.965978 3.33751 -1.05213 -7.16226 -0.892237 0.14
0.889237 2.89483 -1.45908 -7.37489 -0.951827 0.06
0.656063 2.03032 -1.85869 -4.60328 -0.961033 0.14
0.258115 1.61308 -2.6539 -0.113794 -0.821482 0.18
-0.3691 1.98992 -3.55763 3.5206 -0.784405 0.2
-0.957964 2.67864 -3.82833 4.64313 -0.528728 0.16
-1.06864 2.95978 -0.686956 11.63 -0.0446315 0.04
-1.04748 3.76331 0.640672 13.1739 0.559185 0.06
-1.00003 5.18518 0.24811 7.4245 0.945299 0.14
-0.987865 5.45441 0.380758 6.03655 0.733033 0.04
-1.00081 6.22093 -0.432926 5.11776 -0.812761 0.14
-1.00069 7.00379 0.012373 4.26763 -0.156454 0.2
-0.993021 7.26622 0.245774 4.53043 0.387931 0.06
-0.929382 8.14933 0.648133 6.60788 -0.0434284 0.16
-0.90126 8.42412 0.76027 7.12141 -0.296398 0.04
-0.856398 8.86053 0.712847 7.3063 -0.675166 0.06
-0.842997 9.00482 0.62234 7.10123 -0.868042 0.02
-0.831161 9.1449 0.556596 6.88545 -0.561507 0.02
-0.790414 9.56078 0.762476 6.79215 0.471925 0.06
-0.718225 10.2572 0.286859 3.06804 0.00820143 0.14
