0.010648 1.92949 -0.00328258 -0.038194 0 0
0.0338614 2.19752 0.32399 3.23569 0.118537 0.16
0.0564469 2.41839 0.431247 4.08884 -0.0260883 0.06
0.206987 3.26947 1.34348 5.82399 0.577552 0.16
0.264536 3.49995 1.52329 5.63849 0.841038 0.04
0.646155 4.32072 2.33005 2.18071 0.923339 0.2
0.82061 4.40751 2.0424 0.0446709 -0.343332 0.08
1.01028 3.82325 -0.469759 -5.83503 -0.293922 0.2
0.945381 3.29668 -1.12061 -7.13763 -0.709581 0.08
0.833441 2.71365 -1.59983 -7.06531 -0.985088 0.08
0.539756 1.84812 -2.12666 -3.50284 -0.991817 0.16
0.0533095 1.65153 -2.78777 1.32475 -0.576522 0.2
-0.0589018 1.7209 -2.82006 2.13365 -0.222044 0.04
-0.169699 1.82241 -2.71596 2.93592 0.193299 0.04
-0.46184 2.1804 -3.11605 4.09272 -0.839052 0.1
-1.06979 2.98803 -0.773525 10.7985 -0.988937 0.18
-1.04928 3.75401 0.660589 12.6445 0.553338 0.06
-1.00523 5.10691 0.0819019 7.04216 -0.915038 0.14
-0.963146 5.90926 0.531326 2.19894 0.30422 0.18
-0.919297 6.23576 -0.00428085 2.14368 -0.468087 0.16
-0.919538 6.27816 -0.0201792 2.10123 -0.143483 0.02
-0.910202 6.61787 0.0968612 1.97528 0.0743255 0.18
-0.903631 6.69497 0.230093 1.89721 0.431899 0.04
-0.932319 7.15675 -0.583454 4.60737 -0.706732 0.14
-0.970231 7.87982 0.0945236 5.94522 0.363903 0.14
-0.906134 9.14875 0.552269 7.58994 -0.215036 0.18
-0.884867 9.67203 -0.0748073 5.25355 -0.713294 0.08
-0.886556 9.77368 -0.0952232 4.90342 0.210187 0.02
-0.895243 9.94581 -0.336374 3.70459 -0.353235 0.04
-0.91865 10.1287 -0.437945 2.39384 0.0933398 0.06
