0.0181844 0.907113 -0.0407062 -0.083684 0 0
-0.0140286 1.06149 -0.472301 2.55812 -0.35924 0.12
-0.00566068 1.72452 0.645272 5.03242 0.724559 0.18
0.186648 2.63959 2.1702 8.17308 0.902966 0.14
0.383324 3.32132 2.63979 8.43172 0.659166 0.08
0.763379 4.28743 2.17718 3.6165 0.234592 0.16
0.916734 4.47506 1.68194 1.16328 -0.644458 0.08
1.00537 4.15472 -0.0945176 -3.61141 0.599525 0.2
0.87114 3.27306 -1.57585 -7.06822 -0.866117 0.16
0.472343 2.03357 -2.26944 -4.20784 -0.892584 0.2
0.0304589 1.68919 -2.71734 0.23303 -0.536941 0.18
-0.531358 2.03447 -3.48107 3.31366 -0.757848 0.18
-1.06166 3.26891 0.6417 13.1105 -0.555523 0.2
-0.977436 5.14886 0.472547 5.64509 0.998689 0.2
-0.815403 5.65677 1.42766 0.214586 0.587651 0.18
-0.629886 5.53267 2.26204 -2.59438 0.908754 0.1
-0.374606 5.16641 2.80181 -4.64001 0.777676 0.1
-0.0743641 4.61888 3.15298 -6.21068 0.916453 0.1
0.313659 3.80374 3.33195 -7.08645 0.85931 0.12
0.756002 3.06112 4.17691 -4.67112 0.931983 0.12
1.0454 1.94243 -0.562205 -11.2876 0.230662 0.14
0.922086 0.45532 -1.18255 -3.70828 -0.942607 0.2
0.766489 0.130773 -1.40317 -1.91292 -0.101035 0.12
0.373514 0.164433 -2.93543 2.05441 -0.920821 0.18
-0.360508 0.957468 -4.27805 5.75152 -0.904291 0.2
-0.977809 1.89227 -4.44447 7.51478 -0.811101 0.14
-1.05609 2.55191 0.415145 13.2675 0.797101 0.06
-0.903806 4.86681 0.534056 7.82116 0.992656 0.2
-0.941164 6.02211 -0.744078 4.68743 -0.673616 0.2
-0.972419 6.20346 -0.818994 4.41256 -0.324286 0.04
-1.00657 6.59871 0.10828 2.08097 -0.0195798 0.14
-1.00044 7.10357 0.00287012 3.65258 -0.306422 0.18
-0.982285 7.50742 0.376141 4.51484 0.395369 0.1
-0.845396 8.26318 1.6547 6.58039 0.881743 0.14
-0.735334 8.68698 2.01652 7.52571 0.160095 0.06
-0.695408 8.83727 1.97216 7.48473 -0.781915 0.02
-0.620512 9.12742 1.75146 6.93157 -0.916081 0.04
-0.548003 9.40511 1.85668 6.87229 0.306539 0.04
-0.372521 10.0344 0.666744 2.10878 -0.664973 0.14
