-0.0213326 -3.05231 -0.0424383 0.0152819 0 0
0.00236692 -3.00238 0.429714 0.75 0.4764 0.12
0.167648 -2.74709 1.59404 2.09734 0.942975 0.16
0.31166 -2.58716 2.00032 1.83758 0.813948 0.08
0.487158 -2.46082 2.38562 1.28666 0.81484 0.08
1.04784 -2.39883 0.771952 -4.71797 0.973786 0.2
0.938104 -3.57276 -1.15851 -7.35827 -0.798447 0.16
0.653279 -4.58799 -1.8169 -2.55086 -0.953356 0.2
0.285491 -4.67946 -2.79756 1.27545 -0.934172 0.16
0.0044699 -4.45151 -2.80155 3.22527 -0.150273 0.1
-0.295624 -4.0679 -3.19124 4.30746 -0.846024 0.1
-0.747522 -3.40178 -3.32186 4.7563 -0.376174 0.14
-1.07149 -2.69452 0.298031 12.0348 -0.744356 0.12
-1.0615 -2.45175 0.620116 12.0462 -0.144101 0.02
-1.04855 -2.21696 0.64074 11.3669 -0.426589 0.02
-0.935728 -0.724567 0.997389 3.77512 0.939135 0.2
-0.845542 -0.503049 1.26581 1.83171 0.26694 0.08
-0.425344 -0.702306 2.87204 -3.47758 0.857922 0.2
-0.305081 -0.858672 3.13393 -4.32535 0.903974 0.04
0.256513 -1.77316 3.74802 -6.84999 0.969989 0.16
0.954969 -3.06401 4.25918 -6.24901 0.842307 0.18
1.01616 -5.35905 -0.274492 -11.3782 0.623339 0.18
1.00033 -7.28163 -0.0319167 -9.05237 0.802021 0.2
0.925391 -9.21242 -0.539774 -9.69294 0.6891 0.2
0.913549 -9.40629 -0.634402 -9.65615 -0.549522 0.02
0.850967 -10.7388 -0.062786 -3.50569 -0.236989 0.2
