0.105874 -0.141245 0.0593079 0.0568392 0 0
0.23809 -0.465919 1.23782 -3.27162 0.631492 0.2
0.553798 -1.41319 1.76439 -6.13335 0.536196 0.2
0.823379 -2.3808 2.07499 -7.35808 0.99717 0.14
1.03277 -3.11442 0.843191 -10.0372 0.76784 0.1
1.03638 -3.57067 -0.298672 -11.8041 -0.944602 0.04
0.978998 -5.23096 -0.519332 -4.67844 -0.982803 0.2
0.96941 -5.32005 -0.441109 -4.23692 0.480958 0.02
0.828763 -5.64376 -1.15857 0.375619 -0.357143 0.18
0.437431 -5.04191 -2.59587 5.1846 -0.948197 0.2
0.0533982 -4.17835 -2.82351 6.97021 -0.808634 0.14
-0.597753 -2.94205 -4.02393 3.8134 -0.905185 0.2
-1.04727 -1.77843 0.717514 9.15706 -0.875129 0.2
-0.908999 -0.704564 1.15865 2.93912 0.694392 0.18
-0.602287 -0.666734 2.65798 -2.20497 0.996003 0.16
-0.49661 -0.762725 2.62477 -2.6005 -0.146846 0.04
-0.13164 -1.23948 3.38702 -5.17372 0.963539 0.12
0.597222 -2.52634 3.86012 -7.05153 0.921718 0.2
1.05609 -3.36813 1.05278 -13.008 0.918974 0.12
1.06378 -3.6527 -0.0945382 -14.952 -0.381749 0.02
1.0132 -5.24074 -0.231586 -10.856 -0.505013 0.12
1.00478 -5.83948 -0.0773531 -9.20843 0.903856 0.06
1.00039 -7.32002 -0.00525158 -8.14096 0.782258 0.18
1.00019 -7.48423 -0.0176502 -8.28202 0.7549 0.02
0.987747 -8.17263 -0.319473 -8.9972 0.524817 0.08
0.980467 -8.35476 -0.408279 -9.21438 0.539785 0.02
0.877131 -9.37712 -1.51718 -10.8124 -0.660003 0.1
0.747113 -10.649 -0.036204 -3.57618 0.389445 0.18
