0.0303724 -1.77843 0.0291324 0.0378892 0 0
-0.034929 -2.01785 -0.998236 -3.40961 -0.900627 0.14
-0.434116 -3.18378 -2.95634 -7.64971 -0.968577 0.2
-0.739293 -3.84864 -1.45543 -2.00095 0.871452 0.14
-0.793068 -3.90619 -1.2367 -0.891188 0.44675 0.04
-0.910266 -3.56992 0.076273 3.909 0.625632 0.2
-0.876366 -3.19464 0.749315 5.30247 0.89014 0.08
-0.659844 -2.29162 1.54381 3.87348 0.86797 0.18
-0.390849 -1.95404 1.87036 0.41686 0.52904 0.16
0.0454842 -2.12219 2.96723 -2.05497 0.997139 0.18
0.729762 -2.65932 3.90935 -2.76731 0.809814 0.2
1.07036 -3.30554 -0.314201 -12.3477 -0.118688 0.12
1.06017 -3.55637 -0.624872 -12.5236 -0.743564 0.02
0.989834 -5.06985 -0.41688 -6.42927 -0.973985 0.16
0.89228 -5.64877 -1.0895 -1.9326 -0.623124 0.14
0.794596 -5.92404 -0.115053 -1.74926 0.858509 0.16
0.891829 -6.36508 1.22089 -3.46319 0.920111 0.18
1.01014 -6.68403 1.40206 -3.83133 0.78911 0.08
0.981556 -6.81937 -0.798875 -0.444384 -0.921424 0.14
0.849435 -6.95158 -1.09001 -1.47102 -0.388383 0.14
0.742802 -7.07477 -1.57297 -1.65417 -0.87937 0.08
0.573721 -7.757 -0.457356 -5.53123 0.928702 0.18
0.519661 -8.24582 -0.920484 -6.73904 -0.265215 0.08
0.464496 -8.66601 -0.910156 -7.19157 0.663458 0.06
0.360256 -9.40751 -1.06839 -7.16262 0.0494696 0.1
0.321738 -10.0657 0.540448 -1.1921 0.868006 0.16
