0.138533 2.4208 0.0873561 0.0265743 0 0
0.0885787 2.45887 -0.802489 0.472576 -0.95018 0.14
0.0814975 3.03848 0.71085 4.77249 0.761521 0.2
0.18885 3.55263 1.37479 5.13951 0.967381 0.1
0.509387 4.23275 1.88261 1.4762 0.675484 0.2
0.76154 4.27582 2.32642 -0.696195 0.66963 0.12
0.958588 4.1705 2.59624 -1.88939 0.632149 0.08
1.00874 4.12718 2.03015 -2.95181 -0.973825 0.02
0.997319 3.34646 -0.807406 -7.80518 -0.641823 0.12
0.979409 3.18805 -0.977872 -8.01028 -0.963897 0.02
0.935311 2.86734 -1.20202 -7.91472 -0.952475 0.04
0.645516 1.71736 -1.78649 -3.18619 -0.958146 0.2
0.577785 1.61315 -1.60633 -2.04433 0.488279 0.04
0.338245 1.5492 -2.39465 0.901964 -0.969504 0.12
-0.244355 2.09739 -3.3566 4.13913 -0.872412 0.2
-0.655749 2.65496 -3.52293 4.87489 -0.505259 0.12
-1.06703 3.76428 0.676641 13.2633 -0.822544 0.16
-1.00192 5.51613 0.131312 6.63243 0.32296 0.18
-1.00055 6.54001 0.000248179 4.26895 -0.595902 0.2
-0.967861 7.42564 0.358134 5.0872 0.10942 0.2
-0.932759 8.00321 0.387991 6.45109 -0.405341 0.1
-0.908415 8.41174 0.428816 7.13258 -0.587661 0.06
-0.860397 9.28207 0.236538 6.74664 -0.579682 0.12
-0.851077 9.6569 0.0471238 5.61651 -0.152891 0.06
-0.843734 10.2057 0.0714086 3.36978 0.405828 0.12
-0.842059 10.2691 0.0968943 2.96777 0.493071 0.02
