-0.041206 0.590566 0.0392128 0.0220963 0 0
-0.0350298 0.651338 0.0878796 1.17535 0.204718 0.1
-0.0325883 0.793412 -0.0198461 2.36754 -0.0595644 0.08
-0.0916689 1.51711 -0.510408 5.4904 -0.505526 0.18
-0.075001 2.30333 0.859737 7.87015 0.956185 0.12
0.0236317 2.98904 1.54236 9.01583 0.56593 0.08
0.090218 3.3501 1.75324 8.90186 0.847761 0.04
0.352953 4.38025 1.99376 5.44617 0.992675 0.14
0.645653 4.87046 1.07509 -0.0611593 -0.514088 0.2
0.990621 4.41881 2.2845 -4.01811 0.968825 0.2
1.01353 3.77343 -0.598011 -7.81837 -0.549834 0.1
0.928853 3.08305 -1.43022 -9.07555 -0.993641 0.08
0.899305 2.90279 -1.51655 -8.91778 -0.92127 0.02
0.567978 1.61973 -1.92018 -3.57946 -0.928792 0.2
0.0651268 1.4533 -3.14967 1.69932 -0.904339 0.2
-0.338793 1.798 -3.5439 3.91666 -0.636904 0.12
-0.409523 1.87964 -3.52797 4.24547 -0.221321 0.02
-0.698745 2.25649 -3.6982 5.08348 -0.694866 0.08
-1.04535 3.64194 0.543475 13.6782 -0.402267 0.16
-1.00944 4.79701 0.16286 9.44708 0.123236 0.1
-0.957704 5.8498 0.785745 3.77331 0.798159 0.16
-0.906569 6.47803 -0.161258 4.49099 -0.754663 0.16
-0.926787 6.76973 -0.503766 5.25119 -0.763762 0.06
-1.01338 7.74776 0.120917 6.45786 -0.917484 0.16
-1.01051 7.8794 0.166862 6.70725 -0.308565 0.02
-0.755033 9.58574 2.18843 9.66644 0.773117 0.2
-0.506674 10.6471 0.757 2.63122 -0.419681 0.18
