-0.134881 3.00578 0.0671206 0.0267593 0 0
-0.135972 3.00054 -0.120936 -0.282696 -0.561 0.04
-0.231449 2.85911 -0.916442 -1.08545 -0.575929 0.18
-0.28909 3.00946 0.245408 2.42293 0.640024 0.18
-0.246871 3.24676 0.793152 3.37518 0.810691 0.08
-0.209389 3.38796 1.07519 3.64366 0.954371 0.04
-0.0379111 3.81186 1.75197 3.1434 0.953133 0.12
0.311863 4.15824 2.63505 1.06629 0.986666 0.16
0.364234 4.17486 2.6025 0.598311 -0.0202403 0.02
0.527305 4.1819 2.83412 -0.348564 0.697789 0.06
0.760126 4.1017 2.98427 -1.61399 0.435098 0.08
1.0355 3.49517 -0.300326 -8.84909 0.348796 0.14
1.02756 3.31532 -0.486863 -9.10824 -0.846173 0.02
1.01615 3.13165 -0.645259 -9.22489 -0.951787 0.02
0.901143 2.00983 -0.89994 -6.15911 -0.960788 0.14
0.782843 1.48812 -1.16155 -2.59597 -0.669306 0.12
0.549704 1.41096 -1.76552 1.46927 -0.514602 0.16
0.0776763 2.07977 -2.85811 4.7063 -0.991804 0.2
-0.0386892 2.27482 -2.96104 5.01717 -0.747783 0.04
-0.497036 2.94659 -3.68178 4.01195 -0.841639 0.14
-1.06177 3.58753 0.0231534 11.3794 -0.996309 0.16
-1.05591 3.82024 0.469114 11.6631 0.905181 0.02
-1.0452 4.04889 0.560318 11.1178 0.936894 0.02
-1.00201 5.5378 0.0266077 4.49678 -0.937165 0.2
-1.00036 6.11216 -0.000421771 1.77067 -0.391557 0.2
-0.97086 6.19536 0.58063 -0.00589075 0.577841 0.1
-0.959689 6.19588 0.536448 0.0580862 -0.26395 0.02
-0.949093 6.19694 0.523193 0.0480891 -0.0969188 0.02
-0.861144 6.18877 0.453795 -0.135407 -0.0652346 0.18
-0.808107 6.1858 0.211247 0.0824165 -0.193863 0.16
-0.788024 6.19183 0.123013 0.0238589 -0.110752 0.12
-0.785552 6.19186 0.12416 -0.0208088 -0.0232232 0.02
-0.776652 6.18781 0.0540038 -0.0610657 -0.10546 0.1
-0.775865 6.18687 0.0247092 -0.0339773 -0.189552 0.02
-0.911911 6.46289 -1.38389 2.849 -0.807117 0.2
-1.01545 6.68296 0.0482338 0.172365 0.592612 0.12
-0.929676 6.73263 0.785077 0.403805 0.535277 0.2
-0.892352 6.74391 1.08032 0.166992 0.987768 0.04
-0.846612 6.75333 1.20664 0.303782 0.508138 0.04
-0.801058 6.77915 1.07213 0.980698 -0.253113 0.04
-0.778455 6.79829 1.18789 0.935598 0.804633 0.02
-0.623859 6.87287 1.89764 0.61317 0.987132 0.1
-0.366869 6.97849 2.38387 1.18362 0.650431 0.12
0.000614489 7.2203 2.87179 2.34188 0.575252 0.14
0.475631 7.77957 3.13296 4.67319 0.167629 0.16
1.07031 8.73327 0.0679014 0.112767 0.710693 0.18
