-0.0604196 -1.35207 0.0536842 -0.0273513 0 0
-0.0347754 -1.70258 0.164669 -3.6834 0.129202 0.18
-0.0226466 -2.04918 0.121288 -4.94003 0.252259 0.08
-0.020796 -2.25979 -0.0316671 -5.58 -0.07953 0.04
-0.0302567 -2.50233 -0.444676 -6.5428 -0.855325 0.04
-0.128358 -3.25794 -1.41804 -8.09899 -0.992255 0.1
-0.430049 -4.42712 -1.91998 -4.27832 -0.973752 0.18
-0.563562 -4.66883 -1.4489 -1.86154 0.619717 0.08
-0.651014 -4.73446 -1.47126 -0.350238 -0.09028 0.06
-0.705728 -4.72991 -1.26433 0.568204 0.733069 0.04
-0.857971 -4.56777 -1.76385 2.58633 -0.787236 0.1
-0.959607 -4.37799 -1.61413 3.72728 0.131822 0.06
-1.01094 -3.5442 0.17179 6.89964 -0.951997 0.14
-0.911927 -2.50988 1.01507 6.78861 0.962009 0.14
-0.678988 -1.67749 1.69929 2.34203 0.983703 0.18
-0.607189 -1.60438 1.8944 1.31883 0.791152 0.04
-0.292851 -1.65113 2.58818 -1.85265 0.751783 0.14
-0.132302 -1.79607 2.75586 -2.94905 0.551389 0.06
0.291252 -2.33037 3.28094 -4.40617 0.816466 0.14
0.355366 -2.42286 3.12975 -4.84049 -0.603228 0.02
0.940217 -3.06374 4.28769 -2.56073 0.973307 0.16
1.03896 -4.23053 -0.573328 -11.1597 0.97174 0.12
0.954929 -5.60783 -0.817439 -4.35822 -0.881406 0.18
0.93017 -6.46431 0.58941 -4.95512 0.897507 0.2
0.973423 -6.8494 0.493379 -4.79541 -0.0151793 0.08
1.00359 -7.78414 -0.0581639 -5.9601 0.826671 0.18
0.979874 -8.5949 -0.368927 -7.49293 0.297121 0.12
0.946041 -9.06944 -0.733722 -8.21019 -0.229058 0.06
0.892921 -9.56677 -0.97748 -8.12035 -0.505447 0.06
0.873107 -9.72629 -0.998891 -7.80879 -0.589238 0.02
0.799241 -10.5145 -0.0451321 -2.32276 0.263207 0.16
