-0.163623 2.76826 -0.0723921 0.0274134 0 0
-0.0655569 3.08462 1.2668 3.5465 0.882033 0.16
0.0982777 3.48712 1.96734 4.21421 0.95764 0.1
0.225771 3.73085 2.27373 3.83342 0.943279 0.06
0.772614 4.21824 3.22868 0.86684 0.914759 0.2
1.01908 3.6953 -0.302923 -5.81048 0.701609 0.18
0.858311 2.59414 -1.45631 -6.69421 -0.97034 0.16
0.594373 1.81483 -1.9237 -2.92024 -0.894799 0.16
0.195864 1.68548 -2.53363 1.30742 -0.577715 0.18
0.144525 1.71561 -2.59968 1.70217 -0.569554 0.02
-0.0188134 1.84987 -2.83865 2.74038 -0.722606 0.06
-0.392477 2.26415 -3.37966 3.96422 -0.894529 0.12
-1.06926 3.22435 -0.0439815 12.5705 -0.84478 0.2
-1.05162 3.75059 0.62885 12.9542 0.726638 0.04
-0.998979 5.15471 0.29685 7.30815 0.956497 0.14
-1.0036 5.97772 -0.0118769 4.31125 -0.520963 0.14
-0.969864 6.54605 0.347244 2.56762 0.152993 0.18
-0.964096 6.60054 0.229832 2.88191 -0.6482 0.02
-0.959979 6.72969 -0.0213461 3.57645 -0.719493 0.04
-0.931222 7.55735 0.363703 5.05358 0.148328 0.2
-0.914391 8.81831 -0.16299 6.87629 -0.899518 0.2
-0.914007 9.39017 0.1093 7.12438 0.218695 0.08
-0.899118 9.81202 0.348927 6.75117 0.788212 0.06
-0.876466 10.4822 0.0379376 2.866 0.191609 0.14
