-0.0526626 1.61547 0.0672072 0.0585509 0 0
-0.0165031 1.97334 0.39544 3.76532 0.142535 0.18
0.0540202 2.63695 0.612312 5.44847 -0.118551 0.14
0.123594 3.19121 0.716941 5.29373 0.081436 0.1
0.0694967 3.57149 -1.19897 -1.19476 -0.906612 0.2
-0.0957748 3.32569 -2.09771 -3.57307 -0.947199 0.1
-0.346892 2.89745 -2.87873 -4.68294 -0.991639 0.1
-0.952077 2.24928 -3.1865 -1.53422 -0.513586 0.2
-1.04491 2.42044 0.426121 5.03164 -0.486724 0.08
-0.927493 3.25306 1.13853 6.20976 0.485216 0.14
-0.691946 4.13173 1.45916 3.09092 0.633597 0.18
-0.450413 4.3656 2.02138 0.286606 0.759571 0.14
-0.128407 4.23296 2.5689 -2.04659 0.691927 0.14
-0.0240632 4.13948 2.64682 -2.61324 0.478305 0.04
0.590591 3.52355 3.55501 -2.9085 0.775306 0.2
1.02797 2.77344 0.247706 -9.72096 -0.615179 0.16
1.02843 2.57443 -0.133695 -10.0069 -0.795863 0.02
0.962557 1.19479 -0.696022 -3.53703 -0.991582 0.2
0.810499 0.96904 -0.857345 0.996065 0.0131635 0.2
0.601662 1.42628 -1.66357 4.46547 -0.727912 0.16
0.337001 2.18985 -2.07156 6.18052 -0.880006 0.14
0.261126 2.45371 -1.72008 7.00562 0.569249 0.04
0.0107309 3.18903 -2.58863 4.63117 -0.96014 0.12
-0.688466 3.49869 -4.35738 -1.2788 -0.873816 0.2
-0.865223 3.43763 -4.47928 -1.75803 -0.303148 0.04
-1.043 4.10517 0.670399 7.53511 0.0229747 0.14
-0.902357 4.91621 1.27059 2.61977 0.988721 0.16
-0.742083 5.03103 1.94921 -0.271356 0.896772 0.1
-0.477081 4.83021 2.43697 -2.95584 0.571483 0.12
-0.152486 4.35152 2.93034 -4.85301 0.867726 0.12
-0.0337149 4.14839 3.00682 -5.28043 0.710789 0.04
0.0877404 3.93079 3.06815 -5.56814 0.653934 0.04
0.347087 3.49601 3.45379 -5.0855 0.87891 0.08
0.488179 3.30043 3.60971 -4.64528 0.527062 0.04
0.710663 3.04559 3.81907 -3.77311 0.333788 0.06
0.871087 2.91975 4.20174 -2.51735 0.932849 0.04
0.955059 2.87115 4.19571 -2.33887 -0.149267 0.02
1.07584 2.68159 0.744498 -9.43852 -0.422267 0.04
1.06704 2.25023 -0.679489 -10.9629 0.232632 0.04
0.9758 0.972723 -0.640318 -5.15361 -0.698033 0.16
0.826664 0.400704 -0.905015 -1.01078 -0.0527218 0.2
0.512397 0.659742 -2.18386 3.37198 -0.667685 0.2
0.468913 0.728671 -2.1642 3.52401 0.0927343 0.02
0.276425 1.0759 -2.61632 5.09503 -0.872435 0.08
-0.244017 2.22479 -3.05661 7.3051 -0.939403 0.18
-0.954523 3.44009 -4.37688 3.34519 -0.888458 0.2
-1.08432 3.89656 0.368883 12.0577 -0.0899211 0.06
-0.941916 5.65047 1.07418 4.99226 0.980687 0.2
-0.799315 5.98899 1.79549 1.90191 0.722672 0.1
-0.53931 6.36109 1.06918 2.52583 -0.50654 0.18
-0.408302 6.76104 0.798142 3.36228 -0.219071 0.14
-0.362675 6.97901 0.726908 3.92503 -0.156216 0.06
-0.298723 7.56146 0.401925 5.73226 -0.549488 0.12
-0.281791 7.80096 0.45179 6.24501 -0.30308 0.04
-0.195269 8.50212 1.32032 7.91086 0.502384 0.1
-0.14275 8.82127 1.29178 7.98311 -0.747751 0.04
-0.0900865 9.14109 1.32029 7.91987 -0.261667 0.04
0.0192632 10.0668 -0.154422 2.05352 -0.680518 0.18
