0.0139437 2.35912 0.0966928 0.0435346 0 0
0.182873 2.8376 1.80429 4.97602 0.982829 0.18
0.642663 3.86693 2.60713 4.11211 0.721046 0.2
1.03151 4.06702 -0.077475 -3.53668 -0.19812 0.2
1.00777 3.64107 -0.177713 -4.48062 0.470367 0.1
1.00292 3.54807 -0.306753 -4.81176 -0.568856 0.02
0.876313 2.73565 -1.35975 -5.98593 -0.972107 0.14
0.583687 1.95044 -1.94002 -2.47798 -0.851679 0.18
0.273899 1.81852 -2.50627 0.513585 -0.711369 0.14
-0.124001 2.05495 -3.15915 2.69347 -0.814865 0.14
-0.840083 2.71686 -4.05144 3.26211 -0.800759 0.2
-0.921802 2.78136 -4.12146 3.18106 -0.545303 0.02
-1.05546 3.2305 0.0368601 12.4049 -0.760889 0.06
-1.04029 3.73734 0.502822 12.3465 0.639721 0.04
-1.02257 4.1991 0.358688 10.6895 0.00516482 0.04
-0.977746 5.41664 0.54482 4.69949 0.906791 0.16
-0.899498 6.03375 0.252815 2.0295 -0.284556 0.2
-0.882699 6.29537 -0.0287953 1.89417 -0.294565 0.14
-0.883415 6.3331 -0.0431728 1.88248 -0.113593 0.02
-0.936648 6.66743 -0.835978 3.74145 -0.756387 0.12
-0.972331 6.86931 -0.363082 3.07842 0.901308 0.06
-1.00519 7.46502 0.0742492 4.33925 -0.570442 0.16
-1.00061 8.21828 0.00862749 6.33435 -0.78354 0.14
-1.00028 8.75406 0.000196781 6.94803 -0.762173 0.08
-1.00059 9.30763 -0.00499038 6.74239 -0.876434 0.08
-1.00078 10.3407 0.000667658 3.06978 -0.53756 0.2
