-0.0806897 -0.815639 0.00374655 0.0550959 0 0
-0.124028 -1.06208 -0.464034 -2.49814 -0.429493 0.2
-0.17934 -1.79937 -0.269464 -5.53276 0.352845 0.18
-0.252728 -2.71203 -0.764828 -7.23688 0.0471571 0.14
-0.463802 -4.03897 -1.08708 -4.62967 -0.511591 0.2
-0.672495 -4.44164 -1.09947 0.358969 -0.238857 0.2
-0.992379 -4.06024 -2.06923 3.07273 -0.840494 0.2
-1.0223 -3.97906 -0.767469 5.28747 0.662937 0.02
-1.02961 -3.8585 -0.069169 6.59642 -0.597623 0.02
-1.02098 -3.57106 0.441864 7.64577 0.884815 0.04
-0.995064 -3.25099 0.834566 8.27178 0.947139 0.04
-0.956883 -2.91955 1.04724 8.18385 0.860465 0.04
-0.762421 -1.87601 1.39946 4.47018 0.937219 0.16
-0.373608 -1.5128 2.58223 -0.719731 0.961279 0.2
0.0116801 -1.81545 2.88086 -3.45966 0.42481 0.14
0.542001 -2.64259 3.01309 -5.24581 0.442212 0.18
1.07899 -3.57503 -0.346445 -12.0643 0.9774 0.18
1.06765 -3.81931 -0.697832 -12.1467 -0.979764 0.02
1.03991 -4.27648 -0.60704 -10.574 0.395746 0.04
0.950743 -5.5643 -0.812418 -3.97945 -0.774809 0.18
0.847862 -6.15879 -0.199425 -2.54973 0.467602 0.2
0.912156 -6.84545 0.827361 -4.63103 0.636136 0.2
0.944443 -7.03396 0.785281 -4.81443 0.00303743 0.04
1.01414 -7.46321 0.369818 -5.32998 0.755144 0.08
0.978449 -8.29645 -0.652883 -6.95759 -0.166558 0.14
0.809131 -9.65637 -0.917962 -6.77026 0.0753484 0.18
0.647 -10.4621 -1.37462 -4.34746 -0.937616 0.14
0.537013 -10.723 -1.40118 -2.21282 -0.358315 0.08
