0.114164 0.346266 -0.0480374 0.0075554 0 0
0.0448248 0.537913 -1.08271 3.08244 -0.917723 0.12
-0.290214 1.54339 -2.05578 6.62497 -0.895147 0.2
-0.485044 2.26752 -1.82338 7.80582 -0.448834 0.1
-0.613986 3.14526 -0.870166 9.29792 0.723738 0.1
-0.881151 4.23869 -2.01295 2.96208 -0.275285 0.18
-1.01418 4.53088 0.233392 0.126081 -0.508371 0.18
-1.00122 4.46739 0.0857882 -1.67646 -0.184303 0.08
-0.983202 4.28049 0.355412 -2.93781 0.635672 0.08
-0.911903 3.8611 0.836097 -3.83544 0.782139 0.12
-0.928698 2.7064 -0.775364 -6.31524 -0.945343 0.2
-0.86983 2.24867 1.20862 1.08479 0.9526 0.2
-0.550477 2.8134 2.35985 4.8747 0.612534 0.18
-0.0875074 3.69149 3.26602 5.15049 0.86112 0.16
0.251017 4.11513 3.51782 3.24835 0.771035 0.1
0.725985 4.31537 3.30565 -0.247211 0.0180532 0.14
1.03506 3.78059 -0.432828 -7.29483 0.000197359 0.16
0.989028 3.30401 -1.071 -8.45083 -0.92154 0.06
0.96629 3.13412 -1.19561 -8.50777 -0.778521 0.02
0.692536 1.81952 -1.52682 -3.95562 -0.803593 0.2
0.55692 1.58888 -1.88799 -1.82255 -0.836782 0.08
0.233892 1.57675 -2.72756 1.52526 -0.886835 0.14
-0.126154 1.89368 -3.24232 3.61302 -0.783866 0.12
-0.541786 2.39905 -3.68662 4.57088 -0.836615 0.12
-0.920934 2.86166 -3.93467 4.42593 -0.522795 0.1
-1.0539 3.09388 -1.33634 10.3585 0.403593 0.04
-1.05919 3.60436 0.488346 13.6349 0.780622 0.04
-1.03654 4.12787 0.535388 12.293 0.936202 0.04
-0.954226 5.77961 0.869884 4.45943 0.967066 0.2
-0.915874 6.5502 -0.388522 5.62839 -0.984644 0.16
-0.934707 6.78159 -0.547911 5.95436 -0.649211 0.04
-0.996173 7.41439 -0.637182 6.76175 -0.480263 0.1
-0.98397 8.58051 0.43736 8.21283 -0.285281 0.16
-0.918344 9.43501 0.732372 8.31138 0.0112062 0.1
-0.904825 9.5956 0.614348 7.72682 -0.325273 0.02
-0.851817 10.464 0.104603 3.10184 0.101894 0.16
