-0.127208 -2.46938 -0.0133804 0.0387093 0 0
-0.284358 -2.93242 -1.73572 -4.80949 -0.992776 0.18
-0.31909 -3.02793 -1.73548 -4.72963 -0.0192011 0.02
-0.354144 -3.1222 -1.76808 -4.68586 -0.260727 0.02
-0.823818 -4.03038 -2.81184 -3.42291 -0.956078 0.2
-1.04681 -4.18991 -0.0500533 1.97709 -0.519186 0.1
-0.953387 -3.64831 1.16377 5.31825 0.589512 0.14
-0.791184 -3.02687 2.01008 6.71575 0.932062 0.1
-0.706999 -2.76189 2.18492 6.45861 0.895087 0.04
-0.316925 -1.95871 2.72172 3.29444 0.941145 0.16
0.248516 -1.73859 3.60565 -0.734106 0.845793 0.18
1.05855 -2.23601 1.68657 -7.5265 0.975147 0.2
1.05442 -2.86127 -0.762259 -11.5421 -0.581708 0.06
1.0372 -3.09389 -0.944263 -11.6679 -0.895022 0.02
1.01717 -3.32606 -1.04256 -11.4932 -0.972348 0.02
0.823699 -4.96606 -1.12286 -4.75915 -0.984214 0.2
0.750104 -5.19481 -1.35147 -2.87833 -0.59323 0.06
0.600841 -5.49651 -0.153263 -0.499991 0.922323 0.2
0.596079 -5.50024 -0.322677 0.123083 -0.892593 0.02
0.590879 -5.49664 -0.197371 0.237308 0.953516 0.02
