0.179471 -1.92736 0.0132129 0.0110065 0 0
0.176035 -1.94735 -0.185503 -1.00023 -0.576396 0.04
0.0346712 -2.51807 -1.46247 -5.24125 -0.7069 0.18
-0.0254612 -2.73391 -1.53819 -5.50936 0.00920676 0.04
-0.125118 -3.07688 -1.76107 -5.79543 -0.370245 0.06
-0.160908 -3.1924 -1.81498 -5.74029 -0.440119 0.02
-0.28022 -3.53752 -2.13663 -5.61855 -0.921181 0.06
-0.724179 -4.29269 -2.82782 -2.45776 -0.915783 0.18
-1.03472 -4.33896 0.000585152 2.8294 -0.0351248 0.14
-1.01397 -4.1206 0.608805 4.36681 0.83718 0.06
-0.87574 -3.43187 1.6964 6.94702 0.793217 0.12
-0.801658 -3.14509 1.98982 7.30669 0.831422 0.04
-0.717757 -2.85388 2.18581 7.16151 0.885261 0.04
-0.53418 -2.33145 2.38312 5.72914 0.912392 0.08
-0.386074 -2.02923 2.5658 4.32564 0.958762 0.06
-0.0437621 -1.68486 3.18601 1.41455 0.982719 0.12
0.624824 -1.78902 4.22465 -2.34 0.917417 0.18
0.709056 -1.83972 4.1977 -2.72767 0.0089103 0.02
1.0375 -2.11753 3.27163 -5.08535 -0.0507195 0.08
1.06448 -2.6698 -0.720759 -11.0963 -0.86809 0.06
1.02572 -3.12706 -1.16338 -11.5883 -0.966021 0.04
1.00162 -3.35675 -1.23045 -11.3281 -0.871091 0.02
0.778814 -4.95079 -1.24403 -4.55566 -0.912278 0.2
0.49842 -5.26796 -2.33088 0.476589 -0.869188 0.16
0.112962 -4.95872 -3.11764 3.74303 -0.763474 0.14
-0.377041 -4.15659 -2.92056 6.19473 -0.23827 0.16
-0.892943 -3.20443 -3.71448 4.74448 -0.87667 0.16
-1.03171 -2.26806 0.326971 11.7932 0.491789 0.1
-0.974856 -0.767752 0.626852 4.95707 0.982824 0.18
-0.797626 -0.430024 1.93898 0.0505367 0.984886 0.14
-0.757112 -0.43468 2.11195 -0.512269 0.883532 0.02
-0.183142 -1.01865 3.50053 -5.01124 0.863545 0.2
0.0913406 -1.45518 3.33758 -5.93503 0.0989676 0.08
0.804647 -2.81505 3.911 -6.6182 0.957275 0.2
1.0324 -4.34065 -0.418002 -13.3221 0.989589 0.14
1.00498 -5.64816 -0.0822252 -8.90143 0.423845 0.12
1.00105 -6.4405 -0.0150003 -7.24927 0.574211 0.1
0.999423 -7.75854 -0.0467226 -7.9297 0.663143 0.18
0.998569 -7.91922 -0.0404752 -8.13686 0.988445 0.02
0.770218 -9.69242 -2.16649 -10.6955 -0.904286 0.18
0.603673 -10.7824 0.0129485 -2.46758 0.92561 0.18
