0.0494846 -1.65277 -0.0751019 -0.00947073 0 0
0.0190286 -1.81624 -0.452624 -2.65006 -0.374863 0.12
-0.0514506 -2.52773 -0.356533 -4.87461 0.345069 0.18
-0.0986144 -2.96367 -0.798722 -5.85486 -0.470521 0.08
-0.273837 -3.8106 -1.564 -5.44225 -0.951176 0.14
-0.595349 -4.40739 -1.7661 -0.648517 -0.460301 0.2
-1.01927 -4.16866 -1.99483 3.30143 -0.62728 0.2
-1.00952 -3.50534 0.921446 8.17602 0.986214 0.1
-0.937214 -2.99203 1.42583 8.67125 0.989108 0.06
-0.814915 -2.35001 1.58155 7.11308 0.951653 0.08
-0.43982 -1.48198 2.37432 1.56007 0.963158 0.2
-0.0420911 -1.51545 3.299 -1.89388 0.948133 0.14
0.620618 -2.25506 3.22836 -5.24171 0.233278 0.2
1.02572 -2.89175 2.92615 -6.48222 0.65094 0.12
1.03194 -4.1062 -0.478341 -11.8592 0.000493737 0.1
1.00353 -5.23389 -0.106692 -7.22339 -0.518666 0.12
1.00069 -6.24686 0.000349753 -3.65194 0.889285 0.2
0.998839 -6.31427 -0.184842 -3.09893 -0.921787 0.02
0.989468 -6.49911 -0.124323 -3.11202 0.156765 0.06
0.91035 -7.00151 -0.723113 -2.90691 -0.4115 0.18
0.83236 -7.56219 -0.456716 -5.05774 0.34337 0.14
0.801605 -8.01453 -0.34031 -6.21018 0.65348 0.08
0.722097 -9.00799 -0.763078 -7.67094 0.194076 0.14
0.623012 -9.96399 -0.484749 -5.20466 0.01133 0.14
0.605868 -10.2152 -0.102362 -3.20836 0.368935 0.06
