-0.168241 1.31129 0.0953246 0.0101894 0 0
-0.285158 1.77835 -1.16065 4.20768 -0.969497 0.2
-0.357157 2.05627 -1.23178 5.01946 -0.542976 0.06
-0.43687 2.51583 -0.753467 6.4222 0.320841 0.08
-0.451703 2.64521 -0.732251 6.50299 -0.231309 0.02
-0.515345 3.82408 -0.230758 5.27635 0.528786 0.18
-0.637426 4.19379 -1.42248 0.339583 -0.816369 0.14
-0.718441 4.18264 -1.27765 -0.69226 0.45863 0.06
-0.925798 3.90851 -2.20604 -3.81866 -0.831896 0.12
-0.970451 3.82931 -2.25934 -4.09675 -0.0984636 0.02
-0.97054 3.68761 0.706333 -0.498992 0.526033 0.2
-0.752794 3.60975 1.71693 -0.303971 0.803449 0.18
-0.354302 3.58463 2.70884 0.0245954 0.787344 0.18
-0.299485 3.58448 2.77285 -0.0387204 0.527672 0.02
-0.196167 3.55912 2.39422 -1.21198 -0.936061 0.04
0.234547 3.39043 3.00214 -0.774004 0.538226 0.16
0.895157 3.29803 3.60809 -0.101855 0.41922 0.2
1.02311 3.25334 1.7359 -4.59527 -0.73477 0.04
1.01915 2.4502 -0.433085 -7.8139 -0.94971 0.1
1.00154 2.16012 -0.452328 -6.67787 -0.920331 0.04
0.896909 1.44121 -0.888055 -1.43877 -0.671016 0.18
0.739213 1.4581 -1.7351 1.61423 -0.979601 0.12
0.29015 2.13923 -2.66689 4.71036 -0.889444 0.2
-0.351218 3.01666 -3.91319 3.01883 -0.957742 0.2
-0.512755 3.12348 -4.16582 2.30707 -0.691776 0.04
-0.680926 3.20899 -4.24425 1.95535 -0.192075 0.04
-1.07481 3.86915 0.751008 11.4858 -0.663018 0.14
-1.00638 4.83053 0.611596 7.69445 0.994669 0.1
-0.964716 5.86551 0.0037703 3.32601 -0.277252 0.2
-0.903295 6.04919 1.01119 -0.0751675 0.826028 0.12
-0.627295 5.7202 2.39543 -3.90378 0.959543 0.16
-0.473295 5.45355 2.72279 -4.96545 0.793804 0.06
-0.054406 4.60451 3.15107 -7.01718 0.898351 0.14
0.00869206 4.46187 3.1576 -7.24337 0.841975 0.02
0.0720264 4.31503 3.1755 -7.43509 0.954266 0.02
0.784339 2.94846 4.3451 -4.44342 0.982937 0.2
1.05124 2.46571 0.344142 -11.483 0.46322 0.08
1.00643 0.916285 -0.118733 -7.05349 -0.0218173 0.16
0.875475 0.20305 -1.44667 -1.20332 -0.810279 0.18
0.586814 0.129831 -1.74564 0.237782 -0.13853 0.18
0.206423 0.432556 -2.98508 3.49545 -0.863652 0.16
-0.1247 0.876751 -3.59514 5.33301 -0.87245 0.1
-0.271683 1.10252 -3.74475 5.94483 -0.840414 0.04
-0.739415 1.91352 -3.98417 7.45725 -0.960127 0.12
-0.890404 2.22727 -3.55965 8.25087 0.553574 0.04
-1.06673 3.11155 0.290945 15.9932 -0.773942 0.08
-1.0123 4.83208 0.217001 11.6805 0.973407 0.12
-1.00434 5.46535 0.0747915 9.5336 0.0915185 0.06
-1.00008 7.01654 0.0146126 7.13823 -0.369186 0.2
-0.999145 7.1592 0.0800864 7.13615 -0.0709592 0.02
-0.999627 8.4345 0.0224708 8.71643 -0.910032 0.16
-1.00243 9.46225 -0.0435943 8.10358 -0.778817 0.12
-1.00275 9.62258 0.0037254 7.89939 0.119745 0.02
-1.00053 10.6648 0.00382145 3.35579 0.0323514 0.18
