0.0898171 2.51288 -0.096955 0.0409249 0 0
0.124064 2.79979 0.465529 2.83719 0.233875 0.18
0.183774 3.0802 1.01211 4.03814 0.736863 0.08
0.464511 3.8472 1.99475 3.65081 0.899813 0.18
0.745451 4.09998 1.56691 -0.310028 -0.0943121 0.16
1.02105 3.64061 -0.120243 -6.124 0.458009 0.2
0.921879 2.66376 -1.09354 -6.82961 -0.929458 0.14
0.716933 1.85215 -1.53678 -3.14639 -0.886013 0.16
0.353446 1.71288 -2.13403 1.53163 -0.526442 0.2
-0.0539544 2.15648 -2.9249 3.7167 -0.902212 0.16
-0.300513 2.47213 -3.24735 4.05687 -0.814683 0.08
-1.05552 3.13563 -1.64278 8.41844 -0.916679 0.2
-1.07035 3.34344 -0.0856859 11.7358 -0.266542 0.02
-1.05303 3.83722 0.63972 12.1514 0.930628 0.04
-1.01124 4.8429 0.18814 8.06699 -0.99743 0.1
-0.945471 5.61854 0.948661 3.00654 0.919661 0.14
-0.843363 6.10284 0.0444992 2.33753 -0.647372 0.2
-0.940705 6.65303 -1.25397 4.73485 -0.974416 0.16
-0.991415 6.84529 -1.27995 4.89891 -0.20521 0.04
-1.00192 7.57383 0.0342709 4.77559 -0.458345 0.2
-0.993627 8.00131 0.198861 5.91963 -0.106667 0.08
-0.957087 9.07304 0.182972 6.8831 -0.524751 0.16
-0.94682 9.35088 0.313724 6.93037 0.306668 0.04
-0.941255 9.48571 0.238894 6.53475 -0.246365 0.02
-0.930676 10.2526 -0.105964 2.83784 0.114768 0.16
