-0.113106 1.51419 0.0524582 0.015632 0 0
-0.197219 1.93373 -0.818126 3.81132 -0.72741 0.2
-0.228672 2.09929 -0.750943 4.45614 -0.0956951 0.04
-0.244455 2.18995 -0.827429 4.60228 -0.866743 0.02
-0.298227 2.87129 -0.0886868 6.5054 0.437129 0.12
-0.244229 3.81746 0.680163 6.07404 0.951804 0.14
-0.163949 4.43686 0.277115 0.457872 0.0538402 0.2
-0.146743 4.39904 0.150953 -1.3638 -0.124172 0.08
-0.145232 4.36668 -0.000556282 -1.87081 -0.927808 0.02
-0.261063 3.74025 -1.53229 -5.97626 -0.983442 0.16
-0.401857 3.22485 -1.944 -6.67418 -0.43902 0.08
-0.442262 3.08973 -2.09223 -6.81627 -0.965849 0.02
-0.485268 2.95331 -2.20401 -6.80408 -0.91126 0.02
-0.958696 1.96392 -2.5652 -2.6964 -0.697089 0.2
-0.936303 2.2838 1.32299 4.46667 0.922595 0.2
-0.596923 3.28497 2.8047 7.30835 0.952276 0.16
-0.0826451 4.27047 2.92896 3.29755 0.602792 0.18
0.0360182 4.38265 3.00938 2.31698 0.559445 0.04
0.503405 4.49245 3.68483 -0.6672 0.817756 0.14
1.07226 4.09965 0.707427 -7.21968 0.409058 0.16
0.999167 3.14466 -1.35357 -10.4109 -0.92222 0.1
0.73637 1.65689 -1.5426 -5.46554 -0.975325 0.18
0.704866 1.55388 -1.61106 -4.83573 -0.911785 0.02
0.366534 1.17999 -2.70777 0.0933396 -0.9927 0.16
0.311862 1.18658 -2.75915 0.562566 -0.267009 0.02
-0.0645167 1.45205 -2.58157 3.1661 0.171533 0.14
-0.474929 2.05405 -3.23024 5.16667 -0.98427 0.14
-0.604985 2.26866 -3.27302 5.53722 -0.610382 0.04
-1.02139 2.92287 -3.06153 6.49914 -0.752862 0.12
-1.04184 3.90708 0.546398 12.9536 0.672162 0.08
-1.00818 4.98651 0.147448 8.79812 0.380581 0.1
-1.00036 6.13346 0.00571133 4.68452 -0.175223 0.18
-0.815704 6.57498 1.76019 0.502859 0.96058 0.2
-0.477193 6.7218 1.99515 1.20785 0.255606 0.18
-0.177631 7.06837 1.77034 3.16 -0.0779769 0.16
0.0705312 8.08622 0.912875 6.60645 -0.877824 0.2
0.0888303 8.2207 0.917829 6.83842 -0.6393 0.02
0.257362 9.50681 0.676935 6.14066 -0.480624 0.18
0.211405 10.0087 -1.11441 -0.276005 -0.909658 0.18
