0.121863 2.99428 -0.00262837 -0.0734805 0 0
0.0740954 2.92553 -0.582867 -0.685825 -0.467469 0.16
0.0671793 3.02168 0.451406 2.12105 0.893886 0.12
0.109749 3.19975 0.603266 2.24963 0.251568 0.08
0.225155 3.51448 1.28809 2.7423 0.78933 0.12
0.32187 3.52775 -0.17898 -2.27793 -0.78149 0.18
0.249679 3.12843 -0.992194 -4.08505 -0.734628 0.12
0.0114716 2.45178 -1.89764 -3.71668 -0.936695 0.16
-0.350074 2.05313 -2.6501 -1.17166 -0.909525 0.16
-0.40219 2.03515 -2.56212 -0.629963 0.411416 0.02
-0.957038 2.15245 -3.59848 1.73753 -0.956497 0.18
-1.06193 2.2895 -0.687369 6.47368 -0.134513 0.04
-0.998771 3.16953 1.21305 9.61993 0.964076 0.1
-0.810837 4.32123 1.38901 6.24708 0.953282 0.14
-0.540779 4.95277 1.7787 0.943504 0.53702 0.18
-0.1775 4.74283 2.21104 -3.05383 0.337679 0.18
0.125033 4.26224 2.79687 -4.76081 0.98895 0.12
0.352189 3.84972 2.88655 -5.44039 0.567513 0.08
1.04556 2.99425 1.61332 -8.31083 0.97554 0.2
1.04714 2.32367 -0.550097 -11.4674 -0.581152 0.06
0.961832 0.885236 -0.76622 -4.66005 -0.985084 0.18
0.904629 0.666229 -1.15684 -2.65821 -0.731988 0.06
0.787005 0.555004 -1.78637 -0.183793 -0.787102 0.08
0.282523 1.0271 -3.14347 4.55358 -0.812959 0.2
0.0967898 1.32133 -3.03559 5.2698 -0.032098 0.06
-0.571364 2.60451 -3.65158 6.76447 -0.996583 0.2
-1.07847 3.78571 0.323259 13.8677 -0.586452 0.16
-1.06755 4.06338 0.679297 13.7064 0.593548 0.02
-1.00723 5.59269 0.132371 8.62161 -0.161766 0.14
-0.983124 6.99859 0.25136 6.30503 -0.0634709 0.2
-0.963882 7.52855 0.260232 6.98287 -0.446316 0.08
-0.916148 8.61311 0.460781 8.41607 -0.633219 0.14
-0.904974 8.78526 0.655021 8.79277 0.470357 0.02
-0.889358 8.96578 0.903414 9.24803 0.880355 0.02
-0.871102 9.14996 0.913922 9.13842 -0.284221 0.02
-0.852387 9.33176 0.949092 9.00972 0.134473 0.02
-0.765286 10.4541 0.0326596 3.28468 -0.129946 0.18
