-0.193955 1.27194 -0.0942704 -0.0294049 0 0
-0.22999 1.39243 -0.609396 2.35239 -0.679277 0.1
-0.251075 1.79977 0.301481 4.5133 0.908358 0.12
-0.238472 1.99247 0.332901 5.11109 -0.276463 0.04
-0.118539 2.89485 1.36075 7.50807 0.516108 0.14
-0.0901853 3.04612 1.46949 7.59659 0.587529 0.02
0.00806351 3.50108 1.75791 7.34947 0.873114 0.06
0.280823 4.33528 2.1595 4.29971 0.9861 0.14
0.557099 4.65881 2.49567 1.14828 0.609856 0.12
0.958531 4.59404 3.22884 -1.9365 0.808516 0.14
0.917045 3.52687 -1.6944 -7.7906 -0.81774 0.2
0.882281 3.3701 -1.77686 -7.86497 -0.282587 0.02
0.722165 2.73849 -2.13393 -7.51699 -0.794673 0.08
0.259146 1.71201 -2.62782 -2.56028 -0.858109 0.2
-0.00655138 1.58585 -2.70287 -0.0274718 -0.18752 0.1
-0.408695 1.79239 -3.01325 2.83977 -0.412212 0.14
-0.772981 2.24769 -3.0324 4.62155 -0.331281 0.12
-1.04226 3.51152 0.559988 11.9551 -0.887036 0.16
-0.978938 5.04788 0.44549 5.2838 0.963892 0.18
-0.750051 5.4312 1.94098 -1.23163 0.894208 0.2
-0.355033 4.92602 2.89445 -4.79873 0.858535 0.16
-0.18482 4.61207 2.76499 -5.67085 0.107052 0.06
0.296642 3.60607 3.3235 -6.23348 0.989812 0.16
0.364252 3.48395 3.44127 -5.96081 0.908746 0.02
0.907484 2.85305 4.38741 -2.67762 0.687325 0.14
1.07627 2.5105 0.0327059 -11.0067 0.652237 0.06
1.0698 2.28397 -0.558728 -11.3825 -0.788352 0.02
1.05676 2.06099 -0.691972 -10.8266 -0.957421 0.02
0.918195 0.653446 -1.15905 -3.42691 -0.871736 0.2
0.809148 0.382092 -1.02213 -2.13365 0.293705 0.1
0.439087 0.492 -2.63337 2.91809 -0.838191 0.2
0.0103616 1.09267 -3.40594 5.52894 -0.824418 0.14
-0.266737 1.57888 -3.48947 6.60501 -0.661499 0.08
-0.405156 1.85317 -3.4259 7.10671 -0.5146 0.04
-1.0432 3.46819 -0.28393 14.1904 -0.821167 0.2
-1.04278 3.75869 0.230799 14.6103 0.526355 0.02
-1.0031 5.78613 0.0528724 8.27869 -0.179819 0.18
-1.00052 6.94255 0.00229593 6.87362 -0.733602 0.16
-0.909281 8.04121 1.1961 7.5021 0.446841 0.16
-0.49186 9.82303 2.53314 8.6878 0.494037 0.2
-0.34409 10.2898 2.39202 6.82781 0.564647 0.06
0.0213481 10.9796 1.85372 1.24346 -0.0487751 0.18
