0.161306 2.31649 0.0438738 -0.0869279 0 0
0.174617 2.35816 0.399956 1.44875 0.585958 0.06
0.216903 2.60914 0.30042 2.58915 -0.262703 0.12
0.236297 2.73325 0.669507 3.59709 0.933042 0.04
0.486538 3.61112 1.94307 5.07809 0.927484 0.18
0.760623 4.11758 2.00812 2.11948 0.436481 0.14
0.8427 4.18641 2.0982 1.32568 0.534329 0.04
1.02565 4.18229 0.207333 -2.82317 0.906587 0.1
0.83767 3.08404 -1.89075 -7.31092 -0.970486 0.2
0.79883 2.93826 -1.98831 -7.24468 -0.866039 0.02
0.389898 1.90861 -2.56182 -3.68428 -0.957996 0.18
-0.0904803 1.63053 -3.49529 0.148172 -0.978937 0.16
-0.388129 1.71003 -3.9394 1.78905 -0.876628 0.08
-0.957814 2.12981 -4.16234 4.03948 -0.467706 0.14
-1.03993 2.21465 -3.31615 5.49276 0.394409 0.02
-1.05031 3.06769 0.87212 12.1676 0.610869 0.08
-1.03177 3.30968 0.96395 11.97 0.914918 0.02
-0.975665 3.97496 0.847753 9.99662 0.977625 0.06
-0.82703 5.18422 1.15286 3.61124 0.932756 0.18
-0.5512 5.35251 2.3195 -1.32844 0.837245 0.16
-0.398947 5.2258 2.7444 -2.85401 0.890017 0.06
-0.0465328 4.74854 3.07172 -4.99697 0.568905 0.12
0.256111 4.1763 2.95098 -6.39856 0.363741 0.1
0.312742 4.04343 2.71032 -6.89314 -0.955502 0.02
0.862792 2.93825 3.67194 -4.11248 0.776269 0.18
1.0521 2.22788 -0.465264 -10.639 0.542783 0.1
1.00419 0.980255 -0.0732468 -5.25021 0.547308 0.16
0.820623 0.636474 -1.82533 1.50853 -0.960583 0.2
0.568817 0.960472 -2.33466 3.81626 -0.510025 0.12
0.471784 1.12833 -2.50963 4.563 -0.737028 0.04
-0.101451 2.33462 -3.115 6.95359 -0.958868 0.2
-0.512486 3.09771 -3.87697 5.11136 -0.978873 0.12
-0.851282 3.41038 -4.59893 2.65913 -0.867598 0.08
-0.943805 3.46016 -4.65343 2.3173 -0.16991 0.02
-1.08655 3.86682 0.328832 11.6854 -0.923287 0.06
-0.95971 5.47299 0.941419 5.56284 0.981513 0.18
-0.895737 6.08127 0.134078 4.91648 -0.838568 0.12
-0.802294 6.71739 0.854026 2.82102 0.393485 0.18
-0.745636 7.09075 0.309701 4.61139 -0.682049 0.1
-0.691184 7.706 0.638776 5.76255 0.110614 0.12
-0.64176 8.34628 0.376655 6.91208 -0.975092 0.1
-0.527514 9.56572 0.813056 7.26347 0.0385932 0.16
-0.459549 10.3897 0.0200997 1.96897 -0.131731 0.18
