0.105807 1.6248 -0.042063 0.00336861 0 0
0.153103 1.98211 0.63089 3.85636 0.411744 0.18
0.166376 2.06284 0.697454 4.21569 0.152725 0.02
0.194287 2.24172 0.699468 4.70942 -0.329554 0.04
0.292426 2.95906 0.628457 5.02951 -0.276837 0.14
0.439634 3.74122 1.10439 4.04429 0.583176 0.16
0.596005 4.10422 1.16456 1.16558 0.352863 0.14
0.732559 4.14394 1.57042 -0.338965 0.719157 0.1
1.03422 3.68923 -0.3236 -6.55201 0.992279 0.2
0.974764 3.10181 -1.10219 -7.83737 -0.989266 0.08
0.951514 2.94517 -1.21681 -7.79998 -0.963848 0.02
0.658584 1.78308 -1.76496 -3.32824 -0.917173 0.2
0.324127 1.57839 -2.4571 0.652202 -0.705793 0.16
0.221459 1.62177 -2.67435 1.50332 -0.830253 0.04
0.0575424 1.74764 -2.78237 2.66699 -0.381678 0.06
-0.432984 2.34576 -3.32569 4.4679 -0.760899 0.16
-0.873305 2.84777 -4.07057 3.53449 -0.956584 0.12
-1.06239 3.68286 0.632852 13.2502 0.206348 0.1
-1.027 4.4092 0.438799 10.7744 -0.180616 0.06
-0.961143 5.83219 0.688009 3.79208 0.63264 0.2
-0.937003 6.55996 -0.432697 4.79838 -0.792517 0.18
-1.00894 7.39745 0.0555137 5.22466 -0.502922 0.16
-1.00441 7.7332 0.0662219 6.00003 -0.865627 0.06
-0.981406 8.99514 0.155908 7.48617 -0.541256 0.18
-0.971681 9.2986 0.310922 7.60046 0.289133 0.04
-0.960846 9.94263 -0.147177 5.01088 -0.18615 0.1
-0.997856 10.2296 -0.74972 2.24962 -0.57047 0.08
