-0.105632 -0.500395 -0.0988643 0.00260596 0 0
-0.0120768 -0.932556 0.950874 -4.10346 0.576206 0.2
0.0837373 -1.4099 0.928421 -5.45031 0.207727 0.1
0.131339 -1.88994 0.234151 -6.65031 -0.693755 0.08
0.117646 -2.48699 -0.592691 -8.31296 -0.653822 0.08
0.103591 -2.65748 -0.810202 -8.72472 -0.735237 0.02
0.0653489 -3.01454 -1.07474 -9.02204 -0.504251 0.04
-0.151042 -4.28912 -1.46636 -5.95162 -0.96009 0.16
-0.480441 -4.8931 -2.3455 -0.807349 -0.929634 0.18
-0.983529 -4.60321 -2.62069 3.45297 -0.239687 0.2
-0.925769 -3.47135 1.55769 8.44069 0.904009 0.18
-0.736026 -2.61358 2.06648 7.99613 0.907662 0.1
-0.284604 -1.55378 2.6421 2.50989 0.944869 0.2
0.140497 -1.46295 3.44549 -1.10137 0.834584 0.14
0.278356 -1.52386 3.44479 -1.93567 0.0416149 0.04
0.983582 -2.14549 4.32608 -4.55837 0.949622 0.18
1.04709 -2.94696 -0.621796 -12.2251 -0.486588 0.08
1.01734 -3.43227 -0.793622 -11.7996 -0.872318 0.04
0.904097 -4.9716 -0.708105 -5.34813 -0.972207 0.18
0.6616 -5.38252 -2.09284 0.653646 -0.970922 0.18
0.196568 -4.88662 -2.9658 4.55669 -0.689547 0.18
0.0766342 -4.6916 -3.02431 5.18428 -0.569468 0.04
-0.361809 -3.85048 -3.23124 6.52253 -0.750895 0.14
-0.873205 -3.07084 -4.22332 3.89949 -0.939161 0.14
-1.05265 -1.99773 0.704686 11.8029 0.487765 0.12
-0.971342 -0.612987 0.694571 5.74867 0.809827 0.16
-0.69857 -0.134369 2.34935 0.0375403 0.95059 0.18
-0.352084 -0.298104 3.41274 -2.7097 0.976153 0.12
0.0274124 -0.671083 4.14755 -4.71333 0.927974 0.1
0.754145 -1.63954 4.78161 -7.1722 0.996302 0.16
1.03729 -2.09113 3.81471 -8.85379 0.568697 0.06
1.08023 -2.31219 0.892823 -12.8474 0.746642 0.02
1.08372 -2.59278 -0.33483 -14.8913 0.793134 0.02
1.05406 -3.21019 -0.957007 -15.4926 -0.988575 0.04
1.0182 -3.80016 -0.751486 -13.7711 -0.944915 0.04
0.961103 -5.66083 -0.512881 -5.4378 -0.95683 0.2
0.908812 -6.57047 -0.012689 -4.41156 0.368753 0.2
0.857752 -7.02 -0.807344 -3.42543 -0.745469 0.12
0.710852 -7.7018 -1.09276 -5.22188 -0.104867 0.16
0.625937 -8.16528 -1.05416 -6.3271 0.559292 0.08
0.458945 -9.03328 -1.70406 -7.93176 -0.12875 0.12
0.423869 -9.19312 -1.79825 -8.02955 -0.335562 0.02
0.274097 -9.81007 -1.8636 -7.03315 -0.372521 0.08
0.144961 -10.2908 -0.782396 -2.7899 0.843534 0.1
