-0.103852 3.0937 0.041924 -0.016031 0 0
-0.106912 3.08291 -0.193815 -0.513644 -0.662319 0.04
-0.126981 3.03695 -0.472173 -0.992357 -0.551608 0.06
-0.230222 2.85048 -1.2269 -1.93678 -0.802884 0.12
-0.309919 2.86977 0.0669775 2.00575 0.920277 0.14
-0.304403 2.95827 0.206721 2.39762 0.345567 0.04
-0.229677 3.36991 0.814253 3.11738 0.555731 0.14
-0.186844 3.54346 -0.0819284 -0.133326 -0.679406 0.12
-0.389066 3.01908 -1.8667 -4.36485 -0.978845 0.2
-0.854307 2.26005 -2.72901 -2.56411 -0.838881 0.2
-1.00344 2.16639 -1.89772 -0.129985 0.79555 0.06
-1.02614 2.18801 -0.557273 2.03568 0.362478 0.02
-1.03057 2.24118 0.02264 3.14998 -0.534845 0.02
-0.970773 2.78135 0.88423 5.53544 0.527933 0.12
-0.902483 3.14153 1.36729 6.32942 0.883776 0.06
-0.809031 3.52414 1.71521 6.25214 0.976453 0.06
-0.416264 4.38601 2.28725 2.11444 0.805318 0.2
0.0139085 4.45347 3.10269 -1.15176 0.845529 0.16
0.501806 4.1478 3.84905 -3.01121 0.936112 0.14
0.650409 4.00899 3.57692 -3.92466 -0.5969 0.04
1.06401 2.93428 -0.644223 -13.4283 0.932666 0.16
0.996219 1.14266 -0.276398 -6.48525 -0.894786 0.18
0.79094 0.565852 -1.92334 0.504435 -0.961261 0.2
0.659138 0.648835 -2.46219 2.22426 -0.978903 0.06
0.115573 1.3977 -3.42537 5.78435 -0.860381 0.18
-0.0907365 1.7692 -3.43671 6.58356 -0.623225 0.06
-0.22978 2.04066 -3.51409 6.96427 -0.99289 0.04
-0.717869 3.05567 -3.6273 6.73887 -0.523217 0.14
-1.07047 4.17043 0.697902 12.6446 -0.902855 0.14
-0.997199 5.40079 0.605887 7.95677 0.99924 0.12
-0.995838 6.8295 -0.407766 7.12319 -0.65118 0.2
-0.973139 8.0904 0.582127 7.74033 -0.0361991 0.18
-0.897483 9.06864 0.575204 8.07835 -0.70575 0.12
-0.88504 9.23109 0.663275 8.1425 0.33081 0.02
-0.856144 9.55341 0.756328 7.86732 0.410931 0.04
-0.779635 10.5444 0.113423 2.09766 0.0493732 0.2
