-0.0720581 -2.87784 0.0416194 -0.0959745 0 0
-0.0704668 -2.92044 -0.00587833 -0.714114 0.0208236 0.1
-0.0722027 -2.93923 -0.167309 -1.15957 -0.834318 0.02
0.0189453 -2.92081 1.15836 1.18018 0.873156 0.18
0.25075 -2.68695 2.12348 1.9141 0.944251 0.14
0.725748 -2.40332 3.13954 1.02137 0.913379 0.18
1.04855 -2.62194 -0.18612 -6.91336 -0.267208 0.14
0.997639 -3.2392 -0.96349 -8.07305 -0.946935 0.08
0.956224 -3.55473 -1.08698 -7.61067 -0.841825 0.04
0.835762 -4.21173 -1.32482 -5.36297 -0.997848 0.1
0.474536 -4.76061 -2.42327 -0.166029 -0.994738 0.2
0.372712 -4.74821 -2.66712 0.77475 -0.885907 0.04
0.205047 -4.6629 -2.91603 2.03975 -0.654012 0.06
-0.106974 -4.37092 -3.3025 3.69904 -0.752087 0.1
-0.304677 -4.12183 -3.28113 4.57214 -0.302016 0.06
-0.437723 -3.9328 -3.37282 4.84997 -0.678401 0.04
-0.645789 -3.63978 -3.57618 4.82309 -0.72209 0.06
-0.793122 -3.4544 -3.79884 4.39911 -0.814566 0.04
-0.951552 -3.29405 -4.12931 3.58249 -0.985487 0.04
-1.06681 -2.53545 0.664121 13.3897 -0.887075 0.08
-0.991808 -0.906648 0.447038 7.08171 0.961125 0.16
-0.855033 -0.180963 1.36209 2.27608 0.631585 0.16
-0.487838 -0.12469 2.68863 -1.37403 0.781758 0.18
-0.0274688 -0.524569 3.85715 -4.31072 0.979401 0.14
0.837669 -1.71023 4.56923 -7.28992 0.90087 0.2
1.06933 -2.47498 -0.169427 -13.6563 0.670176 0.08
0.949243 -4.73843 -0.34178 -9.0643 -0.99094 0.18
0.894956 -5.75623 -0.609239 -3.83224 -0.526236 0.16
0.879595 -6.3788 0.436648 -4.39551 0.837183 0.16
0.888762 -6.46688 0.48007 -4.41935 0.337363 0.02
0.963705 -7.37279 0.238292 -5.15179 -0.0258635 0.2
0.97976 -8.50861 -0.176208 -7.48958 0.23755 0.18
0.967537 -8.9674 -0.202222 -7.66724 0.504548 0.06
0.946921 -9.4362 -0.436384 -7.74988 -0.347883 0.06
1.0143 -10.2915 0.158916 -2.40663 0.64163 0.2
