0.0942151 -2.1568 0.0329116 -0.0583882 0 0
0.0456013 -2.45627 -0.665065 -3.51466 -0.381267 0.16
-0.0330461 -2.86221 -0.889666 -4.41789 -0.105214 0.1
-0.0740223 -3.04956 -1.15254 -4.90415 -0.71707 0.04
-0.260802 -3.67281 -1.87653 -4.96763 -0.9524 0.12
-0.665125 -4.30484 -2.65917 -1.83693 -0.935264 0.18
-1.01048 -4.31461 -1.8941 1.92247 0.220619 0.14
-0.97955 -3.50013 0.713389 6.29451 0.169504 0.16
-0.945121 -3.23824 0.99501 6.7315 0.721911 0.04
-0.644385 -2.03061 1.87098 4.19504 0.998066 0.2
-0.304707 -1.67938 2.44235 0.277273 0.700205 0.16
0.166012 -1.889 3.41379 -2.67634 0.978048 0.16
0.823111 -2.55812 3.8878 -4.28858 0.637336 0.18
1.03508 -3.86997 -0.485648 -12.4413 0.857977 0.14
0.979652 -5.55712 -0.517343 -4.76336 -0.83523 0.2
0.942426 -6.18511 0.0529443 -3.55016 0.510308 0.16
0.998921 -6.75378 0.74453 -4.7796 0.634738 0.14
1.00076 -7.58789 -0.0482457 -5.25124 0.269322 0.2
0.89703 -8.45794 -1.52162 -7.54682 -0.920228 0.14
0.701985 -9.48231 -1.0403 -6.10765 0.669584 0.14
0.642672 -9.92272 -0.152868 -2.68972 0.71667 0.1
