0.144482 -1.99947 -0.059248 -0.0721588 0 0
0.0176984 -2.43435 -1.41623 -4.64882 -0.801136 0.18
-0.0117371 -2.53078 -1.5273 -4.9887 -0.403873 0.02
-0.308778 -3.39387 -2.58161 -6.58484 -0.858642 0.14
-0.788125 -4.21501 -2.30049 -1.62696 -0.233939 0.2
-1.01197 -3.87247 0.445379 5.09153 0.488593 0.2
-0.974218 -3.53708 0.806201 6.01843 0.436431 0.06
-0.884431 -3.0141 1.38161 6.76244 0.830402 0.08
-0.855792 -2.87948 1.47838 6.67873 0.896913 0.02
-0.534445 -1.94171 2.10834 3.29039 0.948206 0.18
-0.128239 -1.70962 3.01046 -0.321069 0.945823 0.16
0.566394 -2.13064 3.88482 -3.50807 0.793993 0.2
1.05977 -2.82403 0.755454 -11.1759 0.178523 0.14
1.0549 -3.33926 -0.546847 -13.4471 -0.51892 0.04
1.01162 -4.50273 -0.212355 -9.52178 -0.919578 0.1
0.953717 -5.55074 -0.835962 -3.59491 -0.990055 0.16
0.825433 -6.02135 -0.436262 -1.59298 0.362822 0.2
0.835324 -6.33883 0.590575 -3.10147 0.887489 0.14
0.930004 -6.79578 0.76831 -3.64801 0.179627 0.14
0.945163 -6.8695 0.747532 -3.72963 -0.0883309 0.02
0.972467 -7.01992 0.618026 -3.81446 -0.353769 0.04
1.00484 -7.70247 -0.0744737 -5.02883 0.790425 0.16
1.00041 -8.67535 -0.00340477 -6.85203 0.810673 0.16
0.973923 -9.41079 -0.432808 -7.42151 -0.263306 0.1
0.964367 -9.55879 -0.517585 -7.35551 -0.706826 0.02
0.988348 -10.2693 0.737133 -1.72914 0.560832 0.16
