0.100558 0.524858 0.0396616 0.0500414 0 0
0.0674195 0.659033 -0.684819 2.5534 -0.751052 0.1
-0.110819 1.32392 -1.42991 5.55475 -0.739283 0.16
-0.230424 1.81311 -1.53336 6.63156 -0.741761 0.08
-0.318709 2.23314 -1.4067 7.33625 -0.426944 0.06
-0.371712 2.5357 -1.25052 7.75339 -0.136825 0.04
-0.471139 4.02463 -0.282914 6.89396 0.928522 0.18
-0.488199 4.7602 0.216309 2.33098 0.857207 0.16
-0.491906 4.87107 -0.277462 -0.0266655 -0.725013 0.1
-0.54379 4.65983 -0.495003 -2.90455 -0.210274 0.14
-0.566471 4.11055 0.138381 -4.67144 0.907516 0.14
-0.512103 3.44169 0.71268 -4.36801 0.752053 0.14
-0.277549 2.96076 1.9318 -0.724376 0.700796 0.18
0.103726 3.06322 2.81138 1.78191 0.582558 0.16
0.74458 3.50606 3.53463 2.11661 0.535232 0.2
1.06021 3.31688 -0.624249 -7.75988 0.502702 0.14
1.04613 3.15987 -0.77794 -7.91536 -0.905473 0.02
1.02927 3.00121 -0.901095 -7.92294 -0.93939 0.02
0.921617 2.27554 -1.19463 -6.2316 -0.989468 0.1
0.691079 1.61404 -1.80463 -2.02636 -0.923299 0.16
0.481939 1.53811 -2.38718 0.457588 -0.866403 0.1
0.151195 1.74471 -3.10014 2.84719 -0.940974 0.12
-0.181595 2.09947 -3.54067 4.11939 -0.897112 0.1
-0.325558 2.27124 -3.65786 4.44289 -0.743972 0.04
-1.06967 3.28376 -0.134803 13.3288 -0.971558 0.2
-1.06502 3.56184 0.47736 14.1572 -0.00179057 0.02
-1.01537 4.80339 0.273658 10.2808 0.848213 0.1
-0.970788 5.88825 0.663269 5.25195 0.809193 0.14
-0.863594 6.36838 1.11745 3.04382 0.328349 0.12
-0.790331 6.75661 0.364792 4.75015 -0.89547 0.1
-0.815165 7.88112 -0.432349 7.48476 -0.997787 0.18
-0.809254 8.53379 0.611462 9.00588 0.867287 0.08
-0.782945 8.89828 0.684312 9.1448 -0.555344 0.04
-0.746145 9.27968 1.12755 9.82065 0.932974 0.04
-0.643685 10.5679 -0.0569864 2.9867 -0.219907 0.2
