-0.0488543 2.13081 -0.0331931 0.0759161 0 0
0.0511108 2.61668 1.07962 4.51116 0.517815 0.2
0.268462 3.37717 1.91491 5.68387 0.700284 0.14
0.552368 4.02185 2.13418 3.27802 0.605517 0.14
0.835993 4.28056 2.61594 1.03059 0.800969 0.12
0.93522 4.29858 2.34713 -0.114884 -0.762863 0.04
1.01854 4.03968 -0.308087 -4.59322 -0.845048 0.1
0.963103 3.59501 -1.08549 -6.47478 -0.855166 0.08
0.912987 3.32316 -1.4086 -7.05594 -0.757291 0.04
0.850278 3.03355 -1.70699 -7.33085 -0.954827 0.04
0.490969 1.95906 -2.25393 -3.9762 -0.926519 0.18
0.0524463 1.66027 -2.6872 0.492554 -0.496031 0.18
-0.227023 1.81279 -2.88787 2.48787 -0.396871 0.1
-0.829635 2.58626 -3.11937 4.73286 -0.447432 0.2
-1.02616 2.8555 -2.80036 5.62751 -0.807168 0.06
-1.0305 3.97182 0.470073 10.9798 0.727701 0.1
-1.01533 4.37715 0.303746 9.31315 0.998436 0.04
-1.01035 4.55526 0.201401 8.50963 -0.161697 0.02
-0.90375 5.54625 1.21091 1.46656 0.904767 0.2
-0.608448 5.40392 2.43657 -2.99417 0.839982 0.16
-0.558787 5.34 2.5281 -3.39395 0.618329 0.02
-0.027767 4.42936 3.22013 -6.38977 0.88779 0.18
0.670399 3.13271 4.05027 -5.07178 0.871433 0.2
1.05201 2.63178 1.05674 -10.2597 0.338362 0.1
1.05413 2.16955 -0.459873 -11.7254 -0.0260267 0.04
1.02406 1.53235 -0.429791 -9.42198 -0.993593 0.06
0.886384 0.443131 -1.46237 -2.68098 -0.998315 0.18
0.542961 0.22144 -1.94837 0.11478 -0.179225 0.2
0.0527749 0.566728 -2.92312 3.30383 -0.526199 0.2
-0.195662 0.885075 -3.26639 4.63388 -0.619081 0.08
-0.886087 2.09971 -3.46845 7.31372 -0.665998 0.2
-0.955484 2.24747 -3.47249 7.45296 -0.780081 0.02
-1.02446 2.39833 -2.81538 8.69919 -0.399559 0.02
-1.03045 3.74519 0.457587 13.2985 -0.337915 0.1
-0.992279 5.46362 0.327449 6.12212 0.932067 0.18
-0.932241 5.91293 0.918648 2.95153 0.642193 0.1
-0.780954 6.1804 1.22649 1.10959 0.152667 0.14
-0.629661 6.42686 0.653977 2.10513 -0.413088 0.16
-0.613281 6.90778 -0.380184 4.75159 -0.871289 0.14
-0.669861 7.9108 -0.134642 6.58688 -0.153323 0.18
-0.673149 8.93952 0.0502118 7.76235 -0.491675 0.14
-0.672627 9.39076 -0.0821 7.06999 -0.363189 0.06
-0.701725 9.86036 -0.665131 4.55926 -0.508296 0.08
-0.792942 10.3111 -0.611991 1.83401 0.35972 0.14
