-0.0642589 -2.49719 -0.0861847 -0.0795967 0 0
-0.179621 -2.91288 -1.05051 -3.62637 -0.441648 0.2
-0.241647 -3.21436 0.286632 -0.0759104 0.875765 0.16
-0.217375 -3.19957 0.520417 0.550588 0.408933 0.06
-0.0243778 -2.9046 1.57396 2.30129 0.711298 0.18
0.165413 -2.65763 2.20271 2.47819 0.925881 0.1
0.434363 -2.46381 2.28769 0.74552 0.321065 0.12
0.772886 -2.47565 2.55343 -0.838608 0.425916 0.14
0.8799 -2.51029 2.79772 -0.885401 0.921664 0.04
1.04923 -2.72618 0.0349921 -7.19324 0.798764 0.08
1.04521 -2.87975 -0.357541 -7.97759 0.778789 0.02
0.904049 -4.20938 -0.974078 -5.48719 -0.907526 0.18
0.692126 -4.7474 -1.78218 -1.24204 -0.983835 0.16
0.536626 -4.76733 -2.10684 0.704012 -0.586102 0.08
0.493387 -4.74872 -2.21657 1.15327 -0.805487 0.02
0.243493 -4.53271 -2.76048 3.06616 -0.890963 0.1
-0.31223 -3.79091 -3.4082 4.66241 -0.804434 0.18
-0.943643 -3.19778 -4.5776 2.21565 -0.947863 0.16
-1.03667 -3.15748 -3.83815 3.93075 -0.8133 0.02
-1.0832 -2.7587 0.327555 12.9778 0.650454 0.04
-0.985489 -0.90401 0.56121 6.84662 0.995345 0.18
-0.92407 -0.466755 1.02409 4.11035 0.73167 0.08
-0.901833 -0.391588 1.20058 3.41115 0.89395 0.02
-0.552978 -0.226097 2.64899 -1.20489 0.818421 0.18
-0.0456035 -0.657564 3.65259 -4.15042 0.735858 0.16
0.177173 -0.928575 3.76237 -4.88934 0.385807 0.06
0.568962 -1.49477 4.02037 -6.37494 0.767029 0.1
0.885839 -2.04529 3.88174 -7.37081 0.498501 0.08
1.04423 -3.47481 -0.606109 -14.663 -0.503026 0.12
1.00926 -4.71306 -0.143325 -10.1864 0.985004 0.1
1.00179 -5.68574 -0.0209317 -6.36786 0.785494 0.12
0.828095 -6.31101 -1.71996 -0.564057 -0.880449 0.2
0.791889 -6.31798 -1.90011 -0.137184 -0.994631 0.02
0.597184 -6.59918 -0.548842 -3.35496 0.916957 0.16
0.579553 -7.13227 0.200296 -5.47841 0.839192 0.12
0.565681 -7.82767 -0.467859 -6.34259 -0.376416 0.12
0.555529 -7.95714 -0.549023 -6.6071 0.0356407 0.02
0.436637 -9.28494 -0.598206 -7.19751 0.481026 0.18
0.395094 -9.80735 -0.392642 -5.63023 0.0141761 0.08
0.447776 -10.2375 0.959454 -0.0860672 0.739123 0.16
